2024-10-23 13:15:30 INFO  Keywords:106 - Navigate is called
2024-10-23 13:15:34 INFO  Keywords:132 - InputText is called
2024-10-23 13:15:34 INFO  Keywords:304 - Waiting for webElement...gateway.username
2024-10-23 13:15:34 INFO  Keywords:308 - Element found...gateway.username
2024-10-23 13:15:34 INFO  Keywords:132 - InputText is called
2024-10-23 13:15:34 INFO  Keywords:304 - Waiting for webElement...gateway.password
2024-10-23 13:15:34 INFO  Keywords:308 - Element found...gateway.password
2024-10-23 13:15:34 INFO  Keywords:143 - ClickOnLink is called
2024-10-23 13:15:34 INFO  Keywords:304 - Waiting for webElement...gateway.login
2024-10-23 13:15:34 INFO  Keywords:308 - Element found...gateway.login
2024-10-23 13:16:10 INFO  Keywords:143 - ClickOnLink is called
2024-10-23 13:16:10 INFO  Keywords:304 - Waiting for webElement...postsamldata
2024-10-23 13:16:10 INFO  Keywords:308 - Element found...postsamldata
2024-10-23 13:16:27 INFO  Keywords:143 - ClickOnLink is called
2024-10-23 13:16:27 INFO  Keywords:304 - Waiting for webElement...next
2024-10-23 13:16:53 INFO  Keywords:304 - Waiting for webElement...policyConfiguration.terms
2024-10-23 13:17:03 INFO  Keywords:132 - InputText is called
2024-10-23 13:17:03 INFO  Keywords:304 - Waiting for webElement...policyConfiguration.insuranceamount
2024-10-23 13:17:13 INFO  Keywords:304 - Waiting for webElement...policyConfiguration.LTC
2024-10-23 13:17:23 INFO  Keywords:304 - Waiting for webElement...policyConfiguration.payors
2024-10-23 13:17:33 INFO  Keywords:304 - Waiting for webElement...policyConfiguration.purposeofpolicy
2024-10-23 13:17:43 INFO  Keywords:143 - ClickOnLink is called
2024-10-23 13:17:43 INFO  Keywords:304 - Waiting for webElement...next
2024-10-23 13:19:23 INFO  Keywords:304 - Waiting for webElement...primaryinsured.anticipatedUnderwritingclass
2024-10-23 13:19:33 INFO  Keywords:304 - Waiting for webElement...primaryinsured.birthcountry
2024-10-23 13:19:43 INFO  Keywords:304 - Waiting for webElement...primaryinsured.birthstate
2024-10-23 13:19:54 INFO  Keywords:143 - ClickOnLink is called
2024-10-23 13:19:54 INFO  Keywords:304 - Waiting for webElement...next
2024-10-23 13:20:20 INFO  Keywords:143 - ClickOnLink is called
2024-10-23 13:20:20 INFO  Keywords:304 - Waiting for webElement...next
2024-10-23 13:20:46 INFO  Keywords:304 - Waiting for webElement...EntityRelationship
2024-10-23 13:20:56 INFO  Keywords:143 - ClickOnLink is called
2024-10-23 13:20:56 INFO  Keywords:304 - Waiting for webElement...next
2024-10-23 13:21:22 INFO  Keywords:304 - Waiting for webElement...financialDetails.SourceOfFundsLI
2024-10-23 13:21:32 INFO  Keywords:304 - Waiting for webElement...financialDetails.SurrenderChargeSOFLI
2024-10-23 13:21:42 INFO  Keywords:304 - Waiting for webElement...financialDetails.envisiontaking
2024-10-23 13:21:52 INFO  Keywords:304 - Waiting for webElement...financialDetails.federalfaxbracket
2024-10-23 13:22:02 INFO  Keywords:304 - Waiting for webElement...financialDetails.riskTolerance
2024-10-23 13:22:12 INFO  Keywords:304 - Waiting for webElement...financialDetails.Investmentobjectives
2024-10-23 13:22:22 INFO  Keywords:304 - Waiting for webElement...financialDetails.timehorizon
2024-10-23 13:22:32 INFO  Keywords:304 - Waiting for webElement...financialDetails.investmentexperienceFA
2024-10-23 13:22:42 INFO  Keywords:132 - InputText is called
2024-10-23 13:22:42 INFO  Keywords:304 - Waiting for webElement...financialDetails.investmentstartyear
2024-10-23 13:22:52 INFO  Keywords:132 - InputText is called
2024-10-23 13:22:52 INFO  Keywords:304 - Waiting for webElement...financialdetails.livingexpenses
2024-10-23 13:23:02 INFO  Keywords:132 - InputText is called
2024-10-23 13:23:02 INFO  Keywords:304 - Waiting for webElement...financialdetails.fixeddebtexpenses
2024-10-23 13:23:12 INFO  Keywords:132 - InputText is called
2024-10-23 13:23:12 INFO  Keywords:304 - Waiting for webElement...financialdetails.variabledebtexpenses
2024-10-23 13:23:23 INFO  Keywords:132 - InputText is called
2024-10-23 13:23:23 INFO  Keywords:304 - Waiting for webElement...financialdetails.discretionaryexpenses
2024-10-23 13:23:33 INFO  Keywords:132 - InputText is called
2024-10-23 13:23:33 INFO  Keywords:304 - Waiting for webElement...financialdetails.Annualrincome
2024-10-23 13:23:43 INFO  Keywords:132 - InputText is called
2024-10-23 13:23:43 INFO  Keywords:304 - Waiting for webElement...financialdetails.businessTrustRealstate
2024-10-23 13:23:53 INFO  Keywords:132 - InputText is called
2024-10-23 13:23:53 INFO  Keywords:304 - Waiting for webElement...financialdetails.liquidnetworth
2024-10-23 13:24:03 INFO  Keywords:132 - InputText is called
2024-10-23 13:24:03 INFO  Keywords:304 - Waiting for webElement...financialdetails.policypremium
2024-10-23 13:24:13 INFO  Keywords:132 - InputText is called
2024-10-23 13:24:13 INFO  Keywords:304 - Waiting for webElement...financialdetails.InvestibleAssets
2024-10-23 13:24:23 INFO  Keywords:132 - InputText is called
2024-10-23 13:24:23 INFO  Keywords:304 - Waiting for webElement...financialdetails.totalpremium
2024-10-23 13:24:33 INFO  Keywords:304 - Waiting for webElement...financialdetails.anticipatedchanges
2024-10-23 13:24:43 INFO  Keywords:304 - Waiting for webElement...financialdetails.nonguaranteedelement
2024-10-23 13:24:53 INFO  Keywords:304 - Waiting for webElement...financialdetails.reversemortgage
2024-10-23 13:25:03 INFO  Keywords:143 - ClickOnLink is called
2024-10-23 13:25:03 INFO  Keywords:304 - Waiting for webElement...next
2024-10-23 13:25:13 INFO  Keywords:304 - Waiting for webElement...jointOwnerInsured
2024-10-23 13:25:23 INFO  Keywords:304 - Waiting for webElement...jointOwnerJointInsured
2024-10-23 13:25:33 INFO  Keywords:143 - ClickOnLink is called
2024-10-23 13:25:33 INFO  Keywords:304 - Waiting for webElement...next
2024-10-23 13:25:59 INFO  Keywords:304 - Waiting for webElement...payment.modal
2024-10-23 13:26:25 INFO  Keywords:304 - Waiting for webElement...payment.method
2024-10-23 13:26:35 INFO  Keywords:132 - InputText is called
2024-10-23 13:26:35 INFO  Keywords:304 - Waiting for webElement...payment.premium
2024-10-23 13:26:46 INFO  Keywords:143 - ClickOnLink is called
2024-10-23 13:26:46 INFO  Keywords:304 - Waiting for webElement...next
2024-10-23 13:27:12 INFO  Keywords:304 - Waiting for webElement...existinginsurance.borrowingfunds
2024-10-23 13:27:22 INFO  Keywords:304 - Waiting for webElement...existinginsurance.terminatingexistinglifepolicy
2024-10-23 13:27:32 INFO  Keywords:304 - Waiting for webElement...existinginsurance.longtermcoverage
2024-10-23 13:27:42 INFO  Keywords:304 - Waiting for webElement...existanceterminating.InsuranceCompanyName
2024-10-23 13:27:52 INFO  Keywords:132 - InputText is called
2024-10-23 13:27:52 INFO  Keywords:304 - Waiting for webElement...existanceterminating.ProductName
2024-10-23 13:28:02 INFO  Keywords:132 - InputText is called
2024-10-23 13:28:02 INFO  Keywords:304 - Waiting for webElement...existanceterminating.Insured
2024-10-23 13:28:12 INFO  Keywords:132 - InputText is called
2024-10-23 13:28:12 INFO  Keywords:304 - Waiting for webElement...existanceterminating.Owner
2024-10-23 13:28:22 INFO  Keywords:132 - InputText is called
2024-10-23 13:28:22 INFO  Keywords:304 - Waiting for webElement...existanceterminating.DateIssued
2024-10-23 13:28:32 INFO  Keywords:132 - InputText is called
2024-10-23 13:28:32 INFO  Keywords:304 - Waiting for webElement...existanceterminating.AmountOfInsurance
2024-10-23 13:28:42 INFO  Keywords:304 - Waiting for webElement...existanceterminating.ExistingInsuranceType
2024-10-23 13:28:52 INFO  Keywords:304 - Waiting for webElement...existanceterminating.ProductType
2024-10-23 13:29:02 INFO  Keywords:304 - Waiting for webElement...existanceterminating.LifeProductType
2024-10-23 13:29:12 INFO  Keywords:132 - InputText is called
2024-10-23 13:29:12 INFO  Keywords:304 - Waiting for webElement...existanceterminating.PolicyNo
2024-10-23 13:29:22 INFO  Keywords:304 - Waiting for webElement...existanceterminating.PurposeOfPolicy
2024-10-23 13:29:32 INFO  Keywords:304 - Waiting for webElement...existanceterminating.FundsNewPolicy
2024-10-23 13:29:42 INFO  Keywords:304 - Waiting for webElement...existanceterminating.ReplacingNewPolicy
2024-10-23 13:29:53 INFO  Keywords:304 - Waiting for webElement...existance.suvivorship
2024-10-23 13:30:03 INFO  Keywords:304 - Waiting for webElement...existnace.soldSettled
2024-10-23 13:30:13 INFO  Keywords:304 - Waiting for webElement...existanceterminating.ReplacementThType
2024-10-23 13:30:23 INFO  Keywords:304 - Waiting for webElement...existanceterminating.1035ThExchange
2024-10-23 13:30:33 INFO  Keywords:132 - InputText is called
2024-10-23 13:30:33 INFO  Keywords:304 - Waiting for webElement...existanceterminating.ReasonReplacement
2024-10-23 13:30:43 INFO  Keywords:132 - InputText is called
2024-10-23 13:30:43 INFO  Keywords:304 - Waiting for webElement...existanceterminating.NoOfPolicy
2024-10-23 13:30:53 INFO  Keywords:132 - InputText is called
2024-10-23 13:30:53 INFO  Keywords:304 - Waiting for webElement...existanceterminating.PremiumPayment
2024-10-23 13:31:03 INFO  Keywords:132 - InputText is called
2024-10-23 13:31:03 INFO  Keywords:304 - Waiting for webElement...existanceterminating.FrequencyPremium
2024-10-23 13:31:13 INFO  Keywords:132 - InputText is called
2024-10-23 13:31:13 INFO  Keywords:304 - Waiting for webElement...existanceterminating.AmountBeingExchanged
2024-10-23 13:31:23 INFO  Keywords:132 - InputText is called
2024-10-23 13:31:23 INFO  Keywords:304 - Waiting for webElement...existanceterminating.SurrenderCharge
2024-10-23 13:31:33 INFO  Keywords:132 - InputText is called
2024-10-23 13:31:33 INFO  Keywords:304 - Waiting for webElement...existanceterminating.DeathBenefit
2024-10-23 13:31:43 INFO  Keywords:132 - InputText is called
2024-10-23 13:31:43 INFO  Keywords:304 - Waiting for webElement...existanceterminating.SpecialFeatures
2024-10-23 13:31:53 INFO  Keywords:143 - ClickOnLink is called
2024-10-23 13:31:53 INFO  Keywords:304 - Waiting for webElement...existanceterminating1.AddInstance
2024-10-23 13:32:03 INFO  Keywords:304 - Waiting for webElement...existanceterminating1.InsuranceCompanyName
2024-10-23 13:32:13 INFO  Keywords:132 - InputText is called
2024-10-23 13:32:13 INFO  Keywords:304 - Waiting for webElement...existanceterminating1.ProductName
2024-10-23 13:32:23 INFO  Keywords:132 - InputText is called
2024-10-23 13:32:23 INFO  Keywords:304 - Waiting for webElement...existanceterminating1.Insured
2024-10-23 13:32:33 INFO  Keywords:132 - InputText is called
2024-10-23 13:32:33 INFO  Keywords:304 - Waiting for webElement...existanceterminating1.Owner
2024-10-23 13:32:44 INFO  Keywords:132 - InputText is called
2024-10-23 13:32:44 INFO  Keywords:304 - Waiting for webElement...existanceterminating1.DateIssued
2024-10-23 13:32:54 INFO  Keywords:132 - InputText is called
2024-10-23 13:32:54 INFO  Keywords:304 - Waiting for webElement...existanceterminating1.AmountOfInsurance
2024-10-23 13:33:04 INFO  Keywords:304 - Waiting for webElement...existanceterminating1.ExistingInsuranceType
2024-10-23 13:33:14 INFO  Keywords:304 - Waiting for webElement...existanceterminating1.ProductType
2024-10-23 13:33:24 INFO  Keywords:304 - Waiting for webElement...existanceterminating1.LifeProductType
2024-10-23 13:33:34 INFO  Keywords:132 - InputText is called
2024-10-23 13:33:34 INFO  Keywords:304 - Waiting for webElement...existanceterminating1.PolicyNo
2024-10-23 13:33:44 INFO  Keywords:304 - Waiting for webElement...existanceterminating1.PurposeOfPolicy
2024-10-23 13:33:54 INFO  Keywords:304 - Waiting for webElement...existanceterminating1.FundsNewPolicy
2024-10-23 13:34:04 INFO  Keywords:304 - Waiting for webElement...existanceterminating1.ReplacingNewPolicy
2024-10-23 13:34:14 INFO  Keywords:304 - Waiting for webElement...existance.suvivorship1
2024-10-23 13:34:24 INFO  Keywords:304 - Waiting for webElement...existnace.soldSettled1
2024-10-23 13:34:34 INFO  Keywords:304 - Waiting for webElement...existanceterminating1.ReplacementThType
2024-10-23 13:34:44 INFO  Keywords:304 - Waiting for webElement...existanceterminating1.1035ThExchange
2024-10-23 13:34:54 INFO  Keywords:132 - InputText is called
2024-10-23 13:34:54 INFO  Keywords:304 - Waiting for webElement...existanceterminating1.ReasonReplacement
2024-10-23 13:35:04 INFO  Keywords:132 - InputText is called
2024-10-23 13:35:04 INFO  Keywords:304 - Waiting for webElement...existanceterminating1.NoOfPolicy
2024-10-23 13:35:14 INFO  Keywords:132 - InputText is called
2024-10-23 13:35:14 INFO  Keywords:304 - Waiting for webElement...existanceterminating1.PremiumPayment
2024-10-23 13:35:24 INFO  Keywords:132 - InputText is called
2024-10-23 13:35:24 INFO  Keywords:304 - Waiting for webElement...existanceterminating1.FrequencyPremium
2024-10-23 13:35:35 INFO  Keywords:132 - InputText is called
2024-10-23 13:35:35 INFO  Keywords:304 - Waiting for webElement...existanceterminating1.AmountBeingExchanged
2024-10-23 13:35:45 INFO  Keywords:132 - InputText is called
2024-10-23 13:35:45 INFO  Keywords:304 - Waiting for webElement...existanceterminating1.SurrenderCharge
2024-10-23 13:35:55 INFO  Keywords:132 - InputText is called
2024-10-23 13:35:55 INFO  Keywords:304 - Waiting for webElement...existanceterminating1.DeathBenefit
2024-10-23 13:36:05 INFO  Keywords:132 - InputText is called
2024-10-23 13:36:05 INFO  Keywords:304 - Waiting for webElement...existanceterminating1.SpecialFeatures
2024-10-23 13:36:15 INFO  Keywords:304 - Waiting for webElement...existinginsurance.longtermpolicyYes
2024-10-23 13:36:25 INFO  Keywords:132 - InputText is called
2024-10-23 13:36:25 INFO  Keywords:304 - Waiting for webElement...existinglongtermpolicy.InsuranceName
2024-10-23 13:36:35 INFO  Keywords:132 - InputText is called
2024-10-23 13:36:35 INFO  Keywords:304 - Waiting for webElement...existinglongtermpolicy.policyCertificateNumber
2024-10-23 13:36:45 INFO  Keywords:132 - InputText is called
2024-10-23 13:36:45 INFO  Keywords:304 - Waiting for webElement...existinglongtermpolicy.ProductName
2024-10-23 13:36:55 INFO  Keywords:304 - Waiting for webElement...existinglongtermpolicy.ProductType
2024-10-23 13:37:05 INFO  Keywords:132 - InputText is called
2024-10-23 13:37:05 INFO  Keywords:304 - Waiting for webElement...existinglongtermpolicy.Insured
2024-10-23 13:37:15 INFO  Keywords:132 - InputText is called
2024-10-23 13:37:15 INFO  Keywords:304 - Waiting for webElement...existinglongtermpolicy.Owner
2024-10-23 13:37:25 INFO  Keywords:132 - InputText is called
2024-10-23 13:37:25 INFO  Keywords:304 - Waiting for webElement...existinglongtermpolicy.DailyBenefit
2024-10-23 13:37:35 INFO  Keywords:132 - InputText is called
2024-10-23 13:37:35 INFO  Keywords:304 - Waiting for webElement...existinglongtermpolicy.AmountOfInsurance
2024-10-23 13:37:45 INFO  Keywords:132 - InputText is called
2024-10-23 13:37:45 INFO  Keywords:304 - Waiting for webElement...existinglongtermpolicy.benefitAmount
2024-10-23 13:37:55 INFO  Keywords:132 - InputText is called
2024-10-23 13:37:55 INFO  Keywords:304 - Waiting for webElement...existinglongtermpolicy.benefitPeriod
2024-10-23 13:38:05 INFO  Keywords:143 - ClickOnLink is called
2024-10-23 13:38:05 INFO  Keywords:304 - Waiting for webElement...existinglongtermpolicy1.AddInstance
2024-10-23 13:38:15 INFO  Keywords:132 - InputText is called
2024-10-23 13:38:15 INFO  Keywords:304 - Waiting for webElement...existinglongtermpolicy1.InsuranceName
2024-10-23 13:38:25 INFO  Keywords:132 - InputText is called
2024-10-23 13:38:25 INFO  Keywords:304 - Waiting for webElement...existinglongtermpolicy1.policyCertificateNumber
2024-10-23 13:38:36 INFO  Keywords:132 - InputText is called
2024-10-23 13:38:36 INFO  Keywords:304 - Waiting for webElement...existinglongtermpolicy1.ProductName
2024-10-23 13:38:46 INFO  Keywords:304 - Waiting for webElement...existinglongtermpolicy1.ProductType
2024-10-23 13:38:56 INFO  Keywords:132 - InputText is called
2024-10-23 13:38:56 INFO  Keywords:304 - Waiting for webElement...existinglongtermpolicy1.Insured
2024-10-23 13:39:06 INFO  Keywords:132 - InputText is called
2024-10-23 13:39:06 INFO  Keywords:304 - Waiting for webElement...existinglongtermpolicy1.Owner
2024-10-23 13:39:16 INFO  Keywords:132 - InputText is called
2024-10-23 13:39:16 INFO  Keywords:304 - Waiting for webElement...existinglongtermpolicy1.DailyBenefit
2024-10-23 13:39:26 INFO  Keywords:132 - InputText is called
2024-10-23 13:39:26 INFO  Keywords:304 - Waiting for webElement...existinglongtermpolicy1.AmountOfInsurance
2024-10-23 13:39:36 INFO  Keywords:132 - InputText is called
2024-10-23 13:39:36 INFO  Keywords:304 - Waiting for webElement...existinglongtermpolicy1.benefitAmount
2024-10-23 13:39:46 INFO  Keywords:132 - InputText is called
2024-10-23 13:39:46 INFO  Keywords:304 - Waiting for webElement...existinglongtermpolicy1.benefitPeriod
2024-10-23 13:39:56 INFO  Keywords:304 - Waiting for webElement...existinginsurance.longterminsuranceYes
2024-10-23 13:40:06 INFO  Keywords:132 - InputText is called
2024-10-23 13:40:06 INFO  Keywords:304 - Waiting for webElement...existinglongterminsurance.InsuranceCompany
2024-10-23 13:40:16 INFO  Keywords:132 - InputText is called
2024-10-23 13:40:16 INFO  Keywords:304 - Waiting for webElement...existinglongterminsurance.Certificate
2024-10-23 13:40:26 INFO  Keywords:132 - InputText is called
2024-10-23 13:40:26 INFO  Keywords:304 - Waiting for webElement...existinglongterminsurance.LTCBenefit
2024-10-23 13:40:36 INFO  Keywords:132 - InputText is called
2024-10-23 13:40:36 INFO  Keywords:304 - Waiting for webElement...existinglongterminsurance.IssueDate
2024-10-23 13:40:46 INFO  Keywords:304 - Waiting for webElement...existinglongterminsurance.LapseDate
2024-10-23 13:40:56 INFO  Keywords:143 - ClickOnLink is called
2024-10-23 13:40:56 INFO  Keywords:304 - Waiting for webElement...existinglongterminsurance1.AddInstance
2024-10-23 13:41:06 INFO  Keywords:132 - InputText is called
2024-10-23 13:41:06 INFO  Keywords:304 - Waiting for webElement...existinglongterminsurance1.InsuranceCompany
2024-10-23 13:41:16 INFO  Keywords:132 - InputText is called
2024-10-23 13:41:16 INFO  Keywords:304 - Waiting for webElement...existinglongterminsurance1.Certificate
2024-10-23 13:41:27 INFO  Keywords:132 - InputText is called
2024-10-23 13:41:27 INFO  Keywords:304 - Waiting for webElement...existinglongterminsurance1.LTCBenefit
2024-10-23 13:41:37 INFO  Keywords:132 - InputText is called
2024-10-23 13:41:37 INFO  Keywords:304 - Waiting for webElement...existinglongterminsurance1.IssueDate
2024-10-23 13:41:47 INFO  Keywords:304 - Waiting for webElement...existinglongterminsurance1.LapseDate
2024-10-23 13:41:57 INFO  Keywords:143 - ClickOnLink is called
2024-10-23 13:41:57 INFO  Keywords:304 - Waiting for webElement...next
2024-10-23 13:42:23 INFO  Keywords:143 - ClickOnLink is called
2024-10-23 13:42:23 INFO  Keywords:304 - Waiting for webElement...next
2024-10-23 13:42:49 INFO  Keywords:132 - InputText is called
2024-10-23 13:42:49 INFO  Keywords:304 - Waiting for webElement...additionalclientquestion.q1
2024-10-23 13:42:59 INFO  Keywords:132 - InputText is called
2024-10-23 13:42:59 INFO  Keywords:304 - Waiting for webElement...additionalclientquestion.q2
2024-10-23 13:43:09 INFO  Keywords:132 - InputText is called
2024-10-23 13:43:09 INFO  Keywords:304 - Waiting for webElement...additionalclientquestion.q3
2024-10-23 13:43:19 INFO  Keywords:132 - InputText is called
2024-10-23 13:43:19 INFO  Keywords:304 - Waiting for webElement...additionalclientquestion.q4
2024-10-23 13:43:29 INFO  Keywords:132 - InputText is called
2024-10-23 13:43:29 INFO  Keywords:304 - Waiting for webElement...additionalclientquestion.q5
2024-10-23 13:43:39 INFO  Keywords:518 - GetText is called
2024-10-23 13:43:39 INFO  Keywords:304 - Waiting for webElement...ebixTxnID
