2024-08-07 11:29:34 INFO  Keywords:104 - Navigate is called
2024-08-07 11:29:36 INFO  Keywords:130 - InputText is called
2024-08-07 11:29:36 INFO  Keywords:301 - Waiting for webElement...gateway.username
2024-08-07 11:29:36 INFO  Keywords:305 - Element found...gateway.username
2024-08-07 11:29:37 INFO  Keywords:130 - InputText is called
2024-08-07 11:29:37 INFO  Keywords:301 - Waiting for webElement...gateway.password
2024-08-07 11:29:37 INFO  Keywords:305 - Element found...gateway.password
2024-08-07 11:29:37 INFO  Keywords:141 - ClickOnLink is called
2024-08-07 11:29:37 INFO  Keywords:301 - Waiting for webElement...gateway.login
2024-08-07 11:29:37 INFO  Keywords:305 - Element found...gateway.login
2024-08-07 11:30:13 INFO  Keywords:141 - ClickOnLink is called
2024-08-07 11:30:13 INFO  Keywords:301 - Waiting for webElement...postsamldata
2024-08-07 11:30:13 INFO  Keywords:305 - Element found...postsamldata
2024-08-07 11:30:29 INFO  Keywords:141 - ClickOnLink is called
2024-08-07 11:30:29 INFO  Keywords:301 - Waiting for webElement...next
2024-08-07 11:30:55 INFO  Keywords:301 - Waiting for webElement...policyConfiguration.DeathBenefit
2024-08-07 11:31:05 INFO  Keywords:301 - Waiting for webElement...policyConfiguration.LTCOption
2024-08-07 11:31:16 INFO  Keywords:301 - Waiting for webElement...policyConfiguration.MonthPercentage
2024-08-07 11:31:26 INFO  Keywords:130 - InputText is called
2024-08-07 11:31:26 INFO  Keywords:301 - Waiting for webElement...policyConfiguration.ABPercentage
2024-08-07 11:31:36 INFO  Keywords:301 - Waiting for webElement...policyConfiguration.payors
2024-08-07 11:31:46 INFO  Keywords:301 - Waiting for webElement...policyConfiguration.purposeofpolicy
2024-08-07 11:31:56 INFO  Keywords:141 - ClickOnLink is called
2024-08-07 11:31:56 INFO  Keywords:301 - Waiting for webElement...next
2024-08-07 11:31:56 INFO  Keywords:305 - Element found...next
2024-08-07 11:33:31 INFO  Keywords:301 - Waiting for webElement...primaryinsured.birthcountry
2024-08-07 11:33:41 INFO  Keywords:301 - Waiting for webElement...primaryinsured.birthstate
2024-08-07 11:33:51 INFO  Keywords:130 - InputText is called
2024-08-07 11:33:51 INFO  Keywords:301 - Waiting for webElement...primaryinsured.birthcity
2024-08-07 11:34:01 INFO  Keywords:141 - ClickOnLink is called
2024-08-07 11:34:01 INFO  Keywords:301 - Waiting for webElement...next
2024-08-07 11:34:01 INFO  Keywords:305 - Element found...next
2024-08-07 11:34:18 INFO  Keywords:141 - ClickOnLink is called
2024-08-07 11:34:18 INFO  Keywords:301 - Waiting for webElement...next
2024-08-07 11:34:18 INFO  Keywords:305 - Element found...next
2024-08-07 11:34:34 INFO  Keywords:301 - Waiting for webElement...financialDetails.SourceOfFundsLI
2024-08-07 11:34:44 INFO  Keywords:301 - Waiting for webElement...financialDetails.SurrenderChargeSOFLI
2024-08-07 11:34:54 INFO  Keywords:301 - Waiting for webElement...financialDetails.envisiontaking
2024-08-07 11:35:04 INFO  Keywords:301 - Waiting for webElement...financialDetails.federalfaxbracket
2024-08-07 11:35:14 INFO  Keywords:301 - Waiting for webElement...financialDetails.riskTolerance
2024-08-07 11:35:24 INFO  Keywords:301 - Waiting for webElement...financialDetails.Investmentobjectives
2024-08-07 11:35:34 INFO  Keywords:301 - Waiting for webElement...financialDetails.timehorizon
2024-08-07 11:35:44 INFO  Keywords:301 - Waiting for webElement...financialDetails.investmentexperienceFA
