2024-05-24 10:18:34 INFO  Keywords:98 - Navigate is called
2024-05-24 10:18:37 INFO  Keywords:124 - InputText is called
2024-05-24 10:18:37 INFO  Keywords:282 - Waiting for webElement...gateway.username
2024-05-24 10:18:38 INFO  Keywords:285 - Element found...gateway.username
2024-05-24 10:18:38 INFO  Keywords:124 - InputText is called
2024-05-24 10:18:38 INFO  Keywords:282 - Waiting for webElement...gateway.password
2024-05-24 10:18:38 INFO  Keywords:285 - Element found...gateway.password
2024-05-24 10:18:38 INFO  Keywords:135 - ClickOnLink is called
2024-05-24 10:18:38 INFO  Keywords:282 - Waiting for webElement...gateway.login
2024-05-24 10:18:38 INFO  Keywords:285 - Element found...gateway.login
2024-05-24 10:19:17 INFO  Keywords:135 - ClickOnLink is called
2024-05-24 10:19:17 INFO  Keywords:282 - Waiting for webElement...postsamldata
2024-05-24 10:19:17 INFO  Keywords:285 - Element found...postsamldata
2024-05-24 10:19:33 INFO  Keywords:135 - ClickOnLink is called
2024-05-24 10:19:33 INFO  Keywords:282 - Waiting for webElement...next
2024-05-24 10:19:34 INFO  Keywords:285 - Element found...next
2024-05-24 10:19:56 INFO  Keywords:124 - InputText is called
2024-05-24 10:19:56 INFO  Keywords:282 - Waiting for webElement...policyConfiguration.insuranceamount
2024-05-24 10:19:56 INFO  Keywords:285 - Element found...policyConfiguration.insuranceamount
2024-05-24 10:19:56 INFO  Keywords:282 - Waiting for webElement...policyConfiguration.LTC
2024-05-24 10:19:56 INFO  Keywords:285 - Element found...policyConfiguration.LTC
2024-05-24 10:19:56 INFO  Keywords:282 - Waiting for webElement...policyConfiguration.Benefit
2024-05-24 10:19:56 INFO  Keywords:285 - Element found...policyConfiguration.Benefit
2024-05-24 10:19:56 INFO  Keywords:282 - Waiting for webElement...policyConfiguration.payors
2024-05-24 10:19:56 INFO  Keywords:285 - Element found...policyConfiguration.payors
2024-05-24 10:19:57 INFO  Keywords:282 - Waiting for webElement...policyConfiguration.purposeofpolicy
2024-05-24 10:19:57 INFO  Keywords:285 - Element found...policyConfiguration.purposeofpolicy
2024-05-24 10:19:57 INFO  Keywords:135 - ClickOnLink is called
2024-05-24 10:19:57 INFO  Keywords:282 - Waiting for webElement...next
2024-05-24 10:19:57 INFO  Keywords:285 - Element found...next
2024-05-24 10:21:32 INFO  Keywords:282 - Waiting for webElement...primaryinsured.birthcountry
2024-05-24 10:21:32 INFO  Keywords:285 - Element found...primaryinsured.birthcountry
2024-05-24 10:21:33 INFO  Keywords:282 - Waiting for webElement...primaryinsured.birthstate
2024-05-24 10:21:33 INFO  Keywords:285 - Element found...primaryinsured.birthstate
2024-05-24 10:21:33 INFO  Keywords:124 - InputText is called
2024-05-24 10:21:33 INFO  Keywords:282 - Waiting for webElement...primaryinsured.birthcity
2024-05-24 10:21:43 INFO  Keywords:135 - ClickOnLink is called
2024-05-24 10:21:43 INFO  Keywords:282 - Waiting for webElement...next
2024-05-24 10:21:43 INFO  Keywords:285 - Element found...next
2024-05-24 10:22:08 INFO  Keywords:135 - ClickOnLink is called
2024-05-24 10:22:08 INFO  Keywords:282 - Waiting for webElement...next
2024-05-24 10:22:08 INFO  Keywords:285 - Element found...next
2024-05-24 10:22:32 INFO  Keywords:282 - Waiting for webElement...jointInsured.birthCountry
2024-05-24 10:22:32 INFO  Keywords:285 - Element found...jointInsured.birthCountry
2024-05-24 10:22:32 INFO  Keywords:282 - Waiting for webElement...jointInsured.birthState
2024-05-24 10:22:32 INFO  Keywords:285 - Element found...jointInsured.birthState
2024-05-24 10:22:32 INFO  Keywords:124 - InputText is called
2024-05-24 10:22:32 INFO  Keywords:282 - Waiting for webElement...jointInsured.birthCity
2024-05-24 10:22:43 INFO  Keywords:135 - ClickOnLink is called
2024-05-24 10:22:43 INFO  Keywords:282 - Waiting for webElement...next
2024-05-24 10:22:43 INFO  Keywords:285 - Element found...next
2024-05-24 10:23:06 INFO  Keywords:282 - Waiting for webElement...naturalOwner.relationwithInsured
2024-05-24 10:23:06 INFO  Keywords:285 - Element found...naturalOwner.relationwithInsured
2024-05-24 10:23:06 INFO  Keywords:282 - Waiting for webElement...naturalOwner.relationwithJointInsured
2024-05-24 10:23:06 INFO  Keywords:285 - Element found...naturalOwner.relationwithJointInsured
2024-05-24 10:23:06 INFO  Keywords:135 - ClickOnLink is called
2024-05-24 10:23:06 INFO  Keywords:282 - Waiting for webElement...next
2024-05-24 10:23:06 INFO  Keywords:285 - Element found...next
2024-05-24 10:23:30 INFO  Keywords:282 - Waiting for webElement...financialDetails.SourceOfFundsLI
2024-05-24 10:23:30 INFO  Keywords:285 - Element found...financialDetails.SourceOfFundsLI
2024-05-24 10:23:30 INFO  Keywords:282 - Waiting for webElement...financialDetails.SurrenderChargeSOFLI
2024-05-24 10:23:31 INFO  Keywords:285 - Element found...financialDetails.SurrenderChargeSOFLI
2024-05-24 10:23:31 INFO  Keywords:282 - Waiting for webElement...financialDetails.envisiontaking
2024-05-24 10:23:31 INFO  Keywords:285 - Element found...financialDetails.envisiontaking
2024-05-24 10:23:31 INFO  Keywords:282 - Waiting for webElement...financialDetails.federalfaxbracket
2024-05-24 10:23:31 INFO  Keywords:285 - Element found...financialDetails.federalfaxbracket
2024-05-24 10:23:31 INFO  Keywords:282 - Waiting for webElement...financialDetails.riskTolerance
2024-05-24 10:23:31 INFO  Keywords:285 - Element found...financialDetails.riskTolerance
2024-05-24 10:23:32 INFO  Keywords:282 - Waiting for webElement...financialDetails.Investmentobjectives
2024-05-24 10:23:32 INFO  Keywords:285 - Element found...financialDetails.Investmentobjectives
2024-05-24 10:23:32 INFO  Keywords:282 - Waiting for webElement...financialDetails.timehorizon
2024-05-24 10:23:32 INFO  Keywords:285 - Element found...financialDetails.timehorizon
2024-05-24 10:23:32 INFO  Keywords:282 - Waiting for webElement...financialDetails.investmentexperienceFA
2024-05-24 10:23:32 INFO  Keywords:285 - Element found...financialDetails.investmentexperienceFA
2024-05-24 10:23:33 INFO  Keywords:124 - InputText is called
2024-05-24 10:23:33 INFO  Keywords:282 - Waiting for webElement...financialDetails.investmentstartyear
2024-05-24 10:23:33 INFO  Keywords:285 - Element found...financialDetails.investmentstartyear
2024-05-24 10:23:33 INFO  Keywords:124 - InputText is called
2024-05-24 10:23:33 INFO  Keywords:282 - Waiting for webElement...financialdetails.wages
2024-05-24 10:23:33 INFO  Keywords:285 - Element found...financialdetails.wages
2024-05-24 10:23:33 INFO  Keywords:124 - InputText is called
2024-05-24 10:23:33 INFO  Keywords:282 - Waiting for webElement...financialdetails.livingexpenses
2024-05-24 10:23:33 INFO  Keywords:285 - Element found...financialdetails.livingexpenses
2024-05-24 10:23:33 INFO  Keywords:124 - InputText is called
2024-05-24 10:23:33 INFO  Keywords:282 - Waiting for webElement...financialdetails.personalinvestment
2024-05-24 10:23:33 INFO  Keywords:285 - Element found...financialdetails.personalinvestment
2024-05-24 10:23:33 INFO  Keywords:124 - InputText is called
2024-05-24 10:23:33 INFO  Keywords:282 - Waiting for webElement...financialdetails.fixeddebtexpenses
2024-05-24 10:23:33 INFO  Keywords:285 - Element found...financialdetails.fixeddebtexpenses
2024-05-24 10:23:33 INFO  Keywords:124 - InputText is called
2024-05-24 10:23:33 INFO  Keywords:282 - Waiting for webElement...financialdetails.rentalincome
2024-05-24 10:23:33 INFO  Keywords:285 - Element found...financialdetails.rentalincome
2024-05-24 10:23:33 INFO  Keywords:124 - InputText is called
2024-05-24 10:23:33 INFO  Keywords:282 - Waiting for webElement...financialdetails.variabledebtexpenses
2024-05-24 10:23:33 INFO  Keywords:285 - Element found...financialdetails.variabledebtexpenses
2024-05-24 10:23:33 INFO  Keywords:124 - InputText is called
2024-05-24 10:23:33 INFO  Keywords:282 - Waiting for webElement...financialdetails.incomepension
2024-05-24 10:23:33 INFO  Keywords:285 - Element found...financialdetails.incomepension
2024-05-24 10:23:33 INFO  Keywords:124 - InputText is called
2024-05-24 10:23:33 INFO  Keywords:282 - Waiting for webElement...financialdetails.discretionaryexpenses
2024-05-24 10:23:33 INFO  Keywords:285 - Element found...financialdetails.discretionaryexpenses
2024-05-24 10:23:33 INFO  Keywords:124 - InputText is called
2024-05-24 10:23:33 INFO  Keywords:282 - Waiting for webElement...financialdetails.socialsecurityincome
2024-05-24 10:23:33 INFO  Keywords:285 - Element found...financialdetails.socialsecurityincome
2024-05-24 10:23:34 INFO  Keywords:124 - InputText is called
2024-05-24 10:23:34 INFO  Keywords:282 - Waiting for webElement...financialdetails.otherincome
2024-05-24 10:23:34 INFO  Keywords:285 - Element found...financialdetails.otherincome
2024-05-24 10:23:34 INFO  Keywords:124 - InputText is called
2024-05-24 10:23:34 INFO  Keywords:282 - Waiting for webElement...financialdetails.bonds
2024-05-24 10:23:34 INFO  Keywords:285 - Element found...financialdetails.bonds
2024-05-24 10:23:34 INFO  Keywords:124 - InputText is called
2024-05-24 10:23:34 INFO  Keywords:282 - Waiting for webElement...financialdetails.businessTrustRealstate
2024-05-24 10:23:34 INFO  Keywords:285 - Element found...financialdetails.businessTrustRealstate
2024-05-24 10:23:34 INFO  Keywords:124 - InputText is called
2024-05-24 10:23:34 INFO  Keywords:282 - Waiting for webElement...financialdetails.retirementplan
2024-05-24 10:23:34 INFO  Keywords:285 - Element found...financialdetails.retirementplan
2024-05-24 10:23:34 INFO  Keywords:124 - InputText is called
2024-05-24 10:23:34 INFO  Keywords:282 - Waiting for webElement...financialdetails.equities
2024-05-24 10:23:34 INFO  Keywords:285 - Element found...financialdetails.equities
2024-05-24 10:23:34 INFO  Keywords:124 - InputText is called
2024-05-24 10:23:34 INFO  Keywords:282 - Waiting for webElement...financialdetails.facevalueilfeinsurance
2024-05-24 10:23:34 INFO  Keywords:285 - Element found...financialdetails.facevalueilfeinsurance
2024-05-24 10:23:34 INFO  Keywords:124 - InputText is called
2024-05-24 10:23:34 INFO  Keywords:282 - Waiting for webElement...financialdetails.fixedannuity
2024-05-24 10:23:34 INFO  Keywords:285 - Element found...financialdetails.fixedannuity
2024-05-24 10:23:34 INFO  Keywords:124 - InputText is called
2024-05-24 10:23:34 INFO  Keywords:282 - Waiting for webElement...financialdetails.indexannuity
2024-05-24 10:23:34 INFO  Keywords:285 - Element found...financialdetails.indexannuity
2024-05-24 10:23:34 INFO  Keywords:124 - InputText is called
2024-05-24 10:23:34 INFO  Keywords:282 - Waiting for webElement...financialdetails.liquidnetworth
2024-05-24 10:23:34 INFO  Keywords:285 - Element found...financialdetails.liquidnetworth
2024-05-24 10:23:34 INFO  Keywords:124 - InputText is called
2024-05-24 10:23:34 INFO  Keywords:282 - Waiting for webElement...financialdetails.mutualfund
2024-05-24 10:23:34 INFO  Keywords:285 - Element found...financialdetails.mutualfund
2024-05-24 10:23:34 INFO  Keywords:124 - InputText is called
2024-05-24 10:23:34 INFO  Keywords:282 - Waiting for webElement...financialdetails.otherbrokerage
2024-05-24 10:23:34 INFO  Keywords:285 - Element found...financialdetails.otherbrokerage
2024-05-24 10:23:34 INFO  Keywords:124 - InputText is called
2024-05-24 10:23:34 INFO  Keywords:282 - Waiting for webElement...financialdetails.policypremium
2024-05-24 10:23:34 INFO  Keywords:285 - Element found...financialdetails.policypremium
2024-05-24 10:23:34 INFO  Keywords:124 - InputText is called
2024-05-24 10:23:34 INFO  Keywords:282 - Waiting for webElement...financialdetails.variableannuity
2024-05-24 10:23:34 INFO  Keywords:285 - Element found...financialdetails.variableannuity
2024-05-24 10:23:35 INFO  Keywords:124 - InputText is called
2024-05-24 10:23:35 INFO  Keywords:282 - Waiting for webElement...financialdetails.totalpremium
2024-05-24 10:23:35 INFO  Keywords:285 - Element found...financialdetails.totalpremium
2024-05-24 10:23:35 INFO  Keywords:282 - Waiting for webElement...financialdetails.anticipatedchanges
2024-05-24 10:23:35 INFO  Keywords:285 - Element found...financialdetails.anticipatedchanges
2024-05-24 10:23:35 INFO  Keywords:282 - Waiting for webElement...financialdetails.nonguaranteedelement
2024-05-24 10:23:35 INFO  Keywords:285 - Element found...financialdetails.nonguaranteedelement
2024-05-24 10:23:35 INFO  Keywords:282 - Waiting for webElement...financialdetails.reversemortgage
2024-05-24 10:23:35 INFO  Keywords:285 - Element found...financialdetails.reversemortgage
2024-05-24 10:23:35 INFO  Keywords:135 - ClickOnLink is called
2024-05-24 10:23:35 INFO  Keywords:282 - Waiting for webElement...next
2024-05-24 10:23:36 INFO  Keywords:285 - Element found...next
2024-05-24 10:23:59 INFO  Keywords:282 - Waiting for webElement...payment.modal
2024-05-24 10:23:59 INFO  Keywords:285 - Element found...payment.modal
2024-05-24 10:24:15 INFO  Keywords:282 - Waiting for webElement...payment.method
2024-05-24 10:24:15 INFO  Keywords:285 - Element found...payment.method
2024-05-24 10:24:15 INFO  Keywords:124 - InputText is called
2024-05-24 10:24:15 INFO  Keywords:282 - Waiting for webElement...payment.premium
2024-05-24 10:24:15 INFO  Keywords:285 - Element found...payment.premium
2024-05-24 10:24:15 INFO  Keywords:135 - ClickOnLink is called
2024-05-24 10:24:15 INFO  Keywords:282 - Waiting for webElement...next
2024-05-24 10:24:15 INFO  Keywords:285 - Element found...next
2024-05-24 10:24:38 INFO  Keywords:282 - Waiting for webElement...existinginsurance.borrowingfunds
2024-05-24 10:24:39 INFO  Keywords:285 - Element found...existinginsurance.borrowingfunds
2024-05-24 10:24:39 INFO  Keywords:282 - Waiting for webElement...existinginsurance.terminatingexistinglifepolicy
2024-05-24 10:24:39 INFO  Keywords:285 - Element found...existinginsurance.terminatingexistinglifepolicy
2024-05-24 10:24:39 INFO  Keywords:282 - Waiting for webElement...existinginsurance.longtermcoverage
2024-05-24 10:24:39 INFO  Keywords:285 - Element found...existinginsurance.longtermcoverage
2024-05-24 10:24:40 INFO  Keywords:282 - Waiting for webElement...existanceterminating.InsuranceCompanyName
2024-05-24 10:24:40 INFO  Keywords:285 - Element found...existanceterminating.InsuranceCompanyName
2024-05-24 10:24:40 INFO  Keywords:124 - InputText is called
2024-05-24 10:24:40 INFO  Keywords:282 - Waiting for webElement...existanceterminating.ProductName
2024-05-24 10:24:40 INFO  Keywords:285 - Element found...existanceterminating.ProductName
2024-05-24 10:24:41 INFO  Keywords:124 - InputText is called
2024-05-24 10:24:41 INFO  Keywords:282 - Waiting for webElement...existanceterminating.Insured
2024-05-24 10:24:41 INFO  Keywords:285 - Element found...existanceterminating.Insured
2024-05-24 10:24:41 INFO  Keywords:124 - InputText is called
2024-05-24 10:24:41 INFO  Keywords:282 - Waiting for webElement...existanceterminating.Owner
2024-05-24 10:24:41 INFO  Keywords:285 - Element found...existanceterminating.Owner
2024-05-24 10:24:41 INFO  Keywords:124 - InputText is called
2024-05-24 10:24:41 INFO  Keywords:282 - Waiting for webElement...existanceterminating.DateIssued
2024-05-24 10:24:41 INFO  Keywords:285 - Element found...existanceterminating.DateIssued
2024-05-24 10:24:41 INFO  Keywords:124 - InputText is called
2024-05-24 10:24:41 INFO  Keywords:282 - Waiting for webElement...existanceterminating.AmountOfInsurance
2024-05-24 10:24:41 INFO  Keywords:285 - Element found...existanceterminating.AmountOfInsurance
2024-05-24 10:24:41 INFO  Keywords:282 - Waiting for webElement...existanceterminating.ExistingInsuranceType
2024-05-24 10:24:41 INFO  Keywords:285 - Element found...existanceterminating.ExistingInsuranceType
2024-05-24 10:24:41 INFO  Keywords:282 - Waiting for webElement...existanceterminating.ProductType
2024-05-24 10:24:41 INFO  Keywords:285 - Element found...existanceterminating.ProductType
2024-05-24 10:24:42 INFO  Keywords:282 - Waiting for webElement...existanceterminating.LifeProductType
2024-05-24 10:24:42 INFO  Keywords:285 - Element found...existanceterminating.LifeProductType
2024-05-24 10:24:42 INFO  Keywords:124 - InputText is called
2024-05-24 10:24:42 INFO  Keywords:282 - Waiting for webElement...existanceterminating.PolicyNo
2024-05-24 10:24:42 INFO  Keywords:285 - Element found...existanceterminating.PolicyNo
2024-05-24 10:24:42 INFO  Keywords:282 - Waiting for webElement...existanceterminating.PurposeOfPolicy
2024-05-24 10:24:42 INFO  Keywords:285 - Element found...existanceterminating.PurposeOfPolicy
2024-05-24 10:24:42 INFO  Keywords:282 - Waiting for webElement...existanceterminating.FundsNewPolicy
2024-05-24 10:24:42 INFO  Keywords:285 - Element found...existanceterminating.FundsNewPolicy
2024-05-24 10:24:43 INFO  Keywords:282 - Waiting for webElement...existanceterminating.ReplacingNewPolicy
2024-05-24 10:24:43 INFO  Keywords:285 - Element found...existanceterminating.ReplacingNewPolicy
2024-05-24 10:24:43 INFO  Keywords:282 - Waiting for webElement...existanceterminating.ReplacementThType
2024-05-24 10:24:43 INFO  Keywords:285 - Element found...existanceterminating.ReplacementThType
2024-05-24 10:24:43 INFO  Keywords:282 - Waiting for webElement...existanceterminating.1035ThExchange
2024-05-24 10:24:43 INFO  Keywords:285 - Element found...existanceterminating.1035ThExchange
2024-05-24 10:24:44 INFO  Keywords:124 - InputText is called
2024-05-24 10:24:44 INFO  Keywords:282 - Waiting for webElement...existanceterminating.ReasonReplacement
2024-05-24 10:24:44 INFO  Keywords:285 - Element found...existanceterminating.ReasonReplacement
2024-05-24 10:24:44 INFO  Keywords:124 - InputText is called
2024-05-24 10:24:44 INFO  Keywords:282 - Waiting for webElement...existanceterminating.NoOfPolicy
2024-05-24 10:24:44 INFO  Keywords:285 - Element found...existanceterminating.NoOfPolicy
2024-05-24 10:24:44 INFO  Keywords:124 - InputText is called
2024-05-24 10:24:44 INFO  Keywords:282 - Waiting for webElement...existanceterminating.PremiumPayment
2024-05-24 10:24:44 INFO  Keywords:285 - Element found...existanceterminating.PremiumPayment
2024-05-24 10:24:44 INFO  Keywords:124 - InputText is called
2024-05-24 10:24:44 INFO  Keywords:282 - Waiting for webElement...existanceterminating.FrequencyPremium
2024-05-24 10:24:44 INFO  Keywords:285 - Element found...existanceterminating.FrequencyPremium
2024-05-24 10:24:44 INFO  Keywords:124 - InputText is called
2024-05-24 10:24:44 INFO  Keywords:282 - Waiting for webElement...existanceterminating.AmountBeingExchanged
2024-05-24 10:24:44 INFO  Keywords:285 - Element found...existanceterminating.AmountBeingExchanged
2024-05-24 10:24:44 INFO  Keywords:124 - InputText is called
2024-05-24 10:24:44 INFO  Keywords:282 - Waiting for webElement...existanceterminating.SurrenderCharge
2024-05-24 10:24:44 INFO  Keywords:285 - Element found...existanceterminating.SurrenderCharge
2024-05-24 10:24:44 INFO  Keywords:124 - InputText is called
2024-05-24 10:24:44 INFO  Keywords:282 - Waiting for webElement...existanceterminating.DeathBenefit
2024-05-24 10:24:44 INFO  Keywords:285 - Element found...existanceterminating.DeathBenefit
2024-05-24 10:24:44 INFO  Keywords:124 - InputText is called
2024-05-24 10:24:44 INFO  Keywords:282 - Waiting for webElement...existanceterminating.SpecialFeatures
2024-05-24 10:24:44 INFO  Keywords:285 - Element found...existanceterminating.SpecialFeatures
2024-05-24 10:24:44 INFO  Keywords:282 - Waiting for webElement...existinginsurance.longtermpolicyYes
2024-05-24 10:24:44 INFO  Keywords:285 - Element found...existinginsurance.longtermpolicyYes
2024-05-24 10:24:45 INFO  Keywords:124 - InputText is called
2024-05-24 10:24:45 INFO  Keywords:282 - Waiting for webElement...existinglongtermpolicy.InsuranceName
2024-05-24 10:24:45 INFO  Keywords:285 - Element found...existinglongtermpolicy.InsuranceName
2024-05-24 10:24:45 INFO  Keywords:124 - InputText is called
2024-05-24 10:24:45 INFO  Keywords:282 - Waiting for webElement...existinglongtermpolicy.policyCertificateNumber
2024-05-24 10:24:45 INFO  Keywords:285 - Element found...existinglongtermpolicy.policyCertificateNumber
2024-05-24 10:24:45 INFO  Keywords:124 - InputText is called
2024-05-24 10:24:45 INFO  Keywords:282 - Waiting for webElement...existinglongtermpolicy.ProductName
2024-05-24 10:24:45 INFO  Keywords:285 - Element found...existinglongtermpolicy.ProductName
2024-05-24 10:24:45 INFO  Keywords:282 - Waiting for webElement...existinglongtermpolicy.ProductType
2024-05-24 10:24:45 INFO  Keywords:285 - Element found...existinglongtermpolicy.ProductType
2024-05-24 10:24:45 INFO  Keywords:124 - InputText is called
2024-05-24 10:24:45 INFO  Keywords:282 - Waiting for webElement...existinglongtermpolicy.Insured
2024-05-24 10:24:45 INFO  Keywords:285 - Element found...existinglongtermpolicy.Insured
2024-05-24 10:24:45 INFO  Keywords:124 - InputText is called
2024-05-24 10:24:45 INFO  Keywords:282 - Waiting for webElement...existinglongtermpolicy.Owner
2024-05-24 10:24:45 INFO  Keywords:285 - Element found...existinglongtermpolicy.Owner
2024-05-24 10:24:45 INFO  Keywords:124 - InputText is called
2024-05-24 10:24:45 INFO  Keywords:282 - Waiting for webElement...existinglongtermpolicy.DailyBenefit
2024-05-24 10:24:45 INFO  Keywords:285 - Element found...existinglongtermpolicy.DailyBenefit
2024-05-24 10:24:45 INFO  Keywords:124 - InputText is called
2024-05-24 10:24:45 INFO  Keywords:282 - Waiting for webElement...existinglongtermpolicy.AmountOfInsurance
2024-05-24 10:24:46 INFO  Keywords:285 - Element found...existinglongtermpolicy.AmountOfInsurance
2024-05-24 10:24:46 INFO  Keywords:124 - InputText is called
2024-05-24 10:24:46 INFO  Keywords:282 - Waiting for webElement...existinglongtermpolicy.benefitAmount
2024-05-24 10:24:46 INFO  Keywords:285 - Element found...existinglongtermpolicy.benefitAmount
2024-05-24 10:24:46 INFO  Keywords:124 - InputText is called
2024-05-24 10:24:46 INFO  Keywords:282 - Waiting for webElement...existinglongtermpolicy.benefitPeriod
2024-05-24 10:24:46 INFO  Keywords:285 - Element found...existinglongtermpolicy.benefitPeriod
2024-05-24 10:24:46 INFO  Keywords:282 - Waiting for webElement...existinginsurance.longterminsuranceYes
2024-05-24 10:24:46 INFO  Keywords:285 - Element found...existinginsurance.longterminsuranceYes
2024-05-24 10:24:46 INFO  Keywords:124 - InputText is called
2024-05-24 10:24:46 INFO  Keywords:282 - Waiting for webElement...existinglongterminsurance.InsuranceCompany
2024-05-24 10:24:46 INFO  Keywords:285 - Element found...existinglongterminsurance.InsuranceCompany
2024-05-24 10:24:46 INFO  Keywords:124 - InputText is called
2024-05-24 10:24:46 INFO  Keywords:282 - Waiting for webElement...existinglongterminsurance.Certificate
2024-05-24 10:24:46 INFO  Keywords:285 - Element found...existinglongterminsurance.Certificate
2024-05-24 10:24:46 INFO  Keywords:124 - InputText is called
2024-05-24 10:24:46 INFO  Keywords:282 - Waiting for webElement...existinglongterminsurance.LTCBenefit
2024-05-24 10:24:46 INFO  Keywords:285 - Element found...existinglongterminsurance.LTCBenefit
2024-05-24 10:24:46 INFO  Keywords:124 - InputText is called
2024-05-24 10:24:46 INFO  Keywords:282 - Waiting for webElement...existinglongterminsurance.IssueDate
2024-05-24 10:24:46 INFO  Keywords:285 - Element found...existinglongterminsurance.IssueDate
2024-05-24 10:24:46 INFO  Keywords:282 - Waiting for webElement...existinglongterminsurance.LapseDate
2024-05-24 10:24:56 INFO  Keywords:135 - ClickOnLink is called
2024-05-24 10:24:56 INFO  Keywords:282 - Waiting for webElement...next
2024-05-24 10:24:56 INFO  Keywords:285 - Element found...next
2024-05-24 10:25:18 INFO  Keywords:135 - ClickOnLink is called
2024-05-24 10:25:18 INFO  Keywords:282 - Waiting for webElement...next
2024-05-24 10:25:18 INFO  Keywords:285 - Element found...next
2024-05-24 10:25:40 INFO  Keywords:124 - InputText is called
2024-05-24 10:25:40 INFO  Keywords:282 - Waiting for webElement...additionalclientquestion.q1
2024-05-24 10:25:41 INFO  Keywords:285 - Element found...additionalclientquestion.q1
2024-05-24 10:25:41 INFO  Keywords:124 - InputText is called
2024-05-24 10:25:41 INFO  Keywords:282 - Waiting for webElement...additionalclientquestion.q2
2024-05-24 10:25:41 INFO  Keywords:285 - Element found...additionalclientquestion.q2
2024-05-24 10:25:41 INFO  Keywords:124 - InputText is called
2024-05-24 10:25:41 INFO  Keywords:282 - Waiting for webElement...additionalclientquestion.q3
2024-05-24 10:25:41 INFO  Keywords:285 - Element found...additionalclientquestion.q3
2024-05-24 10:25:41 INFO  Keywords:124 - InputText is called
2024-05-24 10:25:41 INFO  Keywords:282 - Waiting for webElement...additionalclientquestion.q4
2024-05-24 10:26:31 INFO  Keywords:124 - InputText is called
2024-05-24 10:26:31 INFO  Keywords:282 - Waiting for webElement...additionalclientquestion.q5
2024-05-24 10:27:22 INFO  Keywords:482 - GetText is called
2024-05-24 10:27:22 INFO  Keywords:282 - Waiting for webElement...ebixTxnID
2024-05-24 10:27:22 INFO  Keywords:285 - Element found...ebixTxnID
2024-05-24 10:27:22 INFO  Keywords:486 - LinkId: 529891
2024-05-24 10:27:22 INFO  Keywords:530 - LinkId: 529891
2024-05-24 10:27:22 INFO  Keywords:482 - GetText is called
2024-05-24 10:27:22 INFO  Keywords:282 - Waiting for webElement...ebixTxnID
2024-05-24 10:27:22 INFO  Keywords:285 - Element found...ebixTxnID
2024-05-24 10:27:22 INFO  Keywords:486 - LinkId: 529891
2024-05-24 10:27:22 INFO  Keywords:135 - ClickOnLink is called
2024-05-24 10:27:22 INFO  Keywords:282 - Waiting for webElement...next
2024-05-24 10:27:22 INFO  Keywords:285 - Element found...next
2024-05-24 10:27:44 INFO  Keywords:135 - ClickOnLink is called
2024-05-24 10:27:44 INFO  Keywords:282 - Waiting for webElement...validate.button
2024-05-24 10:27:44 INFO  Keywords:285 - Element found...validate.button
2024-05-24 10:28:19 INFO  Keywords:135 - ClickOnLink is called
2024-05-24 10:28:19 INFO  Keywords:282 - Waiting for webElement...notification.continue
2024-05-24 10:28:20 INFO  Keywords:285 - Element found...notification.continue
2024-05-24 10:28:36 INFO  Keywords:135 - ClickOnLink is called
2024-05-24 10:28:36 INFO  Keywords:282 - Waiting for webElement...esignature.optout
2024-05-24 10:28:36 INFO  Keywords:285 - Element found...esignature.optout
2024-05-24 10:30:06 INFO  Keywords:147 - VerifyText is called
2024-05-24 10:30:06 INFO  Keywords:282 - Waiting for webElement...WebElement
2024-05-24 10:30:06 INFO  Keywords:135 - ClickOnLink is called
2024-05-24 10:30:06 INFO  Keywords:282 - Waiting for webElement...attachment
2024-05-24 10:30:06 INFO  Keywords:285 - Element found...attachment
2024-05-24 10:30:07 INFO  Keywords:282 - Waiting for webElement...attachment.documenttype
2024-05-24 10:30:08 INFO  Keywords:285 - Element found...attachment.documenttype
2024-05-24 10:30:08 INFO  Keywords:124 - InputText is called
2024-05-24 10:30:08 INFO  Keywords:282 - Waiting for webElement...attachment.choosefile
2024-05-24 10:30:08 INFO  Keywords:285 - Element found...attachment.choosefile
2024-05-24 10:30:08 INFO  Keywords:135 - ClickOnLink is called
2024-05-24 10:30:08 INFO  Keywords:282 - Waiting for webElement...attachment.upload
2024-05-24 10:30:08 INFO  Keywords:285 - Element found...attachment.upload
2024-05-24 10:30:28 INFO  Keywords:135 - ClickOnLink is called
2024-05-24 10:30:28 INFO  Keywords:282 - Waiting for webElement...RequestSignatures
2024-05-24 10:30:28 INFO  Keywords:285 - Element found...RequestSignatures
2024-05-24 10:30:51 INFO  Keywords:282 - Waiting for webElement...attachment.documenttype
2024-05-24 10:30:51 INFO  Keywords:285 - Element found...attachment.documenttype
2024-05-24 10:30:51 INFO  Keywords:124 - InputText is called
2024-05-24 10:30:51 INFO  Keywords:282 - Waiting for webElement...attachment.choosefile
2024-05-24 10:30:51 INFO  Keywords:285 - Element found...attachment.choosefile
2024-05-24 10:30:51 INFO  Keywords:135 - ClickOnLink is called
2024-05-24 10:30:51 INFO  Keywords:282 - Waiting for webElement...attachment.upload
2024-05-24 10:30:51 INFO  Keywords:285 - Element found...attachment.upload
2024-05-24 10:31:12 INFO  Keywords:135 - ClickOnLink is called
2024-05-24 10:31:12 INFO  Keywords:282 - Waiting for webElement...SubmitButton
2024-05-24 10:31:12 INFO  Keywords:285 - Element found...SubmitButton
2024-05-24 10:32:47 INFO  Keywords:428 - switching to parent window...
2024-05-24 10:32:47 INFO  Keywords:98 - Navigate is called
2024-05-24 10:32:48 INFO  Keywords:496 - ClearText is called
2024-05-24 10:32:48 INFO  Keywords:282 - Waiting for webElement...gateway.username
2024-05-24 10:32:48 INFO  Keywords:285 - Element found...gateway.username
2024-05-24 10:32:48 INFO  Keywords:500 - LinkId: 529891
2024-05-24 10:32:48 INFO  Keywords:124 - InputText is called
2024-05-24 10:32:48 INFO  Keywords:282 - Waiting for webElement...gateway.username
2024-05-24 10:32:48 INFO  Keywords:285 - Element found...gateway.username
2024-05-24 10:32:48 INFO  Keywords:496 - ClearText is called
2024-05-24 10:32:48 INFO  Keywords:282 - Waiting for webElement...gateway.password
2024-05-24 10:32:48 INFO  Keywords:285 - Element found...gateway.password
2024-05-24 10:32:48 INFO  Keywords:500 - LinkId: 529891
2024-05-24 10:32:48 INFO  Keywords:124 - InputText is called
2024-05-24 10:32:48 INFO  Keywords:282 - Waiting for webElement...gateway.password
2024-05-24 10:32:48 INFO  Keywords:285 - Element found...gateway.password
2024-05-24 10:32:48 INFO  Keywords:135 - ClickOnLink is called
2024-05-24 10:32:48 INFO  Keywords:282 - Waiting for webElement...gateway.login
2024-05-24 10:32:48 INFO  Keywords:285 - Element found...gateway.login
2024-05-24 10:33:08 INFO  Keywords:135 - ClickOnLink is called
2024-05-24 10:33:08 INFO  Keywords:282 - Waiting for webElement...management
2024-05-24 10:33:08 INFO  Keywords:285 - Element found...management
2024-05-24 10:33:08 INFO  Keywords:282 - Waiting for webElement...managementTools
2024-05-24 10:33:08 INFO  Keywords:285 - Element found...managementTools
2024-05-24 10:33:09 INFO  Keywords:135 - ClickOnLink is called
2024-05-24 10:33:09 INFO  Keywords:282 - Waiting for webElement...feedManagement
2024-05-24 10:33:09 INFO  Keywords:285 - Element found...feedManagement
2024-05-24 10:33:26 INFO  Keywords:135 - ClickOnLink is called
2024-05-24 10:33:26 INFO  Keywords:282 - Waiting for webElement...searchPanel
2024-05-24 10:33:26 INFO  Keywords:285 - Element found...searchPanel
2024-05-24 10:33:26 INFO  Keywords:282 - Waiting for webElement...selectTransactionID
2024-05-24 10:33:26 INFO  Keywords:285 - Element found...selectTransactionID
2024-05-24 10:33:26 INFO  Keywords:124 - InputText is called
2024-05-24 10:33:26 INFO  Keywords:282 - Waiting for webElement...enterTransactioID
2024-05-24 10:33:26 INFO  Keywords:285 - Element found...enterTransactioID
2024-05-24 10:33:26 INFO  Keywords:135 - ClickOnLink is called
2024-05-24 10:33:26 INFO  Keywords:282 - Waiting for webElement...searchbutton
2024-05-24 10:33:26 INFO  Keywords:285 - Element found...searchbutton
2024-05-24 10:33:43 INFO  Keywords:135 - ClickOnLink is called
2024-05-24 10:33:43 INFO  Keywords:282 - Waiting for webElement...transactionSearchmyResult
2024-05-24 10:33:43 INFO  Keywords:285 - Element found...transactionSearchmyResult
2024-05-24 10:33:59 INFO  Keywords:135 - ClickOnLink is called
2024-05-24 10:33:59 INFO  Keywords:282 - Waiting for webElement...onenotThree
2024-05-24 10:33:59 INFO  Keywords:285 - Element found...onenotThree
2024-05-24 10:34:00 INFO  Keywords:282 - Waiting for webElement...103ResponseXML
2024-05-24 10:34:42 INFO  Keywords:428 - switching to parent window...
2024-05-24 10:34:42 INFO  Keywords:98 - Navigate is called
2024-05-24 10:34:42 INFO  Keywords:496 - ClearText is called
2024-05-24 10:34:42 INFO  Keywords:282 - Waiting for webElement...gateway.username
2024-05-24 10:34:42 INFO  Keywords:285 - Element found...gateway.username
2024-05-24 10:34:42 INFO  Keywords:500 - LinkId: 529891
2024-05-24 10:34:42 INFO  Keywords:124 - InputText is called
2024-05-24 10:34:42 INFO  Keywords:282 - Waiting for webElement...gateway.username
2024-05-24 10:34:42 INFO  Keywords:285 - Element found...gateway.username
2024-05-24 10:34:42 INFO  Keywords:496 - ClearText is called
2024-05-24 10:34:42 INFO  Keywords:282 - Waiting for webElement...gateway.password
2024-05-24 10:34:43 INFO  Keywords:285 - Element found...gateway.password
2024-05-24 10:34:43 INFO  Keywords:500 - LinkId: 529891
2024-05-24 10:34:43 INFO  Keywords:124 - InputText is called
2024-05-24 10:34:43 INFO  Keywords:282 - Waiting for webElement...gateway.password
2024-05-24 10:34:43 INFO  Keywords:285 - Element found...gateway.password
2024-05-24 10:34:43 INFO  Keywords:135 - ClickOnLink is called
2024-05-24 10:34:43 INFO  Keywords:282 - Waiting for webElement...gateway.login
2024-05-24 10:34:43 INFO  Keywords:285 - Element found...gateway.login
2024-05-24 10:35:02 INFO  Keywords:135 - ClickOnLink is called
2024-05-24 10:35:02 INFO  Keywords:282 - Waiting for webElement...management
2024-05-24 10:35:02 INFO  Keywords:285 - Element found...management
2024-05-24 10:35:02 INFO  Keywords:282 - Waiting for webElement...managementTools
2024-05-24 10:35:02 INFO  Keywords:285 - Element found...managementTools
2024-05-24 10:35:04 INFO  Keywords:135 - ClickOnLink is called
2024-05-24 10:35:04 INFO  Keywords:282 - Waiting for webElement...feedManagement
2024-05-24 10:35:04 INFO  Keywords:285 - Element found...feedManagement
2024-05-24 10:35:20 INFO  Keywords:135 - ClickOnLink is called
2024-05-24 10:35:20 INFO  Keywords:282 - Waiting for webElement...searchPanel
2024-05-24 10:35:20 INFO  Keywords:285 - Element found...searchPanel
2024-05-24 10:35:20 INFO  Keywords:282 - Waiting for webElement...selectTransactionID
2024-05-24 10:35:20 INFO  Keywords:285 - Element found...selectTransactionID
2024-05-24 10:35:21 INFO  Keywords:124 - InputText is called
2024-05-24 10:35:21 INFO  Keywords:282 - Waiting for webElement...enterTransactioID
2024-05-24 10:35:21 INFO  Keywords:285 - Element found...enterTransactioID
2024-05-24 10:35:21 INFO  Keywords:135 - ClickOnLink is called
2024-05-24 10:35:21 INFO  Keywords:282 - Waiting for webElement...searchbutton
2024-05-24 10:35:21 INFO  Keywords:285 - Element found...searchbutton
2024-05-24 10:35:37 INFO  Keywords:135 - ClickOnLink is called
2024-05-24 10:35:37 INFO  Keywords:282 - Waiting for webElement...transactionSearchmyResult
2024-05-24 10:35:37 INFO  Keywords:285 - Element found...transactionSearchmyResult
2024-05-24 10:35:53 INFO  Keywords:135 - ClickOnLink is called
2024-05-24 10:35:53 INFO  Keywords:282 - Waiting for webElement...RTSMButton
2024-05-24 10:35:53 INFO  Keywords:285 - Element found...RTSMButton
2024-05-24 10:35:54 INFO  Keywords:282 - Waiting for webElement...RTSMResponseXML
