2024-03-21 16:11:17 INFO  Keywords:98 - Navigate is called
2024-03-21 16:11:20 INFO  Keywords:124 - InputText is called
2024-03-21 16:11:20 INFO  Keywords:282 - Waiting for webElement...gateway.username
2024-03-21 16:11:21 INFO  Keywords:285 - Element found...gateway.username
2024-03-21 16:11:21 INFO  Keywords:124 - InputText is called
2024-03-21 16:11:21 INFO  Keywords:282 - Waiting for webElement...gateway.password
2024-03-21 16:11:21 INFO  Keywords:285 - Element found...gateway.password
2024-03-21 16:11:21 INFO  Keywords:135 - ClickOnLink is called
2024-03-21 16:11:21 INFO  Keywords:282 - Waiting for webElement...gateway.login
2024-03-21 16:11:21 INFO  Keywords:285 - Element found...gateway.login
2024-03-21 16:12:01 INFO  Keywords:135 - ClickOnLink is called
2024-03-21 16:12:01 INFO  Keywords:282 - Waiting for webElement...postsamldata
2024-03-21 16:12:01 INFO  Keywords:285 - Element found...postsamldata
2024-03-21 16:12:18 INFO  Keywords:135 - ClickOnLink is called
2024-03-21 16:12:18 INFO  Keywords:282 - Waiting for webElement...next
2024-03-21 16:12:18 INFO  Keywords:285 - Element found...next
2024-03-21 16:12:39 INFO  Keywords:124 - InputText is called
2024-03-21 16:12:39 INFO  Keywords:282 - Waiting for webElement...policyConfiguration.insuranceamount
2024-03-21 16:12:39 INFO  Keywords:285 - Element found...policyConfiguration.insuranceamount
2024-03-21 16:12:40 INFO  Keywords:282 - Waiting for webElement...policyConfiguration.LTC
2024-03-21 16:12:40 INFO  Keywords:285 - Element found...policyConfiguration.LTC
2024-03-21 16:12:40 INFO  Keywords:282 - Waiting for webElement...policyConfiguration.payors
2024-03-21 16:12:40 INFO  Keywords:285 - Element found...policyConfiguration.payors
2024-03-21 16:12:40 INFO  Keywords:282 - Waiting for webElement...policyConfiguration.purposeofpolicy
2024-03-21 16:12:40 INFO  Keywords:285 - Element found...policyConfiguration.purposeofpolicy
2024-03-21 16:12:41 INFO  Keywords:135 - ClickOnLink is called
2024-03-21 16:12:41 INFO  Keywords:282 - Waiting for webElement...next
2024-03-21 16:12:41 INFO  Keywords:285 - Element found...next
2024-03-21 16:14:16 INFO  Keywords:282 - Waiting for webElement...primaryinsured.birthcountry
2024-03-21 16:14:16 INFO  Keywords:285 - Element found...primaryinsured.birthcountry
2024-03-21 16:14:16 INFO  Keywords:282 - Waiting for webElement...primaryinsured.birthstate
2024-03-21 16:14:16 INFO  Keywords:285 - Element found...primaryinsured.birthstate
2024-03-21 16:14:17 INFO  Keywords:124 - InputText is called
2024-03-21 16:14:17 INFO  Keywords:282 - Waiting for webElement...primaryinsured.birthcity
2024-03-21 16:14:17 INFO  Keywords:285 - Element found...primaryinsured.birthcity
2024-03-21 16:14:17 INFO  Keywords:135 - ClickOnLink is called
2024-03-21 16:14:17 INFO  Keywords:282 - Waiting for webElement...next
2024-03-21 16:14:17 INFO  Keywords:285 - Element found...next
2024-03-21 16:14:41 INFO  Keywords:135 - ClickOnLink is called
2024-03-21 16:14:41 INFO  Keywords:282 - Waiting for webElement...next
2024-03-21 16:14:41 INFO  Keywords:285 - Element found...next
2024-03-21 16:15:03 INFO  Keywords:282 - Waiting for webElement...jointInsured.birthCountry
2024-03-21 16:15:03 INFO  Keywords:285 - Element found...jointInsured.birthCountry
2024-03-21 16:15:03 INFO  Keywords:282 - Waiting for webElement...jointInsured.birthState
2024-03-21 16:15:03 INFO  Keywords:285 - Element found...jointInsured.birthState
2024-03-21 16:15:03 INFO  Keywords:124 - InputText is called
2024-03-21 16:15:03 INFO  Keywords:282 - Waiting for webElement...jointInsured.birthCity
2024-03-21 16:15:03 INFO  Keywords:285 - Element found...jointInsured.birthCity
2024-03-21 16:15:03 INFO  Keywords:135 - ClickOnLink is called
2024-03-21 16:15:03 INFO  Keywords:282 - Waiting for webElement...next
2024-03-21 16:15:03 INFO  Keywords:285 - Element found...next
2024-03-21 16:15:26 INFO  Keywords:282 - Waiting for webElement...naturalOwner.relationwithInsured
2024-03-21 16:15:26 INFO  Keywords:285 - Element found...naturalOwner.relationwithInsured
2024-03-21 16:15:27 INFO  Keywords:282 - Waiting for webElement...naturalOwner.relationwithJointInsured
2024-03-21 16:15:27 INFO  Keywords:285 - Element found...naturalOwner.relationwithJointInsured
2024-03-21 16:15:27 INFO  Keywords:135 - ClickOnLink is called
2024-03-21 16:15:27 INFO  Keywords:282 - Waiting for webElement...next
2024-03-21 16:15:27 INFO  Keywords:285 - Element found...next
2024-03-21 16:15:49 INFO  Keywords:282 - Waiting for webElement...financialDetails.SourceOfFundsLI
2024-03-21 16:15:49 INFO  Keywords:285 - Element found...financialDetails.SourceOfFundsLI
2024-03-21 16:15:49 INFO  Keywords:282 - Waiting for webElement...financialDetails.SurrenderChargeSOFLI
2024-03-21 16:15:49 INFO  Keywords:285 - Element found...financialDetails.SurrenderChargeSOFLI
2024-03-21 16:15:50 INFO  Keywords:282 - Waiting for webElement...financialDetails.envisiontaking
2024-03-21 16:15:50 INFO  Keywords:285 - Element found...financialDetails.envisiontaking
2024-03-21 16:15:50 INFO  Keywords:282 - Waiting for webElement...financialDetails.federalfaxbracket
2024-03-21 16:15:50 INFO  Keywords:285 - Element found...financialDetails.federalfaxbracket
2024-03-21 16:15:50 INFO  Keywords:282 - Waiting for webElement...financialDetails.riskTolerance
2024-03-21 16:15:50 INFO  Keywords:285 - Element found...financialDetails.riskTolerance
2024-03-21 16:15:51 INFO  Keywords:282 - Waiting for webElement...financialDetails.Investmentobjectives
2024-03-21 16:15:51 INFO  Keywords:285 - Element found...financialDetails.Investmentobjectives
2024-03-21 16:15:51 INFO  Keywords:282 - Waiting for webElement...financialDetails.timehorizon
2024-03-21 16:15:51 INFO  Keywords:285 - Element found...financialDetails.timehorizon
2024-03-21 16:15:51 INFO  Keywords:282 - Waiting for webElement...financialDetails.investmentexperienceFA
2024-03-21 16:15:51 INFO  Keywords:285 - Element found...financialDetails.investmentexperienceFA
2024-03-21 16:15:52 INFO  Keywords:124 - InputText is called
2024-03-21 16:15:52 INFO  Keywords:282 - Waiting for webElement...financialDetails.investmentstartyear
2024-03-21 16:15:52 INFO  Keywords:285 - Element found...financialDetails.investmentstartyear
2024-03-21 16:15:52 INFO  Keywords:124 - InputText is called
2024-03-21 16:15:52 INFO  Keywords:282 - Waiting for webElement...financialdetails.wages
2024-03-21 16:15:52 INFO  Keywords:285 - Element found...financialdetails.wages
2024-03-21 16:15:52 INFO  Keywords:124 - InputText is called
2024-03-21 16:15:52 INFO  Keywords:282 - Waiting for webElement...financialdetails.livingexpenses
2024-03-21 16:15:52 INFO  Keywords:285 - Element found...financialdetails.livingexpenses
2024-03-21 16:15:52 INFO  Keywords:124 - InputText is called
2024-03-21 16:15:52 INFO  Keywords:282 - Waiting for webElement...financialdetails.personalinvestment
2024-03-21 16:15:52 INFO  Keywords:285 - Element found...financialdetails.personalinvestment
2024-03-21 16:15:52 INFO  Keywords:124 - InputText is called
2024-03-21 16:15:52 INFO  Keywords:282 - Waiting for webElement...financialdetails.fixeddebtexpenses
2024-03-21 16:15:52 INFO  Keywords:285 - Element found...financialdetails.fixeddebtexpenses
2024-03-21 16:15:52 INFO  Keywords:124 - InputText is called
2024-03-21 16:15:52 INFO  Keywords:282 - Waiting for webElement...financialdetails.rentalincome
2024-03-21 16:15:52 INFO  Keywords:285 - Element found...financialdetails.rentalincome
2024-03-21 16:15:52 INFO  Keywords:124 - InputText is called
2024-03-21 16:15:52 INFO  Keywords:282 - Waiting for webElement...financialdetails.variabledebtexpenses
2024-03-21 16:15:52 INFO  Keywords:285 - Element found...financialdetails.variabledebtexpenses
2024-03-21 16:15:52 INFO  Keywords:124 - InputText is called
2024-03-21 16:15:52 INFO  Keywords:282 - Waiting for webElement...financialdetails.incomepension
2024-03-21 16:15:52 INFO  Keywords:285 - Element found...financialdetails.incomepension
2024-03-21 16:15:52 INFO  Keywords:124 - InputText is called
2024-03-21 16:15:52 INFO  Keywords:282 - Waiting for webElement...financialdetails.discretionaryexpenses
2024-03-21 16:15:52 INFO  Keywords:285 - Element found...financialdetails.discretionaryexpenses
2024-03-21 16:15:52 INFO  Keywords:124 - InputText is called
2024-03-21 16:15:52 INFO  Keywords:282 - Waiting for webElement...financialdetails.socialsecurityincome
2024-03-21 16:15:52 INFO  Keywords:285 - Element found...financialdetails.socialsecurityincome
2024-03-21 16:15:52 INFO  Keywords:124 - InputText is called
2024-03-21 16:15:52 INFO  Keywords:282 - Waiting for webElement...financialdetails.otherincome
2024-03-21 16:15:52 INFO  Keywords:285 - Element found...financialdetails.otherincome
2024-03-21 16:15:53 INFO  Keywords:124 - InputText is called
2024-03-21 16:15:53 INFO  Keywords:282 - Waiting for webElement...financialdetails.bonds
2024-03-21 16:15:53 INFO  Keywords:285 - Element found...financialdetails.bonds
2024-03-21 16:15:53 INFO  Keywords:124 - InputText is called
2024-03-21 16:15:53 INFO  Keywords:282 - Waiting for webElement...financialdetails.businessTrustRealstate
2024-03-21 16:15:53 INFO  Keywords:285 - Element found...financialdetails.businessTrustRealstate
2024-03-21 16:15:53 INFO  Keywords:124 - InputText is called
2024-03-21 16:15:53 INFO  Keywords:282 - Waiting for webElement...financialdetails.retirementplan
2024-03-21 16:15:53 INFO  Keywords:285 - Element found...financialdetails.retirementplan
2024-03-21 16:15:53 INFO  Keywords:124 - InputText is called
2024-03-21 16:15:53 INFO  Keywords:282 - Waiting for webElement...financialdetails.equities
2024-03-21 16:15:53 INFO  Keywords:285 - Element found...financialdetails.equities
2024-03-21 16:15:53 INFO  Keywords:124 - InputText is called
2024-03-21 16:15:53 INFO  Keywords:282 - Waiting for webElement...financialdetails.facevalueilfeinsurance
2024-03-21 16:15:53 INFO  Keywords:285 - Element found...financialdetails.facevalueilfeinsurance
2024-03-21 16:15:53 INFO  Keywords:124 - InputText is called
2024-03-21 16:15:53 INFO  Keywords:282 - Waiting for webElement...financialdetails.fixedannuity
2024-03-21 16:15:53 INFO  Keywords:285 - Element found...financialdetails.fixedannuity
2024-03-21 16:15:53 INFO  Keywords:124 - InputText is called
2024-03-21 16:15:53 INFO  Keywords:282 - Waiting for webElement...financialdetails.indexannuity
2024-03-21 16:15:53 INFO  Keywords:285 - Element found...financialdetails.indexannuity
2024-03-21 16:15:53 INFO  Keywords:124 - InputText is called
2024-03-21 16:15:53 INFO  Keywords:282 - Waiting for webElement...financialdetails.liquidnetworth
2024-03-21 16:15:53 INFO  Keywords:285 - Element found...financialdetails.liquidnetworth
2024-03-21 16:15:53 INFO  Keywords:124 - InputText is called
2024-03-21 16:15:53 INFO  Keywords:282 - Waiting for webElement...financialdetails.mutualfund
2024-03-21 16:15:53 INFO  Keywords:285 - Element found...financialdetails.mutualfund
2024-03-21 16:15:53 INFO  Keywords:124 - InputText is called
2024-03-21 16:15:53 INFO  Keywords:282 - Waiting for webElement...financialdetails.otherbrokerage
2024-03-21 16:15:53 INFO  Keywords:285 - Element found...financialdetails.otherbrokerage
2024-03-21 16:15:53 INFO  Keywords:124 - InputText is called
2024-03-21 16:15:53 INFO  Keywords:282 - Waiting for webElement...financialdetails.policypremium
2024-03-21 16:15:53 INFO  Keywords:285 - Element found...financialdetails.policypremium
2024-03-21 16:15:53 INFO  Keywords:124 - InputText is called
2024-03-21 16:15:53 INFO  Keywords:282 - Waiting for webElement...financialdetails.variableannuity
2024-03-21 16:15:53 INFO  Keywords:285 - Element found...financialdetails.variableannuity
2024-03-21 16:15:53 INFO  Keywords:124 - InputText is called
2024-03-21 16:15:53 INFO  Keywords:282 - Waiting for webElement...financialdetails.totalpremium
2024-03-21 16:15:53 INFO  Keywords:285 - Element found...financialdetails.totalpremium
2024-03-21 16:15:54 INFO  Keywords:282 - Waiting for webElement...financialdetails.anticipatedchanges
2024-03-21 16:15:54 INFO  Keywords:285 - Element found...financialdetails.anticipatedchanges
2024-03-21 16:15:54 INFO  Keywords:282 - Waiting for webElement...financialdetails.nonguaranteedelement
2024-03-21 16:15:54 INFO  Keywords:285 - Element found...financialdetails.nonguaranteedelement
2024-03-21 16:15:54 INFO  Keywords:282 - Waiting for webElement...financialdetails.reversemortgage
2024-03-21 16:15:54 INFO  Keywords:285 - Element found...financialdetails.reversemortgage
2024-03-21 16:15:54 INFO  Keywords:135 - ClickOnLink is called
2024-03-21 16:15:54 INFO  Keywords:282 - Waiting for webElement...next
2024-03-21 16:15:54 INFO  Keywords:285 - Element found...next
2024-03-21 16:16:17 INFO  Keywords:282 - Waiting for webElement...payment.modal
2024-03-21 16:16:17 INFO  Keywords:285 - Element found...payment.modal
2024-03-21 16:16:33 INFO  Keywords:282 - Waiting for webElement...payment.method
2024-03-21 16:16:33 INFO  Keywords:285 - Element found...payment.method
2024-03-21 16:16:34 INFO  Keywords:124 - InputText is called
2024-03-21 16:16:34 INFO  Keywords:282 - Waiting for webElement...payment.premium
2024-03-21 16:16:34 INFO  Keywords:285 - Element found...payment.premium
2024-03-21 16:16:34 INFO  Keywords:135 - ClickOnLink is called
2024-03-21 16:16:34 INFO  Keywords:282 - Waiting for webElement...next
2024-03-21 16:16:34 INFO  Keywords:285 - Element found...next
2024-03-21 16:16:56 INFO  Keywords:282 - Waiting for webElement...existinginsurance.borrowingfunds
2024-03-21 16:16:56 INFO  Keywords:285 - Element found...existinginsurance.borrowingfunds
2024-03-21 16:16:57 INFO  Keywords:282 - Waiting for webElement...existinginsurance.terminatingexistinglifepolicy
2024-03-21 16:16:57 INFO  Keywords:285 - Element found...existinginsurance.terminatingexistinglifepolicy
2024-03-21 16:16:57 INFO  Keywords:282 - Waiting for webElement...existinginsurance.longtermcoverage
2024-03-21 16:16:57 INFO  Keywords:285 - Element found...existinginsurance.longtermcoverage
2024-03-21 16:16:58 INFO  Keywords:282 - Waiting for webElement...existanceterminating.InsuranceCompanyName
2024-03-21 16:16:58 INFO  Keywords:285 - Element found...existanceterminating.InsuranceCompanyName
2024-03-21 16:16:58 INFO  Keywords:124 - InputText is called
2024-03-21 16:16:58 INFO  Keywords:282 - Waiting for webElement...existanceterminating.ProductName
2024-03-21 16:16:58 INFO  Keywords:285 - Element found...existanceterminating.ProductName
2024-03-21 16:16:58 INFO  Keywords:124 - InputText is called
2024-03-21 16:16:58 INFO  Keywords:282 - Waiting for webElement...existanceterminating.Insured
2024-03-21 16:16:58 INFO  Keywords:285 - Element found...existanceterminating.Insured
2024-03-21 16:16:58 INFO  Keywords:124 - InputText is called
2024-03-21 16:16:58 INFO  Keywords:282 - Waiting for webElement...existanceterminating.Owner
2024-03-21 16:16:58 INFO  Keywords:285 - Element found...existanceterminating.Owner
2024-03-21 16:16:58 INFO  Keywords:124 - InputText is called
2024-03-21 16:16:58 INFO  Keywords:282 - Waiting for webElement...existanceterminating.DateIssued
2024-03-21 16:16:58 INFO  Keywords:285 - Element found...existanceterminating.DateIssued
2024-03-21 16:16:58 INFO  Keywords:124 - InputText is called
2024-03-21 16:16:58 INFO  Keywords:282 - Waiting for webElement...existanceterminating.AmountOfInsurance
2024-03-21 16:16:58 INFO  Keywords:285 - Element found...existanceterminating.AmountOfInsurance
2024-03-21 16:16:59 INFO  Keywords:282 - Waiting for webElement...existanceterminating.ExistingInsuranceType
2024-03-21 16:16:59 INFO  Keywords:285 - Element found...existanceterminating.ExistingInsuranceType
2024-03-21 16:16:59 INFO  Keywords:282 - Waiting for webElement...existanceterminating.ProductType
2024-03-21 16:16:59 INFO  Keywords:285 - Element found...existanceterminating.ProductType
2024-03-21 16:16:59 INFO  Keywords:282 - Waiting for webElement...existanceterminating.LifeProductType
2024-03-21 16:16:59 INFO  Keywords:285 - Element found...existanceterminating.LifeProductType
2024-03-21 16:17:00 INFO  Keywords:124 - InputText is called
2024-03-21 16:17:00 INFO  Keywords:282 - Waiting for webElement...existanceterminating.PolicyNo
2024-03-21 16:17:00 INFO  Keywords:285 - Element found...existanceterminating.PolicyNo
2024-03-21 16:17:00 INFO  Keywords:282 - Waiting for webElement...existanceterminating.PurposeOfPolicy
2024-03-21 16:17:00 INFO  Keywords:285 - Element found...existanceterminating.PurposeOfPolicy
2024-03-21 16:17:00 INFO  Keywords:282 - Waiting for webElement...existanceterminating.FundsNewPolicy
2024-03-21 16:17:00 INFO  Keywords:285 - Element found...existanceterminating.FundsNewPolicy
2024-03-21 16:17:00 INFO  Keywords:282 - Waiting for webElement...existanceterminating.ReplacingNewPolicy
2024-03-21 16:17:00 INFO  Keywords:285 - Element found...existanceterminating.ReplacingNewPolicy
2024-03-21 16:17:01 INFO  Keywords:282 - Waiting for webElement...existanceterminating.ReplacementThType
2024-03-21 16:17:01 INFO  Keywords:285 - Element found...existanceterminating.ReplacementThType
2024-03-21 16:17:01 INFO  Keywords:282 - Waiting for webElement...existanceterminating.1035ThExchange
2024-03-21 16:17:01 INFO  Keywords:285 - Element found...existanceterminating.1035ThExchange
2024-03-21 16:17:01 INFO  Keywords:124 - InputText is called
2024-03-21 16:17:01 INFO  Keywords:282 - Waiting for webElement...existanceterminating.ReasonReplacement
2024-03-21 16:17:01 INFO  Keywords:285 - Element found...existanceterminating.ReasonReplacement
2024-03-21 16:17:01 INFO  Keywords:124 - InputText is called
2024-03-21 16:17:01 INFO  Keywords:282 - Waiting for webElement...existanceterminating.NoOfPolicy
2024-03-21 16:17:01 INFO  Keywords:285 - Element found...existanceterminating.NoOfPolicy
2024-03-21 16:17:01 INFO  Keywords:124 - InputText is called
2024-03-21 16:17:01 INFO  Keywords:282 - Waiting for webElement...existanceterminating.PremiumPayment
2024-03-21 16:17:01 INFO  Keywords:285 - Element found...existanceterminating.PremiumPayment
2024-03-21 16:17:01 INFO  Keywords:124 - InputText is called
2024-03-21 16:17:01 INFO  Keywords:282 - Waiting for webElement...existanceterminating.FrequencyPremium
2024-03-21 16:17:01 INFO  Keywords:285 - Element found...existanceterminating.FrequencyPremium
2024-03-21 16:17:02 INFO  Keywords:124 - InputText is called
2024-03-21 16:17:02 INFO  Keywords:282 - Waiting for webElement...existanceterminating.AmountBeingExchanged
2024-03-21 16:17:02 INFO  Keywords:285 - Element found...existanceterminating.AmountBeingExchanged
2024-03-21 16:17:02 INFO  Keywords:124 - InputText is called
2024-03-21 16:17:02 INFO  Keywords:282 - Waiting for webElement...existanceterminating.SurrenderCharge
2024-03-21 16:17:02 INFO  Keywords:285 - Element found...existanceterminating.SurrenderCharge
2024-03-21 16:17:02 INFO  Keywords:124 - InputText is called
2024-03-21 16:17:02 INFO  Keywords:282 - Waiting for webElement...existanceterminating.DeathBenefit
2024-03-21 16:17:02 INFO  Keywords:285 - Element found...existanceterminating.DeathBenefit
2024-03-21 16:17:02 INFO  Keywords:124 - InputText is called
2024-03-21 16:17:02 INFO  Keywords:282 - Waiting for webElement...existanceterminating.SpecialFeatures
2024-03-21 16:17:02 INFO  Keywords:285 - Element found...existanceterminating.SpecialFeatures
2024-03-21 16:17:02 INFO  Keywords:282 - Waiting for webElement...existinginsurance.longtermpolicyYes
2024-03-21 16:17:02 INFO  Keywords:285 - Element found...existinginsurance.longtermpolicyYes
2024-03-21 16:17:02 INFO  Keywords:124 - InputText is called
2024-03-21 16:17:02 INFO  Keywords:282 - Waiting for webElement...existinglongtermpolicy.InsuranceName
2024-03-21 16:17:02 INFO  Keywords:285 - Element found...existinglongtermpolicy.InsuranceName
2024-03-21 16:17:02 INFO  Keywords:124 - InputText is called
2024-03-21 16:17:02 INFO  Keywords:282 - Waiting for webElement...existinglongtermpolicy.policyCertificateNumber
2024-03-21 16:17:02 INFO  Keywords:285 - Element found...existinglongtermpolicy.policyCertificateNumber
2024-03-21 16:17:02 INFO  Keywords:124 - InputText is called
2024-03-21 16:17:02 INFO  Keywords:282 - Waiting for webElement...existinglongtermpolicy.ProductName
2024-03-21 16:17:02 INFO  Keywords:285 - Element found...existinglongtermpolicy.ProductName
2024-03-21 16:17:02 INFO  Keywords:282 - Waiting for webElement...existinglongtermpolicy.ProductType
2024-03-21 16:17:02 INFO  Keywords:285 - Element found...existinglongtermpolicy.ProductType
2024-03-21 16:17:03 INFO  Keywords:124 - InputText is called
2024-03-21 16:17:03 INFO  Keywords:282 - Waiting for webElement...existinglongtermpolicy.Insured
2024-03-21 16:17:03 INFO  Keywords:285 - Element found...existinglongtermpolicy.Insured
2024-03-21 16:17:03 INFO  Keywords:124 - InputText is called
2024-03-21 16:17:03 INFO  Keywords:282 - Waiting for webElement...existinglongtermpolicy.Owner
2024-03-21 16:17:03 INFO  Keywords:285 - Element found...existinglongtermpolicy.Owner
2024-03-21 16:17:03 INFO  Keywords:124 - InputText is called
2024-03-21 16:17:03 INFO  Keywords:282 - Waiting for webElement...existinglongtermpolicy.DailyBenefit
2024-03-21 16:17:03 INFO  Keywords:285 - Element found...existinglongtermpolicy.DailyBenefit
2024-03-21 16:17:03 INFO  Keywords:124 - InputText is called
2024-03-21 16:17:03 INFO  Keywords:282 - Waiting for webElement...existinglongtermpolicy.AmountOfInsurance
2024-03-21 16:17:03 INFO  Keywords:285 - Element found...existinglongtermpolicy.AmountOfInsurance
2024-03-21 16:17:03 INFO  Keywords:124 - InputText is called
2024-03-21 16:17:03 INFO  Keywords:282 - Waiting for webElement...existinglongtermpolicy.benefitAmount
2024-03-21 16:17:03 INFO  Keywords:285 - Element found...existinglongtermpolicy.benefitAmount
2024-03-21 16:17:03 INFO  Keywords:124 - InputText is called
2024-03-21 16:17:03 INFO  Keywords:282 - Waiting for webElement...existinglongtermpolicy.benefitPeriod
2024-03-21 16:17:03 INFO  Keywords:285 - Element found...existinglongtermpolicy.benefitPeriod
2024-03-21 16:17:03 INFO  Keywords:282 - Waiting for webElement...existinginsurance.longterminsuranceYes
2024-03-21 16:17:03 INFO  Keywords:285 - Element found...existinginsurance.longterminsuranceYes
2024-03-21 16:17:03 INFO  Keywords:124 - InputText is called
2024-03-21 16:17:03 INFO  Keywords:282 - Waiting for webElement...existinglongterminsurance.InsuranceCompany
2024-03-21 16:17:04 INFO  Keywords:285 - Element found...existinglongterminsurance.InsuranceCompany
2024-03-21 16:17:04 INFO  Keywords:124 - InputText is called
2024-03-21 16:17:04 INFO  Keywords:282 - Waiting for webElement...existinglongterminsurance.Certificate
2024-03-21 16:17:04 INFO  Keywords:285 - Element found...existinglongterminsurance.Certificate
2024-03-21 16:17:04 INFO  Keywords:124 - InputText is called
2024-03-21 16:17:04 INFO  Keywords:282 - Waiting for webElement...existinglongterminsurance.LTCBenefit
2024-03-21 16:17:04 INFO  Keywords:285 - Element found...existinglongterminsurance.LTCBenefit
2024-03-21 16:17:04 INFO  Keywords:124 - InputText is called
2024-03-21 16:17:04 INFO  Keywords:282 - Waiting for webElement...existinglongterminsurance.IssueDate
2024-03-21 16:17:04 INFO  Keywords:285 - Element found...existinglongterminsurance.IssueDate
2024-03-21 16:17:04 INFO  Keywords:124 - InputText is called
2024-03-21 16:17:04 INFO  Keywords:282 - Waiting for webElement...existinglongterminsurance.LapseDate
2024-03-21 16:17:04 INFO  Keywords:285 - Element found...existinglongterminsurance.LapseDate
2024-03-21 16:17:04 INFO  Keywords:135 - ClickOnLink is called
2024-03-21 16:17:04 INFO  Keywords:282 - Waiting for webElement...next
2024-03-21 16:17:04 INFO  Keywords:285 - Element found...next
2024-03-21 16:17:25 INFO  Keywords:135 - ClickOnLink is called
2024-03-21 16:17:25 INFO  Keywords:282 - Waiting for webElement...next
2024-03-21 16:17:25 INFO  Keywords:285 - Element found...next
2024-03-21 16:17:47 INFO  Keywords:124 - InputText is called
2024-03-21 16:17:47 INFO  Keywords:282 - Waiting for webElement...additionalclientquestion.q1
2024-03-21 16:17:47 INFO  Keywords:285 - Element found...additionalclientquestion.q1
2024-03-21 16:17:47 INFO  Keywords:124 - InputText is called
2024-03-21 16:17:47 INFO  Keywords:282 - Waiting for webElement...additionalclientquestion.q2
2024-03-21 16:17:47 INFO  Keywords:285 - Element found...additionalclientquestion.q2
2024-03-21 16:17:47 INFO  Keywords:124 - InputText is called
2024-03-21 16:17:47 INFO  Keywords:282 - Waiting for webElement...additionalclientquestion.q3
2024-03-21 16:17:47 INFO  Keywords:285 - Element found...additionalclientquestion.q3
2024-03-21 16:17:47 INFO  Keywords:124 - InputText is called
2024-03-21 16:17:47 INFO  Keywords:282 - Waiting for webElement...additionalclientquestion.q4
2024-03-21 16:18:38 INFO  Keywords:124 - InputText is called
2024-03-21 16:18:38 INFO  Keywords:282 - Waiting for webElement...additionalclientquestion.q5
2024-03-21 16:19:28 INFO  Keywords:482 - GetText is called
2024-03-21 16:19:28 INFO  Keywords:282 - Waiting for webElement...ebixTxnID
2024-03-21 16:19:28 INFO  Keywords:285 - Element found...ebixTxnID
2024-03-21 16:19:28 INFO  Keywords:486 - LinkId: 526193
2024-03-21 16:19:28 INFO  Keywords:530 - LinkId: 526193
2024-03-21 16:19:29 INFO  Keywords:482 - GetText is called
2024-03-21 16:19:29 INFO  Keywords:282 - Waiting for webElement...ebixTxnID
2024-03-21 16:19:29 INFO  Keywords:285 - Element found...ebixTxnID
2024-03-21 16:19:29 INFO  Keywords:486 - LinkId: 526193
2024-03-21 16:19:29 INFO  Keywords:135 - ClickOnLink is called
2024-03-21 16:19:29 INFO  Keywords:282 - Waiting for webElement...next
2024-03-21 16:19:29 INFO  Keywords:285 - Element found...next
2024-03-21 16:19:51 INFO  Keywords:135 - ClickOnLink is called
2024-03-21 16:19:51 INFO  Keywords:282 - Waiting for webElement...validate.button
2024-03-21 16:19:51 INFO  Keywords:285 - Element found...validate.button
2024-03-21 16:20:23 INFO  Keywords:135 - ClickOnLink is called
2024-03-21 16:20:23 INFO  Keywords:282 - Waiting for webElement...notification.continue
2024-03-21 16:20:23 INFO  Keywords:285 - Element found...notification.continue
2024-03-21 16:20:39 INFO  Keywords:135 - ClickOnLink is called
2024-03-21 16:20:39 INFO  Keywords:282 - Waiting for webElement...esignature.optout
2024-03-21 16:20:39 INFO  Keywords:285 - Element found...esignature.optout
2024-03-21 16:22:10 INFO  Keywords:147 - VerifyText is called
2024-03-21 16:22:10 INFO  Keywords:282 - Waiting for webElement...WebElement
2024-03-21 16:22:10 INFO  Keywords:135 - ClickOnLink is called
2024-03-21 16:22:10 INFO  Keywords:282 - Waiting for webElement...attachment
2024-03-21 16:22:10 INFO  Keywords:285 - Element found...attachment
2024-03-21 16:22:11 INFO  Keywords:282 - Waiting for webElement...attachment.documenttype
2024-03-21 16:22:11 INFO  Keywords:285 - Element found...attachment.documenttype
2024-03-21 16:22:11 INFO  Keywords:124 - InputText is called
2024-03-21 16:22:11 INFO  Keywords:282 - Waiting for webElement...attachment.choosefile
2024-03-21 16:22:11 INFO  Keywords:285 - Element found...attachment.choosefile
2024-03-21 16:22:12 INFO  Keywords:135 - ClickOnLink is called
2024-03-21 16:22:12 INFO  Keywords:282 - Waiting for webElement...attachment.upload
2024-03-21 16:22:12 INFO  Keywords:285 - Element found...attachment.upload
2024-03-21 16:22:32 INFO  Keywords:135 - ClickOnLink is called
2024-03-21 16:22:32 INFO  Keywords:282 - Waiting for webElement...RequestSignatures
2024-03-21 16:22:32 INFO  Keywords:285 - Element found...RequestSignatures
2024-03-21 16:22:54 INFO  Keywords:282 - Waiting for webElement...attachment.documenttype
2024-03-21 16:22:54 INFO  Keywords:285 - Element found...attachment.documenttype
2024-03-21 16:22:54 INFO  Keywords:124 - InputText is called
2024-03-21 16:22:54 INFO  Keywords:282 - Waiting for webElement...attachment.choosefile
2024-03-21 16:22:54 INFO  Keywords:285 - Element found...attachment.choosefile
2024-03-21 16:22:54 INFO  Keywords:135 - ClickOnLink is called
2024-03-21 16:22:54 INFO  Keywords:282 - Waiting for webElement...attachment.upload
2024-03-21 16:22:54 INFO  Keywords:285 - Element found...attachment.upload
2024-03-21 16:23:14 INFO  Keywords:135 - ClickOnLink is called
2024-03-21 16:23:14 INFO  Keywords:282 - Waiting for webElement...SubmitButton
2024-03-21 16:23:14 INFO  Keywords:285 - Element found...SubmitButton
2024-03-21 16:24:49 INFO  Keywords:428 - switching to parent window...
2024-03-21 16:24:49 INFO  Keywords:98 - Navigate is called
2024-03-21 16:24:51 INFO  Keywords:496 - ClearText is called
2024-03-21 16:24:51 INFO  Keywords:282 - Waiting for webElement...gateway.username
2024-03-21 16:24:51 INFO  Keywords:285 - Element found...gateway.username
2024-03-21 16:24:51 INFO  Keywords:500 - LinkId: 526193
2024-03-21 16:24:51 INFO  Keywords:124 - InputText is called
2024-03-21 16:24:51 INFO  Keywords:282 - Waiting for webElement...gateway.username
2024-03-21 16:24:51 INFO  Keywords:285 - Element found...gateway.username
2024-03-21 16:24:51 INFO  Keywords:496 - ClearText is called
2024-03-21 16:24:51 INFO  Keywords:282 - Waiting for webElement...gateway.password
2024-03-21 16:24:51 INFO  Keywords:285 - Element found...gateway.password
2024-03-21 16:24:51 INFO  Keywords:500 - LinkId: 526193
2024-03-21 16:24:51 INFO  Keywords:124 - InputText is called
2024-03-21 16:24:51 INFO  Keywords:282 - Waiting for webElement...gateway.password
2024-03-21 16:24:51 INFO  Keywords:285 - Element found...gateway.password
2024-03-21 16:24:51 INFO  Keywords:135 - ClickOnLink is called
2024-03-21 16:24:51 INFO  Keywords:282 - Waiting for webElement...gateway.login
2024-03-21 16:24:51 INFO  Keywords:285 - Element found...gateway.login
2024-03-21 16:25:10 INFO  Keywords:135 - ClickOnLink is called
2024-03-21 16:25:10 INFO  Keywords:282 - Waiting for webElement...management
2024-03-21 16:25:10 INFO  Keywords:285 - Element found...management
2024-03-21 16:25:10 INFO  Keywords:282 - Waiting for webElement...managementTools
2024-03-21 16:25:10 INFO  Keywords:285 - Element found...managementTools
2024-03-21 16:25:12 INFO  Keywords:135 - ClickOnLink is called
2024-03-21 16:25:12 INFO  Keywords:282 - Waiting for webElement...feedManagement
2024-03-21 16:25:12 INFO  Keywords:285 - Element found...feedManagement
2024-03-21 16:25:28 INFO  Keywords:135 - ClickOnLink is called
2024-03-21 16:25:28 INFO  Keywords:282 - Waiting for webElement...searchPanel
2024-03-21 16:25:28 INFO  Keywords:285 - Element found...searchPanel
2024-03-21 16:25:28 INFO  Keywords:282 - Waiting for webElement...selectTransactionID
2024-03-21 16:25:28 INFO  Keywords:285 - Element found...selectTransactionID
2024-03-21 16:25:29 INFO  Keywords:124 - InputText is called
2024-03-21 16:25:29 INFO  Keywords:282 - Waiting for webElement...enterTransactioID
2024-03-21 16:25:29 INFO  Keywords:285 - Element found...enterTransactioID
2024-03-21 16:25:29 INFO  Keywords:135 - ClickOnLink is called
2024-03-21 16:25:29 INFO  Keywords:282 - Waiting for webElement...searchbutton
2024-03-21 16:25:29 INFO  Keywords:285 - Element found...searchbutton
2024-03-21 16:25:45 INFO  Keywords:135 - ClickOnLink is called
2024-03-21 16:25:45 INFO  Keywords:282 - Waiting for webElement...transactionSearchmyResult
2024-03-21 16:25:45 INFO  Keywords:285 - Element found...transactionSearchmyResult
2024-03-21 16:26:01 INFO  Keywords:135 - ClickOnLink is called
2024-03-21 16:26:01 INFO  Keywords:282 - Waiting for webElement...onenotThree
2024-03-21 16:26:01 INFO  Keywords:285 - Element found...onenotThree
2024-03-21 16:26:02 INFO  Keywords:282 - Waiting for webElement...103ResponseXML
2024-03-21 16:26:44 INFO  Keywords:428 - switching to parent window...
2024-03-21 16:26:44 INFO  Keywords:98 - Navigate is called
2024-03-21 16:26:45 INFO  Keywords:496 - ClearText is called
2024-03-21 16:26:45 INFO  Keywords:282 - Waiting for webElement...gateway.username
2024-03-21 16:26:45 INFO  Keywords:285 - Element found...gateway.username
2024-03-21 16:26:45 INFO  Keywords:500 - LinkId: 526193
2024-03-21 16:26:45 INFO  Keywords:124 - InputText is called
2024-03-21 16:26:45 INFO  Keywords:282 - Waiting for webElement...gateway.username
2024-03-21 16:26:45 INFO  Keywords:285 - Element found...gateway.username
2024-03-21 16:26:45 INFO  Keywords:496 - ClearText is called
2024-03-21 16:26:45 INFO  Keywords:282 - Waiting for webElement...gateway.password
2024-03-21 16:26:45 INFO  Keywords:285 - Element found...gateway.password
2024-03-21 16:26:45 INFO  Keywords:500 - LinkId: 526193
2024-03-21 16:26:45 INFO  Keywords:124 - InputText is called
2024-03-21 16:26:45 INFO  Keywords:282 - Waiting for webElement...gateway.password
2024-03-21 16:26:45 INFO  Keywords:285 - Element found...gateway.password
2024-03-21 16:26:45 INFO  Keywords:135 - ClickOnLink is called
2024-03-21 16:26:45 INFO  Keywords:282 - Waiting for webElement...gateway.login
2024-03-21 16:26:45 INFO  Keywords:285 - Element found...gateway.login
2024-03-21 16:27:04 INFO  Keywords:135 - ClickOnLink is called
2024-03-21 16:27:04 INFO  Keywords:282 - Waiting for webElement...management
2024-03-21 16:27:04 INFO  Keywords:285 - Element found...management
2024-03-21 16:27:04 INFO  Keywords:282 - Waiting for webElement...managementTools
2024-03-21 16:27:04 INFO  Keywords:285 - Element found...managementTools
2024-03-21 16:27:05 INFO  Keywords:135 - ClickOnLink is called
2024-03-21 16:27:05 INFO  Keywords:282 - Waiting for webElement...feedManagement
2024-03-21 16:27:05 INFO  Keywords:285 - Element found...feedManagement
2024-03-21 16:27:22 INFO  Keywords:135 - ClickOnLink is called
2024-03-21 16:27:22 INFO  Keywords:282 - Waiting for webElement...searchPanel
2024-03-21 16:27:22 INFO  Keywords:285 - Element found...searchPanel
2024-03-21 16:27:22 INFO  Keywords:282 - Waiting for webElement...selectTransactionID
2024-03-21 16:27:22 INFO  Keywords:285 - Element found...selectTransactionID
2024-03-21 16:27:22 INFO  Keywords:124 - InputText is called
2024-03-21 16:27:22 INFO  Keywords:282 - Waiting for webElement...enterTransactioID
2024-03-21 16:27:22 INFO  Keywords:285 - Element found...enterTransactioID
2024-03-21 16:27:22 INFO  Keywords:135 - ClickOnLink is called
2024-03-21 16:27:22 INFO  Keywords:282 - Waiting for webElement...searchbutton
2024-03-21 16:27:22 INFO  Keywords:285 - Element found...searchbutton
2024-03-21 16:27:39 INFO  Keywords:135 - ClickOnLink is called
2024-03-21 16:27:39 INFO  Keywords:282 - Waiting for webElement...transactionSearchmyResult
2024-03-21 16:27:39 INFO  Keywords:285 - Element found...transactionSearchmyResult
2024-03-21 16:27:55 INFO  Keywords:135 - ClickOnLink is called
2024-03-21 16:27:55 INFO  Keywords:282 - Waiting for webElement...RTSMButton
2024-03-21 16:27:55 INFO  Keywords:285 - Element found...RTSMButton
2024-03-21 16:27:56 INFO  Keywords:282 - Waiting for webElement...RTSMResponseXML
2024-03-21 16:28:39 INFO  Keywords:98 - Navigate is called
