2024-07-31 11:37:26 INFO  Keywords:102 - Navigate is called
2024-07-31 11:37:28 INFO  Keywords:128 - InputText is called
2024-07-31 11:37:28 INFO  Keywords:299 - Waiting for webElement...gateway.username
2024-07-31 11:37:29 INFO  Keywords:303 - Element found...gateway.username
2024-07-31 11:37:29 INFO  Keywords:128 - InputText is called
2024-07-31 11:37:29 INFO  Keywords:299 - Waiting for webElement...gateway.password
2024-07-31 11:37:29 INFO  Keywords:303 - Element found...gateway.password
2024-07-31 11:37:29 INFO  Keywords:139 - ClickOnLink is called
2024-07-31 11:37:29 INFO  Keywords:299 - Waiting for webElement...gateway.login
2024-07-31 11:37:29 INFO  Keywords:303 - Element found...gateway.login
2024-07-31 11:38:09 INFO  Keywords:139 - ClickOnLink is called
2024-07-31 11:38:09 INFO  Keywords:299 - Waiting for webElement...postsamldata
2024-07-31 11:38:09 INFO  Keywords:303 - Element found...postsamldata
2024-07-31 11:38:25 INFO  Keywords:139 - ClickOnLink is called
2024-07-31 11:38:25 INFO  Keywords:299 - Waiting for webElement...next
2024-07-31 11:38:34 INFO  Keywords:303 - Element found...next
2024-07-31 11:38:55 INFO  Keywords:128 - InputText is called
2024-07-31 11:38:55 INFO  Keywords:299 - Waiting for webElement...policyConfiguration.insuranceamount
2024-07-31 11:39:05 INFO  Keywords:299 - Waiting for webElement...policyConfiguration.LTC
2024-07-31 11:39:15 INFO  Keywords:299 - Waiting for webElement...policyConfiguration.payors
2024-07-31 11:39:26 INFO  Keywords:299 - Waiting for webElement...policyConfiguration.purposeofpolicy
2024-07-31 11:39:36 INFO  Keywords:139 - ClickOnLink is called
2024-07-31 11:39:36 INFO  Keywords:299 - Waiting for webElement...next
2024-07-31 11:39:36 INFO  Keywords:303 - Element found...next
2024-07-31 11:41:06 INFO  Keywords:299 - Waiting for webElement...primaryinsured.birthcountry
2024-07-31 11:41:16 INFO  Keywords:299 - Waiting for webElement...primaryinsured.birthstate
2024-07-31 11:41:26 INFO  Keywords:128 - InputText is called
2024-07-31 11:41:26 INFO  Keywords:299 - Waiting for webElement...primaryinsured.birthcity
2024-07-31 11:41:36 INFO  Keywords:139 - ClickOnLink is called
2024-07-31 11:41:36 INFO  Keywords:299 - Waiting for webElement...next
2024-07-31 11:41:36 INFO  Keywords:303 - Element found...next
2024-07-31 11:41:52 INFO  Keywords:139 - ClickOnLink is called
2024-07-31 11:41:52 INFO  Keywords:299 - Waiting for webElement...next
2024-07-31 11:41:52 INFO  Keywords:303 - Element found...next
2024-07-31 11:41:52 INFO  Keywords:299 - Waiting for webElement...naturalOwner.relationwithInsured
2024-07-31 11:42:02 INFO  Keywords:139 - ClickOnLink is called
2024-07-31 11:42:02 INFO  Keywords:299 - Waiting for webElement...next
2024-07-31 11:42:02 INFO  Keywords:303 - Element found...next
2024-07-31 11:42:18 INFO  Keywords:299 - Waiting for webElement...financialDetails.SourceOfFundsLI
2024-07-31 11:42:28 INFO  Keywords:299 - Waiting for webElement...financialDetails.SurrenderChargeSOFLI
2024-07-31 11:42:39 INFO  Keywords:299 - Waiting for webElement...financialDetails.envisiontaking
2024-07-31 11:42:49 INFO  Keywords:299 - Waiting for webElement...financialDetails.federalfaxbracket
2024-07-31 11:42:59 INFO  Keywords:299 - Waiting for webElement...financialDetails.riskTolerance
2024-07-31 11:43:09 INFO  Keywords:299 - Waiting for webElement...financialDetails.Investmentobjectives
2024-07-31 11:43:19 INFO  Keywords:299 - Waiting for webElement...financialDetails.timehorizon
2024-07-31 11:43:29 INFO  Keywords:299 - Waiting for webElement...financialDetails.investmentexperienceFA
2024-07-31 11:43:39 INFO  Keywords:128 - InputText is called
2024-07-31 11:43:39 INFO  Keywords:299 - Waiting for webElement...financialDetails.investmentstartyear
2024-07-31 11:43:49 INFO  Keywords:128 - InputText is called
2024-07-31 11:43:49 INFO  Keywords:299 - Waiting for webElement...financialdetails.wages
2024-07-31 11:43:59 INFO  Keywords:128 - InputText is called
2024-07-31 11:43:59 INFO  Keywords:299 - Waiting for webElement...financialdetails.livingexpenses
2024-07-31 11:44:09 INFO  Keywords:128 - InputText is called
2024-07-31 11:44:09 INFO  Keywords:299 - Waiting for webElement...financialdetails.personalinvestment
2024-07-31 11:44:19 INFO  Keywords:128 - InputText is called
2024-07-31 11:44:19 INFO  Keywords:299 - Waiting for webElement...financialdetails.fixeddebtexpenses
2024-07-31 11:44:30 INFO  Keywords:128 - InputText is called
2024-07-31 11:44:30 INFO  Keywords:299 - Waiting for webElement...financialdetails.rentalincome
2024-07-31 11:44:40 INFO  Keywords:128 - InputText is called
2024-07-31 11:44:40 INFO  Keywords:299 - Waiting for webElement...financialdetails.variabledebtexpenses
2024-07-31 11:44:50 INFO  Keywords:128 - InputText is called
2024-07-31 11:44:50 INFO  Keywords:299 - Waiting for webElement...financialdetails.incomepension
2024-07-31 11:45:00 INFO  Keywords:128 - InputText is called
2024-07-31 11:45:00 INFO  Keywords:299 - Waiting for webElement...financialdetails.discretionaryexpenses
2024-07-31 11:45:10 INFO  Keywords:128 - InputText is called
2024-07-31 11:45:10 INFO  Keywords:299 - Waiting for webElement...financialdetails.socialsecurityincome
2024-07-31 11:45:20 INFO  Keywords:128 - InputText is called
2024-07-31 11:45:20 INFO  Keywords:299 - Waiting for webElement...financialdetails.otherincome
2024-07-31 11:45:30 INFO  Keywords:128 - InputText is called
2024-07-31 11:45:30 INFO  Keywords:299 - Waiting for webElement...financialdetails.bonds
2024-07-31 11:45:40 INFO  Keywords:128 - InputText is called
2024-07-31 11:45:40 INFO  Keywords:299 - Waiting for webElement...financialdetails.businessTrustRealstate
2024-07-31 11:45:50 INFO  Keywords:128 - InputText is called
2024-07-31 11:45:50 INFO  Keywords:299 - Waiting for webElement...financialdetails.retirementplan
2024-07-31 11:46:00 INFO  Keywords:128 - InputText is called
2024-07-31 11:46:00 INFO  Keywords:299 - Waiting for webElement...financialdetails.equities
2024-07-31 11:46:10 INFO  Keywords:128 - InputText is called
2024-07-31 11:46:10 INFO  Keywords:299 - Waiting for webElement...financialdetails.facevalueilfeinsurance
2024-07-31 11:46:21 INFO  Keywords:128 - InputText is called
2024-07-31 11:46:21 INFO  Keywords:299 - Waiting for webElement...financialdetails.fixedannuity
2024-07-31 11:46:31 INFO  Keywords:128 - InputText is called
2024-07-31 11:46:31 INFO  Keywords:299 - Waiting for webElement...financialdetails.indexannuity
2024-07-31 11:46:41 INFO  Keywords:128 - InputText is called
2024-07-31 11:46:41 INFO  Keywords:299 - Waiting for webElement...financialdetails.liquidnetworth
2024-07-31 11:46:51 INFO  Keywords:128 - InputText is called
2024-07-31 11:46:51 INFO  Keywords:299 - Waiting for webElement...financialdetails.mutualfund
2024-07-31 11:47:01 INFO  Keywords:128 - InputText is called
2024-07-31 11:47:01 INFO  Keywords:299 - Waiting for webElement...financialdetails.otherbrokerage
2024-07-31 11:47:11 INFO  Keywords:128 - InputText is called
2024-07-31 11:47:11 INFO  Keywords:299 - Waiting for webElement...financialdetails.policypremium
2024-07-31 11:47:21 INFO  Keywords:128 - InputText is called
2024-07-31 11:47:21 INFO  Keywords:299 - Waiting for webElement...financialdetails.variableannuity
2024-07-31 11:47:31 INFO  Keywords:128 - InputText is called
2024-07-31 11:47:31 INFO  Keywords:299 - Waiting for webElement...financialdetails.totalpremium
2024-07-31 11:47:41 INFO  Keywords:299 - Waiting for webElement...financialdetails.anticipatedchanges
2024-07-31 11:47:51 INFO  Keywords:299 - Waiting for webElement...financialdetails.nonguaranteedelement
2024-07-31 11:48:01 INFO  Keywords:299 - Waiting for webElement...financialdetails.reversemortgage
2024-07-31 11:48:11 INFO  Keywords:139 - ClickOnLink is called
2024-07-31 11:48:11 INFO  Keywords:299 - Waiting for webElement...next
2024-07-31 11:48:11 INFO  Keywords:303 - Element found...next
2024-07-31 11:48:28 INFO  Keywords:299 - Waiting for webElement...payment.modal
2024-07-31 11:48:54 INFO  Keywords:299 - Waiting for webElement...payment.method
2024-07-31 11:49:04 INFO  Keywords:128 - InputText is called
2024-07-31 11:49:04 INFO  Keywords:299 - Waiting for webElement...payment.premium
2024-07-31 11:49:14 INFO  Keywords:139 - ClickOnLink is called
2024-07-31 11:49:14 INFO  Keywords:299 - Waiting for webElement...next
2024-07-31 11:49:14 INFO  Keywords:303 - Element found...next
2024-07-31 11:49:30 INFO  Keywords:299 - Waiting for webElement...existinginsurance.borrowingfunds
2024-07-31 11:49:40 INFO  Keywords:299 - Waiting for webElement...existinginsurance.terminatingexistinglifepolicy
2024-07-31 11:49:50 INFO  Keywords:299 - Waiting for webElement...existinginsurance.longtermcoverage
2024-07-31 11:50:00 INFO  Keywords:299 - Waiting for webElement...existanceterminating.InsuranceCompanyName
2024-07-31 11:50:10 INFO  Keywords:128 - InputText is called
2024-07-31 11:50:10 INFO  Keywords:299 - Waiting for webElement...existanceterminating.ProductName
2024-07-31 11:50:20 INFO  Keywords:128 - InputText is called
2024-07-31 11:50:20 INFO  Keywords:299 - Waiting for webElement...existanceterminating.Insured
2024-07-31 11:50:30 INFO  Keywords:128 - InputText is called
2024-07-31 11:50:30 INFO  Keywords:299 - Waiting for webElement...existanceterminating.Owner
2024-07-31 11:50:41 INFO  Keywords:128 - InputText is called
2024-07-31 11:50:41 INFO  Keywords:299 - Waiting for webElement...existanceterminating.DateIssued
2024-07-31 11:50:51 INFO  Keywords:128 - InputText is called
2024-07-31 11:50:51 INFO  Keywords:299 - Waiting for webElement...existanceterminating.AmountOfInsurance
2024-07-31 11:51:01 INFO  Keywords:299 - Waiting for webElement...existanceterminating.ExistingInsuranceType
2024-07-31 11:51:11 INFO  Keywords:299 - Waiting for webElement...existanceterminating.ProductType
2024-07-31 11:51:21 INFO  Keywords:299 - Waiting for webElement...existanceterminating.LifeProductType
2024-07-31 11:51:31 INFO  Keywords:128 - InputText is called
2024-07-31 11:51:31 INFO  Keywords:299 - Waiting for webElement...existanceterminating.PolicyNo
2024-07-31 11:51:41 INFO  Keywords:299 - Waiting for webElement...existanceterminating.PurposeOfPolicy
2024-07-31 11:51:51 INFO  Keywords:299 - Waiting for webElement...existanceterminating.FundsNewPolicy
2024-07-31 11:52:01 INFO  Keywords:299 - Waiting for webElement...existanceterminating.ReplacingNewPolicy
2024-07-31 11:52:11 INFO  Keywords:299 - Waiting for webElement...existanceterminating.ReplacementThType
2024-07-31 11:52:21 INFO  Keywords:299 - Waiting for webElement...existance.suvivorship
2024-07-31 11:52:31 INFO  Keywords:299 - Waiting for webElement...existnace.soldSettled
2024-07-31 11:52:42 INFO  Keywords:299 - Waiting for webElement...existanceterminating.1035ThExchange
2024-07-31 11:52:52 INFO  Keywords:128 - InputText is called
2024-07-31 11:52:52 INFO  Keywords:299 - Waiting for webElement...existanceterminating.ReasonReplacement
2024-07-31 11:53:02 INFO  Keywords:128 - InputText is called
2024-07-31 11:53:02 INFO  Keywords:299 - Waiting for webElement...existanceterminating.NoOfPolicy
2024-07-31 11:53:12 INFO  Keywords:128 - InputText is called
2024-07-31 11:53:12 INFO  Keywords:299 - Waiting for webElement...existanceterminating.PremiumPayment
2024-07-31 11:53:22 INFO  Keywords:128 - InputText is called
2024-07-31 11:53:22 INFO  Keywords:299 - Waiting for webElement...existanceterminating.FrequencyPremium
2024-07-31 11:53:32 INFO  Keywords:128 - InputText is called
2024-07-31 11:53:32 INFO  Keywords:299 - Waiting for webElement...existanceterminating.AmountBeingExchanged
2024-07-31 11:53:42 INFO  Keywords:128 - InputText is called
2024-07-31 11:53:42 INFO  Keywords:299 - Waiting for webElement...existanceterminating.SurrenderCharge
2024-07-31 11:53:52 INFO  Keywords:128 - InputText is called
2024-07-31 11:53:52 INFO  Keywords:299 - Waiting for webElement...existanceterminating.DeathBenefit
2024-07-31 11:54:02 INFO  Keywords:128 - InputText is called
2024-07-31 11:54:02 INFO  Keywords:299 - Waiting for webElement...existanceterminating.SpecialFeatures
2024-07-31 11:54:12 INFO  Keywords:299 - Waiting for webElement...existinginsurance.longtermpolicyYes
2024-07-31 11:54:22 INFO  Keywords:128 - InputText is called
2024-07-31 11:54:22 INFO  Keywords:299 - Waiting for webElement...existinglongtermpolicy.InsuranceName
2024-07-31 11:54:32 INFO  Keywords:128 - InputText is called
2024-07-31 11:54:32 INFO  Keywords:299 - Waiting for webElement...existinglongtermpolicy.policyCertificateNumber
2024-07-31 11:54:43 INFO  Keywords:128 - InputText is called
2024-07-31 11:54:43 INFO  Keywords:299 - Waiting for webElement...existinglongtermpolicy.ProductName
2024-07-31 11:54:53 INFO  Keywords:299 - Waiting for webElement...existinglongtermpolicy.ProductType
2024-07-31 11:55:03 INFO  Keywords:128 - InputText is called
2024-07-31 11:55:03 INFO  Keywords:299 - Waiting for webElement...existinglongtermpolicy.Insured
2024-07-31 11:55:13 INFO  Keywords:128 - InputText is called
2024-07-31 11:55:13 INFO  Keywords:299 - Waiting for webElement...existinglongtermpolicy.Owner
2024-07-31 11:55:23 INFO  Keywords:128 - InputText is called
2024-07-31 11:55:23 INFO  Keywords:299 - Waiting for webElement...existinglongtermpolicy.DailyBenefit
2024-07-31 11:55:33 INFO  Keywords:128 - InputText is called
2024-07-31 11:55:33 INFO  Keywords:299 - Waiting for webElement...existinglongtermpolicy.AmountOfInsurance
2024-07-31 11:55:43 INFO  Keywords:128 - InputText is called
2024-07-31 11:55:43 INFO  Keywords:299 - Waiting for webElement...existinglongtermpolicy.benefitAmount
2024-07-31 11:55:53 INFO  Keywords:128 - InputText is called
2024-07-31 11:55:53 INFO  Keywords:299 - Waiting for webElement...existinglongtermpolicy.benefitPeriod
2024-07-31 11:56:03 INFO  Keywords:299 - Waiting for webElement...existinginsurance.longterminsuranceYes
2024-07-31 11:56:13 INFO  Keywords:128 - InputText is called
2024-07-31 11:56:13 INFO  Keywords:299 - Waiting for webElement...existinglongterminsurance.InsuranceCompany
2024-07-31 11:56:23 INFO  Keywords:128 - InputText is called
2024-07-31 11:56:23 INFO  Keywords:299 - Waiting for webElement...existinglongterminsurance.Certificate
2024-07-31 11:56:33 INFO  Keywords:128 - InputText is called
2024-07-31 11:56:33 INFO  Keywords:299 - Waiting for webElement...existinglongterminsurance.LTCBenefit
2024-07-31 11:56:44 INFO  Keywords:128 - InputText is called
2024-07-31 11:56:44 INFO  Keywords:299 - Waiting for webElement...existinglongterminsurance.IssueDate
2024-07-31 11:56:54 INFO  Keywords:299 - Waiting for webElement...existinglongterminsurance.LapseDate
2024-07-31 11:57:04 INFO  Keywords:139 - ClickOnLink is called
2024-07-31 11:57:04 INFO  Keywords:299 - Waiting for webElement...next
2024-07-31 11:57:04 INFO  Keywords:303 - Element found...next
2024-07-31 11:57:20 INFO  Keywords:139 - ClickOnLink is called
2024-07-31 11:57:20 INFO  Keywords:299 - Waiting for webElement...next
2024-07-31 11:57:20 INFO  Keywords:303 - Element found...next
2024-07-31 11:57:36 INFO  Keywords:128 - InputText is called
2024-07-31 11:57:36 INFO  Keywords:299 - Waiting for webElement...additionalclientquestion.q1
2024-07-31 11:57:46 INFO  Keywords:128 - InputText is called
2024-07-31 11:57:46 INFO  Keywords:299 - Waiting for webElement...additionalclientquestion.q2
2024-07-31 11:57:56 INFO  Keywords:128 - InputText is called
2024-07-31 11:57:56 INFO  Keywords:299 - Waiting for webElement...additionalclientquestion.q3
2024-07-31 11:58:06 INFO  Keywords:128 - InputText is called
2024-07-31 11:58:06 INFO  Keywords:299 - Waiting for webElement...additionalclientquestion.q4
2024-07-31 11:58:16 INFO  Keywords:128 - InputText is called
2024-07-31 11:58:16 INFO  Keywords:299 - Waiting for webElement...additionalclientquestion.q5
2024-07-31 11:58:26 INFO  Keywords:128 - InputText is called
2024-07-31 11:58:26 INFO  Keywords:299 - Waiting for webElement...additionalclientquestion.q6
2024-07-31 11:58:36 INFO  Keywords:502 - GetText is called
2024-07-31 11:58:36 INFO  Keywords:299 - Waiting for webElement...ebixTxnID
2024-07-31 11:58:36 INFO  Keywords:303 - Element found...ebixTxnID
2024-07-31 11:58:36 INFO  Keywords:506 - LinkId: 533897
2024-07-31 11:58:36 INFO  Keywords:550 - LinkId: 533897
2024-07-31 11:58:37 INFO  Keywords:502 - GetText is called
2024-07-31 11:58:37 INFO  Keywords:299 - Waiting for webElement...ebixTxnID
2024-07-31 11:58:37 INFO  Keywords:303 - Element found...ebixTxnID
2024-07-31 11:58:37 INFO  Keywords:506 - LinkId: 533897
2024-07-31 11:58:37 INFO  Keywords:139 - ClickOnLink is called
2024-07-31 11:58:37 INFO  Keywords:299 - Waiting for webElement...next
2024-07-31 11:58:37 INFO  Keywords:303 - Element found...next
2024-07-31 11:58:53 INFO  Keywords:139 - ClickOnLink is called
2024-07-31 11:58:53 INFO  Keywords:299 - Waiting for webElement...BGAPopUp
2024-07-31 11:59:19 INFO  Keywords:139 - ClickOnLink is called
2024-07-31 11:59:19 INFO  Keywords:299 - Waiting for webElement...AssignButton
2024-07-31 11:59:19 INFO  Keywords:303 - Element found...AssignButton
2024-07-31 11:59:35 INFO  Keywords:139 - ClickOnLink is called
2024-07-31 11:59:35 INFO  Keywords:299 - Waiting for webElement...BGA2PopUp
2024-07-31 12:00:01 INFO  Keywords:139 - ClickOnLink is called
2024-07-31 12:00:01 INFO  Keywords:299 - Waiting for webElement...CloseButtonBGA
2024-07-31 12:00:27 INFO  Keywords:151 - VerifyText is called
2024-07-31 12:00:27 INFO  Keywords:299 - Waiting for webElement...WebElement
