2024-06-10 16:04:14 INFO  Keywords:98 - Navigate is called
2024-06-10 16:04:21 INFO  Keywords:124 - InputText is called
2024-06-10 16:04:21 INFO  Keywords:282 - Waiting for webElement...gateway.username
2024-06-10 16:04:25 INFO  Keywords:285 - Element found...gateway.username
2024-06-10 16:04:32 INFO  Keywords:124 - InputText is called
2024-06-10 16:04:32 INFO  Keywords:282 - Waiting for webElement...gateway.password
2024-06-10 16:04:36 INFO  Keywords:285 - Element found...gateway.password
2024-06-10 16:04:42 INFO  Keywords:135 - ClickOnLink is called
2024-06-10 16:04:42 INFO  Keywords:282 - Waiting for webElement...gateway.login
2024-06-10 16:04:46 INFO  Keywords:285 - Element found...gateway.login
2024-06-10 16:08:24 INFO  Keywords:135 - ClickOnLink is called
2024-06-10 16:08:24 INFO  Keywords:282 - Waiting for webElement...postsamldata
2024-06-10 16:08:28 INFO  Keywords:285 - Element found...postsamldata
2024-06-10 16:09:38 INFO  Keywords:135 - ClickOnLink is called
2024-06-10 16:09:38 INFO  Keywords:282 - Waiting for webElement...next
2024-06-10 16:09:43 INFO  Keywords:285 - Element found...next
2024-06-10 16:10:18 INFO  Keywords:124 - InputText is called
2024-06-10 16:10:18 INFO  Keywords:282 - Waiting for webElement...policyConfiguration.insuranceamount
2024-06-10 16:10:23 INFO  Keywords:285 - Element found...policyConfiguration.insuranceamount
2024-06-10 16:10:54 INFO  Keywords:282 - Waiting for webElement...policyConfiguration.LTC
2024-06-10 16:10:58 INFO  Keywords:285 - Element found...policyConfiguration.LTC
2024-06-10 16:11:10 INFO  Keywords:282 - Waiting for webElement...policyConfiguration.Benefit
2024-06-10 16:11:14 INFO  Keywords:285 - Element found...policyConfiguration.Benefit
2024-06-10 16:11:24 INFO  Keywords:282 - Waiting for webElement...policyConfiguration.payors
2024-06-10 16:11:28 INFO  Keywords:285 - Element found...policyConfiguration.payors
2024-06-10 16:11:47 INFO  Keywords:282 - Waiting for webElement...policyConfiguration.purposeofpolicy
2024-06-10 16:11:51 INFO  Keywords:285 - Element found...policyConfiguration.purposeofpolicy
2024-06-10 16:11:57 INFO  Keywords:135 - ClickOnLink is called
2024-06-10 16:11:57 INFO  Keywords:282 - Waiting for webElement...next
2024-06-10 16:12:01 INFO  Keywords:285 - Element found...next
2024-06-10 16:22:20 INFO  Keywords:282 - Waiting for webElement...primaryinsured.birthcountry
2024-06-10 16:22:24 INFO  Keywords:285 - Element found...primaryinsured.birthcountry
2024-06-10 16:22:30 INFO  Keywords:282 - Waiting for webElement...primaryinsured.birthstate
2024-06-10 16:22:35 INFO  Keywords:285 - Element found...primaryinsured.birthstate
2024-06-10 16:22:46 INFO  Keywords:124 - InputText is called
2024-06-10 16:22:46 INFO  Keywords:282 - Waiting for webElement...primaryinsured.birthcity
2024-06-10 16:23:25 INFO  Keywords:135 - ClickOnLink is called
2024-06-10 16:23:25 INFO  Keywords:282 - Waiting for webElement...next
2024-06-10 16:23:29 INFO  Keywords:285 - Element found...next
2024-06-10 16:24:06 INFO  Keywords:135 - ClickOnLink is called
2024-06-10 16:24:06 INFO  Keywords:282 - Waiting for webElement...next
2024-06-10 16:24:10 INFO  Keywords:285 - Element found...next
2024-06-10 16:25:06 INFO  Keywords:282 - Waiting for webElement...naturalOwner.relationwithInsured
2024-06-10 16:25:10 INFO  Keywords:285 - Element found...naturalOwner.relationwithInsured
2024-06-10 16:25:38 INFO  Keywords:282 - Waiting for webElement...naturalOwner.relationwithJointInsured
2024-06-10 16:26:57 INFO  Keywords:282 - Waiting for webElement...naturalOwner.PermamentResidentCard
2024-06-10 16:27:02 INFO  Keywords:285 - Element found...naturalOwner.PermamentResidentCard
2024-06-10 16:27:15 INFO  Keywords:124 - InputText is called
2024-06-10 16:27:15 INFO  Keywords:282 - Waiting for webElement...naturalOwner.ResidentCardIssueDAte
2024-06-10 16:27:20 INFO  Keywords:285 - Element found...naturalOwner.ResidentCardIssueDAte
2024-06-10 16:27:28 INFO  Keywords:124 - InputText is called
2024-06-10 16:27:28 INFO  Keywords:282 - Waiting for webElement...naturalOwner.ResidentCardExpireationDAte
2024-06-10 16:27:33 INFO  Keywords:285 - Element found...naturalOwner.ResidentCardExpireationDAte
2024-06-10 16:30:02 INFO  Keywords:124 - InputText is called
2024-06-10 16:30:02 INFO  Keywords:282 - Waiting for webElement...naturalOwner.USLivingYrs
2024-06-10 16:30:07 INFO  Keywords:285 - Element found...naturalOwner.USLivingYrs
2024-06-10 16:31:25 INFO  Keywords:124 - InputText is called
2024-06-10 16:31:25 INFO  Keywords:282 - Waiting for webElement...naturalOwner.USLivingMonths
2024-06-10 16:31:29 INFO  Keywords:285 - Element found...naturalOwner.USLivingMonths
2024-06-10 16:31:37 INFO  Keywords:135 - ClickOnLink is called
2024-06-10 16:31:37 INFO  Keywords:282 - Waiting for webElement...next
2024-06-10 16:31:41 INFO  Keywords:285 - Element found...next
2024-06-10 16:32:12 INFO  Keywords:282 - Waiting for webElement...financialDetails.SourceOfFundsLI
2024-06-10 16:32:17 INFO  Keywords:285 - Element found...financialDetails.SourceOfFundsLI
2024-06-10 16:32:22 INFO  Keywords:282 - Waiting for webElement...financialDetails.SurrenderChargeSOFLI
2024-06-10 16:32:26 INFO  Keywords:285 - Element found...financialDetails.SurrenderChargeSOFLI
2024-06-10 16:32:31 INFO  Keywords:282 - Waiting for webElement...financialDetails.envisiontaking
2024-06-10 16:32:35 INFO  Keywords:285 - Element found...financialDetails.envisiontaking
2024-06-10 16:32:45 INFO  Keywords:282 - Waiting for webElement...financialDetails.federalfaxbracket
2024-06-10 16:32:49 INFO  Keywords:285 - Element found...financialDetails.federalfaxbracket
2024-06-10 16:32:53 INFO  Keywords:282 - Waiting for webElement...financialDetails.riskTolerance
2024-06-10 16:32:57 INFO  Keywords:285 - Element found...financialDetails.riskTolerance
2024-06-10 16:33:08 INFO  Keywords:282 - Waiting for webElement...financialDetails.Investmentobjectives
2024-06-10 16:33:12 INFO  Keywords:285 - Element found...financialDetails.Investmentobjectives
2024-06-10 16:33:17 INFO  Keywords:282 - Waiting for webElement...financialDetails.timehorizon
2024-06-10 16:33:21 INFO  Keywords:285 - Element found...financialDetails.timehorizon
2024-06-10 16:33:28 INFO  Keywords:282 - Waiting for webElement...financialDetails.investmentexperienceFA
2024-06-10 16:33:32 INFO  Keywords:285 - Element found...financialDetails.investmentexperienceFA
2024-06-10 16:33:40 INFO  Keywords:124 - InputText is called
2024-06-10 16:33:40 INFO  Keywords:282 - Waiting for webElement...financialDetails.investmentstartyear
2024-06-10 16:33:44 INFO  Keywords:285 - Element found...financialDetails.investmentstartyear
2024-06-10 16:33:55 INFO  Keywords:124 - InputText is called
2024-06-10 16:33:55 INFO  Keywords:282 - Waiting for webElement...financialdetails.wages
2024-06-10 16:33:59 INFO  Keywords:285 - Element found...financialdetails.wages
2024-06-10 16:34:07 INFO  Keywords:124 - InputText is called
2024-06-10 16:34:07 INFO  Keywords:282 - Waiting for webElement...financialdetails.livingexpenses
2024-06-10 16:34:12 INFO  Keywords:285 - Element found...financialdetails.livingexpenses
2024-06-10 16:34:19 INFO  Keywords:124 - InputText is called
2024-06-10 16:34:19 INFO  Keywords:282 - Waiting for webElement...financialdetails.personalinvestment
2024-06-10 16:34:23 INFO  Keywords:285 - Element found...financialdetails.personalinvestment
2024-06-10 16:34:29 INFO  Keywords:124 - InputText is called
2024-06-10 16:34:29 INFO  Keywords:282 - Waiting for webElement...financialdetails.fixeddebtexpenses
2024-06-10 16:34:33 INFO  Keywords:285 - Element found...financialdetails.fixeddebtexpenses
2024-06-10 16:34:40 INFO  Keywords:124 - InputText is called
2024-06-10 16:34:40 INFO  Keywords:282 - Waiting for webElement...financialdetails.rentalincome
2024-06-10 16:34:45 INFO  Keywords:285 - Element found...financialdetails.rentalincome
2024-06-10 16:34:51 INFO  Keywords:124 - InputText is called
2024-06-10 16:34:51 INFO  Keywords:282 - Waiting for webElement...financialdetails.variabledebtexpenses
2024-06-10 16:34:55 INFO  Keywords:285 - Element found...financialdetails.variabledebtexpenses
2024-06-10 16:35:17 INFO  Keywords:124 - InputText is called
2024-06-10 16:35:17 INFO  Keywords:282 - Waiting for webElement...financialdetails.incomepension
2024-06-10 16:35:21 INFO  Keywords:285 - Element found...financialdetails.incomepension
2024-06-10 16:35:26 INFO  Keywords:124 - InputText is called
2024-06-10 16:35:26 INFO  Keywords:282 - Waiting for webElement...financialdetails.discretionaryexpenses
2024-06-10 16:35:31 INFO  Keywords:285 - Element found...financialdetails.discretionaryexpenses
2024-06-10 16:35:46 INFO  Keywords:124 - InputText is called
2024-06-10 16:35:46 INFO  Keywords:282 - Waiting for webElement...financialdetails.socialsecurityincome
2024-06-10 16:35:50 INFO  Keywords:285 - Element found...financialdetails.socialsecurityincome
2024-06-10 16:35:57 INFO  Keywords:124 - InputText is called
2024-06-10 16:35:57 INFO  Keywords:282 - Waiting for webElement...financialdetails.otherincome
2024-06-10 16:36:01 INFO  Keywords:285 - Element found...financialdetails.otherincome
2024-06-10 16:38:01 INFO  Keywords:124 - InputText is called
2024-06-10 16:38:01 INFO  Keywords:282 - Waiting for webElement...financialdetails.bonds
2024-06-10 16:38:05 INFO  Keywords:285 - Element found...financialdetails.bonds
2024-06-10 16:38:10 INFO  Keywords:124 - InputText is called
2024-06-10 16:38:10 INFO  Keywords:282 - Waiting for webElement...financialdetails.businessTrustRealstate
2024-06-10 16:38:14 INFO  Keywords:285 - Element found...financialdetails.businessTrustRealstate
2024-06-10 16:38:22 INFO  Keywords:124 - InputText is called
2024-06-10 16:38:22 INFO  Keywords:282 - Waiting for webElement...financialdetails.retirementplan
2024-06-10 16:38:27 INFO  Keywords:285 - Element found...financialdetails.retirementplan
2024-06-10 16:38:32 INFO  Keywords:124 - InputText is called
2024-06-10 16:38:32 INFO  Keywords:282 - Waiting for webElement...financialdetails.equities
2024-06-10 16:38:36 INFO  Keywords:285 - Element found...financialdetails.equities
2024-06-10 16:38:44 INFO  Keywords:124 - InputText is called
2024-06-10 16:38:44 INFO  Keywords:282 - Waiting for webElement...financialdetails.facevalueilfeinsurance
2024-06-10 16:38:49 INFO  Keywords:285 - Element found...financialdetails.facevalueilfeinsurance
2024-06-10 16:38:57 INFO  Keywords:124 - InputText is called
2024-06-10 16:38:57 INFO  Keywords:282 - Waiting for webElement...financialdetails.fixedannuity
2024-06-10 16:39:02 INFO  Keywords:285 - Element found...financialdetails.fixedannuity
2024-06-10 16:39:07 INFO  Keywords:124 - InputText is called
2024-06-10 16:39:07 INFO  Keywords:282 - Waiting for webElement...financialdetails.indexannuity
2024-06-10 16:39:11 INFO  Keywords:285 - Element found...financialdetails.indexannuity
2024-06-10 16:39:18 INFO  Keywords:124 - InputText is called
2024-06-10 16:39:18 INFO  Keywords:282 - Waiting for webElement...financialdetails.liquidnetworth
2024-06-10 16:39:22 INFO  Keywords:285 - Element found...financialdetails.liquidnetworth
2024-06-10 16:39:28 INFO  Keywords:124 - InputText is called
2024-06-10 16:39:28 INFO  Keywords:282 - Waiting for webElement...financialdetails.mutualfund
2024-06-10 16:39:33 INFO  Keywords:285 - Element found...financialdetails.mutualfund
2024-06-10 16:39:41 INFO  Keywords:124 - InputText is called
2024-06-10 16:39:41 INFO  Keywords:282 - Waiting for webElement...financialdetails.otherbrokerage
2024-06-10 16:39:45 INFO  Keywords:285 - Element found...financialdetails.otherbrokerage
2024-06-10 16:39:50 INFO  Keywords:124 - InputText is called
2024-06-10 16:39:50 INFO  Keywords:282 - Waiting for webElement...financialdetails.policypremium
2024-06-10 16:39:54 INFO  Keywords:285 - Element found...financialdetails.policypremium
2024-06-10 16:39:59 INFO  Keywords:124 - InputText is called
2024-06-10 16:39:59 INFO  Keywords:282 - Waiting for webElement...financialdetails.variableannuity
2024-06-10 16:40:03 INFO  Keywords:285 - Element found...financialdetails.variableannuity
2024-06-10 16:40:07 INFO  Keywords:124 - InputText is called
2024-06-10 16:40:07 INFO  Keywords:282 - Waiting for webElement...financialdetails.totalpremium
2024-06-10 16:40:12 INFO  Keywords:285 - Element found...financialdetails.totalpremium
2024-06-10 16:40:22 INFO  Keywords:282 - Waiting for webElement...financialdetails.anticipatedchanges
2024-06-10 16:40:26 INFO  Keywords:285 - Element found...financialdetails.anticipatedchanges
2024-06-10 16:40:31 INFO  Keywords:282 - Waiting for webElement...financialdetails.nonguaranteedelementYes
2024-06-10 16:40:35 INFO  Keywords:285 - Element found...financialdetails.nonguaranteedelementYes
2024-06-10 16:40:40 INFO  Keywords:282 - Waiting for webElement...financialdetails.reversemortgage
2024-06-10 16:40:44 INFO  Keywords:285 - Element found...financialdetails.reversemortgage
2024-06-10 16:40:51 INFO  Keywords:135 - ClickOnLink is called
2024-06-10 16:40:51 INFO  Keywords:282 - Waiting for webElement...next
2024-06-10 16:40:56 INFO  Keywords:285 - Element found...next
2024-06-10 16:41:34 INFO  Keywords:282 - Waiting for webElement...payment.modal
2024-06-10 16:41:38 INFO  Keywords:285 - Element found...payment.modal
2024-06-10 16:42:08 INFO  Keywords:282 - Waiting for webElement...payment.method
2024-06-10 16:42:12 INFO  Keywords:285 - Element found...payment.method
2024-06-10 16:42:18 INFO  Keywords:124 - InputText is called
2024-06-10 16:42:18 INFO  Keywords:282 - Waiting for webElement...payment.premium
2024-06-10 16:42:23 INFO  Keywords:285 - Element found...payment.premium
2024-06-10 16:42:45 INFO  Keywords:135 - ClickOnLink is called
2024-06-10 16:42:45 INFO  Keywords:282 - Waiting for webElement...next
2024-06-10 16:42:49 INFO  Keywords:285 - Element found...next
2024-06-10 16:44:14 INFO  Keywords:282 - Waiting for webElement...existinginsurance.borrowingfunds
2024-06-10 16:44:18 INFO  Keywords:285 - Element found...existinginsurance.borrowingfunds
2024-06-10 16:44:27 INFO  Keywords:282 - Waiting for webElement...existinginsurance.terminatingexistinglifepolicyNo
2024-06-10 16:44:31 INFO  Keywords:285 - Element found...existinginsurance.terminatingexistinglifepolicyNo
2024-06-10 16:44:36 INFO  Keywords:282 - Waiting for webElement...existinginsurance.DisabilityPoliciesNo
2024-06-10 16:44:40 INFO  Keywords:285 - Element found...existinginsurance.DisabilityPoliciesNo
2024-06-10 16:48:19 INFO  Keywords:282 - Waiting for webElement...existinginsurance.longtermpolicyNo
2024-06-10 16:48:24 INFO  Keywords:285 - Element found...existinginsurance.longtermpolicyNo
2024-06-10 16:49:44 INFO  Keywords:282 - Waiting for webElement...existinglongterminsurance.NO
2024-06-10 16:49:49 INFO  Keywords:285 - Element found...existinglongterminsurance.NO
2024-06-10 16:49:56 INFO  Keywords:135 - ClickOnLink is called
2024-06-10 16:49:56 INFO  Keywords:282 - Waiting for webElement...next
2024-06-10 16:50:00 INFO  Keywords:285 - Element found...next
2024-06-10 16:50:38 INFO  Keywords:135 - ClickOnLink is called
2024-06-10 16:50:38 INFO  Keywords:282 - Waiting for webElement...next
2024-06-10 16:50:42 INFO  Keywords:285 - Element found...next
2024-06-10 16:51:16 INFO  Keywords:124 - InputText is called
2024-06-10 16:51:16 INFO  Keywords:282 - Waiting for webElement...additionalclientquestion.q1
2024-06-10 16:51:20 INFO  Keywords:285 - Element found...additionalclientquestion.q1
2024-06-10 16:51:26 INFO  Keywords:124 - InputText is called
2024-06-10 16:51:26 INFO  Keywords:282 - Waiting for webElement...additionalclientquestion.q2
2024-06-10 16:51:31 INFO  Keywords:285 - Element found...additionalclientquestion.q2
2024-06-10 16:51:36 INFO  Keywords:124 - InputText is called
2024-06-10 16:51:36 INFO  Keywords:282 - Waiting for webElement...additionalclientquestion.q3
2024-06-10 16:51:40 INFO  Keywords:285 - Element found...additionalclientquestion.q3
2024-06-10 16:51:47 INFO  Keywords:124 - InputText is called
2024-06-10 16:51:47 INFO  Keywords:282 - Waiting for webElement...additionalclientquestion.q4
2024-06-10 16:53:39 INFO  Keywords:124 - InputText is called
2024-06-10 16:53:39 INFO  Keywords:282 - Waiting for webElement...additionalclientquestion.q5
2024-06-10 16:55:47 INFO  Keywords:482 - GetText is called
2024-06-10 16:55:47 INFO  Keywords:282 - Waiting for webElement...ebixTxnID
2024-06-10 16:55:52 INFO  Keywords:285 - Element found...ebixTxnID
2024-06-10 16:55:52 INFO  Keywords:486 - LinkId: 530902
2024-06-10 16:55:52 INFO  Keywords:530 - LinkId: 530902
2024-06-10 16:56:18 INFO  Keywords:482 - GetText is called
2024-06-10 16:56:18 INFO  Keywords:282 - Waiting for webElement...ebixTxnID
2024-06-10 16:56:23 INFO  Keywords:285 - Element found...ebixTxnID
2024-06-10 16:56:23 INFO  Keywords:486 - LinkId: 530902
2024-06-10 16:56:28 INFO  Keywords:135 - ClickOnLink is called
2024-06-10 16:56:28 INFO  Keywords:282 - Waiting for webElement...attachment
2024-06-10 16:56:33 INFO  Keywords:285 - Element found...attachment
2024-06-10 16:56:49 INFO  Keywords:282 - Waiting for webElement...attachment.documenttype
2024-06-10 16:56:53 INFO  Keywords:285 - Element found...attachment.documenttype
2024-06-10 16:57:01 INFO  Keywords:124 - InputText is called
2024-06-10 16:57:01 INFO  Keywords:282 - Waiting for webElement...attachment.choosefile
2024-06-10 16:57:05 INFO  Keywords:285 - Element found...attachment.choosefile
2024-06-10 16:57:10 INFO  Keywords:135 - ClickOnLink is called
2024-06-10 16:57:10 INFO  Keywords:282 - Waiting for webElement...attachment.upload
2024-06-10 16:57:14 INFO  Keywords:285 - Element found...attachment.upload
2024-06-10 16:59:12 INFO  Keywords:409 - switching to particular window...
2024-06-10 16:59:16 INFO  Keywords:482 - GetText is called
2024-06-10 16:59:16 INFO  Keywords:282 - Waiting for webElement...ebixTxnID
2024-06-10 16:59:20 INFO  Keywords:285 - Element found...ebixTxnID
2024-06-10 16:59:20 INFO  Keywords:486 - LinkId: 530902
2024-06-10 16:59:20 INFO  Keywords:530 - LinkId: 530902
2024-06-10 16:59:36 INFO  Keywords:482 - GetText is called
2024-06-10 16:59:36 INFO  Keywords:282 - Waiting for webElement...ebixTxnID
2024-06-10 16:59:41 INFO  Keywords:285 - Element found...ebixTxnID
2024-06-10 16:59:41 INFO  Keywords:486 - LinkId: 530902
2024-06-10 17:01:20 INFO  Keywords:135 - ClickOnLink is called
2024-06-10 17:01:20 INFO  Keywords:282 - Waiting for webElement...next
2024-06-10 17:01:25 INFO  Keywords:285 - Element found...next
2024-06-10 17:01:55 INFO  Keywords:135 - ClickOnLink is called
2024-06-10 17:01:55 INFO  Keywords:282 - Waiting for webElement...validate.button
2024-06-10 17:01:59 INFO  Keywords:285 - Element found...validate.button
2024-06-10 17:03:25 INFO  Keywords:135 - ClickOnLink is called
2024-06-10 17:03:25 INFO  Keywords:282 - Waiting for webElement...notification.continue
2024-06-10 17:03:29 INFO  Keywords:285 - Element found...notification.continue
2024-06-10 17:04:20 INFO  Keywords:135 - ClickOnLink is called
2024-06-10 17:04:20 INFO  Keywords:282 - Waiting for webElement...esignature.optout
2024-06-10 17:04:24 INFO  Keywords:285 - Element found...esignature.optout
2024-06-10 17:35:03 INFO  Keywords:147 - VerifyText is called
2024-06-10 17:35:03 INFO  Keywords:282 - Waiting for webElement...WebElement
2024-06-10 17:35:20 INFO  Keywords:135 - ClickOnLink is called
2024-06-10 17:35:20 INFO  Keywords:282 - Waiting for webElement...attachment
2024-06-10 17:35:25 INFO  Keywords:285 - Element found...attachment
2024-06-10 17:35:35 INFO  Keywords:282 - Waiting for webElement...attachment.documenttype
2024-06-10 17:35:40 INFO  Keywords:285 - Element found...attachment.documenttype
2024-06-10 17:35:46 INFO  Keywords:124 - InputText is called
2024-06-10 17:35:46 INFO  Keywords:282 - Waiting for webElement...attachment.choosefile
2024-06-10 17:35:51 INFO  Keywords:285 - Element found...attachment.choosefile
2024-06-10 17:35:56 INFO  Keywords:135 - ClickOnLink is called
2024-06-10 17:35:56 INFO  Keywords:282 - Waiting for webElement...attachment.upload
2024-06-10 17:36:00 INFO  Keywords:285 - Element found...attachment.upload
2024-06-10 17:36:53 INFO  Keywords:135 - ClickOnLink is called
2024-06-10 17:36:53 INFO  Keywords:282 - Waiting for webElement...RequestSignatures
2024-06-10 17:36:57 INFO  Keywords:285 - Element found...RequestSignatures
2024-06-10 17:38:03 INFO  Keywords:282 - Waiting for webElement...attachment.documenttype
2024-06-10 17:38:08 INFO  Keywords:285 - Element found...attachment.documenttype
2024-06-10 17:39:22 INFO  Keywords:124 - InputText is called
2024-06-10 17:39:22 INFO  Keywords:282 - Waiting for webElement...attachment.choosefile
2024-06-10 17:39:27 INFO  Keywords:285 - Element found...attachment.choosefile
2024-06-10 17:39:32 INFO  Keywords:135 - ClickOnLink is called
2024-06-10 17:39:32 INFO  Keywords:282 - Waiting for webElement...attachment.upload
2024-06-10 17:39:36 INFO  Keywords:285 - Element found...attachment.upload
2024-06-10 17:40:05 INFO  Keywords:135 - ClickOnLink is called
2024-06-10 17:40:05 INFO  Keywords:282 - Waiting for webElement...SubmitButton
2024-06-10 17:40:10 INFO  Keywords:285 - Element found...SubmitButton
2024-06-10 17:42:03 INFO  Keywords:428 - switching to parent window...
2024-06-10 17:42:08 INFO  Keywords:98 - Navigate is called
2024-06-10 17:42:13 INFO  Keywords:496 - ClearText is called
2024-06-10 17:42:13 INFO  Keywords:282 - Waiting for webElement...gateway.username
2024-06-10 17:42:17 INFO  Keywords:285 - Element found...gateway.username
2024-06-10 17:42:17 INFO  Keywords:500 - LinkId: 530902
2024-06-10 17:42:22 INFO  Keywords:124 - InputText is called
2024-06-10 17:42:22 INFO  Keywords:282 - Waiting for webElement...gateway.username
2024-06-10 17:42:26 INFO  Keywords:285 - Element found...gateway.username
2024-06-10 17:42:32 INFO  Keywords:496 - ClearText is called
2024-06-10 17:42:32 INFO  Keywords:282 - Waiting for webElement...gateway.password
2024-06-10 17:42:36 INFO  Keywords:285 - Element found...gateway.password
2024-06-10 17:42:36 INFO  Keywords:500 - LinkId: 530902
2024-06-10 17:42:49 INFO  Keywords:124 - InputText is called
2024-06-10 17:42:49 INFO  Keywords:282 - Waiting for webElement...gateway.password
2024-06-10 17:42:53 INFO  Keywords:285 - Element found...gateway.password
2024-06-10 17:42:58 INFO  Keywords:135 - ClickOnLink is called
2024-06-10 17:42:58 INFO  Keywords:282 - Waiting for webElement...gateway.login
2024-06-10 17:43:02 INFO  Keywords:285 - Element found...gateway.login
2024-06-10 17:44:29 INFO  Keywords:135 - ClickOnLink is called
2024-06-10 17:44:29 INFO  Keywords:282 - Waiting for webElement...management
2024-06-10 17:44:33 INFO  Keywords:285 - Element found...management
2024-06-10 17:44:38 INFO  Keywords:282 - Waiting for webElement...managementTools
2024-06-10 17:44:42 INFO  Keywords:285 - Element found...managementTools
2024-06-10 17:44:49 INFO  Keywords:135 - ClickOnLink is called
2024-06-10 17:44:49 INFO  Keywords:282 - Waiting for webElement...feedManagement
2024-06-10 17:44:53 INFO  Keywords:285 - Element found...feedManagement
2024-06-10 17:45:21 INFO  Keywords:135 - ClickOnLink is called
2024-06-10 17:45:21 INFO  Keywords:282 - Waiting for webElement...searchPanel
2024-06-10 17:45:25 INFO  Keywords:285 - Element found...searchPanel
2024-06-10 17:45:30 INFO  Keywords:282 - Waiting for webElement...selectTransactionID
2024-06-10 17:45:34 INFO  Keywords:285 - Element found...selectTransactionID
2024-06-10 17:45:38 INFO  Keywords:124 - InputText is called
2024-06-10 17:45:38 INFO  Keywords:282 - Waiting for webElement...enterTransactioID
2024-06-10 17:45:42 INFO  Keywords:285 - Element found...enterTransactioID
2024-06-10 17:45:46 INFO  Keywords:135 - ClickOnLink is called
2024-06-10 17:45:46 INFO  Keywords:282 - Waiting for webElement...searchbutton
2024-06-10 17:45:50 INFO  Keywords:285 - Element found...searchbutton
2024-06-10 17:46:49 INFO  Keywords:135 - ClickOnLink is called
2024-06-10 17:46:49 INFO  Keywords:282 - Waiting for webElement...transactionSearchmyResult
2024-06-10 17:46:53 INFO  Keywords:285 - Element found...transactionSearchmyResult
2024-06-10 17:47:29 INFO  Keywords:135 - ClickOnLink is called
2024-06-10 17:47:29 INFO  Keywords:282 - Waiting for webElement...onenotThree
2024-06-10 17:47:33 INFO  Keywords:285 - Element found...onenotThree
2024-06-10 17:48:18 INFO  Keywords:282 - Waiting for webElement...103ResponseXML
2024-06-10 17:55:59 INFO  Keywords:428 - switching to parent window...
2024-06-10 17:56:04 INFO  Keywords:98 - Navigate is called
2024-06-10 17:56:10 INFO  Keywords:496 - ClearText is called
2024-06-10 17:56:10 INFO  Keywords:282 - Waiting for webElement...gateway.username
2024-06-10 17:56:14 INFO  Keywords:285 - Element found...gateway.username
2024-06-10 17:56:14 INFO  Keywords:500 - LinkId: 530902
2024-06-10 17:56:18 INFO  Keywords:124 - InputText is called
2024-06-10 17:56:18 INFO  Keywords:282 - Waiting for webElement...gateway.username
2024-06-10 17:56:22 INFO  Keywords:285 - Element found...gateway.username
2024-06-10 17:56:28 INFO  Keywords:496 - ClearText is called
2024-06-10 17:56:28 INFO  Keywords:282 - Waiting for webElement...gateway.password
2024-06-10 17:56:32 INFO  Keywords:285 - Element found...gateway.password
2024-06-10 17:56:32 INFO  Keywords:500 - LinkId: 530902
2024-06-10 17:56:41 INFO  Keywords:124 - InputText is called
2024-06-10 17:56:41 INFO  Keywords:282 - Waiting for webElement...gateway.password
2024-06-10 17:56:45 INFO  Keywords:285 - Element found...gateway.password
2024-06-10 17:56:53 INFO  Keywords:135 - ClickOnLink is called
2024-06-10 17:56:53 INFO  Keywords:282 - Waiting for webElement...gateway.login
2024-06-10 17:56:58 INFO  Keywords:285 - Element found...gateway.login
2024-06-10 17:57:28 INFO  Keywords:135 - ClickOnLink is called
2024-06-10 17:57:28 INFO  Keywords:282 - Waiting for webElement...management
2024-06-10 17:57:33 INFO  Keywords:285 - Element found...management
2024-06-10 17:57:39 INFO  Keywords:282 - Waiting for webElement...managementTools
2024-06-10 17:57:43 INFO  Keywords:285 - Element found...managementTools
2024-06-10 17:57:53 INFO  Keywords:135 - ClickOnLink is called
2024-06-10 17:57:53 INFO  Keywords:282 - Waiting for webElement...feedManagement
2024-06-10 17:57:57 INFO  Keywords:285 - Element found...feedManagement
2024-06-10 17:58:26 INFO  Keywords:135 - ClickOnLink is called
2024-06-10 17:58:26 INFO  Keywords:282 - Waiting for webElement...searchPanel
2024-06-10 17:58:31 INFO  Keywords:285 - Element found...searchPanel
2024-06-10 17:58:37 INFO  Keywords:282 - Waiting for webElement...selectTransactionID
2024-06-10 17:58:41 INFO  Keywords:285 - Element found...selectTransactionID
2024-06-10 17:58:47 INFO  Keywords:124 - InputText is called
2024-06-10 17:58:47 INFO  Keywords:282 - Waiting for webElement...enterTransactioID
2024-06-10 17:58:51 INFO  Keywords:285 - Element found...enterTransactioID
2024-06-10 17:58:56 INFO  Keywords:135 - ClickOnLink is called
2024-06-10 17:58:56 INFO  Keywords:282 - Waiting for webElement...searchbutton
2024-06-10 17:59:01 INFO  Keywords:285 - Element found...searchbutton
2024-06-10 17:59:27 INFO  Keywords:135 - ClickOnLink is called
2024-06-10 17:59:27 INFO  Keywords:282 - Waiting for webElement...transactionSearchmyResult
2024-06-10 17:59:31 INFO  Keywords:285 - Element found...transactionSearchmyResult
2024-06-10 18:00:02 INFO  Keywords:135 - ClickOnLink is called
2024-06-10 18:00:02 INFO  Keywords:282 - Waiting for webElement...RTSMButton
2024-06-10 18:00:06 INFO  Keywords:285 - Element found...RTSMButton
2024-06-10 18:00:37 INFO  Keywords:282 - Waiting for webElement...RTSMResponseXML
2024-06-10 18:01:58 INFO  Keywords:98 - Navigate is called
2024-06-10 18:02:10 INFO  Keywords:124 - InputText is called
2024-06-10 18:02:10 INFO  Keywords:282 - Waiting for webElement...gateway.username
2024-06-10 18:02:14 INFO  Keywords:285 - Element found...gateway.username
2024-06-10 18:02:19 INFO  Keywords:124 - InputText is called
2024-06-10 18:02:19 INFO  Keywords:282 - Waiting for webElement...gateway.password
2024-06-10 18:02:24 INFO  Keywords:285 - Element found...gateway.password
2024-06-10 18:02:30 INFO  Keywords:135 - ClickOnLink is called
2024-06-10 18:02:30 INFO  Keywords:282 - Waiting for webElement...gateway.login
2024-06-10 18:02:34 INFO  Keywords:285 - Element found...gateway.login
2024-06-10 18:06:51 INFO  Keywords:135 - ClickOnLink is called
2024-06-10 18:06:51 INFO  Keywords:282 - Waiting for webElement...postsamldata
2024-06-10 18:06:55 INFO  Keywords:285 - Element found...postsamldata
2024-06-10 18:08:03 INFO  Keywords:135 - ClickOnLink is called
2024-06-10 18:08:03 INFO  Keywords:282 - Waiting for webElement...next
