2024-06-10 13:18:01 INFO  Keywords:98 - Navigate is called
2024-06-10 13:18:12 INFO  Keywords:124 - InputText is called
2024-06-10 13:18:12 INFO  Keywords:282 - Waiting for webElement...gateway.username
2024-06-10 13:18:13 INFO  Keywords:285 - Element found...gateway.username
2024-06-10 13:18:14 INFO  Keywords:124 - InputText is called
2024-06-10 13:18:14 INFO  Keywords:282 - Waiting for webElement...gateway.password
2024-06-10 13:18:14 INFO  Keywords:285 - Element found...gateway.password
2024-06-10 13:18:14 INFO  Keywords:135 - ClickOnLink is called
2024-06-10 13:18:14 INFO  Keywords:282 - Waiting for webElement...gateway.login
2024-06-10 13:18:14 INFO  Keywords:285 - Element found...gateway.login
2024-06-10 13:18:51 INFO  Keywords:135 - ClickOnLink is called
2024-06-10 13:18:51 INFO  Keywords:282 - Waiting for webElement...postsamldata
2024-06-10 13:18:51 INFO  Keywords:285 - Element found...postsamldata
2024-06-10 13:19:07 INFO  Keywords:135 - ClickOnLink is called
2024-06-10 13:19:07 INFO  Keywords:282 - Waiting for webElement...next
2024-06-10 13:19:07 INFO  Keywords:285 - Element found...next
2024-06-10 13:19:26 INFO  Keywords:124 - InputText is called
2024-06-10 13:19:26 INFO  Keywords:282 - Waiting for webElement...policyConfiguration.insuranceamount
2024-06-10 13:19:26 INFO  Keywords:285 - Element found...policyConfiguration.insuranceamount
2024-06-10 13:19:26 INFO  Keywords:282 - Waiting for webElement...policyConfiguration.LTC
2024-06-10 13:19:26 INFO  Keywords:285 - Element found...policyConfiguration.LTC
2024-06-10 13:19:27 INFO  Keywords:282 - Waiting for webElement...policyConfiguration.Benefit
2024-06-10 13:19:27 INFO  Keywords:285 - Element found...policyConfiguration.Benefit
2024-06-10 13:19:27 INFO  Keywords:282 - Waiting for webElement...policyConfiguration.payors
2024-06-10 13:19:27 INFO  Keywords:285 - Element found...policyConfiguration.payors
2024-06-10 13:19:27 INFO  Keywords:282 - Waiting for webElement...policyConfiguration.purposeofpolicy
2024-06-10 13:19:27 INFO  Keywords:285 - Element found...policyConfiguration.purposeofpolicy
2024-06-10 13:19:28 INFO  Keywords:135 - ClickOnLink is called
2024-06-10 13:19:28 INFO  Keywords:282 - Waiting for webElement...next
2024-06-10 13:19:28 INFO  Keywords:285 - Element found...next
2024-06-10 13:21:03 INFO  Keywords:282 - Waiting for webElement...primaryinsured.birthcountry
2024-06-10 13:21:03 INFO  Keywords:285 - Element found...primaryinsured.birthcountry
2024-06-10 13:21:03 INFO  Keywords:282 - Waiting for webElement...primaryinsured.birthstate
2024-06-10 13:21:03 INFO  Keywords:285 - Element found...primaryinsured.birthstate
2024-06-10 13:21:04 INFO  Keywords:124 - InputText is called
2024-06-10 13:21:04 INFO  Keywords:282 - Waiting for webElement...primaryinsured.birthcity
2024-06-10 13:21:14 INFO  Keywords:135 - ClickOnLink is called
2024-06-10 13:21:14 INFO  Keywords:282 - Waiting for webElement...next
2024-06-10 13:21:14 INFO  Keywords:285 - Element found...next
2024-06-10 13:21:33 INFO  Keywords:135 - ClickOnLink is called
2024-06-10 13:21:33 INFO  Keywords:282 - Waiting for webElement...next
2024-06-10 13:21:33 INFO  Keywords:285 - Element found...next
2024-06-10 13:21:52 INFO  Keywords:282 - Waiting for webElement...naturalOwner.relationwithInsured
2024-06-10 13:21:52 INFO  Keywords:285 - Element found...naturalOwner.relationwithInsured
2024-06-10 13:21:53 INFO  Keywords:282 - Waiting for webElement...naturalOwner.relationwithJointInsured
2024-06-10 13:22:43 INFO  Keywords:282 - Waiting for webElement...naturalOwner.PermamentResidentCard
2024-06-10 13:22:43 INFO  Keywords:285 - Element found...naturalOwner.PermamentResidentCard
2024-06-10 13:22:43 INFO  Keywords:124 - InputText is called
2024-06-10 13:22:43 INFO  Keywords:282 - Waiting for webElement...naturalOwner.ResidentCardIssueDAte
2024-06-10 13:22:44 INFO  Keywords:285 - Element found...naturalOwner.ResidentCardIssueDAte
2024-06-10 13:22:44 INFO  Keywords:124 - InputText is called
2024-06-10 13:22:44 INFO  Keywords:282 - Waiting for webElement...naturalOwner.ResidentCardExpireationDAte
2024-06-10 13:22:44 INFO  Keywords:285 - Element found...naturalOwner.ResidentCardExpireationDAte
2024-06-10 13:22:44 INFO  Keywords:124 - InputText is called
2024-06-10 13:22:44 INFO  Keywords:282 - Waiting for webElement...naturalOwner.USLivingYrs
2024-06-10 13:22:44 INFO  Keywords:285 - Element found...naturalOwner.USLivingYrs
2024-06-10 13:22:44 INFO  Keywords:124 - InputText is called
2024-06-10 13:22:44 INFO  Keywords:282 - Waiting for webElement...naturalOwner.USLivingMonths
2024-06-10 13:22:44 INFO  Keywords:285 - Element found...naturalOwner.USLivingMonths
2024-06-10 13:22:44 INFO  Keywords:135 - ClickOnLink is called
2024-06-10 13:22:44 INFO  Keywords:282 - Waiting for webElement...next
2024-06-10 13:22:44 INFO  Keywords:285 - Element found...next
2024-06-10 13:23:03 INFO  Keywords:282 - Waiting for webElement...financialDetails.SourceOfFundsLI
2024-06-10 13:23:03 INFO  Keywords:285 - Element found...financialDetails.SourceOfFundsLI
2024-06-10 13:23:04 INFO  Keywords:282 - Waiting for webElement...financialDetails.SurrenderChargeSOFLI
2024-06-10 13:23:04 INFO  Keywords:285 - Element found...financialDetails.SurrenderChargeSOFLI
2024-06-10 13:23:04 INFO  Keywords:282 - Waiting for webElement...financialDetails.envisiontaking
2024-06-10 13:23:04 INFO  Keywords:285 - Element found...financialDetails.envisiontaking
2024-06-10 13:23:04 INFO  Keywords:282 - Waiting for webElement...financialDetails.federalfaxbracket
2024-06-10 13:23:04 INFO  Keywords:285 - Element found...financialDetails.federalfaxbracket
2024-06-10 13:23:05 INFO  Keywords:282 - Waiting for webElement...financialDetails.riskTolerance
2024-06-10 13:23:05 INFO  Keywords:285 - Element found...financialDetails.riskTolerance
2024-06-10 13:23:05 INFO  Keywords:282 - Waiting for webElement...financialDetails.Investmentobjectives
2024-06-10 13:23:05 INFO  Keywords:285 - Element found...financialDetails.Investmentobjectives
2024-06-10 13:23:05 INFO  Keywords:282 - Waiting for webElement...financialDetails.timehorizon
2024-06-10 13:23:05 INFO  Keywords:285 - Element found...financialDetails.timehorizon
2024-06-10 13:23:05 INFO  Keywords:282 - Waiting for webElement...financialDetails.investmentexperienceFA
2024-06-10 13:23:05 INFO  Keywords:285 - Element found...financialDetails.investmentexperienceFA
2024-06-10 13:23:06 INFO  Keywords:124 - InputText is called
2024-06-10 13:23:06 INFO  Keywords:282 - Waiting for webElement...financialDetails.investmentstartyear
2024-06-10 13:23:06 INFO  Keywords:285 - Element found...financialDetails.investmentstartyear
2024-06-10 13:23:06 INFO  Keywords:124 - InputText is called
2024-06-10 13:23:06 INFO  Keywords:282 - Waiting for webElement...financialdetails.wages
2024-06-10 13:23:06 INFO  Keywords:285 - Element found...financialdetails.wages
2024-06-10 13:23:06 INFO  Keywords:124 - InputText is called
2024-06-10 13:23:06 INFO  Keywords:282 - Waiting for webElement...financialdetails.livingexpenses
2024-06-10 13:23:06 INFO  Keywords:285 - Element found...financialdetails.livingexpenses
2024-06-10 13:23:06 INFO  Keywords:124 - InputText is called
2024-06-10 13:23:06 INFO  Keywords:282 - Waiting for webElement...financialdetails.personalinvestment
2024-06-10 13:23:06 INFO  Keywords:285 - Element found...financialdetails.personalinvestment
2024-06-10 13:23:06 INFO  Keywords:124 - InputText is called
2024-06-10 13:23:06 INFO  Keywords:282 - Waiting for webElement...financialdetails.fixeddebtexpenses
2024-06-10 13:23:06 INFO  Keywords:285 - Element found...financialdetails.fixeddebtexpenses
2024-06-10 13:23:06 INFO  Keywords:124 - InputText is called
2024-06-10 13:23:06 INFO  Keywords:282 - Waiting for webElement...financialdetails.rentalincome
2024-06-10 13:23:06 INFO  Keywords:285 - Element found...financialdetails.rentalincome
2024-06-10 13:23:06 INFO  Keywords:124 - InputText is called
2024-06-10 13:23:06 INFO  Keywords:282 - Waiting for webElement...financialdetails.variabledebtexpenses
2024-06-10 13:23:06 INFO  Keywords:285 - Element found...financialdetails.variabledebtexpenses
2024-06-10 13:23:06 INFO  Keywords:124 - InputText is called
2024-06-10 13:23:06 INFO  Keywords:282 - Waiting for webElement...financialdetails.incomepension
2024-06-10 13:23:06 INFO  Keywords:285 - Element found...financialdetails.incomepension
2024-06-10 13:23:06 INFO  Keywords:124 - InputText is called
2024-06-10 13:23:06 INFO  Keywords:282 - Waiting for webElement...financialdetails.discretionaryexpenses
2024-06-10 13:23:06 INFO  Keywords:285 - Element found...financialdetails.discretionaryexpenses
2024-06-10 13:23:06 INFO  Keywords:124 - InputText is called
2024-06-10 13:23:06 INFO  Keywords:282 - Waiting for webElement...financialdetails.socialsecurityincome
2024-06-10 13:23:06 INFO  Keywords:285 - Element found...financialdetails.socialsecurityincome
2024-06-10 13:23:06 INFO  Keywords:124 - InputText is called
2024-06-10 13:23:06 INFO  Keywords:282 - Waiting for webElement...financialdetails.otherincome
2024-06-10 13:23:06 INFO  Keywords:285 - Element found...financialdetails.otherincome
2024-06-10 13:23:06 INFO  Keywords:124 - InputText is called
2024-06-10 13:23:06 INFO  Keywords:282 - Waiting for webElement...financialdetails.bonds
2024-06-10 13:23:07 INFO  Keywords:285 - Element found...financialdetails.bonds
2024-06-10 13:23:07 INFO  Keywords:124 - InputText is called
2024-06-10 13:23:07 INFO  Keywords:282 - Waiting for webElement...financialdetails.businessTrustRealstate
2024-06-10 13:23:07 INFO  Keywords:285 - Element found...financialdetails.businessTrustRealstate
2024-06-10 13:23:07 INFO  Keywords:124 - InputText is called
2024-06-10 13:23:07 INFO  Keywords:282 - Waiting for webElement...financialdetails.retirementplan
2024-06-10 13:23:07 INFO  Keywords:285 - Element found...financialdetails.retirementplan
2024-06-10 13:23:07 INFO  Keywords:124 - InputText is called
2024-06-10 13:23:07 INFO  Keywords:282 - Waiting for webElement...financialdetails.equities
2024-06-10 13:23:07 INFO  Keywords:285 - Element found...financialdetails.equities
2024-06-10 13:23:07 INFO  Keywords:124 - InputText is called
2024-06-10 13:23:07 INFO  Keywords:282 - Waiting for webElement...financialdetails.facevalueilfeinsurance
2024-06-10 13:23:07 INFO  Keywords:285 - Element found...financialdetails.facevalueilfeinsurance
2024-06-10 13:23:07 INFO  Keywords:124 - InputText is called
2024-06-10 13:23:07 INFO  Keywords:282 - Waiting for webElement...financialdetails.fixedannuity
2024-06-10 13:23:07 INFO  Keywords:285 - Element found...financialdetails.fixedannuity
2024-06-10 13:23:07 INFO  Keywords:124 - InputText is called
2024-06-10 13:23:07 INFO  Keywords:282 - Waiting for webElement...financialdetails.indexannuity
2024-06-10 13:23:07 INFO  Keywords:285 - Element found...financialdetails.indexannuity
2024-06-10 13:23:07 INFO  Keywords:124 - InputText is called
2024-06-10 13:23:07 INFO  Keywords:282 - Waiting for webElement...financialdetails.liquidnetworth
2024-06-10 13:23:07 INFO  Keywords:285 - Element found...financialdetails.liquidnetworth
2024-06-10 13:23:07 INFO  Keywords:124 - InputText is called
2024-06-10 13:23:07 INFO  Keywords:282 - Waiting for webElement...financialdetails.mutualfund
2024-06-10 13:23:07 INFO  Keywords:285 - Element found...financialdetails.mutualfund
2024-06-10 13:23:07 INFO  Keywords:124 - InputText is called
2024-06-10 13:23:07 INFO  Keywords:282 - Waiting for webElement...financialdetails.otherbrokerage
2024-06-10 13:23:07 INFO  Keywords:285 - Element found...financialdetails.otherbrokerage
2024-06-10 13:23:07 INFO  Keywords:124 - InputText is called
2024-06-10 13:23:07 INFO  Keywords:282 - Waiting for webElement...financialdetails.policypremium
2024-06-10 13:23:07 INFO  Keywords:285 - Element found...financialdetails.policypremium
2024-06-10 13:23:07 INFO  Keywords:124 - InputText is called
2024-06-10 13:23:07 INFO  Keywords:282 - Waiting for webElement...financialdetails.variableannuity
2024-06-10 13:23:07 INFO  Keywords:285 - Element found...financialdetails.variableannuity
2024-06-10 13:23:07 INFO  Keywords:124 - InputText is called
2024-06-10 13:23:07 INFO  Keywords:282 - Waiting for webElement...financialdetails.totalpremium
2024-06-10 13:23:07 INFO  Keywords:285 - Element found...financialdetails.totalpremium
2024-06-10 13:23:07 INFO  Keywords:282 - Waiting for webElement...financialdetails.anticipatedchanges
2024-06-10 13:23:07 INFO  Keywords:285 - Element found...financialdetails.anticipatedchanges
2024-06-10 13:23:08 INFO  Keywords:282 - Waiting for webElement...financialdetails.nonguaranteedelementYes
2024-06-10 13:23:08 INFO  Keywords:285 - Element found...financialdetails.nonguaranteedelementYes
2024-06-10 13:23:08 INFO  Keywords:282 - Waiting for webElement...financialdetails.reversemortgage
2024-06-10 13:23:08 INFO  Keywords:285 - Element found...financialdetails.reversemortgage
2024-06-10 13:23:08 INFO  Keywords:135 - ClickOnLink is called
2024-06-10 13:23:08 INFO  Keywords:282 - Waiting for webElement...next
2024-06-10 13:23:08 INFO  Keywords:285 - Element found...next
2024-06-10 13:23:27 INFO  Keywords:282 - Waiting for webElement...payment.modal
2024-06-10 13:23:27 INFO  Keywords:285 - Element found...payment.modal
2024-06-10 13:23:44 INFO  Keywords:282 - Waiting for webElement...payment.method
2024-06-10 13:23:44 INFO  Keywords:285 - Element found...payment.method
2024-06-10 13:23:44 INFO  Keywords:124 - InputText is called
2024-06-10 13:23:44 INFO  Keywords:282 - Waiting for webElement...payment.premium
2024-06-10 13:23:44 INFO  Keywords:285 - Element found...payment.premium
2024-06-10 13:23:44 INFO  Keywords:135 - ClickOnLink is called
2024-06-10 13:23:44 INFO  Keywords:282 - Waiting for webElement...next
2024-06-10 13:23:44 INFO  Keywords:285 - Element found...next
2024-06-10 13:24:03 INFO  Keywords:282 - Waiting for webElement...existinginsurance.borrowingfunds
2024-06-10 13:24:03 INFO  Keywords:285 - Element found...existinginsurance.borrowingfunds
2024-06-10 13:24:03 INFO  Keywords:282 - Waiting for webElement...existinginsurance.terminatingexistinglifepolicyNo
2024-06-10 13:24:04 INFO  Keywords:285 - Element found...existinginsurance.terminatingexistinglifepolicyNo
2024-06-10 13:24:04 INFO  Keywords:282 - Waiting for webElement...existinginsurance.DisabilityPoliciesNo
2024-06-10 13:24:04 INFO  Keywords:285 - Element found...existinginsurance.DisabilityPoliciesNo
2024-06-10 13:24:04 INFO  Keywords:282 - Waiting for webElement...existinginsurance.longtermpolicyNo
2024-06-10 13:24:04 INFO  Keywords:285 - Element found...existinginsurance.longtermpolicyNo
2024-06-10 13:24:04 INFO  Keywords:282 - Waiting for webElement...existinglongterminsurance.NO
2024-06-10 13:24:04 INFO  Keywords:285 - Element found...existinglongterminsurance.NO
2024-06-10 13:24:05 INFO  Keywords:135 - ClickOnLink is called
2024-06-10 13:24:05 INFO  Keywords:282 - Waiting for webElement...next
2024-06-10 13:24:05 INFO  Keywords:285 - Element found...next
2024-06-10 13:24:24 INFO  Keywords:135 - ClickOnLink is called
2024-06-10 13:24:24 INFO  Keywords:282 - Waiting for webElement...next
2024-06-10 13:24:24 INFO  Keywords:285 - Element found...next
2024-06-10 13:24:43 INFO  Keywords:124 - InputText is called
2024-06-10 13:24:43 INFO  Keywords:282 - Waiting for webElement...additionalclientquestion.q1
2024-06-10 13:24:43 INFO  Keywords:285 - Element found...additionalclientquestion.q1
2024-06-10 13:24:43 INFO  Keywords:124 - InputText is called
2024-06-10 13:24:43 INFO  Keywords:282 - Waiting for webElement...additionalclientquestion.q2
2024-06-10 13:24:43 INFO  Keywords:285 - Element found...additionalclientquestion.q2
2024-06-10 13:24:43 INFO  Keywords:124 - InputText is called
2024-06-10 13:24:43 INFO  Keywords:282 - Waiting for webElement...additionalclientquestion.q3
2024-06-10 13:24:43 INFO  Keywords:285 - Element found...additionalclientquestion.q3
2024-06-10 13:24:43 INFO  Keywords:124 - InputText is called
2024-06-10 13:24:43 INFO  Keywords:282 - Waiting for webElement...additionalclientquestion.q4
2024-06-10 13:25:33 INFO  Keywords:124 - InputText is called
2024-06-10 13:25:33 INFO  Keywords:282 - Waiting for webElement...additionalclientquestion.q5
2024-06-10 13:26:23 INFO  Keywords:482 - GetText is called
2024-06-10 13:26:23 INFO  Keywords:282 - Waiting for webElement...ebixTxnID
2024-06-10 13:26:23 INFO  Keywords:285 - Element found...ebixTxnID
2024-06-10 13:26:23 INFO  Keywords:486 - LinkId: 530875
2024-06-10 13:26:23 INFO  Keywords:530 - LinkId: 530875
2024-06-10 13:26:24 INFO  Keywords:482 - GetText is called
2024-06-10 13:26:24 INFO  Keywords:282 - Waiting for webElement...ebixTxnID
2024-06-10 13:26:24 INFO  Keywords:285 - Element found...ebixTxnID
2024-06-10 13:26:24 INFO  Keywords:486 - LinkId: 530875
2024-06-10 13:26:24 INFO  Keywords:135 - ClickOnLink is called
2024-06-10 13:26:24 INFO  Keywords:282 - Waiting for webElement...attachment
2024-06-10 13:26:24 INFO  Keywords:285 - Element found...attachment
2024-06-10 13:26:24 INFO  Keywords:282 - Waiting for webElement...attachment.documenttype
2024-06-10 13:26:25 INFO  Keywords:285 - Element found...attachment.documenttype
2024-06-10 13:26:25 INFO  Keywords:124 - InputText is called
2024-06-10 13:26:25 INFO  Keywords:282 - Waiting for webElement...attachment.choosefile
2024-06-10 13:26:25 INFO  Keywords:285 - Element found...attachment.choosefile
2024-06-10 13:26:25 INFO  Keywords:135 - ClickOnLink is called
2024-06-10 13:26:25 INFO  Keywords:282 - Waiting for webElement...attachment.upload
2024-06-10 13:26:25 INFO  Keywords:285 - Element found...attachment.upload
2024-06-10 13:27:57 INFO  Keywords:409 - switching to particular window...
2024-06-10 13:27:57 INFO  Keywords:482 - GetText is called
2024-06-10 13:27:57 INFO  Keywords:282 - Waiting for webElement...ebixTxnID
2024-06-10 13:27:57 INFO  Keywords:285 - Element found...ebixTxnID
2024-06-10 13:27:57 INFO  Keywords:486 - LinkId: 530875
2024-06-10 13:27:57 INFO  Keywords:530 - LinkId: 530875
2024-06-10 13:27:57 INFO  Keywords:482 - GetText is called
2024-06-10 13:27:57 INFO  Keywords:282 - Waiting for webElement...ebixTxnID
2024-06-10 13:27:57 INFO  Keywords:285 - Element found...ebixTxnID
2024-06-10 13:27:57 INFO  Keywords:486 - LinkId: 530875
2024-06-10 13:27:57 INFO  Keywords:135 - ClickOnLink is called
2024-06-10 13:27:57 INFO  Keywords:282 - Waiting for webElement...next
2024-06-10 13:27:57 INFO  Keywords:285 - Element found...next
2024-06-10 13:28:15 INFO  Keywords:135 - ClickOnLink is called
2024-06-10 13:28:15 INFO  Keywords:282 - Waiting for webElement...validate.button
2024-06-10 13:28:15 INFO  Keywords:285 - Element found...validate.button
2024-06-10 13:28:47 INFO  Keywords:135 - ClickOnLink is called
2024-06-10 13:28:47 INFO  Keywords:282 - Waiting for webElement...notification.continue
2024-06-10 13:28:47 INFO  Keywords:285 - Element found...notification.continue
2024-06-10 13:29:04 INFO  Keywords:135 - ClickOnLink is called
2024-06-10 13:29:04 INFO  Keywords:282 - Waiting for webElement...esignature.optout
2024-06-10 13:29:04 INFO  Keywords:285 - Element found...esignature.optout
2024-06-10 13:30:34 INFO  Keywords:147 - VerifyText is called
2024-06-10 13:30:34 INFO  Keywords:282 - Waiting for webElement...WebElement
2024-06-10 13:30:34 INFO  Keywords:135 - ClickOnLink is called
2024-06-10 13:30:34 INFO  Keywords:282 - Waiting for webElement...attachment
2024-06-10 13:30:34 INFO  Keywords:285 - Element found...attachment
2024-06-10 13:30:34 INFO  Keywords:282 - Waiting for webElement...attachment.documenttype
2024-06-10 13:30:34 INFO  Keywords:285 - Element found...attachment.documenttype
2024-06-10 13:30:35 INFO  Keywords:124 - InputText is called
2024-06-10 13:30:35 INFO  Keywords:282 - Waiting for webElement...attachment.choosefile
2024-06-10 13:30:35 INFO  Keywords:285 - Element found...attachment.choosefile
2024-06-10 13:30:35 INFO  Keywords:135 - ClickOnLink is called
2024-06-10 13:30:35 INFO  Keywords:282 - Waiting for webElement...attachment.upload
2024-06-10 13:30:35 INFO  Keywords:285 - Element found...attachment.upload
2024-06-10 13:30:51 INFO  Keywords:135 - ClickOnLink is called
2024-06-10 13:30:51 INFO  Keywords:282 - Waiting for webElement...RequestSignatures
2024-06-10 13:30:51 INFO  Keywords:285 - Element found...RequestSignatures
2024-06-10 13:31:07 INFO  Keywords:282 - Waiting for webElement...attachment.documenttype
2024-06-10 13:31:07 INFO  Keywords:285 - Element found...attachment.documenttype
2024-06-10 13:31:07 INFO  Keywords:124 - InputText is called
2024-06-10 13:31:07 INFO  Keywords:282 - Waiting for webElement...attachment.choosefile
2024-06-10 13:31:07 INFO  Keywords:285 - Element found...attachment.choosefile
2024-06-10 13:31:07 INFO  Keywords:135 - ClickOnLink is called
2024-06-10 13:31:07 INFO  Keywords:282 - Waiting for webElement...attachment.upload
2024-06-10 13:31:07 INFO  Keywords:285 - Element found...attachment.upload
2024-06-10 13:31:25 INFO  Keywords:135 - ClickOnLink is called
2024-06-10 13:31:25 INFO  Keywords:282 - Waiting for webElement...SubmitButton
2024-06-10 13:33:05 INFO  Keywords:428 - switching to parent window...
2024-06-10 13:33:05 INFO  Keywords:98 - Navigate is called
2024-06-10 13:33:06 INFO  Keywords:496 - ClearText is called
2024-06-10 13:33:06 INFO  Keywords:282 - Waiting for webElement...gateway.username
2024-06-10 13:33:06 INFO  Keywords:285 - Element found...gateway.username
2024-06-10 13:33:06 INFO  Keywords:500 - LinkId: 530875
2024-06-10 13:33:06 INFO  Keywords:124 - InputText is called
2024-06-10 13:33:06 INFO  Keywords:282 - Waiting for webElement...gateway.username
2024-06-10 13:33:06 INFO  Keywords:285 - Element found...gateway.username
2024-06-10 13:33:06 INFO  Keywords:496 - ClearText is called
2024-06-10 13:33:06 INFO  Keywords:282 - Waiting for webElement...gateway.password
2024-06-10 13:33:06 INFO  Keywords:285 - Element found...gateway.password
2024-06-10 13:33:06 INFO  Keywords:500 - LinkId: 530875
2024-06-10 13:33:06 INFO  Keywords:124 - InputText is called
2024-06-10 13:33:06 INFO  Keywords:282 - Waiting for webElement...gateway.password
2024-06-10 13:33:06 INFO  Keywords:285 - Element found...gateway.password
2024-06-10 13:33:06 INFO  Keywords:135 - ClickOnLink is called
2024-06-10 13:33:06 INFO  Keywords:282 - Waiting for webElement...gateway.login
2024-06-10 13:33:06 INFO  Keywords:285 - Element found...gateway.login
2024-06-10 13:33:23 INFO  Keywords:135 - ClickOnLink is called
2024-06-10 13:33:23 INFO  Keywords:282 - Waiting for webElement...management
2024-06-10 13:33:23 INFO  Keywords:285 - Element found...management
2024-06-10 13:33:23 INFO  Keywords:282 - Waiting for webElement...managementTools
2024-06-10 13:33:23 INFO  Keywords:285 - Element found...managementTools
2024-06-10 13:33:24 INFO  Keywords:135 - ClickOnLink is called
2024-06-10 13:33:24 INFO  Keywords:282 - Waiting for webElement...feedManagement
2024-06-10 13:33:24 INFO  Keywords:285 - Element found...feedManagement
2024-06-10 13:33:41 INFO  Keywords:135 - ClickOnLink is called
2024-06-10 13:33:41 INFO  Keywords:282 - Waiting for webElement...searchPanel
2024-06-10 13:33:41 INFO  Keywords:285 - Element found...searchPanel
2024-06-10 13:33:41 INFO  Keywords:282 - Waiting for webElement...selectTransactionID
2024-06-10 13:33:41 INFO  Keywords:285 - Element found...selectTransactionID
2024-06-10 13:33:41 INFO  Keywords:124 - InputText is called
2024-06-10 13:33:41 INFO  Keywords:282 - Waiting for webElement...enterTransactioID
2024-06-10 13:33:41 INFO  Keywords:285 - Element found...enterTransactioID
2024-06-10 13:33:41 INFO  Keywords:135 - ClickOnLink is called
2024-06-10 13:33:41 INFO  Keywords:282 - Waiting for webElement...searchbutton
2024-06-10 13:33:41 INFO  Keywords:285 - Element found...searchbutton
2024-06-10 13:33:58 INFO  Keywords:135 - ClickOnLink is called
2024-06-10 13:33:58 INFO  Keywords:282 - Waiting for webElement...transactionSearchmyResult
2024-06-10 13:33:58 INFO  Keywords:285 - Element found...transactionSearchmyResult
2024-06-10 13:34:14 INFO  Keywords:135 - ClickOnLink is called
2024-06-10 13:34:14 INFO  Keywords:282 - Waiting for webElement...onenotThree
2024-06-10 13:34:14 INFO  Keywords:285 - Element found...onenotThree
2024-06-10 13:34:14 INFO  Keywords:282 - Waiting for webElement...103ResponseXML
2024-06-10 13:34:56 INFO  Keywords:428 - switching to parent window...
2024-06-10 13:34:57 INFO  Keywords:98 - Navigate is called
2024-06-10 13:34:57 INFO  Keywords:496 - ClearText is called
2024-06-10 13:34:57 INFO  Keywords:282 - Waiting for webElement...gateway.username
2024-06-10 13:34:57 INFO  Keywords:285 - Element found...gateway.username
2024-06-10 13:34:57 INFO  Keywords:500 - LinkId: 530875
2024-06-10 13:34:57 INFO  Keywords:124 - InputText is called
2024-06-10 13:34:57 INFO  Keywords:282 - Waiting for webElement...gateway.username
2024-06-10 13:34:57 INFO  Keywords:285 - Element found...gateway.username
2024-06-10 13:34:57 INFO  Keywords:496 - ClearText is called
2024-06-10 13:34:57 INFO  Keywords:282 - Waiting for webElement...gateway.password
2024-06-10 13:34:57 INFO  Keywords:285 - Element found...gateway.password
2024-06-10 13:34:57 INFO  Keywords:500 - LinkId: 530875
2024-06-10 13:34:57 INFO  Keywords:124 - InputText is called
2024-06-10 13:34:57 INFO  Keywords:282 - Waiting for webElement...gateway.password
2024-06-10 13:34:57 INFO  Keywords:285 - Element found...gateway.password
2024-06-10 13:34:57 INFO  Keywords:135 - ClickOnLink is called
2024-06-10 13:34:57 INFO  Keywords:282 - Waiting for webElement...gateway.login
2024-06-10 13:34:57 INFO  Keywords:285 - Element found...gateway.login
2024-06-10 13:35:14 INFO  Keywords:135 - ClickOnLink is called
2024-06-10 13:35:14 INFO  Keywords:282 - Waiting for webElement...management
2024-06-10 13:35:14 INFO  Keywords:285 - Element found...management
2024-06-10 13:35:15 INFO  Keywords:282 - Waiting for webElement...managementTools
2024-06-10 13:35:15 INFO  Keywords:285 - Element found...managementTools
2024-06-10 13:35:16 INFO  Keywords:135 - ClickOnLink is called
2024-06-10 13:35:16 INFO  Keywords:282 - Waiting for webElement...feedManagement
2024-06-10 13:35:16 INFO  Keywords:285 - Element found...feedManagement
2024-06-10 13:35:32 INFO  Keywords:135 - ClickOnLink is called
2024-06-10 13:35:32 INFO  Keywords:282 - Waiting for webElement...searchPanel
2024-06-10 13:35:32 INFO  Keywords:285 - Element found...searchPanel
2024-06-10 13:35:32 INFO  Keywords:282 - Waiting for webElement...selectTransactionID
2024-06-10 13:35:32 INFO  Keywords:285 - Element found...selectTransactionID
2024-06-10 13:35:33 INFO  Keywords:124 - InputText is called
2024-06-10 13:35:33 INFO  Keywords:282 - Waiting for webElement...enterTransactioID
2024-06-10 13:35:33 INFO  Keywords:285 - Element found...enterTransactioID
2024-06-10 13:35:33 INFO  Keywords:135 - ClickOnLink is called
2024-06-10 13:35:33 INFO  Keywords:282 - Waiting for webElement...searchbutton
2024-06-10 13:35:33 INFO  Keywords:285 - Element found...searchbutton
2024-06-10 13:35:49 INFO  Keywords:135 - ClickOnLink is called
2024-06-10 13:35:49 INFO  Keywords:282 - Waiting for webElement...transactionSearchmyResult
2024-06-10 13:35:49 INFO  Keywords:285 - Element found...transactionSearchmyResult
2024-06-10 13:36:05 INFO  Keywords:135 - ClickOnLink is called
2024-06-10 13:36:05 INFO  Keywords:282 - Waiting for webElement...RTSMButton
2024-06-10 13:36:05 INFO  Keywords:285 - Element found...RTSMButton
2024-06-10 13:36:06 INFO  Keywords:282 - Waiting for webElement...RTSMResponseXML
2024-06-10 13:36:48 INFO  Keywords:98 - Navigate is called
2024-06-10 13:36:49 INFO  Keywords:124 - InputText is called
2024-06-10 13:36:49 INFO  Keywords:282 - Waiting for webElement...gateway.username
2024-06-10 13:36:49 INFO  Keywords:285 - Element found...gateway.username
2024-06-10 13:36:49 INFO  Keywords:124 - InputText is called
2024-06-10 13:36:49 INFO  Keywords:282 - Waiting for webElement...gateway.password
2024-06-10 13:36:49 INFO  Keywords:285 - Element found...gateway.password
2024-06-10 13:36:49 INFO  Keywords:135 - ClickOnLink is called
2024-06-10 13:36:49 INFO  Keywords:282 - Waiting for webElement...gateway.login
2024-06-10 13:36:49 INFO  Keywords:285 - Element found...gateway.login
2024-06-10 13:37:25 INFO  Keywords:135 - ClickOnLink is called
2024-06-10 13:37:25 INFO  Keywords:282 - Waiting for webElement...postsamldata
2024-06-10 13:37:25 INFO  Keywords:285 - Element found...postsamldata
2024-06-10 13:37:41 INFO  Keywords:135 - ClickOnLink is called
2024-06-10 13:37:41 INFO  Keywords:282 - Waiting for webElement...next
2024-06-10 13:38:07 INFO  Keywords:124 - InputText is called
2024-06-10 13:38:07 INFO  Keywords:282 - Waiting for webElement...policyConfiguration.insuranceamount
2024-06-10 13:38:17 INFO  Keywords:282 - Waiting for webElement...policyConfiguration.LTC
2024-06-10 13:38:27 INFO  Keywords:282 - Waiting for webElement...policyConfiguration.Benefit
2024-06-10 13:38:37 INFO  Keywords:282 - Waiting for webElement...policyConfiguration.payors
2024-06-10 13:38:47 INFO  Keywords:282 - Waiting for webElement...policyConfiguration.purposeofpolicy
2024-06-10 13:38:57 INFO  Keywords:135 - ClickOnLink is called
2024-06-10 13:38:57 INFO  Keywords:282 - Waiting for webElement...next
2024-06-10 13:40:38 INFO  Keywords:282 - Waiting for webElement...primaryinsured.birthcountry
2024-06-10 13:40:48 INFO  Keywords:282 - Waiting for webElement...primaryinsured.birthstate
2024-06-10 13:40:58 INFO  Keywords:124 - InputText is called
2024-06-10 13:40:58 INFO  Keywords:282 - Waiting for webElement...primaryinsured.birthcity
2024-06-10 13:41:08 INFO  Keywords:135 - ClickOnLink is called
2024-06-10 13:41:08 INFO  Keywords:282 - Waiting for webElement...next
2024-06-10 13:41:34 INFO  Keywords:135 - ClickOnLink is called
2024-06-10 13:41:34 INFO  Keywords:282 - Waiting for webElement...next
2024-06-10 13:42:00 INFO  Keywords:282 - Waiting for webElement...naturalOwner.relationwithInsured
2024-06-10 13:42:10 INFO  Keywords:282 - Waiting for webElement...naturalOwner.relationwithJointInsured
2024-06-10 13:42:20 INFO  Keywords:282 - Waiting for webElement...naturalOwner.PermamentResidentCard
2024-06-10 13:42:30 INFO  Keywords:124 - InputText is called
2024-06-10 13:42:30 INFO  Keywords:282 - Waiting for webElement...naturalOwner.ResidentCardIssueDAte
2024-06-10 13:42:40 INFO  Keywords:124 - InputText is called
2024-06-10 13:42:40 INFO  Keywords:282 - Waiting for webElement...naturalOwner.ResidentCardExpireationDAte
2024-06-10 13:42:50 INFO  Keywords:124 - InputText is called
2024-06-10 13:42:50 INFO  Keywords:282 - Waiting for webElement...naturalOwner.USLivingYrs
2024-06-10 13:43:00 INFO  Keywords:124 - InputText is called
2024-06-10 13:43:00 INFO  Keywords:282 - Waiting for webElement...naturalOwner.USLivingMonths
2024-06-10 13:43:10 INFO  Keywords:135 - ClickOnLink is called
2024-06-10 13:43:10 INFO  Keywords:282 - Waiting for webElement...next
2024-06-10 13:43:36 INFO  Keywords:282 - Waiting for webElement...financialDetails.SourceOfFundsLI
2024-06-10 13:43:47 INFO  Keywords:282 - Waiting for webElement...financialDetails.SurrenderChargeSOFLI
2024-06-10 13:43:57 INFO  Keywords:282 - Waiting for webElement...financialDetails.envisiontaking
2024-06-10 13:44:07 INFO  Keywords:282 - Waiting for webElement...financialDetails.federalfaxbracket
2024-06-10 13:44:17 INFO  Keywords:282 - Waiting for webElement...financialDetails.riskTolerance
2024-06-10 13:44:27 INFO  Keywords:282 - Waiting for webElement...financialDetails.Investmentobjectives
2024-06-10 13:44:37 INFO  Keywords:282 - Waiting for webElement...financialDetails.timehorizon
2024-06-10 13:44:47 INFO  Keywords:282 - Waiting for webElement...financialDetails.investmentexperienceFA
2024-06-10 13:44:57 INFO  Keywords:124 - InputText is called
2024-06-10 13:44:57 INFO  Keywords:282 - Waiting for webElement...financialDetails.investmentstartyear
2024-06-10 13:45:07 INFO  Keywords:124 - InputText is called
2024-06-10 13:45:07 INFO  Keywords:282 - Waiting for webElement...financialdetails.wages
2024-06-10 13:45:17 INFO  Keywords:124 - InputText is called
2024-06-10 13:45:17 INFO  Keywords:282 - Waiting for webElement...financialdetails.livingexpenses
2024-06-10 13:45:27 INFO  Keywords:124 - InputText is called
2024-06-10 13:45:27 INFO  Keywords:282 - Waiting for webElement...financialdetails.personalinvestment
2024-06-10 13:45:37 INFO  Keywords:124 - InputText is called
2024-06-10 13:45:37 INFO  Keywords:282 - Waiting for webElement...financialdetails.fixeddebtexpenses
2024-06-10 13:45:47 INFO  Keywords:124 - InputText is called
2024-06-10 13:45:47 INFO  Keywords:282 - Waiting for webElement...financialdetails.rentalincome
2024-06-10 13:45:58 INFO  Keywords:124 - InputText is called
2024-06-10 13:45:58 INFO  Keywords:282 - Waiting for webElement...financialdetails.variabledebtexpenses
2024-06-10 13:46:08 INFO  Keywords:124 - InputText is called
2024-06-10 13:46:08 INFO  Keywords:282 - Waiting for webElement...financialdetails.incomepension
2024-06-10 13:46:18 INFO  Keywords:124 - InputText is called
2024-06-10 13:46:18 INFO  Keywords:282 - Waiting for webElement...financialdetails.discretionaryexpenses
2024-06-10 13:46:28 INFO  Keywords:124 - InputText is called
2024-06-10 13:46:28 INFO  Keywords:282 - Waiting for webElement...financialdetails.socialsecurityincome
2024-06-10 13:46:38 INFO  Keywords:124 - InputText is called
2024-06-10 13:46:38 INFO  Keywords:282 - Waiting for webElement...financialdetails.otherincome
2024-06-10 13:46:48 INFO  Keywords:124 - InputText is called
2024-06-10 13:46:48 INFO  Keywords:282 - Waiting for webElement...financialdetails.bonds
2024-06-10 13:46:58 INFO  Keywords:124 - InputText is called
2024-06-10 13:46:58 INFO  Keywords:282 - Waiting for webElement...financialdetails.businessTrustRealstate
2024-06-10 13:47:08 INFO  Keywords:124 - InputText is called
2024-06-10 13:47:08 INFO  Keywords:282 - Waiting for webElement...financialdetails.retirementplan
2024-06-10 13:47:18 INFO  Keywords:124 - InputText is called
2024-06-10 13:47:18 INFO  Keywords:282 - Waiting for webElement...financialdetails.equities
2024-06-10 13:47:28 INFO  Keywords:124 - InputText is called
2024-06-10 13:47:28 INFO  Keywords:282 - Waiting for webElement...financialdetails.facevalueilfeinsurance
2024-06-10 13:47:38 INFO  Keywords:124 - InputText is called
2024-06-10 13:47:38 INFO  Keywords:282 - Waiting for webElement...financialdetails.fixedannuity
2024-06-10 13:47:48 INFO  Keywords:124 - InputText is called
2024-06-10 13:47:48 INFO  Keywords:282 - Waiting for webElement...financialdetails.indexannuity
2024-06-10 13:47:58 INFO  Keywords:124 - InputText is called
2024-06-10 13:47:58 INFO  Keywords:282 - Waiting for webElement...financialdetails.liquidnetworth
2024-06-10 13:48:08 INFO  Keywords:124 - InputText is called
2024-06-10 13:48:08 INFO  Keywords:282 - Waiting for webElement...financialdetails.mutualfund
2024-06-10 13:48:19 INFO  Keywords:124 - InputText is called
2024-06-10 13:48:19 INFO  Keywords:282 - Waiting for webElement...financialdetails.otherbrokerage
2024-06-10 13:48:29 INFO  Keywords:124 - InputText is called
2024-06-10 13:48:29 INFO  Keywords:282 - Waiting for webElement...financialdetails.policypremium
2024-06-10 13:48:39 INFO  Keywords:124 - InputText is called
2024-06-10 13:48:39 INFO  Keywords:282 - Waiting for webElement...financialdetails.variableannuity
2024-06-10 13:48:49 INFO  Keywords:124 - InputText is called
2024-06-10 13:48:49 INFO  Keywords:282 - Waiting for webElement...financialdetails.totalpremium
2024-06-10 13:48:59 INFO  Keywords:282 - Waiting for webElement...financialdetails.anticipatedchanges
2024-06-10 13:49:09 INFO  Keywords:282 - Waiting for webElement...financialdetails.nonguaranteedelementYes
2024-06-10 13:49:19 INFO  Keywords:282 - Waiting for webElement...financialdetails.reversemortgage
2024-06-10 13:49:29 INFO  Keywords:135 - ClickOnLink is called
2024-06-10 13:49:29 INFO  Keywords:282 - Waiting for webElement...next
2024-06-10 13:49:55 INFO  Keywords:282 - Waiting for webElement...payment.modal
2024-06-10 13:50:21 INFO  Keywords:282 - Waiting for webElement...payment.method
2024-06-10 13:50:31 INFO  Keywords:124 - InputText is called
2024-06-10 13:50:31 INFO  Keywords:282 - Waiting for webElement...payment.premium
2024-06-10 13:50:41 INFO  Keywords:135 - ClickOnLink is called
2024-06-10 13:50:41 INFO  Keywords:282 - Waiting for webElement...next
2024-06-10 13:51:07 INFO  Keywords:282 - Waiting for webElement...existinginsurance.borrowingfunds
2024-06-10 13:51:17 INFO  Keywords:282 - Waiting for webElement...existinginsurance.terminatingexistinglifepolicyNo
2024-06-10 13:51:28 INFO  Keywords:282 - Waiting for webElement...existinginsurance.DisabilityPoliciesNo
2024-06-10 13:51:38 INFO  Keywords:282 - Waiting for webElement...existinginsurance.longtermpolicyNo
2024-06-10 13:51:48 INFO  Keywords:282 - Waiting for webElement...existinglongterminsurance.NO
2024-06-10 13:51:58 INFO  Keywords:135 - ClickOnLink is called
2024-06-10 13:51:58 INFO  Keywords:282 - Waiting for webElement...next
2024-06-10 13:52:24 INFO  Keywords:135 - ClickOnLink is called
2024-06-10 13:52:24 INFO  Keywords:282 - Waiting for webElement...next
2024-06-10 13:52:50 INFO  Keywords:124 - InputText is called
2024-06-10 13:52:50 INFO  Keywords:282 - Waiting for webElement...additionalclientquestion.q1
2024-06-10 13:53:00 INFO  Keywords:124 - InputText is called
2024-06-10 13:53:00 INFO  Keywords:282 - Waiting for webElement...additionalclientquestion.q2
2024-06-10 13:53:10 INFO  Keywords:124 - InputText is called
2024-06-10 13:53:10 INFO  Keywords:282 - Waiting for webElement...additionalclientquestion.q3
2024-06-10 13:53:20 INFO  Keywords:124 - InputText is called
2024-06-10 13:53:20 INFO  Keywords:282 - Waiting for webElement...additionalclientquestion.q4
2024-06-10 13:53:30 INFO  Keywords:124 - InputText is called
2024-06-10 13:53:30 INFO  Keywords:282 - Waiting for webElement...additionalclientquestion.q5
2024-06-10 13:53:40 INFO  Keywords:482 - GetText is called
2024-06-10 13:53:40 INFO  Keywords:282 - Waiting for webElement...ebixTxnID
2024-06-10 13:53:50 INFO  Keywords:530 - LinkId: 530875
2024-06-10 13:53:50 INFO  Keywords:482 - GetText is called
2024-06-10 13:53:50 INFO  Keywords:282 - Waiting for webElement...ebixTxnID
2024-06-10 13:54:00 INFO  Keywords:135 - ClickOnLink is called
2024-06-10 13:54:00 INFO  Keywords:282 - Waiting for webElement...attachment
2024-06-10 13:54:11 INFO  Keywords:282 - Waiting for webElement...attachment.documenttype
2024-06-10 13:54:21 INFO  Keywords:124 - InputText is called
2024-06-10 13:54:21 INFO  Keywords:282 - Waiting for webElement...attachment.choosefile
2024-06-10 13:54:31 INFO  Keywords:135 - ClickOnLink is called
2024-06-10 13:54:31 INFO  Keywords:282 - Waiting for webElement...attachment.upload
2024-06-10 13:56:11 INFO  Keywords:409 - switching to particular window...
2024-06-10 13:56:11 INFO  Keywords:482 - GetText is called
2024-06-10 13:56:11 INFO  Keywords:282 - Waiting for webElement...ebixTxnID
2024-06-10 13:56:11 INFO  Keywords:285 - Element found...ebixTxnID
2024-06-10 13:56:11 INFO  Keywords:486 - LinkId: 530879
2024-06-10 13:56:11 INFO  Keywords:530 - LinkId: 530879
2024-06-10 13:56:11 INFO  Keywords:482 - GetText is called
2024-06-10 13:56:11 INFO  Keywords:282 - Waiting for webElement...ebixTxnID
2024-06-10 13:56:11 INFO  Keywords:285 - Element found...ebixTxnID
2024-06-10 13:56:11 INFO  Keywords:486 - LinkId: 530879
2024-06-10 13:56:11 INFO  Keywords:135 - ClickOnLink is called
2024-06-10 13:56:11 INFO  Keywords:282 - Waiting for webElement...next
2024-06-10 13:56:11 INFO  Keywords:285 - Element found...next
2024-06-10 13:56:32 INFO  Keywords:135 - ClickOnLink is called
2024-06-10 13:56:32 INFO  Keywords:282 - Waiting for webElement...validate.button
2024-06-10 13:57:14 INFO  Keywords:135 - ClickOnLink is called
2024-06-10 13:57:14 INFO  Keywords:282 - Waiting for webElement...notification.continue
2024-06-10 13:57:40 INFO  Keywords:135 - ClickOnLink is called
2024-06-10 13:57:40 INFO  Keywords:282 - Waiting for webElement...esignature.optout
2024-06-10 13:59:20 INFO  Keywords:147 - VerifyText is called
2024-06-10 13:59:20 INFO  Keywords:282 - Waiting for webElement...WebElement
2024-06-10 13:59:20 INFO  Keywords:135 - ClickOnLink is called
2024-06-10 13:59:20 INFO  Keywords:282 - Waiting for webElement...attachment
2024-06-10 13:59:20 INFO  Keywords:285 - Element found...attachment
2024-06-10 13:59:20 INFO  Keywords:282 - Waiting for webElement...attachment.documenttype
2024-06-10 13:59:22 INFO  Keywords:285 - Element found...attachment.documenttype
2024-06-10 13:59:22 INFO  Keywords:124 - InputText is called
2024-06-10 13:59:22 INFO  Keywords:282 - Waiting for webElement...attachment.choosefile
2024-06-10 13:59:22 INFO  Keywords:285 - Element found...attachment.choosefile
2024-06-10 13:59:22 INFO  Keywords:135 - ClickOnLink is called
2024-06-10 13:59:22 INFO  Keywords:282 - Waiting for webElement...attachment.upload
2024-06-10 13:59:22 INFO  Keywords:285 - Element found...attachment.upload
2024-06-10 13:59:40 INFO  Keywords:135 - ClickOnLink is called
2024-06-10 13:59:40 INFO  Keywords:282 - Waiting for webElement...RequestSignatures
2024-06-10 14:00:06 INFO  Keywords:282 - Waiting for webElement...attachment.documenttype
2024-06-10 14:00:06 INFO  Keywords:285 - Element found...attachment.documenttype
2024-06-10 14:00:06 INFO  Keywords:124 - InputText is called
2024-06-10 14:00:06 INFO  Keywords:282 - Waiting for webElement...attachment.choosefile
2024-06-10 14:00:06 INFO  Keywords:285 - Element found...attachment.choosefile
2024-06-10 14:00:07 INFO  Keywords:135 - ClickOnLink is called
2024-06-10 14:00:07 INFO  Keywords:282 - Waiting for webElement...attachment.upload
2024-06-10 14:00:07 INFO  Keywords:285 - Element found...attachment.upload
2024-06-10 14:00:24 INFO  Keywords:135 - ClickOnLink is called
2024-06-10 14:00:24 INFO  Keywords:282 - Waiting for webElement...SubmitButton
2024-06-10 14:02:04 INFO  Keywords:428 - switching to parent window...
2024-06-10 14:02:04 INFO  Keywords:98 - Navigate is called
2024-06-10 14:02:05 INFO  Keywords:496 - ClearText is called
2024-06-10 14:02:05 INFO  Keywords:282 - Waiting for webElement...gateway.username
2024-06-10 14:02:05 INFO  Keywords:285 - Element found...gateway.username
2024-06-10 14:02:05 INFO  Keywords:500 - LinkId: 530879
2024-06-10 14:02:05 INFO  Keywords:124 - InputText is called
2024-06-10 14:02:05 INFO  Keywords:282 - Waiting for webElement...gateway.username
2024-06-10 14:02:05 INFO  Keywords:285 - Element found...gateway.username
2024-06-10 14:02:05 INFO  Keywords:496 - ClearText is called
2024-06-10 14:02:05 INFO  Keywords:282 - Waiting for webElement...gateway.password
2024-06-10 14:02:05 INFO  Keywords:285 - Element found...gateway.password
2024-06-10 14:02:05 INFO  Keywords:500 - LinkId: 530879
2024-06-10 14:02:05 INFO  Keywords:124 - InputText is called
2024-06-10 14:02:05 INFO  Keywords:282 - Waiting for webElement...gateway.password
2024-06-10 14:02:05 INFO  Keywords:285 - Element found...gateway.password
2024-06-10 14:02:05 INFO  Keywords:135 - ClickOnLink is called
2024-06-10 14:02:05 INFO  Keywords:282 - Waiting for webElement...gateway.login
2024-06-10 14:02:05 INFO  Keywords:285 - Element found...gateway.login
2024-06-10 14:02:22 INFO  Keywords:135 - ClickOnLink is called
2024-06-10 14:02:22 INFO  Keywords:282 - Waiting for webElement...management
2024-06-10 14:02:22 INFO  Keywords:285 - Element found...management
2024-06-10 14:02:23 INFO  Keywords:282 - Waiting for webElement...managementTools
2024-06-10 14:02:23 INFO  Keywords:285 - Element found...managementTools
2024-06-10 14:02:24 INFO  Keywords:135 - ClickOnLink is called
2024-06-10 14:02:24 INFO  Keywords:282 - Waiting for webElement...feedManagement
2024-06-10 14:02:24 INFO  Keywords:285 - Element found...feedManagement
2024-06-10 14:02:40 INFO  Keywords:135 - ClickOnLink is called
2024-06-10 14:02:40 INFO  Keywords:282 - Waiting for webElement...searchPanel
2024-06-10 14:02:40 INFO  Keywords:285 - Element found...searchPanel
2024-06-10 14:02:40 INFO  Keywords:282 - Waiting for webElement...selectTransactionID
2024-06-10 14:02:40 INFO  Keywords:285 - Element found...selectTransactionID
2024-06-10 14:02:41 INFO  Keywords:124 - InputText is called
2024-06-10 14:02:41 INFO  Keywords:282 - Waiting for webElement...enterTransactioID
2024-06-10 14:02:41 INFO  Keywords:285 - Element found...enterTransactioID
2024-06-10 14:02:41 INFO  Keywords:135 - ClickOnLink is called
2024-06-10 14:02:41 INFO  Keywords:282 - Waiting for webElement...searchbutton
2024-06-10 14:02:41 INFO  Keywords:285 - Element found...searchbutton
2024-06-10 14:02:57 INFO  Keywords:135 - ClickOnLink is called
2024-06-10 14:02:57 INFO  Keywords:282 - Waiting for webElement...transactionSearchmyResult
2024-06-10 14:02:57 INFO  Keywords:285 - Element found...transactionSearchmyResult
2024-06-10 14:03:13 INFO  Keywords:135 - ClickOnLink is called
2024-06-10 14:03:13 INFO  Keywords:282 - Waiting for webElement...onenotThree
2024-06-10 14:03:13 INFO  Keywords:285 - Element found...onenotThree
2024-06-10 14:03:14 INFO  Keywords:282 - Waiting for webElement...103ResponseXML
2024-06-10 14:03:56 INFO  Keywords:428 - switching to parent window...
2024-06-10 14:03:56 INFO  Keywords:98 - Navigate is called
2024-06-10 14:03:56 INFO  Keywords:496 - ClearText is called
2024-06-10 14:03:56 INFO  Keywords:282 - Waiting for webElement...gateway.username
2024-06-10 14:03:56 INFO  Keywords:285 - Element found...gateway.username
2024-06-10 14:03:56 INFO  Keywords:500 - LinkId: 530879
2024-06-10 14:03:56 INFO  Keywords:124 - InputText is called
2024-06-10 14:03:56 INFO  Keywords:282 - Waiting for webElement...gateway.username
2024-06-10 14:03:56 INFO  Keywords:285 - Element found...gateway.username
2024-06-10 14:03:56 INFO  Keywords:496 - ClearText is called
2024-06-10 14:03:56 INFO  Keywords:282 - Waiting for webElement...gateway.password
2024-06-10 14:03:56 INFO  Keywords:285 - Element found...gateway.password
2024-06-10 14:03:56 INFO  Keywords:500 - LinkId: 530879
2024-06-10 14:03:56 INFO  Keywords:124 - InputText is called
2024-06-10 14:03:56 INFO  Keywords:282 - Waiting for webElement...gateway.password
2024-06-10 14:03:56 INFO  Keywords:285 - Element found...gateway.password
2024-06-10 14:03:56 INFO  Keywords:135 - ClickOnLink is called
2024-06-10 14:03:56 INFO  Keywords:282 - Waiting for webElement...gateway.login
2024-06-10 14:03:56 INFO  Keywords:285 - Element found...gateway.login
2024-06-10 14:04:14 INFO  Keywords:135 - ClickOnLink is called
2024-06-10 14:04:14 INFO  Keywords:282 - Waiting for webElement...management
2024-06-10 14:04:14 INFO  Keywords:285 - Element found...management
2024-06-10 14:04:14 INFO  Keywords:282 - Waiting for webElement...managementTools
2024-06-10 14:04:14 INFO  Keywords:285 - Element found...managementTools
2024-06-10 14:04:15 INFO  Keywords:135 - ClickOnLink is called
2024-06-10 14:04:15 INFO  Keywords:282 - Waiting for webElement...feedManagement
2024-06-10 14:04:15 INFO  Keywords:285 - Element found...feedManagement
2024-06-10 14:04:31 INFO  Keywords:135 - ClickOnLink is called
2024-06-10 14:04:31 INFO  Keywords:282 - Waiting for webElement...searchPanel
2024-06-10 14:04:31 INFO  Keywords:285 - Element found...searchPanel
2024-06-10 14:04:32 INFO  Keywords:282 - Waiting for webElement...selectTransactionID
2024-06-10 14:04:32 INFO  Keywords:285 - Element found...selectTransactionID
2024-06-10 14:04:32 INFO  Keywords:124 - InputText is called
2024-06-10 14:04:32 INFO  Keywords:282 - Waiting for webElement...enterTransactioID
2024-06-10 14:04:32 INFO  Keywords:285 - Element found...enterTransactioID
2024-06-10 14:04:32 INFO  Keywords:135 - ClickOnLink is called
2024-06-10 14:04:32 INFO  Keywords:282 - Waiting for webElement...searchbutton
2024-06-10 14:04:32 INFO  Keywords:285 - Element found...searchbutton
2024-06-10 14:04:48 INFO  Keywords:135 - ClickOnLink is called
2024-06-10 14:04:48 INFO  Keywords:282 - Waiting for webElement...transactionSearchmyResult
2024-06-10 14:04:48 INFO  Keywords:285 - Element found...transactionSearchmyResult
2024-06-10 14:05:05 INFO  Keywords:135 - ClickOnLink is called
2024-06-10 14:05:05 INFO  Keywords:282 - Waiting for webElement...RTSMButton
2024-06-10 14:05:05 INFO  Keywords:285 - Element found...RTSMButton
2024-06-10 14:05:05 INFO  Keywords:282 - Waiting for webElement...RTSMResponseXML
