2024-07-17 11:26:44 INFO  Keywords:102 - Navigate is called
2024-07-17 11:26:46 INFO  Keywords:128 - InputText is called
2024-07-17 11:26:46 INFO  Keywords:286 - Waiting for webElement...gateway.username
2024-07-17 11:26:47 INFO  Keywords:290 - Element found...gateway.username
2024-07-17 11:26:47 INFO  Keywords:128 - InputText is called
2024-07-17 11:26:47 INFO  Keywords:286 - Waiting for webElement...gateway.password
2024-07-17 11:26:47 INFO  Keywords:290 - Element found...gateway.password
2024-07-17 11:26:47 INFO  Keywords:139 - ClickOnLink is called
2024-07-17 11:26:47 INFO  Keywords:286 - Waiting for webElement...gateway.login
2024-07-17 11:26:47 INFO  Keywords:290 - Element found...gateway.login
2024-07-17 11:27:23 INFO  Keywords:139 - ClickOnLink is called
2024-07-17 11:27:23 INFO  Keywords:286 - Waiting for webElement...postsamldata
2024-07-17 11:27:23 INFO  Keywords:290 - Element found...postsamldata
2024-07-17 11:27:40 INFO  Keywords:139 - ClickOnLink is called
2024-07-17 11:27:40 INFO  Keywords:286 - Waiting for webElement...next
2024-07-17 11:27:40 INFO  Keywords:290 - Element found...next
2024-07-17 11:28:01 INFO  Keywords:128 - InputText is called
2024-07-17 11:28:01 INFO  Keywords:286 - Waiting for webElement...policyConfiguration.insuranceamount
2024-07-17 11:28:01 INFO  Keywords:290 - Element found...policyConfiguration.insuranceamount
2024-07-17 11:28:01 INFO  Keywords:286 - Waiting for webElement...policyConfiguration.LTC
2024-07-17 11:28:01 INFO  Keywords:290 - Element found...policyConfiguration.LTC
2024-07-17 11:28:01 INFO  Keywords:286 - Waiting for webElement...policyConfiguration.Benefit
2024-07-17 11:28:52 INFO  Keywords:286 - Waiting for webElement...policyConfiguration.payors
2024-07-17 11:28:52 INFO  Keywords:290 - Element found...policyConfiguration.payors
2024-07-17 11:28:52 INFO  Keywords:286 - Waiting for webElement...policyConfiguration.purposeofpolicy
2024-07-17 11:28:52 INFO  Keywords:290 - Element found...policyConfiguration.purposeofpolicy
2024-07-17 11:28:52 INFO  Keywords:139 - ClickOnLink is called
2024-07-17 11:28:52 INFO  Keywords:286 - Waiting for webElement...next
2024-07-17 11:28:52 INFO  Keywords:290 - Element found...next
2024-07-17 11:30:27 INFO  Keywords:286 - Waiting for webElement...primaryinsured.birthcountry
2024-07-17 11:30:27 INFO  Keywords:290 - Element found...primaryinsured.birthcountry
2024-07-17 11:30:28 INFO  Keywords:286 - Waiting for webElement...primaryinsured.birthstate
2024-07-17 11:30:28 INFO  Keywords:290 - Element found...primaryinsured.birthstate
2024-07-17 11:30:28 INFO  Keywords:128 - InputText is called
2024-07-17 11:30:28 INFO  Keywords:286 - Waiting for webElement...primaryinsured.birthcity
2024-07-17 11:30:38 INFO  Keywords:139 - ClickOnLink is called
2024-07-17 11:30:38 INFO  Keywords:286 - Waiting for webElement...next
2024-07-17 11:30:38 INFO  Keywords:290 - Element found...next
2024-07-17 11:30:59 INFO  Keywords:139 - ClickOnLink is called
2024-07-17 11:30:59 INFO  Keywords:286 - Waiting for webElement...next
2024-07-17 11:30:59 INFO  Keywords:290 - Element found...next
2024-07-17 11:31:15 INFO  Keywords:286 - Waiting for webElement...jointInsured.birthCountry
2024-07-17 11:31:26 INFO  Keywords:286 - Waiting for webElement...jointInsured.birthState
2024-07-17 11:31:36 INFO  Keywords:128 - InputText is called
2024-07-17 11:31:36 INFO  Keywords:286 - Waiting for webElement...jointInsured.birthCity
2024-07-17 11:31:46 INFO  Keywords:139 - ClickOnLink is called
2024-07-17 11:31:46 INFO  Keywords:286 - Waiting for webElement...next
2024-07-17 11:31:46 INFO  Keywords:290 - Element found...next
2024-07-17 11:32:02 INFO  Keywords:286 - Waiting for webElement...naturalOwner.relationwithInsured
2024-07-17 11:32:12 INFO  Keywords:286 - Waiting for webElement...naturalOwner.relationwithJointInsured
2024-07-17 11:32:22 INFO  Keywords:139 - ClickOnLink is called
2024-07-17 11:32:22 INFO  Keywords:286 - Waiting for webElement...next
2024-07-17 11:32:22 INFO  Keywords:290 - Element found...next
2024-07-17 11:32:43 INFO  Keywords:286 - Waiting for webElement...financialDetails.SourceOfFundsLI
2024-07-17 11:32:54 INFO  Keywords:286 - Waiting for webElement...financialDetails.SurrenderChargeSOFLI
2024-07-17 11:33:04 INFO  Keywords:286 - Waiting for webElement...financialDetails.envisiontaking
2024-07-17 11:33:14 INFO  Keywords:286 - Waiting for webElement...financialDetails.federalfaxbracket
2024-07-17 11:33:24 INFO  Keywords:286 - Waiting for webElement...financialDetails.riskTolerance
2024-07-17 11:33:34 INFO  Keywords:286 - Waiting for webElement...financialDetails.Investmentobjectives
2024-07-17 11:33:44 INFO  Keywords:286 - Waiting for webElement...financialDetails.timehorizon
2024-07-17 11:33:54 INFO  Keywords:286 - Waiting for webElement...financialDetails.investmentexperienceFA
2024-07-17 11:34:04 INFO  Keywords:128 - InputText is called
2024-07-17 11:34:04 INFO  Keywords:286 - Waiting for webElement...financialDetails.investmentstartyear
2024-07-17 11:34:14 INFO  Keywords:128 - InputText is called
2024-07-17 11:34:14 INFO  Keywords:286 - Waiting for webElement...financialdetails.wages
2024-07-17 11:34:24 INFO  Keywords:128 - InputText is called
2024-07-17 11:34:24 INFO  Keywords:286 - Waiting for webElement...financialdetails.livingexpenses
2024-07-17 11:34:35 INFO  Keywords:128 - InputText is called
2024-07-17 11:34:35 INFO  Keywords:286 - Waiting for webElement...financialdetails.personalinvestment
2024-07-17 11:34:45 INFO  Keywords:128 - InputText is called
2024-07-17 11:34:45 INFO  Keywords:286 - Waiting for webElement...financialdetails.fixeddebtexpenses
2024-07-17 11:34:55 INFO  Keywords:128 - InputText is called
2024-07-17 11:34:55 INFO  Keywords:286 - Waiting for webElement...financialdetails.rentalincome
2024-07-17 11:35:05 INFO  Keywords:128 - InputText is called
2024-07-17 11:35:05 INFO  Keywords:286 - Waiting for webElement...financialdetails.variabledebtexpenses
2024-07-17 11:35:15 INFO  Keywords:128 - InputText is called
2024-07-17 11:35:15 INFO  Keywords:286 - Waiting for webElement...financialdetails.incomepension
2024-07-17 11:35:25 INFO  Keywords:128 - InputText is called
2024-07-17 11:35:25 INFO  Keywords:286 - Waiting for webElement...financialdetails.discretionaryexpenses
2024-07-17 11:35:35 INFO  Keywords:128 - InputText is called
2024-07-17 11:35:35 INFO  Keywords:286 - Waiting for webElement...financialdetails.socialsecurityincome
2024-07-17 11:35:45 INFO  Keywords:128 - InputText is called
2024-07-17 11:35:45 INFO  Keywords:286 - Waiting for webElement...financialdetails.otherincome
2024-07-17 11:35:55 INFO  Keywords:128 - InputText is called
2024-07-17 11:35:55 INFO  Keywords:286 - Waiting for webElement...financialdetails.bonds
2024-07-17 11:36:05 INFO  Keywords:128 - InputText is called
2024-07-17 11:36:05 INFO  Keywords:286 - Waiting for webElement...financialdetails.businessTrustRealstate
2024-07-17 11:36:16 INFO  Keywords:128 - InputText is called
2024-07-17 11:36:16 INFO  Keywords:286 - Waiting for webElement...financialdetails.retirementplan
2024-07-17 11:36:26 INFO  Keywords:128 - InputText is called
2024-07-17 11:36:26 INFO  Keywords:286 - Waiting for webElement...financialdetails.equities
2024-07-17 11:36:36 INFO  Keywords:128 - InputText is called
2024-07-17 11:36:36 INFO  Keywords:286 - Waiting for webElement...financialdetails.facevalueilfeinsurance
2024-07-17 11:36:46 INFO  Keywords:128 - InputText is called
2024-07-17 11:36:46 INFO  Keywords:286 - Waiting for webElement...financialdetails.fixedannuity
2024-07-17 11:36:56 INFO  Keywords:128 - InputText is called
2024-07-17 11:36:56 INFO  Keywords:286 - Waiting for webElement...financialdetails.indexannuity
2024-07-17 11:37:06 INFO  Keywords:128 - InputText is called
2024-07-17 11:37:06 INFO  Keywords:286 - Waiting for webElement...financialdetails.liquidnetworth
2024-07-17 11:37:16 INFO  Keywords:128 - InputText is called
2024-07-17 11:37:16 INFO  Keywords:286 - Waiting for webElement...financialdetails.mutualfund
2024-07-17 11:37:26 INFO  Keywords:128 - InputText is called
2024-07-17 11:37:26 INFO  Keywords:286 - Waiting for webElement...financialdetails.otherbrokerage
2024-07-17 11:37:36 INFO  Keywords:128 - InputText is called
2024-07-17 11:37:36 INFO  Keywords:286 - Waiting for webElement...financialdetails.policypremium
2024-07-17 11:37:47 INFO  Keywords:128 - InputText is called
2024-07-17 11:37:47 INFO  Keywords:286 - Waiting for webElement...financialdetails.variableannuity
2024-07-17 11:38:05 INFO  Keywords:128 - InputText is called
2024-07-17 11:38:05 INFO  Keywords:286 - Waiting for webElement...financialdetails.totalpremium
2024-07-17 11:38:15 INFO  Keywords:286 - Waiting for webElement...financialdetails.anticipatedchanges
2024-07-17 11:38:25 INFO  Keywords:286 - Waiting for webElement...financialdetails.nonguaranteedelementYes
2024-07-17 11:38:35 INFO  Keywords:286 - Waiting for webElement...financialdetails.reversemortgage
2024-07-17 11:38:45 INFO  Keywords:139 - ClickOnLink is called
2024-07-17 11:38:45 INFO  Keywords:286 - Waiting for webElement...next
2024-07-17 11:38:45 INFO  Keywords:290 - Element found...next
2024-07-17 11:39:06 INFO  Keywords:286 - Waiting for webElement...payment.modal
2024-07-17 11:39:40 INFO  Keywords:286 - Waiting for webElement...payment.method
2024-07-17 11:39:50 INFO  Keywords:128 - InputText is called
2024-07-17 11:39:50 INFO  Keywords:286 - Waiting for webElement...payment.premium
2024-07-17 11:40:00 INFO  Keywords:139 - ClickOnLink is called
2024-07-17 11:40:00 INFO  Keywords:286 - Waiting for webElement...next
2024-07-17 11:40:00 INFO  Keywords:290 - Element found...next
2024-07-17 11:40:21 INFO  Keywords:286 - Waiting for webElement...existinginsurance.borrowingfunds
2024-07-17 11:40:39 INFO  Keywords:286 - Waiting for webElement...existinginsurance.terminatingexistinglifepolicy
2024-07-17 11:40:49 INFO  Keywords:286 - Waiting for webElement...existinginsurance.longtermcoverage
2024-07-17 11:40:59 INFO  Keywords:286 - Waiting for webElement...existanceterminating.InsuranceCompanyName
2024-07-17 11:41:09 INFO  Keywords:128 - InputText is called
2024-07-17 11:41:09 INFO  Keywords:286 - Waiting for webElement...existanceterminating.ProductName
2024-07-17 11:41:20 INFO  Keywords:128 - InputText is called
2024-07-17 11:41:20 INFO  Keywords:286 - Waiting for webElement...existanceterminating.Insured
2024-07-17 11:41:30 INFO  Keywords:128 - InputText is called
2024-07-17 11:41:30 INFO  Keywords:286 - Waiting for webElement...existanceterminating.Owner
2024-07-17 11:41:40 INFO  Keywords:128 - InputText is called
2024-07-17 11:41:40 INFO  Keywords:286 - Waiting for webElement...existanceterminating.DateIssued
2024-07-17 11:41:50 INFO  Keywords:128 - InputText is called
2024-07-17 11:41:50 INFO  Keywords:286 - Waiting for webElement...existanceterminating.AmountOfInsurance
2024-07-17 11:42:00 INFO  Keywords:286 - Waiting for webElement...existanceterminating.ExistingInsuranceType
2024-07-17 11:42:10 INFO  Keywords:286 - Waiting for webElement...existanceterminating.ProductType
2024-07-17 11:42:20 INFO  Keywords:286 - Waiting for webElement...existanceterminating.LifeProductType
2024-07-17 11:42:30 INFO  Keywords:128 - InputText is called
2024-07-17 11:42:30 INFO  Keywords:286 - Waiting for webElement...existanceterminating.PolicyNo
2024-07-17 11:42:40 INFO  Keywords:286 - Waiting for webElement...existanceterminating.PurposeOfPolicy
2024-07-17 11:42:50 INFO  Keywords:286 - Waiting for webElement...existanceterminating.FundsNewPolicy
2024-07-17 11:43:00 INFO  Keywords:286 - Waiting for webElement...existanceterminating.ReplacingNewPolicy
2024-07-17 11:43:11 INFO  Keywords:286 - Waiting for webElement...existanceterminating.ReplacementThType
2024-07-17 11:43:21 INFO  Keywords:286 - Waiting for webElement...existanceterminating.1035ThExchange
2024-07-17 11:43:31 INFO  Keywords:128 - InputText is called
2024-07-17 11:43:31 INFO  Keywords:286 - Waiting for webElement...existanceterminating.ReasonReplacement
2024-07-17 11:43:41 INFO  Keywords:128 - InputText is called
2024-07-17 11:43:41 INFO  Keywords:286 - Waiting for webElement...existanceterminating.NoOfPolicy
2024-07-17 11:43:51 INFO  Keywords:128 - InputText is called
2024-07-17 11:43:51 INFO  Keywords:286 - Waiting for webElement...existanceterminating.PremiumPayment
2024-07-17 11:44:01 INFO  Keywords:128 - InputText is called
2024-07-17 11:44:01 INFO  Keywords:286 - Waiting for webElement...existanceterminating.FrequencyPremium
2024-07-17 11:44:11 INFO  Keywords:128 - InputText is called
2024-07-17 11:44:11 INFO  Keywords:286 - Waiting for webElement...existanceterminating.AmountBeingExchanged
2024-07-17 11:44:21 INFO  Keywords:128 - InputText is called
2024-07-17 11:44:21 INFO  Keywords:286 - Waiting for webElement...existanceterminating.SurrenderCharge
2024-07-17 11:44:31 INFO  Keywords:128 - InputText is called
2024-07-17 11:44:31 INFO  Keywords:286 - Waiting for webElement...existanceterminating.DeathBenefit
2024-07-17 11:44:41 INFO  Keywords:128 - InputText is called
2024-07-17 11:44:41 INFO  Keywords:286 - Waiting for webElement...existanceterminating.SpecialFeatures
2024-07-17 11:44:51 INFO  Keywords:286 - Waiting for webElement...existinginsurance.longtermpolicyYes
2024-07-17 11:45:02 INFO  Keywords:128 - InputText is called
2024-07-17 11:45:02 INFO  Keywords:286 - Waiting for webElement...existinglongtermpolicy.InsuranceName
2024-07-17 11:45:12 INFO  Keywords:128 - InputText is called
2024-07-17 11:45:12 INFO  Keywords:286 - Waiting for webElement...existinglongtermpolicy.policyCertificateNumber
2024-07-17 11:45:22 INFO  Keywords:128 - InputText is called
2024-07-17 11:45:22 INFO  Keywords:286 - Waiting for webElement...existinglongtermpolicy.ProductName
2024-07-17 11:45:32 INFO  Keywords:286 - Waiting for webElement...existinglongtermpolicy.ProductType
2024-07-17 11:45:42 INFO  Keywords:128 - InputText is called
2024-07-17 11:45:42 INFO  Keywords:286 - Waiting for webElement...existinglongtermpolicy.Insured
2024-07-17 11:45:52 INFO  Keywords:128 - InputText is called
2024-07-17 11:45:52 INFO  Keywords:286 - Waiting for webElement...existinglongtermpolicy.Owner
2024-07-17 11:46:02 INFO  Keywords:128 - InputText is called
2024-07-17 11:46:02 INFO  Keywords:286 - Waiting for webElement...existinglongtermpolicy.DailyBenefit
2024-07-17 11:46:12 INFO  Keywords:128 - InputText is called
2024-07-17 11:46:12 INFO  Keywords:286 - Waiting for webElement...existinglongtermpolicy.AmountOfInsurance
2024-07-17 11:46:22 INFO  Keywords:128 - InputText is called
2024-07-17 11:46:22 INFO  Keywords:286 - Waiting for webElement...existinglongtermpolicy.benefitAmount
2024-07-17 11:46:32 INFO  Keywords:128 - InputText is called
2024-07-17 11:46:32 INFO  Keywords:286 - Waiting for webElement...existinglongtermpolicy.benefitPeriod
2024-07-17 11:46:42 INFO  Keywords:286 - Waiting for webElement...existinginsurance.longterminsuranceYes
2024-07-17 11:46:53 INFO  Keywords:128 - InputText is called
2024-07-17 11:46:53 INFO  Keywords:286 - Waiting for webElement...existinglongterminsurance.InsuranceCompany
