2024-06-11 17:47:23 INFO  Keywords:98 - Navigate is called
2024-06-11 17:47:25 INFO  Keywords:124 - InputText is called
2024-06-11 17:47:25 INFO  Keywords:282 - Waiting for webElement...gateway.username
2024-06-11 17:47:25 INFO  Keywords:285 - Element found...gateway.username
2024-06-11 17:47:25 INFO  Keywords:124 - InputText is called
2024-06-11 17:47:25 INFO  Keywords:282 - Waiting for webElement...gateway.password
2024-06-11 17:47:25 INFO  Keywords:285 - Element found...gateway.password
2024-06-11 17:47:25 INFO  Keywords:135 - ClickOnLink is called
2024-06-11 17:47:25 INFO  Keywords:282 - Waiting for webElement...gateway.login
2024-06-11 17:47:25 INFO  Keywords:285 - Element found...gateway.login
2024-06-11 17:48:02 INFO  Keywords:135 - ClickOnLink is called
2024-06-11 17:48:02 INFO  Keywords:282 - Waiting for webElement...postsamldata
2024-06-11 17:48:02 INFO  Keywords:285 - Element found...postsamldata
2024-06-11 17:48:18 INFO  Keywords:135 - ClickOnLink is called
2024-06-11 17:48:18 INFO  Keywords:282 - Waiting for webElement...next
2024-06-11 17:48:18 INFO  Keywords:285 - Element found...next
2024-06-11 17:48:37 INFO  Keywords:124 - InputText is called
2024-06-11 17:48:37 INFO  Keywords:282 - Waiting for webElement...policyConfiguration.insuranceamount
2024-06-11 17:48:37 INFO  Keywords:285 - Element found...policyConfiguration.insuranceamount
2024-06-11 17:48:38 INFO  Keywords:282 - Waiting for webElement...policyConfiguration.LTC
2024-06-11 17:48:38 INFO  Keywords:285 - Element found...policyConfiguration.LTC
2024-06-11 17:48:38 INFO  Keywords:282 - Waiting for webElement...policyConfiguration.Benefit
2024-06-11 17:48:38 INFO  Keywords:285 - Element found...policyConfiguration.Benefit
2024-06-11 17:48:38 INFO  Keywords:282 - Waiting for webElement...policyConfiguration.payors
2024-06-11 17:48:38 INFO  Keywords:285 - Element found...policyConfiguration.payors
2024-06-11 17:48:38 INFO  Keywords:282 - Waiting for webElement...policyConfiguration.purposeofpolicy
2024-06-11 17:48:38 INFO  Keywords:285 - Element found...policyConfiguration.purposeofpolicy
2024-06-11 17:48:39 INFO  Keywords:135 - ClickOnLink is called
2024-06-11 17:48:39 INFO  Keywords:282 - Waiting for webElement...next
2024-06-11 17:48:39 INFO  Keywords:285 - Element found...next
2024-06-11 17:50:14 INFO  Keywords:282 - Waiting for webElement...primaryinsured.birthcountry
2024-06-11 17:50:14 INFO  Keywords:285 - Element found...primaryinsured.birthcountry
2024-06-11 17:50:14 INFO  Keywords:282 - Waiting for webElement...primaryinsured.birthstate
2024-06-11 17:50:14 INFO  Keywords:285 - Element found...primaryinsured.birthstate
2024-06-11 17:50:15 INFO  Keywords:124 - InputText is called
2024-06-11 17:50:15 INFO  Keywords:282 - Waiting for webElement...primaryinsured.birthcity
2024-06-11 17:50:25 INFO  Keywords:135 - ClickOnLink is called
2024-06-11 17:50:25 INFO  Keywords:282 - Waiting for webElement...next
2024-06-11 17:50:25 INFO  Keywords:285 - Element found...next
2024-06-11 17:50:45 INFO  Keywords:135 - ClickOnLink is called
2024-06-11 17:50:45 INFO  Keywords:282 - Waiting for webElement...next
2024-06-11 17:50:45 INFO  Keywords:285 - Element found...next
2024-06-11 17:51:05 INFO  Keywords:282 - Waiting for webElement...naturalOwner.relationwithInsured
2024-06-11 17:51:05 INFO  Keywords:285 - Element found...naturalOwner.relationwithInsured
2024-06-11 17:51:05 INFO  Keywords:282 - Waiting for webElement...naturalOwner.relationwithJointInsured
2024-06-11 17:51:55 INFO  Keywords:282 - Waiting for webElement...naturalOwner.PermamentResidentCard
2024-06-11 17:51:55 INFO  Keywords:285 - Element found...naturalOwner.PermamentResidentCard
2024-06-11 17:51:55 INFO  Keywords:124 - InputText is called
2024-06-11 17:51:55 INFO  Keywords:282 - Waiting for webElement...naturalOwner.ResidentCardIssueDAte
2024-06-11 17:51:56 INFO  Keywords:285 - Element found...naturalOwner.ResidentCardIssueDAte
2024-06-11 17:51:56 INFO  Keywords:124 - InputText is called
2024-06-11 17:51:56 INFO  Keywords:282 - Waiting for webElement...naturalOwner.ResidentCardExpireationDAte
2024-06-11 17:51:56 INFO  Keywords:285 - Element found...naturalOwner.ResidentCardExpireationDAte
2024-06-11 17:51:56 INFO  Keywords:124 - InputText is called
2024-06-11 17:51:56 INFO  Keywords:282 - Waiting for webElement...naturalOwner.USLivingYrs
2024-06-11 17:51:56 INFO  Keywords:285 - Element found...naturalOwner.USLivingYrs
2024-06-11 17:51:56 INFO  Keywords:124 - InputText is called
2024-06-11 17:51:56 INFO  Keywords:282 - Waiting for webElement...naturalOwner.USLivingMonths
2024-06-11 17:51:56 INFO  Keywords:285 - Element found...naturalOwner.USLivingMonths
2024-06-11 17:51:56 INFO  Keywords:135 - ClickOnLink is called
2024-06-11 17:51:56 INFO  Keywords:282 - Waiting for webElement...next
2024-06-11 17:51:56 INFO  Keywords:285 - Element found...next
2024-06-11 17:52:15 INFO  Keywords:282 - Waiting for webElement...financialDetails.SourceOfFundsLI
2024-06-11 17:52:15 INFO  Keywords:285 - Element found...financialDetails.SourceOfFundsLI
2024-06-11 17:52:15 INFO  Keywords:282 - Waiting for webElement...financialDetails.SurrenderChargeSOFLI
2024-06-11 17:52:15 INFO  Keywords:285 - Element found...financialDetails.SurrenderChargeSOFLI
2024-06-11 17:52:16 INFO  Keywords:282 - Waiting for webElement...financialDetails.envisiontaking
2024-06-11 17:52:16 INFO  Keywords:285 - Element found...financialDetails.envisiontaking
2024-06-11 17:52:16 INFO  Keywords:282 - Waiting for webElement...financialDetails.federalfaxbracket
2024-06-11 17:52:16 INFO  Keywords:285 - Element found...financialDetails.federalfaxbracket
2024-06-11 17:52:16 INFO  Keywords:282 - Waiting for webElement...financialDetails.riskTolerance
2024-06-11 17:52:16 INFO  Keywords:285 - Element found...financialDetails.riskTolerance
2024-06-11 17:52:17 INFO  Keywords:282 - Waiting for webElement...financialDetails.Investmentobjectives
2024-06-11 17:52:17 INFO  Keywords:285 - Element found...financialDetails.Investmentobjectives
2024-06-11 17:52:17 INFO  Keywords:282 - Waiting for webElement...financialDetails.timehorizon
2024-06-11 17:52:17 INFO  Keywords:285 - Element found...financialDetails.timehorizon
2024-06-11 17:52:17 INFO  Keywords:282 - Waiting for webElement...financialDetails.investmentexperienceFA
2024-06-11 17:52:17 INFO  Keywords:285 - Element found...financialDetails.investmentexperienceFA
2024-06-11 17:52:17 INFO  Keywords:124 - InputText is called
2024-06-11 17:52:17 INFO  Keywords:282 - Waiting for webElement...financialDetails.investmentstartyear
2024-06-11 17:52:17 INFO  Keywords:285 - Element found...financialDetails.investmentstartyear
2024-06-11 17:52:18 INFO  Keywords:124 - InputText is called
2024-06-11 17:52:18 INFO  Keywords:282 - Waiting for webElement...financialdetails.wages
2024-06-11 17:52:18 INFO  Keywords:285 - Element found...financialdetails.wages
2024-06-11 17:52:18 INFO  Keywords:124 - InputText is called
2024-06-11 17:52:18 INFO  Keywords:282 - Waiting for webElement...financialdetails.livingexpenses
2024-06-11 17:52:18 INFO  Keywords:285 - Element found...financialdetails.livingexpenses
2024-06-11 17:52:18 INFO  Keywords:124 - InputText is called
2024-06-11 17:52:18 INFO  Keywords:282 - Waiting for webElement...financialdetails.personalinvestment
2024-06-11 17:52:18 INFO  Keywords:285 - Element found...financialdetails.personalinvestment
2024-06-11 17:52:18 INFO  Keywords:124 - InputText is called
2024-06-11 17:52:18 INFO  Keywords:282 - Waiting for webElement...financialdetails.fixeddebtexpenses
2024-06-11 17:52:18 INFO  Keywords:285 - Element found...financialdetails.fixeddebtexpenses
2024-06-11 17:52:18 INFO  Keywords:124 - InputText is called
2024-06-11 17:52:18 INFO  Keywords:282 - Waiting for webElement...financialdetails.rentalincome
2024-06-11 17:52:18 INFO  Keywords:285 - Element found...financialdetails.rentalincome
2024-06-11 17:52:18 INFO  Keywords:124 - InputText is called
2024-06-11 17:52:18 INFO  Keywords:282 - Waiting for webElement...financialdetails.variabledebtexpenses
2024-06-11 17:52:18 INFO  Keywords:285 - Element found...financialdetails.variabledebtexpenses
2024-06-11 17:52:18 INFO  Keywords:124 - InputText is called
2024-06-11 17:52:18 INFO  Keywords:282 - Waiting for webElement...financialdetails.incomepension
2024-06-11 17:52:18 INFO  Keywords:285 - Element found...financialdetails.incomepension
2024-06-11 17:52:18 INFO  Keywords:124 - InputText is called
2024-06-11 17:52:18 INFO  Keywords:282 - Waiting for webElement...financialdetails.discretionaryexpenses
2024-06-11 17:52:18 INFO  Keywords:285 - Element found...financialdetails.discretionaryexpenses
2024-06-11 17:52:18 INFO  Keywords:124 - InputText is called
2024-06-11 17:52:18 INFO  Keywords:282 - Waiting for webElement...financialdetails.socialsecurityincome
2024-06-11 17:52:18 INFO  Keywords:285 - Element found...financialdetails.socialsecurityincome
2024-06-11 17:52:18 INFO  Keywords:124 - InputText is called
2024-06-11 17:52:18 INFO  Keywords:282 - Waiting for webElement...financialdetails.otherincome
2024-06-11 17:52:18 INFO  Keywords:285 - Element found...financialdetails.otherincome
2024-06-11 17:52:18 INFO  Keywords:124 - InputText is called
2024-06-11 17:52:18 INFO  Keywords:282 - Waiting for webElement...financialdetails.bonds
2024-06-11 17:52:18 INFO  Keywords:285 - Element found...financialdetails.bonds
2024-06-11 17:52:18 INFO  Keywords:124 - InputText is called
2024-06-11 17:52:18 INFO  Keywords:282 - Waiting for webElement...financialdetails.businessTrustRealstate
2024-06-11 17:52:18 INFO  Keywords:285 - Element found...financialdetails.businessTrustRealstate
2024-06-11 17:52:18 INFO  Keywords:124 - InputText is called
2024-06-11 17:52:18 INFO  Keywords:282 - Waiting for webElement...financialdetails.retirementplan
2024-06-11 17:52:18 INFO  Keywords:285 - Element found...financialdetails.retirementplan
2024-06-11 17:52:18 INFO  Keywords:124 - InputText is called
2024-06-11 17:52:18 INFO  Keywords:282 - Waiting for webElement...financialdetails.equities
2024-06-11 17:52:18 INFO  Keywords:285 - Element found...financialdetails.equities
2024-06-11 17:52:18 INFO  Keywords:124 - InputText is called
2024-06-11 17:52:18 INFO  Keywords:282 - Waiting for webElement...financialdetails.facevalueilfeinsurance
2024-06-11 17:52:18 INFO  Keywords:285 - Element found...financialdetails.facevalueilfeinsurance
2024-06-11 17:52:19 INFO  Keywords:124 - InputText is called
2024-06-11 17:52:19 INFO  Keywords:282 - Waiting for webElement...financialdetails.fixedannuity
2024-06-11 17:52:19 INFO  Keywords:285 - Element found...financialdetails.fixedannuity
2024-06-11 17:52:19 INFO  Keywords:124 - InputText is called
2024-06-11 17:52:19 INFO  Keywords:282 - Waiting for webElement...financialdetails.indexannuity
2024-06-11 17:52:19 INFO  Keywords:285 - Element found...financialdetails.indexannuity
2024-06-11 17:52:19 INFO  Keywords:124 - InputText is called
2024-06-11 17:52:19 INFO  Keywords:282 - Waiting for webElement...financialdetails.liquidnetworth
2024-06-11 17:52:19 INFO  Keywords:285 - Element found...financialdetails.liquidnetworth
2024-06-11 17:52:19 INFO  Keywords:124 - InputText is called
2024-06-11 17:52:19 INFO  Keywords:282 - Waiting for webElement...financialdetails.mutualfund
2024-06-11 17:52:19 INFO  Keywords:285 - Element found...financialdetails.mutualfund
2024-06-11 17:52:19 INFO  Keywords:124 - InputText is called
2024-06-11 17:52:19 INFO  Keywords:282 - Waiting for webElement...financialdetails.otherbrokerage
2024-06-11 17:52:19 INFO  Keywords:285 - Element found...financialdetails.otherbrokerage
2024-06-11 17:52:19 INFO  Keywords:124 - InputText is called
2024-06-11 17:52:19 INFO  Keywords:282 - Waiting for webElement...financialdetails.policypremium
2024-06-11 17:52:19 INFO  Keywords:285 - Element found...financialdetails.policypremium
2024-06-11 17:52:19 INFO  Keywords:124 - InputText is called
2024-06-11 17:52:19 INFO  Keywords:282 - Waiting for webElement...financialdetails.variableannuity
2024-06-11 17:52:19 INFO  Keywords:285 - Element found...financialdetails.variableannuity
2024-06-11 17:52:19 INFO  Keywords:124 - InputText is called
2024-06-11 17:52:19 INFO  Keywords:282 - Waiting for webElement...financialdetails.totalpremium
2024-06-11 17:52:19 INFO  Keywords:285 - Element found...financialdetails.totalpremium
2024-06-11 17:52:19 INFO  Keywords:282 - Waiting for webElement...financialdetails.anticipatedchanges
2024-06-11 17:52:19 INFO  Keywords:285 - Element found...financialdetails.anticipatedchanges
2024-06-11 17:52:19 INFO  Keywords:282 - Waiting for webElement...financialdetails.nonguaranteedelementYes
2024-06-11 17:52:19 INFO  Keywords:285 - Element found...financialdetails.nonguaranteedelementYes
2024-06-11 17:52:20 INFO  Keywords:282 - Waiting for webElement...financialdetails.reversemortgage
2024-06-11 17:52:20 INFO  Keywords:285 - Element found...financialdetails.reversemortgage
2024-06-11 17:52:20 INFO  Keywords:135 - ClickOnLink is called
2024-06-11 17:52:20 INFO  Keywords:282 - Waiting for webElement...next
2024-06-11 17:52:20 INFO  Keywords:285 - Element found...next
2024-06-11 17:52:39 INFO  Keywords:282 - Waiting for webElement...payment.modal
2024-06-11 17:52:39 INFO  Keywords:285 - Element found...payment.modal
2024-06-11 17:52:55 INFO  Keywords:282 - Waiting for webElement...payment.method
2024-06-11 17:52:55 INFO  Keywords:285 - Element found...payment.method
2024-06-11 17:52:56 INFO  Keywords:124 - InputText is called
2024-06-11 17:52:56 INFO  Keywords:282 - Waiting for webElement...payment.premium
2024-06-11 17:52:56 INFO  Keywords:285 - Element found...payment.premium
2024-06-11 17:52:56 INFO  Keywords:135 - ClickOnLink is called
2024-06-11 17:52:56 INFO  Keywords:282 - Waiting for webElement...next
2024-06-11 17:52:56 INFO  Keywords:285 - Element found...next
2024-06-11 17:53:15 INFO  Keywords:282 - Waiting for webElement...existinginsurance.borrowingfunds
2024-06-11 17:53:15 INFO  Keywords:285 - Element found...existinginsurance.borrowingfunds
2024-06-11 17:53:15 INFO  Keywords:282 - Waiting for webElement...existinginsurance.terminatingexistinglifepolicyNo
2024-06-11 17:53:15 INFO  Keywords:285 - Element found...existinginsurance.terminatingexistinglifepolicyNo
2024-06-11 17:53:16 INFO  Keywords:282 - Waiting for webElement...existinginsurance.DisabilityPoliciesNo
2024-06-11 17:53:16 INFO  Keywords:285 - Element found...existinginsurance.DisabilityPoliciesNo
2024-06-11 17:53:16 INFO  Keywords:282 - Waiting for webElement...existinginsurance.longtermpolicyNo
2024-06-11 17:53:16 INFO  Keywords:285 - Element found...existinginsurance.longtermpolicyNo
2024-06-11 17:53:16 INFO  Keywords:282 - Waiting for webElement...existinglongterminsurance.NO
2024-06-11 17:53:16 INFO  Keywords:285 - Element found...existinglongterminsurance.NO
2024-06-11 17:53:16 INFO  Keywords:135 - ClickOnLink is called
2024-06-11 17:53:16 INFO  Keywords:282 - Waiting for webElement...next
2024-06-11 17:53:16 INFO  Keywords:285 - Element found...next
2024-06-11 17:53:35 INFO  Keywords:135 - ClickOnLink is called
2024-06-11 17:53:35 INFO  Keywords:282 - Waiting for webElement...next
2024-06-11 17:53:35 INFO  Keywords:285 - Element found...next
2024-06-11 17:53:54 INFO  Keywords:124 - InputText is called
2024-06-11 17:53:54 INFO  Keywords:282 - Waiting for webElement...additionalclientquestion.q1
2024-06-11 17:53:54 INFO  Keywords:285 - Element found...additionalclientquestion.q1
2024-06-11 17:53:54 INFO  Keywords:124 - InputText is called
2024-06-11 17:53:54 INFO  Keywords:282 - Waiting for webElement...additionalclientquestion.q2
2024-06-11 17:53:54 INFO  Keywords:285 - Element found...additionalclientquestion.q2
2024-06-11 17:53:54 INFO  Keywords:124 - InputText is called
2024-06-11 17:53:54 INFO  Keywords:282 - Waiting for webElement...additionalclientquestion.q3
2024-06-11 17:53:54 INFO  Keywords:285 - Element found...additionalclientquestion.q3
2024-06-11 17:53:54 INFO  Keywords:124 - InputText is called
2024-06-11 17:53:54 INFO  Keywords:282 - Waiting for webElement...additionalclientquestion.q4
2024-06-11 17:54:44 INFO  Keywords:124 - InputText is called
2024-06-11 17:54:44 INFO  Keywords:282 - Waiting for webElement...additionalclientquestion.q5
2024-06-11 17:55:34 INFO  Keywords:482 - GetText is called
2024-06-11 17:55:34 INFO  Keywords:282 - Waiting for webElement...ebixTxnID
2024-06-11 17:55:34 INFO  Keywords:285 - Element found...ebixTxnID
2024-06-11 17:55:34 INFO  Keywords:486 - LinkId: 530989
2024-06-11 17:55:34 INFO  Keywords:530 - LinkId: 530989
2024-06-11 17:55:35 INFO  Keywords:482 - GetText is called
2024-06-11 17:55:35 INFO  Keywords:282 - Waiting for webElement...ebixTxnID
2024-06-11 17:55:35 INFO  Keywords:285 - Element found...ebixTxnID
2024-06-11 17:55:35 INFO  Keywords:486 - LinkId: 530989
2024-06-11 17:55:35 INFO  Keywords:135 - ClickOnLink is called
2024-06-11 17:55:35 INFO  Keywords:282 - Waiting for webElement...attachment
2024-06-11 17:55:35 INFO  Keywords:285 - Element found...attachment
2024-06-11 17:55:36 INFO  Keywords:282 - Waiting for webElement...attachment.documenttype
2024-06-11 17:55:36 INFO  Keywords:285 - Element found...attachment.documenttype
2024-06-11 17:55:37 INFO  Keywords:124 - InputText is called
2024-06-11 17:55:37 INFO  Keywords:282 - Waiting for webElement...attachment.choosefile
2024-06-11 17:55:37 INFO  Keywords:285 - Element found...attachment.choosefile
2024-06-11 17:55:37 INFO  Keywords:135 - ClickOnLink is called
2024-06-11 17:55:37 INFO  Keywords:282 - Waiting for webElement...attachment.upload
2024-06-11 17:55:37 INFO  Keywords:285 - Element found...attachment.upload
2024-06-11 17:57:08 INFO  Keywords:409 - switching to particular window...
2024-06-11 17:57:08 INFO  Keywords:482 - GetText is called
2024-06-11 17:57:08 INFO  Keywords:282 - Waiting for webElement...ebixTxnID
2024-06-11 17:57:08 INFO  Keywords:285 - Element found...ebixTxnID
2024-06-11 17:57:08 INFO  Keywords:486 - LinkId: 530989
2024-06-11 17:57:08 INFO  Keywords:530 - LinkId: 530989
2024-06-11 17:57:08 INFO  Keywords:482 - GetText is called
2024-06-11 17:57:08 INFO  Keywords:282 - Waiting for webElement...ebixTxnID
2024-06-11 17:57:08 INFO  Keywords:285 - Element found...ebixTxnID
2024-06-11 17:57:08 INFO  Keywords:486 - LinkId: 530989
2024-06-11 17:57:08 INFO  Keywords:135 - ClickOnLink is called
2024-06-11 17:57:08 INFO  Keywords:282 - Waiting for webElement...next
2024-06-11 17:57:08 INFO  Keywords:285 - Element found...next
2024-06-11 17:57:26 INFO  Keywords:135 - ClickOnLink is called
2024-06-11 17:57:26 INFO  Keywords:282 - Waiting for webElement...validate.button
2024-06-11 17:57:26 INFO  Keywords:285 - Element found...validate.button
2024-06-11 17:57:59 INFO  Keywords:135 - ClickOnLink is called
2024-06-11 17:57:59 INFO  Keywords:282 - Waiting for webElement...notification.continue
2024-06-11 17:57:59 INFO  Keywords:285 - Element found...notification.continue
2024-06-11 17:58:15 INFO  Keywords:135 - ClickOnLink is called
2024-06-11 17:58:15 INFO  Keywords:282 - Waiting for webElement...esignature.optout
2024-06-11 17:58:15 INFO  Keywords:285 - Element found...esignature.optout
2024-06-11 17:59:45 INFO  Keywords:147 - VerifyText is called
2024-06-11 17:59:45 INFO  Keywords:282 - Waiting for webElement...WebElement
2024-06-11 17:59:45 INFO  Keywords:135 - ClickOnLink is called
2024-06-11 17:59:45 INFO  Keywords:282 - Waiting for webElement...attachment
2024-06-11 17:59:45 INFO  Keywords:285 - Element found...attachment
2024-06-11 17:59:46 INFO  Keywords:282 - Waiting for webElement...attachment.documenttype
2024-06-11 17:59:46 INFO  Keywords:285 - Element found...attachment.documenttype
2024-06-11 17:59:46 INFO  Keywords:124 - InputText is called
2024-06-11 17:59:46 INFO  Keywords:282 - Waiting for webElement...attachment.choosefile
2024-06-11 17:59:46 INFO  Keywords:285 - Element found...attachment.choosefile
2024-06-11 17:59:46 INFO  Keywords:135 - ClickOnLink is called
2024-06-11 17:59:46 INFO  Keywords:282 - Waiting for webElement...attachment.upload
2024-06-11 17:59:46 INFO  Keywords:285 - Element found...attachment.upload
2024-06-11 18:00:03 INFO  Keywords:135 - ClickOnLink is called
2024-06-11 18:00:03 INFO  Keywords:282 - Waiting for webElement...RequestSignatures
2024-06-11 18:00:03 INFO  Keywords:285 - Element found...RequestSignatures
2024-06-11 18:00:22 INFO  Keywords:282 - Waiting for webElement...attachment.documenttype
2024-06-11 18:00:22 INFO  Keywords:285 - Element found...attachment.documenttype
2024-06-11 18:00:22 INFO  Keywords:124 - InputText is called
2024-06-11 18:00:22 INFO  Keywords:282 - Waiting for webElement...attachment.choosefile
2024-06-11 18:00:22 INFO  Keywords:285 - Element found...attachment.choosefile
2024-06-11 18:00:22 INFO  Keywords:135 - ClickOnLink is called
2024-06-11 18:00:22 INFO  Keywords:282 - Waiting for webElement...attachment.upload
2024-06-11 18:00:22 INFO  Keywords:285 - Element found...attachment.upload
2024-06-11 18:00:40 INFO  Keywords:135 - ClickOnLink is called
2024-06-11 18:00:40 INFO  Keywords:282 - Waiting for webElement...SubmitButton
2024-06-11 18:00:40 INFO  Keywords:285 - Element found...SubmitButton
2024-06-11 18:02:15 INFO  Keywords:428 - switching to parent window...
2024-06-11 18:02:15 INFO  Keywords:98 - Navigate is called
2024-06-11 18:02:16 INFO  Keywords:496 - ClearText is called
2024-06-11 18:02:16 INFO  Keywords:282 - Waiting for webElement...gateway.username
2024-06-11 18:02:16 INFO  Keywords:285 - Element found...gateway.username
2024-06-11 18:02:16 INFO  Keywords:500 - LinkId: 530989
2024-06-11 18:02:16 INFO  Keywords:124 - InputText is called
2024-06-11 18:02:16 INFO  Keywords:282 - Waiting for webElement...gateway.username
2024-06-11 18:02:16 INFO  Keywords:285 - Element found...gateway.username
2024-06-11 18:02:16 INFO  Keywords:496 - ClearText is called
2024-06-11 18:02:16 INFO  Keywords:282 - Waiting for webElement...gateway.password
2024-06-11 18:02:16 INFO  Keywords:285 - Element found...gateway.password
2024-06-11 18:02:16 INFO  Keywords:500 - LinkId: 530989
2024-06-11 18:02:16 INFO  Keywords:124 - InputText is called
2024-06-11 18:02:16 INFO  Keywords:282 - Waiting for webElement...gateway.password
2024-06-11 18:02:16 INFO  Keywords:285 - Element found...gateway.password
2024-06-11 18:02:16 INFO  Keywords:135 - ClickOnLink is called
2024-06-11 18:02:16 INFO  Keywords:282 - Waiting for webElement...gateway.login
2024-06-11 18:02:16 INFO  Keywords:285 - Element found...gateway.login
2024-06-11 18:02:33 INFO  Keywords:135 - ClickOnLink is called
2024-06-11 18:02:33 INFO  Keywords:282 - Waiting for webElement...management
2024-06-11 18:02:33 INFO  Keywords:285 - Element found...management
2024-06-11 18:02:34 INFO  Keywords:282 - Waiting for webElement...managementTools
2024-06-11 18:02:34 INFO  Keywords:285 - Element found...managementTools
2024-06-11 18:02:35 INFO  Keywords:135 - ClickOnLink is called
2024-06-11 18:02:35 INFO  Keywords:282 - Waiting for webElement...feedManagement
2024-06-11 18:02:35 INFO  Keywords:285 - Element found...feedManagement
2024-06-11 18:02:51 INFO  Keywords:135 - ClickOnLink is called
2024-06-11 18:02:51 INFO  Keywords:282 - Waiting for webElement...searchPanel
2024-06-11 18:02:51 INFO  Keywords:285 - Element found...searchPanel
2024-06-11 18:02:51 INFO  Keywords:282 - Waiting for webElement...selectTransactionID
2024-06-11 18:02:52 INFO  Keywords:285 - Element found...selectTransactionID
2024-06-11 18:02:52 INFO  Keywords:124 - InputText is called
2024-06-11 18:02:52 INFO  Keywords:282 - Waiting for webElement...enterTransactioID
2024-06-11 18:02:52 INFO  Keywords:285 - Element found...enterTransactioID
2024-06-11 18:02:52 INFO  Keywords:135 - ClickOnLink is called
2024-06-11 18:02:52 INFO  Keywords:282 - Waiting for webElement...searchbutton
2024-06-11 18:02:52 INFO  Keywords:285 - Element found...searchbutton
2024-06-11 18:03:08 INFO  Keywords:135 - ClickOnLink is called
2024-06-11 18:03:08 INFO  Keywords:282 - Waiting for webElement...transactionSearchmyResult
2024-06-11 18:03:08 INFO  Keywords:285 - Element found...transactionSearchmyResult
2024-06-11 18:03:24 INFO  Keywords:135 - ClickOnLink is called
2024-06-11 18:03:24 INFO  Keywords:282 - Waiting for webElement...onenotThree
2024-06-11 18:03:24 INFO  Keywords:285 - Element found...onenotThree
2024-06-11 18:03:25 INFO  Keywords:282 - Waiting for webElement...103ResponseXML
2024-06-11 18:03:25 INFO  Keywords:285 - Element found...103ResponseXML
2024-06-11 18:03:57 INFO  Keywords:428 - switching to parent window...
2024-06-11 18:03:57 INFO  Keywords:98 - Navigate is called
2024-06-11 18:03:57 INFO  Keywords:496 - ClearText is called
2024-06-11 18:03:57 INFO  Keywords:282 - Waiting for webElement...gateway.username
2024-06-11 18:03:57 INFO  Keywords:285 - Element found...gateway.username
2024-06-11 18:03:57 INFO  Keywords:500 - 
2024-06-11 18:03:57 INFO  Keywords:124 - InputText is called
2024-06-11 18:03:57 INFO  Keywords:282 - Waiting for webElement...gateway.username
2024-06-11 18:03:57 INFO  Keywords:285 - Element found...gateway.username
2024-06-11 18:03:57 INFO  Keywords:496 - ClearText is called
2024-06-11 18:03:57 INFO  Keywords:282 - Waiting for webElement...gateway.password
2024-06-11 18:03:57 INFO  Keywords:285 - Element found...gateway.password
2024-06-11 18:03:57 INFO  Keywords:500 - 
2024-06-11 18:03:57 INFO  Keywords:124 - InputText is called
2024-06-11 18:03:57 INFO  Keywords:282 - Waiting for webElement...gateway.password
2024-06-11 18:03:57 INFO  Keywords:285 - Element found...gateway.password
2024-06-11 18:03:57 INFO  Keywords:135 - ClickOnLink is called
2024-06-11 18:03:57 INFO  Keywords:282 - Waiting for webElement...gateway.login
2024-06-11 18:03:58 INFO  Keywords:285 - Element found...gateway.login
2024-06-11 18:04:15 INFO  Keywords:135 - ClickOnLink is called
2024-06-11 18:04:15 INFO  Keywords:282 - Waiting for webElement...management
2024-06-11 18:04:15 INFO  Keywords:285 - Element found...management
2024-06-11 18:04:15 INFO  Keywords:282 - Waiting for webElement...managementTools
2024-06-11 18:04:15 INFO  Keywords:285 - Element found...managementTools
2024-06-11 18:04:16 INFO  Keywords:135 - ClickOnLink is called
2024-06-11 18:04:16 INFO  Keywords:282 - Waiting for webElement...feedManagement
2024-06-11 18:04:16 INFO  Keywords:285 - Element found...feedManagement
2024-06-11 18:04:33 INFO  Keywords:135 - ClickOnLink is called
2024-06-11 18:04:33 INFO  Keywords:282 - Waiting for webElement...searchPanel
2024-06-11 18:04:33 INFO  Keywords:285 - Element found...searchPanel
2024-06-11 18:04:33 INFO  Keywords:282 - Waiting for webElement...selectTransactionID
2024-06-11 18:04:33 INFO  Keywords:285 - Element found...selectTransactionID
2024-06-11 18:04:33 INFO  Keywords:124 - InputText is called
2024-06-11 18:04:33 INFO  Keywords:282 - Waiting for webElement...enterTransactioID
2024-06-11 18:04:33 INFO  Keywords:285 - Element found...enterTransactioID
2024-06-11 18:04:33 INFO  Keywords:135 - ClickOnLink is called
2024-06-11 18:04:33 INFO  Keywords:282 - Waiting for webElement...searchbutton
2024-06-11 18:04:33 INFO  Keywords:285 - Element found...searchbutton
2024-06-11 18:04:49 INFO  Keywords:135 - ClickOnLink is called
2024-06-11 18:04:50 INFO  Keywords:282 - Waiting for webElement...transactionSearchmyResult
2024-06-11 18:04:50 INFO  Keywords:285 - Element found...transactionSearchmyResult
2024-06-11 18:05:06 INFO  Keywords:135 - ClickOnLink is called
2024-06-11 18:05:06 INFO  Keywords:282 - Waiting for webElement...RTSMButton
2024-06-11 18:05:06 INFO  Keywords:285 - Element found...RTSMButton
2024-06-11 18:05:06 INFO  Keywords:282 - Waiting for webElement...RTSMResponseXML
2024-06-11 18:05:06 INFO  Keywords:285 - Element found...RTSMResponseXML
2024-06-11 18:05:46 INFO  Keywords:98 - Navigate is called
2024-06-11 18:05:48 INFO  Keywords:124 - InputText is called
2024-06-11 18:05:48 INFO  Keywords:282 - Waiting for webElement...gateway.username
2024-06-11 18:05:49 INFO  Keywords:285 - Element found...gateway.username
2024-06-11 18:05:49 INFO  Keywords:124 - InputText is called
2024-06-11 18:05:49 INFO  Keywords:282 - Waiting for webElement...gateway.password
2024-06-11 18:05:49 INFO  Keywords:285 - Element found...gateway.password
2024-06-11 18:05:49 INFO  Keywords:135 - ClickOnLink is called
2024-06-11 18:05:49 INFO  Keywords:282 - Waiting for webElement...gateway.login
2024-06-11 18:05:49 INFO  Keywords:285 - Element found...gateway.login
2024-06-11 18:06:25 INFO  Keywords:135 - ClickOnLink is called
2024-06-11 18:06:25 INFO  Keywords:282 - Waiting for webElement...postsamldata
2024-06-11 18:06:25 INFO  Keywords:285 - Element found...postsamldata
2024-06-11 18:06:41 INFO  Keywords:135 - ClickOnLink is called
2024-06-11 18:06:41 INFO  Keywords:282 - Waiting for webElement...next
2024-06-11 18:06:41 INFO  Keywords:285 - Element found...next
2024-06-11 18:07:00 INFO  Keywords:124 - InputText is called
2024-06-11 18:07:00 INFO  Keywords:282 - Waiting for webElement...policyConfiguration.insuranceamount
2024-06-11 18:07:00 INFO  Keywords:285 - Element found...policyConfiguration.insuranceamount
2024-06-11 18:07:01 INFO  Keywords:282 - Waiting for webElement...policyConfiguration.LTC
2024-06-11 18:07:01 INFO  Keywords:285 - Element found...policyConfiguration.LTC
2024-06-11 18:07:01 INFO  Keywords:282 - Waiting for webElement...policyConfiguration.Benefit
2024-06-11 18:07:01 INFO  Keywords:285 - Element found...policyConfiguration.Benefit
2024-06-11 18:07:01 INFO  Keywords:282 - Waiting for webElement...policyConfiguration.payors
2024-06-11 18:07:01 INFO  Keywords:285 - Element found...policyConfiguration.payors
2024-06-11 18:07:01 INFO  Keywords:282 - Waiting for webElement...policyConfiguration.purposeofpolicy
2024-06-11 18:07:02 INFO  Keywords:285 - Element found...policyConfiguration.purposeofpolicy
2024-06-11 18:07:02 INFO  Keywords:135 - ClickOnLink is called
2024-06-11 18:07:02 INFO  Keywords:282 - Waiting for webElement...next
2024-06-11 18:07:02 INFO  Keywords:285 - Element found...next
2024-06-11 18:08:37 INFO  Keywords:282 - Waiting for webElement...primaryinsured.birthcountry
2024-06-11 18:08:37 INFO  Keywords:285 - Element found...primaryinsured.birthcountry
2024-06-11 18:08:37 INFO  Keywords:282 - Waiting for webElement...primaryinsured.birthstate
2024-06-11 18:08:37 INFO  Keywords:285 - Element found...primaryinsured.birthstate
2024-06-11 18:08:38 INFO  Keywords:124 - InputText is called
2024-06-11 18:08:38 INFO  Keywords:282 - Waiting for webElement...primaryinsured.birthcity
2024-06-11 18:08:48 INFO  Keywords:135 - ClickOnLink is called
2024-06-11 18:08:48 INFO  Keywords:282 - Waiting for webElement...next
2024-06-11 18:08:48 INFO  Keywords:285 - Element found...next
2024-06-11 18:09:07 INFO  Keywords:135 - ClickOnLink is called
2024-06-11 18:09:07 INFO  Keywords:282 - Waiting for webElement...next
2024-06-11 18:09:07 INFO  Keywords:285 - Element found...next
2024-06-11 18:09:27 INFO  Keywords:282 - Waiting for webElement...naturalOwner.relationwithInsured
2024-06-11 18:09:27 INFO  Keywords:285 - Element found...naturalOwner.relationwithInsured
2024-06-11 18:09:27 INFO  Keywords:282 - Waiting for webElement...naturalOwner.relationwithJointInsured
2024-06-11 18:10:17 INFO  Keywords:282 - Waiting for webElement...naturalOwner.PermamentResidentCard
2024-06-11 18:10:17 INFO  Keywords:285 - Element found...naturalOwner.PermamentResidentCard
2024-06-11 18:10:18 INFO  Keywords:124 - InputText is called
2024-06-11 18:10:18 INFO  Keywords:282 - Waiting for webElement...naturalOwner.ResidentCardIssueDAte
2024-06-11 18:10:18 INFO  Keywords:285 - Element found...naturalOwner.ResidentCardIssueDAte
2024-06-11 18:10:18 INFO  Keywords:124 - InputText is called
2024-06-11 18:10:18 INFO  Keywords:282 - Waiting for webElement...naturalOwner.ResidentCardExpireationDAte
2024-06-11 18:10:18 INFO  Keywords:285 - Element found...naturalOwner.ResidentCardExpireationDAte
2024-06-11 18:10:18 INFO  Keywords:124 - InputText is called
2024-06-11 18:10:18 INFO  Keywords:282 - Waiting for webElement...naturalOwner.USLivingYrs
2024-06-11 18:10:18 INFO  Keywords:285 - Element found...naturalOwner.USLivingYrs
2024-06-11 18:10:18 INFO  Keywords:124 - InputText is called
2024-06-11 18:10:18 INFO  Keywords:282 - Waiting for webElement...naturalOwner.USLivingMonths
2024-06-11 18:10:18 INFO  Keywords:285 - Element found...naturalOwner.USLivingMonths
2024-06-11 18:10:18 INFO  Keywords:135 - ClickOnLink is called
2024-06-11 18:10:18 INFO  Keywords:282 - Waiting for webElement...next
2024-06-11 18:10:18 INFO  Keywords:285 - Element found...next
2024-06-11 18:10:39 INFO  Keywords:282 - Waiting for webElement...financialDetails.SourceOfFundsLI
2024-06-11 18:10:39 INFO  Keywords:285 - Element found...financialDetails.SourceOfFundsLI
2024-06-11 18:10:39 INFO  Keywords:282 - Waiting for webElement...financialDetails.SurrenderChargeSOFLI
2024-06-11 18:10:39 INFO  Keywords:285 - Element found...financialDetails.SurrenderChargeSOFLI
2024-06-11 18:10:39 INFO  Keywords:282 - Waiting for webElement...financialDetails.envisiontaking
2024-06-11 18:10:39 INFO  Keywords:285 - Element found...financialDetails.envisiontaking
2024-06-11 18:10:39 INFO  Keywords:282 - Waiting for webElement...financialDetails.federalfaxbracket
2024-06-11 18:10:39 INFO  Keywords:285 - Element found...financialDetails.federalfaxbracket
2024-06-11 18:10:40 INFO  Keywords:282 - Waiting for webElement...financialDetails.riskTolerance
2024-06-11 18:10:40 INFO  Keywords:285 - Element found...financialDetails.riskTolerance
2024-06-11 18:10:40 INFO  Keywords:282 - Waiting for webElement...financialDetails.Investmentobjectives
2024-06-11 18:10:40 INFO  Keywords:285 - Element found...financialDetails.Investmentobjectives
2024-06-11 18:10:40 INFO  Keywords:282 - Waiting for webElement...financialDetails.timehorizon
2024-06-11 18:10:40 INFO  Keywords:285 - Element found...financialDetails.timehorizon
2024-06-11 18:10:41 INFO  Keywords:282 - Waiting for webElement...financialDetails.investmentexperienceFA
2024-06-11 18:10:41 INFO  Keywords:285 - Element found...financialDetails.investmentexperienceFA
2024-06-11 18:10:41 INFO  Keywords:124 - InputText is called
2024-06-11 18:10:41 INFO  Keywords:282 - Waiting for webElement...financialDetails.investmentstartyear
2024-06-11 18:10:41 INFO  Keywords:285 - Element found...financialDetails.investmentstartyear
2024-06-11 18:10:41 INFO  Keywords:124 - InputText is called
2024-06-11 18:10:41 INFO  Keywords:282 - Waiting for webElement...financialdetails.wages
2024-06-11 18:10:41 INFO  Keywords:285 - Element found...financialdetails.wages
2024-06-11 18:10:41 INFO  Keywords:124 - InputText is called
2024-06-11 18:10:41 INFO  Keywords:282 - Waiting for webElement...financialdetails.livingexpenses
2024-06-11 18:10:41 INFO  Keywords:285 - Element found...financialdetails.livingexpenses
2024-06-11 18:10:41 INFO  Keywords:124 - InputText is called
2024-06-11 18:10:41 INFO  Keywords:282 - Waiting for webElement...financialdetails.personalinvestment
2024-06-11 18:10:41 INFO  Keywords:285 - Element found...financialdetails.personalinvestment
2024-06-11 18:10:41 INFO  Keywords:124 - InputText is called
2024-06-11 18:10:41 INFO  Keywords:282 - Waiting for webElement...financialdetails.fixeddebtexpenses
2024-06-11 18:10:41 INFO  Keywords:285 - Element found...financialdetails.fixeddebtexpenses
2024-06-11 18:10:41 INFO  Keywords:124 - InputText is called
2024-06-11 18:10:41 INFO  Keywords:282 - Waiting for webElement...financialdetails.rentalincome
2024-06-11 18:10:41 INFO  Keywords:285 - Element found...financialdetails.rentalincome
2024-06-11 18:10:41 INFO  Keywords:124 - InputText is called
2024-06-11 18:10:41 INFO  Keywords:282 - Waiting for webElement...financialdetails.variabledebtexpenses
2024-06-11 18:10:41 INFO  Keywords:285 - Element found...financialdetails.variabledebtexpenses
2024-06-11 18:10:41 INFO  Keywords:124 - InputText is called
2024-06-11 18:10:41 INFO  Keywords:282 - Waiting for webElement...financialdetails.incomepension
2024-06-11 18:10:41 INFO  Keywords:285 - Element found...financialdetails.incomepension
2024-06-11 18:10:41 INFO  Keywords:124 - InputText is called
2024-06-11 18:10:41 INFO  Keywords:282 - Waiting for webElement...financialdetails.discretionaryexpenses
2024-06-11 18:10:41 INFO  Keywords:285 - Element found...financialdetails.discretionaryexpenses
2024-06-11 18:10:41 INFO  Keywords:124 - InputText is called
2024-06-11 18:10:41 INFO  Keywords:282 - Waiting for webElement...financialdetails.socialsecurityincome
2024-06-11 18:10:42 INFO  Keywords:285 - Element found...financialdetails.socialsecurityincome
2024-06-11 18:10:42 INFO  Keywords:124 - InputText is called
2024-06-11 18:10:42 INFO  Keywords:282 - Waiting for webElement...financialdetails.otherincome
2024-06-11 18:10:42 INFO  Keywords:285 - Element found...financialdetails.otherincome
2024-06-11 18:10:42 INFO  Keywords:124 - InputText is called
2024-06-11 18:10:42 INFO  Keywords:282 - Waiting for webElement...financialdetails.bonds
2024-06-11 18:10:42 INFO  Keywords:285 - Element found...financialdetails.bonds
2024-06-11 18:10:42 INFO  Keywords:124 - InputText is called
2024-06-11 18:10:42 INFO  Keywords:282 - Waiting for webElement...financialdetails.businessTrustRealstate
2024-06-11 18:10:42 INFO  Keywords:285 - Element found...financialdetails.businessTrustRealstate
2024-06-11 18:10:42 INFO  Keywords:124 - InputText is called
2024-06-11 18:10:42 INFO  Keywords:282 - Waiting for webElement...financialdetails.retirementplan
2024-06-11 18:10:42 INFO  Keywords:285 - Element found...financialdetails.retirementplan
2024-06-11 18:10:42 INFO  Keywords:124 - InputText is called
2024-06-11 18:10:42 INFO  Keywords:282 - Waiting for webElement...financialdetails.equities
2024-06-11 18:10:42 INFO  Keywords:285 - Element found...financialdetails.equities
2024-06-11 18:10:42 INFO  Keywords:124 - InputText is called
2024-06-11 18:10:42 INFO  Keywords:282 - Waiting for webElement...financialdetails.facevalueilfeinsurance
2024-06-11 18:10:42 INFO  Keywords:285 - Element found...financialdetails.facevalueilfeinsurance
2024-06-11 18:10:42 INFO  Keywords:124 - InputText is called
2024-06-11 18:10:42 INFO  Keywords:282 - Waiting for webElement...financialdetails.fixedannuity
2024-06-11 18:10:42 INFO  Keywords:285 - Element found...financialdetails.fixedannuity
2024-06-11 18:10:42 INFO  Keywords:124 - InputText is called
2024-06-11 18:10:42 INFO  Keywords:282 - Waiting for webElement...financialdetails.indexannuity
2024-06-11 18:10:42 INFO  Keywords:285 - Element found...financialdetails.indexannuity
2024-06-11 18:10:42 INFO  Keywords:124 - InputText is called
2024-06-11 18:10:42 INFO  Keywords:282 - Waiting for webElement...financialdetails.liquidnetworth
2024-06-11 18:10:42 INFO  Keywords:285 - Element found...financialdetails.liquidnetworth
2024-06-11 18:10:42 INFO  Keywords:124 - InputText is called
2024-06-11 18:10:42 INFO  Keywords:282 - Waiting for webElement...financialdetails.mutualfund
2024-06-11 18:10:42 INFO  Keywords:285 - Element found...financialdetails.mutualfund
2024-06-11 18:10:42 INFO  Keywords:124 - InputText is called
2024-06-11 18:10:42 INFO  Keywords:282 - Waiting for webElement...financialdetails.otherbrokerage
2024-06-11 18:10:42 INFO  Keywords:285 - Element found...financialdetails.otherbrokerage
2024-06-11 18:10:42 INFO  Keywords:124 - InputText is called
2024-06-11 18:10:42 INFO  Keywords:282 - Waiting for webElement...financialdetails.policypremium
2024-06-11 18:10:42 INFO  Keywords:285 - Element found...financialdetails.policypremium
2024-06-11 18:10:42 INFO  Keywords:124 - InputText is called
2024-06-11 18:10:42 INFO  Keywords:282 - Waiting for webElement...financialdetails.variableannuity
2024-06-11 18:10:42 INFO  Keywords:285 - Element found...financialdetails.variableannuity
2024-06-11 18:10:42 INFO  Keywords:124 - InputText is called
2024-06-11 18:10:42 INFO  Keywords:282 - Waiting for webElement...financialdetails.totalpremium
2024-06-11 18:10:42 INFO  Keywords:285 - Element found...financialdetails.totalpremium
2024-06-11 18:10:42 INFO  Keywords:282 - Waiting for webElement...financialdetails.anticipatedchanges
2024-06-11 18:10:42 INFO  Keywords:285 - Element found...financialdetails.anticipatedchanges
2024-06-11 18:10:43 INFO  Keywords:282 - Waiting for webElement...financialdetails.nonguaranteedelementYes
2024-06-11 18:10:43 INFO  Keywords:285 - Element found...financialdetails.nonguaranteedelementYes
2024-06-11 18:10:43 INFO  Keywords:282 - Waiting for webElement...financialdetails.reversemortgage
2024-06-11 18:10:43 INFO  Keywords:285 - Element found...financialdetails.reversemortgage
2024-06-11 18:10:43 INFO  Keywords:135 - ClickOnLink is called
2024-06-11 18:10:43 INFO  Keywords:282 - Waiting for webElement...next
2024-06-11 18:10:43 INFO  Keywords:285 - Element found...next
2024-06-11 18:11:03 INFO  Keywords:282 - Waiting for webElement...payment.modal
2024-06-11 18:11:03 INFO  Keywords:285 - Element found...payment.modal
2024-06-11 18:11:20 INFO  Keywords:282 - Waiting for webElement...payment.method
2024-06-11 18:11:20 INFO  Keywords:285 - Element found...payment.method
2024-06-11 18:11:20 INFO  Keywords:124 - InputText is called
2024-06-11 18:11:20 INFO  Keywords:282 - Waiting for webElement...payment.premium
2024-06-11 18:11:20 INFO  Keywords:285 - Element found...payment.premium
2024-06-11 18:11:20 INFO  Keywords:135 - ClickOnLink is called
2024-06-11 18:11:20 INFO  Keywords:282 - Waiting for webElement...next
2024-06-11 18:11:20 INFO  Keywords:285 - Element found...next
2024-06-11 18:11:40 INFO  Keywords:282 - Waiting for webElement...existinginsurance.borrowingfunds
2024-06-11 18:11:40 INFO  Keywords:285 - Element found...existinginsurance.borrowingfunds
2024-06-11 18:11:40 INFO  Keywords:282 - Waiting for webElement...existinginsurance.terminatingexistinglifepolicyNo
2024-06-11 18:11:40 INFO  Keywords:285 - Element found...existinginsurance.terminatingexistinglifepolicyNo
2024-06-11 18:11:40 INFO  Keywords:282 - Waiting for webElement...existinginsurance.DisabilityPoliciesNo
2024-06-11 18:11:40 INFO  Keywords:285 - Element found...existinginsurance.DisabilityPoliciesNo
2024-06-11 18:11:41 INFO  Keywords:282 - Waiting for webElement...existinginsurance.longtermpolicyNo
2024-06-11 18:11:41 INFO  Keywords:285 - Element found...existinginsurance.longtermpolicyNo
2024-06-11 18:11:41 INFO  Keywords:282 - Waiting for webElement...existinglongterminsurance.NO
2024-06-11 18:11:41 INFO  Keywords:285 - Element found...existinglongterminsurance.NO
2024-06-11 18:11:41 INFO  Keywords:135 - ClickOnLink is called
2024-06-11 18:11:41 INFO  Keywords:282 - Waiting for webElement...next
2024-06-11 18:11:41 INFO  Keywords:285 - Element found...next
2024-06-11 18:12:00 INFO  Keywords:135 - ClickOnLink is called
2024-06-11 18:12:00 INFO  Keywords:282 - Waiting for webElement...next
2024-06-11 18:12:00 INFO  Keywords:285 - Element found...next
2024-06-11 18:12:19 INFO  Keywords:124 - InputText is called
2024-06-11 18:12:19 INFO  Keywords:282 - Waiting for webElement...additionalclientquestion.q1
2024-06-11 18:12:19 INFO  Keywords:285 - Element found...additionalclientquestion.q1
2024-06-11 18:12:19 INFO  Keywords:124 - InputText is called
2024-06-11 18:12:19 INFO  Keywords:282 - Waiting for webElement...additionalclientquestion.q2
2024-06-11 18:12:19 INFO  Keywords:285 - Element found...additionalclientquestion.q2
2024-06-11 18:12:19 INFO  Keywords:124 - InputText is called
2024-06-11 18:12:19 INFO  Keywords:282 - Waiting for webElement...additionalclientquestion.q3
2024-06-11 18:12:19 INFO  Keywords:285 - Element found...additionalclientquestion.q3
2024-06-11 18:12:19 INFO  Keywords:124 - InputText is called
2024-06-11 18:12:19 INFO  Keywords:282 - Waiting for webElement...additionalclientquestion.q4
2024-06-11 18:13:09 INFO  Keywords:124 - InputText is called
2024-06-11 18:13:09 INFO  Keywords:282 - Waiting for webElement...additionalclientquestion.q5
2024-06-11 18:13:59 INFO  Keywords:482 - GetText is called
2024-06-11 18:13:59 INFO  Keywords:282 - Waiting for webElement...ebixTxnID
2024-06-11 18:13:59 INFO  Keywords:285 - Element found...ebixTxnID
2024-06-11 18:13:59 INFO  Keywords:486 - LinkId: 530991
2024-06-11 18:13:59 INFO  Keywords:530 - LinkId: 530991
2024-06-11 18:13:59 INFO  Keywords:482 - GetText is called
2024-06-11 18:13:59 INFO  Keywords:282 - Waiting for webElement...ebixTxnID
2024-06-11 18:13:59 INFO  Keywords:285 - Element found...ebixTxnID
2024-06-11 18:13:59 INFO  Keywords:486 - LinkId: 530991
2024-06-11 18:13:59 INFO  Keywords:135 - ClickOnLink is called
2024-06-11 18:13:59 INFO  Keywords:282 - Waiting for webElement...attachment
2024-06-11 18:13:59 INFO  Keywords:285 - Element found...attachment
2024-06-11 18:14:00 INFO  Keywords:282 - Waiting for webElement...attachment.documenttype
2024-06-11 18:14:01 INFO  Keywords:285 - Element found...attachment.documenttype
2024-06-11 18:14:01 INFO  Keywords:124 - InputText is called
2024-06-11 18:14:01 INFO  Keywords:282 - Waiting for webElement...attachment.choosefile
2024-06-11 18:14:01 INFO  Keywords:285 - Element found...attachment.choosefile
2024-06-11 18:14:01 INFO  Keywords:135 - ClickOnLink is called
2024-06-11 18:14:01 INFO  Keywords:282 - Waiting for webElement...attachment.upload
2024-06-11 18:14:01 INFO  Keywords:285 - Element found...attachment.upload
2024-06-11 18:15:33 INFO  Keywords:409 - switching to particular window...
2024-06-11 18:15:33 INFO  Keywords:482 - GetText is called
2024-06-11 18:15:33 INFO  Keywords:282 - Waiting for webElement...ebixTxnID
2024-06-11 18:15:33 INFO  Keywords:285 - Element found...ebixTxnID
2024-06-11 18:15:33 INFO  Keywords:486 - LinkId: 530991
2024-06-11 18:15:33 INFO  Keywords:530 - LinkId: 530991
2024-06-11 18:15:33 INFO  Keywords:482 - GetText is called
2024-06-11 18:15:33 INFO  Keywords:282 - Waiting for webElement...ebixTxnID
2024-06-11 18:15:33 INFO  Keywords:285 - Element found...ebixTxnID
2024-06-11 18:15:33 INFO  Keywords:486 - LinkId: 530991
2024-06-11 18:15:33 INFO  Keywords:135 - ClickOnLink is called
2024-06-11 18:15:33 INFO  Keywords:282 - Waiting for webElement...next
2024-06-11 18:15:33 INFO  Keywords:285 - Element found...next
2024-06-11 18:15:51 INFO  Keywords:135 - ClickOnLink is called
2024-06-11 18:15:51 INFO  Keywords:282 - Waiting for webElement...validate.button
2024-06-11 18:15:51 INFO  Keywords:285 - Element found...validate.button
2024-06-11 18:16:23 INFO  Keywords:135 - ClickOnLink is called
2024-06-11 18:16:23 INFO  Keywords:282 - Waiting for webElement...notification.continue
2024-06-11 18:16:23 INFO  Keywords:285 - Element found...notification.continue
2024-06-11 18:16:39 INFO  Keywords:135 - ClickOnLink is called
2024-06-11 18:16:39 INFO  Keywords:282 - Waiting for webElement...esignature.optout
2024-06-11 18:16:39 INFO  Keywords:285 - Element found...esignature.optout
2024-06-11 18:18:09 INFO  Keywords:147 - VerifyText is called
2024-06-11 18:18:09 INFO  Keywords:282 - Waiting for webElement...WebElement
2024-06-11 18:18:10 INFO  Keywords:135 - ClickOnLink is called
2024-06-11 18:18:10 INFO  Keywords:282 - Waiting for webElement...attachment
2024-06-11 18:18:10 INFO  Keywords:285 - Element found...attachment
2024-06-11 18:18:10 INFO  Keywords:282 - Waiting for webElement...attachment.documenttype
2024-06-11 18:18:10 INFO  Keywords:285 - Element found...attachment.documenttype
2024-06-11 18:18:10 INFO  Keywords:124 - InputText is called
2024-06-11 18:18:10 INFO  Keywords:282 - Waiting for webElement...attachment.choosefile
2024-06-11 18:18:10 INFO  Keywords:285 - Element found...attachment.choosefile
2024-06-11 18:18:10 INFO  Keywords:135 - ClickOnLink is called
2024-06-11 18:18:10 INFO  Keywords:282 - Waiting for webElement...attachment.upload
2024-06-11 18:18:10 INFO  Keywords:285 - Element found...attachment.upload
2024-06-11 18:18:28 INFO  Keywords:135 - ClickOnLink is called
2024-06-11 18:18:28 INFO  Keywords:282 - Waiting for webElement...RequestSignatures
2024-06-11 18:18:28 INFO  Keywords:285 - Element found...RequestSignatures
2024-06-11 18:18:47 INFO  Keywords:282 - Waiting for webElement...attachment.documenttype
2024-06-11 18:18:47 INFO  Keywords:285 - Element found...attachment.documenttype
2024-06-11 18:18:47 INFO  Keywords:124 - InputText is called
2024-06-11 18:18:47 INFO  Keywords:282 - Waiting for webElement...attachment.choosefile
2024-06-11 18:18:47 INFO  Keywords:285 - Element found...attachment.choosefile
2024-06-11 18:18:47 INFO  Keywords:135 - ClickOnLink is called
2024-06-11 18:18:47 INFO  Keywords:282 - Waiting for webElement...attachment.upload
2024-06-11 18:18:47 INFO  Keywords:285 - Element found...attachment.upload
2024-06-11 18:19:04 INFO  Keywords:135 - ClickOnLink is called
2024-06-11 18:19:04 INFO  Keywords:282 - Waiting for webElement...SubmitButton
2024-06-11 18:19:05 INFO  Keywords:285 - Element found...SubmitButton
2024-06-11 18:20:40 INFO  Keywords:428 - switching to parent window...
2024-06-11 18:20:40 INFO  Keywords:98 - Navigate is called
2024-06-11 18:20:40 INFO  Keywords:496 - ClearText is called
2024-06-11 18:20:40 INFO  Keywords:282 - Waiting for webElement...gateway.username
2024-06-11 18:20:40 INFO  Keywords:285 - Element found...gateway.username
2024-06-11 18:20:40 INFO  Keywords:500 - LinkId: 530991
2024-06-11 18:20:40 INFO  Keywords:124 - InputText is called
2024-06-11 18:20:40 INFO  Keywords:282 - Waiting for webElement...gateway.username
2024-06-11 18:20:41 INFO  Keywords:285 - Element found...gateway.username
2024-06-11 18:20:41 INFO  Keywords:496 - ClearText is called
2024-06-11 18:20:41 INFO  Keywords:282 - Waiting for webElement...gateway.password
2024-06-11 18:20:41 INFO  Keywords:285 - Element found...gateway.password
2024-06-11 18:20:41 INFO  Keywords:500 - LinkId: 530991
2024-06-11 18:20:41 INFO  Keywords:124 - InputText is called
2024-06-11 18:20:41 INFO  Keywords:282 - Waiting for webElement...gateway.password
2024-06-11 18:20:41 INFO  Keywords:285 - Element found...gateway.password
2024-06-11 18:20:41 INFO  Keywords:135 - ClickOnLink is called
2024-06-11 18:20:41 INFO  Keywords:282 - Waiting for webElement...gateway.login
2024-06-11 18:20:41 INFO  Keywords:285 - Element found...gateway.login
2024-06-11 18:20:58 INFO  Keywords:135 - ClickOnLink is called
2024-06-11 18:20:58 INFO  Keywords:282 - Waiting for webElement...management
2024-06-11 18:20:58 INFO  Keywords:285 - Element found...management
2024-06-11 18:20:58 INFO  Keywords:282 - Waiting for webElement...managementTools
2024-06-11 18:20:58 INFO  Keywords:285 - Element found...managementTools
2024-06-11 18:20:59 INFO  Keywords:135 - ClickOnLink is called
2024-06-11 18:20:59 INFO  Keywords:282 - Waiting for webElement...feedManagement
2024-06-11 18:20:59 INFO  Keywords:285 - Element found...feedManagement
2024-06-11 18:21:16 INFO  Keywords:135 - ClickOnLink is called
2024-06-11 18:21:16 INFO  Keywords:282 - Waiting for webElement...searchPanel
2024-06-11 18:21:16 INFO  Keywords:285 - Element found...searchPanel
2024-06-11 18:21:16 INFO  Keywords:282 - Waiting for webElement...selectTransactionID
2024-06-11 18:21:16 INFO  Keywords:285 - Element found...selectTransactionID
2024-06-11 18:21:16 INFO  Keywords:124 - InputText is called
2024-06-11 18:21:16 INFO  Keywords:282 - Waiting for webElement...enterTransactioID
2024-06-11 18:21:16 INFO  Keywords:285 - Element found...enterTransactioID
2024-06-11 18:21:16 INFO  Keywords:135 - ClickOnLink is called
2024-06-11 18:21:16 INFO  Keywords:282 - Waiting for webElement...searchbutton
2024-06-11 18:21:16 INFO  Keywords:285 - Element found...searchbutton
2024-06-11 18:21:33 INFO  Keywords:135 - ClickOnLink is called
2024-06-11 18:21:33 INFO  Keywords:282 - Waiting for webElement...transactionSearchmyResult
2024-06-11 18:21:33 INFO  Keywords:285 - Element found...transactionSearchmyResult
2024-06-11 18:21:49 INFO  Keywords:135 - ClickOnLink is called
2024-06-11 18:21:49 INFO  Keywords:282 - Waiting for webElement...onenotThree
2024-06-11 18:21:49 INFO  Keywords:285 - Element found...onenotThree
2024-06-11 18:21:49 INFO  Keywords:282 - Waiting for webElement...103ResponseXML
2024-06-11 18:21:49 INFO  Keywords:285 - Element found...103ResponseXML
2024-06-11 18:22:21 INFO  Keywords:428 - switching to parent window...
2024-06-11 18:22:21 INFO  Keywords:98 - Navigate is called
2024-06-11 18:22:22 INFO  Keywords:496 - ClearText is called
2024-06-11 18:22:22 INFO  Keywords:282 - Waiting for webElement...gateway.username
2024-06-11 18:22:22 INFO  Keywords:285 - Element found...gateway.username
2024-06-11 18:22:22 INFO  Keywords:500 - 
2024-06-11 18:22:22 INFO  Keywords:124 - InputText is called
2024-06-11 18:22:22 INFO  Keywords:282 - Waiting for webElement...gateway.username
2024-06-11 18:22:22 INFO  Keywords:285 - Element found...gateway.username
2024-06-11 18:22:22 INFO  Keywords:496 - ClearText is called
2024-06-11 18:22:22 INFO  Keywords:282 - Waiting for webElement...gateway.password
2024-06-11 18:22:22 INFO  Keywords:285 - Element found...gateway.password
2024-06-11 18:22:22 INFO  Keywords:500 - 
2024-06-11 18:22:22 INFO  Keywords:124 - InputText is called
2024-06-11 18:22:22 INFO  Keywords:282 - Waiting for webElement...gateway.password
2024-06-11 18:22:22 INFO  Keywords:285 - Element found...gateway.password
2024-06-11 18:22:22 INFO  Keywords:135 - ClickOnLink is called
2024-06-11 18:22:22 INFO  Keywords:282 - Waiting for webElement...gateway.login
2024-06-11 18:22:22 INFO  Keywords:285 - Element found...gateway.login
2024-06-11 18:22:39 INFO  Keywords:135 - ClickOnLink is called
2024-06-11 18:22:39 INFO  Keywords:282 - Waiting for webElement...management
2024-06-11 18:22:39 INFO  Keywords:285 - Element found...management
2024-06-11 18:22:39 INFO  Keywords:282 - Waiting for webElement...managementTools
2024-06-11 18:22:39 INFO  Keywords:285 - Element found...managementTools
2024-06-11 18:22:40 INFO  Keywords:135 - ClickOnLink is called
2024-06-11 18:22:40 INFO  Keywords:282 - Waiting for webElement...feedManagement
2024-06-11 18:22:41 INFO  Keywords:285 - Element found...feedManagement
2024-06-11 18:22:57 INFO  Keywords:135 - ClickOnLink is called
2024-06-11 18:22:57 INFO  Keywords:282 - Waiting for webElement...searchPanel
2024-06-11 18:22:57 INFO  Keywords:285 - Element found...searchPanel
2024-06-11 18:22:57 INFO  Keywords:282 - Waiting for webElement...selectTransactionID
2024-06-11 18:22:57 INFO  Keywords:285 - Element found...selectTransactionID
2024-06-11 18:22:57 INFO  Keywords:124 - InputText is called
2024-06-11 18:22:57 INFO  Keywords:282 - Waiting for webElement...enterTransactioID
2024-06-11 18:22:57 INFO  Keywords:285 - Element found...enterTransactioID
2024-06-11 18:22:57 INFO  Keywords:135 - ClickOnLink is called
2024-06-11 18:22:57 INFO  Keywords:282 - Waiting for webElement...searchbutton
2024-06-11 18:22:57 INFO  Keywords:285 - Element found...searchbutton
2024-06-11 18:23:14 INFO  Keywords:135 - ClickOnLink is called
2024-06-11 18:23:14 INFO  Keywords:282 - Waiting for webElement...transactionSearchmyResult
2024-06-11 18:23:14 INFO  Keywords:285 - Element found...transactionSearchmyResult
2024-06-11 18:23:30 INFO  Keywords:135 - ClickOnLink is called
2024-06-11 18:23:30 INFO  Keywords:282 - Waiting for webElement...RTSMButton
2024-06-11 18:23:30 INFO  Keywords:285 - Element found...RTSMButton
2024-06-11 18:23:30 INFO  Keywords:282 - Waiting for webElement...RTSMResponseXML
