2023-12-26 11:02:08 INFO  Keywords:97 - Navigate is called
2023-12-26 11:02:11 INFO  Keywords:125 - InputText is called
2023-12-26 11:02:11 INFO  Keywords:286 - Waiting for webElement...gateway.username
2023-12-26 11:02:11 INFO  Keywords:289 - Element found...gateway.username
2023-12-26 11:02:11 INFO  Keywords:125 - InputText is called
2023-12-26 11:02:11 INFO  Keywords:286 - Waiting for webElement...gateway.password
2023-12-26 11:02:11 INFO  Keywords:289 - Element found...gateway.password
2023-12-26 11:02:11 INFO  Keywords:138 - ClickOnLink is called
2023-12-26 11:02:11 INFO  Keywords:286 - Waiting for webElement...gateway.login
2023-12-26 11:02:11 INFO  Keywords:289 - Element found...gateway.login
2023-12-26 11:02:50 INFO  Keywords:138 - ClickOnLink is called
2023-12-26 11:02:50 INFO  Keywords:286 - Waiting for webElement...postsamldata
2023-12-26 11:02:50 INFO  Keywords:289 - Element found...postsamldata
2023-12-26 11:03:06 INFO  Keywords:138 - ClickOnLink is called
2023-12-26 11:03:06 INFO  Keywords:286 - Waiting for webElement...next
2023-12-26 11:03:06 INFO  Keywords:289 - Element found...next
2023-12-26 11:03:28 INFO  Keywords:125 - InputText is called
2023-12-26 11:03:28 INFO  Keywords:286 - Waiting for webElement...policyConfiguration.insuranceamount
2023-12-26 11:03:28 INFO  Keywords:289 - Element found...policyConfiguration.insuranceamount
2023-12-26 11:03:28 INFO  Keywords:286 - Waiting for webElement...policyConfiguration.LTC
2023-12-26 11:03:28 INFO  Keywords:289 - Element found...policyConfiguration.LTC
2023-12-26 11:03:28 INFO  Keywords:286 - Waiting for webElement...policyConfiguration.payors
2023-12-26 11:03:28 INFO  Keywords:289 - Element found...policyConfiguration.payors
2023-12-26 11:03:29 INFO  Keywords:286 - Waiting for webElement...policyConfiguration.purposeofpolicy
2023-12-26 11:03:29 INFO  Keywords:289 - Element found...policyConfiguration.purposeofpolicy
2023-12-26 11:03:29 INFO  Keywords:138 - ClickOnLink is called
2023-12-26 11:03:29 INFO  Keywords:286 - Waiting for webElement...next
2023-12-26 11:03:29 INFO  Keywords:289 - Element found...next
2023-12-26 11:05:04 INFO  Keywords:286 - Waiting for webElement...primaryinsured.birthcountry
2023-12-26 11:05:04 INFO  Keywords:289 - Element found...primaryinsured.birthcountry
2023-12-26 11:05:05 INFO  Keywords:286 - Waiting for webElement...primaryinsured.birthstate
2023-12-26 11:05:05 INFO  Keywords:289 - Element found...primaryinsured.birthstate
2023-12-26 11:05:05 INFO  Keywords:125 - InputText is called
2023-12-26 11:05:05 INFO  Keywords:286 - Waiting for webElement...primaryinsured.birthcity
2023-12-26 11:05:05 INFO  Keywords:289 - Element found...primaryinsured.birthcity
2023-12-26 11:05:05 INFO  Keywords:138 - ClickOnLink is called
2023-12-26 11:05:05 INFO  Keywords:286 - Waiting for webElement...next
2023-12-26 11:05:05 INFO  Keywords:289 - Element found...next
2023-12-26 11:05:30 INFO  Keywords:138 - ClickOnLink is called
2023-12-26 11:05:30 INFO  Keywords:286 - Waiting for webElement...next
2023-12-26 11:05:30 INFO  Keywords:289 - Element found...next
2023-12-26 11:05:54 INFO  Keywords:286 - Waiting for webElement...jointInsured.birthCountry
2023-12-26 11:05:54 INFO  Keywords:289 - Element found...jointInsured.birthCountry
2023-12-26 11:05:54 INFO  Keywords:286 - Waiting for webElement...jointInsured.birthState
2023-12-26 11:05:54 INFO  Keywords:289 - Element found...jointInsured.birthState
2023-12-26 11:05:54 INFO  Keywords:125 - InputText is called
2023-12-26 11:05:54 INFO  Keywords:286 - Waiting for webElement...jointInsured.birthCity
2023-12-26 11:05:54 INFO  Keywords:289 - Element found...jointInsured.birthCity
2023-12-26 11:05:54 INFO  Keywords:138 - ClickOnLink is called
2023-12-26 11:05:54 INFO  Keywords:286 - Waiting for webElement...next
2023-12-26 11:05:54 INFO  Keywords:289 - Element found...next
2023-12-26 11:06:17 INFO  Keywords:286 - Waiting for webElement...naturalOwner.relationwithInsured
2023-12-26 11:06:17 INFO  Keywords:289 - Element found...naturalOwner.relationwithInsured
2023-12-26 11:06:17 INFO  Keywords:286 - Waiting for webElement...naturalOwner.relationwithJointInsured
2023-12-26 11:06:17 INFO  Keywords:289 - Element found...naturalOwner.relationwithJointInsured
2023-12-26 11:06:18 INFO  Keywords:138 - ClickOnLink is called
2023-12-26 11:06:18 INFO  Keywords:286 - Waiting for webElement...next
2023-12-26 11:06:18 INFO  Keywords:289 - Element found...next
2023-12-26 11:06:40 INFO  Keywords:286 - Waiting for webElement...financialDetails.SourceOfFundsLI
2023-12-26 11:06:40 INFO  Keywords:289 - Element found...financialDetails.SourceOfFundsLI
2023-12-26 11:06:40 INFO  Keywords:286 - Waiting for webElement...financialDetails.SurrenderChargeSOFLI
2023-12-26 11:06:40 INFO  Keywords:289 - Element found...financialDetails.SurrenderChargeSOFLI
2023-12-26 11:06:41 INFO  Keywords:286 - Waiting for webElement...financialDetails.envisiontaking
2023-12-26 11:06:41 INFO  Keywords:289 - Element found...financialDetails.envisiontaking
2023-12-26 11:06:41 INFO  Keywords:286 - Waiting for webElement...financialDetails.federalfaxbracket
2023-12-26 11:06:41 INFO  Keywords:289 - Element found...financialDetails.federalfaxbracket
2023-12-26 11:06:41 INFO  Keywords:286 - Waiting for webElement...financialDetails.riskTolerance
2023-12-26 11:06:41 INFO  Keywords:289 - Element found...financialDetails.riskTolerance
2023-12-26 11:06:42 INFO  Keywords:286 - Waiting for webElement...financialDetails.Investmentobjectives
2023-12-26 11:06:42 INFO  Keywords:289 - Element found...financialDetails.Investmentobjectives
2023-12-26 11:06:42 INFO  Keywords:286 - Waiting for webElement...financialDetails.timehorizon
2023-12-26 11:06:42 INFO  Keywords:289 - Element found...financialDetails.timehorizon
2023-12-26 11:06:42 INFO  Keywords:286 - Waiting for webElement...financialDetails.investmentexperienceFA
2023-12-26 11:06:42 INFO  Keywords:289 - Element found...financialDetails.investmentexperienceFA
2023-12-26 11:06:42 INFO  Keywords:125 - InputText is called
2023-12-26 11:06:42 INFO  Keywords:286 - Waiting for webElement...financialDetails.investmentstartyear
2023-12-26 11:06:43 INFO  Keywords:289 - Element found...financialDetails.investmentstartyear
2023-12-26 11:06:43 INFO  Keywords:125 - InputText is called
2023-12-26 11:06:43 INFO  Keywords:286 - Waiting for webElement...financialdetails.wages
2023-12-26 11:06:43 INFO  Keywords:289 - Element found...financialdetails.wages
2023-12-26 11:06:43 INFO  Keywords:125 - InputText is called
2023-12-26 11:06:43 INFO  Keywords:286 - Waiting for webElement...financialdetails.livingexpenses
2023-12-26 11:06:43 INFO  Keywords:289 - Element found...financialdetails.livingexpenses
2023-12-26 11:06:43 INFO  Keywords:125 - InputText is called
2023-12-26 11:06:43 INFO  Keywords:286 - Waiting for webElement...financialdetails.personalinvestment
2023-12-26 11:06:43 INFO  Keywords:289 - Element found...financialdetails.personalinvestment
2023-12-26 11:06:43 INFO  Keywords:125 - InputText is called
2023-12-26 11:06:43 INFO  Keywords:286 - Waiting for webElement...financialdetails.fixeddebtexpenses
2023-12-26 11:06:43 INFO  Keywords:289 - Element found...financialdetails.fixeddebtexpenses
2023-12-26 11:06:43 INFO  Keywords:125 - InputText is called
2023-12-26 11:06:43 INFO  Keywords:286 - Waiting for webElement...financialdetails.rentalincome
2023-12-26 11:06:43 INFO  Keywords:289 - Element found...financialdetails.rentalincome
2023-12-26 11:06:43 INFO  Keywords:125 - InputText is called
2023-12-26 11:06:43 INFO  Keywords:286 - Waiting for webElement...financialdetails.variabledebtexpenses
2023-12-26 11:06:43 INFO  Keywords:289 - Element found...financialdetails.variabledebtexpenses
2023-12-26 11:06:43 INFO  Keywords:125 - InputText is called
2023-12-26 11:06:43 INFO  Keywords:286 - Waiting for webElement...financialdetails.incomepension
2023-12-26 11:06:43 INFO  Keywords:289 - Element found...financialdetails.incomepension
2023-12-26 11:06:43 INFO  Keywords:125 - InputText is called
2023-12-26 11:06:43 INFO  Keywords:286 - Waiting for webElement...financialdetails.discretionaryexpenses
2023-12-26 11:06:43 INFO  Keywords:289 - Element found...financialdetails.discretionaryexpenses
2023-12-26 11:06:43 INFO  Keywords:125 - InputText is called
2023-12-26 11:06:43 INFO  Keywords:286 - Waiting for webElement...financialdetails.socialsecurityincome
2023-12-26 11:06:43 INFO  Keywords:289 - Element found...financialdetails.socialsecurityincome
2023-12-26 11:06:43 INFO  Keywords:125 - InputText is called
2023-12-26 11:06:43 INFO  Keywords:286 - Waiting for webElement...financialdetails.otherincome
2023-12-26 11:06:43 INFO  Keywords:289 - Element found...financialdetails.otherincome
2023-12-26 11:06:43 INFO  Keywords:125 - InputText is called
2023-12-26 11:06:43 INFO  Keywords:286 - Waiting for webElement...financialdetails.bonds
2023-12-26 11:06:43 INFO  Keywords:289 - Element found...financialdetails.bonds
2023-12-26 11:06:43 INFO  Keywords:125 - InputText is called
2023-12-26 11:06:43 INFO  Keywords:286 - Waiting for webElement...financialdetails.businessTrustRealstate
2023-12-26 11:06:43 INFO  Keywords:289 - Element found...financialdetails.businessTrustRealstate
2023-12-26 11:06:43 INFO  Keywords:125 - InputText is called
2023-12-26 11:06:43 INFO  Keywords:286 - Waiting for webElement...financialdetails.retirementplan
2023-12-26 11:06:43 INFO  Keywords:289 - Element found...financialdetails.retirementplan
2023-12-26 11:06:44 INFO  Keywords:125 - InputText is called
2023-12-26 11:06:44 INFO  Keywords:286 - Waiting for webElement...financialdetails.equities
2023-12-26 11:06:44 INFO  Keywords:289 - Element found...financialdetails.equities
2023-12-26 11:06:44 INFO  Keywords:125 - InputText is called
2023-12-26 11:06:44 INFO  Keywords:286 - Waiting for webElement...financialdetails.facevalueilfeinsurance
2023-12-26 11:06:44 INFO  Keywords:289 - Element found...financialdetails.facevalueilfeinsurance
2023-12-26 11:06:44 INFO  Keywords:125 - InputText is called
2023-12-26 11:06:44 INFO  Keywords:286 - Waiting for webElement...financialdetails.fixedannuity
2023-12-26 11:06:44 INFO  Keywords:289 - Element found...financialdetails.fixedannuity
2023-12-26 11:06:44 INFO  Keywords:125 - InputText is called
2023-12-26 11:06:44 INFO  Keywords:286 - Waiting for webElement...financialdetails.indexannuity
2023-12-26 11:06:44 INFO  Keywords:289 - Element found...financialdetails.indexannuity
2023-12-26 11:06:44 INFO  Keywords:125 - InputText is called
2023-12-26 11:06:44 INFO  Keywords:286 - Waiting for webElement...financialdetails.liquidnetworth
2023-12-26 11:06:44 INFO  Keywords:289 - Element found...financialdetails.liquidnetworth
2023-12-26 11:06:44 INFO  Keywords:125 - InputText is called
2023-12-26 11:06:44 INFO  Keywords:286 - Waiting for webElement...financialdetails.mutualfund
2023-12-26 11:06:44 INFO  Keywords:289 - Element found...financialdetails.mutualfund
2023-12-26 11:06:44 INFO  Keywords:125 - InputText is called
2023-12-26 11:06:44 INFO  Keywords:286 - Waiting for webElement...financialdetails.otherbrokerage
2023-12-26 11:06:44 INFO  Keywords:289 - Element found...financialdetails.otherbrokerage
2023-12-26 11:06:44 INFO  Keywords:125 - InputText is called
2023-12-26 11:06:44 INFO  Keywords:286 - Waiting for webElement...financialdetails.policypremium
2023-12-26 11:06:44 INFO  Keywords:289 - Element found...financialdetails.policypremium
2023-12-26 11:06:44 INFO  Keywords:125 - InputText is called
2023-12-26 11:06:44 INFO  Keywords:286 - Waiting for webElement...financialdetails.variableannuity
2023-12-26 11:06:44 INFO  Keywords:289 - Element found...financialdetails.variableannuity
2023-12-26 11:06:44 INFO  Keywords:125 - InputText is called
2023-12-26 11:06:44 INFO  Keywords:286 - Waiting for webElement...financialdetails.totalpremium
2023-12-26 11:06:44 INFO  Keywords:289 - Element found...financialdetails.totalpremium
2023-12-26 11:06:44 INFO  Keywords:286 - Waiting for webElement...financialdetails.anticipatedchanges
2023-12-26 11:06:44 INFO  Keywords:289 - Element found...financialdetails.anticipatedchanges
2023-12-26 11:06:44 INFO  Keywords:286 - Waiting for webElement...financialdetails.nonguaranteedelement
2023-12-26 11:06:45 INFO  Keywords:289 - Element found...financialdetails.nonguaranteedelement
2023-12-26 11:06:45 INFO  Keywords:286 - Waiting for webElement...financialdetails.reversemortgage
2023-12-26 11:06:45 INFO  Keywords:289 - Element found...financialdetails.reversemortgage
2023-12-26 11:06:45 INFO  Keywords:138 - ClickOnLink is called
2023-12-26 11:06:45 INFO  Keywords:286 - Waiting for webElement...next
2023-12-26 11:06:45 INFO  Keywords:289 - Element found...next
2023-12-26 11:07:08 INFO  Keywords:286 - Waiting for webElement...payment.modal
2023-12-26 11:07:08 INFO  Keywords:289 - Element found...payment.modal
2023-12-26 11:07:24 INFO  Keywords:286 - Waiting for webElement...payment.method
2023-12-26 11:07:24 INFO  Keywords:289 - Element found...payment.method
2023-12-26 11:07:25 INFO  Keywords:125 - InputText is called
2023-12-26 11:07:25 INFO  Keywords:286 - Waiting for webElement...payment.premium
2023-12-26 11:07:25 INFO  Keywords:289 - Element found...payment.premium
2023-12-26 11:07:25 INFO  Keywords:138 - ClickOnLink is called
2023-12-26 11:07:25 INFO  Keywords:286 - Waiting for webElement...next
2023-12-26 11:07:25 INFO  Keywords:289 - Element found...next
2023-12-26 11:07:48 INFO  Keywords:286 - Waiting for webElement...existinginsurance.borrowingfunds
2023-12-26 11:07:48 INFO  Keywords:289 - Element found...existinginsurance.borrowingfunds
2023-12-26 11:07:49 INFO  Keywords:286 - Waiting for webElement...existinginsurance.terminatingexistinglifepolicy
2023-12-26 11:07:49 INFO  Keywords:289 - Element found...existinginsurance.terminatingexistinglifepolicy
2023-12-26 11:07:49 INFO  Keywords:286 - Waiting for webElement...existinginsurance.longtermcoverage
2023-12-26 11:07:49 INFO  Keywords:289 - Element found...existinginsurance.longtermcoverage
2023-12-26 11:07:50 INFO  Keywords:286 - Waiting for webElement...existanceterminating.InsuranceCompanyName
2023-12-26 11:07:50 INFO  Keywords:289 - Element found...existanceterminating.InsuranceCompanyName
2023-12-26 11:07:50 INFO  Keywords:125 - InputText is called
2023-12-26 11:07:50 INFO  Keywords:286 - Waiting for webElement...existanceterminating.ProductName
2023-12-26 11:07:50 INFO  Keywords:289 - Element found...existanceterminating.ProductName
2023-12-26 11:07:50 INFO  Keywords:125 - InputText is called
2023-12-26 11:07:50 INFO  Keywords:286 - Waiting for webElement...existanceterminating.Insured
2023-12-26 11:07:50 INFO  Keywords:289 - Element found...existanceterminating.Insured
2023-12-26 11:07:50 INFO  Keywords:125 - InputText is called
2023-12-26 11:07:50 INFO  Keywords:286 - Waiting for webElement...existanceterminating.Owner
2023-12-26 11:07:50 INFO  Keywords:289 - Element found...existanceterminating.Owner
2023-12-26 11:07:50 INFO  Keywords:125 - InputText is called
2023-12-26 11:07:50 INFO  Keywords:286 - Waiting for webElement...existanceterminating.DateIssued
2023-12-26 11:07:50 INFO  Keywords:289 - Element found...existanceterminating.DateIssued
2023-12-26 11:07:50 INFO  Keywords:125 - InputText is called
2023-12-26 11:07:50 INFO  Keywords:286 - Waiting for webElement...existanceterminating.AmountOfInsurance
2023-12-26 11:07:51 INFO  Keywords:289 - Element found...existanceterminating.AmountOfInsurance
2023-12-26 11:07:51 INFO  Keywords:286 - Waiting for webElement...existanceterminating.ExistingInsuranceType
2023-12-26 11:07:51 INFO  Keywords:289 - Element found...existanceterminating.ExistingInsuranceType
2023-12-26 11:07:51 INFO  Keywords:286 - Waiting for webElement...existanceterminating.ProductType
2023-12-26 11:07:51 INFO  Keywords:289 - Element found...existanceterminating.ProductType
2023-12-26 11:07:51 INFO  Keywords:286 - Waiting for webElement...existanceterminating.LifeProductType
2023-12-26 11:08:41 INFO  Keywords:125 - InputText is called
2023-12-26 11:08:41 INFO  Keywords:286 - Waiting for webElement...existanceterminating.PolicyNo
2023-12-26 11:08:41 INFO  Keywords:289 - Element found...existanceterminating.PolicyNo
2023-12-26 11:08:42 INFO  Keywords:286 - Waiting for webElement...existanceterminating.PurposeOfPolicy
2023-12-26 11:08:42 INFO  Keywords:289 - Element found...existanceterminating.PurposeOfPolicy
2023-12-26 11:08:42 INFO  Keywords:286 - Waiting for webElement...existanceterminating.FundsNewPolicy
2023-12-26 11:08:42 INFO  Keywords:289 - Element found...existanceterminating.FundsNewPolicy
2023-12-26 11:08:42 INFO  Keywords:286 - Waiting for webElement...existanceterminating.ReplacingNewPolicy
2023-12-26 11:08:42 INFO  Keywords:289 - Element found...existanceterminating.ReplacingNewPolicy
2023-12-26 11:08:42 INFO  Keywords:125 - InputText is called
2023-12-26 11:08:42 INFO  Keywords:286 - Waiting for webElement...existanceterminating.ReasonReplacement
2023-12-26 11:09:32 INFO  Keywords:286 - Waiting for webElement...existanceterminating.ReplacementType
2023-12-26 11:10:23 INFO  Keywords:286 - Waiting for webElement...existanceterminating.1035Exchange
2023-12-26 11:11:13 INFO  Keywords:125 - InputText is called
2023-12-26 11:11:13 INFO  Keywords:286 - Waiting for webElement...existanceterminating.NoOfPolicy
2023-12-26 11:12:04 INFO  Keywords:125 - InputText is called
2023-12-26 11:12:04 INFO  Keywords:286 - Waiting for webElement...existanceterminating.PremiumPayment
2023-12-26 11:12:54 INFO  Keywords:125 - InputText is called
2023-12-26 11:12:54 INFO  Keywords:286 - Waiting for webElement...existanceterminating.FrequencyPremium
2023-12-26 11:13:45 INFO  Keywords:125 - InputText is called
2023-12-26 11:13:45 INFO  Keywords:286 - Waiting for webElement...existanceterminating.AmountBeingExchanged
2023-12-26 11:14:35 INFO  Keywords:125 - InputText is called
2023-12-26 11:14:35 INFO  Keywords:286 - Waiting for webElement...existanceterminating.SurrenderCharge
2023-12-26 11:15:26 INFO  Keywords:125 - InputText is called
2023-12-26 11:15:26 INFO  Keywords:286 - Waiting for webElement...existanceterminating.DeathBenefit
2023-12-26 11:16:16 INFO  Keywords:125 - InputText is called
2023-12-26 11:16:16 INFO  Keywords:286 - Waiting for webElement...existanceterminating.SpecialFeatures
2023-12-26 11:17:07 INFO  Keywords:286 - Waiting for webElement...existinginsurance.longtermpolicy
2023-12-26 11:17:07 INFO  Keywords:289 - Element found...existinginsurance.longtermpolicy
2023-12-26 11:17:07 INFO  Keywords:125 - InputText is called
2023-12-26 11:17:07 INFO  Keywords:286 - Waiting for webElement...existinglongtermpolicy.InsuranceName
2023-12-26 11:17:57 INFO  Keywords:125 - InputText is called
2023-12-26 11:17:57 INFO  Keywords:286 - Waiting for webElement...existinglongtermpolicy.policyCertificateNumber
2023-12-26 11:18:48 INFO  Keywords:125 - InputText is called
2023-12-26 11:18:48 INFO  Keywords:286 - Waiting for webElement...existinglongtermpolicy.ProductName
2023-12-26 11:19:38 INFO  Keywords:286 - Waiting for webElement...existinglongtermpolicy.ProductType
2023-12-26 11:20:29 INFO  Keywords:125 - InputText is called
2023-12-26 11:20:29 INFO  Keywords:286 - Waiting for webElement...existinglongtermpolicy.Insured
2023-12-26 11:21:19 INFO  Keywords:125 - InputText is called
2023-12-26 11:21:19 INFO  Keywords:286 - Waiting for webElement...existinglongtermpolicy.Owner
2023-12-26 11:22:09 INFO  Keywords:125 - InputText is called
2023-12-26 11:22:09 INFO  Keywords:286 - Waiting for webElement...existinglongtermpolicy.DailyBenefit
2023-12-26 11:23:00 INFO  Keywords:125 - InputText is called
2023-12-26 11:23:00 INFO  Keywords:286 - Waiting for webElement...existinglongtermpolicy.AmountOfInsurance
2023-12-26 11:23:50 INFO  Keywords:125 - InputText is called
2023-12-26 11:23:50 INFO  Keywords:286 - Waiting for webElement...existinglongtermpolicy.benefitAmount
