2024-01-02 14:51:49 INFO  Keywords:93 - Navigate is called
2024-01-02 14:51:52 INFO  Keywords:121 - InputText is called
2024-01-02 14:51:52 INFO  Keywords:282 - Waiting for webElement...gateway.username
2024-01-02 14:51:52 INFO  Keywords:285 - Element found...gateway.username
2024-01-02 14:51:52 INFO  Keywords:121 - InputText is called
2024-01-02 14:51:52 INFO  Keywords:282 - Waiting for webElement...gateway.password
2024-01-02 14:51:52 INFO  Keywords:285 - Element found...gateway.password
2024-01-02 14:51:52 INFO  Keywords:134 - ClickOnLink is called
2024-01-02 14:51:52 INFO  Keywords:282 - Waiting for webElement...gateway.login
2024-01-02 14:51:52 INFO  Keywords:285 - Element found...gateway.login
2024-01-02 14:52:31 INFO  Keywords:134 - ClickOnLink is called
2024-01-02 14:52:31 INFO  Keywords:282 - Waiting for webElement...postsamldata
2024-01-02 14:52:31 INFO  Keywords:285 - Element found...postsamldata
2024-01-02 14:52:48 INFO  Keywords:134 - ClickOnLink is called
2024-01-02 14:52:48 INFO  Keywords:282 - Waiting for webElement...next
2024-01-02 14:52:48 INFO  Keywords:285 - Element found...next
2024-01-02 14:53:09 INFO  Keywords:121 - InputText is called
2024-01-02 14:53:09 INFO  Keywords:282 - Waiting for webElement...policyConfiguration.insuranceamount
2024-01-02 14:53:09 INFO  Keywords:285 - Element found...policyConfiguration.insuranceamount
2024-01-02 14:53:10 INFO  Keywords:282 - Waiting for webElement...policyConfiguration.LTC
2024-01-02 14:53:10 INFO  Keywords:285 - Element found...policyConfiguration.LTC
2024-01-02 14:53:10 INFO  Keywords:282 - Waiting for webElement...policyConfiguration.payors
2024-01-02 14:53:10 INFO  Keywords:285 - Element found...policyConfiguration.payors
2024-01-02 14:53:10 INFO  Keywords:282 - Waiting for webElement...policyConfiguration.purposeofpolicy
2024-01-02 14:53:10 INFO  Keywords:285 - Element found...policyConfiguration.purposeofpolicy
2024-01-02 14:53:11 INFO  Keywords:134 - ClickOnLink is called
2024-01-02 14:53:11 INFO  Keywords:282 - Waiting for webElement...next
2024-01-02 14:53:11 INFO  Keywords:285 - Element found...next
2024-01-02 14:54:49 INFO  Keywords:282 - Waiting for webElement...primaryinsured.birthcountry
2024-01-02 14:54:49 INFO  Keywords:285 - Element found...primaryinsured.birthcountry
2024-01-02 14:54:50 INFO  Keywords:282 - Waiting for webElement...primaryinsured.birthstate
2024-01-02 14:54:50 INFO  Keywords:285 - Element found...primaryinsured.birthstate
2024-01-02 14:54:50 INFO  Keywords:121 - InputText is called
2024-01-02 14:54:50 INFO  Keywords:282 - Waiting for webElement...primaryinsured.birthcity
2024-01-02 14:54:50 INFO  Keywords:285 - Element found...primaryinsured.birthcity
2024-01-02 14:54:50 INFO  Keywords:134 - ClickOnLink is called
2024-01-02 14:54:50 INFO  Keywords:282 - Waiting for webElement...next
2024-01-02 14:54:50 INFO  Keywords:285 - Element found...next
2024-01-02 14:55:15 INFO  Keywords:134 - ClickOnLink is called
2024-01-02 14:55:15 INFO  Keywords:282 - Waiting for webElement...next
2024-01-02 14:55:15 INFO  Keywords:285 - Element found...next
2024-01-02 14:55:38 INFO  Keywords:282 - Waiting for webElement...financialDetails.SourceOfFundsLI
2024-01-02 14:55:38 INFO  Keywords:285 - Element found...financialDetails.SourceOfFundsLI
2024-01-02 14:55:39 INFO  Keywords:282 - Waiting for webElement...financialDetails.SurrenderChargeSOFLI
2024-01-02 14:55:39 INFO  Keywords:285 - Element found...financialDetails.SurrenderChargeSOFLI
2024-01-02 14:55:39 INFO  Keywords:282 - Waiting for webElement...financialDetails.envisiontaking
2024-01-02 14:55:39 INFO  Keywords:285 - Element found...financialDetails.envisiontaking
2024-01-02 14:55:39 INFO  Keywords:282 - Waiting for webElement...financialDetails.federalfaxbracket
2024-01-02 14:55:39 INFO  Keywords:285 - Element found...financialDetails.federalfaxbracket
2024-01-02 14:55:40 INFO  Keywords:282 - Waiting for webElement...financialDetails.riskTolerance
2024-01-02 14:55:40 INFO  Keywords:285 - Element found...financialDetails.riskTolerance
2024-01-02 14:55:40 INFO  Keywords:282 - Waiting for webElement...financialDetails.Investmentobjectives
2024-01-02 14:55:40 INFO  Keywords:285 - Element found...financialDetails.Investmentobjectives
2024-01-02 14:55:40 INFO  Keywords:282 - Waiting for webElement...financialDetails.timehorizon
2024-01-02 14:55:40 INFO  Keywords:285 - Element found...financialDetails.timehorizon
2024-01-02 14:55:41 INFO  Keywords:282 - Waiting for webElement...financialDetails.investmentexperienceFA
2024-01-02 14:55:41 INFO  Keywords:285 - Element found...financialDetails.investmentexperienceFA
2024-01-02 14:55:41 INFO  Keywords:121 - InputText is called
2024-01-02 14:55:41 INFO  Keywords:282 - Waiting for webElement...financialDetails.investmentstartyear
2024-01-02 14:55:41 INFO  Keywords:285 - Element found...financialDetails.investmentstartyear
2024-01-02 14:55:41 INFO  Keywords:121 - InputText is called
2024-01-02 14:55:41 INFO  Keywords:282 - Waiting for webElement...financialdetails.wages
2024-01-02 14:55:41 INFO  Keywords:285 - Element found...financialdetails.wages
2024-01-02 14:55:41 INFO  Keywords:121 - InputText is called
2024-01-02 14:55:41 INFO  Keywords:282 - Waiting for webElement...financialdetails.livingexpenses
2024-01-02 14:55:41 INFO  Keywords:285 - Element found...financialdetails.livingexpenses
2024-01-02 14:55:41 INFO  Keywords:121 - InputText is called
2024-01-02 14:55:41 INFO  Keywords:282 - Waiting for webElement...financialdetails.personalinvestment
2024-01-02 14:55:41 INFO  Keywords:285 - Element found...financialdetails.personalinvestment
2024-01-02 14:55:41 INFO  Keywords:121 - InputText is called
2024-01-02 14:55:41 INFO  Keywords:282 - Waiting for webElement...financialdetails.fixeddebtexpenses
2024-01-02 14:55:41 INFO  Keywords:285 - Element found...financialdetails.fixeddebtexpenses
2024-01-02 14:55:41 INFO  Keywords:121 - InputText is called
2024-01-02 14:55:41 INFO  Keywords:282 - Waiting for webElement...financialdetails.rentalincome
2024-01-02 14:55:41 INFO  Keywords:285 - Element found...financialdetails.rentalincome
2024-01-02 14:55:41 INFO  Keywords:121 - InputText is called
2024-01-02 14:55:41 INFO  Keywords:282 - Waiting for webElement...financialdetails.variabledebtexpenses
2024-01-02 14:55:42 INFO  Keywords:285 - Element found...financialdetails.variabledebtexpenses
2024-01-02 14:55:42 INFO  Keywords:121 - InputText is called
2024-01-02 14:55:42 INFO  Keywords:282 - Waiting for webElement...financialdetails.incomepension
2024-01-02 14:55:42 INFO  Keywords:285 - Element found...financialdetails.incomepension
2024-01-02 14:55:42 INFO  Keywords:121 - InputText is called
2024-01-02 14:55:42 INFO  Keywords:282 - Waiting for webElement...financialdetails.discretionaryexpenses
2024-01-02 14:55:42 INFO  Keywords:285 - Element found...financialdetails.discretionaryexpenses
2024-01-02 14:55:42 INFO  Keywords:121 - InputText is called
2024-01-02 14:55:42 INFO  Keywords:282 - Waiting for webElement...financialdetails.socialsecurityincome
2024-01-02 14:55:42 INFO  Keywords:285 - Element found...financialdetails.socialsecurityincome
2024-01-02 14:55:42 INFO  Keywords:121 - InputText is called
2024-01-02 14:55:42 INFO  Keywords:282 - Waiting for webElement...financialdetails.otherincome
2024-01-02 14:55:42 INFO  Keywords:285 - Element found...financialdetails.otherincome
2024-01-02 14:55:42 INFO  Keywords:121 - InputText is called
2024-01-02 14:55:42 INFO  Keywords:282 - Waiting for webElement...financialdetails.bonds
2024-01-02 14:55:42 INFO  Keywords:285 - Element found...financialdetails.bonds
2024-01-02 14:55:42 INFO  Keywords:121 - InputText is called
2024-01-02 14:55:42 INFO  Keywords:282 - Waiting for webElement...financialdetails.businessTrustRealstate
2024-01-02 14:55:42 INFO  Keywords:285 - Element found...financialdetails.businessTrustRealstate
2024-01-02 14:55:42 INFO  Keywords:121 - InputText is called
2024-01-02 14:55:42 INFO  Keywords:282 - Waiting for webElement...financialdetails.retirementplan
2024-01-02 14:55:42 INFO  Keywords:285 - Element found...financialdetails.retirementplan
2024-01-02 14:55:42 INFO  Keywords:121 - InputText is called
2024-01-02 14:55:42 INFO  Keywords:282 - Waiting for webElement...financialdetails.equities
2024-01-02 14:55:42 INFO  Keywords:285 - Element found...financialdetails.equities
2024-01-02 14:55:42 INFO  Keywords:121 - InputText is called
2024-01-02 14:55:42 INFO  Keywords:282 - Waiting for webElement...financialdetails.facevalueilfeinsurance
2024-01-02 14:55:42 INFO  Keywords:285 - Element found...financialdetails.facevalueilfeinsurance
2024-01-02 14:55:42 INFO  Keywords:121 - InputText is called
2024-01-02 14:55:42 INFO  Keywords:282 - Waiting for webElement...financialdetails.fixedannuity
2024-01-02 14:55:42 INFO  Keywords:285 - Element found...financialdetails.fixedannuity
2024-01-02 14:55:42 INFO  Keywords:121 - InputText is called
2024-01-02 14:55:42 INFO  Keywords:282 - Waiting for webElement...financialdetails.indexannuity
2024-01-02 14:55:42 INFO  Keywords:285 - Element found...financialdetails.indexannuity
2024-01-02 14:55:42 INFO  Keywords:121 - InputText is called
2024-01-02 14:55:42 INFO  Keywords:282 - Waiting for webElement...financialdetails.liquidnetworth
2024-01-02 14:55:42 INFO  Keywords:285 - Element found...financialdetails.liquidnetworth
2024-01-02 14:55:43 INFO  Keywords:121 - InputText is called
2024-01-02 14:55:43 INFO  Keywords:282 - Waiting for webElement...financialdetails.mutualfund
2024-01-02 14:55:43 INFO  Keywords:285 - Element found...financialdetails.mutualfund
2024-01-02 14:55:43 INFO  Keywords:121 - InputText is called
2024-01-02 14:55:43 INFO  Keywords:282 - Waiting for webElement...financialdetails.otherbrokerage
2024-01-02 14:55:43 INFO  Keywords:285 - Element found...financialdetails.otherbrokerage
2024-01-02 14:55:43 INFO  Keywords:121 - InputText is called
2024-01-02 14:55:43 INFO  Keywords:282 - Waiting for webElement...financialdetails.policypremium
2024-01-02 14:55:43 INFO  Keywords:285 - Element found...financialdetails.policypremium
2024-01-02 14:55:43 INFO  Keywords:121 - InputText is called
2024-01-02 14:55:43 INFO  Keywords:282 - Waiting for webElement...financialdetails.variableannuity
2024-01-02 14:55:43 INFO  Keywords:285 - Element found...financialdetails.variableannuity
2024-01-02 14:55:43 INFO  Keywords:121 - InputText is called
2024-01-02 14:55:43 INFO  Keywords:282 - Waiting for webElement...financialdetails.totalpremium
2024-01-02 14:55:43 INFO  Keywords:285 - Element found...financialdetails.totalpremium
2024-01-02 14:55:43 INFO  Keywords:282 - Waiting for webElement...financialdetails.anticipatedchanges
2024-01-02 14:55:43 INFO  Keywords:285 - Element found...financialdetails.anticipatedchanges
2024-01-02 14:55:43 INFO  Keywords:282 - Waiting for webElement...financialdetails.nonguaranteedelement
2024-01-02 14:55:43 INFO  Keywords:285 - Element found...financialdetails.nonguaranteedelement
2024-01-02 14:55:44 INFO  Keywords:282 - Waiting for webElement...financialdetails.reversemortgage
2024-01-02 14:55:44 INFO  Keywords:285 - Element found...financialdetails.reversemortgage
2024-01-02 14:55:44 INFO  Keywords:134 - ClickOnLink is called
2024-01-02 14:55:44 INFO  Keywords:282 - Waiting for webElement...next
2024-01-02 14:55:44 INFO  Keywords:285 - Element found...next
2024-01-02 14:56:07 INFO  Keywords:282 - Waiting for webElement...payment.modal
2024-01-02 14:56:07 INFO  Keywords:285 - Element found...payment.modal
2024-01-02 14:56:23 INFO  Keywords:282 - Waiting for webElement...payment.method
2024-01-02 14:56:23 INFO  Keywords:285 - Element found...payment.method
2024-01-02 14:56:33 INFO  Keywords:121 - InputText is called
2024-01-02 14:56:33 INFO  Keywords:282 - Waiting for webElement...payment.premium
2024-01-02 14:56:33 INFO  Keywords:285 - Element found...payment.premium
2024-01-02 14:56:33 INFO  Keywords:134 - ClickOnLink is called
2024-01-02 14:56:33 INFO  Keywords:282 - Waiting for webElement...next
2024-01-02 14:56:33 INFO  Keywords:285 - Element found...next
2024-01-02 14:56:57 INFO  Keywords:282 - Waiting for webElement...existinginsurance.borrowingfunds
2024-01-02 14:56:57 INFO  Keywords:285 - Element found...existinginsurance.borrowingfunds
2024-01-02 14:56:58 INFO  Keywords:282 - Waiting for webElement...existinginsurance.terminatingexistinglifepolicy
2024-01-02 14:56:58 INFO  Keywords:285 - Element found...existinginsurance.terminatingexistinglifepolicy
2024-01-02 14:56:58 INFO  Keywords:282 - Waiting for webElement...existinginsurance.longtermcoverage
2024-01-02 14:56:58 INFO  Keywords:285 - Element found...existinginsurance.longtermcoverage
2024-01-02 14:56:59 INFO  Keywords:282 - Waiting for webElement...existanceterminating.InsuranceCompanyName
2024-01-02 14:56:59 INFO  Keywords:285 - Element found...existanceterminating.InsuranceCompanyName
2024-01-02 14:56:59 INFO  Keywords:121 - InputText is called
2024-01-02 14:56:59 INFO  Keywords:282 - Waiting for webElement...existanceterminating.ProductName
2024-01-02 14:56:59 INFO  Keywords:285 - Element found...existanceterminating.ProductName
2024-01-02 14:56:59 INFO  Keywords:121 - InputText is called
2024-01-02 14:56:59 INFO  Keywords:282 - Waiting for webElement...existanceterminating.Insured
2024-01-02 14:56:59 INFO  Keywords:285 - Element found...existanceterminating.Insured
2024-01-02 14:56:59 INFO  Keywords:121 - InputText is called
2024-01-02 14:56:59 INFO  Keywords:282 - Waiting for webElement...existanceterminating.Owner
2024-01-02 14:56:59 INFO  Keywords:285 - Element found...existanceterminating.Owner
2024-01-02 14:57:00 INFO  Keywords:121 - InputText is called
2024-01-02 14:57:00 INFO  Keywords:282 - Waiting for webElement...existanceterminating.DateIssued
2024-01-02 14:57:00 INFO  Keywords:285 - Element found...existanceterminating.DateIssued
2024-01-02 14:57:00 INFO  Keywords:121 - InputText is called
2024-01-02 14:57:00 INFO  Keywords:282 - Waiting for webElement...existanceterminating.AmountOfInsurance
2024-01-02 14:57:00 INFO  Keywords:285 - Element found...existanceterminating.AmountOfInsurance
2024-01-02 14:57:00 INFO  Keywords:282 - Waiting for webElement...existanceterminating.ExistingInsuranceType
2024-01-02 14:57:00 INFO  Keywords:285 - Element found...existanceterminating.ExistingInsuranceType
2024-01-02 14:57:00 INFO  Keywords:282 - Waiting for webElement...existanceterminating.ProductType
2024-01-02 14:57:00 INFO  Keywords:285 - Element found...existanceterminating.ProductType
2024-01-02 14:57:00 INFO  Keywords:282 - Waiting for webElement...existanceterminating.LifeProductType
2024-01-02 14:57:01 INFO  Keywords:285 - Element found...existanceterminating.LifeProductType
2024-01-02 14:57:01 INFO  Keywords:121 - InputText is called
2024-01-02 14:57:01 INFO  Keywords:282 - Waiting for webElement...existanceterminating.PolicyNo
2024-01-02 14:57:01 INFO  Keywords:285 - Element found...existanceterminating.PolicyNo
2024-01-02 14:57:01 INFO  Keywords:282 - Waiting for webElement...existanceterminating.PurposeOfPolicy
2024-01-02 14:57:01 INFO  Keywords:285 - Element found...existanceterminating.PurposeOfPolicy
2024-01-02 14:57:01 INFO  Keywords:282 - Waiting for webElement...existanceterminating.FundsNewPolicy
2024-01-02 14:57:01 INFO  Keywords:285 - Element found...existanceterminating.FundsNewPolicy
2024-01-02 14:57:02 INFO  Keywords:282 - Waiting for webElement...existanceterminating.ReplacingNewPolicy
2024-01-02 14:57:02 INFO  Keywords:285 - Element found...existanceterminating.ReplacingNewPolicy
2024-01-02 14:57:02 INFO  Keywords:282 - Waiting for webElement...existanceterminating.ReplacementThType
2024-01-02 14:57:02 INFO  Keywords:285 - Element found...existanceterminating.ReplacementThType
2024-01-02 14:57:02 INFO  Keywords:282 - Waiting for webElement...existanceterminating.1035ThExchange
2024-01-02 14:57:02 INFO  Keywords:285 - Element found...existanceterminating.1035ThExchange
2024-01-02 14:57:02 INFO  Keywords:121 - InputText is called
2024-01-02 14:57:02 INFO  Keywords:282 - Waiting for webElement...existanceterminating.ReasonReplacement
2024-01-02 14:57:03 INFO  Keywords:285 - Element found...existanceterminating.ReasonReplacement
2024-01-02 14:57:03 INFO  Keywords:121 - InputText is called
2024-01-02 14:57:03 INFO  Keywords:282 - Waiting for webElement...existanceterminating.NoOfPolicy
2024-01-02 14:57:03 INFO  Keywords:285 - Element found...existanceterminating.NoOfPolicy
2024-01-02 14:57:03 INFO  Keywords:121 - InputText is called
2024-01-02 14:57:03 INFO  Keywords:282 - Waiting for webElement...existanceterminating.PremiumPayment
2024-01-02 14:57:03 INFO  Keywords:285 - Element found...existanceterminating.PremiumPayment
2024-01-02 14:57:03 INFO  Keywords:121 - InputText is called
2024-01-02 14:57:03 INFO  Keywords:282 - Waiting for webElement...existanceterminating.FrequencyPremium
2024-01-02 14:57:03 INFO  Keywords:285 - Element found...existanceterminating.FrequencyPremium
2024-01-02 14:57:03 INFO  Keywords:121 - InputText is called
2024-01-02 14:57:03 INFO  Keywords:282 - Waiting for webElement...existanceterminating.AmountBeingExchanged
2024-01-02 14:57:03 INFO  Keywords:285 - Element found...existanceterminating.AmountBeingExchanged
2024-01-02 14:57:03 INFO  Keywords:121 - InputText is called
2024-01-02 14:57:03 INFO  Keywords:282 - Waiting for webElement...existanceterminating.SurrenderCharge
2024-01-02 14:57:03 INFO  Keywords:285 - Element found...existanceterminating.SurrenderCharge
2024-01-02 14:57:03 INFO  Keywords:121 - InputText is called
2024-01-02 14:57:03 INFO  Keywords:282 - Waiting for webElement...existanceterminating.DeathBenefit
2024-01-02 14:57:03 INFO  Keywords:285 - Element found...existanceterminating.DeathBenefit
2024-01-02 14:57:03 INFO  Keywords:121 - InputText is called
2024-01-02 14:57:03 INFO  Keywords:282 - Waiting for webElement...existanceterminating.SpecialFeatures
2024-01-02 14:57:03 INFO  Keywords:285 - Element found...existanceterminating.SpecialFeatures
2024-01-02 14:57:03 INFO  Keywords:282 - Waiting for webElement...existinginsurance.longtermpolicyYes
2024-01-02 14:57:03 INFO  Keywords:285 - Element found...existinginsurance.longtermpolicyYes
2024-01-02 14:57:04 INFO  Keywords:121 - InputText is called
2024-01-02 14:57:04 INFO  Keywords:282 - Waiting for webElement...existinglongtermpolicy.InsuranceName
2024-01-02 14:57:04 INFO  Keywords:285 - Element found...existinglongtermpolicy.InsuranceName
2024-01-02 14:57:04 INFO  Keywords:121 - InputText is called
2024-01-02 14:57:04 INFO  Keywords:282 - Waiting for webElement...existinglongtermpolicy.policyCertificateNumber
2024-01-02 14:57:04 INFO  Keywords:285 - Element found...existinglongtermpolicy.policyCertificateNumber
2024-01-02 14:57:04 INFO  Keywords:121 - InputText is called
2024-01-02 14:57:04 INFO  Keywords:282 - Waiting for webElement...existinglongtermpolicy.ProductName
2024-01-02 14:57:04 INFO  Keywords:285 - Element found...existinglongtermpolicy.ProductName
2024-01-02 14:57:04 INFO  Keywords:282 - Waiting for webElement...existinglongtermpolicy.ProductType
2024-01-02 14:57:04 INFO  Keywords:285 - Element found...existinglongtermpolicy.ProductType
2024-01-02 14:57:04 INFO  Keywords:121 - InputText is called
2024-01-02 14:57:04 INFO  Keywords:282 - Waiting for webElement...existinglongtermpolicy.Insured
2024-01-02 14:57:04 INFO  Keywords:285 - Element found...existinglongtermpolicy.Insured
2024-01-02 14:57:04 INFO  Keywords:121 - InputText is called
2024-01-02 14:57:04 INFO  Keywords:282 - Waiting for webElement...existinglongtermpolicy.Owner
2024-01-02 14:57:04 INFO  Keywords:285 - Element found...existinglongtermpolicy.Owner
2024-01-02 14:57:04 INFO  Keywords:121 - InputText is called
2024-01-02 14:57:04 INFO  Keywords:282 - Waiting for webElement...existinglongtermpolicy.DailyBenefit
2024-01-02 14:57:04 INFO  Keywords:285 - Element found...existinglongtermpolicy.DailyBenefit
2024-01-02 14:57:04 INFO  Keywords:121 - InputText is called
2024-01-02 14:57:04 INFO  Keywords:282 - Waiting for webElement...existinglongtermpolicy.AmountOfInsurance
2024-01-02 14:57:04 INFO  Keywords:285 - Element found...existinglongtermpolicy.AmountOfInsurance
2024-01-02 14:57:04 INFO  Keywords:121 - InputText is called
2024-01-02 14:57:04 INFO  Keywords:282 - Waiting for webElement...existinglongtermpolicy.benefitAmount
2024-01-02 14:57:04 INFO  Keywords:285 - Element found...existinglongtermpolicy.benefitAmount
2024-01-02 14:57:05 INFO  Keywords:121 - InputText is called
2024-01-02 14:57:05 INFO  Keywords:282 - Waiting for webElement...existinglongtermpolicy.benefitPeriod
2024-01-02 14:57:05 INFO  Keywords:285 - Element found...existinglongtermpolicy.benefitPeriod
2024-01-02 14:57:05 INFO  Keywords:282 - Waiting for webElement...existinginsurance.longterminsuranceYes
2024-01-02 14:57:05 INFO  Keywords:285 - Element found...existinginsurance.longterminsuranceYes
2024-01-02 14:57:05 INFO  Keywords:121 - InputText is called
2024-01-02 14:57:05 INFO  Keywords:282 - Waiting for webElement...existinglongterminsurance.InsuranceCompany
2024-01-02 14:57:05 INFO  Keywords:285 - Element found...existinglongterminsurance.InsuranceCompany
2024-01-02 14:57:05 INFO  Keywords:121 - InputText is called
2024-01-02 14:57:05 INFO  Keywords:282 - Waiting for webElement...existinglongterminsurance.Certificate
2024-01-02 14:57:05 INFO  Keywords:285 - Element found...existinglongterminsurance.Certificate
2024-01-02 14:57:05 INFO  Keywords:121 - InputText is called
2024-01-02 14:57:05 INFO  Keywords:282 - Waiting for webElement...existinglongterminsurance.LTCBenefit
2024-01-02 14:57:05 INFO  Keywords:285 - Element found...existinglongterminsurance.LTCBenefit
2024-01-02 14:57:05 INFO  Keywords:121 - InputText is called
2024-01-02 14:57:05 INFO  Keywords:282 - Waiting for webElement...existinglongterminsurance.IssueDate
2024-01-02 14:57:05 INFO  Keywords:285 - Element found...existinglongterminsurance.IssueDate
2024-01-02 14:57:05 INFO  Keywords:121 - InputText is called
2024-01-02 14:57:05 INFO  Keywords:282 - Waiting for webElement...existinglongterminsurance.LapseDate
2024-01-02 14:57:05 INFO  Keywords:285 - Element found...existinglongterminsurance.LapseDate
2024-01-02 14:57:05 INFO  Keywords:134 - ClickOnLink is called
2024-01-02 14:57:05 INFO  Keywords:282 - Waiting for webElement...next
2024-01-02 14:57:05 INFO  Keywords:285 - Element found...next
2024-01-02 14:57:27 INFO  Keywords:134 - ClickOnLink is called
2024-01-02 14:57:27 INFO  Keywords:282 - Waiting for webElement...next
2024-01-02 14:57:27 INFO  Keywords:285 - Element found...next
2024-01-02 14:57:49 INFO  Keywords:121 - InputText is called
2024-01-02 14:57:49 INFO  Keywords:282 - Waiting for webElement...additionalclientquestion.q1
2024-01-02 14:57:49 INFO  Keywords:285 - Element found...additionalclientquestion.q1
2024-01-02 14:57:50 INFO  Keywords:121 - InputText is called
2024-01-02 14:57:50 INFO  Keywords:282 - Waiting for webElement...additionalclientquestion.q2
2024-01-02 14:57:50 INFO  Keywords:285 - Element found...additionalclientquestion.q2
2024-01-02 14:57:50 INFO  Keywords:121 - InputText is called
2024-01-02 14:57:50 INFO  Keywords:282 - Waiting for webElement...additionalclientquestion.q3
2024-01-02 14:57:50 INFO  Keywords:285 - Element found...additionalclientquestion.q3
2024-01-02 14:57:50 INFO  Keywords:121 - InputText is called
2024-01-02 14:57:50 INFO  Keywords:282 - Waiting for webElement...additionalclientquestion.q4
2024-01-02 14:58:40 INFO  Keywords:121 - InputText is called
2024-01-02 14:58:40 INFO  Keywords:282 - Waiting for webElement...additionalclientquestion.q5
2024-01-02 14:59:30 INFO  Keywords:512 - GetText is called
2024-01-02 14:59:30 INFO  Keywords:282 - Waiting for webElement...ebixTxnID
2024-01-02 14:59:31 INFO  Keywords:285 - Element found...ebixTxnID
2024-01-02 14:59:31 INFO  Keywords:516 - LinkId: 520535
2024-01-02 14:59:31 INFO  Keywords:567 - LinkId: 520535
2024-01-02 14:59:31 INFO  Keywords:512 - GetText is called
2024-01-02 14:59:31 INFO  Keywords:282 - Waiting for webElement...ebixTxnID
2024-01-02 14:59:31 INFO  Keywords:285 - Element found...ebixTxnID
2024-01-02 14:59:31 INFO  Keywords:516 - LinkId: 520535
2024-01-02 14:59:31 INFO  Keywords:134 - ClickOnLink is called
2024-01-02 14:59:31 INFO  Keywords:282 - Waiting for webElement...next
2024-01-02 14:59:31 INFO  Keywords:285 - Element found...next
2024-01-02 14:59:52 INFO  Keywords:134 - ClickOnLink is called
2024-01-02 14:59:52 INFO  Keywords:282 - Waiting for webElement...validate.button
2024-01-02 14:59:52 INFO  Keywords:285 - Element found...validate.button
2024-01-02 15:00:24 INFO  Keywords:134 - ClickOnLink is called
2024-01-02 15:00:24 INFO  Keywords:282 - Waiting for webElement...notification.continue
2024-01-02 15:00:24 INFO  Keywords:285 - Element found...notification.continue
2024-01-02 15:00:41 INFO  Keywords:134 - ClickOnLink is called
2024-01-02 15:00:41 INFO  Keywords:282 - Waiting for webElement...esignature.optout
2024-01-02 15:00:41 INFO  Keywords:285 - Element found...esignature.optout
2024-01-02 15:02:11 INFO  Keywords:146 - VerifyText is called
2024-01-02 15:02:11 INFO  Keywords:282 - Waiting for webElement...WebElement
2024-01-02 15:02:11 INFO  Keywords:134 - ClickOnLink is called
2024-01-02 15:02:11 INFO  Keywords:282 - Waiting for webElement...attachment
2024-01-02 15:02:11 INFO  Keywords:285 - Element found...attachment
2024-01-02 15:02:12 INFO  Keywords:282 - Waiting for webElement...attachment.documenttype
2024-01-02 15:02:13 INFO  Keywords:285 - Element found...attachment.documenttype
2024-01-02 15:02:13 INFO  Keywords:121 - InputText is called
2024-01-02 15:02:13 INFO  Keywords:282 - Waiting for webElement...attachment.choosefile
2024-01-02 15:02:13 INFO  Keywords:285 - Element found...attachment.choosefile
2024-01-02 15:02:13 INFO  Keywords:134 - ClickOnLink is called
2024-01-02 15:02:13 INFO  Keywords:282 - Waiting for webElement...attachment.upload
2024-01-02 15:02:13 INFO  Keywords:285 - Element found...attachment.upload
2024-01-02 15:02:33 INFO  Keywords:134 - ClickOnLink is called
2024-01-02 15:02:33 INFO  Keywords:282 - Waiting for webElement...RequestSignatures
2024-01-02 15:02:33 INFO  Keywords:285 - Element found...RequestSignatures
2024-01-02 15:02:54 INFO  Keywords:282 - Waiting for webElement...attachment.documenttype
2024-01-02 15:02:54 INFO  Keywords:285 - Element found...attachment.documenttype
2024-01-02 15:02:54 INFO  Keywords:121 - InputText is called
2024-01-02 15:02:54 INFO  Keywords:282 - Waiting for webElement...attachment.choosefile
2024-01-02 15:02:54 INFO  Keywords:285 - Element found...attachment.choosefile
2024-01-02 15:02:54 INFO  Keywords:134 - ClickOnLink is called
2024-01-02 15:02:54 INFO  Keywords:282 - Waiting for webElement...attachment.upload
2024-01-02 15:02:54 INFO  Keywords:285 - Element found...attachment.upload
2024-01-02 15:03:15 INFO  Keywords:134 - ClickOnLink is called
2024-01-02 15:03:15 INFO  Keywords:282 - Waiting for webElement...SubmitButton
2024-01-02 15:03:15 INFO  Keywords:285 - Element found...SubmitButton
2024-01-02 15:04:50 INFO  Keywords:449 - switching to parent window...
2024-01-02 15:04:50 INFO  Keywords:93 - Navigate is called
2024-01-02 15:04:51 INFO  Keywords:527 - ClearText is called
2024-01-02 15:04:51 INFO  Keywords:282 - Waiting for webElement...gateway.username
2024-01-02 15:04:51 INFO  Keywords:285 - Element found...gateway.username
2024-01-02 15:04:51 INFO  Keywords:531 - LinkId: 520535
2024-01-02 15:04:51 INFO  Keywords:121 - InputText is called
2024-01-02 15:04:51 INFO  Keywords:282 - Waiting for webElement...gateway.username
2024-01-02 15:04:51 INFO  Keywords:285 - Element found...gateway.username
2024-01-02 15:04:51 INFO  Keywords:527 - ClearText is called
2024-01-02 15:04:51 INFO  Keywords:282 - Waiting for webElement...gateway.password
2024-01-02 15:04:51 INFO  Keywords:285 - Element found...gateway.password
2024-01-02 15:04:51 INFO  Keywords:531 - LinkId: 520535
2024-01-02 15:04:51 INFO  Keywords:121 - InputText is called
2024-01-02 15:04:51 INFO  Keywords:282 - Waiting for webElement...gateway.password
2024-01-02 15:04:51 INFO  Keywords:285 - Element found...gateway.password
2024-01-02 15:04:51 INFO  Keywords:134 - ClickOnLink is called
2024-01-02 15:04:51 INFO  Keywords:282 - Waiting for webElement...gateway.login
2024-01-02 15:04:51 INFO  Keywords:285 - Element found...gateway.login
2024-01-02 15:05:10 INFO  Keywords:134 - ClickOnLink is called
2024-01-02 15:05:10 INFO  Keywords:282 - Waiting for webElement...management
2024-01-02 15:05:10 INFO  Keywords:285 - Element found...management
2024-01-02 15:05:11 INFO  Keywords:282 - Waiting for webElement...managementTools
2024-01-02 15:05:11 INFO  Keywords:285 - Element found...managementTools
2024-01-02 15:05:12 INFO  Keywords:134 - ClickOnLink is called
2024-01-02 15:05:12 INFO  Keywords:282 - Waiting for webElement...feedManagement
2024-01-02 15:05:12 INFO  Keywords:285 - Element found...feedManagement
2024-01-02 15:05:28 INFO  Keywords:134 - ClickOnLink is called
2024-01-02 15:05:28 INFO  Keywords:282 - Waiting for webElement...searchPanel
2024-01-02 15:05:28 INFO  Keywords:285 - Element found...searchPanel
2024-01-02 15:05:28 INFO  Keywords:282 - Waiting for webElement...selectTransactionID
2024-01-02 15:05:28 INFO  Keywords:285 - Element found...selectTransactionID
2024-01-02 15:05:29 INFO  Keywords:121 - InputText is called
2024-01-02 15:05:29 INFO  Keywords:282 - Waiting for webElement...enterTransactioID
2024-01-02 15:05:29 INFO  Keywords:285 - Element found...enterTransactioID
2024-01-02 15:05:29 INFO  Keywords:134 - ClickOnLink is called
2024-01-02 15:05:29 INFO  Keywords:282 - Waiting for webElement...searchbutton
2024-01-02 15:05:29 INFO  Keywords:285 - Element found...searchbutton
2024-01-02 15:05:45 INFO  Keywords:134 - ClickOnLink is called
2024-01-02 15:05:45 INFO  Keywords:282 - Waiting for webElement...transactionSearchmyResult
2024-01-02 15:05:45 INFO  Keywords:285 - Element found...transactionSearchmyResult
2024-01-02 15:06:02 INFO  Keywords:134 - ClickOnLink is called
2024-01-02 15:06:02 INFO  Keywords:282 - Waiting for webElement...onenotThree
2024-01-02 15:06:02 INFO  Keywords:285 - Element found...onenotThree
2024-01-02 15:06:02 INFO  Keywords:282 - Waiting for webElement...103ResponseXML
2024-01-02 15:06:03 INFO  Keywords:285 - Element found...103ResponseXML
2024-01-02 15:06:35 INFO  Keywords:449 - switching to parent window...
2024-01-02 15:06:35 INFO  Keywords:93 - Navigate is called
2024-01-02 15:06:35 INFO  Keywords:527 - ClearText is called
2024-01-02 15:06:35 INFO  Keywords:282 - Waiting for webElement...gateway.username
2024-01-02 15:06:35 INFO  Keywords:285 - Element found...gateway.username
2024-01-02 15:06:35 INFO  Keywords:531 - <?xml version="1.0" encoding="utf-16"?>
<soap:Envelope xmlns:soap="http://schemas.xmlsoap.org/soap/envelope/" xmlns:xsd="http://www.w3.org/2001/XMLSchema" xmlns:acord="http://ACORD.org/Standards/Life/2" xmlns:finetre="www.finetre.com/webservices" xmlns:user="http://www.annuitynet.com/namespace" xmlns:xsi="http://www.w3.org/2001/XMLSchema-instance">
 <soap:Header>
 <Header xmlns="www.finetre.com/webservices">
 <SessionId />
 <TransactionType>TransactionXML</TransactionType>
 <ServiceVersion>1</ServiceVersion>
 <RequestorId />
 <RequestorKey xsi:nil="true" />
 <ResponderId>SO</ResponderId>
 <ResponderKey xsi:nil="true" />
 <RequestGUID>CB9A7BF6-ED10-49FF-AC69-F77F5C9B772C</RequestGUID>
 <RequestSentDateTime />
 <RequestReceivedDateTime>2024-1-2T9:25:11</RequestReceivedDateTime>
 <ResponseSentDateTime>2024-1-2T9:25:11</ResponseSentDateTime>
 <ResponseReceivedDateTime>0001-01-01T00:00:00.0000000-05:00</ResponseReceivedDateTime>
 <Extensions xsi:nil="true" />
 </Header>
 </soap:Header>
 <soap:Body>
 <UploadResponse xmlns="www.finetre.com/webservices">
 <Data>
 <Status>Error</Status>
 <Errors xsi:nil="true">
 <errorCode>3000</errorCode>
 <Description>DXOUSER not found</Description>
 <Message>DXOUSER not found and hence system was unable to Insert/Update the Presale and Pending Case in SmartOffice.</Message>
 </Errors>
 <Extensions xsi:nil="true" />
 </Data>
 </UploadResponse>
 </soap:Body>
</soap:Envelope>
2024-01-02 15:06:35 INFO  Keywords:121 - InputText is called
2024-01-02 15:06:35 INFO  Keywords:282 - Waiting for webElement...gateway.username
2024-01-02 15:06:35 INFO  Keywords:285 - Element found...gateway.username
2024-01-02 15:06:36 INFO  Keywords:527 - ClearText is called
2024-01-02 15:06:36 INFO  Keywords:282 - Waiting for webElement...gateway.password
2024-01-02 15:06:36 INFO  Keywords:285 - Element found...gateway.password
2024-01-02 15:06:36 INFO  Keywords:531 - <?xml version="1.0" encoding="utf-16"?>
<soap:Envelope xmlns:soap="http://schemas.xmlsoap.org/soap/envelope/" xmlns:xsd="http://www.w3.org/2001/XMLSchema" xmlns:acord="http://ACORD.org/Standards/Life/2" xmlns:finetre="www.finetre.com/webservices" xmlns:user="http://www.annuitynet.com/namespace" xmlns:xsi="http://www.w3.org/2001/XMLSchema-instance">
 <soap:Header>
 <Header xmlns="www.finetre.com/webservices">
 <SessionId />
 <TransactionType>TransactionXML</TransactionType>
 <ServiceVersion>1</ServiceVersion>
 <RequestorId />
 <RequestorKey xsi:nil="true" />
 <ResponderId>SO</ResponderId>
 <ResponderKey xsi:nil="true" />
 <RequestGUID>CB9A7BF6-ED10-49FF-AC69-F77F5C9B772C</RequestGUID>
 <RequestSentDateTime />
 <RequestReceivedDateTime>2024-1-2T9:25:11</RequestReceivedDateTime>
 <ResponseSentDateTime>2024-1-2T9:25:11</ResponseSentDateTime>
 <ResponseReceivedDateTime>0001-01-01T00:00:00.0000000-05:00</ResponseReceivedDateTime>
 <Extensions xsi:nil="true" />
 </Header>
 </soap:Header>
 <soap:Body>
 <UploadResponse xmlns="www.finetre.com/webservices">
 <Data>
 <Status>Error</Status>
 <Errors xsi:nil="true">
 <errorCode>3000</errorCode>
 <Description>DXOUSER not found</Description>
 <Message>DXOUSER not found and hence system was unable to Insert/Update the Presale and Pending Case in SmartOffice.</Message>
 </Errors>
 <Extensions xsi:nil="true" />
 </Data>
 </UploadResponse>
 </soap:Body>
</soap:Envelope>
2024-01-02 15:06:36 INFO  Keywords:121 - InputText is called
2024-01-02 15:06:36 INFO  Keywords:282 - Waiting for webElement...gateway.password
2024-01-02 15:06:36 INFO  Keywords:285 - Element found...gateway.password
2024-01-02 15:06:36 INFO  Keywords:134 - ClickOnLink is called
2024-01-02 15:06:36 INFO  Keywords:282 - Waiting for webElement...gateway.login
2024-01-02 15:06:36 INFO  Keywords:285 - Element found...gateway.login
2024-01-02 15:06:54 INFO  Keywords:134 - ClickOnLink is called
2024-01-02 15:06:54 INFO  Keywords:282 - Waiting for webElement...management
2024-01-02 15:06:55 INFO  Keywords:285 - Element found...management
2024-01-02 15:06:55 INFO  Keywords:282 - Waiting for webElement...managementTools
2024-01-02 15:06:55 INFO  Keywords:285 - Element found...managementTools
2024-01-02 15:06:56 INFO  Keywords:134 - ClickOnLink is called
2024-01-02 15:06:56 INFO  Keywords:282 - Waiting for webElement...feedManagement
2024-01-02 15:06:56 INFO  Keywords:285 - Element found...feedManagement
2024-01-02 15:07:12 INFO  Keywords:134 - ClickOnLink is called
2024-01-02 15:07:12 INFO  Keywords:282 - Waiting for webElement...searchPanel
2024-01-02 15:07:12 INFO  Keywords:285 - Element found...searchPanel
2024-01-02 15:07:13 INFO  Keywords:282 - Waiting for webElement...selectTransactionID
2024-01-02 15:07:13 INFO  Keywords:285 - Element found...selectTransactionID
2024-01-02 15:07:13 INFO  Keywords:121 - InputText is called
2024-01-02 15:07:13 INFO  Keywords:282 - Waiting for webElement...enterTransactioID
2024-01-02 15:07:13 INFO  Keywords:285 - Element found...enterTransactioID
2024-01-02 15:07:13 INFO  Keywords:134 - ClickOnLink is called
2024-01-02 15:07:13 INFO  Keywords:282 - Waiting for webElement...searchbutton
2024-01-02 15:07:13 INFO  Keywords:285 - Element found...searchbutton
2024-01-02 15:07:29 INFO  Keywords:134 - ClickOnLink is called
2024-01-02 15:07:29 INFO  Keywords:282 - Waiting for webElement...transactionSearchmyResult
2024-01-02 15:07:29 INFO  Keywords:285 - Element found...transactionSearchmyResult
2024-01-02 15:07:46 INFO  Keywords:134 - ClickOnLink is called
2024-01-02 15:07:46 INFO  Keywords:282 - Waiting for webElement...RTSMButton
2024-01-02 15:07:46 INFO  Keywords:285 - Element found...RTSMButton
2024-01-02 15:07:46 INFO  Keywords:282 - Waiting for webElement...RTSMResponseXML
2024-01-02 15:07:47 INFO  Keywords:285 - Element found...RTSMResponseXML
