2024-08-07 13:19:58 INFO  Keywords:104 - Navigate is called
2024-08-07 13:20:00 INFO  Keywords:130 - InputText is called
2024-08-07 13:20:00 INFO  Keywords:301 - Waiting for webElement...gateway.username
2024-08-07 13:20:00 INFO  Keywords:305 - Element found...gateway.username
2024-08-07 13:20:00 INFO  Keywords:130 - InputText is called
2024-08-07 13:20:00 INFO  Keywords:301 - Waiting for webElement...gateway.password
2024-08-07 13:20:00 INFO  Keywords:305 - Element found...gateway.password
2024-08-07 13:20:00 INFO  Keywords:141 - ClickOnLink is called
2024-08-07 13:20:00 INFO  Keywords:301 - Waiting for webElement...gateway.login
2024-08-07 13:20:00 INFO  Keywords:305 - Element found...gateway.login
2024-08-07 13:20:36 INFO  Keywords:141 - ClickOnLink is called
2024-08-07 13:20:36 INFO  Keywords:301 - Waiting for webElement...postsamldata
2024-08-07 13:20:36 INFO  Keywords:305 - Element found...postsamldata
2024-08-07 13:20:53 INFO  Keywords:141 - ClickOnLink is called
2024-08-07 13:20:53 INFO  Keywords:301 - Waiting for webElement...next
2024-08-07 13:20:53 INFO  Keywords:305 - Element found...next
2024-08-07 13:21:12 INFO  Keywords:301 - Waiting for webElement...policyConfiguration.DeathBenefit
2024-08-07 13:21:12 INFO  Keywords:305 - Element found...policyConfiguration.DeathBenefit
2024-08-07 13:21:12 INFO  Keywords:301 - Waiting for webElement...policyConfiguration.LTCOption
2024-08-07 13:21:12 INFO  Keywords:305 - Element found...policyConfiguration.LTCOption
2024-08-07 13:21:12 INFO  Keywords:301 - Waiting for webElement...policyConfiguration.MonthPercentage
2024-08-07 13:21:12 INFO  Keywords:305 - Element found...policyConfiguration.MonthPercentage
2024-08-07 13:21:12 INFO  Keywords:130 - InputText is called
2024-08-07 13:21:12 INFO  Keywords:301 - Waiting for webElement...policyConfiguration.ABPercentage
2024-08-07 13:21:12 INFO  Keywords:305 - Element found...policyConfiguration.ABPercentage
2024-08-07 13:21:12 INFO  Keywords:301 - Waiting for webElement...policyConfiguration.payors
2024-08-07 13:21:12 INFO  Keywords:305 - Element found...policyConfiguration.payors
2024-08-07 13:21:13 INFO  Keywords:301 - Waiting for webElement...policyConfiguration.purposeofpolicy
2024-08-07 13:21:13 INFO  Keywords:305 - Element found...policyConfiguration.purposeofpolicy
2024-08-07 13:21:13 INFO  Keywords:141 - ClickOnLink is called
2024-08-07 13:21:13 INFO  Keywords:301 - Waiting for webElement...next
2024-08-07 13:21:13 INFO  Keywords:305 - Element found...next
2024-08-07 13:22:48 INFO  Keywords:301 - Waiting for webElement...primaryinsured.birthcountry
2024-08-07 13:22:48 INFO  Keywords:305 - Element found...primaryinsured.birthcountry
2024-08-07 13:22:49 INFO  Keywords:301 - Waiting for webElement...primaryinsured.birthstate
2024-08-07 13:22:49 INFO  Keywords:305 - Element found...primaryinsured.birthstate
2024-08-07 13:22:49 INFO  Keywords:130 - InputText is called
2024-08-07 13:22:49 INFO  Keywords:301 - Waiting for webElement...primaryinsured.birthcity
2024-08-07 13:22:59 INFO  Keywords:141 - ClickOnLink is called
2024-08-07 13:22:59 INFO  Keywords:301 - Waiting for webElement...next
2024-08-07 13:22:59 INFO  Keywords:305 - Element found...next
2024-08-07 13:23:18 INFO  Keywords:141 - ClickOnLink is called
2024-08-07 13:23:18 INFO  Keywords:301 - Waiting for webElement...next
2024-08-07 13:23:18 INFO  Keywords:305 - Element found...next
2024-08-07 13:23:37 INFO  Keywords:301 - Waiting for webElement...financialDetails.SourceOfFundsLI
2024-08-07 13:23:37 INFO  Keywords:305 - Element found...financialDetails.SourceOfFundsLI
2024-08-07 13:23:37 INFO  Keywords:301 - Waiting for webElement...financialDetails.SurrenderChargeSOFLI
2024-08-07 13:23:37 INFO  Keywords:305 - Element found...financialDetails.SurrenderChargeSOFLI
2024-08-07 13:23:37 INFO  Keywords:301 - Waiting for webElement...financialDetails.envisiontaking
2024-08-07 13:23:37 INFO  Keywords:305 - Element found...financialDetails.envisiontaking
2024-08-07 13:23:38 INFO  Keywords:301 - Waiting for webElement...financialDetails.federalfaxbracket
2024-08-07 13:23:38 INFO  Keywords:305 - Element found...financialDetails.federalfaxbracket
2024-08-07 13:23:38 INFO  Keywords:301 - Waiting for webElement...financialDetails.riskTolerance
2024-08-07 13:23:38 INFO  Keywords:305 - Element found...financialDetails.riskTolerance
2024-08-07 13:23:38 INFO  Keywords:301 - Waiting for webElement...financialDetails.Investmentobjectives
2024-08-07 13:23:38 INFO  Keywords:305 - Element found...financialDetails.Investmentobjectives
2024-08-07 13:23:38 INFO  Keywords:301 - Waiting for webElement...financialDetails.timehorizon
2024-08-07 13:23:38 INFO  Keywords:305 - Element found...financialDetails.timehorizon
2024-08-07 13:23:39 INFO  Keywords:301 - Waiting for webElement...financialDetails.investmentexperienceFA
2024-08-07 13:23:39 INFO  Keywords:305 - Element found...financialDetails.investmentexperienceFA
2024-08-07 13:23:39 INFO  Keywords:130 - InputText is called
2024-08-07 13:23:39 INFO  Keywords:301 - Waiting for webElement...financialDetails.investmentstartyear
2024-08-07 13:23:39 INFO  Keywords:305 - Element found...financialDetails.investmentstartyear
2024-08-07 13:23:39 INFO  Keywords:130 - InputText is called
2024-08-07 13:23:39 INFO  Keywords:301 - Waiting for webElement...financialdetails.wages
2024-08-07 13:23:39 INFO  Keywords:305 - Element found...financialdetails.wages
2024-08-07 13:23:39 INFO  Keywords:130 - InputText is called
2024-08-07 13:23:39 INFO  Keywords:301 - Waiting for webElement...financialdetails.livingexpenses
2024-08-07 13:23:39 INFO  Keywords:305 - Element found...financialdetails.livingexpenses
2024-08-07 13:23:39 INFO  Keywords:130 - InputText is called
2024-08-07 13:23:39 INFO  Keywords:301 - Waiting for webElement...financialdetails.personalinvestment
2024-08-07 13:23:39 INFO  Keywords:305 - Element found...financialdetails.personalinvestment
2024-08-07 13:23:39 INFO  Keywords:130 - InputText is called
2024-08-07 13:23:39 INFO  Keywords:301 - Waiting for webElement...financialdetails.fixeddebtexpenses
2024-08-07 13:23:39 INFO  Keywords:305 - Element found...financialdetails.fixeddebtexpenses
2024-08-07 13:23:39 INFO  Keywords:130 - InputText is called
2024-08-07 13:23:39 INFO  Keywords:301 - Waiting for webElement...financialdetails.rentalincome
2024-08-07 13:23:39 INFO  Keywords:305 - Element found...financialdetails.rentalincome
2024-08-07 13:23:39 INFO  Keywords:130 - InputText is called
2024-08-07 13:23:39 INFO  Keywords:301 - Waiting for webElement...financialdetails.variabledebtexpenses
2024-08-07 13:23:39 INFO  Keywords:305 - Element found...financialdetails.variabledebtexpenses
2024-08-07 13:23:39 INFO  Keywords:130 - InputText is called
2024-08-07 13:23:39 INFO  Keywords:301 - Waiting for webElement...financialdetails.incomepension
2024-08-07 13:23:39 INFO  Keywords:305 - Element found...financialdetails.incomepension
2024-08-07 13:23:39 INFO  Keywords:130 - InputText is called
2024-08-07 13:23:39 INFO  Keywords:301 - Waiting for webElement...financialdetails.discretionaryexpenses
2024-08-07 13:23:39 INFO  Keywords:305 - Element found...financialdetails.discretionaryexpenses
2024-08-07 13:23:39 INFO  Keywords:130 - InputText is called
2024-08-07 13:23:39 INFO  Keywords:301 - Waiting for webElement...financialdetails.socialsecurityincome
2024-08-07 13:23:39 INFO  Keywords:305 - Element found...financialdetails.socialsecurityincome
2024-08-07 13:23:39 INFO  Keywords:130 - InputText is called
2024-08-07 13:23:39 INFO  Keywords:301 - Waiting for webElement...financialdetails.otherincome
2024-08-07 13:23:39 INFO  Keywords:305 - Element found...financialdetails.otherincome
2024-08-07 13:23:39 INFO  Keywords:130 - InputText is called
2024-08-07 13:23:39 INFO  Keywords:301 - Waiting for webElement...financialdetails.bonds
2024-08-07 13:23:39 INFO  Keywords:305 - Element found...financialdetails.bonds
2024-08-07 13:23:39 INFO  Keywords:130 - InputText is called
2024-08-07 13:23:39 INFO  Keywords:301 - Waiting for webElement...financialdetails.businessTrustRealstate
2024-08-07 13:23:39 INFO  Keywords:305 - Element found...financialdetails.businessTrustRealstate
2024-08-07 13:23:39 INFO  Keywords:130 - InputText is called
2024-08-07 13:23:39 INFO  Keywords:301 - Waiting for webElement...financialdetails.retirementplan
2024-08-07 13:23:39 INFO  Keywords:305 - Element found...financialdetails.retirementplan
2024-08-07 13:23:39 INFO  Keywords:130 - InputText is called
2024-08-07 13:23:39 INFO  Keywords:301 - Waiting for webElement...financialdetails.equities
2024-08-07 13:23:39 INFO  Keywords:305 - Element found...financialdetails.equities
2024-08-07 13:23:39 INFO  Keywords:130 - InputText is called
2024-08-07 13:23:39 INFO  Keywords:301 - Waiting for webElement...financialdetails.facevalueilfeinsurance
2024-08-07 13:23:39 INFO  Keywords:305 - Element found...financialdetails.facevalueilfeinsurance
2024-08-07 13:23:39 INFO  Keywords:130 - InputText is called
2024-08-07 13:23:39 INFO  Keywords:301 - Waiting for webElement...financialdetails.fixedannuity
2024-08-07 13:23:39 INFO  Keywords:305 - Element found...financialdetails.fixedannuity
2024-08-07 13:23:39 INFO  Keywords:130 - InputText is called
2024-08-07 13:23:39 INFO  Keywords:301 - Waiting for webElement...financialdetails.indexannuity
2024-08-07 13:23:39 INFO  Keywords:305 - Element found...financialdetails.indexannuity
2024-08-07 13:23:39 INFO  Keywords:130 - InputText is called
2024-08-07 13:23:39 INFO  Keywords:301 - Waiting for webElement...financialdetails.liquidnetworth
2024-08-07 13:23:39 INFO  Keywords:305 - Element found...financialdetails.liquidnetworth
2024-08-07 13:23:39 INFO  Keywords:130 - InputText is called
2024-08-07 13:23:39 INFO  Keywords:301 - Waiting for webElement...financialdetails.mutualfund
2024-08-07 13:23:39 INFO  Keywords:305 - Element found...financialdetails.mutualfund
2024-08-07 13:23:39 INFO  Keywords:130 - InputText is called
2024-08-07 13:23:39 INFO  Keywords:301 - Waiting for webElement...financialdetails.otherbrokerage
2024-08-07 13:23:39 INFO  Keywords:305 - Element found...financialdetails.otherbrokerage
2024-08-07 13:23:39 INFO  Keywords:130 - InputText is called
2024-08-07 13:23:39 INFO  Keywords:301 - Waiting for webElement...financialdetails.policypremium
2024-08-07 13:23:39 INFO  Keywords:305 - Element found...financialdetails.policypremium
2024-08-07 13:23:39 INFO  Keywords:130 - InputText is called
2024-08-07 13:23:39 INFO  Keywords:301 - Waiting for webElement...financialdetails.variableannuity
2024-08-07 13:23:40 INFO  Keywords:305 - Element found...financialdetails.variableannuity
2024-08-07 13:23:40 INFO  Keywords:130 - InputText is called
2024-08-07 13:23:40 INFO  Keywords:301 - Waiting for webElement...financialdetails.totalpremium
2024-08-07 13:23:40 INFO  Keywords:305 - Element found...financialdetails.totalpremium
2024-08-07 13:23:40 INFO  Keywords:301 - Waiting for webElement...financialdetails.anticipatedchanges
2024-08-07 13:23:40 INFO  Keywords:305 - Element found...financialdetails.anticipatedchanges
2024-08-07 13:23:40 INFO  Keywords:301 - Waiting for webElement...financialdetails.nonguaranteedelement
2024-08-07 13:23:40 INFO  Keywords:305 - Element found...financialdetails.nonguaranteedelement
2024-08-07 13:23:40 INFO  Keywords:301 - Waiting for webElement...financialdetails.reversemortgage
2024-08-07 13:23:40 INFO  Keywords:305 - Element found...financialdetails.reversemortgage
2024-08-07 13:23:40 INFO  Keywords:141 - ClickOnLink is called
2024-08-07 13:23:40 INFO  Keywords:301 - Waiting for webElement...next
2024-08-07 13:23:40 INFO  Keywords:305 - Element found...next
2024-08-07 13:23:59 INFO  Keywords:301 - Waiting for webElement...payment.modal
2024-08-07 13:23:59 INFO  Keywords:305 - Element found...payment.modal
2024-08-07 13:24:15 INFO  Keywords:301 - Waiting for webElement...payment.method
2024-08-07 13:24:15 INFO  Keywords:305 - Element found...payment.method
2024-08-07 13:24:15 INFO  Keywords:130 - InputText is called
2024-08-07 13:24:15 INFO  Keywords:301 - Waiting for webElement...payment.premium
2024-08-07 13:24:15 INFO  Keywords:305 - Element found...payment.premium
2024-08-07 13:24:15 INFO  Keywords:141 - ClickOnLink is called
2024-08-07 13:24:15 INFO  Keywords:301 - Waiting for webElement...next
2024-08-07 13:24:15 INFO  Keywords:305 - Element found...next
2024-08-07 13:24:34 INFO  Keywords:301 - Waiting for webElement...existinginsurance.borrowingfunds
2024-08-07 13:24:34 INFO  Keywords:305 - Element found...existinginsurance.borrowingfunds
2024-08-07 13:24:35 INFO  Keywords:301 - Waiting for webElement...existinginsurance.terminatingexistinglifepolicy
2024-08-07 13:24:35 INFO  Keywords:305 - Element found...existinginsurance.terminatingexistinglifepolicy
2024-08-07 13:24:35 INFO  Keywords:301 - Waiting for webElement...existinginsurance.longtermcoverage
2024-08-07 13:24:35 INFO  Keywords:305 - Element found...existinginsurance.longtermcoverage
2024-08-07 13:24:36 INFO  Keywords:301 - Waiting for webElement...existanceterminating.InsuranceCompanyName
2024-08-07 13:24:36 INFO  Keywords:305 - Element found...existanceterminating.InsuranceCompanyName
2024-08-07 13:24:36 INFO  Keywords:130 - InputText is called
2024-08-07 13:24:36 INFO  Keywords:301 - Waiting for webElement...existanceterminating.ProductName
2024-08-07 13:24:36 INFO  Keywords:305 - Element found...existanceterminating.ProductName
2024-08-07 13:24:36 INFO  Keywords:130 - InputText is called
2024-08-07 13:24:36 INFO  Keywords:301 - Waiting for webElement...existanceterminating.Insured
2024-08-07 13:24:36 INFO  Keywords:305 - Element found...existanceterminating.Insured
2024-08-07 13:24:36 INFO  Keywords:301 - Waiting for webElement...existanceterminating.InsuredAnnuitant
2024-08-07 13:24:36 INFO  Keywords:305 - Element found...existanceterminating.InsuredAnnuitant
2024-08-07 13:24:36 INFO  Keywords:130 - InputText is called
2024-08-07 13:24:36 INFO  Keywords:301 - Waiting for webElement...existanceterminating.InsuredAnnuitantDOB
2024-08-07 13:24:36 INFO  Keywords:301 - Waiting for webElement...existanceterminating.NumberOfInsured
2024-08-07 13:24:36 INFO  Keywords:130 - InputText is called
2024-08-07 13:24:36 INFO  Keywords:301 - Waiting for webElement...existanceterminating.Owner
2024-08-07 13:24:36 INFO  Keywords:305 - Element found...existanceterminating.Owner
2024-08-07 13:24:36 INFO  Keywords:130 - InputText is called
2024-08-07 13:24:36 INFO  Keywords:301 - Waiting for webElement...existanceterminating.DateIssued
2024-08-07 13:24:36 INFO  Keywords:305 - Element found...existanceterminating.DateIssued
2024-08-07 13:24:37 INFO  Keywords:130 - InputText is called
2024-08-07 13:24:37 INFO  Keywords:301 - Waiting for webElement...existanceterminating.AmountOfInsurance
2024-08-07 13:24:37 INFO  Keywords:305 - Element found...existanceterminating.AmountOfInsurance
2024-08-07 13:24:37 INFO  Keywords:301 - Waiting for webElement...existanceterminating.ExistingInsuranceType
2024-08-07 13:24:37 INFO  Keywords:305 - Element found...existanceterminating.ExistingInsuranceType
2024-08-07 13:24:37 INFO  Keywords:301 - Waiting for webElement...existanceterminating.ProductType
2024-08-07 13:24:37 INFO  Keywords:305 - Element found...existanceterminating.ProductType
2024-08-07 13:24:37 INFO  Keywords:301 - Waiting for webElement...existanceterminating.LifeProductType
2024-08-07 13:24:37 INFO  Keywords:305 - Element found...existanceterminating.LifeProductType
2024-08-07 13:24:37 INFO  Keywords:130 - InputText is called
2024-08-07 13:24:37 INFO  Keywords:301 - Waiting for webElement...existanceterminating.PolicyNo
2024-08-07 13:24:37 INFO  Keywords:305 - Element found...existanceterminating.PolicyNo
2024-08-07 13:24:37 INFO  Keywords:301 - Waiting for webElement...existanceterminating.PurposeOfPolicy
2024-08-07 13:24:37 INFO  Keywords:305 - Element found...existanceterminating.PurposeOfPolicy
2024-08-07 13:24:37 INFO  Keywords:130 - InputText is called
2024-08-07 13:24:37 INFO  Keywords:301 - Waiting for webElement...existance.FaceAmtRiders
2024-08-07 13:25:28 INFO  Keywords:301 - Waiting for webElement...existanceterminating.FundsNewPolicy
2024-08-07 13:25:28 INFO  Keywords:305 - Element found...existanceterminating.FundsNewPolicy
2024-08-07 13:25:28 INFO  Keywords:301 - Waiting for webElement...existanceterminating.ReplacingNewPolicy
2024-08-07 13:25:28 INFO  Keywords:305 - Element found...existanceterminating.ReplacingNewPolicy
2024-08-07 13:25:28 INFO  Keywords:301 - Waiting for webElement...existance.suvivorship
2024-08-07 13:25:28 INFO  Keywords:305 - Element found...existance.suvivorship
2024-08-07 13:25:28 INFO  Keywords:301 - Waiting for webElement...existnace.soldSettled
2024-08-07 13:25:28 INFO  Keywords:305 - Element found...existnace.soldSettled
2024-08-07 13:25:28 INFO  Keywords:301 - Waiting for webElement...existanceterminating.ReplacementThType
2024-08-07 13:26:18 INFO  Keywords:301 - Waiting for webElement...existanceterminating.1035ThExchange
2024-08-07 13:27:09 INFO  Keywords:130 - InputText is called
2024-08-07 13:27:09 INFO  Keywords:301 - Waiting for webElement...existing.OwnerSSN
2024-08-07 13:27:59 INFO  Keywords:301 - Waiting for webElement...existing.loanPolicy
2024-08-07 13:28:00 INFO  Keywords:301 - Waiting for webElement...existing.Transfer
2024-08-07 13:28:50 INFO  Keywords:130 - InputText is called
2024-08-07 13:28:50 INFO  Keywords:301 - Waiting for webElement...existanceterminating.ReasonReplacement
2024-08-07 13:29:40 INFO  Keywords:130 - InputText is called
2024-08-07 13:29:40 INFO  Keywords:301 - Waiting for webElement...existanceterminating.NoOfPolicy
2024-08-07 13:30:31 INFO  Keywords:130 - InputText is called
2024-08-07 13:30:31 INFO  Keywords:301 - Waiting for webElement...existanceterminating.PremiumPayment
2024-08-07 13:31:21 INFO  Keywords:130 - InputText is called
2024-08-07 13:31:21 INFO  Keywords:301 - Waiting for webElement...existanceterminating.FrequencyPremium
2024-08-07 13:32:12 INFO  Keywords:130 - InputText is called
2024-08-07 13:32:12 INFO  Keywords:301 - Waiting for webElement...existanceterminating.AmountBeingExchanged
2024-08-07 13:33:02 INFO  Keywords:130 - InputText is called
2024-08-07 13:33:02 INFO  Keywords:301 - Waiting for webElement...existanceterminating.SurrenderCharge
2024-08-07 13:33:53 INFO  Keywords:130 - InputText is called
2024-08-07 13:33:53 INFO  Keywords:301 - Waiting for webElement...existanceterminating.DeathBenefit
2024-08-07 13:34:43 INFO  Keywords:130 - InputText is called
2024-08-07 13:34:43 INFO  Keywords:301 - Waiting for webElement...existanceterminating.SpecialFeatures
2024-08-07 13:35:33 INFO  Keywords:301 - Waiting for webElement...existance.WillReplaceCoverage
2024-08-07 13:35:33 INFO  Keywords:305 - Element found...existance.WillReplaceCoverage
2024-08-07 13:35:34 INFO  Keywords:301 - Waiting for webElement...existinginsurance.longtermpolicyYes
2024-08-07 13:35:34 INFO  Keywords:305 - Element found...existinginsurance.longtermpolicyYes
2024-08-07 13:35:34 INFO  Keywords:130 - InputText is called
2024-08-07 13:35:34 INFO  Keywords:301 - Waiting for webElement...existinglongtermpolicy.InsuranceName
2024-08-07 13:35:34 INFO  Keywords:305 - Element found...existinglongtermpolicy.InsuranceName
2024-08-07 13:35:34 INFO  Keywords:130 - InputText is called
2024-08-07 13:35:34 INFO  Keywords:301 - Waiting for webElement...existinglongtermpolicy.policyCertificateNumber
2024-08-07 13:35:34 INFO  Keywords:305 - Element found...existinglongtermpolicy.policyCertificateNumber
2024-08-07 13:35:34 INFO  Keywords:130 - InputText is called
2024-08-07 13:35:34 INFO  Keywords:301 - Waiting for webElement...existinglongtermpolicy.ProductName
2024-08-07 13:35:34 INFO  Keywords:305 - Element found...existinglongtermpolicy.ProductName
2024-08-07 13:35:34 INFO  Keywords:301 - Waiting for webElement...existinglongtermpolicy.ProductType
2024-08-07 13:35:34 INFO  Keywords:305 - Element found...existinglongtermpolicy.ProductType
2024-08-07 13:35:34 INFO  Keywords:130 - InputText is called
2024-08-07 13:35:34 INFO  Keywords:301 - Waiting for webElement...existinglongtermpolicy.Insured
2024-08-07 13:35:34 INFO  Keywords:305 - Element found...existinglongtermpolicy.Insured
2024-08-07 13:35:34 INFO  Keywords:130 - InputText is called
2024-08-07 13:35:34 INFO  Keywords:301 - Waiting for webElement...existinglongtermpolicy.Owner
2024-08-07 13:35:34 INFO  Keywords:305 - Element found...existinglongtermpolicy.Owner
2024-08-07 13:35:34 INFO  Keywords:130 - InputText is called
2024-08-07 13:35:34 INFO  Keywords:301 - Waiting for webElement...existinglongtermpolicy.DailyBenefit
2024-08-07 13:35:34 INFO  Keywords:305 - Element found...existinglongtermpolicy.DailyBenefit
2024-08-07 13:35:34 INFO  Keywords:130 - InputText is called
2024-08-07 13:35:34 INFO  Keywords:301 - Waiting for webElement...existinglongtermpolicy.AmountOfInsurance
2024-08-07 13:35:34 INFO  Keywords:305 - Element found...existinglongtermpolicy.AmountOfInsurance
2024-08-07 13:35:34 INFO  Keywords:130 - InputText is called
2024-08-07 13:35:34 INFO  Keywords:301 - Waiting for webElement...existinglongtermpolicy.benefitAmount
2024-08-07 13:35:34 INFO  Keywords:305 - Element found...existinglongtermpolicy.benefitAmount
2024-08-07 13:35:34 INFO  Keywords:130 - InputText is called
2024-08-07 13:35:34 INFO  Keywords:301 - Waiting for webElement...existinglongtermpolicy.benefitPeriod
2024-08-07 13:35:34 INFO  Keywords:305 - Element found...existinglongtermpolicy.benefitPeriod
2024-08-07 13:35:34 INFO  Keywords:301 - Waiting for webElement...existinginsurance.longterminsuranceYes
2024-08-07 13:35:34 INFO  Keywords:305 - Element found...existinginsurance.longterminsuranceYes
2024-08-07 13:35:35 INFO  Keywords:130 - InputText is called
2024-08-07 13:35:35 INFO  Keywords:301 - Waiting for webElement...existinglongterminsurance.InsuranceCompany
2024-08-07 13:35:35 INFO  Keywords:305 - Element found...existinglongterminsurance.InsuranceCompany
2024-08-07 13:35:35 INFO  Keywords:130 - InputText is called
2024-08-07 13:35:35 INFO  Keywords:301 - Waiting for webElement...existinglongterminsurance.Certificate
2024-08-07 13:35:35 INFO  Keywords:305 - Element found...existinglongterminsurance.Certificate
2024-08-07 13:35:35 INFO  Keywords:130 - InputText is called
2024-08-07 13:35:35 INFO  Keywords:301 - Waiting for webElement...existinglongterminsurance.LTCBenefit
2024-08-07 13:35:35 INFO  Keywords:305 - Element found...existinglongterminsurance.LTCBenefit
2024-08-07 13:35:35 INFO  Keywords:130 - InputText is called
2024-08-07 13:35:35 INFO  Keywords:301 - Waiting for webElement...existinglongterminsurance.IssueDate
2024-08-07 13:35:35 INFO  Keywords:305 - Element found...existinglongterminsurance.IssueDate
2024-08-07 13:35:35 INFO  Keywords:130 - InputText is called
2024-08-07 13:35:35 INFO  Keywords:301 - Waiting for webElement...existinglongterminsurance.LapseDate
2024-08-07 13:35:35 INFO  Keywords:305 - Element found...existinglongterminsurance.LapseDate
2024-08-07 13:35:35 INFO  Keywords:301 - Waiting for webElement...existance.AgentReadNotice
2024-08-07 13:36:25 INFO  Keywords:141 - ClickOnLink is called
2024-08-07 13:36:25 INFO  Keywords:301 - Waiting for webElement...next
2024-08-07 13:36:25 INFO  Keywords:305 - Element found...next
2024-08-07 13:36:44 INFO  Keywords:301 - Waiting for webElement...AgentCertify
2024-08-07 13:36:44 INFO  Keywords:305 - Element found...AgentCertify
2024-08-07 13:36:44 INFO  Keywords:141 - ClickOnLink is called
2024-08-07 13:36:44 INFO  Keywords:301 - Waiting for webElement...next
2024-08-07 13:36:44 INFO  Keywords:305 - Element found...next
2024-08-07 13:37:03 INFO  Keywords:130 - InputText is called
2024-08-07 13:37:03 INFO  Keywords:301 - Waiting for webElement...additionalclientquestion.q1
2024-08-07 13:37:03 INFO  Keywords:305 - Element found...additionalclientquestion.q1
2024-08-07 13:37:03 INFO  Keywords:130 - InputText is called
2024-08-07 13:37:03 INFO  Keywords:301 - Waiting for webElement...additionalclientquestion.q2
2024-08-07 13:37:03 INFO  Keywords:305 - Element found...additionalclientquestion.q2
2024-08-07 13:37:03 INFO  Keywords:130 - InputText is called
2024-08-07 13:37:03 INFO  Keywords:301 - Waiting for webElement...additionalclientquestion.q3
2024-08-07 13:37:03 INFO  Keywords:305 - Element found...additionalclientquestion.q3
2024-08-07 13:37:03 INFO  Keywords:130 - InputText is called
2024-08-07 13:37:03 INFO  Keywords:301 - Waiting for webElement...additionalclientquestion.q4
2024-08-07 13:37:54 INFO  Keywords:130 - InputText is called
2024-08-07 13:37:54 INFO  Keywords:301 - Waiting for webElement...additionalclientquestion.q5
2024-08-07 13:38:44 INFO  Keywords:506 - GetText is called
2024-08-07 13:38:44 INFO  Keywords:301 - Waiting for webElement...ebixTxnID
2024-08-07 13:38:44 INFO  Keywords:305 - Element found...ebixTxnID
2024-08-07 13:38:44 INFO  Keywords:510 - LinkId: 534252
2024-08-07 13:38:44 INFO  Keywords:554 - LinkId: 534252
2024-08-07 13:38:44 INFO  Keywords:506 - GetText is called
2024-08-07 13:38:44 INFO  Keywords:301 - Waiting for webElement...ebixTxnID
2024-08-07 13:38:44 INFO  Keywords:305 - Element found...ebixTxnID
2024-08-07 13:38:44 INFO  Keywords:510 - LinkId: 534252
2024-08-07 13:38:44 INFO  Keywords:141 - ClickOnLink is called
2024-08-07 13:38:44 INFO  Keywords:301 - Waiting for webElement...next
2024-08-07 13:38:44 INFO  Keywords:305 - Element found...next
2024-08-07 13:38:47 INFO  Keywords:301 - Waiting for webElement...AnnuitiesCompany
2024-08-07 13:38:47 INFO  Keywords:305 - Element found...AnnuitiesCompany
2024-08-07 13:38:47 INFO  Keywords:301 - Waiting for webElement...InsuranceReplace
2024-08-07 13:38:47 INFO  Keywords:305 - Element found...InsuranceReplace
2024-08-07 13:38:48 INFO  Keywords:301 - Waiting for webElement...Carrier.ReplacingJH
2024-08-07 13:38:48 INFO  Keywords:305 - Element found...Carrier.ReplacingJH
2024-08-07 13:38:48 INFO  Keywords:301 - Waiting for webElement...Carrier.InterestIssue
2024-08-07 13:38:48 INFO  Keywords:305 - Element found...Carrier.InterestIssue
2024-08-07 13:38:48 INFO  Keywords:301 - Waiting for webElement...Carrier.EntityConnection
2024-08-07 13:38:48 INFO  Keywords:305 - Element found...Carrier.EntityConnection
2024-08-07 13:38:48 INFO  Keywords:130 - InputText is called
2024-08-07 13:38:48 INFO  Keywords:301 - Waiting for webElement...PremiumCollected
2024-08-07 13:38:48 INFO  Keywords:305 - Element found...PremiumCollected
2024-08-07 13:38:48 INFO  Keywords:301 - Waiting for webElement...ResultApplication
2024-08-07 13:38:49 INFO  Keywords:305 - Element found...ResultApplication
2024-08-07 13:38:49 INFO  Keywords:130 - InputText is called
2024-08-07 13:38:49 INFO  Keywords:301 - Waiting for webElement...ResultGiveDetails
2024-08-07 13:38:49 INFO  Keywords:305 - Element found...ResultGiveDetails
2024-08-07 13:38:49 INFO  Keywords:301 - Waiting for webElement...PolicySettlement
2024-08-07 13:38:49 INFO  Keywords:305 - Element found...PolicySettlement
2024-08-07 13:38:49 INFO  Keywords:301 - Waiting for webElement...PremiumLoans
2024-08-07 13:38:49 INFO  Keywords:305 - Element found...PremiumLoans
2024-08-07 13:38:49 INFO  Keywords:301 - Waiting for webElement...EvaluatingFinancing
2024-08-07 13:38:49 INFO  Keywords:305 - Element found...EvaluatingFinancing
2024-08-07 13:38:49 INFO  Keywords:301 - Waiting for webElement...PersonallyInsured
2024-08-07 13:38:49 INFO  Keywords:305 - Element found...PersonallyInsured
2024-08-07 13:38:50 INFO  Keywords:301 - Waiting for webElement...PolicyProposedInsured
2024-08-07 13:38:50 INFO  Keywords:305 - Element found...PolicyProposedInsured
2024-08-07 13:38:50 INFO  Keywords:301 - Waiting for webElement...ProposedInsuredWritten
2024-08-07 13:39:40 INFO  Keywords:301 - Waiting for webElement...ConsentRelationshipTerminates
2024-08-07 13:40:30 INFO  Keywords:130 - InputText is called
2024-08-07 13:40:30 INFO  Keywords:301 - Waiting for webElement...HealthPoliciesForce
2024-08-07 13:40:31 INFO  Keywords:305 - Element found...HealthPoliciesForce
2024-08-07 13:40:31 INFO  Keywords:130 - InputText is called
2024-08-07 13:40:31 INFO  Keywords:301 - Waiting for webElement...SoldForceHP
2024-08-07 13:40:31 INFO  Keywords:305 - Element found...SoldForceHP
2024-08-07 13:40:31 INFO  Keywords:130 - InputText is called
2024-08-07 13:40:31 INFO  Keywords:301 - Waiting for webElement...NameWholeSaler
2024-08-07 13:40:31 INFO  Keywords:305 - Element found...NameWholeSaler
2024-08-07 13:40:31 INFO  Keywords:130 - InputText is called
2024-08-07 13:40:31 INFO  Keywords:301 - Waiting for webElement...ExistingReplacedCarier
2024-08-07 13:41:21 INFO  Keywords:301 - Waiting for webElement...Carrier.LPA
2024-08-07 13:41:21 INFO  Keywords:305 - Element found...Carrier.LPA
2024-08-07 13:41:31 INFO  Keywords:130 - InputText is called
2024-08-07 13:41:31 INFO  Keywords:301 - Waiting for webElement...Carrier.CuurentSurrenderValue
2024-08-07 13:41:31 INFO  Keywords:305 - Element found...Carrier.CuurentSurrenderValue
2024-08-07 13:41:31 INFO  Keywords:301 - Waiting for webElement...Carrier.ArmedReserves
2024-08-07 13:41:31 INFO  Keywords:305 - Element found...Carrier.ArmedReserves
2024-08-07 13:41:31 INFO  Keywords:301 - Waiting for webElement...Carrier.CriticalIllness
2024-08-07 13:41:31 INFO  Keywords:305 - Element found...Carrier.CriticalIllness
2024-08-07 13:41:31 INFO  Keywords:301 - Waiting for webElement...Carrier.DateApplication
2024-08-07 13:41:31 INFO  Keywords:305 - Element found...Carrier.DateApplication
2024-08-07 13:41:31 INFO  Keywords:301 - Waiting for webElement...Carrier.SignedIllustration
2024-08-07 13:41:31 INFO  Keywords:305 - Element found...Carrier.SignedIllustration
2024-08-07 13:41:32 INFO  Keywords:301 - Waiting for webElement...Carrier.PolicyDelivered
2024-08-07 13:41:32 INFO  Keywords:305 - Element found...Carrier.PolicyDelivered
2024-08-07 13:41:42 INFO  Keywords:301 - Waiting for webElement...Carrier.InsuranceCoverage
2024-08-07 13:41:42 INFO  Keywords:305 - Element found...Carrier.InsuranceCoverage
2024-08-07 13:41:42 INFO  Keywords:130 - InputText is called
2024-08-07 13:41:42 INFO  Keywords:301 - Waiting for webElement...Carrier.AcceptPlan
2024-08-07 13:41:42 INFO  Keywords:305 - Element found...Carrier.AcceptPlan
2024-08-07 13:41:42 INFO  Keywords:301 - Waiting for webElement...Carrier.PremiumPaymentSrc
2024-08-07 13:41:42 INFO  Keywords:305 - Element found...Carrier.PremiumPaymentSrc
2024-08-07 13:41:42 INFO  Keywords:301 - Waiting for webElement...Carrier.CriticalIllness
2024-08-07 13:41:42 INFO  Keywords:305 - Element found...Carrier.CriticalIllness
2024-08-07 13:41:42 INFO  Keywords:141 - ClickOnLink is called
2024-08-07 13:41:42 INFO  Keywords:301 - Waiting for webElement...next
2024-08-07 13:41:42 INFO  Keywords:305 - Element found...next
2024-08-07 13:41:46 INFO  Keywords:130 - InputText is called
2024-08-07 13:41:46 INFO  Keywords:301 - Waiting for webElement...NBNameF
2024-08-07 13:41:46 INFO  Keywords:305 - Element found...NBNameF
2024-08-07 13:41:46 INFO  Keywords:130 - InputText is called
2024-08-07 13:41:46 INFO  Keywords:301 - Waiting for webElement...NBNameL
2024-08-07 13:41:46 INFO  Keywords:305 - Element found...NBNameL
2024-08-07 13:41:46 INFO  Keywords:130 - InputText is called
2024-08-07 13:41:46 INFO  Keywords:301 - Waiting for webElement...NBPhoneW
2024-08-07 13:41:46 INFO  Keywords:305 - Element found...NBPhoneW
2024-08-07 13:41:46 INFO  Keywords:130 - InputText is called
2024-08-07 13:41:46 INFO  Keywords:301 - Waiting for webElement...NBEMail
2024-08-07 13:41:46 INFO  Keywords:305 - Element found...NBEMail
2024-08-07 13:41:47 INFO  Keywords:301 - Waiting for webElement...POSYES
2024-08-07 13:41:47 INFO  Keywords:305 - Element found...POSYES
2024-08-07 13:41:47 INFO  Keywords:130 - InputText is called
2024-08-07 13:41:47 INFO  Keywords:301 - Waiting for webElement...POSNAmeF
2024-08-07 13:42:38 INFO  Keywords:130 - InputText is called
2024-08-07 13:42:38 INFO  Keywords:301 - Waiting for webElement...POSNAmeL
2024-08-07 13:43:28 INFO  Keywords:130 - InputText is called
2024-08-07 13:43:28 INFO  Keywords:301 - Waiting for webElement...POSWork
2024-08-07 13:44:18 INFO  Keywords:130 - InputText is called
2024-08-07 13:44:18 INFO  Keywords:301 - Waiting for webElement...POSEmail
2024-08-07 13:45:25 INFO  Keywords:141 - ClickOnLink is called
2024-08-07 13:45:25 INFO  Keywords:301 - Waiting for webElement...validate.button
2024-08-07 13:46:07 INFO  Keywords:141 - ClickOnLink is called
2024-08-07 13:46:07 INFO  Keywords:301 - Waiting for webElement...notification.continue
2024-08-07 13:46:33 INFO  Keywords:141 - ClickOnLink is called
2024-08-07 13:46:33 INFO  Keywords:301 - Waiting for webElement...esignature.optout
2024-08-07 13:48:13 INFO  Keywords:153 - VerifyText is called
2024-08-07 13:48:13 INFO  Keywords:301 - Waiting for webElement...WebElement
2024-08-07 13:48:13 INFO  Keywords:141 - ClickOnLink is called
2024-08-07 13:48:13 INFO  Keywords:301 - Waiting for webElement...attachment
2024-08-07 13:48:13 INFO  Keywords:305 - Element found...attachment
2024-08-07 13:48:14 INFO  Keywords:301 - Waiting for webElement...attachment.documenttype
2024-08-07 13:48:15 INFO  Keywords:305 - Element found...attachment.documenttype
2024-08-07 13:48:15 INFO  Keywords:130 - InputText is called
2024-08-07 13:48:15 INFO  Keywords:301 - Waiting for webElement...attachment.choosefile
2024-08-07 13:48:15 INFO  Keywords:305 - Element found...attachment.choosefile
2024-08-07 13:48:15 INFO  Keywords:141 - ClickOnLink is called
2024-08-07 13:48:15 INFO  Keywords:301 - Waiting for webElement...attachment.upload
2024-08-07 13:48:15 INFO  Keywords:305 - Element found...attachment.upload
2024-08-07 13:48:33 INFO  Keywords:141 - ClickOnLink is called
2024-08-07 13:48:33 INFO  Keywords:301 - Waiting for webElement...RequestSignatures
2024-08-07 13:48:59 INFO  Keywords:301 - Waiting for webElement...attachment.documenttype
2024-08-07 13:48:59 INFO  Keywords:305 - Element found...attachment.documenttype
2024-08-07 13:48:59 INFO  Keywords:130 - InputText is called
2024-08-07 13:48:59 INFO  Keywords:301 - Waiting for webElement...attachment.choosefile
2024-08-07 13:48:59 INFO  Keywords:305 - Element found...attachment.choosefile
2024-08-07 13:48:59 INFO  Keywords:141 - ClickOnLink is called
2024-08-07 13:48:59 INFO  Keywords:301 - Waiting for webElement...attachment.upload
2024-08-07 13:48:59 INFO  Keywords:305 - Element found...attachment.upload
2024-08-07 13:49:15 INFO  Keywords:141 - ClickOnLink is called
2024-08-07 13:49:15 INFO  Keywords:301 - Waiting for webElement...SubmitButton
2024-08-07 13:50:55 INFO  Keywords:451 - switching to parent window...
2024-08-07 13:50:55 INFO  Keywords:104 - Navigate is called
2024-08-07 13:50:57 INFO  Keywords:520 - ClearText is called
2024-08-07 13:50:57 INFO  Keywords:301 - Waiting for webElement...gateway.username
2024-08-07 13:50:57 INFO  Keywords:305 - Element found...gateway.username
2024-08-07 13:50:57 INFO  Keywords:524 - LinkId: 534252
2024-08-07 13:50:57 INFO  Keywords:130 - InputText is called
2024-08-07 13:50:57 INFO  Keywords:301 - Waiting for webElement...gateway.username
2024-08-07 13:50:57 INFO  Keywords:305 - Element found...gateway.username
2024-08-07 13:50:57 INFO  Keywords:520 - ClearText is called
2024-08-07 13:50:57 INFO  Keywords:301 - Waiting for webElement...gateway.password
2024-08-07 13:50:57 INFO  Keywords:305 - Element found...gateway.password
2024-08-07 13:50:57 INFO  Keywords:524 - LinkId: 534252
2024-08-07 13:50:57 INFO  Keywords:130 - InputText is called
2024-08-07 13:50:57 INFO  Keywords:301 - Waiting for webElement...gateway.password
2024-08-07 13:50:57 INFO  Keywords:305 - Element found...gateway.password
2024-08-07 13:50:57 INFO  Keywords:141 - ClickOnLink is called
2024-08-07 13:50:57 INFO  Keywords:301 - Waiting for webElement...gateway.login
2024-08-07 13:50:57 INFO  Keywords:305 - Element found...gateway.login
2024-08-07 13:51:15 INFO  Keywords:141 - ClickOnLink is called
2024-08-07 13:51:15 INFO  Keywords:301 - Waiting for webElement...management
2024-08-07 13:51:15 INFO  Keywords:305 - Element found...management
2024-08-07 13:51:15 INFO  Keywords:301 - Waiting for webElement...managementTools
2024-08-07 13:51:15 INFO  Keywords:305 - Element found...managementTools
2024-08-07 13:51:16 INFO  Keywords:141 - ClickOnLink is called
2024-08-07 13:51:16 INFO  Keywords:301 - Waiting for webElement...feedManagement
2024-08-07 13:51:16 INFO  Keywords:305 - Element found...feedManagement
2024-08-07 13:51:32 INFO  Keywords:141 - ClickOnLink is called
2024-08-07 13:51:32 INFO  Keywords:301 - Waiting for webElement...searchPanel
2024-08-07 13:51:32 INFO  Keywords:305 - Element found...searchPanel
2024-08-07 13:51:32 INFO  Keywords:301 - Waiting for webElement...selectTransactionID
2024-08-07 13:51:32 INFO  Keywords:305 - Element found...selectTransactionID
2024-08-07 13:51:33 INFO  Keywords:130 - InputText is called
2024-08-07 13:51:33 INFO  Keywords:301 - Waiting for webElement...enterTransactioID
2024-08-07 13:51:33 INFO  Keywords:305 - Element found...enterTransactioID
2024-08-07 13:51:33 INFO  Keywords:141 - ClickOnLink is called
2024-08-07 13:51:33 INFO  Keywords:301 - Waiting for webElement...searchbutton
2024-08-07 13:51:33 INFO  Keywords:305 - Element found...searchbutton
2024-08-07 13:51:49 INFO  Keywords:141 - ClickOnLink is called
2024-08-07 13:51:49 INFO  Keywords:301 - Waiting for webElement...transactionSearchmyResult
2024-08-07 13:51:49 INFO  Keywords:305 - Element found...transactionSearchmyResult
2024-08-07 13:52:05 INFO  Keywords:141 - ClickOnLink is called
2024-08-07 13:52:05 INFO  Keywords:301 - Waiting for webElement...onenotThree
2024-08-07 13:52:05 INFO  Keywords:305 - Element found...onenotThree
2024-08-07 13:52:06 INFO  Keywords:301 - Waiting for webElement...103ResponseXML
2024-08-07 13:52:48 INFO  Keywords:451 - switching to parent window...
2024-08-07 13:52:48 INFO  Keywords:104 - Navigate is called
2024-08-07 13:52:48 INFO  Keywords:520 - ClearText is called
2024-08-07 13:52:48 INFO  Keywords:301 - Waiting for webElement...gateway.username
2024-08-07 13:52:48 INFO  Keywords:305 - Element found...gateway.username
2024-08-07 13:52:48 INFO  Keywords:524 - LinkId: 534252
2024-08-07 13:52:48 INFO  Keywords:130 - InputText is called
2024-08-07 13:52:48 INFO  Keywords:301 - Waiting for webElement...gateway.username
2024-08-07 13:52:48 INFO  Keywords:305 - Element found...gateway.username
2024-08-07 13:52:48 INFO  Keywords:520 - ClearText is called
2024-08-07 13:52:48 INFO  Keywords:301 - Waiting for webElement...gateway.password
2024-08-07 13:52:48 INFO  Keywords:305 - Element found...gateway.password
2024-08-07 13:52:48 INFO  Keywords:524 - LinkId: 534252
2024-08-07 13:52:48 INFO  Keywords:130 - InputText is called
2024-08-07 13:52:48 INFO  Keywords:301 - Waiting for webElement...gateway.password
2024-08-07 13:52:48 INFO  Keywords:305 - Element found...gateway.password
2024-08-07 13:52:48 INFO  Keywords:141 - ClickOnLink is called
2024-08-07 13:52:48 INFO  Keywords:301 - Waiting for webElement...gateway.login
2024-08-07 13:52:48 INFO  Keywords:305 - Element found...gateway.login
2024-08-07 13:53:05 INFO  Keywords:141 - ClickOnLink is called
2024-08-07 13:53:05 INFO  Keywords:301 - Waiting for webElement...management
2024-08-07 13:53:05 INFO  Keywords:305 - Element found...management
2024-08-07 13:53:05 INFO  Keywords:301 - Waiting for webElement...managementTools
2024-08-07 13:53:05 INFO  Keywords:305 - Element found...managementTools
2024-08-07 13:53:07 INFO  Keywords:141 - ClickOnLink is called
2024-08-07 13:53:07 INFO  Keywords:301 - Waiting for webElement...feedManagement
2024-08-07 13:53:07 INFO  Keywords:305 - Element found...feedManagement
2024-08-07 13:53:23 INFO  Keywords:141 - ClickOnLink is called
2024-08-07 13:53:23 INFO  Keywords:301 - Waiting for webElement...searchPanel
2024-08-07 13:53:23 INFO  Keywords:305 - Element found...searchPanel
2024-08-07 13:53:23 INFO  Keywords:301 - Waiting for webElement...selectTransactionID
2024-08-07 13:53:23 INFO  Keywords:305 - Element found...selectTransactionID
2024-08-07 13:53:23 INFO  Keywords:130 - InputText is called
2024-08-07 13:53:23 INFO  Keywords:301 - Waiting for webElement...enterTransactioID
2024-08-07 13:53:23 INFO  Keywords:305 - Element found...enterTransactioID
2024-08-07 13:53:23 INFO  Keywords:141 - ClickOnLink is called
2024-08-07 13:53:23 INFO  Keywords:301 - Waiting for webElement...searchbutton
2024-08-07 13:53:23 INFO  Keywords:305 - Element found...searchbutton
2024-08-07 13:53:40 INFO  Keywords:141 - ClickOnLink is called
2024-08-07 13:53:40 INFO  Keywords:301 - Waiting for webElement...transactionSearchmyResult
2024-08-07 13:53:40 INFO  Keywords:305 - Element found...transactionSearchmyResult
2024-08-07 13:53:56 INFO  Keywords:141 - ClickOnLink is called
2024-08-07 13:53:56 INFO  Keywords:301 - Waiting for webElement...RTSMButton
2024-08-07 13:53:56 INFO  Keywords:305 - Element found...RTSMButton
2024-08-07 13:53:56 INFO  Keywords:301 - Waiting for webElement...RTSMResponseXML
2024-08-07 13:54:46 INFO  Keywords:104 - Navigate is called
2024-08-07 13:54:48 INFO  Keywords:130 - InputText is called
2024-08-07 13:54:48 INFO  Keywords:301 - Waiting for webElement...gateway.username
2024-08-07 13:54:48 INFO  Keywords:305 - Element found...gateway.username
2024-08-07 13:54:48 INFO  Keywords:130 - InputText is called
2024-08-07 13:54:48 INFO  Keywords:301 - Waiting for webElement...gateway.password
2024-08-07 13:54:48 INFO  Keywords:305 - Element found...gateway.password
2024-08-07 13:54:48 INFO  Keywords:141 - ClickOnLink is called
2024-08-07 13:54:48 INFO  Keywords:301 - Waiting for webElement...gateway.login
2024-08-07 13:54:48 INFO  Keywords:305 - Element found...gateway.login
2024-08-07 13:55:30 INFO  Keywords:141 - ClickOnLink is called
2024-08-07 13:55:30 INFO  Keywords:301 - Waiting for webElement...postsamldata
2024-08-07 13:55:56 INFO  Keywords:141 - ClickOnLink is called
2024-08-07 13:55:56 INFO  Keywords:301 - Waiting for webElement...next
2024-08-07 13:56:23 INFO  Keywords:301 - Waiting for webElement...policyConfiguration.DeathBenefit
2024-08-07 13:56:33 INFO  Keywords:301 - Waiting for webElement...policyConfiguration.LTCOption
2024-08-07 13:56:43 INFO  Keywords:301 - Waiting for webElement...policyConfiguration.MonthPercentage
2024-08-07 13:56:53 INFO  Keywords:130 - InputText is called
2024-08-07 13:56:53 INFO  Keywords:301 - Waiting for webElement...policyConfiguration.ABPercentage
2024-08-07 13:57:03 INFO  Keywords:301 - Waiting for webElement...policyConfiguration.payors
2024-08-07 13:57:13 INFO  Keywords:301 - Waiting for webElement...policyConfiguration.purposeofpolicy
2024-08-07 13:57:23 INFO  Keywords:141 - ClickOnLink is called
2024-08-07 13:57:23 INFO  Keywords:301 - Waiting for webElement...next
2024-08-07 13:59:03 INFO  Keywords:301 - Waiting for webElement...primaryinsured.birthcountry
2024-08-07 13:59:13 INFO  Keywords:301 - Waiting for webElement...primaryinsured.birthstate
2024-08-07 13:59:23 INFO  Keywords:130 - InputText is called
2024-08-07 13:59:23 INFO  Keywords:301 - Waiting for webElement...primaryinsured.birthcity
2024-08-07 13:59:33 INFO  Keywords:141 - ClickOnLink is called
2024-08-07 13:59:33 INFO  Keywords:301 - Waiting for webElement...next
2024-08-07 13:59:59 INFO  Keywords:141 - ClickOnLink is called
2024-08-07 13:59:59 INFO  Keywords:301 - Waiting for webElement...next
2024-08-07 14:00:25 INFO  Keywords:301 - Waiting for webElement...financialDetails.SourceOfFundsLI
2024-08-07 14:00:35 INFO  Keywords:301 - Waiting for webElement...financialDetails.SurrenderChargeSOFLI
2024-08-07 14:00:45 INFO  Keywords:301 - Waiting for webElement...financialDetails.envisiontaking
2024-08-07 14:00:55 INFO  Keywords:301 - Waiting for webElement...financialDetails.federalfaxbracket
2024-08-07 14:01:06 INFO  Keywords:301 - Waiting for webElement...financialDetails.riskTolerance
2024-08-07 14:01:16 INFO  Keywords:301 - Waiting for webElement...financialDetails.Investmentobjectives
2024-08-07 14:01:26 INFO  Keywords:301 - Waiting for webElement...financialDetails.timehorizon
2024-08-07 14:01:36 INFO  Keywords:301 - Waiting for webElement...financialDetails.investmentexperienceFA
2024-08-07 14:01:46 INFO  Keywords:130 - InputText is called
2024-08-07 14:01:46 INFO  Keywords:301 - Waiting for webElement...financialDetails.investmentstartyear
2024-08-07 14:01:56 INFO  Keywords:130 - InputText is called
2024-08-07 14:01:56 INFO  Keywords:301 - Waiting for webElement...financialdetails.wages
2024-08-07 14:02:06 INFO  Keywords:130 - InputText is called
2024-08-07 14:02:06 INFO  Keywords:301 - Waiting for webElement...financialdetails.livingexpenses
2024-08-07 14:02:16 INFO  Keywords:130 - InputText is called
2024-08-07 14:02:16 INFO  Keywords:301 - Waiting for webElement...financialdetails.personalinvestment
2024-08-07 14:02:26 INFO  Keywords:130 - InputText is called
2024-08-07 14:02:26 INFO  Keywords:301 - Waiting for webElement...financialdetails.fixeddebtexpenses
2024-08-07 14:02:36 INFO  Keywords:130 - InputText is called
2024-08-07 14:02:36 INFO  Keywords:301 - Waiting for webElement...financialdetails.rentalincome
2024-08-07 14:02:46 INFO  Keywords:130 - InputText is called
2024-08-07 14:02:46 INFO  Keywords:301 - Waiting for webElement...financialdetails.variabledebtexpenses
2024-08-07 14:02:56 INFO  Keywords:130 - InputText is called
2024-08-07 14:02:56 INFO  Keywords:301 - Waiting for webElement...financialdetails.incomepension
2024-08-07 14:03:06 INFO  Keywords:130 - InputText is called
2024-08-07 14:03:06 INFO  Keywords:301 - Waiting for webElement...financialdetails.discretionaryexpenses
2024-08-07 14:03:16 INFO  Keywords:130 - InputText is called
2024-08-07 14:03:16 INFO  Keywords:301 - Waiting for webElement...financialdetails.socialsecurityincome
2024-08-07 14:03:26 INFO  Keywords:130 - InputText is called
2024-08-07 14:03:26 INFO  Keywords:301 - Waiting for webElement...financialdetails.otherincome
2024-08-07 14:03:36 INFO  Keywords:130 - InputText is called
2024-08-07 14:03:36 INFO  Keywords:301 - Waiting for webElement...financialdetails.bonds
2024-08-07 14:03:46 INFO  Keywords:130 - InputText is called
2024-08-07 14:03:46 INFO  Keywords:301 - Waiting for webElement...financialdetails.businessTrustRealstate
2024-08-07 14:03:57 INFO  Keywords:130 - InputText is called
2024-08-07 14:03:57 INFO  Keywords:301 - Waiting for webElement...financialdetails.retirementplan
2024-08-07 14:04:07 INFO  Keywords:130 - InputText is called
2024-08-07 14:04:07 INFO  Keywords:301 - Waiting for webElement...financialdetails.equities
2024-08-07 14:04:17 INFO  Keywords:130 - InputText is called
2024-08-07 14:04:17 INFO  Keywords:301 - Waiting for webElement...financialdetails.facevalueilfeinsurance
2024-08-07 14:04:27 INFO  Keywords:130 - InputText is called
2024-08-07 14:04:27 INFO  Keywords:301 - Waiting for webElement...financialdetails.fixedannuity
2024-08-07 14:04:37 INFO  Keywords:130 - InputText is called
2024-08-07 14:04:37 INFO  Keywords:301 - Waiting for webElement...financialdetails.indexannuity
2024-08-07 14:04:47 INFO  Keywords:130 - InputText is called
2024-08-07 14:04:47 INFO  Keywords:301 - Waiting for webElement...financialdetails.liquidnetworth
2024-08-07 14:04:57 INFO  Keywords:130 - InputText is called
2024-08-07 14:04:57 INFO  Keywords:301 - Waiting for webElement...financialdetails.mutualfund
2024-08-07 14:05:07 INFO  Keywords:130 - InputText is called
2024-08-07 14:05:07 INFO  Keywords:301 - Waiting for webElement...financialdetails.otherbrokerage
2024-08-07 14:05:17 INFO  Keywords:130 - InputText is called
2024-08-07 14:05:17 INFO  Keywords:301 - Waiting for webElement...financialdetails.policypremium
2024-08-07 14:05:27 INFO  Keywords:130 - InputText is called
2024-08-07 14:05:27 INFO  Keywords:301 - Waiting for webElement...financialdetails.variableannuity
2024-08-07 14:05:37 INFO  Keywords:130 - InputText is called
2024-08-07 14:05:37 INFO  Keywords:301 - Waiting for webElement...financialdetails.totalpremium
2024-08-07 14:05:47 INFO  Keywords:301 - Waiting for webElement...financialdetails.anticipatedchanges
2024-08-07 14:05:57 INFO  Keywords:301 - Waiting for webElement...financialdetails.nonguaranteedelement
2024-08-07 14:06:07 INFO  Keywords:301 - Waiting for webElement...financialdetails.reversemortgage
2024-08-07 14:06:17 INFO  Keywords:141 - ClickOnLink is called
2024-08-07 14:06:17 INFO  Keywords:301 - Waiting for webElement...next
2024-08-07 14:06:43 INFO  Keywords:301 - Waiting for webElement...payment.modal
2024-08-07 14:07:09 INFO  Keywords:301 - Waiting for webElement...payment.method
2024-08-07 14:07:19 INFO  Keywords:130 - InputText is called
2024-08-07 14:07:19 INFO  Keywords:301 - Waiting for webElement...payment.premium
2024-08-07 14:07:30 INFO  Keywords:141 - ClickOnLink is called
2024-08-07 14:07:30 INFO  Keywords:301 - Waiting for webElement...next
2024-08-07 14:07:56 INFO  Keywords:301 - Waiting for webElement...existinginsurance.borrowingfunds
2024-08-07 14:08:06 INFO  Keywords:301 - Waiting for webElement...existinginsurance.terminatingexistinglifepolicy
2024-08-07 14:08:16 INFO  Keywords:301 - Waiting for webElement...existinginsurance.longtermcoverage
2024-08-07 14:08:26 INFO  Keywords:301 - Waiting for webElement...existanceterminating.InsuranceCompanyName
2024-08-07 14:08:36 INFO  Keywords:130 - InputText is called
2024-08-07 14:08:36 INFO  Keywords:301 - Waiting for webElement...existanceterminating.ProductName
2024-08-07 14:08:46 INFO  Keywords:130 - InputText is called
2024-08-07 14:08:46 INFO  Keywords:301 - Waiting for webElement...existanceterminating.Insured
2024-08-07 14:08:56 INFO  Keywords:301 - Waiting for webElement...existanceterminating.InsuredAnnuitant
2024-08-07 14:09:06 INFO  Keywords:130 - InputText is called
2024-08-07 14:09:06 INFO  Keywords:301 - Waiting for webElement...existanceterminating.InsuredAnnuitantDOB
2024-08-07 14:09:06 INFO  Keywords:301 - Waiting for webElement...existanceterminating.NumberOfInsured
2024-08-07 14:09:06 INFO  Keywords:130 - InputText is called
2024-08-07 14:09:06 INFO  Keywords:301 - Waiting for webElement...existanceterminating.Owner
2024-08-07 14:09:16 INFO  Keywords:130 - InputText is called
2024-08-07 14:09:16 INFO  Keywords:301 - Waiting for webElement...existanceterminating.DateIssued
2024-08-07 14:09:26 INFO  Keywords:130 - InputText is called
2024-08-07 14:09:26 INFO  Keywords:301 - Waiting for webElement...existanceterminating.AmountOfInsurance
2024-08-07 14:09:36 INFO  Keywords:301 - Waiting for webElement...existanceterminating.ExistingInsuranceType
2024-08-07 14:09:46 INFO  Keywords:301 - Waiting for webElement...existanceterminating.ProductType
2024-08-07 14:09:56 INFO  Keywords:301 - Waiting for webElement...existanceterminating.LifeProductType
2024-08-07 14:10:06 INFO  Keywords:130 - InputText is called
2024-08-07 14:10:06 INFO  Keywords:301 - Waiting for webElement...existanceterminating.PolicyNo
2024-08-07 14:10:16 INFO  Keywords:301 - Waiting for webElement...existanceterminating.PurposeOfPolicy
2024-08-07 14:10:27 INFO  Keywords:130 - InputText is called
2024-08-07 14:10:27 INFO  Keywords:301 - Waiting for webElement...existance.FaceAmtRiders
2024-08-07 14:10:37 INFO  Keywords:301 - Waiting for webElement...existanceterminating.FundsNewPolicy
2024-08-07 14:10:47 INFO  Keywords:301 - Waiting for webElement...existanceterminating.ReplacingNewPolicy
2024-08-07 14:10:57 INFO  Keywords:301 - Waiting for webElement...existance.suvivorship
2024-08-07 14:11:07 INFO  Keywords:301 - Waiting for webElement...existnace.soldSettled
2024-08-07 14:11:17 INFO  Keywords:301 - Waiting for webElement...existanceterminating.ReplacementThType
2024-08-07 14:11:27 INFO  Keywords:301 - Waiting for webElement...existanceterminating.1035ThExchange
2024-08-07 14:11:37 INFO  Keywords:130 - InputText is called
2024-08-07 14:11:37 INFO  Keywords:301 - Waiting for webElement...existing.OwnerSSN
2024-08-07 14:11:47 INFO  Keywords:301 - Waiting for webElement...existing.loanPolicy
2024-08-07 14:11:47 INFO  Keywords:301 - Waiting for webElement...existing.Transfer
2024-08-07 14:11:57 INFO  Keywords:130 - InputText is called
2024-08-07 14:11:57 INFO  Keywords:301 - Waiting for webElement...existanceterminating.ReasonReplacement
2024-08-07 14:12:07 INFO  Keywords:130 - InputText is called
2024-08-07 14:12:07 INFO  Keywords:301 - Waiting for webElement...existanceterminating.NoOfPolicy
2024-08-07 14:12:17 INFO  Keywords:130 - InputText is called
2024-08-07 14:12:17 INFO  Keywords:301 - Waiting for webElement...existanceterminating.PremiumPayment
2024-08-07 14:12:27 INFO  Keywords:130 - InputText is called
2024-08-07 14:12:27 INFO  Keywords:301 - Waiting for webElement...existanceterminating.FrequencyPremium
2024-08-07 14:12:37 INFO  Keywords:130 - InputText is called
2024-08-07 14:12:37 INFO  Keywords:301 - Waiting for webElement...existanceterminating.AmountBeingExchanged
2024-08-07 14:12:47 INFO  Keywords:130 - InputText is called
2024-08-07 14:12:47 INFO  Keywords:301 - Waiting for webElement...existanceterminating.SurrenderCharge
2024-08-07 14:12:57 INFO  Keywords:130 - InputText is called
2024-08-07 14:12:57 INFO  Keywords:301 - Waiting for webElement...existanceterminating.DeathBenefit
2024-08-07 14:13:08 INFO  Keywords:130 - InputText is called
2024-08-07 14:13:08 INFO  Keywords:301 - Waiting for webElement...existanceterminating.SpecialFeatures
2024-08-07 14:13:18 INFO  Keywords:301 - Waiting for webElement...existance.WillReplaceCoverage
2024-08-07 14:13:28 INFO  Keywords:301 - Waiting for webElement...existinginsurance.longtermpolicyYes
2024-08-07 14:13:38 INFO  Keywords:130 - InputText is called
2024-08-07 14:13:38 INFO  Keywords:301 - Waiting for webElement...existinglongtermpolicy.InsuranceName
2024-08-07 14:13:48 INFO  Keywords:130 - InputText is called
2024-08-07 14:13:48 INFO  Keywords:301 - Waiting for webElement...existinglongtermpolicy.policyCertificateNumber
2024-08-07 14:13:58 INFO  Keywords:130 - InputText is called
2024-08-07 14:13:58 INFO  Keywords:301 - Waiting for webElement...existinglongtermpolicy.ProductName
2024-08-07 14:14:08 INFO  Keywords:301 - Waiting for webElement...existinglongtermpolicy.ProductType
2024-08-07 14:14:18 INFO  Keywords:130 - InputText is called
2024-08-07 14:14:18 INFO  Keywords:301 - Waiting for webElement...existinglongtermpolicy.Insured
2024-08-07 14:14:28 INFO  Keywords:130 - InputText is called
2024-08-07 14:14:28 INFO  Keywords:301 - Waiting for webElement...existinglongtermpolicy.Owner
2024-08-07 14:14:38 INFO  Keywords:130 - InputText is called
2024-08-07 14:14:38 INFO  Keywords:301 - Waiting for webElement...existinglongtermpolicy.DailyBenefit
2024-08-07 14:14:48 INFO  Keywords:130 - InputText is called
2024-08-07 14:14:48 INFO  Keywords:301 - Waiting for webElement...existinglongtermpolicy.AmountOfInsurance
2024-08-07 14:14:58 INFO  Keywords:130 - InputText is called
2024-08-07 14:14:58 INFO  Keywords:301 - Waiting for webElement...existinglongtermpolicy.benefitAmount
2024-08-07 14:15:08 INFO  Keywords:130 - InputText is called
2024-08-07 14:15:08 INFO  Keywords:301 - Waiting for webElement...existinglongtermpolicy.benefitPeriod
2024-08-07 14:15:18 INFO  Keywords:301 - Waiting for webElement...existinginsurance.longterminsuranceYes
2024-08-07 14:15:28 INFO  Keywords:130 - InputText is called
2024-08-07 14:15:28 INFO  Keywords:301 - Waiting for webElement...existinglongterminsurance.InsuranceCompany
2024-08-07 14:15:38 INFO  Keywords:130 - InputText is called
2024-08-07 14:15:38 INFO  Keywords:301 - Waiting for webElement...existinglongterminsurance.Certificate
2024-08-07 14:15:48 INFO  Keywords:130 - InputText is called
2024-08-07 14:15:48 INFO  Keywords:301 - Waiting for webElement...existinglongterminsurance.LTCBenefit
2024-08-07 14:15:59 INFO  Keywords:130 - InputText is called
2024-08-07 14:15:59 INFO  Keywords:301 - Waiting for webElement...existinglongterminsurance.IssueDate
2024-08-07 14:16:09 INFO  Keywords:130 - InputText is called
2024-08-07 14:16:09 INFO  Keywords:301 - Waiting for webElement...existinglongterminsurance.LapseDate
2024-08-07 14:16:19 INFO  Keywords:301 - Waiting for webElement...existance.AgentReadNotice
2024-08-07 14:16:29 INFO  Keywords:141 - ClickOnLink is called
2024-08-07 14:16:29 INFO  Keywords:301 - Waiting for webElement...next
2024-08-07 14:16:55 INFO  Keywords:301 - Waiting for webElement...AgentCertify
2024-08-07 14:17:05 INFO  Keywords:141 - ClickOnLink is called
2024-08-07 14:17:05 INFO  Keywords:301 - Waiting for webElement...next
2024-08-07 14:17:31 INFO  Keywords:130 - InputText is called
2024-08-07 14:17:31 INFO  Keywords:301 - Waiting for webElement...additionalclientquestion.q1
2024-08-07 14:17:41 INFO  Keywords:130 - InputText is called
2024-08-07 14:17:41 INFO  Keywords:301 - Waiting for webElement...additionalclientquestion.q2
2024-08-07 14:17:51 INFO  Keywords:130 - InputText is called
2024-08-07 14:17:51 INFO  Keywords:301 - Waiting for webElement...additionalclientquestion.q3
2024-08-07 14:18:01 INFO  Keywords:130 - InputText is called
2024-08-07 14:18:01 INFO  Keywords:301 - Waiting for webElement...additionalclientquestion.q4
2024-08-07 14:18:11 INFO  Keywords:130 - InputText is called
2024-08-07 14:18:11 INFO  Keywords:301 - Waiting for webElement...additionalclientquestion.q5
2024-08-07 14:18:21 INFO  Keywords:506 - GetText is called
2024-08-07 14:18:21 INFO  Keywords:301 - Waiting for webElement...ebixTxnID
2024-08-07 14:18:31 INFO  Keywords:554 - LinkId: 534252
2024-08-07 14:18:31 INFO  Keywords:506 - GetText is called
2024-08-07 14:18:31 INFO  Keywords:301 - Waiting for webElement...ebixTxnID
2024-08-07 14:18:41 INFO  Keywords:141 - ClickOnLink is called
2024-08-07 14:18:41 INFO  Keywords:301 - Waiting for webElement...next
2024-08-07 14:18:51 INFO  Keywords:301 - Waiting for webElement...AnnuitiesCompany
2024-08-07 14:19:02 INFO  Keywords:301 - Waiting for webElement...InsuranceReplace
2024-08-07 14:19:12 INFO  Keywords:301 - Waiting for webElement...Carrier.ReplacingJH
2024-08-07 14:19:22 INFO  Keywords:301 - Waiting for webElement...Carrier.InterestIssue
2024-08-07 14:19:32 INFO  Keywords:301 - Waiting for webElement...Carrier.EntityConnection
2024-08-07 14:19:42 INFO  Keywords:130 - InputText is called
2024-08-07 14:19:42 INFO  Keywords:301 - Waiting for webElement...PremiumCollected
2024-08-07 14:19:52 INFO  Keywords:301 - Waiting for webElement...ResultApplication
2024-08-07 14:20:02 INFO  Keywords:130 - InputText is called
2024-08-07 14:20:02 INFO  Keywords:301 - Waiting for webElement...ResultGiveDetails
2024-08-07 14:20:12 INFO  Keywords:301 - Waiting for webElement...PolicySettlement
2024-08-07 14:20:22 INFO  Keywords:301 - Waiting for webElement...PremiumLoans
2024-08-07 14:20:32 INFO  Keywords:301 - Waiting for webElement...EvaluatingFinancing
2024-08-07 14:20:42 INFO  Keywords:301 - Waiting for webElement...PersonallyInsured
2024-08-07 14:20:52 INFO  Keywords:301 - Waiting for webElement...PolicyProposedInsured
2024-08-07 14:21:02 INFO  Keywords:301 - Waiting for webElement...ProposedInsuredWritten
2024-08-07 14:21:12 INFO  Keywords:301 - Waiting for webElement...ConsentRelationshipTerminates
2024-08-07 14:21:22 INFO  Keywords:130 - InputText is called
2024-08-07 14:21:22 INFO  Keywords:301 - Waiting for webElement...HealthPoliciesForce
2024-08-07 14:21:32 INFO  Keywords:130 - InputText is called
2024-08-07 14:21:32 INFO  Keywords:301 - Waiting for webElement...SoldForceHP
2024-08-07 14:21:42 INFO  Keywords:130 - InputText is called
2024-08-07 14:21:42 INFO  Keywords:301 - Waiting for webElement...NameWholeSaler
2024-08-07 14:21:52 INFO  Keywords:130 - InputText is called
2024-08-07 14:21:52 INFO  Keywords:301 - Waiting for webElement...ExistingReplacedCarier
2024-08-07 14:22:03 INFO  Keywords:301 - Waiting for webElement...Carrier.LPA
2024-08-07 14:22:13 INFO  Keywords:130 - InputText is called
2024-08-07 14:22:13 INFO  Keywords:301 - Waiting for webElement...Carrier.CuurentSurrenderValue
2024-08-07 14:22:23 INFO  Keywords:301 - Waiting for webElement...Carrier.ArmedReserves
2024-08-07 14:22:33 INFO  Keywords:301 - Waiting for webElement...Carrier.CriticalIllness
2024-08-07 14:22:43 INFO  Keywords:301 - Waiting for webElement...Carrier.DateApplication
2024-08-07 14:22:53 INFO  Keywords:301 - Waiting for webElement...Carrier.SignedIllustration
2024-08-07 14:23:03 INFO  Keywords:301 - Waiting for webElement...Carrier.PolicyDelivered
2024-08-07 14:23:13 INFO  Keywords:301 - Waiting for webElement...Carrier.InsuranceCoverage
2024-08-07 14:23:23 INFO  Keywords:130 - InputText is called
2024-08-07 14:23:23 INFO  Keywords:301 - Waiting for webElement...Carrier.AcceptPlan
2024-08-07 14:23:33 INFO  Keywords:301 - Waiting for webElement...Carrier.PremiumPaymentSrc
2024-08-07 14:23:43 INFO  Keywords:301 - Waiting for webElement...Carrier.CriticalIllness
2024-08-07 14:23:53 INFO  Keywords:141 - ClickOnLink is called
2024-08-07 14:23:53 INFO  Keywords:301 - Waiting for webElement...next
2024-08-07 14:24:03 INFO  Keywords:130 - InputText is called
2024-08-07 14:24:03 INFO  Keywords:301 - Waiting for webElement...NBNameF
2024-08-07 14:24:13 INFO  Keywords:130 - InputText is called
2024-08-07 14:24:13 INFO  Keywords:301 - Waiting for webElement...NBNameL
2024-08-07 14:24:23 INFO  Keywords:130 - InputText is called
2024-08-07 14:24:23 INFO  Keywords:301 - Waiting for webElement...NBPhoneW
2024-08-07 14:24:33 INFO  Keywords:130 - InputText is called
2024-08-07 14:24:33 INFO  Keywords:301 - Waiting for webElement...NBEMail
2024-08-07 14:24:43 INFO  Keywords:301 - Waiting for webElement...POSYES
2024-08-07 14:24:54 INFO  Keywords:130 - InputText is called
2024-08-07 14:24:54 INFO  Keywords:301 - Waiting for webElement...POSNAmeF
2024-08-07 14:25:04 INFO  Keywords:130 - InputText is called
2024-08-07 14:25:04 INFO  Keywords:301 - Waiting for webElement...POSNAmeL
2024-08-07 14:25:14 INFO  Keywords:130 - InputText is called
2024-08-07 14:25:14 INFO  Keywords:301 - Waiting for webElement...POSWork
2024-08-07 14:25:24 INFO  Keywords:130 - InputText is called
2024-08-07 14:25:24 INFO  Keywords:301 - Waiting for webElement...POSEmail
2024-08-07 14:25:50 INFO  Keywords:141 - ClickOnLink is called
2024-08-07 14:25:50 INFO  Keywords:301 - Waiting for webElement...validate.button
2024-08-07 14:26:32 INFO  Keywords:141 - ClickOnLink is called
2024-08-07 14:26:32 INFO  Keywords:301 - Waiting for webElement...notification.continue
2024-08-07 14:26:58 INFO  Keywords:141 - ClickOnLink is called
2024-08-07 14:26:58 INFO  Keywords:301 - Waiting for webElement...esignature.optout
2024-08-07 14:28:38 INFO  Keywords:153 - VerifyText is called
2024-08-07 14:28:38 INFO  Keywords:301 - Waiting for webElement...WebElement
2024-08-07 14:28:38 INFO  Keywords:141 - ClickOnLink is called
2024-08-07 14:28:38 INFO  Keywords:301 - Waiting for webElement...attachment
2024-08-07 14:28:48 INFO  Keywords:301 - Waiting for webElement...attachment.documenttype
2024-08-07 14:28:58 INFO  Keywords:130 - InputText is called
2024-08-07 14:28:58 INFO  Keywords:301 - Waiting for webElement...attachment.choosefile
2024-08-07 14:29:08 INFO  Keywords:141 - ClickOnLink is called
2024-08-07 14:29:08 INFO  Keywords:301 - Waiting for webElement...attachment.upload
2024-08-07 14:29:34 INFO  Keywords:141 - ClickOnLink is called
2024-08-07 14:29:34 INFO  Keywords:301 - Waiting for webElement...RequestSignatures
2024-08-07 14:30:00 INFO  Keywords:301 - Waiting for webElement...attachment.documenttype
2024-08-07 14:30:10 INFO  Keywords:130 - InputText is called
2024-08-07 14:30:10 INFO  Keywords:301 - Waiting for webElement...attachment.choosefile
2024-08-07 14:30:20 INFO  Keywords:141 - ClickOnLink is called
2024-08-07 14:30:20 INFO  Keywords:301 - Waiting for webElement...attachment.upload
2024-08-07 14:30:47 INFO  Keywords:141 - ClickOnLink is called
2024-08-07 14:30:47 INFO  Keywords:301 - Waiting for webElement...SubmitButton
2024-08-07 14:32:27 INFO  Keywords:451 - switching to parent window...
