2023-12-29 10:12:57 INFO  Keywords:97 - Navigate is called
2023-12-29 10:13:00 INFO  Keywords:125 - InputText is called
2023-12-29 10:13:00 INFO  Keywords:286 - Waiting for webElement...gateway.username
2023-12-29 10:13:00 INFO  Keywords:289 - Element found...gateway.username
2023-12-29 10:13:00 INFO  Keywords:125 - InputText is called
2023-12-29 10:13:00 INFO  Keywords:286 - Waiting for webElement...gateway.password
2023-12-29 10:13:00 INFO  Keywords:289 - Element found...gateway.password
2023-12-29 10:13:00 INFO  Keywords:138 - ClickOnLink is called
2023-12-29 10:13:00 INFO  Keywords:286 - Waiting for webElement...gateway.login
2023-12-29 10:13:00 INFO  Keywords:289 - Element found...gateway.login
2023-12-29 10:13:39 INFO  Keywords:138 - ClickOnLink is called
2023-12-29 10:13:39 INFO  Keywords:286 - Waiting for webElement...postsamldata
2023-12-29 10:13:39 INFO  Keywords:289 - Element found...postsamldata
2023-12-29 10:13:56 INFO  Keywords:138 - ClickOnLink is called
2023-12-29 10:13:56 INFO  Keywords:286 - Waiting for webElement...next
2023-12-29 10:13:56 INFO  Keywords:289 - Element found...next
2023-12-29 10:14:18 INFO  Keywords:125 - InputText is called
2023-12-29 10:14:18 INFO  Keywords:286 - Waiting for webElement...policyConfiguration.insuranceamount
2023-12-29 10:14:18 INFO  Keywords:289 - Element found...policyConfiguration.insuranceamount
2023-12-29 10:14:18 INFO  Keywords:286 - Waiting for webElement...policyConfiguration.LTC
2023-12-29 10:14:18 INFO  Keywords:289 - Element found...policyConfiguration.LTC
2023-12-29 10:14:18 INFO  Keywords:286 - Waiting for webElement...policyConfiguration.payors
2023-12-29 10:14:18 INFO  Keywords:289 - Element found...policyConfiguration.payors
2023-12-29 10:14:19 INFO  Keywords:286 - Waiting for webElement...policyConfiguration.purposeofpolicy
2023-12-29 10:14:19 INFO  Keywords:289 - Element found...policyConfiguration.purposeofpolicy
2023-12-29 10:14:19 INFO  Keywords:138 - ClickOnLink is called
2023-12-29 10:14:19 INFO  Keywords:286 - Waiting for webElement...next
2023-12-29 10:14:19 INFO  Keywords:289 - Element found...next
2023-12-29 10:15:54 INFO  Keywords:286 - Waiting for webElement...primaryinsured.birthcountry
2023-12-29 10:15:54 INFO  Keywords:289 - Element found...primaryinsured.birthcountry
2023-12-29 10:15:55 INFO  Keywords:286 - Waiting for webElement...primaryinsured.birthstate
2023-12-29 10:15:55 INFO  Keywords:289 - Element found...primaryinsured.birthstate
2023-12-29 10:15:55 INFO  Keywords:125 - InputText is called
2023-12-29 10:15:55 INFO  Keywords:286 - Waiting for webElement...primaryinsured.birthcity
2023-12-29 10:15:55 INFO  Keywords:289 - Element found...primaryinsured.birthcity
2023-12-29 10:15:55 INFO  Keywords:138 - ClickOnLink is called
2023-12-29 10:15:55 INFO  Keywords:286 - Waiting for webElement...next
2023-12-29 10:15:55 INFO  Keywords:289 - Element found...next
2023-12-29 10:16:20 INFO  Keywords:138 - ClickOnLink is called
2023-12-29 10:16:20 INFO  Keywords:286 - Waiting for webElement...next
2023-12-29 10:16:20 INFO  Keywords:289 - Element found...next
2023-12-29 10:16:42 INFO  Keywords:286 - Waiting for webElement...jointInsured.birthCountry
2023-12-29 10:16:43 INFO  Keywords:289 - Element found...jointInsured.birthCountry
2023-12-29 10:16:43 INFO  Keywords:286 - Waiting for webElement...jointInsured.birthState
2023-12-29 10:16:43 INFO  Keywords:289 - Element found...jointInsured.birthState
2023-12-29 10:16:43 INFO  Keywords:125 - InputText is called
2023-12-29 10:16:43 INFO  Keywords:286 - Waiting for webElement...jointInsured.birthCity
2023-12-29 10:16:43 INFO  Keywords:289 - Element found...jointInsured.birthCity
2023-12-29 10:16:43 INFO  Keywords:138 - ClickOnLink is called
2023-12-29 10:16:43 INFO  Keywords:286 - Waiting for webElement...next
2023-12-29 10:16:43 INFO  Keywords:289 - Element found...next
2023-12-29 10:17:07 INFO  Keywords:286 - Waiting for webElement...naturalOwner.relationwithInsured
2023-12-29 10:17:07 INFO  Keywords:289 - Element found...naturalOwner.relationwithInsured
2023-12-29 10:17:07 INFO  Keywords:286 - Waiting for webElement...naturalOwner.relationwithJointInsured
2023-12-29 10:17:07 INFO  Keywords:289 - Element found...naturalOwner.relationwithJointInsured
2023-12-29 10:17:07 INFO  Keywords:138 - ClickOnLink is called
2023-12-29 10:17:07 INFO  Keywords:286 - Waiting for webElement...next
2023-12-29 10:17:07 INFO  Keywords:289 - Element found...next
2023-12-29 10:17:30 INFO  Keywords:286 - Waiting for webElement...financialDetails.SourceOfFundsLI
2023-12-29 10:17:30 INFO  Keywords:289 - Element found...financialDetails.SourceOfFundsLI
2023-12-29 10:17:30 INFO  Keywords:286 - Waiting for webElement...financialDetails.SurrenderChargeSOFLI
2023-12-29 10:17:30 INFO  Keywords:289 - Element found...financialDetails.SurrenderChargeSOFLI
2023-12-29 10:17:30 INFO  Keywords:286 - Waiting for webElement...financialDetails.envisiontaking
2023-12-29 10:17:30 INFO  Keywords:289 - Element found...financialDetails.envisiontaking
2023-12-29 10:17:31 INFO  Keywords:286 - Waiting for webElement...financialDetails.federalfaxbracket
2023-12-29 10:17:31 INFO  Keywords:289 - Element found...financialDetails.federalfaxbracket
2023-12-29 10:17:31 INFO  Keywords:286 - Waiting for webElement...financialDetails.riskTolerance
2023-12-29 10:17:31 INFO  Keywords:289 - Element found...financialDetails.riskTolerance
2023-12-29 10:17:31 INFO  Keywords:286 - Waiting for webElement...financialDetails.Investmentobjectives
2023-12-29 10:17:31 INFO  Keywords:289 - Element found...financialDetails.Investmentobjectives
2023-12-29 10:17:31 INFO  Keywords:286 - Waiting for webElement...financialDetails.timehorizon
2023-12-29 10:17:32 INFO  Keywords:289 - Element found...financialDetails.timehorizon
2023-12-29 10:17:32 INFO  Keywords:286 - Waiting for webElement...financialDetails.investmentexperienceFA
2023-12-29 10:17:32 INFO  Keywords:289 - Element found...financialDetails.investmentexperienceFA
2023-12-29 10:17:32 INFO  Keywords:125 - InputText is called
2023-12-29 10:17:32 INFO  Keywords:286 - Waiting for webElement...financialDetails.investmentstartyear
2023-12-29 10:17:32 INFO  Keywords:289 - Element found...financialDetails.investmentstartyear
2023-12-29 10:17:32 INFO  Keywords:125 - InputText is called
2023-12-29 10:17:32 INFO  Keywords:286 - Waiting for webElement...financialdetails.wages
2023-12-29 10:17:32 INFO  Keywords:289 - Element found...financialdetails.wages
2023-12-29 10:17:32 INFO  Keywords:125 - InputText is called
2023-12-29 10:17:32 INFO  Keywords:286 - Waiting for webElement...financialdetails.livingexpenses
2023-12-29 10:17:32 INFO  Keywords:289 - Element found...financialdetails.livingexpenses
2023-12-29 10:17:32 INFO  Keywords:125 - InputText is called
2023-12-29 10:17:32 INFO  Keywords:286 - Waiting for webElement...financialdetails.personalinvestment
2023-12-29 10:17:32 INFO  Keywords:289 - Element found...financialdetails.personalinvestment
2023-12-29 10:17:32 INFO  Keywords:125 - InputText is called
2023-12-29 10:17:32 INFO  Keywords:286 - Waiting for webElement...financialdetails.fixeddebtexpenses
2023-12-29 10:17:32 INFO  Keywords:289 - Element found...financialdetails.fixeddebtexpenses
2023-12-29 10:17:33 INFO  Keywords:125 - InputText is called
2023-12-29 10:17:33 INFO  Keywords:286 - Waiting for webElement...financialdetails.rentalincome
2023-12-29 10:17:33 INFO  Keywords:289 - Element found...financialdetails.rentalincome
2023-12-29 10:17:33 INFO  Keywords:125 - InputText is called
2023-12-29 10:17:33 INFO  Keywords:286 - Waiting for webElement...financialdetails.variabledebtexpenses
2023-12-29 10:17:33 INFO  Keywords:289 - Element found...financialdetails.variabledebtexpenses
2023-12-29 10:17:33 INFO  Keywords:125 - InputText is called
2023-12-29 10:17:33 INFO  Keywords:286 - Waiting for webElement...financialdetails.incomepension
2023-12-29 10:17:33 INFO  Keywords:289 - Element found...financialdetails.incomepension
2023-12-29 10:17:33 INFO  Keywords:125 - InputText is called
2023-12-29 10:17:33 INFO  Keywords:286 - Waiting for webElement...financialdetails.discretionaryexpenses
2023-12-29 10:17:33 INFO  Keywords:289 - Element found...financialdetails.discretionaryexpenses
2023-12-29 10:17:33 INFO  Keywords:125 - InputText is called
2023-12-29 10:17:33 INFO  Keywords:286 - Waiting for webElement...financialdetails.socialsecurityincome
2023-12-29 10:17:33 INFO  Keywords:289 - Element found...financialdetails.socialsecurityincome
2023-12-29 10:17:33 INFO  Keywords:125 - InputText is called
2023-12-29 10:17:33 INFO  Keywords:286 - Waiting for webElement...financialdetails.otherincome
2023-12-29 10:17:33 INFO  Keywords:289 - Element found...financialdetails.otherincome
2023-12-29 10:17:33 INFO  Keywords:125 - InputText is called
2023-12-29 10:17:33 INFO  Keywords:286 - Waiting for webElement...financialdetails.bonds
2023-12-29 10:17:33 INFO  Keywords:289 - Element found...financialdetails.bonds
2023-12-29 10:17:33 INFO  Keywords:125 - InputText is called
2023-12-29 10:17:33 INFO  Keywords:286 - Waiting for webElement...financialdetails.businessTrustRealstate
2023-12-29 10:17:33 INFO  Keywords:289 - Element found...financialdetails.businessTrustRealstate
2023-12-29 10:17:33 INFO  Keywords:125 - InputText is called
2023-12-29 10:17:33 INFO  Keywords:286 - Waiting for webElement...financialdetails.retirementplan
2023-12-29 10:17:33 INFO  Keywords:289 - Element found...financialdetails.retirementplan
2023-12-29 10:17:33 INFO  Keywords:125 - InputText is called
2023-12-29 10:17:33 INFO  Keywords:286 - Waiting for webElement...financialdetails.equities
2023-12-29 10:17:33 INFO  Keywords:289 - Element found...financialdetails.equities
2023-12-29 10:17:33 INFO  Keywords:125 - InputText is called
2023-12-29 10:17:33 INFO  Keywords:286 - Waiting for webElement...financialdetails.facevalueilfeinsurance
2023-12-29 10:17:33 INFO  Keywords:289 - Element found...financialdetails.facevalueilfeinsurance
2023-12-29 10:17:33 INFO  Keywords:125 - InputText is called
2023-12-29 10:17:33 INFO  Keywords:286 - Waiting for webElement...financialdetails.fixedannuity
2023-12-29 10:17:34 INFO  Keywords:289 - Element found...financialdetails.fixedannuity
2023-12-29 10:17:34 INFO  Keywords:125 - InputText is called
2023-12-29 10:17:34 INFO  Keywords:286 - Waiting for webElement...financialdetails.indexannuity
2023-12-29 10:17:34 INFO  Keywords:289 - Element found...financialdetails.indexannuity
2023-12-29 10:17:34 INFO  Keywords:125 - InputText is called
2023-12-29 10:17:34 INFO  Keywords:286 - Waiting for webElement...financialdetails.liquidnetworth
2023-12-29 10:17:34 INFO  Keywords:289 - Element found...financialdetails.liquidnetworth
2023-12-29 10:17:34 INFO  Keywords:125 - InputText is called
2023-12-29 10:17:34 INFO  Keywords:286 - Waiting for webElement...financialdetails.mutualfund
2023-12-29 10:17:34 INFO  Keywords:289 - Element found...financialdetails.mutualfund
2023-12-29 10:17:34 INFO  Keywords:125 - InputText is called
2023-12-29 10:17:34 INFO  Keywords:286 - Waiting for webElement...financialdetails.otherbrokerage
2023-12-29 10:17:34 INFO  Keywords:289 - Element found...financialdetails.otherbrokerage
2023-12-29 10:17:34 INFO  Keywords:125 - InputText is called
2023-12-29 10:17:34 INFO  Keywords:286 - Waiting for webElement...financialdetails.policypremium
2023-12-29 10:17:34 INFO  Keywords:289 - Element found...financialdetails.policypremium
2023-12-29 10:17:34 INFO  Keywords:125 - InputText is called
2023-12-29 10:17:34 INFO  Keywords:286 - Waiting for webElement...financialdetails.variableannuity
2023-12-29 10:17:34 INFO  Keywords:289 - Element found...financialdetails.variableannuity
2023-12-29 10:17:34 INFO  Keywords:125 - InputText is called
2023-12-29 10:17:34 INFO  Keywords:286 - Waiting for webElement...financialdetails.totalpremium
2023-12-29 10:17:34 INFO  Keywords:289 - Element found...financialdetails.totalpremium
2023-12-29 10:17:34 INFO  Keywords:286 - Waiting for webElement...financialdetails.anticipatedchanges
2023-12-29 10:17:34 INFO  Keywords:289 - Element found...financialdetails.anticipatedchanges
2023-12-29 10:17:34 INFO  Keywords:286 - Waiting for webElement...financialdetails.nonguaranteedelement
2023-12-29 10:17:34 INFO  Keywords:289 - Element found...financialdetails.nonguaranteedelement
2023-12-29 10:17:35 INFO  Keywords:286 - Waiting for webElement...financialdetails.reversemortgage
2023-12-29 10:17:35 INFO  Keywords:289 - Element found...financialdetails.reversemortgage
2023-12-29 10:17:35 INFO  Keywords:138 - ClickOnLink is called
2023-12-29 10:17:35 INFO  Keywords:286 - Waiting for webElement...next
2023-12-29 10:17:35 INFO  Keywords:289 - Element found...next
2023-12-29 10:17:58 INFO  Keywords:286 - Waiting for webElement...payment.modal
2023-12-29 10:17:58 INFO  Keywords:289 - Element found...payment.modal
2023-12-29 10:18:14 INFO  Keywords:286 - Waiting for webElement...payment.method
2023-12-29 10:18:15 INFO  Keywords:289 - Element found...payment.method
2023-12-29 10:18:15 INFO  Keywords:125 - InputText is called
2023-12-29 10:18:15 INFO  Keywords:286 - Waiting for webElement...payment.premium
2023-12-29 10:18:15 INFO  Keywords:289 - Element found...payment.premium
2023-12-29 10:18:15 INFO  Keywords:138 - ClickOnLink is called
2023-12-29 10:18:15 INFO  Keywords:286 - Waiting for webElement...next
2023-12-29 10:18:15 INFO  Keywords:289 - Element found...next
2023-12-29 10:18:39 INFO  Keywords:286 - Waiting for webElement...existinginsurance.borrowingfunds
2023-12-29 10:18:39 INFO  Keywords:289 - Element found...existinginsurance.borrowingfunds
2023-12-29 10:18:39 INFO  Keywords:286 - Waiting for webElement...existinginsurance.terminatingexistinglifepolicy
2023-12-29 10:18:39 INFO  Keywords:289 - Element found...existinginsurance.terminatingexistinglifepolicy
2023-12-29 10:18:39 INFO  Keywords:286 - Waiting for webElement...existinginsurance.longtermcoverage
2023-12-29 10:18:40 INFO  Keywords:289 - Element found...existinginsurance.longtermcoverage
2023-12-29 10:18:40 INFO  Keywords:286 - Waiting for webElement...existanceterminating.InsuranceCompanyName
2023-12-29 10:18:40 INFO  Keywords:289 - Element found...existanceterminating.InsuranceCompanyName
2023-12-29 10:18:41 INFO  Keywords:125 - InputText is called
2023-12-29 10:18:41 INFO  Keywords:286 - Waiting for webElement...existanceterminating.ProductName
2023-12-29 10:18:41 INFO  Keywords:289 - Element found...existanceterminating.ProductName
2023-12-29 10:18:41 INFO  Keywords:125 - InputText is called
2023-12-29 10:18:41 INFO  Keywords:286 - Waiting for webElement...existanceterminating.Insured
2023-12-29 10:18:41 INFO  Keywords:289 - Element found...existanceterminating.Insured
2023-12-29 10:18:41 INFO  Keywords:125 - InputText is called
2023-12-29 10:18:41 INFO  Keywords:286 - Waiting for webElement...existanceterminating.Owner
2023-12-29 10:18:41 INFO  Keywords:289 - Element found...existanceterminating.Owner
2023-12-29 10:18:41 INFO  Keywords:125 - InputText is called
2023-12-29 10:18:41 INFO  Keywords:286 - Waiting for webElement...existanceterminating.DateIssued
2023-12-29 10:18:41 INFO  Keywords:289 - Element found...existanceterminating.DateIssued
2023-12-29 10:18:41 INFO  Keywords:125 - InputText is called
2023-12-29 10:18:41 INFO  Keywords:286 - Waiting for webElement...existanceterminating.AmountOfInsurance
2023-12-29 10:18:41 INFO  Keywords:289 - Element found...existanceterminating.AmountOfInsurance
2023-12-29 10:18:41 INFO  Keywords:286 - Waiting for webElement...existanceterminating.ExistingInsuranceType
2023-12-29 10:18:41 INFO  Keywords:289 - Element found...existanceterminating.ExistingInsuranceType
2023-12-29 10:18:41 INFO  Keywords:286 - Waiting for webElement...existanceterminating.ProductType
2023-12-29 10:18:42 INFO  Keywords:289 - Element found...existanceterminating.ProductType
2023-12-29 10:18:42 INFO  Keywords:286 - Waiting for webElement...existanceterminating.LifeProductType
2023-12-29 10:18:42 INFO  Keywords:289 - Element found...existanceterminating.LifeProductType
2023-12-29 10:18:42 INFO  Keywords:125 - InputText is called
2023-12-29 10:18:42 INFO  Keywords:286 - Waiting for webElement...existanceterminating.PolicyNo
2023-12-29 10:18:42 INFO  Keywords:289 - Element found...existanceterminating.PolicyNo
2023-12-29 10:18:42 INFO  Keywords:286 - Waiting for webElement...existanceterminating.PurposeOfPolicy
2023-12-29 10:18:42 INFO  Keywords:289 - Element found...existanceterminating.PurposeOfPolicy
2023-12-29 10:18:43 INFO  Keywords:286 - Waiting for webElement...existanceterminating.FundsNewPolicy
2023-12-29 10:18:43 INFO  Keywords:289 - Element found...existanceterminating.FundsNewPolicy
2023-12-29 10:18:43 INFO  Keywords:286 - Waiting for webElement...existanceterminating.ReplacingNewPolicy
2023-12-29 10:18:43 INFO  Keywords:289 - Element found...existanceterminating.ReplacingNewPolicy
2023-12-29 10:18:43 INFO  Keywords:286 - Waiting for webElement...existanceterminating.ReplacementThType
2023-12-29 10:18:43 INFO  Keywords:289 - Element found...existanceterminating.ReplacementThType
2023-12-29 10:18:44 INFO  Keywords:286 - Waiting for webElement...existanceterminating.1035ThExchange
2023-12-29 10:18:44 INFO  Keywords:289 - Element found...existanceterminating.1035ThExchange
2023-12-29 10:18:44 INFO  Keywords:125 - InputText is called
2023-12-29 10:18:44 INFO  Keywords:286 - Waiting for webElement...existanceterminating.ReasonReplacement
2023-12-29 10:18:44 INFO  Keywords:289 - Element found...existanceterminating.ReasonReplacement
2023-12-29 10:18:44 INFO  Keywords:125 - InputText is called
2023-12-29 10:18:44 INFO  Keywords:286 - Waiting for webElement...existanceterminating.NoOfPolicy
2023-12-29 10:18:44 INFO  Keywords:289 - Element found...existanceterminating.NoOfPolicy
2023-12-29 10:18:44 INFO  Keywords:125 - InputText is called
2023-12-29 10:18:44 INFO  Keywords:286 - Waiting for webElement...existanceterminating.PremiumPayment
2023-12-29 10:18:44 INFO  Keywords:289 - Element found...existanceterminating.PremiumPayment
2023-12-29 10:18:44 INFO  Keywords:125 - InputText is called
2023-12-29 10:18:44 INFO  Keywords:286 - Waiting for webElement...existanceterminating.FrequencyPremium
2023-12-29 10:18:44 INFO  Keywords:289 - Element found...existanceterminating.FrequencyPremium
2023-12-29 10:18:44 INFO  Keywords:125 - InputText is called
2023-12-29 10:18:44 INFO  Keywords:286 - Waiting for webElement...existanceterminating.AmountBeingExchanged
2023-12-29 10:18:44 INFO  Keywords:289 - Element found...existanceterminating.AmountBeingExchanged
2023-12-29 10:18:44 INFO  Keywords:125 - InputText is called
2023-12-29 10:18:44 INFO  Keywords:286 - Waiting for webElement...existanceterminating.SurrenderCharge
2023-12-29 10:18:45 INFO  Keywords:289 - Element found...existanceterminating.SurrenderCharge
2023-12-29 10:18:45 INFO  Keywords:125 - InputText is called
2023-12-29 10:18:45 INFO  Keywords:286 - Waiting for webElement...existanceterminating.DeathBenefit
2023-12-29 10:18:45 INFO  Keywords:289 - Element found...existanceterminating.DeathBenefit
2023-12-29 10:18:45 INFO  Keywords:125 - InputText is called
2023-12-29 10:18:45 INFO  Keywords:286 - Waiting for webElement...existanceterminating.SpecialFeatures
2023-12-29 10:18:45 INFO  Keywords:289 - Element found...existanceterminating.SpecialFeatures
2023-12-29 10:18:45 INFO  Keywords:286 - Waiting for webElement...existinginsurance.longtermpolicyYes
2023-12-29 10:18:45 INFO  Keywords:289 - Element found...existinginsurance.longtermpolicyYes
2023-12-29 10:18:45 INFO  Keywords:125 - InputText is called
2023-12-29 10:18:45 INFO  Keywords:286 - Waiting for webElement...existinglongtermpolicy.InsuranceName
2023-12-29 10:18:45 INFO  Keywords:289 - Element found...existinglongtermpolicy.InsuranceName
2023-12-29 10:18:45 INFO  Keywords:125 - InputText is called
2023-12-29 10:18:45 INFO  Keywords:286 - Waiting for webElement...existinglongtermpolicy.policyCertificateNumber
2023-12-29 10:18:45 INFO  Keywords:289 - Element found...existinglongtermpolicy.policyCertificateNumber
2023-12-29 10:18:45 INFO  Keywords:125 - InputText is called
2023-12-29 10:18:45 INFO  Keywords:286 - Waiting for webElement...existinglongtermpolicy.ProductName
2023-12-29 10:18:45 INFO  Keywords:289 - Element found...existinglongtermpolicy.ProductName
2023-12-29 10:18:45 INFO  Keywords:286 - Waiting for webElement...existinglongtermpolicy.ProductType
2023-12-29 10:18:45 INFO  Keywords:289 - Element found...existinglongtermpolicy.ProductType
2023-12-29 10:18:46 INFO  Keywords:125 - InputText is called
2023-12-29 10:18:46 INFO  Keywords:286 - Waiting for webElement...existinglongtermpolicy.Insured
2023-12-29 10:18:46 INFO  Keywords:289 - Element found...existinglongtermpolicy.Insured
2023-12-29 10:18:46 INFO  Keywords:125 - InputText is called
2023-12-29 10:18:46 INFO  Keywords:286 - Waiting for webElement...existinglongtermpolicy.Owner
2023-12-29 10:18:46 INFO  Keywords:289 - Element found...existinglongtermpolicy.Owner
2023-12-29 10:18:46 INFO  Keywords:125 - InputText is called
2023-12-29 10:18:46 INFO  Keywords:286 - Waiting for webElement...existinglongtermpolicy.DailyBenefit
2023-12-29 10:18:46 INFO  Keywords:289 - Element found...existinglongtermpolicy.DailyBenefit
2023-12-29 10:18:46 INFO  Keywords:125 - InputText is called
2023-12-29 10:18:46 INFO  Keywords:286 - Waiting for webElement...existinglongtermpolicy.AmountOfInsurance
2023-12-29 10:18:46 INFO  Keywords:289 - Element found...existinglongtermpolicy.AmountOfInsurance
2023-12-29 10:18:46 INFO  Keywords:125 - InputText is called
2023-12-29 10:18:46 INFO  Keywords:286 - Waiting for webElement...existinglongtermpolicy.benefitAmount
2023-12-29 10:18:46 INFO  Keywords:289 - Element found...existinglongtermpolicy.benefitAmount
2023-12-29 10:18:46 INFO  Keywords:125 - InputText is called
2023-12-29 10:18:46 INFO  Keywords:286 - Waiting for webElement...existinglongtermpolicy.benefitPeriod
2023-12-29 10:18:46 INFO  Keywords:289 - Element found...existinglongtermpolicy.benefitPeriod
2023-12-29 10:18:46 INFO  Keywords:286 - Waiting for webElement...existinginsurance.longterminsuranceYes
2023-12-29 10:18:46 INFO  Keywords:289 - Element found...existinginsurance.longterminsuranceYes
2023-12-29 10:18:46 INFO  Keywords:125 - InputText is called
2023-12-29 10:18:46 INFO  Keywords:286 - Waiting for webElement...existinglongterminsurance.InsuranceCompany
2023-12-29 10:18:46 INFO  Keywords:289 - Element found...existinglongterminsurance.InsuranceCompany
2023-12-29 10:18:47 INFO  Keywords:125 - InputText is called
2023-12-29 10:18:47 INFO  Keywords:286 - Waiting for webElement...existinglongterminsurance.Certificate
2023-12-29 10:18:47 INFO  Keywords:289 - Element found...existinglongterminsurance.Certificate
2023-12-29 10:18:47 INFO  Keywords:125 - InputText is called
2023-12-29 10:18:47 INFO  Keywords:286 - Waiting for webElement...existinglongterminsurance.LTCBenefit
2023-12-29 10:18:47 INFO  Keywords:289 - Element found...existinglongterminsurance.LTCBenefit
2023-12-29 10:18:47 INFO  Keywords:125 - InputText is called
2023-12-29 10:18:47 INFO  Keywords:286 - Waiting for webElement...existinglongterminsurance.IssueDate
2023-12-29 10:18:47 INFO  Keywords:289 - Element found...existinglongterminsurance.IssueDate
2023-12-29 10:18:47 INFO  Keywords:125 - InputText is called
2023-12-29 10:18:47 INFO  Keywords:286 - Waiting for webElement...existinglongterminsurance.LapseDate
2023-12-29 10:18:47 INFO  Keywords:289 - Element found...existinglongterminsurance.LapseDate
2023-12-29 10:18:47 INFO  Keywords:138 - ClickOnLink is called
2023-12-29 10:18:47 INFO  Keywords:286 - Waiting for webElement...next
2023-12-29 10:18:47 INFO  Keywords:289 - Element found...next
2023-12-29 10:19:09 INFO  Keywords:138 - ClickOnLink is called
2023-12-29 10:19:09 INFO  Keywords:286 - Waiting for webElement...next
2023-12-29 10:19:09 INFO  Keywords:289 - Element found...next
2023-12-29 10:19:31 INFO  Keywords:125 - InputText is called
2023-12-29 10:19:31 INFO  Keywords:286 - Waiting for webElement...additionalclientquestion.q1
2023-12-29 10:19:31 INFO  Keywords:289 - Element found...additionalclientquestion.q1
2023-12-29 10:19:31 INFO  Keywords:125 - InputText is called
2023-12-29 10:19:31 INFO  Keywords:286 - Waiting for webElement...additionalclientquestion.q2
2023-12-29 10:19:31 INFO  Keywords:289 - Element found...additionalclientquestion.q2
2023-12-29 10:19:31 INFO  Keywords:125 - InputText is called
2023-12-29 10:19:31 INFO  Keywords:286 - Waiting for webElement...additionalclientquestion.q3
2023-12-29 10:19:31 INFO  Keywords:289 - Element found...additionalclientquestion.q3
2023-12-29 10:19:31 INFO  Keywords:125 - InputText is called
2023-12-29 10:19:31 INFO  Keywords:286 - Waiting for webElement...additionalclientquestion.q4
2023-12-29 10:20:21 INFO  Keywords:125 - InputText is called
2023-12-29 10:20:21 INFO  Keywords:286 - Waiting for webElement...additionalclientquestion.q5
2023-12-29 10:21:12 INFO  Keywords:516 - GetText is called
2023-12-29 10:21:12 INFO  Keywords:286 - Waiting for webElement...ebixTxnID
2023-12-29 10:21:12 INFO  Keywords:289 - Element found...ebixTxnID
2023-12-29 10:21:12 INFO  Keywords:520 - LinkId: 520401
2023-12-29 10:21:12 INFO  Keywords:571 - LinkId: 520401
2023-12-29 10:21:12 INFO  Keywords:516 - GetText is called
2023-12-29 10:21:12 INFO  Keywords:286 - Waiting for webElement...ebixTxnID
2023-12-29 10:21:12 INFO  Keywords:289 - Element found...ebixTxnID
2023-12-29 10:21:12 INFO  Keywords:520 - LinkId: 520401
2023-12-29 10:21:12 INFO  Keywords:138 - ClickOnLink is called
2023-12-29 10:21:12 INFO  Keywords:286 - Waiting for webElement...next
2023-12-29 10:21:12 INFO  Keywords:289 - Element found...next
2023-12-29 10:21:33 INFO  Keywords:138 - ClickOnLink is called
2023-12-29 10:21:33 INFO  Keywords:286 - Waiting for webElement...validate.button
2023-12-29 10:21:33 INFO  Keywords:289 - Element found...validate.button
2023-12-29 10:22:06 INFO  Keywords:138 - ClickOnLink is called
2023-12-29 10:22:06 INFO  Keywords:286 - Waiting for webElement...notification.continue
2023-12-29 10:22:06 INFO  Keywords:289 - Element found...notification.continue
2023-12-29 10:22:22 INFO  Keywords:138 - ClickOnLink is called
2023-12-29 10:22:22 INFO  Keywords:286 - Waiting for webElement...esignature.optout
2023-12-29 10:22:22 INFO  Keywords:289 - Element found...esignature.optout
2023-12-29 10:23:52 INFO  Keywords:150 - VerifyText is called
2023-12-29 10:23:52 INFO  Keywords:286 - Waiting for webElement...WebElement
2023-12-29 10:23:52 INFO  Keywords:138 - ClickOnLink is called
2023-12-29 10:23:52 INFO  Keywords:286 - Waiting for webElement...attachment
2023-12-29 10:23:52 INFO  Keywords:289 - Element found...attachment
2023-12-29 10:23:53 INFO  Keywords:286 - Waiting for webElement...attachment.documenttype
2023-12-29 10:23:54 INFO  Keywords:289 - Element found...attachment.documenttype
2023-12-29 10:23:54 INFO  Keywords:125 - InputText is called
2023-12-29 10:23:54 INFO  Keywords:286 - Waiting for webElement...attachment.choosefile
2023-12-29 10:23:54 INFO  Keywords:289 - Element found...attachment.choosefile
2023-12-29 10:23:54 INFO  Keywords:138 - ClickOnLink is called
2023-12-29 10:23:54 INFO  Keywords:286 - Waiting for webElement...attachment.upload
2023-12-29 10:23:54 INFO  Keywords:289 - Element found...attachment.upload
2023-12-29 10:24:15 INFO  Keywords:138 - ClickOnLink is called
2023-12-29 10:24:15 INFO  Keywords:286 - Waiting for webElement...RequestSignatures
2023-12-29 10:24:15 INFO  Keywords:289 - Element found...RequestSignatures
2023-12-29 10:24:36 INFO  Keywords:286 - Waiting for webElement...attachment.documenttype
2023-12-29 10:24:36 INFO  Keywords:289 - Element found...attachment.documenttype
2023-12-29 10:24:36 INFO  Keywords:125 - InputText is called
2023-12-29 10:24:36 INFO  Keywords:286 - Waiting for webElement...attachment.choosefile
2023-12-29 10:24:36 INFO  Keywords:289 - Element found...attachment.choosefile
2023-12-29 10:24:36 INFO  Keywords:138 - ClickOnLink is called
2023-12-29 10:24:36 INFO  Keywords:286 - Waiting for webElement...attachment.upload
2023-12-29 10:24:36 INFO  Keywords:289 - Element found...attachment.upload
2023-12-29 10:24:56 INFO  Keywords:138 - ClickOnLink is called
2023-12-29 10:24:56 INFO  Keywords:286 - Waiting for webElement...SubmitButton
2023-12-29 10:24:56 INFO  Keywords:289 - Element found...SubmitButton
2023-12-29 10:26:32 INFO  Keywords:453 - switching to parent window...
2023-12-29 10:26:32 INFO  Keywords:97 - Navigate is called
2023-12-29 10:26:33 INFO  Keywords:531 - ClearText is called
2023-12-29 10:26:33 INFO  Keywords:286 - Waiting for webElement...gateway.username
2023-12-29 10:26:33 INFO  Keywords:289 - Element found...gateway.username
2023-12-29 10:26:33 INFO  Keywords:535 - LinkId: 520401
2023-12-29 10:26:33 INFO  Keywords:125 - InputText is called
2023-12-29 10:26:33 INFO  Keywords:286 - Waiting for webElement...gateway.username
2023-12-29 10:26:33 INFO  Keywords:289 - Element found...gateway.username
2023-12-29 10:26:33 INFO  Keywords:531 - ClearText is called
2023-12-29 10:26:33 INFO  Keywords:286 - Waiting for webElement...gateway.password
2023-12-29 10:26:33 INFO  Keywords:289 - Element found...gateway.password
2023-12-29 10:26:33 INFO  Keywords:535 - LinkId: 520401
2023-12-29 10:26:33 INFO  Keywords:125 - InputText is called
2023-12-29 10:26:33 INFO  Keywords:286 - Waiting for webElement...gateway.password
2023-12-29 10:26:33 INFO  Keywords:289 - Element found...gateway.password
2023-12-29 10:26:33 INFO  Keywords:138 - ClickOnLink is called
2023-12-29 10:26:33 INFO  Keywords:286 - Waiting for webElement...gateway.login
2023-12-29 10:26:33 INFO  Keywords:289 - Element found...gateway.login
2023-12-29 10:26:52 INFO  Keywords:138 - ClickOnLink is called
2023-12-29 10:26:52 INFO  Keywords:286 - Waiting for webElement...management
2023-12-29 10:26:52 INFO  Keywords:289 - Element found...management
2023-12-29 10:26:52 INFO  Keywords:286 - Waiting for webElement...managementTools
2023-12-29 10:26:52 INFO  Keywords:289 - Element found...managementTools
2023-12-29 10:26:54 INFO  Keywords:138 - ClickOnLink is called
2023-12-29 10:26:54 INFO  Keywords:286 - Waiting for webElement...feedManagement
2023-12-29 10:26:54 INFO  Keywords:289 - Element found...feedManagement
2023-12-29 10:27:10 INFO  Keywords:138 - ClickOnLink is called
2023-12-29 10:27:10 INFO  Keywords:286 - Waiting for webElement...searchPanel
2023-12-29 10:27:10 INFO  Keywords:289 - Element found...searchPanel
2023-12-29 10:27:10 INFO  Keywords:286 - Waiting for webElement...selectTransactionID
2023-12-29 10:27:10 INFO  Keywords:289 - Element found...selectTransactionID
2023-12-29 10:27:11 INFO  Keywords:125 - InputText is called
2023-12-29 10:27:11 INFO  Keywords:286 - Waiting for webElement...enterTransactioID
2023-12-29 10:27:11 INFO  Keywords:289 - Element found...enterTransactioID
2023-12-29 10:27:11 INFO  Keywords:138 - ClickOnLink is called
2023-12-29 10:27:11 INFO  Keywords:286 - Waiting for webElement...searchbutton
2023-12-29 10:27:11 INFO  Keywords:289 - Element found...searchbutton
2023-12-29 10:27:27 INFO  Keywords:138 - ClickOnLink is called
2023-12-29 10:27:27 INFO  Keywords:286 - Waiting for webElement...transactionSearchmyResult
2023-12-29 10:27:27 INFO  Keywords:289 - Element found...transactionSearchmyResult
2023-12-29 10:27:44 INFO  Keywords:138 - ClickOnLink is called
2023-12-29 10:27:44 INFO  Keywords:286 - Waiting for webElement...onenotThree
2023-12-29 10:27:44 INFO  Keywords:289 - Element found...onenotThree
2023-12-29 10:27:44 INFO  Keywords:286 - Waiting for webElement...103ResponseXML
2023-12-29 10:27:45 INFO  Keywords:289 - Element found...103ResponseXML
2023-12-29 10:28:17 INFO  Keywords:453 - switching to parent window...
2023-12-29 10:28:17 INFO  Keywords:97 - Navigate is called
2023-12-29 10:28:17 INFO  Keywords:531 - ClearText is called
2023-12-29 10:28:17 INFO  Keywords:286 - Waiting for webElement...gateway.username
2023-12-29 10:28:17 INFO  Keywords:289 - Element found...gateway.username
2023-12-29 10:28:17 INFO  Keywords:535 - <?xml version="1.0" encoding="utf-16"?>
<soap:Envelope xmlns:soap="http://schemas.xmlsoap.org/soap/envelope/" xmlns:xsd="http://www.w3.org/2001/XMLSchema" xmlns:acord="http://ACORD.org/Standards/Life/2" xmlns:finetre="www.finetre.com/webservices" xmlns:user="http://www.annuitynet.com/namespace" xmlns:xsi="http://www.w3.org/2001/XMLSchema-instance">
 <soap:Header>
 <Header xmlns="www.finetre.com/webservices">
 <SessionId />
 <TransactionType>TransactionXML</TransactionType>
 <ServiceVersion>1</ServiceVersion>
 <RequestorId />
 <RequestorKey xsi:nil="true" />
 <ResponderId>SO</ResponderId>
 <ResponderKey xsi:nil="true" />
 <RequestGUID>CB9A7BF6-ED10-49FF-AC69-F77F5C9B772C</RequestGUID>
 <RequestSentDateTime />
 <RequestReceivedDateTime>2023-12-29T4:46:21</RequestReceivedDateTime>
 <ResponseSentDateTime>2023-12-29T4:46:21</ResponseSentDateTime>
 <ResponseReceivedDateTime>0001-01-01T00:00:00.0000000-05:00</ResponseReceivedDateTime>
 <Extensions xsi:nil="true" />
 </Header>
 </soap:Header>
 <soap:Body>
 <UploadResponse xmlns="www.finetre.com/webservices">
 <Data>
 <Status>Success</Status>
 <Errors xsi:nil="false" />
 <Extensions xsi:nil="true" />
 </Data>
 </UploadResponse>
 </soap:Body>
</soap:Envelope>
2023-12-29 10:28:17 INFO  Keywords:125 - InputText is called
2023-12-29 10:28:17 INFO  Keywords:286 - Waiting for webElement...gateway.username
2023-12-29 10:28:17 INFO  Keywords:289 - Element found...gateway.username
2023-12-29 10:28:18 INFO  Keywords:531 - ClearText is called
2023-12-29 10:28:18 INFO  Keywords:286 - Waiting for webElement...gateway.password
2023-12-29 10:28:18 INFO  Keywords:289 - Element found...gateway.password
2023-12-29 10:28:18 INFO  Keywords:535 - <?xml version="1.0" encoding="utf-16"?>
<soap:Envelope xmlns:soap="http://schemas.xmlsoap.org/soap/envelope/" xmlns:xsd="http://www.w3.org/2001/XMLSchema" xmlns:acord="http://ACORD.org/Standards/Life/2" xmlns:finetre="www.finetre.com/webservices" xmlns:user="http://www.annuitynet.com/namespace" xmlns:xsi="http://www.w3.org/2001/XMLSchema-instance">
 <soap:Header>
 <Header xmlns="www.finetre.com/webservices">
 <SessionId />
 <TransactionType>TransactionXML</TransactionType>
 <ServiceVersion>1</ServiceVersion>
 <RequestorId />
 <RequestorKey xsi:nil="true" />
 <ResponderId>SO</ResponderId>
 <ResponderKey xsi:nil="true" />
 <RequestGUID>CB9A7BF6-ED10-49FF-AC69-F77F5C9B772C</RequestGUID>
 <RequestSentDateTime />
 <RequestReceivedDateTime>2023-12-29T4:46:21</RequestReceivedDateTime>
 <ResponseSentDateTime>2023-12-29T4:46:21</ResponseSentDateTime>
 <ResponseReceivedDateTime>0001-01-01T00:00:00.0000000-05:00</ResponseReceivedDateTime>
 <Extensions xsi:nil="true" />
 </Header>
 </soap:Header>
 <soap:Body>
 <UploadResponse xmlns="www.finetre.com/webservices">
 <Data>
 <Status>Success</Status>
 <Errors xsi:nil="false" />
 <Extensions xsi:nil="true" />
 </Data>
 </UploadResponse>
 </soap:Body>
</soap:Envelope>
2023-12-29 10:28:18 INFO  Keywords:125 - InputText is called
2023-12-29 10:28:18 INFO  Keywords:286 - Waiting for webElement...gateway.password
2023-12-29 10:28:18 INFO  Keywords:289 - Element found...gateway.password
2023-12-29 10:28:18 INFO  Keywords:138 - ClickOnLink is called
2023-12-29 10:28:18 INFO  Keywords:286 - Waiting for webElement...gateway.login
2023-12-29 10:28:18 INFO  Keywords:289 - Element found...gateway.login
2023-12-29 10:28:37 INFO  Keywords:138 - ClickOnLink is called
2023-12-29 10:28:37 INFO  Keywords:286 - Waiting for webElement...management
2023-12-29 10:28:37 INFO  Keywords:289 - Element found...management
2023-12-29 10:28:37 INFO  Keywords:286 - Waiting for webElement...managementTools
2023-12-29 10:28:37 INFO  Keywords:289 - Element found...managementTools
2023-12-29 10:28:38 INFO  Keywords:138 - ClickOnLink is called
2023-12-29 10:28:38 INFO  Keywords:286 - Waiting for webElement...feedManagement
2023-12-29 10:28:38 INFO  Keywords:289 - Element found...feedManagement
2023-12-29 10:28:55 INFO  Keywords:138 - ClickOnLink is called
2023-12-29 10:28:55 INFO  Keywords:286 - Waiting for webElement...searchPanel
2023-12-29 10:28:55 INFO  Keywords:289 - Element found...searchPanel
2023-12-29 10:28:55 INFO  Keywords:286 - Waiting for webElement...selectTransactionID
2023-12-29 10:28:55 INFO  Keywords:289 - Element found...selectTransactionID
2023-12-29 10:28:55 INFO  Keywords:125 - InputText is called
2023-12-29 10:28:55 INFO  Keywords:286 - Waiting for webElement...enterTransactioID
2023-12-29 10:28:55 INFO  Keywords:289 - Element found...enterTransactioID
2023-12-29 10:28:56 INFO  Keywords:138 - ClickOnLink is called
2023-12-29 10:28:56 INFO  Keywords:286 - Waiting for webElement...searchbutton
2023-12-29 10:28:56 INFO  Keywords:289 - Element found...searchbutton
2023-12-29 10:29:12 INFO  Keywords:138 - ClickOnLink is called
2023-12-29 10:29:12 INFO  Keywords:286 - Waiting for webElement...transactionSearchmyResult
2023-12-29 10:29:12 INFO  Keywords:289 - Element found...transactionSearchmyResult
2023-12-29 10:29:28 INFO  Keywords:138 - ClickOnLink is called
2023-12-29 10:29:28 INFO  Keywords:286 - Waiting for webElement...RTSMButton
2023-12-29 10:29:28 INFO  Keywords:289 - Element found...RTSMButton
2023-12-29 10:29:29 INFO  Keywords:286 - Waiting for webElement...RTSMResponseXML
2023-12-29 10:29:29 INFO  Keywords:289 - Element found...RTSMResponseXML
2023-12-29 10:30:03 INFO  Keywords:97 - Navigate is called
