2024-07-04 14:59:31 INFO  Keywords:102 - Navigate is called
2024-07-04 14:59:33 INFO  Keywords:128 - InputText is called
2024-07-04 14:59:33 INFO  Keywords:286 - Waiting for webElement...gateway.username
2024-07-04 14:59:34 INFO  Keywords:289 - Element found...gateway.username
2024-07-04 14:59:34 INFO  Keywords:128 - InputText is called
2024-07-04 14:59:34 INFO  Keywords:286 - Waiting for webElement...gateway.password
2024-07-04 14:59:34 INFO  Keywords:289 - Element found...gateway.password
2024-07-04 14:59:34 INFO  Keywords:139 - ClickOnLink is called
2024-07-04 14:59:34 INFO  Keywords:286 - Waiting for webElement...gateway.login
2024-07-04 14:59:34 INFO  Keywords:289 - Element found...gateway.login
2024-07-04 15:00:10 INFO  Keywords:139 - ClickOnLink is called
2024-07-04 15:00:10 INFO  Keywords:286 - Waiting for webElement...postsamldata
2024-07-04 15:00:10 INFO  Keywords:289 - Element found...postsamldata
2024-07-04 15:00:27 INFO  Keywords:139 - ClickOnLink is called
2024-07-04 15:00:27 INFO  Keywords:286 - Waiting for webElement...next
2024-07-04 15:00:53 INFO  Keywords:128 - InputText is called
2024-07-04 15:00:53 INFO  Keywords:286 - Waiting for webElement...policyConfiguration.insuranceamount
2024-07-04 15:01:03 INFO  Keywords:286 - Waiting for webElement...policyConfiguration.LTC
2024-07-04 15:01:13 INFO  Keywords:286 - Waiting for webElement...policyConfiguration.Benefit
2024-07-04 15:01:23 INFO  Keywords:286 - Waiting for webElement...policyConfiguration.payors
2024-07-04 15:01:33 INFO  Keywords:286 - Waiting for webElement...policyConfiguration.purposeofpolicy
2024-07-04 15:01:43 INFO  Keywords:139 - ClickOnLink is called
2024-07-04 15:01:43 INFO  Keywords:286 - Waiting for webElement...next
2024-07-04 15:03:23 INFO  Keywords:286 - Waiting for webElement...primaryinsured.birthcountry
2024-07-04 15:03:33 INFO  Keywords:286 - Waiting for webElement...primaryinsured.birthstate
2024-07-04 15:03:43 INFO  Keywords:128 - InputText is called
2024-07-04 15:03:43 INFO  Keywords:286 - Waiting for webElement...primaryinsured.birthcity
2024-07-04 15:03:53 INFO  Keywords:139 - ClickOnLink is called
2024-07-04 15:03:53 INFO  Keywords:286 - Waiting for webElement...next
2024-07-04 15:04:19 INFO  Keywords:139 - ClickOnLink is called
2024-07-04 15:04:19 INFO  Keywords:286 - Waiting for webElement...next
2024-07-04 15:04:46 INFO  Keywords:286 - Waiting for webElement...naturalOwner.relationwithInsured
2024-07-04 15:04:56 INFO  Keywords:286 - Waiting for webElement...naturalOwner.relationwithJointInsured
2024-07-04 15:05:06 INFO  Keywords:286 - Waiting for webElement...naturalOwner.PermamentResidentCard
2024-07-04 15:05:16 INFO  Keywords:128 - InputText is called
2024-07-04 15:05:16 INFO  Keywords:286 - Waiting for webElement...naturalOwner.ResidentCardIssueDAte
2024-07-04 15:05:26 INFO  Keywords:128 - InputText is called
2024-07-04 15:05:26 INFO  Keywords:286 - Waiting for webElement...naturalOwner.ResidentCardExpireationDAte
2024-07-04 15:05:36 INFO  Keywords:128 - InputText is called
2024-07-04 15:05:36 INFO  Keywords:286 - Waiting for webElement...naturalOwner.USLivingYrs
2024-07-04 15:05:46 INFO  Keywords:128 - InputText is called
2024-07-04 15:05:46 INFO  Keywords:286 - Waiting for webElement...naturalOwner.USLivingMonths
2024-07-04 15:05:56 INFO  Keywords:139 - ClickOnLink is called
2024-07-04 15:05:56 INFO  Keywords:286 - Waiting for webElement...next
2024-07-04 15:06:22 INFO  Keywords:286 - Waiting for webElement...financialDetails.SourceOfFundsLI
2024-07-04 15:06:32 INFO  Keywords:286 - Waiting for webElement...financialDetails.SurrenderChargeSOFLI
2024-07-04 15:06:42 INFO  Keywords:286 - Waiting for webElement...financialDetails.envisiontaking
2024-07-04 15:06:52 INFO  Keywords:286 - Waiting for webElement...financialDetails.federalfaxbracket
2024-07-04 15:07:02 INFO  Keywords:286 - Waiting for webElement...financialDetails.riskTolerance
2024-07-04 15:07:12 INFO  Keywords:286 - Waiting for webElement...financialDetails.Investmentobjectives
2024-07-04 15:07:22 INFO  Keywords:286 - Waiting for webElement...financialDetails.timehorizon
2024-07-04 15:07:32 INFO  Keywords:286 - Waiting for webElement...financialDetails.investmentexperienceFA
2024-07-04 15:07:43 INFO  Keywords:128 - InputText is called
2024-07-04 15:07:43 INFO  Keywords:286 - Waiting for webElement...financialDetails.investmentstartyear
2024-07-04 15:07:53 INFO  Keywords:128 - InputText is called
2024-07-04 15:07:53 INFO  Keywords:286 - Waiting for webElement...financialdetails.wages
2024-07-04 15:08:03 INFO  Keywords:128 - InputText is called
2024-07-04 15:08:03 INFO  Keywords:286 - Waiting for webElement...financialdetails.livingexpenses
2024-07-04 15:08:13 INFO  Keywords:128 - InputText is called
2024-07-04 15:08:13 INFO  Keywords:286 - Waiting for webElement...financialdetails.personalinvestment
2024-07-04 15:08:23 INFO  Keywords:128 - InputText is called
2024-07-04 15:08:23 INFO  Keywords:286 - Waiting for webElement...financialdetails.fixeddebtexpenses
2024-07-04 15:08:33 INFO  Keywords:128 - InputText is called
2024-07-04 15:08:33 INFO  Keywords:286 - Waiting for webElement...financialdetails.rentalincome
2024-07-04 15:08:43 INFO  Keywords:128 - InputText is called
2024-07-04 15:08:43 INFO  Keywords:286 - Waiting for webElement...financialdetails.variabledebtexpenses
2024-07-04 15:08:53 INFO  Keywords:128 - InputText is called
2024-07-04 15:08:53 INFO  Keywords:286 - Waiting for webElement...financialdetails.incomepension
2024-07-04 15:09:03 INFO  Keywords:128 - InputText is called
2024-07-04 15:09:03 INFO  Keywords:286 - Waiting for webElement...financialdetails.discretionaryexpenses
2024-07-04 15:09:13 INFO  Keywords:128 - InputText is called
2024-07-04 15:09:13 INFO  Keywords:286 - Waiting for webElement...financialdetails.socialsecurityincome
2024-07-04 15:09:23 INFO  Keywords:128 - InputText is called
2024-07-04 15:09:23 INFO  Keywords:286 - Waiting for webElement...financialdetails.otherincome
