2024-11-14 10:17:54 INFO  Keywords:106 - Navigate is called
2024-11-14 10:17:57 INFO  Keywords:132 - InputText is called
2024-11-14 10:17:57 INFO  Keywords:309 - Waiting for webElement...gateway.username
2024-11-14 10:17:57 INFO  Keywords:313 - Element found...gateway.username
2024-11-14 10:17:57 INFO  Keywords:132 - InputText is called
2024-11-14 10:17:57 INFO  Keywords:309 - Waiting for webElement...gateway.password
2024-11-14 10:17:57 INFO  Keywords:313 - Element found...gateway.password
2024-11-14 10:17:57 INFO  Keywords:143 - ClickOnLink is called
2024-11-14 10:17:57 INFO  Keywords:309 - Waiting for webElement...gateway.login
2024-11-14 10:17:57 INFO  Keywords:313 - Element found...gateway.login
2024-11-14 10:18:34 INFO  Keywords:143 - ClickOnLink is called
2024-11-14 10:18:34 INFO  Keywords:309 - Waiting for webElement...postsamldata
2024-11-14 10:18:34 INFO  Keywords:313 - Element found...postsamldata
2024-11-14 10:18:50 INFO  Keywords:143 - ClickOnLink is called
2024-11-14 10:18:50 INFO  Keywords:309 - Waiting for webElement...next
2024-11-14 10:19:16 INFO  Keywords:132 - InputText is called
2024-11-14 10:19:16 INFO  Keywords:309 - Waiting for webElement...policyConfiguration.insuranceamount
2024-11-14 10:19:26 INFO  Keywords:309 - Waiting for webElement...policyConfiguration.LTC
2024-11-14 10:19:36 INFO  Keywords:309 - Waiting for webElement...policyConfiguration.payors
2024-11-14 10:19:46 INFO  Keywords:309 - Waiting for webElement...policyConfiguration.purposeofpolicy
2024-11-14 10:19:56 INFO  Keywords:143 - ClickOnLink is called
2024-11-14 10:19:56 INFO  Keywords:309 - Waiting for webElement...next
2024-11-14 10:21:37 INFO  Keywords:309 - Waiting for webElement...primaryinsured.birthcountry
2024-11-14 10:21:47 INFO  Keywords:309 - Waiting for webElement...primaryinsured.birthstate
2024-11-14 10:21:57 INFO  Keywords:132 - InputText is called
2024-11-14 10:21:57 INFO  Keywords:309 - Waiting for webElement...primaryinsured.birthcity
2024-11-14 10:22:07 INFO  Keywords:143 - ClickOnLink is called
2024-11-14 10:22:07 INFO  Keywords:309 - Waiting for webElement...next
2024-11-14 10:22:33 INFO  Keywords:143 - ClickOnLink is called
2024-11-14 10:22:33 INFO  Keywords:309 - Waiting for webElement...next
2024-11-14 10:22:43 INFO  Keywords:309 - Waiting for webElement...naturalOwner.relationwithInsured
2024-11-14 10:22:53 INFO  Keywords:143 - ClickOnLink is called
2024-11-14 10:22:53 INFO  Keywords:309 - Waiting for webElement...next
2024-11-14 10:23:19 INFO  Keywords:309 - Waiting for webElement...financialDetails.SourceOfFundsLI
2024-11-14 10:23:29 INFO  Keywords:309 - Waiting for webElement...financialDetails.SurrenderChargeSOFLI
2024-11-14 10:23:39 INFO  Keywords:309 - Waiting for webElement...financialDetails.envisiontaking
2024-11-14 10:23:49 INFO  Keywords:309 - Waiting for webElement...financialDetails.federalfaxbracket
2024-11-14 10:23:59 INFO  Keywords:309 - Waiting for webElement...financialDetails.riskTolerance
2024-11-14 10:24:09 INFO  Keywords:309 - Waiting for webElement...financialDetails.Investmentobjectives
2024-11-14 10:24:19 INFO  Keywords:309 - Waiting for webElement...financialDetails.timehorizon
2024-11-14 10:24:29 INFO  Keywords:309 - Waiting for webElement...financialDetails.investmentexperienceFA
2024-11-14 10:24:39 INFO  Keywords:132 - InputText is called
2024-11-14 10:24:39 INFO  Keywords:309 - Waiting for webElement...financialDetails.investmentstartyear
2024-11-14 10:24:49 INFO  Keywords:132 - InputText is called
2024-11-14 10:24:49 INFO  Keywords:309 - Waiting for webElement...financialdetails.wages
2024-11-14 10:25:00 INFO  Keywords:132 - InputText is called
2024-11-14 10:25:00 INFO  Keywords:309 - Waiting for webElement...financialdetails.livingexpenses
2024-11-14 10:25:10 INFO  Keywords:132 - InputText is called
2024-11-14 10:25:10 INFO  Keywords:309 - Waiting for webElement...financialdetails.personalinvestment
2024-11-14 10:25:20 INFO  Keywords:132 - InputText is called
2024-11-14 10:25:20 INFO  Keywords:309 - Waiting for webElement...financialdetails.fixeddebtexpenses
2024-11-14 10:25:30 INFO  Keywords:132 - InputText is called
2024-11-14 10:25:30 INFO  Keywords:309 - Waiting for webElement...financialdetails.rentalincome
2024-11-14 10:25:40 INFO  Keywords:132 - InputText is called
2024-11-14 10:25:40 INFO  Keywords:309 - Waiting for webElement...financialdetails.variabledebtexpenses
2024-11-14 10:25:50 INFO  Keywords:132 - InputText is called
2024-11-14 10:25:50 INFO  Keywords:309 - Waiting for webElement...financialdetails.incomepension
2024-11-14 10:26:00 INFO  Keywords:132 - InputText is called
2024-11-14 10:26:00 INFO  Keywords:309 - Waiting for webElement...financialdetails.discretionaryexpenses
2024-11-14 10:26:10 INFO  Keywords:132 - InputText is called
2024-11-14 10:26:10 INFO  Keywords:309 - Waiting for webElement...financialdetails.socialsecurityincome
2024-11-14 10:26:20 INFO  Keywords:132 - InputText is called
2024-11-14 10:26:20 INFO  Keywords:309 - Waiting for webElement...financialdetails.otherincome
2024-11-14 10:26:30 INFO  Keywords:132 - InputText is called
2024-11-14 10:26:30 INFO  Keywords:309 - Waiting for webElement...financialdetails.bonds
2024-11-14 10:26:40 INFO  Keywords:132 - InputText is called
2024-11-14 10:26:40 INFO  Keywords:309 - Waiting for webElement...financialdetails.businessTrustRealstate
2024-11-14 10:26:50 INFO  Keywords:132 - InputText is called
2024-11-14 10:26:50 INFO  Keywords:309 - Waiting for webElement...financialdetails.retirementplan
2024-11-14 10:27:00 INFO  Keywords:132 - InputText is called
2024-11-14 10:27:00 INFO  Keywords:309 - Waiting for webElement...financialdetails.equities
2024-11-14 10:27:10 INFO  Keywords:132 - InputText is called
2024-11-14 10:27:10 INFO  Keywords:309 - Waiting for webElement...financialdetails.facevalueilfeinsurance
2024-11-14 10:27:20 INFO  Keywords:132 - InputText is called
2024-11-14 10:27:20 INFO  Keywords:309 - Waiting for webElement...financialdetails.fixedannuity
2024-11-14 10:27:30 INFO  Keywords:132 - InputText is called
2024-11-14 10:27:30 INFO  Keywords:309 - Waiting for webElement...financialdetails.indexannuity
2024-11-14 10:27:40 INFO  Keywords:132 - InputText is called
2024-11-14 10:27:40 INFO  Keywords:309 - Waiting for webElement...financialdetails.liquidnetworth
2024-11-14 10:27:51 INFO  Keywords:132 - InputText is called
2024-11-14 10:27:51 INFO  Keywords:309 - Waiting for webElement...financialdetails.AlerternativeInvetment
2024-11-14 10:28:01 INFO  Keywords:132 - InputText is called
2024-11-14 10:28:01 INFO  Keywords:309 - Waiting for webElement...financialdetails.mutualfund
2024-11-14 10:28:11 INFO  Keywords:132 - InputText is called
2024-11-14 10:28:11 INFO  Keywords:309 - Waiting for webElement...financialdetails.otherbrokerage
2024-11-14 10:28:21 INFO  Keywords:132 - InputText is called
2024-11-14 10:28:21 INFO  Keywords:309 - Waiting for webElement...financialdetails.policypremium
2024-11-14 10:28:31 INFO  Keywords:132 - InputText is called
2024-11-14 10:28:31 INFO  Keywords:309 - Waiting for webElement...financialdetails.variableannuity
2024-11-14 10:28:41 INFO  Keywords:132 - InputText is called
2024-11-14 10:28:41 INFO  Keywords:309 - Waiting for webElement...financialdetails.totalpremium
2024-11-14 10:28:51 INFO  Keywords:309 - Waiting for webElement...financialdetails.anticipatedchanges
2024-11-14 10:29:01 INFO  Keywords:309 - Waiting for webElement...financialdetails.nonguaranteedelement
2024-11-14 10:29:11 INFO  Keywords:309 - Waiting for webElement...financialdetails.reversemortgage
2024-11-14 10:29:21 INFO  Keywords:143 - ClickOnLink is called
2024-11-14 10:29:21 INFO  Keywords:309 - Waiting for webElement...next
2024-11-14 10:29:47 INFO  Keywords:309 - Waiting for webElement...payment.modal
2024-11-14 10:30:13 INFO  Keywords:309 - Waiting for webElement...payment.method
2024-11-14 10:30:23 INFO  Keywords:132 - InputText is called
2024-11-14 10:30:23 INFO  Keywords:309 - Waiting for webElement...payment.premium
2024-11-14 10:30:33 INFO  Keywords:143 - ClickOnLink is called
2024-11-14 10:30:33 INFO  Keywords:309 - Waiting for webElement...next
2024-11-14 10:30:59 INFO  Keywords:309 - Waiting for webElement...existinginsurance.borrowingfunds
2024-11-14 10:31:09 INFO  Keywords:309 - Waiting for webElement...existinginsurance.terminatingexistinglifepolicy
2024-11-14 10:31:19 INFO  Keywords:309 - Waiting for webElement...existinginsurance.longtermcoverage
2024-11-14 10:31:30 INFO  Keywords:309 - Waiting for webElement...existanceterminating.InsuranceCompanyName
2024-11-14 10:31:40 INFO  Keywords:132 - InputText is called
2024-11-14 10:31:40 INFO  Keywords:309 - Waiting for webElement...existanceterminating.ProductName
2024-11-14 10:31:50 INFO  Keywords:132 - InputText is called
2024-11-14 10:31:50 INFO  Keywords:309 - Waiting for webElement...existanceterminating.Insured
2024-11-14 10:32:00 INFO  Keywords:132 - InputText is called
2024-11-14 10:32:00 INFO  Keywords:309 - Waiting for webElement...existanceterminating.Owner
2024-11-14 10:32:10 INFO  Keywords:132 - InputText is called
2024-11-14 10:32:10 INFO  Keywords:309 - Waiting for webElement...existanceterminating.DateIssued
2024-11-14 10:32:20 INFO  Keywords:132 - InputText is called
2024-11-14 10:32:20 INFO  Keywords:309 - Waiting for webElement...existanceterminating.AmountOfInsurance
2024-11-14 10:32:30 INFO  Keywords:309 - Waiting for webElement...existanceterminating.ExistingInsuranceType
2024-11-14 10:32:40 INFO  Keywords:309 - Waiting for webElement...existanceterminating.ProductType
2024-11-14 10:32:50 INFO  Keywords:309 - Waiting for webElement...existanceterminating.LifeProductType
2024-11-14 10:33:00 INFO  Keywords:132 - InputText is called
2024-11-14 10:33:00 INFO  Keywords:309 - Waiting for webElement...existanceterminating.PolicyNo
2024-11-14 10:33:10 INFO  Keywords:309 - Waiting for webElement...existanceterminating.PurposeOfPolicy
