2024-08-21 11:37:27 INFO  Keywords:104 - Navigate is called
2024-08-21 11:37:29 INFO  Keywords:130 - InputText is called
2024-08-21 11:37:29 INFO  Keywords:301 - Waiting for webElement...gateway.username
2024-08-21 11:37:29 INFO  Keywords:305 - Element found...gateway.username
2024-08-21 11:37:29 INFO  Keywords:130 - InputText is called
2024-08-21 11:37:29 INFO  Keywords:301 - Waiting for webElement...gateway.password
2024-08-21 11:37:29 INFO  Keywords:305 - Element found...gateway.password
2024-08-21 11:37:29 INFO  Keywords:141 - ClickOnLink is called
2024-08-21 11:37:29 INFO  Keywords:301 - Waiting for webElement...gateway.login
2024-08-21 11:37:29 INFO  Keywords:305 - Element found...gateway.login
2024-08-21 11:38:06 INFO  Keywords:141 - ClickOnLink is called
2024-08-21 11:38:06 INFO  Keywords:301 - Waiting for webElement...postsamldata
2024-08-21 11:38:06 INFO  Keywords:305 - Element found...postsamldata
2024-08-21 11:38:22 INFO  Keywords:141 - ClickOnLink is called
2024-08-21 11:38:22 INFO  Keywords:301 - Waiting for webElement...next
2024-08-21 11:38:33 INFO  Keywords:305 - Element found...next
2024-08-21 11:38:55 INFO  Keywords:130 - InputText is called
2024-08-21 11:38:55 INFO  Keywords:301 - Waiting for webElement...policyConfiguration.insuranceamount
2024-08-21 11:39:14 INFO  Keywords:301 - Waiting for webElement...policyConfiguration.LTC
2024-08-21 11:39:24 INFO  Keywords:301 - Waiting for webElement...policyConfiguration.payors
2024-08-21 11:39:34 INFO  Keywords:301 - Waiting for webElement...policyConfiguration.purposeofpolicy
2024-08-21 11:39:41 INFO  Keywords:305 - Element found...policyConfiguration.purposeofpolicy
2024-08-21 11:39:42 INFO  Keywords:141 - ClickOnLink is called
2024-08-21 11:39:42 INFO  Keywords:301 - Waiting for webElement...next
2024-08-21 11:39:42 INFO  Keywords:305 - Element found...next
2024-08-21 11:40:03 INFO  Keywords:301 - Waiting for webElement...primaryinsured.birthcountry
2024-08-21 11:40:14 INFO  Keywords:301 - Waiting for webElement...primaryinsured.birthstate
2024-08-21 11:40:24 INFO  Keywords:130 - InputText is called
2024-08-21 11:40:24 INFO  Keywords:301 - Waiting for webElement...primaryinsured.birthcity
2024-08-21 11:40:39 INFO  Keywords:301 - Waiting for webElement...primaryinsured.drivinglicense
2024-08-21 11:41:17 INFO  Keywords:130 - InputText is called
2024-08-21 11:41:17 INFO  Keywords:301 - Waiting for webElement...primaryinsured.dlnumber
2024-08-21 11:41:43 INFO  Keywords:301 - Waiting for webElement...primaryinsured.dlissuestateAL
2024-08-21 11:42:33 INFO  Keywords:141 - ClickOnLink is called
2024-08-21 11:42:33 INFO  Keywords:301 - Waiting for webElement...next
2024-08-21 11:42:34 INFO  Keywords:305 - Element found...next
2024-08-21 11:42:36 INFO  Keywords:130 - InputText is called
2024-08-21 11:42:36 INFO  Keywords:301 - Waiting for webElement...TrustOther
2024-08-21 11:43:42 INFO  Keywords:301 - Waiting for webElement...TrustIrres
2024-08-21 11:43:58 INFO  Keywords:141 - ClickOnLink is called
2024-08-21 11:43:58 INFO  Keywords:301 - Waiting for webElement...next
2024-08-21 11:43:58 INFO  Keywords:305 - Element found...next
2024-08-21 11:44:17 INFO  Keywords:301 - Waiting for webElement...Trust_Relationship
2024-08-21 11:44:28 INFO  Keywords:141 - ClickOnLink is called
2024-08-21 11:44:28 INFO  Keywords:301 - Waiting for webElement...next
2024-08-21 11:44:28 INFO  Keywords:305 - Element found...next
2024-08-21 11:44:46 INFO  Keywords:141 - ClickOnLink is called
2024-08-21 11:44:46 INFO  Keywords:301 - Waiting for webElement...next
2024-08-21 11:44:46 INFO  Keywords:305 - Element found...next
2024-08-21 11:45:05 INFO  Keywords:301 - Waiting for webElement...financialDetails.SourceOfWealthLI
2024-08-21 11:45:15 INFO  Keywords:301 - Waiting for webElement...financialDetails.SourceOfFundsLI
2024-08-21 11:45:25 INFO  Keywords:301 - Waiting for webElement...financialDetails.SurrenderChargeSOFLI
2024-08-21 11:45:35 INFO  Keywords:301 - Waiting for webElement...financialDetails.envisiontaking
2024-08-21 11:45:46 INFO  Keywords:301 - Waiting for webElement...financialDetails.federalfaxbracket
2024-08-21 11:45:56 INFO  Keywords:301 - Waiting for webElement...financialDetails.riskTolerance
2024-08-21 11:46:06 INFO  Keywords:301 - Waiting for webElement...financialDetails.Investmentobjectives
2024-08-21 11:46:16 INFO  Keywords:301 - Waiting for webElement...financialDetails.timehorizon
2024-08-21 11:46:26 INFO  Keywords:301 - Waiting for webElement...financialDetails.investmentexperienceFA
2024-08-21 11:46:36 INFO  Keywords:130 - InputText is called
2024-08-21 11:46:36 INFO  Keywords:301 - Waiting for webElement...financialDetails.investmentstartyear
2024-08-21 11:46:46 INFO  Keywords:130 - InputText is called
2024-08-21 11:46:46 INFO  Keywords:301 - Waiting for webElement...financialdetails.wages
2024-08-21 11:46:56 INFO  Keywords:130 - InputText is called
2024-08-21 11:46:56 INFO  Keywords:301 - Waiting for webElement...financialdetails.livingexpenses
2024-08-21 11:47:06 INFO  Keywords:130 - InputText is called
2024-08-21 11:47:06 INFO  Keywords:301 - Waiting for webElement...financialdetails.personalinvestment
2024-08-21 11:47:16 INFO  Keywords:130 - InputText is called
2024-08-21 11:47:16 INFO  Keywords:301 - Waiting for webElement...financialdetails.fixeddebtexpenses
2024-08-21 11:47:26 INFO  Keywords:130 - InputText is called
2024-08-21 11:47:26 INFO  Keywords:301 - Waiting for webElement...financialdetails.rentalincome
2024-08-21 11:47:36 INFO  Keywords:130 - InputText is called
2024-08-21 11:47:36 INFO  Keywords:301 - Waiting for webElement...financialdetails.variabledebtexpenses
2024-08-21 11:47:46 INFO  Keywords:130 - InputText is called
2024-08-21 11:47:46 INFO  Keywords:301 - Waiting for webElement...financialdetails.incomepension
2024-08-21 11:47:57 INFO  Keywords:130 - InputText is called
2024-08-21 11:47:57 INFO  Keywords:301 - Waiting for webElement...financialdetails.discretionaryexpenses
2024-08-21 11:48:07 INFO  Keywords:130 - InputText is called
2024-08-21 11:48:07 INFO  Keywords:301 - Waiting for webElement...financialdetails.socialsecurityincome
2024-08-21 11:48:17 INFO  Keywords:130 - InputText is called
2024-08-21 11:48:17 INFO  Keywords:301 - Waiting for webElement...financialdetails.otherincome
2024-08-21 11:48:27 INFO  Keywords:130 - InputText is called
2024-08-21 11:48:27 INFO  Keywords:301 - Waiting for webElement...financialdetails.bonds
2024-08-21 11:48:37 INFO  Keywords:130 - InputText is called
2024-08-21 11:48:37 INFO  Keywords:301 - Waiting for webElement...financialdetails.businessTrustRealstate
2024-08-21 11:48:47 INFO  Keywords:130 - InputText is called
2024-08-21 11:48:47 INFO  Keywords:301 - Waiting for webElement...financialdetails.retirementplan
2024-08-21 11:48:57 INFO  Keywords:130 - InputText is called
2024-08-21 11:48:57 INFO  Keywords:301 - Waiting for webElement...financialdetails.equities
2024-08-21 11:49:07 INFO  Keywords:130 - InputText is called
2024-08-21 11:49:07 INFO  Keywords:301 - Waiting for webElement...financialdetails.facevalueilfeinsurance
2024-08-21 11:49:17 INFO  Keywords:130 - InputText is called
2024-08-21 11:49:17 INFO  Keywords:301 - Waiting for webElement...financialdetails.fixedannuity
2024-08-21 11:49:27 INFO  Keywords:130 - InputText is called
2024-08-21 11:49:27 INFO  Keywords:301 - Waiting for webElement...financialdetails.indexannuity
2024-08-21 11:49:37 INFO  Keywords:130 - InputText is called
2024-08-21 11:49:37 INFO  Keywords:301 - Waiting for webElement...financialdetails.liquidnetworth
2024-08-21 11:49:47 INFO  Keywords:130 - InputText is called
2024-08-21 11:49:47 INFO  Keywords:301 - Waiting for webElement...financialdetails.mutualfund
2024-08-21 11:49:57 INFO  Keywords:130 - InputText is called
2024-08-21 11:49:57 INFO  Keywords:301 - Waiting for webElement...financialdetails.otherbrokerage
2024-08-21 11:50:07 INFO  Keywords:130 - InputText is called
2024-08-21 11:50:07 INFO  Keywords:301 - Waiting for webElement...financialdetails.policypremium
