2024-05-22 11:09:15 INFO  Keywords:98 - Navigate is called
2024-05-22 11:09:18 INFO  Keywords:124 - InputText is called
2024-05-22 11:09:18 INFO  Keywords:282 - Waiting for webElement...gateway.username
2024-05-22 11:09:18 INFO  Keywords:285 - Element found...gateway.username
2024-05-22 11:09:18 INFO  Keywords:124 - InputText is called
2024-05-22 11:09:18 INFO  Keywords:282 - Waiting for webElement...gateway.password
2024-05-22 11:09:18 INFO  Keywords:285 - Element found...gateway.password
2024-05-22 11:09:18 INFO  Keywords:135 - ClickOnLink is called
2024-05-22 11:09:18 INFO  Keywords:282 - Waiting for webElement...gateway.login
2024-05-22 11:09:18 INFO  Keywords:285 - Element found...gateway.login
2024-05-22 11:09:57 INFO  Keywords:135 - ClickOnLink is called
2024-05-22 11:09:57 INFO  Keywords:282 - Waiting for webElement...postsamldata
2024-05-22 11:09:57 INFO  Keywords:285 - Element found...postsamldata
2024-05-22 11:10:14 INFO  Keywords:135 - ClickOnLink is called
2024-05-22 11:10:14 INFO  Keywords:282 - Waiting for webElement...next
2024-05-22 11:10:14 INFO  Keywords:285 - Element found...next
2024-05-22 11:10:37 INFO  Keywords:124 - InputText is called
2024-05-22 11:10:37 INFO  Keywords:282 - Waiting for webElement...policyConfiguration.insuranceamount
2024-05-22 11:10:37 INFO  Keywords:285 - Element found...policyConfiguration.insuranceamount
2024-05-22 11:10:37 INFO  Keywords:282 - Waiting for webElement...policyConfiguration.LTC
2024-05-22 11:10:37 INFO  Keywords:285 - Element found...policyConfiguration.LTC
2024-05-22 11:10:38 INFO  Keywords:282 - Waiting for webElement...policyConfiguration.payors
2024-05-22 11:10:38 INFO  Keywords:285 - Element found...policyConfiguration.payors
2024-05-22 11:10:38 INFO  Keywords:282 - Waiting for webElement...policyConfiguration.purposeofpolicy
2024-05-22 11:10:38 INFO  Keywords:285 - Element found...policyConfiguration.purposeofpolicy
2024-05-22 11:10:38 INFO  Keywords:135 - ClickOnLink is called
2024-05-22 11:10:38 INFO  Keywords:282 - Waiting for webElement...next
2024-05-22 11:10:38 INFO  Keywords:285 - Element found...next
2024-05-22 11:11:00 INFO  Keywords:282 - Waiting for webElement...primaryinsured.birthcountry
2024-05-22 11:11:10 INFO  Keywords:282 - Waiting for webElement...primaryinsured.birthstate
2024-05-22 11:11:20 INFO  Keywords:124 - InputText is called
2024-05-22 11:11:20 INFO  Keywords:282 - Waiting for webElement...primaryinsured.birthcity
2024-05-22 11:11:30 INFO  Keywords:135 - ClickOnLink is called
2024-05-22 11:11:30 INFO  Keywords:282 - Waiting for webElement...next
2024-05-22 11:11:30 INFO  Keywords:285 - Element found...next
2024-05-22 11:11:46 INFO  Keywords:282 - Waiting for webElement...PrimaryTrustIrr
2024-05-22 11:12:12 INFO  Keywords:135 - ClickOnLink is called
2024-05-22 11:12:12 INFO  Keywords:282 - Waiting for webElement...next
2024-05-22 11:12:12 INFO  Keywords:285 - Element found...next
2024-05-22 11:12:29 INFO  Keywords:282 - Waiting for webElement...Trust_Relationship
2024-05-22 11:12:39 INFO  Keywords:135 - ClickOnLink is called
2024-05-22 11:12:39 INFO  Keywords:282 - Waiting for webElement...next
2024-05-22 11:12:39 INFO  Keywords:285 - Element found...next
2024-05-22 11:13:00 INFO  Keywords:135 - ClickOnLink is called
2024-05-22 11:13:00 INFO  Keywords:282 - Waiting for webElement...next
2024-05-22 11:13:00 INFO  Keywords:285 - Element found...next
2024-05-22 11:13:21 INFO  Keywords:282 - Waiting for webElement...financialDetails.SourceOfWealthLI
2024-05-22 11:13:32 INFO  Keywords:282 - Waiting for webElement...financialDetails.SourceOfFundsLI
2024-05-22 11:13:42 INFO  Keywords:282 - Waiting for webElement...financialDetails.SurrenderChargeSOFLI
2024-05-22 11:13:52 INFO  Keywords:282 - Waiting for webElement...financialDetails.envisiontaking
2024-05-22 11:14:02 INFO  Keywords:282 - Waiting for webElement...financialDetails.federalfaxbracket
2024-05-22 11:14:12 INFO  Keywords:282 - Waiting for webElement...financialDetails.riskTolerance
2024-05-22 11:14:22 INFO  Keywords:282 - Waiting for webElement...financialDetails.Investmentobjectives
2024-05-22 11:14:32 INFO  Keywords:282 - Waiting for webElement...financialDetails.timehorizon
2024-05-22 11:14:42 INFO  Keywords:282 - Waiting for webElement...financialDetails.investmentexperienceFA
2024-05-22 11:14:53 INFO  Keywords:124 - InputText is called
2024-05-22 11:14:53 INFO  Keywords:282 - Waiting for webElement...financialDetails.investmentstartyear
2024-05-22 11:15:03 INFO  Keywords:124 - InputText is called
2024-05-22 11:15:03 INFO  Keywords:282 - Waiting for webElement...financialdetails.wages
2024-05-22 11:15:13 INFO  Keywords:124 - InputText is called
2024-05-22 11:15:13 INFO  Keywords:282 - Waiting for webElement...financialdetails.livingexpenses
2024-05-22 11:15:23 INFO  Keywords:124 - InputText is called
2024-05-22 11:15:23 INFO  Keywords:282 - Waiting for webElement...financialdetails.personalinvestment
2024-05-22 11:15:33 INFO  Keywords:124 - InputText is called
2024-05-22 11:15:33 INFO  Keywords:282 - Waiting for webElement...financialdetails.fixeddebtexpenses
2024-05-22 11:15:43 INFO  Keywords:124 - InputText is called
2024-05-22 11:15:43 INFO  Keywords:282 - Waiting for webElement...financialdetails.rentalincome
2024-05-22 11:15:53 INFO  Keywords:124 - InputText is called
2024-05-22 11:15:53 INFO  Keywords:282 - Waiting for webElement...financialdetails.variabledebtexpenses
2024-05-22 11:16:03 INFO  Keywords:124 - InputText is called
2024-05-22 11:16:03 INFO  Keywords:282 - Waiting for webElement...financialdetails.incomepension
2024-05-22 11:16:14 INFO  Keywords:124 - InputText is called
2024-05-22 11:16:14 INFO  Keywords:282 - Waiting for webElement...financialdetails.discretionaryexpenses
2024-05-22 11:16:24 INFO  Keywords:124 - InputText is called
2024-05-22 11:16:24 INFO  Keywords:282 - Waiting for webElement...financialdetails.socialsecurityincome
2024-05-22 11:16:34 INFO  Keywords:124 - InputText is called
2024-05-22 11:16:34 INFO  Keywords:282 - Waiting for webElement...financialdetails.otherincome
2024-05-22 11:16:44 INFO  Keywords:124 - InputText is called
2024-05-22 11:16:44 INFO  Keywords:282 - Waiting for webElement...financialdetails.bonds
2024-05-22 11:16:54 INFO  Keywords:124 - InputText is called
2024-05-22 11:16:54 INFO  Keywords:282 - Waiting for webElement...financialdetails.businessTrustRealstate
2024-05-22 11:17:04 INFO  Keywords:124 - InputText is called
2024-05-22 11:17:04 INFO  Keywords:282 - Waiting for webElement...financialdetails.retirementplan
2024-05-22 11:17:14 INFO  Keywords:124 - InputText is called
2024-05-22 11:17:14 INFO  Keywords:282 - Waiting for webElement...financialdetails.equities
2024-05-22 11:17:24 INFO  Keywords:124 - InputText is called
2024-05-22 11:17:24 INFO  Keywords:282 - Waiting for webElement...financialdetails.facevalueilfeinsurance
2024-05-22 11:17:34 INFO  Keywords:124 - InputText is called
2024-05-22 11:17:34 INFO  Keywords:282 - Waiting for webElement...financialdetails.fixedannuity
2024-05-22 11:17:45 INFO  Keywords:124 - InputText is called
2024-05-22 11:17:45 INFO  Keywords:282 - Waiting for webElement...financialdetails.indexannuity
2024-05-22 11:17:55 INFO  Keywords:124 - InputText is called
2024-05-22 11:17:55 INFO  Keywords:282 - Waiting for webElement...financialdetails.liquidnetworth
2024-05-22 11:18:05 INFO  Keywords:124 - InputText is called
2024-05-22 11:18:05 INFO  Keywords:282 - Waiting for webElement...financialdetails.mutualfund
2024-05-22 11:18:15 INFO  Keywords:124 - InputText is called
2024-05-22 11:18:15 INFO  Keywords:282 - Waiting for webElement...financialdetails.otherbrokerage
2024-05-22 11:18:25 INFO  Keywords:124 - InputText is called
2024-05-22 11:18:25 INFO  Keywords:282 - Waiting for webElement...financialdetails.policypremium
2024-05-22 11:18:35 INFO  Keywords:124 - InputText is called
2024-05-22 11:18:35 INFO  Keywords:282 - Waiting for webElement...financialdetails.variableannuity
2024-05-22 11:18:45 INFO  Keywords:124 - InputText is called
2024-05-22 11:18:45 INFO  Keywords:282 - Waiting for webElement...financialdetails.totalpremium
2024-05-22 11:18:55 INFO  Keywords:282 - Waiting for webElement...financialdetails.anticipatedchanges
2024-05-22 11:19:05 INFO  Keywords:282 - Waiting for webElement...financialdetails.nonguaranteedelement
2024-05-22 11:19:16 INFO  Keywords:282 - Waiting for webElement...financialdetails.reversemortgage
2024-05-22 11:19:26 INFO  Keywords:135 - ClickOnLink is called
2024-05-22 11:19:26 INFO  Keywords:282 - Waiting for webElement...next
2024-05-22 11:19:26 INFO  Keywords:285 - Element found...next
2024-05-22 11:19:47 INFO  Keywords:282 - Waiting for webElement...payment.modal
2024-05-22 11:20:13 INFO  Keywords:282 - Waiting for webElement...payment.method
2024-05-22 11:20:23 INFO  Keywords:124 - InputText is called
2024-05-22 11:20:23 INFO  Keywords:282 - Waiting for webElement...payment.premium
2024-05-22 11:20:33 INFO  Keywords:135 - ClickOnLink is called
2024-05-22 11:20:33 INFO  Keywords:282 - Waiting for webElement...next
2024-05-22 11:20:33 INFO  Keywords:285 - Element found...next
2024-05-22 11:20:58 INFO  Keywords:282 - Waiting for webElement...existinginsurance.borrowingfunds
2024-05-22 11:21:08 INFO  Keywords:282 - Waiting for webElement...existinginsurance.terminatingexistinglifepolicy
2024-05-22 11:21:18 INFO  Keywords:282 - Waiting for webElement...existinginsurance.longtermcoverage
2024-05-22 11:21:28 INFO  Keywords:282 - Waiting for webElement...existanceterminating.InsuranceCompanyName
2024-05-22 11:21:38 INFO  Keywords:124 - InputText is called
2024-05-22 11:21:38 INFO  Keywords:282 - Waiting for webElement...existanceterminating.ProductName
2024-05-22 11:21:48 INFO  Keywords:124 - InputText is called
2024-05-22 11:21:48 INFO  Keywords:282 - Waiting for webElement...existanceterminating.Insured
2024-05-22 11:21:58 INFO  Keywords:124 - InputText is called
2024-05-22 11:21:58 INFO  Keywords:282 - Waiting for webElement...existanceterminating.Owner
2024-05-22 11:22:09 INFO  Keywords:124 - InputText is called
2024-05-22 11:22:09 INFO  Keywords:282 - Waiting for webElement...existanceterminating.DateIssued
2024-05-22 11:22:19 INFO  Keywords:124 - InputText is called
2024-05-22 11:22:19 INFO  Keywords:282 - Waiting for webElement...existanceterminating.AmountOfInsurance
2024-05-22 11:22:29 INFO  Keywords:282 - Waiting for webElement...existanceterminating.ExistingInsuranceType
2024-05-22 11:22:39 INFO  Keywords:282 - Waiting for webElement...existanceterminating.ProductType
2024-05-22 11:22:49 INFO  Keywords:282 - Waiting for webElement...existanceterminating.LifeProductType
2024-05-22 11:22:59 INFO  Keywords:124 - InputText is called
2024-05-22 11:22:59 INFO  Keywords:282 - Waiting for webElement...existanceterminating.PolicyNo
2024-05-22 11:23:09 INFO  Keywords:282 - Waiting for webElement...existanceterminating.PurposeOfPolicy
2024-05-22 11:23:19 INFO  Keywords:282 - Waiting for webElement...existanceterminating.FundsNewPolicy
2024-05-22 11:23:30 INFO  Keywords:282 - Waiting for webElement...existanceterminating.ReplacingNewPolicy
2024-05-22 11:23:40 INFO  Keywords:282 - Waiting for webElement...existanceterminating.ReplacementThType
2024-05-22 11:23:50 INFO  Keywords:282 - Waiting for webElement...existanceterminating.1035ThExchange
2024-05-22 11:24:00 INFO  Keywords:124 - InputText is called
2024-05-22 11:24:00 INFO  Keywords:282 - Waiting for webElement...existanceterminating.ReasonReplacement
2024-05-22 11:24:10 INFO  Keywords:124 - InputText is called
2024-05-22 11:24:10 INFO  Keywords:282 - Waiting for webElement...existanceterminating.NoOfPolicy
2024-05-22 11:24:20 INFO  Keywords:124 - InputText is called
2024-05-22 11:24:20 INFO  Keywords:282 - Waiting for webElement...existanceterminating.PremiumPayment
2024-05-22 11:24:30 INFO  Keywords:124 - InputText is called
2024-05-22 11:24:30 INFO  Keywords:282 - Waiting for webElement...existanceterminating.FrequencyPremium
2024-05-22 11:24:41 INFO  Keywords:124 - InputText is called
2024-05-22 11:24:41 INFO  Keywords:282 - Waiting for webElement...existanceterminating.AmountBeingExchanged
2024-05-22 11:24:51 INFO  Keywords:124 - InputText is called
2024-05-22 11:24:51 INFO  Keywords:282 - Waiting for webElement...existanceterminating.SurrenderCharge
2024-05-22 11:25:01 INFO  Keywords:124 - InputText is called
2024-05-22 11:25:01 INFO  Keywords:282 - Waiting for webElement...existanceterminating.DeathBenefit
2024-05-22 11:25:11 INFO  Keywords:124 - InputText is called
2024-05-22 11:25:11 INFO  Keywords:282 - Waiting for webElement...existanceterminating.SpecialFeatures
2024-05-22 11:25:21 INFO  Keywords:135 - ClickOnLink is called
2024-05-22 11:25:21 INFO  Keywords:282 - Waiting for webElement...existanceterminating1.AddInstance
2024-05-22 11:25:31 INFO  Keywords:282 - Waiting for webElement...existanceterminating1.InsuranceCompanyName
2024-05-22 11:25:41 INFO  Keywords:124 - InputText is called
2024-05-22 11:25:41 INFO  Keywords:282 - Waiting for webElement...existanceterminating1.ProductName
2024-05-22 11:25:51 INFO  Keywords:124 - InputText is called
2024-05-22 11:25:51 INFO  Keywords:282 - Waiting for webElement...existanceterminating1.Insured
2024-05-22 11:26:02 INFO  Keywords:124 - InputText is called
2024-05-22 11:26:02 INFO  Keywords:282 - Waiting for webElement...existanceterminating1.Owner
2024-05-22 11:26:12 INFO  Keywords:124 - InputText is called
2024-05-22 11:26:12 INFO  Keywords:282 - Waiting for webElement...existanceterminating1.DateIssued
2024-05-22 11:26:22 INFO  Keywords:124 - InputText is called
2024-05-22 11:26:22 INFO  Keywords:282 - Waiting for webElement...existanceterminating1.AmountOfInsurance
2024-05-22 11:26:32 INFO  Keywords:282 - Waiting for webElement...existanceterminating1.ExistingInsuranceType
2024-05-22 11:26:42 INFO  Keywords:282 - Waiting for webElement...existanceterminating1.ProductType
2024-05-22 11:26:52 INFO  Keywords:282 - Waiting for webElement...existanceterminating1.LifeProductType
2024-05-22 11:27:02 INFO  Keywords:124 - InputText is called
2024-05-22 11:27:02 INFO  Keywords:282 - Waiting for webElement...existanceterminating1.PolicyNo
2024-05-22 11:27:12 INFO  Keywords:282 - Waiting for webElement...existanceterminating1.PurposeOfPolicy
2024-05-22 11:27:23 INFO  Keywords:282 - Waiting for webElement...existanceterminating1.FundsNewPolicy
2024-05-22 11:27:33 INFO  Keywords:282 - Waiting for webElement...existanceterminating1.ReplacingNewPolicy
2024-05-22 11:27:43 INFO  Keywords:282 - Waiting for webElement...existanceterminating1.ReplacementThType
2024-05-22 11:27:53 INFO  Keywords:282 - Waiting for webElement...existanceterminating1.1035ThExchange
2024-05-22 11:28:03 INFO  Keywords:124 - InputText is called
2024-05-22 11:28:03 INFO  Keywords:282 - Waiting for webElement...existanceterminating1.ReasonReplacement
2024-05-22 11:28:13 INFO  Keywords:124 - InputText is called
2024-05-22 11:28:13 INFO  Keywords:282 - Waiting for webElement...existanceterminating1.NoOfPolicy
2024-05-22 11:28:23 INFO  Keywords:124 - InputText is called
2024-05-22 11:28:23 INFO  Keywords:282 - Waiting for webElement...existanceterminating1.PremiumPayment
2024-05-22 11:28:33 INFO  Keywords:124 - InputText is called
2024-05-22 11:28:33 INFO  Keywords:282 - Waiting for webElement...existanceterminating1.FrequencyPremium
2024-05-22 11:28:44 INFO  Keywords:124 - InputText is called
2024-05-22 11:28:44 INFO  Keywords:282 - Waiting for webElement...existanceterminating1.AmountBeingExchanged
2024-05-22 11:28:54 INFO  Keywords:124 - InputText is called
2024-05-22 11:28:54 INFO  Keywords:282 - Waiting for webElement...existanceterminating1.SurrenderCharge
2024-05-22 11:29:04 INFO  Keywords:124 - InputText is called
2024-05-22 11:29:04 INFO  Keywords:282 - Waiting for webElement...existanceterminating1.DeathBenefit
2024-05-22 11:29:14 INFO  Keywords:124 - InputText is called
2024-05-22 11:29:14 INFO  Keywords:282 - Waiting for webElement...existanceterminating1.SpecialFeatures
2024-05-22 11:29:24 INFO  Keywords:282 - Waiting for webElement...existinginsurance.longtermpolicyYes
2024-05-22 11:29:34 INFO  Keywords:124 - InputText is called
2024-05-22 11:29:34 INFO  Keywords:282 - Waiting for webElement...existinglongtermpolicy.InsuranceName
2024-05-22 11:29:44 INFO  Keywords:124 - InputText is called
2024-05-22 11:29:44 INFO  Keywords:282 - Waiting for webElement...existinglongtermpolicy.policyCertificateNumber
2024-05-22 11:29:54 INFO  Keywords:124 - InputText is called
2024-05-22 11:29:54 INFO  Keywords:282 - Waiting for webElement...existinglongtermpolicy.ProductName
2024-05-22 11:30:04 INFO  Keywords:282 - Waiting for webElement...existinglongtermpolicy.ProductType
2024-05-22 11:30:15 INFO  Keywords:124 - InputText is called
2024-05-22 11:30:15 INFO  Keywords:282 - Waiting for webElement...existinglongtermpolicy.Insured
2024-05-22 11:30:25 INFO  Keywords:124 - InputText is called
2024-05-22 11:30:25 INFO  Keywords:282 - Waiting for webElement...existinglongtermpolicy.Owner
2024-05-22 11:30:35 INFO  Keywords:124 - InputText is called
2024-05-22 11:30:35 INFO  Keywords:282 - Waiting for webElement...existinglongtermpolicy.DailyBenefit
2024-05-22 11:30:45 INFO  Keywords:124 - InputText is called
2024-05-22 11:30:45 INFO  Keywords:282 - Waiting for webElement...existinglongtermpolicy.AmountOfInsurance
2024-05-22 11:30:55 INFO  Keywords:124 - InputText is called
2024-05-22 11:30:55 INFO  Keywords:282 - Waiting for webElement...existinglongtermpolicy.benefitAmount
2024-05-22 11:31:05 INFO  Keywords:124 - InputText is called
2024-05-22 11:31:05 INFO  Keywords:282 - Waiting for webElement...existinglongtermpolicy.benefitPeriod
2024-05-22 11:31:15 INFO  Keywords:135 - ClickOnLink is called
2024-05-22 11:31:15 INFO  Keywords:282 - Waiting for webElement...existinglongtermpolicy1.AddInstance
2024-05-22 11:31:25 INFO  Keywords:124 - InputText is called
2024-05-22 11:31:25 INFO  Keywords:282 - Waiting for webElement...existinglongtermpolicy1.InsuranceName
2024-05-22 11:31:36 INFO  Keywords:124 - InputText is called
2024-05-22 11:31:36 INFO  Keywords:282 - Waiting for webElement...existinglongtermpolicy1.policyCertificateNumber
2024-05-22 11:31:46 INFO  Keywords:124 - InputText is called
2024-05-22 11:31:46 INFO  Keywords:282 - Waiting for webElement...existinglongtermpolicy1.ProductName
2024-05-22 11:31:56 INFO  Keywords:282 - Waiting for webElement...existinglongtermpolicy1.ProductType
2024-05-22 11:32:06 INFO  Keywords:124 - InputText is called
2024-05-22 11:32:06 INFO  Keywords:282 - Waiting for webElement...existinglongtermpolicy1.Insured
2024-05-22 11:32:16 INFO  Keywords:124 - InputText is called
2024-05-22 11:32:16 INFO  Keywords:282 - Waiting for webElement...existinglongtermpolicy1.Owner
2024-05-22 11:32:26 INFO  Keywords:124 - InputText is called
2024-05-22 11:32:26 INFO  Keywords:282 - Waiting for webElement...existinglongtermpolicy1.DailyBenefit
2024-05-22 11:32:36 INFO  Keywords:124 - InputText is called
2024-05-22 11:32:36 INFO  Keywords:282 - Waiting for webElement...existinglongtermpolicy1.AmountOfInsurance
2024-05-22 11:32:46 INFO  Keywords:124 - InputText is called
2024-05-22 11:32:46 INFO  Keywords:282 - Waiting for webElement...existinglongtermpolicy1.benefitAmount
2024-05-22 11:32:56 INFO  Keywords:124 - InputText is called
2024-05-22 11:32:56 INFO  Keywords:282 - Waiting for webElement...existinglongtermpolicy1.benefitPeriod
2024-05-22 11:33:07 INFO  Keywords:282 - Waiting for webElement...existinginsurance.longterminsuranceYes
2024-05-22 11:33:17 INFO  Keywords:124 - InputText is called
2024-05-22 11:33:17 INFO  Keywords:282 - Waiting for webElement...existinglongterminsurance.InsuranceCompany
2024-05-22 11:33:27 INFO  Keywords:124 - InputText is called
2024-05-22 11:33:27 INFO  Keywords:282 - Waiting for webElement...existinglongterminsurance.Certificate
2024-05-22 11:33:37 INFO  Keywords:124 - InputText is called
2024-05-22 11:33:37 INFO  Keywords:282 - Waiting for webElement...existinglongterminsurance.LTCBenefit
2024-05-22 11:33:47 INFO  Keywords:124 - InputText is called
2024-05-22 11:33:47 INFO  Keywords:282 - Waiting for webElement...existinglongterminsurance.IssueDate
2024-05-22 11:33:57 INFO  Keywords:124 - InputText is called
2024-05-22 11:33:57 INFO  Keywords:282 - Waiting for webElement...existinglongterminsurance.LapseDate
2024-05-22 11:34:07 INFO  Keywords:135 - ClickOnLink is called
2024-05-22 11:34:07 INFO  Keywords:282 - Waiting for webElement...existinglongterminsurance1.AddInstance
2024-05-22 11:34:17 INFO  Keywords:124 - InputText is called
2024-05-22 11:34:17 INFO  Keywords:282 - Waiting for webElement...existinglongterminsurance1.InsuranceCompany
2024-05-22 11:34:28 INFO  Keywords:124 - InputText is called
2024-05-22 11:34:28 INFO  Keywords:282 - Waiting for webElement...existinglongterminsurance1.Certificate
2024-05-22 11:34:38 INFO  Keywords:124 - InputText is called
2024-05-22 11:34:38 INFO  Keywords:282 - Waiting for webElement...existinglongterminsurance1.LTCBenefit
2024-05-22 11:34:48 INFO  Keywords:124 - InputText is called
2024-05-22 11:34:48 INFO  Keywords:282 - Waiting for webElement...existinglongterminsurance1.IssueDate
2024-05-22 11:34:58 INFO  Keywords:124 - InputText is called
2024-05-22 11:34:58 INFO  Keywords:282 - Waiting for webElement...existinglongterminsurance1.LapseDate
2024-05-22 11:34:58 INFO  Keywords:135 - ClickOnLink is called
2024-05-22 11:34:58 INFO  Keywords:282 - Waiting for webElement...next
2024-05-22 11:34:58 INFO  Keywords:285 - Element found...next
2024-05-22 11:35:19 INFO  Keywords:135 - ClickOnLink is called
2024-05-22 11:35:19 INFO  Keywords:282 - Waiting for webElement...next
2024-05-22 11:35:19 INFO  Keywords:285 - Element found...next
2024-05-22 11:35:41 INFO  Keywords:124 - InputText is called
2024-05-22 11:35:41 INFO  Keywords:282 - Waiting for webElement...additionalclientquestion.q1
2024-05-22 11:35:51 INFO  Keywords:124 - InputText is called
2024-05-22 11:35:51 INFO  Keywords:282 - Waiting for webElement...additionalclientquestion.q2
2024-05-22 11:36:01 INFO  Keywords:124 - InputText is called
2024-05-22 11:36:01 INFO  Keywords:282 - Waiting for webElement...additionalclientquestion.q3
2024-05-22 11:36:11 INFO  Keywords:124 - InputText is called
2024-05-22 11:36:11 INFO  Keywords:282 - Waiting for webElement...additionalclientquestion.q4
2024-05-22 11:36:21 INFO  Keywords:124 - InputText is called
2024-05-22 11:36:21 INFO  Keywords:282 - Waiting for webElement...additionalclientquestion.q5
2024-05-22 11:36:31 INFO  Keywords:135 - ClickOnLink is called
2024-05-22 11:36:31 INFO  Keywords:282 - Waiting for webElement...attachment
2024-05-22 11:36:31 INFO  Keywords:285 - Element found...attachment
2024-05-22 11:36:32 INFO  Keywords:282 - Waiting for webElement...attachment.documenttype
2024-05-22 11:36:33 INFO  Keywords:285 - Element found...attachment.documenttype
2024-05-22 11:36:33 INFO  Keywords:124 - InputText is called
2024-05-22 11:36:33 INFO  Keywords:282 - Waiting for webElement...attachment.choosefile
2024-05-22 11:36:33 INFO  Keywords:285 - Element found...attachment.choosefile
2024-05-22 11:36:34 INFO  Keywords:135 - ClickOnLink is called
2024-05-22 11:36:34 INFO  Keywords:282 - Waiting for webElement...attachment.upload
2024-05-22 11:36:34 INFO  Keywords:285 - Element found...attachment.upload
2024-05-22 11:38:08 INFO  Keywords:409 - switching to particular window...
2024-05-22 11:38:08 INFO  Keywords:482 - GetText is called
2024-05-22 11:38:08 INFO  Keywords:282 - Waiting for webElement...ebixTxnID
2024-05-22 11:38:08 INFO  Keywords:285 - Element found...ebixTxnID
2024-05-22 11:38:09 INFO  Keywords:486 - LinkId: 529746
2024-05-22 11:38:09 INFO  Keywords:530 - LinkId: 529746
2024-05-22 11:38:09 INFO  Keywords:482 - GetText is called
2024-05-22 11:38:09 INFO  Keywords:282 - Waiting for webElement...ebixTxnID
2024-05-22 11:38:09 INFO  Keywords:285 - Element found...ebixTxnID
2024-05-22 11:38:09 INFO  Keywords:486 - LinkId: 529746
2024-05-22 11:38:09 INFO  Keywords:135 - ClickOnLink is called
2024-05-22 11:38:09 INFO  Keywords:282 - Waiting for webElement...next
2024-05-22 11:38:09 INFO  Keywords:285 - Element found...next
2024-05-22 11:38:31 INFO  Keywords:135 - ClickOnLink is called
2024-05-22 11:38:31 INFO  Keywords:282 - Waiting for webElement...validate.button
2024-05-22 11:39:13 INFO  Keywords:135 - ClickOnLink is called
2024-05-22 11:39:13 INFO  Keywords:282 - Waiting for webElement...notification.continue
2024-05-22 11:39:39 INFO  Keywords:135 - ClickOnLink is called
2024-05-22 11:39:39 INFO  Keywords:282 - Waiting for webElement...esignature.optout
2024-05-22 11:41:19 INFO  Keywords:147 - VerifyText is called
2024-05-22 11:41:19 INFO  Keywords:282 - Waiting for webElement...WebElement
2024-05-22 11:41:19 INFO  Keywords:135 - ClickOnLink is called
2024-05-22 11:41:19 INFO  Keywords:282 - Waiting for webElement...attachment
2024-05-22 11:41:19 INFO  Keywords:285 - Element found...attachment
2024-05-22 11:41:20 INFO  Keywords:282 - Waiting for webElement...attachment.documenttype
2024-05-22 11:41:20 INFO  Keywords:285 - Element found...attachment.documenttype
2024-05-22 11:41:20 INFO  Keywords:124 - InputText is called
2024-05-22 11:41:20 INFO  Keywords:282 - Waiting for webElement...attachment.choosefile
2024-05-22 11:41:20 INFO  Keywords:285 - Element found...attachment.choosefile
2024-05-22 11:41:20 INFO  Keywords:135 - ClickOnLink is called
2024-05-22 11:41:20 INFO  Keywords:282 - Waiting for webElement...attachment.upload
2024-05-22 11:41:20 INFO  Keywords:285 - Element found...attachment.upload
2024-05-22 11:41:42 INFO  Keywords:135 - ClickOnLink is called
2024-05-22 11:41:42 INFO  Keywords:282 - Waiting for webElement...RequestSignatures
2024-05-22 11:42:08 INFO  Keywords:282 - Waiting for webElement...attachment.documenttype
2024-05-22 11:42:09 INFO  Keywords:285 - Element found...attachment.documenttype
2024-05-22 11:42:09 INFO  Keywords:124 - InputText is called
2024-05-22 11:42:09 INFO  Keywords:282 - Waiting for webElement...attachment.choosefile
2024-05-22 11:42:09 INFO  Keywords:285 - Element found...attachment.choosefile
2024-05-22 11:42:09 INFO  Keywords:135 - ClickOnLink is called
2024-05-22 11:42:09 INFO  Keywords:282 - Waiting for webElement...attachment.upload
2024-05-22 11:42:09 INFO  Keywords:285 - Element found...attachment.upload
2024-05-22 11:42:30 INFO  Keywords:135 - ClickOnLink is called
2024-05-22 11:42:30 INFO  Keywords:282 - Waiting for webElement...SubmitButton
2024-05-22 11:44:10 INFO  Keywords:428 - switching to parent window...
2024-05-22 11:44:10 INFO  Keywords:98 - Navigate is called
2024-05-22 11:44:11 INFO  Keywords:496 - ClearText is called
2024-05-22 11:44:11 INFO  Keywords:282 - Waiting for webElement...gateway.username
2024-05-22 11:44:11 INFO  Keywords:285 - Element found...gateway.username
2024-05-22 11:44:11 INFO  Keywords:500 - LinkId: 529746
2024-05-22 11:44:11 INFO  Keywords:124 - InputText is called
2024-05-22 11:44:11 INFO  Keywords:282 - Waiting for webElement...gateway.username
2024-05-22 11:44:11 INFO  Keywords:285 - Element found...gateway.username
2024-05-22 11:44:11 INFO  Keywords:496 - ClearText is called
2024-05-22 11:44:11 INFO  Keywords:282 - Waiting for webElement...gateway.password
2024-05-22 11:44:11 INFO  Keywords:285 - Element found...gateway.password
2024-05-22 11:44:11 INFO  Keywords:500 - LinkId: 529746
2024-05-22 11:44:11 INFO  Keywords:124 - InputText is called
2024-05-22 11:44:11 INFO  Keywords:282 - Waiting for webElement...gateway.password
2024-05-22 11:44:11 INFO  Keywords:285 - Element found...gateway.password
2024-05-22 11:44:11 INFO  Keywords:135 - ClickOnLink is called
2024-05-22 11:44:11 INFO  Keywords:282 - Waiting for webElement...gateway.login
2024-05-22 11:44:11 INFO  Keywords:285 - Element found...gateway.login
2024-05-22 11:44:31 INFO  Keywords:135 - ClickOnLink is called
2024-05-22 11:44:31 INFO  Keywords:282 - Waiting for webElement...management
2024-05-22 11:44:31 INFO  Keywords:285 - Element found...management
2024-05-22 11:44:32 INFO  Keywords:282 - Waiting for webElement...managementTools
2024-05-22 11:44:32 INFO  Keywords:285 - Element found...managementTools
2024-05-22 11:44:33 INFO  Keywords:135 - ClickOnLink is called
2024-05-22 11:44:33 INFO  Keywords:282 - Waiting for webElement...feedManagement
2024-05-22 11:44:33 INFO  Keywords:285 - Element found...feedManagement
2024-05-22 11:44:49 INFO  Keywords:135 - ClickOnLink is called
2024-05-22 11:44:49 INFO  Keywords:282 - Waiting for webElement...searchPanel
2024-05-22 11:44:49 INFO  Keywords:285 - Element found...searchPanel
2024-05-22 11:44:49 INFO  Keywords:282 - Waiting for webElement...selectTransactionID
2024-05-22 11:44:50 INFO  Keywords:285 - Element found...selectTransactionID
2024-05-22 11:44:50 INFO  Keywords:124 - InputText is called
2024-05-22 11:44:50 INFO  Keywords:282 - Waiting for webElement...enterTransactioID
2024-05-22 11:44:50 INFO  Keywords:285 - Element found...enterTransactioID
2024-05-22 11:44:50 INFO  Keywords:135 - ClickOnLink is called
2024-05-22 11:44:50 INFO  Keywords:282 - Waiting for webElement...searchbutton
2024-05-22 11:44:50 INFO  Keywords:285 - Element found...searchbutton
2024-05-22 11:45:06 INFO  Keywords:135 - ClickOnLink is called
2024-05-22 11:45:06 INFO  Keywords:282 - Waiting for webElement...transactionSearchmyResult
2024-05-22 11:45:06 INFO  Keywords:285 - Element found...transactionSearchmyResult
2024-05-22 11:45:23 INFO  Keywords:135 - ClickOnLink is called
2024-05-22 11:45:23 INFO  Keywords:282 - Waiting for webElement...onenotThree
2024-05-22 11:45:23 INFO  Keywords:285 - Element found...onenotThree
2024-05-22 11:45:23 INFO  Keywords:282 - Waiting for webElement...103ResponseXML
2024-05-22 11:46:05 INFO  Keywords:428 - switching to parent window...
2024-05-22 11:46:05 INFO  Keywords:98 - Navigate is called
2024-05-22 11:46:06 INFO  Keywords:496 - ClearText is called
2024-05-22 11:46:06 INFO  Keywords:282 - Waiting for webElement...gateway.username
2024-05-22 11:46:06 INFO  Keywords:285 - Element found...gateway.username
2024-05-22 11:46:06 INFO  Keywords:500 - LinkId: 529746
2024-05-22 11:46:06 INFO  Keywords:124 - InputText is called
2024-05-22 11:46:06 INFO  Keywords:282 - Waiting for webElement...gateway.username
2024-05-22 11:46:06 INFO  Keywords:285 - Element found...gateway.username
2024-05-22 11:46:06 INFO  Keywords:496 - ClearText is called
2024-05-22 11:46:06 INFO  Keywords:282 - Waiting for webElement...gateway.password
2024-05-22 11:46:06 INFO  Keywords:285 - Element found...gateway.password
2024-05-22 11:46:06 INFO  Keywords:500 - LinkId: 529746
2024-05-22 11:46:06 INFO  Keywords:124 - InputText is called
2024-05-22 11:46:06 INFO  Keywords:282 - Waiting for webElement...gateway.password
2024-05-22 11:46:06 INFO  Keywords:285 - Element found...gateway.password
2024-05-22 11:46:06 INFO  Keywords:135 - ClickOnLink is called
2024-05-22 11:46:06 INFO  Keywords:282 - Waiting for webElement...gateway.login
2024-05-22 11:46:06 INFO  Keywords:285 - Element found...gateway.login
2024-05-22 11:46:26 INFO  Keywords:135 - ClickOnLink is called
2024-05-22 11:46:26 INFO  Keywords:282 - Waiting for webElement...management
2024-05-22 11:46:26 INFO  Keywords:285 - Element found...management
2024-05-22 11:46:26 INFO  Keywords:282 - Waiting for webElement...managementTools
2024-05-22 11:46:26 INFO  Keywords:285 - Element found...managementTools
2024-05-22 11:46:27 INFO  Keywords:135 - ClickOnLink is called
2024-05-22 11:46:27 INFO  Keywords:282 - Waiting for webElement...feedManagement
2024-05-22 11:46:27 INFO  Keywords:285 - Element found...feedManagement
2024-05-22 11:46:44 INFO  Keywords:135 - ClickOnLink is called
2024-05-22 11:46:44 INFO  Keywords:282 - Waiting for webElement...searchPanel
2024-05-22 11:46:44 INFO  Keywords:285 - Element found...searchPanel
2024-05-22 11:46:44 INFO  Keywords:282 - Waiting for webElement...selectTransactionID
2024-05-22 11:46:44 INFO  Keywords:285 - Element found...selectTransactionID
2024-05-22 11:46:44 INFO  Keywords:124 - InputText is called
2024-05-22 11:46:44 INFO  Keywords:282 - Waiting for webElement...enterTransactioID
2024-05-22 11:46:44 INFO  Keywords:285 - Element found...enterTransactioID
2024-05-22 11:46:44 INFO  Keywords:135 - ClickOnLink is called
2024-05-22 11:46:44 INFO  Keywords:282 - Waiting for webElement...searchbutton
2024-05-22 11:46:44 INFO  Keywords:285 - Element found...searchbutton
2024-05-22 11:47:01 INFO  Keywords:135 - ClickOnLink is called
2024-05-22 11:47:01 INFO  Keywords:282 - Waiting for webElement...transactionSearchmyResult
2024-05-22 11:47:01 INFO  Keywords:285 - Element found...transactionSearchmyResult
2024-05-22 11:47:17 INFO  Keywords:135 - ClickOnLink is called
2024-05-22 11:47:17 INFO  Keywords:282 - Waiting for webElement...RTSMButton
2024-05-22 11:47:17 INFO  Keywords:285 - Element found...RTSMButton
2024-05-22 11:47:17 INFO  Keywords:282 - Waiting for webElement...RTSMResponseXML
2024-05-22 11:48:08 INFO  Keywords:98 - Navigate is called
2024-05-22 11:48:11 INFO  Keywords:124 - InputText is called
2024-05-22 11:48:11 INFO  Keywords:282 - Waiting for webElement...gateway.username
2024-05-22 11:48:11 INFO  Keywords:285 - Element found...gateway.username
2024-05-22 11:48:12 INFO  Keywords:124 - InputText is called
2024-05-22 11:48:12 INFO  Keywords:282 - Waiting for webElement...gateway.password
2024-05-22 11:48:12 INFO  Keywords:285 - Element found...gateway.password
2024-05-22 11:48:12 INFO  Keywords:135 - ClickOnLink is called
2024-05-22 11:48:12 INFO  Keywords:282 - Waiting for webElement...gateway.login
2024-05-22 11:48:12 INFO  Keywords:285 - Element found...gateway.login
2024-05-22 11:48:53 INFO  Keywords:135 - ClickOnLink is called
2024-05-22 11:48:53 INFO  Keywords:282 - Waiting for webElement...postsamldata
2024-05-22 11:48:53 INFO  Keywords:285 - Element found...postsamldata
2024-05-22 11:49:09 INFO  Keywords:135 - ClickOnLink is called
2024-05-22 11:49:09 INFO  Keywords:282 - Waiting for webElement...next
2024-05-22 11:49:13 INFO  Keywords:285 - Element found...next
2024-05-22 11:49:36 INFO  Keywords:482 - GetText is called
2024-05-22 11:49:36 INFO  Keywords:282 - Waiting for webElement...policyConfiguration.insuranceamount
2024-05-22 11:49:46 INFO  Keywords:282 - Waiting for webElement...policyConfiguration.LTC
2024-05-22 11:49:56 INFO  Keywords:282 - Waiting for webElement...policyConfiguration.Benefit
