2024-07-18 16:47:42 INFO  Keywords:102 - Navigate is called
2024-07-18 16:47:44 INFO  Keywords:128 - InputText is called
2024-07-18 16:47:44 INFO  Keywords:286 - Waiting for webElement...gateway.username
2024-07-18 16:47:44 INFO  Keywords:290 - Element found...gateway.username
2024-07-18 16:47:44 INFO  Keywords:128 - InputText is called
2024-07-18 16:47:44 INFO  Keywords:286 - Waiting for webElement...gateway.password
2024-07-18 16:47:44 INFO  Keywords:290 - Element found...gateway.password
2024-07-18 16:47:44 INFO  Keywords:139 - ClickOnLink is called
2024-07-18 16:47:44 INFO  Keywords:286 - Waiting for webElement...gateway.login
2024-07-18 16:47:44 INFO  Keywords:290 - Element found...gateway.login
2024-07-18 16:48:21 INFO  Keywords:139 - ClickOnLink is called
2024-07-18 16:48:21 INFO  Keywords:286 - Waiting for webElement...postsamldata
2024-07-18 16:48:21 INFO  Keywords:290 - Element found...postsamldata
2024-07-18 16:48:38 INFO  Keywords:139 - ClickOnLink is called
2024-07-18 16:48:38 INFO  Keywords:286 - Waiting for webElement...next
2024-07-18 16:48:38 INFO  Keywords:290 - Element found...next
2024-07-18 16:48:57 INFO  Keywords:128 - InputText is called
2024-07-18 16:48:57 INFO  Keywords:286 - Waiting for webElement...policyConfiguration.insuranceamount
2024-07-18 16:48:57 INFO  Keywords:290 - Element found...policyConfiguration.insuranceamount
2024-07-18 16:48:57 INFO  Keywords:286 - Waiting for webElement...policyConfiguration.LTC
2024-07-18 16:48:57 INFO  Keywords:290 - Element found...policyConfiguration.LTC
2024-07-18 16:48:57 INFO  Keywords:286 - Waiting for webElement...policyConfiguration.Benefit
2024-07-18 16:49:47 INFO  Keywords:286 - Waiting for webElement...policyConfiguration.payors
2024-07-18 16:49:47 INFO  Keywords:290 - Element found...policyConfiguration.payors
2024-07-18 16:49:48 INFO  Keywords:286 - Waiting for webElement...policyConfiguration.purposeofpolicy
2024-07-18 16:49:48 INFO  Keywords:290 - Element found...policyConfiguration.purposeofpolicy
2024-07-18 16:49:48 INFO  Keywords:139 - ClickOnLink is called
2024-07-18 16:49:48 INFO  Keywords:286 - Waiting for webElement...next
2024-07-18 16:49:48 INFO  Keywords:290 - Element found...next
2024-07-18 16:51:23 INFO  Keywords:286 - Waiting for webElement...primaryinsured.birthcountry
2024-07-18 16:51:23 INFO  Keywords:290 - Element found...primaryinsured.birthcountry
2024-07-18 16:51:23 INFO  Keywords:286 - Waiting for webElement...primaryinsured.birthstate
2024-07-18 16:51:23 INFO  Keywords:290 - Element found...primaryinsured.birthstate
2024-07-18 16:51:24 INFO  Keywords:128 - InputText is called
2024-07-18 16:51:24 INFO  Keywords:286 - Waiting for webElement...primaryinsured.birthcity
2024-07-18 16:51:34 INFO  Keywords:139 - ClickOnLink is called
2024-07-18 16:51:34 INFO  Keywords:286 - Waiting for webElement...next
2024-07-18 16:51:34 INFO  Keywords:290 - Element found...next
2024-07-18 16:51:53 INFO  Keywords:139 - ClickOnLink is called
2024-07-18 16:51:53 INFO  Keywords:286 - Waiting for webElement...next
2024-07-18 16:51:53 INFO  Keywords:290 - Element found...next
2024-07-18 16:52:13 INFO  Keywords:286 - Waiting for webElement...naturalOwner.relationwithInsured
2024-07-18 16:52:13 INFO  Keywords:290 - Element found...naturalOwner.relationwithInsured
2024-07-18 16:52:13 INFO  Keywords:286 - Waiting for webElement...naturalOwner.relationwithJointInsured
2024-07-18 16:53:04 INFO  Keywords:286 - Waiting for webElement...naturalOwner.PermamentResidentCard
2024-07-18 16:53:04 INFO  Keywords:290 - Element found...naturalOwner.PermamentResidentCard
2024-07-18 16:53:04 INFO  Keywords:128 - InputText is called
2024-07-18 16:53:04 INFO  Keywords:286 - Waiting for webElement...naturalOwner.ResidentCardIssueDAte
2024-07-18 16:53:04 INFO  Keywords:290 - Element found...naturalOwner.ResidentCardIssueDAte
2024-07-18 16:53:04 INFO  Keywords:128 - InputText is called
2024-07-18 16:53:04 INFO  Keywords:286 - Waiting for webElement...naturalOwner.ResidentCardExpireationDAte
2024-07-18 16:53:04 INFO  Keywords:290 - Element found...naturalOwner.ResidentCardExpireationDAte
2024-07-18 16:53:04 INFO  Keywords:128 - InputText is called
2024-07-18 16:53:04 INFO  Keywords:286 - Waiting for webElement...naturalOwner.USLivingYrs
2024-07-18 16:53:04 INFO  Keywords:290 - Element found...naturalOwner.USLivingYrs
2024-07-18 16:53:04 INFO  Keywords:128 - InputText is called
2024-07-18 16:53:04 INFO  Keywords:286 - Waiting for webElement...naturalOwner.USLivingMonths
2024-07-18 16:53:04 INFO  Keywords:290 - Element found...naturalOwner.USLivingMonths
2024-07-18 16:53:04 INFO  Keywords:139 - ClickOnLink is called
2024-07-18 16:53:04 INFO  Keywords:286 - Waiting for webElement...next
2024-07-18 16:53:04 INFO  Keywords:290 - Element found...next
2024-07-18 16:53:24 INFO  Keywords:286 - Waiting for webElement...financialDetails.SourceOfFundsLI
2024-07-18 16:53:24 INFO  Keywords:290 - Element found...financialDetails.SourceOfFundsLI
2024-07-18 16:53:24 INFO  Keywords:286 - Waiting for webElement...financialDetails.SurrenderChargeSOFLI
2024-07-18 16:53:24 INFO  Keywords:290 - Element found...financialDetails.SurrenderChargeSOFLI
2024-07-18 16:53:24 INFO  Keywords:286 - Waiting for webElement...financialDetails.envisiontaking
2024-07-18 16:53:24 INFO  Keywords:290 - Element found...financialDetails.envisiontaking
2024-07-18 16:53:25 INFO  Keywords:286 - Waiting for webElement...financialDetails.federalfaxbracket
2024-07-18 16:53:25 INFO  Keywords:290 - Element found...financialDetails.federalfaxbracket
2024-07-18 16:53:25 INFO  Keywords:286 - Waiting for webElement...financialDetails.riskTolerance
2024-07-18 16:53:25 INFO  Keywords:290 - Element found...financialDetails.riskTolerance
2024-07-18 16:53:25 INFO  Keywords:286 - Waiting for webElement...financialDetails.Investmentobjectives
2024-07-18 16:53:25 INFO  Keywords:290 - Element found...financialDetails.Investmentobjectives
2024-07-18 16:53:25 INFO  Keywords:286 - Waiting for webElement...financialDetails.timehorizon
2024-07-18 16:53:25 INFO  Keywords:290 - Element found...financialDetails.timehorizon
2024-07-18 16:53:25 INFO  Keywords:286 - Waiting for webElement...financialDetails.investmentexperienceFA
2024-07-18 16:53:26 INFO  Keywords:290 - Element found...financialDetails.investmentexperienceFA
2024-07-18 16:53:26 INFO  Keywords:128 - InputText is called
2024-07-18 16:53:26 INFO  Keywords:286 - Waiting for webElement...financialDetails.investmentstartyear
2024-07-18 16:53:26 INFO  Keywords:290 - Element found...financialDetails.investmentstartyear
2024-07-18 16:53:26 INFO  Keywords:128 - InputText is called
2024-07-18 16:53:26 INFO  Keywords:286 - Waiting for webElement...financialdetails.wages
2024-07-18 16:53:26 INFO  Keywords:290 - Element found...financialdetails.wages
2024-07-18 16:53:26 INFO  Keywords:128 - InputText is called
2024-07-18 16:53:26 INFO  Keywords:286 - Waiting for webElement...financialdetails.livingexpenses
2024-07-18 16:53:26 INFO  Keywords:290 - Element found...financialdetails.livingexpenses
2024-07-18 16:53:26 INFO  Keywords:128 - InputText is called
2024-07-18 16:53:26 INFO  Keywords:286 - Waiting for webElement...financialdetails.personalinvestment
2024-07-18 16:53:26 INFO  Keywords:290 - Element found...financialdetails.personalinvestment
2024-07-18 16:53:26 INFO  Keywords:128 - InputText is called
2024-07-18 16:53:26 INFO  Keywords:286 - Waiting for webElement...financialdetails.fixeddebtexpenses
2024-07-18 16:53:26 INFO  Keywords:290 - Element found...financialdetails.fixeddebtexpenses
2024-07-18 16:53:26 INFO  Keywords:128 - InputText is called
2024-07-18 16:53:26 INFO  Keywords:286 - Waiting for webElement...financialdetails.rentalincome
2024-07-18 16:53:26 INFO  Keywords:290 - Element found...financialdetails.rentalincome
2024-07-18 16:53:26 INFO  Keywords:128 - InputText is called
2024-07-18 16:53:26 INFO  Keywords:286 - Waiting for webElement...financialdetails.variabledebtexpenses
2024-07-18 16:53:26 INFO  Keywords:290 - Element found...financialdetails.variabledebtexpenses
2024-07-18 16:53:26 INFO  Keywords:128 - InputText is called
2024-07-18 16:53:26 INFO  Keywords:286 - Waiting for webElement...financialdetails.incomepension
2024-07-18 16:53:26 INFO  Keywords:290 - Element found...financialdetails.incomepension
2024-07-18 16:53:26 INFO  Keywords:128 - InputText is called
2024-07-18 16:53:26 INFO  Keywords:286 - Waiting for webElement...financialdetails.discretionaryexpenses
2024-07-18 16:53:26 INFO  Keywords:290 - Element found...financialdetails.discretionaryexpenses
2024-07-18 16:53:26 INFO  Keywords:128 - InputText is called
2024-07-18 16:53:26 INFO  Keywords:286 - Waiting for webElement...financialdetails.socialsecurityincome
2024-07-18 16:53:26 INFO  Keywords:290 - Element found...financialdetails.socialsecurityincome
2024-07-18 16:53:26 INFO  Keywords:128 - InputText is called
2024-07-18 16:53:26 INFO  Keywords:286 - Waiting for webElement...financialdetails.otherincome
2024-07-18 16:53:26 INFO  Keywords:290 - Element found...financialdetails.otherincome
2024-07-18 16:53:26 INFO  Keywords:128 - InputText is called
2024-07-18 16:53:26 INFO  Keywords:286 - Waiting for webElement...financialdetails.bonds
2024-07-18 16:53:26 INFO  Keywords:290 - Element found...financialdetails.bonds
2024-07-18 16:53:26 INFO  Keywords:128 - InputText is called
2024-07-18 16:53:26 INFO  Keywords:286 - Waiting for webElement...financialdetails.businessTrustRealstate
2024-07-18 16:53:26 INFO  Keywords:290 - Element found...financialdetails.businessTrustRealstate
2024-07-18 16:53:26 INFO  Keywords:128 - InputText is called
2024-07-18 16:53:26 INFO  Keywords:286 - Waiting for webElement...financialdetails.retirementplan
2024-07-18 16:53:26 INFO  Keywords:290 - Element found...financialdetails.retirementplan
2024-07-18 16:53:26 INFO  Keywords:128 - InputText is called
2024-07-18 16:53:26 INFO  Keywords:286 - Waiting for webElement...financialdetails.equities
2024-07-18 16:53:26 INFO  Keywords:290 - Element found...financialdetails.equities
2024-07-18 16:53:26 INFO  Keywords:128 - InputText is called
2024-07-18 16:53:26 INFO  Keywords:286 - Waiting for webElement...financialdetails.facevalueilfeinsurance
2024-07-18 16:53:26 INFO  Keywords:290 - Element found...financialdetails.facevalueilfeinsurance
2024-07-18 16:53:26 INFO  Keywords:128 - InputText is called
2024-07-18 16:53:26 INFO  Keywords:286 - Waiting for webElement...financialdetails.fixedannuity
2024-07-18 16:53:26 INFO  Keywords:290 - Element found...financialdetails.fixedannuity
2024-07-18 16:53:26 INFO  Keywords:128 - InputText is called
2024-07-18 16:53:26 INFO  Keywords:286 - Waiting for webElement...financialdetails.indexannuity
2024-07-18 16:53:26 INFO  Keywords:290 - Element found...financialdetails.indexannuity
2024-07-18 16:53:26 INFO  Keywords:128 - InputText is called
2024-07-18 16:53:26 INFO  Keywords:286 - Waiting for webElement...financialdetails.liquidnetworth
2024-07-18 16:53:26 INFO  Keywords:290 - Element found...financialdetails.liquidnetworth
2024-07-18 16:53:26 INFO  Keywords:128 - InputText is called
2024-07-18 16:53:26 INFO  Keywords:286 - Waiting for webElement...financialdetails.mutualfund
2024-07-18 16:53:26 INFO  Keywords:290 - Element found...financialdetails.mutualfund
2024-07-18 16:53:26 INFO  Keywords:128 - InputText is called
2024-07-18 16:53:26 INFO  Keywords:286 - Waiting for webElement...financialdetails.otherbrokerage
2024-07-18 16:53:26 INFO  Keywords:290 - Element found...financialdetails.otherbrokerage
2024-07-18 16:53:26 INFO  Keywords:128 - InputText is called
2024-07-18 16:53:26 INFO  Keywords:286 - Waiting for webElement...financialdetails.policypremium
2024-07-18 16:53:26 INFO  Keywords:290 - Element found...financialdetails.policypremium
2024-07-18 16:53:26 INFO  Keywords:128 - InputText is called
2024-07-18 16:53:26 INFO  Keywords:286 - Waiting for webElement...financialdetails.variableannuity
2024-07-18 16:53:26 INFO  Keywords:290 - Element found...financialdetails.variableannuity
2024-07-18 16:53:26 INFO  Keywords:128 - InputText is called
2024-07-18 16:53:26 INFO  Keywords:286 - Waiting for webElement...financialdetails.totalpremium
2024-07-18 16:53:26 INFO  Keywords:290 - Element found...financialdetails.totalpremium
2024-07-18 16:53:27 INFO  Keywords:286 - Waiting for webElement...financialdetails.anticipatedchanges
2024-07-18 16:53:27 INFO  Keywords:290 - Element found...financialdetails.anticipatedchanges
2024-07-18 16:53:27 INFO  Keywords:286 - Waiting for webElement...financialdetails.nonguaranteedelementYes
2024-07-18 16:53:27 INFO  Keywords:290 - Element found...financialdetails.nonguaranteedelementYes
2024-07-18 16:53:27 INFO  Keywords:286 - Waiting for webElement...financialdetails.reversemortgage
2024-07-18 16:53:27 INFO  Keywords:290 - Element found...financialdetails.reversemortgage
2024-07-18 16:53:27 INFO  Keywords:139 - ClickOnLink is called
2024-07-18 16:53:27 INFO  Keywords:286 - Waiting for webElement...next
2024-07-18 16:53:27 INFO  Keywords:290 - Element found...next
2024-07-18 16:53:46 INFO  Keywords:286 - Waiting for webElement...payment.modal
2024-07-18 16:53:46 INFO  Keywords:290 - Element found...payment.modal
2024-07-18 16:54:02 INFO  Keywords:286 - Waiting for webElement...payment.method
2024-07-18 16:54:02 INFO  Keywords:290 - Element found...payment.method
2024-07-18 16:54:03 INFO  Keywords:128 - InputText is called
2024-07-18 16:54:03 INFO  Keywords:286 - Waiting for webElement...payment.premium
2024-07-18 16:54:03 INFO  Keywords:290 - Element found...payment.premium
2024-07-18 16:54:03 INFO  Keywords:128 - InputText is called
2024-07-18 16:54:03 INFO  Keywords:286 - Waiting for webElement...payment.bankRouting
2024-07-18 16:54:03 INFO  Keywords:290 - Element found...payment.bankRouting
2024-07-18 16:54:03 INFO  Keywords:128 - InputText is called
2024-07-18 16:54:03 INFO  Keywords:286 - Waiting for webElement...payment.bankRouting
2024-07-18 16:54:03 INFO  Keywords:290 - Element found...payment.bankRouting
2024-07-18 16:54:03 INFO  Keywords:128 - InputText is called
2024-07-18 16:54:03 INFO  Keywords:286 - Waiting for webElement...payment.bankRouting
2024-07-18 16:54:03 INFO  Keywords:290 - Element found...payment.bankRouting
2024-07-18 16:54:03 INFO  Keywords:128 - InputText is called
2024-07-18 16:54:03 INFO  Keywords:286 - Waiting for webElement...payment.bankRouting
2024-07-18 16:54:03 INFO  Keywords:290 - Element found...payment.bankRouting
2024-07-18 16:54:03 INFO  Keywords:128 - InputText is called
2024-07-18 16:54:03 INFO  Keywords:286 - Waiting for webElement...payment.bankAccountNumber
2024-07-18 16:54:03 INFO  Keywords:290 - Element found...payment.bankAccountNumber
2024-07-18 16:54:03 INFO  Keywords:286 - Waiting for webElement...payment.AccountType
2024-07-18 16:54:03 INFO  Keywords:290 - Element found...payment.AccountType
2024-07-18 16:54:03 INFO  Keywords:139 - ClickOnLink is called
2024-07-18 16:54:03 INFO  Keywords:286 - Waiting for webElement...next
2024-07-18 16:54:03 INFO  Keywords:290 - Element found...next
2024-07-18 16:54:22 INFO  Keywords:286 - Waiting for webElement...existinginsurance.borrowingfunds
2024-07-18 16:54:23 INFO  Keywords:290 - Element found...existinginsurance.borrowingfunds
2024-07-18 16:54:23 INFO  Keywords:286 - Waiting for webElement...existinginsurance.terminatingexistinglifepolicyNo
2024-07-18 16:54:23 INFO  Keywords:290 - Element found...existinginsurance.terminatingexistinglifepolicyNo
2024-07-18 16:54:23 INFO  Keywords:286 - Waiting for webElement...existinginsurance.DisabilityPoliciesNo
2024-07-18 16:54:23 INFO  Keywords:290 - Element found...existinginsurance.DisabilityPoliciesNo
2024-07-18 16:54:23 INFO  Keywords:286 - Waiting for webElement...existinginsurance.longtermpolicyNo
2024-07-18 16:54:23 INFO  Keywords:290 - Element found...existinginsurance.longtermpolicyNo
2024-07-18 16:54:23 INFO  Keywords:286 - Waiting for webElement...existinglongterminsurance.NO
2024-07-18 16:54:23 INFO  Keywords:290 - Element found...existinglongterminsurance.NO
2024-07-18 16:54:24 INFO  Keywords:139 - ClickOnLink is called
2024-07-18 16:54:24 INFO  Keywords:286 - Waiting for webElement...next
2024-07-18 16:54:24 INFO  Keywords:290 - Element found...next
2024-07-18 16:54:42 INFO  Keywords:139 - ClickOnLink is called
2024-07-18 16:54:42 INFO  Keywords:286 - Waiting for webElement...next
2024-07-18 16:54:42 INFO  Keywords:290 - Element found...next
2024-07-18 16:55:02 INFO  Keywords:128 - InputText is called
2024-07-18 16:55:02 INFO  Keywords:286 - Waiting for webElement...additionalclientquestion.q1
2024-07-18 16:55:02 INFO  Keywords:290 - Element found...additionalclientquestion.q1
2024-07-18 16:55:02 INFO  Keywords:128 - InputText is called
2024-07-18 16:55:02 INFO  Keywords:286 - Waiting for webElement...additionalclientquestion.q2
2024-07-18 16:55:02 INFO  Keywords:290 - Element found...additionalclientquestion.q2
2024-07-18 16:55:02 INFO  Keywords:128 - InputText is called
2024-07-18 16:55:02 INFO  Keywords:286 - Waiting for webElement...additionalclientquestion.q3
2024-07-18 16:55:02 INFO  Keywords:290 - Element found...additionalclientquestion.q3
2024-07-18 16:55:02 INFO  Keywords:128 - InputText is called
2024-07-18 16:55:02 INFO  Keywords:286 - Waiting for webElement...additionalclientquestion.q4
2024-07-18 16:55:52 INFO  Keywords:128 - InputText is called
2024-07-18 16:55:52 INFO  Keywords:286 - Waiting for webElement...additionalclientquestion.q5
2024-07-18 16:56:42 INFO  Keywords:128 - InputText is called
2024-07-18 16:56:42 INFO  Keywords:286 - Waiting for webElement...additionalclientquestion.q9
2024-07-18 16:56:42 INFO  Keywords:290 - Element found...additionalclientquestion.q9
2024-07-18 16:56:42 INFO  Keywords:489 - GetText is called
2024-07-18 16:56:42 INFO  Keywords:286 - Waiting for webElement...ebixTxnID
2024-07-18 16:56:42 INFO  Keywords:290 - Element found...ebixTxnID
2024-07-18 16:56:43 INFO  Keywords:493 - LinkId: 533394
2024-07-18 16:56:43 INFO  Keywords:537 - LinkId: 533394
2024-07-18 16:56:43 INFO  Keywords:489 - GetText is called
2024-07-18 16:56:43 INFO  Keywords:286 - Waiting for webElement...ebixTxnID
2024-07-18 16:56:43 INFO  Keywords:290 - Element found...ebixTxnID
2024-07-18 16:56:43 INFO  Keywords:493 - LinkId: 533394
2024-07-18 16:56:43 INFO  Keywords:139 - ClickOnLink is called
2024-07-18 16:56:43 INFO  Keywords:286 - Waiting for webElement...attachment
2024-07-18 16:56:43 INFO  Keywords:290 - Element found...attachment
2024-07-18 16:56:44 INFO  Keywords:286 - Waiting for webElement...attachment.documenttype
2024-07-18 16:56:44 INFO  Keywords:290 - Element found...attachment.documenttype
2024-07-18 16:56:45 INFO  Keywords:128 - InputText is called
2024-07-18 16:56:45 INFO  Keywords:286 - Waiting for webElement...attachment.choosefile
2024-07-18 16:56:45 INFO  Keywords:290 - Element found...attachment.choosefile
2024-07-18 16:56:45 INFO  Keywords:139 - ClickOnLink is called
2024-07-18 16:56:45 INFO  Keywords:286 - Waiting for webElement...attachment.upload
2024-07-18 16:56:45 INFO  Keywords:290 - Element found...attachment.upload
2024-07-18 16:58:16 INFO  Keywords:416 - switching to particular window...
2024-07-18 16:58:16 INFO  Keywords:489 - GetText is called
2024-07-18 16:58:16 INFO  Keywords:286 - Waiting for webElement...ebixTxnID
2024-07-18 16:58:16 INFO  Keywords:290 - Element found...ebixTxnID
2024-07-18 16:58:16 INFO  Keywords:493 - LinkId: 533394
2024-07-18 16:58:16 INFO  Keywords:537 - LinkId: 533394
2024-07-18 16:58:16 INFO  Keywords:489 - GetText is called
2024-07-18 16:58:16 INFO  Keywords:286 - Waiting for webElement...ebixTxnID
2024-07-18 16:58:16 INFO  Keywords:290 - Element found...ebixTxnID
2024-07-18 16:58:16 INFO  Keywords:493 - LinkId: 533394
2024-07-18 16:58:16 INFO  Keywords:139 - ClickOnLink is called
2024-07-18 16:58:16 INFO  Keywords:286 - Waiting for webElement...next
2024-07-18 16:58:16 INFO  Keywords:290 - Element found...next
2024-07-18 16:58:34 INFO  Keywords:139 - ClickOnLink is called
2024-07-18 16:58:34 INFO  Keywords:286 - Waiting for webElement...validate.button
2024-07-18 16:58:34 INFO  Keywords:290 - Element found...validate.button
2024-07-18 16:59:06 INFO  Keywords:139 - ClickOnLink is called
2024-07-18 16:59:06 INFO  Keywords:286 - Waiting for webElement...notification.continue
2024-07-18 16:59:06 INFO  Keywords:290 - Element found...notification.continue
2024-07-18 16:59:23 INFO  Keywords:139 - ClickOnLink is called
2024-07-18 16:59:23 INFO  Keywords:286 - Waiting for webElement...esignature.optout
2024-07-18 16:59:23 INFO  Keywords:290 - Element found...esignature.optout
2024-07-18 17:00:53 INFO  Keywords:151 - VerifyText is called
2024-07-18 17:00:53 INFO  Keywords:286 - Waiting for webElement...WebElement
2024-07-18 17:00:53 INFO  Keywords:139 - ClickOnLink is called
2024-07-18 17:00:53 INFO  Keywords:286 - Waiting for webElement...attachment
2024-07-18 17:00:53 INFO  Keywords:290 - Element found...attachment
2024-07-18 17:00:53 INFO  Keywords:286 - Waiting for webElement...attachment.documenttype
2024-07-18 17:00:53 INFO  Keywords:290 - Element found...attachment.documenttype
2024-07-18 17:00:53 INFO  Keywords:128 - InputText is called
2024-07-18 17:00:53 INFO  Keywords:286 - Waiting for webElement...attachment.choosefile
2024-07-18 17:00:53 INFO  Keywords:290 - Element found...attachment.choosefile
2024-07-18 17:00:53 INFO  Keywords:139 - ClickOnLink is called
2024-07-18 17:00:53 INFO  Keywords:286 - Waiting for webElement...attachment.upload
2024-07-18 17:00:54 INFO  Keywords:290 - Element found...attachment.upload
2024-07-18 17:01:11 INFO  Keywords:139 - ClickOnLink is called
2024-07-18 17:01:11 INFO  Keywords:286 - Waiting for webElement...RequestSignatures
2024-07-18 17:01:11 INFO  Keywords:290 - Element found...RequestSignatures
2024-07-18 17:01:32 INFO  Keywords:286 - Waiting for webElement...attachment.documenttype
2024-07-18 17:01:32 INFO  Keywords:290 - Element found...attachment.documenttype
2024-07-18 17:01:32 INFO  Keywords:128 - InputText is called
2024-07-18 17:01:32 INFO  Keywords:286 - Waiting for webElement...attachment.choosefile
2024-07-18 17:01:32 INFO  Keywords:290 - Element found...attachment.choosefile
2024-07-18 17:01:32 INFO  Keywords:139 - ClickOnLink is called
2024-07-18 17:01:32 INFO  Keywords:286 - Waiting for webElement...attachment.upload
2024-07-18 17:01:32 INFO  Keywords:290 - Element found...attachment.upload
2024-07-18 17:01:50 INFO  Keywords:139 - ClickOnLink is called
2024-07-18 17:01:50 INFO  Keywords:286 - Waiting for webElement...SubmitButton
2024-07-18 17:01:50 INFO  Keywords:290 - Element found...SubmitButton
2024-07-18 17:03:25 INFO  Keywords:435 - switching to parent window...
2024-07-18 17:03:25 INFO  Keywords:102 - Navigate is called
2024-07-18 17:03:26 INFO  Keywords:503 - ClearText is called
2024-07-18 17:03:26 INFO  Keywords:286 - Waiting for webElement...gateway.username
2024-07-18 17:03:26 INFO  Keywords:290 - Element found...gateway.username
2024-07-18 17:03:26 INFO  Keywords:507 - LinkId: 533394
2024-07-18 17:03:26 INFO  Keywords:128 - InputText is called
2024-07-18 17:03:26 INFO  Keywords:286 - Waiting for webElement...gateway.username
2024-07-18 17:03:26 INFO  Keywords:290 - Element found...gateway.username
2024-07-18 17:03:26 INFO  Keywords:503 - ClearText is called
2024-07-18 17:03:26 INFO  Keywords:286 - Waiting for webElement...gateway.password
2024-07-18 17:03:26 INFO  Keywords:290 - Element found...gateway.password
2024-07-18 17:03:26 INFO  Keywords:507 - LinkId: 533394
2024-07-18 17:03:26 INFO  Keywords:128 - InputText is called
2024-07-18 17:03:26 INFO  Keywords:286 - Waiting for webElement...gateway.password
2024-07-18 17:03:26 INFO  Keywords:290 - Element found...gateway.password
2024-07-18 17:03:26 INFO  Keywords:139 - ClickOnLink is called
2024-07-18 17:03:26 INFO  Keywords:286 - Waiting for webElement...gateway.login
2024-07-18 17:03:26 INFO  Keywords:290 - Element found...gateway.login
2024-07-18 17:03:43 INFO  Keywords:139 - ClickOnLink is called
2024-07-18 17:03:43 INFO  Keywords:286 - Waiting for webElement...management
2024-07-18 17:03:43 INFO  Keywords:290 - Element found...management
2024-07-18 17:03:43 INFO  Keywords:286 - Waiting for webElement...managementTools
2024-07-18 17:03:43 INFO  Keywords:290 - Element found...managementTools
2024-07-18 17:03:44 INFO  Keywords:139 - ClickOnLink is called
2024-07-18 17:03:44 INFO  Keywords:286 - Waiting for webElement...feedManagement
2024-07-18 17:03:44 INFO  Keywords:290 - Element found...feedManagement
2024-07-18 17:04:01 INFO  Keywords:139 - ClickOnLink is called
2024-07-18 17:04:01 INFO  Keywords:286 - Waiting for webElement...searchPanel
2024-07-18 17:04:01 INFO  Keywords:290 - Element found...searchPanel
2024-07-18 17:04:01 INFO  Keywords:286 - Waiting for webElement...selectTransactionID
2024-07-18 17:04:01 INFO  Keywords:290 - Element found...selectTransactionID
2024-07-18 17:04:01 INFO  Keywords:128 - InputText is called
2024-07-18 17:04:01 INFO  Keywords:286 - Waiting for webElement...enterTransactioID
2024-07-18 17:04:01 INFO  Keywords:290 - Element found...enterTransactioID
2024-07-18 17:04:01 INFO  Keywords:139 - ClickOnLink is called
2024-07-18 17:04:01 INFO  Keywords:286 - Waiting for webElement...searchbutton
2024-07-18 17:04:01 INFO  Keywords:290 - Element found...searchbutton
2024-07-18 17:04:17 INFO  Keywords:139 - ClickOnLink is called
2024-07-18 17:04:17 INFO  Keywords:286 - Waiting for webElement...transactionSearchmyResult
2024-07-18 17:04:17 INFO  Keywords:290 - Element found...transactionSearchmyResult
2024-07-18 17:04:34 INFO  Keywords:139 - ClickOnLink is called
2024-07-18 17:04:34 INFO  Keywords:286 - Waiting for webElement...onenotThree
2024-07-18 17:04:34 INFO  Keywords:290 - Element found...onenotThree
2024-07-18 17:04:50 INFO  Keywords:286 - Waiting for webElement...103ResponseXML
2024-07-18 17:04:50 INFO  Keywords:290 - Element found...103ResponseXML
2024-07-18 17:05:22 INFO  Keywords:435 - switching to parent window...
2024-07-18 17:05:22 INFO  Keywords:102 - Navigate is called
2024-07-18 17:05:22 INFO  Keywords:503 - ClearText is called
2024-07-18 17:05:22 INFO  Keywords:286 - Waiting for webElement...gateway.username
2024-07-18 17:05:22 INFO  Keywords:290 - Element found...gateway.username
2024-07-18 17:05:22 INFO  Keywords:507 - <soap:Envelope xmlns:soap="http://schemas.xmlsoap.org/soap/envelope/" xmlns:xsd="http://www.w3.org/2001/XMLSchema" xmlns:acord="http://ACORD.org/Standards/Life/2" xmlns:finetre="www.finetre.com/webservices" xmlns:user="http://www.annuitynet.com/namespace" xmlns:xsi="http://www.w3.org/2001/XMLSchema-instance"><soap:Header><Header xmlns="www.finetre.com/webservices"><SessionId/><TransactionType>TransactionXML</TransactionType><ServiceVersion>1</ServiceVersion><RequestorId/><RequestorKey xsi:nil="true"/><ResponderId>SO</ResponderId><ResponderKey xsi:nil="true"/><RequestGUID>CB9A7BF6-ED10-49FF-AC69-F77F5C9B772C</RequestGUID><RequestSentDateTime/><RequestReceivedDateTime>2024-7-18T11:19:57</RequestReceivedDateTime><ResponseSentDateTime>2024-7-18T11:19:57</ResponseSentDateTime><ResponseReceivedDateTime>0001-01-01T00:00:00.0000000-05:00</ResponseReceivedDateTime><Extensions xsi:nil="true"/></Header></soap:Header><soap:Body><UploadResponse xmlns="www.finetre.com/webservices"><Data><Status>Success</Status><Errors xsi:nil="false"/><Extensions xsi:nil="true"/></Data></UploadResponse></soap:Body></soap:Envelope>
2024-07-18 17:05:22 INFO  Keywords:128 - InputText is called
2024-07-18 17:05:22 INFO  Keywords:286 - Waiting for webElement...gateway.username
2024-07-18 17:05:22 INFO  Keywords:290 - Element found...gateway.username
2024-07-18 17:05:22 INFO  Keywords:503 - ClearText is called
2024-07-18 17:05:22 INFO  Keywords:286 - Waiting for webElement...gateway.password
2024-07-18 17:05:22 INFO  Keywords:290 - Element found...gateway.password
2024-07-18 17:05:23 INFO  Keywords:507 - <soap:Envelope xmlns:soap="http://schemas.xmlsoap.org/soap/envelope/" xmlns:xsd="http://www.w3.org/2001/XMLSchema" xmlns:acord="http://ACORD.org/Standards/Life/2" xmlns:finetre="www.finetre.com/webservices" xmlns:user="http://www.annuitynet.com/namespace" xmlns:xsi="http://www.w3.org/2001/XMLSchema-instance"><soap:Header><Header xmlns="www.finetre.com/webservices"><SessionId/><TransactionType>TransactionXML</TransactionType><ServiceVersion>1</ServiceVersion><RequestorId/><RequestorKey xsi:nil="true"/><ResponderId>SO</ResponderId><ResponderKey xsi:nil="true"/><RequestGUID>CB9A7BF6-ED10-49FF-AC69-F77F5C9B772C</RequestGUID><RequestSentDateTime/><RequestReceivedDateTime>2024-7-18T11:19:57</RequestReceivedDateTime><ResponseSentDateTime>2024-7-18T11:19:57</ResponseSentDateTime><ResponseReceivedDateTime>0001-01-01T00:00:00.0000000-05:00</ResponseReceivedDateTime><Extensions xsi:nil="true"/></Header></soap:Header><soap:Body><UploadResponse xmlns="www.finetre.com/webservices"><Data><Status>Success</Status><Errors xsi:nil="false"/><Extensions xsi:nil="true"/></Data></UploadResponse></soap:Body></soap:Envelope>
2024-07-18 17:05:23 INFO  Keywords:128 - InputText is called
2024-07-18 17:05:23 INFO  Keywords:286 - Waiting for webElement...gateway.password
2024-07-18 17:05:23 INFO  Keywords:290 - Element found...gateway.password
2024-07-18 17:05:23 INFO  Keywords:139 - ClickOnLink is called
2024-07-18 17:05:23 INFO  Keywords:286 - Waiting for webElement...gateway.login
2024-07-18 17:05:23 INFO  Keywords:290 - Element found...gateway.login
2024-07-18 17:05:40 INFO  Keywords:139 - ClickOnLink is called
2024-07-18 17:05:40 INFO  Keywords:286 - Waiting for webElement...management
2024-07-18 17:05:40 INFO  Keywords:290 - Element found...management
2024-07-18 17:05:40 INFO  Keywords:286 - Waiting for webElement...managementTools
2024-07-18 17:05:40 INFO  Keywords:290 - Element found...managementTools
2024-07-18 17:05:41 INFO  Keywords:139 - ClickOnLink is called
2024-07-18 17:05:41 INFO  Keywords:286 - Waiting for webElement...feedManagement
2024-07-18 17:05:41 INFO  Keywords:290 - Element found...feedManagement
2024-07-18 17:05:57 INFO  Keywords:139 - ClickOnLink is called
2024-07-18 17:05:57 INFO  Keywords:286 - Waiting for webElement...searchPanel
2024-07-18 17:05:57 INFO  Keywords:290 - Element found...searchPanel
2024-07-18 17:05:58 INFO  Keywords:286 - Waiting for webElement...selectTransactionID
2024-07-18 17:05:58 INFO  Keywords:290 - Element found...selectTransactionID
2024-07-18 17:05:58 INFO  Keywords:128 - InputText is called
2024-07-18 17:05:58 INFO  Keywords:286 - Waiting for webElement...enterTransactioID
2024-07-18 17:05:58 INFO  Keywords:290 - Element found...enterTransactioID
2024-07-18 17:05:58 INFO  Keywords:139 - ClickOnLink is called
2024-07-18 17:05:58 INFO  Keywords:286 - Waiting for webElement...searchbutton
2024-07-18 17:05:58 INFO  Keywords:290 - Element found...searchbutton
2024-07-18 17:06:14 INFO  Keywords:139 - ClickOnLink is called
2024-07-18 17:06:14 INFO  Keywords:286 - Waiting for webElement...transactionSearchmyResult
2024-07-18 17:06:14 INFO  Keywords:290 - Element found...transactionSearchmyResult
2024-07-18 17:06:30 INFO  Keywords:139 - ClickOnLink is called
2024-07-18 17:06:30 INFO  Keywords:286 - Waiting for webElement...RTSMButton
2024-07-18 17:06:30 INFO  Keywords:290 - Element found...RTSMButton
2024-07-18 17:06:47 INFO  Keywords:286 - Waiting for webElement...RTSMResponseXML
2024-07-18 17:06:47 INFO  Keywords:290 - Element found...RTSMResponseXML
2024-07-18 17:07:25 INFO  Keywords:102 - Navigate is called
2024-07-18 17:07:27 INFO  Keywords:128 - InputText is called
2024-07-18 17:07:27 INFO  Keywords:286 - Waiting for webElement...gateway.username
2024-07-18 17:07:28 INFO  Keywords:290 - Element found...gateway.username
2024-07-18 17:07:28 INFO  Keywords:128 - InputText is called
2024-07-18 17:07:28 INFO  Keywords:286 - Waiting for webElement...gateway.password
2024-07-18 17:07:28 INFO  Keywords:290 - Element found...gateway.password
2024-07-18 17:07:28 INFO  Keywords:139 - ClickOnLink is called
2024-07-18 17:07:28 INFO  Keywords:286 - Waiting for webElement...gateway.login
2024-07-18 17:07:28 INFO  Keywords:290 - Element found...gateway.login
2024-07-18 17:08:04 INFO  Keywords:139 - ClickOnLink is called
2024-07-18 17:08:04 INFO  Keywords:286 - Waiting for webElement...postsamldata
2024-07-18 17:08:05 INFO  Keywords:290 - Element found...postsamldata
2024-07-18 17:08:21 INFO  Keywords:139 - ClickOnLink is called
2024-07-18 17:08:21 INFO  Keywords:286 - Waiting for webElement...next
2024-07-18 17:08:21 INFO  Keywords:290 - Element found...next
2024-07-18 17:08:40 INFO  Keywords:128 - InputText is called
2024-07-18 17:08:40 INFO  Keywords:286 - Waiting for webElement...policyConfiguration.insuranceamount
2024-07-18 17:08:40 INFO  Keywords:290 - Element found...policyConfiguration.insuranceamount
2024-07-18 17:08:40 INFO  Keywords:286 - Waiting for webElement...policyConfiguration.LTC
2024-07-18 17:08:40 INFO  Keywords:290 - Element found...policyConfiguration.LTC
2024-07-18 17:08:40 INFO  Keywords:286 - Waiting for webElement...policyConfiguration.Benefit
2024-07-18 17:09:31 INFO  Keywords:286 - Waiting for webElement...policyConfiguration.payors
2024-07-18 17:09:31 INFO  Keywords:290 - Element found...policyConfiguration.payors
2024-07-18 17:09:31 INFO  Keywords:286 - Waiting for webElement...policyConfiguration.purposeofpolicy
2024-07-18 17:09:31 INFO  Keywords:290 - Element found...policyConfiguration.purposeofpolicy
2024-07-18 17:09:31 INFO  Keywords:139 - ClickOnLink is called
2024-07-18 17:09:31 INFO  Keywords:286 - Waiting for webElement...next
2024-07-18 17:09:31 INFO  Keywords:290 - Element found...next
2024-07-18 17:11:07 INFO  Keywords:286 - Waiting for webElement...primaryinsured.birthcountry
2024-07-18 17:11:07 INFO  Keywords:290 - Element found...primaryinsured.birthcountry
2024-07-18 17:11:07 INFO  Keywords:286 - Waiting for webElement...primaryinsured.birthstate
2024-07-18 17:11:07 INFO  Keywords:290 - Element found...primaryinsured.birthstate
2024-07-18 17:11:07 INFO  Keywords:128 - InputText is called
2024-07-18 17:11:07 INFO  Keywords:286 - Waiting for webElement...primaryinsured.birthcity
2024-07-18 17:11:17 INFO  Keywords:139 - ClickOnLink is called
2024-07-18 17:11:17 INFO  Keywords:286 - Waiting for webElement...next
2024-07-18 17:11:17 INFO  Keywords:290 - Element found...next
2024-07-18 17:11:37 INFO  Keywords:139 - ClickOnLink is called
2024-07-18 17:11:37 INFO  Keywords:286 - Waiting for webElement...next
2024-07-18 17:11:37 INFO  Keywords:290 - Element found...next
2024-07-18 17:11:56 INFO  Keywords:286 - Waiting for webElement...naturalOwner.relationwithInsured
2024-07-18 17:11:56 INFO  Keywords:290 - Element found...naturalOwner.relationwithInsured
2024-07-18 17:11:57 INFO  Keywords:286 - Waiting for webElement...naturalOwner.relationwithJointInsured
2024-07-18 17:12:47 INFO  Keywords:286 - Waiting for webElement...naturalOwner.PermamentResidentCard
2024-07-18 17:12:47 INFO  Keywords:290 - Element found...naturalOwner.PermamentResidentCard
2024-07-18 17:12:47 INFO  Keywords:128 - InputText is called
2024-07-18 17:12:47 INFO  Keywords:286 - Waiting for webElement...naturalOwner.ResidentCardIssueDAte
2024-07-18 17:12:47 INFO  Keywords:290 - Element found...naturalOwner.ResidentCardIssueDAte
2024-07-18 17:12:47 INFO  Keywords:128 - InputText is called
2024-07-18 17:12:47 INFO  Keywords:286 - Waiting for webElement...naturalOwner.ResidentCardExpireationDAte
2024-07-18 17:12:47 INFO  Keywords:290 - Element found...naturalOwner.ResidentCardExpireationDAte
2024-07-18 17:12:47 INFO  Keywords:128 - InputText is called
2024-07-18 17:12:47 INFO  Keywords:286 - Waiting for webElement...naturalOwner.USLivingYrs
2024-07-18 17:12:47 INFO  Keywords:290 - Element found...naturalOwner.USLivingYrs
2024-07-18 17:12:47 INFO  Keywords:128 - InputText is called
2024-07-18 17:12:47 INFO  Keywords:286 - Waiting for webElement...naturalOwner.USLivingMonths
2024-07-18 17:12:47 INFO  Keywords:290 - Element found...naturalOwner.USLivingMonths
2024-07-18 17:12:47 INFO  Keywords:139 - ClickOnLink is called
2024-07-18 17:12:47 INFO  Keywords:286 - Waiting for webElement...next
2024-07-18 17:12:47 INFO  Keywords:290 - Element found...next
2024-07-18 17:13:07 INFO  Keywords:286 - Waiting for webElement...financialDetails.SourceOfFundsLI
2024-07-18 17:13:07 INFO  Keywords:290 - Element found...financialDetails.SourceOfFundsLI
2024-07-18 17:13:08 INFO  Keywords:286 - Waiting for webElement...financialDetails.SurrenderChargeSOFLI
2024-07-18 17:13:08 INFO  Keywords:290 - Element found...financialDetails.SurrenderChargeSOFLI
2024-07-18 17:13:08 INFO  Keywords:286 - Waiting for webElement...financialDetails.envisiontaking
2024-07-18 17:13:08 INFO  Keywords:290 - Element found...financialDetails.envisiontaking
2024-07-18 17:13:08 INFO  Keywords:286 - Waiting for webElement...financialDetails.federalfaxbracket
2024-07-18 17:13:08 INFO  Keywords:290 - Element found...financialDetails.federalfaxbracket
2024-07-18 17:13:08 INFO  Keywords:286 - Waiting for webElement...financialDetails.riskTolerance
2024-07-18 17:13:08 INFO  Keywords:290 - Element found...financialDetails.riskTolerance
2024-07-18 17:13:09 INFO  Keywords:286 - Waiting for webElement...financialDetails.Investmentobjectives
2024-07-18 17:13:09 INFO  Keywords:290 - Element found...financialDetails.Investmentobjectives
2024-07-18 17:13:09 INFO  Keywords:286 - Waiting for webElement...financialDetails.timehorizon
2024-07-18 17:13:09 INFO  Keywords:290 - Element found...financialDetails.timehorizon
2024-07-18 17:13:09 INFO  Keywords:286 - Waiting for webElement...financialDetails.investmentexperienceFA
2024-07-18 17:13:09 INFO  Keywords:290 - Element found...financialDetails.investmentexperienceFA
2024-07-18 17:13:09 INFO  Keywords:128 - InputText is called
2024-07-18 17:13:09 INFO  Keywords:286 - Waiting for webElement...financialDetails.investmentstartyear
2024-07-18 17:13:09 INFO  Keywords:290 - Element found...financialDetails.investmentstartyear
2024-07-18 17:13:09 INFO  Keywords:128 - InputText is called
2024-07-18 17:13:09 INFO  Keywords:286 - Waiting for webElement...financialdetails.wages
2024-07-18 17:13:09 INFO  Keywords:290 - Element found...financialdetails.wages
2024-07-18 17:13:09 INFO  Keywords:128 - InputText is called
2024-07-18 17:13:09 INFO  Keywords:286 - Waiting for webElement...financialdetails.livingexpenses
2024-07-18 17:13:09 INFO  Keywords:290 - Element found...financialdetails.livingexpenses
2024-07-18 17:13:09 INFO  Keywords:128 - InputText is called
2024-07-18 17:13:09 INFO  Keywords:286 - Waiting for webElement...financialdetails.personalinvestment
2024-07-18 17:13:09 INFO  Keywords:290 - Element found...financialdetails.personalinvestment
2024-07-18 17:13:09 INFO  Keywords:128 - InputText is called
2024-07-18 17:13:09 INFO  Keywords:286 - Waiting for webElement...financialdetails.fixeddebtexpenses
2024-07-18 17:13:09 INFO  Keywords:290 - Element found...financialdetails.fixeddebtexpenses
2024-07-18 17:13:09 INFO  Keywords:128 - InputText is called
2024-07-18 17:13:09 INFO  Keywords:286 - Waiting for webElement...financialdetails.rentalincome
2024-07-18 17:13:09 INFO  Keywords:290 - Element found...financialdetails.rentalincome
2024-07-18 17:13:10 INFO  Keywords:128 - InputText is called
2024-07-18 17:13:10 INFO  Keywords:286 - Waiting for webElement...financialdetails.variabledebtexpenses
2024-07-18 17:13:10 INFO  Keywords:290 - Element found...financialdetails.variabledebtexpenses
2024-07-18 17:13:10 INFO  Keywords:128 - InputText is called
2024-07-18 17:13:10 INFO  Keywords:286 - Waiting for webElement...financialdetails.incomepension
2024-07-18 17:13:10 INFO  Keywords:290 - Element found...financialdetails.incomepension
2024-07-18 17:13:10 INFO  Keywords:128 - InputText is called
2024-07-18 17:13:10 INFO  Keywords:286 - Waiting for webElement...financialdetails.discretionaryexpenses
2024-07-18 17:13:10 INFO  Keywords:290 - Element found...financialdetails.discretionaryexpenses
2024-07-18 17:13:10 INFO  Keywords:128 - InputText is called
2024-07-18 17:13:10 INFO  Keywords:286 - Waiting for webElement...financialdetails.socialsecurityincome
2024-07-18 17:13:10 INFO  Keywords:290 - Element found...financialdetails.socialsecurityincome
2024-07-18 17:13:10 INFO  Keywords:128 - InputText is called
2024-07-18 17:13:10 INFO  Keywords:286 - Waiting for webElement...financialdetails.otherincome
2024-07-18 17:13:10 INFO  Keywords:290 - Element found...financialdetails.otherincome
2024-07-18 17:13:10 INFO  Keywords:128 - InputText is called
2024-07-18 17:13:10 INFO  Keywords:286 - Waiting for webElement...financialdetails.bonds
2024-07-18 17:13:10 INFO  Keywords:290 - Element found...financialdetails.bonds
2024-07-18 17:13:10 INFO  Keywords:128 - InputText is called
2024-07-18 17:13:10 INFO  Keywords:286 - Waiting for webElement...financialdetails.businessTrustRealstate
2024-07-18 17:13:10 INFO  Keywords:290 - Element found...financialdetails.businessTrustRealstate
2024-07-18 17:13:10 INFO  Keywords:128 - InputText is called
2024-07-18 17:13:10 INFO  Keywords:286 - Waiting for webElement...financialdetails.retirementplan
2024-07-18 17:13:10 INFO  Keywords:290 - Element found...financialdetails.retirementplan
2024-07-18 17:13:10 INFO  Keywords:128 - InputText is called
2024-07-18 17:13:10 INFO  Keywords:286 - Waiting for webElement...financialdetails.equities
2024-07-18 17:13:10 INFO  Keywords:290 - Element found...financialdetails.equities
2024-07-18 17:13:10 INFO  Keywords:128 - InputText is called
2024-07-18 17:13:10 INFO  Keywords:286 - Waiting for webElement...financialdetails.facevalueilfeinsurance
2024-07-18 17:13:10 INFO  Keywords:290 - Element found...financialdetails.facevalueilfeinsurance
2024-07-18 17:13:10 INFO  Keywords:128 - InputText is called
2024-07-18 17:13:10 INFO  Keywords:286 - Waiting for webElement...financialdetails.fixedannuity
2024-07-18 17:13:10 INFO  Keywords:290 - Element found...financialdetails.fixedannuity
2024-07-18 17:13:10 INFO  Keywords:128 - InputText is called
2024-07-18 17:13:10 INFO  Keywords:286 - Waiting for webElement...financialdetails.indexannuity
2024-07-18 17:13:10 INFO  Keywords:290 - Element found...financialdetails.indexannuity
2024-07-18 17:13:10 INFO  Keywords:128 - InputText is called
2024-07-18 17:13:10 INFO  Keywords:286 - Waiting for webElement...financialdetails.liquidnetworth
2024-07-18 17:13:10 INFO  Keywords:290 - Element found...financialdetails.liquidnetworth
2024-07-18 17:13:10 INFO  Keywords:128 - InputText is called
2024-07-18 17:13:10 INFO  Keywords:286 - Waiting for webElement...financialdetails.mutualfund
2024-07-18 17:13:10 INFO  Keywords:290 - Element found...financialdetails.mutualfund
2024-07-18 17:13:10 INFO  Keywords:128 - InputText is called
2024-07-18 17:13:10 INFO  Keywords:286 - Waiting for webElement...financialdetails.otherbrokerage
2024-07-18 17:13:10 INFO  Keywords:290 - Element found...financialdetails.otherbrokerage
2024-07-18 17:13:10 INFO  Keywords:128 - InputText is called
2024-07-18 17:13:10 INFO  Keywords:286 - Waiting for webElement...financialdetails.policypremium
2024-07-18 17:13:10 INFO  Keywords:290 - Element found...financialdetails.policypremium
2024-07-18 17:13:10 INFO  Keywords:128 - InputText is called
2024-07-18 17:13:10 INFO  Keywords:286 - Waiting for webElement...financialdetails.variableannuity
2024-07-18 17:13:10 INFO  Keywords:290 - Element found...financialdetails.variableannuity
2024-07-18 17:13:10 INFO  Keywords:128 - InputText is called
2024-07-18 17:13:10 INFO  Keywords:286 - Waiting for webElement...financialdetails.totalpremium
2024-07-18 17:13:10 INFO  Keywords:290 - Element found...financialdetails.totalpremium
2024-07-18 17:13:10 INFO  Keywords:286 - Waiting for webElement...financialdetails.anticipatedchanges
2024-07-18 17:13:10 INFO  Keywords:290 - Element found...financialdetails.anticipatedchanges
2024-07-18 17:13:10 INFO  Keywords:286 - Waiting for webElement...financialdetails.nonguaranteedelementYes
2024-07-18 17:13:10 INFO  Keywords:290 - Element found...financialdetails.nonguaranteedelementYes
2024-07-18 17:13:10 INFO  Keywords:286 - Waiting for webElement...financialdetails.reversemortgage
2024-07-18 17:13:10 INFO  Keywords:290 - Element found...financialdetails.reversemortgage
2024-07-18 17:13:11 INFO  Keywords:139 - ClickOnLink is called
2024-07-18 17:13:11 INFO  Keywords:286 - Waiting for webElement...next
2024-07-18 17:13:11 INFO  Keywords:290 - Element found...next
2024-07-18 17:13:30 INFO  Keywords:286 - Waiting for webElement...payment.modal
2024-07-18 17:13:30 INFO  Keywords:290 - Element found...payment.modal
2024-07-18 17:13:46 INFO  Keywords:286 - Waiting for webElement...payment.method
2024-07-18 17:13:46 INFO  Keywords:290 - Element found...payment.method
2024-07-18 17:13:46 INFO  Keywords:128 - InputText is called
2024-07-18 17:13:46 INFO  Keywords:286 - Waiting for webElement...payment.premium
2024-07-18 17:13:46 INFO  Keywords:290 - Element found...payment.premium
2024-07-18 17:13:46 INFO  Keywords:128 - InputText is called
2024-07-18 17:13:46 INFO  Keywords:286 - Waiting for webElement...payment.bankRouting
2024-07-18 17:13:46 INFO  Keywords:290 - Element found...payment.bankRouting
2024-07-18 17:13:46 INFO  Keywords:128 - InputText is called
2024-07-18 17:13:46 INFO  Keywords:286 - Waiting for webElement...payment.bankRouting
2024-07-18 17:13:46 INFO  Keywords:290 - Element found...payment.bankRouting
2024-07-18 17:13:46 INFO  Keywords:128 - InputText is called
2024-07-18 17:13:46 INFO  Keywords:286 - Waiting for webElement...payment.bankRouting
2024-07-18 17:13:46 INFO  Keywords:290 - Element found...payment.bankRouting
2024-07-18 17:13:46 INFO  Keywords:128 - InputText is called
2024-07-18 17:13:46 INFO  Keywords:286 - Waiting for webElement...payment.bankRouting
2024-07-18 17:13:46 INFO  Keywords:290 - Element found...payment.bankRouting
2024-07-18 17:13:46 INFO  Keywords:128 - InputText is called
2024-07-18 17:13:46 INFO  Keywords:286 - Waiting for webElement...payment.bankAccountNumber
2024-07-18 17:13:46 INFO  Keywords:290 - Element found...payment.bankAccountNumber
2024-07-18 17:13:46 INFO  Keywords:286 - Waiting for webElement...payment.AccountType
2024-07-18 17:13:46 INFO  Keywords:290 - Element found...payment.AccountType
2024-07-18 17:13:47 INFO  Keywords:139 - ClickOnLink is called
2024-07-18 17:13:47 INFO  Keywords:286 - Waiting for webElement...next
2024-07-18 17:13:47 INFO  Keywords:290 - Element found...next
2024-07-18 17:14:07 INFO  Keywords:286 - Waiting for webElement...existinginsurance.borrowingfunds
2024-07-18 17:14:07 INFO  Keywords:290 - Element found...existinginsurance.borrowingfunds
2024-07-18 17:14:07 INFO  Keywords:286 - Waiting for webElement...existinginsurance.terminatingexistinglifepolicyNo
2024-07-18 17:14:07 INFO  Keywords:290 - Element found...existinginsurance.terminatingexistinglifepolicyNo
2024-07-18 17:14:07 INFO  Keywords:286 - Waiting for webElement...existinginsurance.DisabilityPoliciesNo
2024-07-18 17:14:08 INFO  Keywords:290 - Element found...existinginsurance.DisabilityPoliciesNo
2024-07-18 17:14:08 INFO  Keywords:286 - Waiting for webElement...existinginsurance.longtermpolicyNo
2024-07-18 17:14:08 INFO  Keywords:290 - Element found...existinginsurance.longtermpolicyNo
2024-07-18 17:14:08 INFO  Keywords:286 - Waiting for webElement...existinglongterminsurance.NO
2024-07-18 17:14:08 INFO  Keywords:290 - Element found...existinglongterminsurance.NO
2024-07-18 17:14:08 INFO  Keywords:139 - ClickOnLink is called
2024-07-18 17:14:08 INFO  Keywords:286 - Waiting for webElement...next
2024-07-18 17:14:08 INFO  Keywords:290 - Element found...next
2024-07-18 17:14:27 INFO  Keywords:139 - ClickOnLink is called
2024-07-18 17:14:27 INFO  Keywords:286 - Waiting for webElement...next
2024-07-18 17:14:27 INFO  Keywords:290 - Element found...next
2024-07-18 17:14:46 INFO  Keywords:128 - InputText is called
2024-07-18 17:14:46 INFO  Keywords:286 - Waiting for webElement...additionalclientquestion.q1
2024-07-18 17:14:46 INFO  Keywords:290 - Element found...additionalclientquestion.q1
2024-07-18 17:14:46 INFO  Keywords:128 - InputText is called
2024-07-18 17:14:46 INFO  Keywords:286 - Waiting for webElement...additionalclientquestion.q2
2024-07-18 17:14:46 INFO  Keywords:290 - Element found...additionalclientquestion.q2
2024-07-18 17:14:46 INFO  Keywords:128 - InputText is called
2024-07-18 17:14:46 INFO  Keywords:286 - Waiting for webElement...additionalclientquestion.q3
2024-07-18 17:14:46 INFO  Keywords:290 - Element found...additionalclientquestion.q3
2024-07-18 17:14:46 INFO  Keywords:128 - InputText is called
2024-07-18 17:14:46 INFO  Keywords:286 - Waiting for webElement...additionalclientquestion.q4
2024-07-18 17:15:37 INFO  Keywords:128 - InputText is called
2024-07-18 17:15:37 INFO  Keywords:286 - Waiting for webElement...additionalclientquestion.q5
2024-07-18 17:16:27 INFO  Keywords:128 - InputText is called
2024-07-18 17:16:27 INFO  Keywords:286 - Waiting for webElement...additionalclientquestion.q9
2024-07-18 17:16:27 INFO  Keywords:290 - Element found...additionalclientquestion.q9
2024-07-18 17:16:27 INFO  Keywords:489 - GetText is called
2024-07-18 17:16:27 INFO  Keywords:286 - Waiting for webElement...ebixTxnID
2024-07-18 17:16:27 INFO  Keywords:290 - Element found...ebixTxnID
2024-07-18 17:16:27 INFO  Keywords:493 - LinkId: 533396
2024-07-18 17:16:27 INFO  Keywords:537 - LinkId: 533396
2024-07-18 17:16:27 INFO  Keywords:489 - GetText is called
2024-07-18 17:16:27 INFO  Keywords:286 - Waiting for webElement...ebixTxnID
2024-07-18 17:16:27 INFO  Keywords:290 - Element found...ebixTxnID
2024-07-18 17:16:27 INFO  Keywords:493 - LinkId: 533396
2024-07-18 17:16:27 INFO  Keywords:139 - ClickOnLink is called
2024-07-18 17:16:27 INFO  Keywords:286 - Waiting for webElement...attachment
2024-07-18 17:16:27 INFO  Keywords:290 - Element found...attachment
2024-07-18 17:16:28 INFO  Keywords:286 - Waiting for webElement...attachment.documenttype
2024-07-18 17:16:29 INFO  Keywords:290 - Element found...attachment.documenttype
2024-07-18 17:16:29 INFO  Keywords:128 - InputText is called
2024-07-18 17:16:29 INFO  Keywords:286 - Waiting for webElement...attachment.choosefile
2024-07-18 17:16:29 INFO  Keywords:290 - Element found...attachment.choosefile
2024-07-18 17:16:29 INFO  Keywords:139 - ClickOnLink is called
2024-07-18 17:16:29 INFO  Keywords:286 - Waiting for webElement...attachment.upload
2024-07-18 17:16:29 INFO  Keywords:290 - Element found...attachment.upload
2024-07-18 17:18:00 INFO  Keywords:416 - switching to particular window...
2024-07-18 17:18:00 INFO  Keywords:489 - GetText is called
2024-07-18 17:18:00 INFO  Keywords:286 - Waiting for webElement...ebixTxnID
2024-07-18 17:18:00 INFO  Keywords:290 - Element found...ebixTxnID
2024-07-18 17:18:00 INFO  Keywords:493 - LinkId: 533396
2024-07-18 17:18:00 INFO  Keywords:537 - LinkId: 533396
2024-07-18 17:18:01 INFO  Keywords:489 - GetText is called
2024-07-18 17:18:01 INFO  Keywords:286 - Waiting for webElement...ebixTxnID
2024-07-18 17:18:01 INFO  Keywords:290 - Element found...ebixTxnID
2024-07-18 17:18:01 INFO  Keywords:493 - LinkId: 533396
2024-07-18 17:18:01 INFO  Keywords:139 - ClickOnLink is called
2024-07-18 17:18:01 INFO  Keywords:286 - Waiting for webElement...next
2024-07-18 17:18:01 INFO  Keywords:290 - Element found...next
2024-07-18 17:18:18 INFO  Keywords:139 - ClickOnLink is called
2024-07-18 17:18:18 INFO  Keywords:286 - Waiting for webElement...validate.button
2024-07-18 17:19:00 INFO  Keywords:139 - ClickOnLink is called
2024-07-18 17:19:00 INFO  Keywords:286 - Waiting for webElement...notification.continue
2024-07-18 17:19:27 INFO  Keywords:139 - ClickOnLink is called
2024-07-18 17:19:27 INFO  Keywords:286 - Waiting for webElement...esignature.optout
2024-07-18 17:21:07 INFO  Keywords:151 - VerifyText is called
2024-07-18 17:21:07 INFO  Keywords:286 - Waiting for webElement...WebElement
2024-07-18 17:21:07 INFO  Keywords:139 - ClickOnLink is called
2024-07-18 17:21:07 INFO  Keywords:286 - Waiting for webElement...attachment
2024-07-18 17:21:07 INFO  Keywords:290 - Element found...attachment
2024-07-18 17:21:07 INFO  Keywords:286 - Waiting for webElement...attachment.documenttype
2024-07-18 17:21:07 INFO  Keywords:290 - Element found...attachment.documenttype
2024-07-18 17:21:07 INFO  Keywords:128 - InputText is called
2024-07-18 17:21:07 INFO  Keywords:286 - Waiting for webElement...attachment.choosefile
2024-07-18 17:21:07 INFO  Keywords:290 - Element found...attachment.choosefile
2024-07-18 17:21:07 INFO  Keywords:139 - ClickOnLink is called
2024-07-18 17:21:07 INFO  Keywords:286 - Waiting for webElement...attachment.upload
2024-07-18 17:21:07 INFO  Keywords:290 - Element found...attachment.upload
2024-07-18 17:21:26 INFO  Keywords:139 - ClickOnLink is called
2024-07-18 17:21:26 INFO  Keywords:286 - Waiting for webElement...RequestSignatures
2024-07-18 17:21:52 INFO  Keywords:286 - Waiting for webElement...attachment.documenttype
2024-07-18 17:21:52 INFO  Keywords:290 - Element found...attachment.documenttype
2024-07-18 17:21:52 INFO  Keywords:128 - InputText is called
2024-07-18 17:21:52 INFO  Keywords:286 - Waiting for webElement...attachment.choosefile
2024-07-18 17:21:52 INFO  Keywords:290 - Element found...attachment.choosefile
2024-07-18 17:21:52 INFO  Keywords:139 - ClickOnLink is called
2024-07-18 17:21:52 INFO  Keywords:286 - Waiting for webElement...attachment.upload
2024-07-18 17:21:52 INFO  Keywords:290 - Element found...attachment.upload
2024-07-18 17:22:10 INFO  Keywords:139 - ClickOnLink is called
2024-07-18 17:22:10 INFO  Keywords:286 - Waiting for webElement...SubmitButton
2024-07-18 17:23:50 INFO  Keywords:435 - switching to parent window...
2024-07-18 17:23:50 INFO  Keywords:102 - Navigate is called
2024-07-18 17:23:51 INFO  Keywords:503 - ClearText is called
2024-07-18 17:23:51 INFO  Keywords:286 - Waiting for webElement...gateway.username
2024-07-18 17:23:51 INFO  Keywords:290 - Element found...gateway.username
2024-07-18 17:23:51 INFO  Keywords:507 - LinkId: 533396
2024-07-18 17:23:51 INFO  Keywords:128 - InputText is called
2024-07-18 17:23:51 INFO  Keywords:286 - Waiting for webElement...gateway.username
2024-07-18 17:23:51 INFO  Keywords:290 - Element found...gateway.username
2024-07-18 17:23:51 INFO  Keywords:503 - ClearText is called
2024-07-18 17:23:51 INFO  Keywords:286 - Waiting for webElement...gateway.password
2024-07-18 17:23:51 INFO  Keywords:290 - Element found...gateway.password
2024-07-18 17:23:51 INFO  Keywords:507 - LinkId: 533396
2024-07-18 17:23:51 INFO  Keywords:128 - InputText is called
2024-07-18 17:23:51 INFO  Keywords:286 - Waiting for webElement...gateway.password
2024-07-18 17:23:51 INFO  Keywords:290 - Element found...gateway.password
2024-07-18 17:23:51 INFO  Keywords:139 - ClickOnLink is called
2024-07-18 17:23:51 INFO  Keywords:286 - Waiting for webElement...gateway.login
2024-07-18 17:23:51 INFO  Keywords:290 - Element found...gateway.login
2024-07-18 17:24:08 INFO  Keywords:139 - ClickOnLink is called
2024-07-18 17:24:08 INFO  Keywords:286 - Waiting for webElement...management
2024-07-18 17:24:08 INFO  Keywords:290 - Element found...management
2024-07-18 17:24:08 INFO  Keywords:286 - Waiting for webElement...managementTools
2024-07-18 17:24:08 INFO  Keywords:290 - Element found...managementTools
2024-07-18 17:24:09 INFO  Keywords:139 - ClickOnLink is called
2024-07-18 17:24:09 INFO  Keywords:286 - Waiting for webElement...feedManagement
2024-07-18 17:24:09 INFO  Keywords:290 - Element found...feedManagement
2024-07-18 17:24:26 INFO  Keywords:139 - ClickOnLink is called
2024-07-18 17:24:26 INFO  Keywords:286 - Waiting for webElement...searchPanel
2024-07-18 17:24:26 INFO  Keywords:290 - Element found...searchPanel
2024-07-18 17:24:26 INFO  Keywords:286 - Waiting for webElement...selectTransactionID
2024-07-18 17:24:26 INFO  Keywords:290 - Element found...selectTransactionID
2024-07-18 17:24:26 INFO  Keywords:128 - InputText is called
2024-07-18 17:24:26 INFO  Keywords:286 - Waiting for webElement...enterTransactioID
2024-07-18 17:24:26 INFO  Keywords:290 - Element found...enterTransactioID
2024-07-18 17:24:26 INFO  Keywords:139 - ClickOnLink is called
2024-07-18 17:24:26 INFO  Keywords:286 - Waiting for webElement...searchbutton
2024-07-18 17:24:26 INFO  Keywords:290 - Element found...searchbutton
2024-07-18 17:24:42 INFO  Keywords:139 - ClickOnLink is called
2024-07-18 17:24:42 INFO  Keywords:286 - Waiting for webElement...transactionSearchmyResult
2024-07-18 17:24:42 INFO  Keywords:290 - Element found...transactionSearchmyResult
2024-07-18 17:24:59 INFO  Keywords:139 - ClickOnLink is called
2024-07-18 17:24:59 INFO  Keywords:286 - Waiting for webElement...onenotThree
2024-07-18 17:24:59 INFO  Keywords:290 - Element found...onenotThree
2024-07-18 17:25:15 INFO  Keywords:286 - Waiting for webElement...103ResponseXML
2024-07-18 17:25:15 INFO  Keywords:290 - Element found...103ResponseXML
2024-07-18 17:25:47 INFO  Keywords:435 - switching to parent window...
2024-07-18 17:25:47 INFO  Keywords:102 - Navigate is called
2024-07-18 17:25:47 INFO  Keywords:503 - ClearText is called
2024-07-18 17:25:47 INFO  Keywords:286 - Waiting for webElement...gateway.username
2024-07-18 17:25:48 INFO  Keywords:290 - Element found...gateway.username
2024-07-18 17:25:48 INFO  Keywords:507 - <soap:Envelope xmlns:soap="http://schemas.xmlsoap.org/soap/envelope/" xmlns:xsd="http://www.w3.org/2001/XMLSchema" xmlns:acord="http://ACORD.org/Standards/Life/2" xmlns:finetre="www.finetre.com/webservices" xmlns:user="http://www.annuitynet.com/namespace" xmlns:xsi="http://www.w3.org/2001/XMLSchema-instance"><soap:Header><Header xmlns="www.finetre.com/webservices"><SessionId/><TransactionType>TransactionXML</TransactionType><ServiceVersion>1</ServiceVersion><RequestorId/><RequestorKey xsi:nil="true"/><ResponderId>SO</ResponderId><ResponderKey xsi:nil="true"/><RequestGUID>CB9A7BF6-ED10-49FF-AC69-F77F5C9B772C</RequestGUID><RequestSentDateTime/><RequestReceivedDateTime>2024-7-18T11:40:4</RequestReceivedDateTime><ResponseSentDateTime>2024-7-18T11:40:4</ResponseSentDateTime><ResponseReceivedDateTime>0001-01-01T00:00:00.0000000-05:00</ResponseReceivedDateTime><Extensions xsi:nil="true"/></Header></soap:Header><soap:Body><UploadResponse xmlns="www.finetre.com/webservices"><Data><Status>Success</Status><Errors xsi:nil="false"/><Extensions xsi:nil="true"/></Data></UploadResponse></soap:Body></soap:Envelope>
2024-07-18 17:25:48 INFO  Keywords:128 - InputText is called
2024-07-18 17:25:48 INFO  Keywords:286 - Waiting for webElement...gateway.username
2024-07-18 17:25:48 INFO  Keywords:290 - Element found...gateway.username
2024-07-18 17:25:48 INFO  Keywords:503 - ClearText is called
2024-07-18 17:25:48 INFO  Keywords:286 - Waiting for webElement...gateway.password
2024-07-18 17:25:48 INFO  Keywords:290 - Element found...gateway.password
2024-07-18 17:25:48 INFO  Keywords:507 - <soap:Envelope xmlns:soap="http://schemas.xmlsoap.org/soap/envelope/" xmlns:xsd="http://www.w3.org/2001/XMLSchema" xmlns:acord="http://ACORD.org/Standards/Life/2" xmlns:finetre="www.finetre.com/webservices" xmlns:user="http://www.annuitynet.com/namespace" xmlns:xsi="http://www.w3.org/2001/XMLSchema-instance"><soap:Header><Header xmlns="www.finetre.com/webservices"><SessionId/><TransactionType>TransactionXML</TransactionType><ServiceVersion>1</ServiceVersion><RequestorId/><RequestorKey xsi:nil="true"/><ResponderId>SO</ResponderId><ResponderKey xsi:nil="true"/><RequestGUID>CB9A7BF6-ED10-49FF-AC69-F77F5C9B772C</RequestGUID><RequestSentDateTime/><RequestReceivedDateTime>2024-7-18T11:40:4</RequestReceivedDateTime><ResponseSentDateTime>2024-7-18T11:40:4</ResponseSentDateTime><ResponseReceivedDateTime>0001-01-01T00:00:00.0000000-05:00</ResponseReceivedDateTime><Extensions xsi:nil="true"/></Header></soap:Header><soap:Body><UploadResponse xmlns="www.finetre.com/webservices"><Data><Status>Success</Status><Errors xsi:nil="false"/><Extensions xsi:nil="true"/></Data></UploadResponse></soap:Body></soap:Envelope>
2024-07-18 17:25:48 INFO  Keywords:128 - InputText is called
2024-07-18 17:25:48 INFO  Keywords:286 - Waiting for webElement...gateway.password
2024-07-18 17:25:48 INFO  Keywords:290 - Element found...gateway.password
2024-07-18 17:25:48 INFO  Keywords:139 - ClickOnLink is called
2024-07-18 17:25:48 INFO  Keywords:286 - Waiting for webElement...gateway.login
2024-07-18 17:25:48 INFO  Keywords:290 - Element found...gateway.login
2024-07-18 17:26:05 INFO  Keywords:139 - ClickOnLink is called
2024-07-18 17:26:05 INFO  Keywords:286 - Waiting for webElement...management
2024-07-18 17:26:05 INFO  Keywords:290 - Element found...management
2024-07-18 17:26:05 INFO  Keywords:286 - Waiting for webElement...managementTools
2024-07-18 17:26:05 INFO  Keywords:290 - Element found...managementTools
2024-07-18 17:26:06 INFO  Keywords:139 - ClickOnLink is called
2024-07-18 17:26:06 INFO  Keywords:286 - Waiting for webElement...feedManagement
2024-07-18 17:26:06 INFO  Keywords:290 - Element found...feedManagement
2024-07-18 17:26:22 INFO  Keywords:139 - ClickOnLink is called
2024-07-18 17:26:22 INFO  Keywords:286 - Waiting for webElement...searchPanel
2024-07-18 17:26:22 INFO  Keywords:290 - Element found...searchPanel
2024-07-18 17:26:23 INFO  Keywords:286 - Waiting for webElement...selectTransactionID
2024-07-18 17:26:23 INFO  Keywords:290 - Element found...selectTransactionID
2024-07-18 17:26:23 INFO  Keywords:128 - InputText is called
2024-07-18 17:26:23 INFO  Keywords:286 - Waiting for webElement...enterTransactioID
2024-07-18 17:26:23 INFO  Keywords:290 - Element found...enterTransactioID
2024-07-18 17:26:23 INFO  Keywords:139 - ClickOnLink is called
2024-07-18 17:26:23 INFO  Keywords:286 - Waiting for webElement...searchbutton
2024-07-18 17:26:23 INFO  Keywords:290 - Element found...searchbutton
2024-07-18 17:26:39 INFO  Keywords:139 - ClickOnLink is called
2024-07-18 17:26:39 INFO  Keywords:286 - Waiting for webElement...transactionSearchmyResult
2024-07-18 17:26:39 INFO  Keywords:290 - Element found...transactionSearchmyResult
2024-07-18 17:26:55 INFO  Keywords:139 - ClickOnLink is called
2024-07-18 17:26:55 INFO  Keywords:286 - Waiting for webElement...RTSMButton
2024-07-18 17:26:55 INFO  Keywords:290 - Element found...RTSMButton
2024-07-18 17:27:11 INFO  Keywords:286 - Waiting for webElement...RTSMResponseXML
2024-07-18 17:28:39 INFO  Keywords:102 - Navigate is called
2024-07-18 17:28:42 INFO  Keywords:128 - InputText is called
2024-07-18 17:28:42 INFO  Keywords:286 - Waiting for webElement...gateway.username
2024-07-18 17:28:42 INFO  Keywords:290 - Element found...gateway.username
2024-07-18 17:28:42 INFO  Keywords:128 - InputText is called
2024-07-18 17:28:42 INFO  Keywords:286 - Waiting for webElement...gateway.password
2024-07-18 17:28:42 INFO  Keywords:290 - Element found...gateway.password
2024-07-18 17:28:42 INFO  Keywords:139 - ClickOnLink is called
2024-07-18 17:28:42 INFO  Keywords:286 - Waiting for webElement...gateway.login
2024-07-18 17:28:42 INFO  Keywords:290 - Element found...gateway.login
2024-07-18 17:29:19 INFO  Keywords:139 - ClickOnLink is called
2024-07-18 17:29:19 INFO  Keywords:286 - Waiting for webElement...postsamldata
2024-07-18 17:29:19 INFO  Keywords:290 - Element found...postsamldata
2024-07-18 17:29:35 INFO  Keywords:139 - ClickOnLink is called
2024-07-18 17:29:35 INFO  Keywords:286 - Waiting for webElement...next
2024-07-18 17:29:35 INFO  Keywords:290 - Element found...next
2024-07-18 17:29:56 INFO  Keywords:128 - InputText is called
2024-07-18 17:29:56 INFO  Keywords:286 - Waiting for webElement...policyConfiguration.insuranceamount
2024-07-18 17:29:56 INFO  Keywords:290 - Element found...policyConfiguration.insuranceamount
2024-07-18 17:29:56 INFO  Keywords:286 - Waiting for webElement...policyConfiguration.LTC
2024-07-18 17:29:56 INFO  Keywords:290 - Element found...policyConfiguration.LTC
2024-07-18 17:29:57 INFO  Keywords:286 - Waiting for webElement...policyConfiguration.Benefit
2024-07-18 17:30:47 INFO  Keywords:286 - Waiting for webElement...policyConfiguration.payors
2024-07-18 17:30:47 INFO  Keywords:290 - Element found...policyConfiguration.payors
2024-07-18 17:30:47 INFO  Keywords:286 - Waiting for webElement...policyConfiguration.purposeofpolicy
2024-07-18 17:30:47 INFO  Keywords:290 - Element found...policyConfiguration.purposeofpolicy
2024-07-18 17:30:48 INFO  Keywords:139 - ClickOnLink is called
2024-07-18 17:30:48 INFO  Keywords:286 - Waiting for webElement...next
2024-07-18 17:30:48 INFO  Keywords:290 - Element found...next
2024-07-18 17:32:23 INFO  Keywords:286 - Waiting for webElement...primaryinsured.birthcountry
2024-07-18 17:32:23 INFO  Keywords:290 - Element found...primaryinsured.birthcountry
2024-07-18 17:32:23 INFO  Keywords:286 - Waiting for webElement...primaryinsured.birthstate
2024-07-18 17:32:23 INFO  Keywords:290 - Element found...primaryinsured.birthstate
2024-07-18 17:32:23 INFO  Keywords:128 - InputText is called
2024-07-18 17:32:23 INFO  Keywords:286 - Waiting for webElement...primaryinsured.birthcity
2024-07-18 17:32:33 INFO  Keywords:139 - ClickOnLink is called
2024-07-18 17:32:33 INFO  Keywords:286 - Waiting for webElement...next
2024-07-18 17:32:34 INFO  Keywords:290 - Element found...next
2024-07-18 17:32:54 INFO  Keywords:139 - ClickOnLink is called
2024-07-18 17:32:54 INFO  Keywords:286 - Waiting for webElement...next
2024-07-18 17:32:54 INFO  Keywords:290 - Element found...next
2024-07-18 17:33:15 INFO  Keywords:286 - Waiting for webElement...naturalOwner.relationwithInsured
2024-07-18 17:33:15 INFO  Keywords:290 - Element found...naturalOwner.relationwithInsured
2024-07-18 17:33:16 INFO  Keywords:286 - Waiting for webElement...naturalOwner.relationwithJointInsured
2024-07-18 17:34:06 INFO  Keywords:286 - Waiting for webElement...naturalOwner.PermamentResidentCard
2024-07-18 17:34:06 INFO  Keywords:290 - Element found...naturalOwner.PermamentResidentCard
2024-07-18 17:34:06 INFO  Keywords:128 - InputText is called
2024-07-18 17:34:06 INFO  Keywords:286 - Waiting for webElement...naturalOwner.ResidentCardIssueDAte
2024-07-18 17:34:06 INFO  Keywords:290 - Element found...naturalOwner.ResidentCardIssueDAte
2024-07-18 17:34:06 INFO  Keywords:128 - InputText is called
2024-07-18 17:34:06 INFO  Keywords:286 - Waiting for webElement...naturalOwner.ResidentCardExpireationDAte
2024-07-18 17:34:06 INFO  Keywords:290 - Element found...naturalOwner.ResidentCardExpireationDAte
2024-07-18 17:34:06 INFO  Keywords:128 - InputText is called
2024-07-18 17:34:06 INFO  Keywords:286 - Waiting for webElement...naturalOwner.USLivingYrs
2024-07-18 17:34:06 INFO  Keywords:290 - Element found...naturalOwner.USLivingYrs
2024-07-18 17:34:06 INFO  Keywords:128 - InputText is called
2024-07-18 17:34:06 INFO  Keywords:286 - Waiting for webElement...naturalOwner.USLivingMonths
2024-07-18 17:34:06 INFO  Keywords:290 - Element found...naturalOwner.USLivingMonths
2024-07-18 17:34:06 INFO  Keywords:139 - ClickOnLink is called
2024-07-18 17:34:06 INFO  Keywords:286 - Waiting for webElement...next
2024-07-18 17:34:06 INFO  Keywords:290 - Element found...next
2024-07-18 17:34:26 INFO  Keywords:286 - Waiting for webElement...financialDetails.SourceOfFundsLI
2024-07-18 17:34:26 INFO  Keywords:290 - Element found...financialDetails.SourceOfFundsLI
2024-07-18 17:34:26 INFO  Keywords:286 - Waiting for webElement...financialDetails.SurrenderChargeSOFLI
2024-07-18 17:34:26 INFO  Keywords:290 - Element found...financialDetails.SurrenderChargeSOFLI
2024-07-18 17:34:26 INFO  Keywords:286 - Waiting for webElement...financialDetails.envisiontaking
2024-07-18 17:34:26 INFO  Keywords:290 - Element found...financialDetails.envisiontaking
2024-07-18 17:34:26 INFO  Keywords:286 - Waiting for webElement...financialDetails.federalfaxbracket
2024-07-18 17:34:26 INFO  Keywords:290 - Element found...financialDetails.federalfaxbracket
2024-07-18 17:34:27 INFO  Keywords:286 - Waiting for webElement...financialDetails.riskTolerance
2024-07-18 17:34:27 INFO  Keywords:290 - Element found...financialDetails.riskTolerance
2024-07-18 17:34:27 INFO  Keywords:286 - Waiting for webElement...financialDetails.Investmentobjectives
2024-07-18 17:34:27 INFO  Keywords:290 - Element found...financialDetails.Investmentobjectives
2024-07-18 17:34:27 INFO  Keywords:286 - Waiting for webElement...financialDetails.timehorizon
2024-07-18 17:34:27 INFO  Keywords:290 - Element found...financialDetails.timehorizon
2024-07-18 17:34:27 INFO  Keywords:286 - Waiting for webElement...financialDetails.investmentexperienceFA
2024-07-18 17:34:27 INFO  Keywords:290 - Element found...financialDetails.investmentexperienceFA
2024-07-18 17:34:28 INFO  Keywords:128 - InputText is called
2024-07-18 17:34:28 INFO  Keywords:286 - Waiting for webElement...financialDetails.investmentstartyear
2024-07-18 17:34:28 INFO  Keywords:290 - Element found...financialDetails.investmentstartyear
2024-07-18 17:34:28 INFO  Keywords:128 - InputText is called
2024-07-18 17:34:28 INFO  Keywords:286 - Waiting for webElement...financialdetails.wages
2024-07-18 17:34:28 INFO  Keywords:290 - Element found...financialdetails.wages
2024-07-18 17:34:28 INFO  Keywords:128 - InputText is called
2024-07-18 17:34:28 INFO  Keywords:286 - Waiting for webElement...financialdetails.livingexpenses
2024-07-18 17:34:28 INFO  Keywords:290 - Element found...financialdetails.livingexpenses
2024-07-18 17:34:28 INFO  Keywords:128 - InputText is called
2024-07-18 17:34:28 INFO  Keywords:286 - Waiting for webElement...financialdetails.personalinvestment
2024-07-18 17:34:28 INFO  Keywords:290 - Element found...financialdetails.personalinvestment
2024-07-18 17:34:28 INFO  Keywords:128 - InputText is called
2024-07-18 17:34:28 INFO  Keywords:286 - Waiting for webElement...financialdetails.fixeddebtexpenses
2024-07-18 17:34:28 INFO  Keywords:290 - Element found...financialdetails.fixeddebtexpenses
2024-07-18 17:34:28 INFO  Keywords:128 - InputText is called
2024-07-18 17:34:28 INFO  Keywords:286 - Waiting for webElement...financialdetails.rentalincome
2024-07-18 17:34:28 INFO  Keywords:290 - Element found...financialdetails.rentalincome
2024-07-18 17:34:28 INFO  Keywords:128 - InputText is called
2024-07-18 17:34:28 INFO  Keywords:286 - Waiting for webElement...financialdetails.variabledebtexpenses
2024-07-18 17:34:28 INFO  Keywords:290 - Element found...financialdetails.variabledebtexpenses
2024-07-18 17:34:28 INFO  Keywords:128 - InputText is called
2024-07-18 17:34:28 INFO  Keywords:286 - Waiting for webElement...financialdetails.incomepension
2024-07-18 17:34:28 INFO  Keywords:290 - Element found...financialdetails.incomepension
2024-07-18 17:34:28 INFO  Keywords:128 - InputText is called
2024-07-18 17:34:28 INFO  Keywords:286 - Waiting for webElement...financialdetails.discretionaryexpenses
2024-07-18 17:34:28 INFO  Keywords:290 - Element found...financialdetails.discretionaryexpenses
2024-07-18 17:34:28 INFO  Keywords:128 - InputText is called
2024-07-18 17:34:28 INFO  Keywords:286 - Waiting for webElement...financialdetails.socialsecurityincome
2024-07-18 17:34:28 INFO  Keywords:290 - Element found...financialdetails.socialsecurityincome
2024-07-18 17:34:28 INFO  Keywords:128 - InputText is called
2024-07-18 17:34:28 INFO  Keywords:286 - Waiting for webElement...financialdetails.otherincome
2024-07-18 17:34:28 INFO  Keywords:290 - Element found...financialdetails.otherincome
2024-07-18 17:34:28 INFO  Keywords:128 - InputText is called
2024-07-18 17:34:28 INFO  Keywords:286 - Waiting for webElement...financialdetails.bonds
2024-07-18 17:34:28 INFO  Keywords:290 - Element found...financialdetails.bonds
2024-07-18 17:34:28 INFO  Keywords:128 - InputText is called
2024-07-18 17:34:28 INFO  Keywords:286 - Waiting for webElement...financialdetails.businessTrustRealstate
2024-07-18 17:34:28 INFO  Keywords:290 - Element found...financialdetails.businessTrustRealstate
2024-07-18 17:34:28 INFO  Keywords:128 - InputText is called
2024-07-18 17:34:28 INFO  Keywords:286 - Waiting for webElement...financialdetails.retirementplan
2024-07-18 17:34:28 INFO  Keywords:290 - Element found...financialdetails.retirementplan
2024-07-18 17:34:28 INFO  Keywords:128 - InputText is called
2024-07-18 17:34:28 INFO  Keywords:286 - Waiting for webElement...financialdetails.equities
2024-07-18 17:34:28 INFO  Keywords:290 - Element found...financialdetails.equities
2024-07-18 17:34:28 INFO  Keywords:128 - InputText is called
2024-07-18 17:34:28 INFO  Keywords:286 - Waiting for webElement...financialdetails.facevalueilfeinsurance
2024-07-18 17:34:28 INFO  Keywords:290 - Element found...financialdetails.facevalueilfeinsurance
2024-07-18 17:34:28 INFO  Keywords:128 - InputText is called
2024-07-18 17:34:28 INFO  Keywords:286 - Waiting for webElement...financialdetails.fixedannuity
2024-07-18 17:34:28 INFO  Keywords:290 - Element found...financialdetails.fixedannuity
2024-07-18 17:34:28 INFO  Keywords:128 - InputText is called
2024-07-18 17:34:28 INFO  Keywords:286 - Waiting for webElement...financialdetails.indexannuity
2024-07-18 17:34:28 INFO  Keywords:290 - Element found...financialdetails.indexannuity
2024-07-18 17:34:28 INFO  Keywords:128 - InputText is called
2024-07-18 17:34:28 INFO  Keywords:286 - Waiting for webElement...financialdetails.liquidnetworth
2024-07-18 17:34:28 INFO  Keywords:290 - Element found...financialdetails.liquidnetworth
2024-07-18 17:34:28 INFO  Keywords:128 - InputText is called
2024-07-18 17:34:28 INFO  Keywords:286 - Waiting for webElement...financialdetails.mutualfund
2024-07-18 17:34:28 INFO  Keywords:290 - Element found...financialdetails.mutualfund
2024-07-18 17:34:28 INFO  Keywords:128 - InputText is called
2024-07-18 17:34:28 INFO  Keywords:286 - Waiting for webElement...financialdetails.otherbrokerage
2024-07-18 17:34:28 INFO  Keywords:290 - Element found...financialdetails.otherbrokerage
2024-07-18 17:34:28 INFO  Keywords:128 - InputText is called
2024-07-18 17:34:28 INFO  Keywords:286 - Waiting for webElement...financialdetails.policypremium
2024-07-18 17:34:28 INFO  Keywords:290 - Element found...financialdetails.policypremium
2024-07-18 17:34:28 INFO  Keywords:128 - InputText is called
2024-07-18 17:34:28 INFO  Keywords:286 - Waiting for webElement...financialdetails.variableannuity
2024-07-18 17:34:28 INFO  Keywords:290 - Element found...financialdetails.variableannuity
2024-07-18 17:34:28 INFO  Keywords:128 - InputText is called
2024-07-18 17:34:28 INFO  Keywords:286 - Waiting for webElement...financialdetails.totalpremium
2024-07-18 17:34:28 INFO  Keywords:290 - Element found...financialdetails.totalpremium
2024-07-18 17:34:28 INFO  Keywords:286 - Waiting for webElement...financialdetails.anticipatedchanges
2024-07-18 17:34:28 INFO  Keywords:290 - Element found...financialdetails.anticipatedchanges
2024-07-18 17:34:29 INFO  Keywords:286 - Waiting for webElement...financialdetails.nonguaranteedelementYes
2024-07-18 17:34:29 INFO  Keywords:290 - Element found...financialdetails.nonguaranteedelementYes
2024-07-18 17:34:29 INFO  Keywords:286 - Waiting for webElement...financialdetails.reversemortgage
2024-07-18 17:34:29 INFO  Keywords:290 - Element found...financialdetails.reversemortgage
2024-07-18 17:34:29 INFO  Keywords:139 - ClickOnLink is called
2024-07-18 17:34:29 INFO  Keywords:286 - Waiting for webElement...next
2024-07-18 17:34:29 INFO  Keywords:290 - Element found...next
2024-07-18 17:34:48 INFO  Keywords:286 - Waiting for webElement...payment.modal
2024-07-18 17:34:48 INFO  Keywords:290 - Element found...payment.modal
2024-07-18 17:35:04 INFO  Keywords:286 - Waiting for webElement...payment.method
2024-07-18 17:35:04 INFO  Keywords:290 - Element found...payment.method
2024-07-18 17:35:05 INFO  Keywords:128 - InputText is called
2024-07-18 17:35:05 INFO  Keywords:286 - Waiting for webElement...payment.premium
2024-07-18 17:35:05 INFO  Keywords:290 - Element found...payment.premium
2024-07-18 17:35:05 INFO  Keywords:128 - InputText is called
2024-07-18 17:35:05 INFO  Keywords:286 - Waiting for webElement...payment.bankRouting
2024-07-18 17:35:05 INFO  Keywords:290 - Element found...payment.bankRouting
2024-07-18 17:35:05 INFO  Keywords:128 - InputText is called
2024-07-18 17:35:05 INFO  Keywords:286 - Waiting for webElement...payment.bankRouting
2024-07-18 17:35:05 INFO  Keywords:290 - Element found...payment.bankRouting
2024-07-18 17:35:05 INFO  Keywords:128 - InputText is called
2024-07-18 17:35:05 INFO  Keywords:286 - Waiting for webElement...payment.bankRouting
2024-07-18 17:35:05 INFO  Keywords:290 - Element found...payment.bankRouting
2024-07-18 17:35:05 INFO  Keywords:128 - InputText is called
2024-07-18 17:35:05 INFO  Keywords:286 - Waiting for webElement...payment.bankRouting
2024-07-18 17:35:05 INFO  Keywords:290 - Element found...payment.bankRouting
2024-07-18 17:35:05 INFO  Keywords:128 - InputText is called
2024-07-18 17:35:05 INFO  Keywords:286 - Waiting for webElement...payment.bankAccountNumber
2024-07-18 17:35:05 INFO  Keywords:290 - Element found...payment.bankAccountNumber
2024-07-18 17:35:05 INFO  Keywords:286 - Waiting for webElement...payment.AccountType
2024-07-18 17:35:05 INFO  Keywords:290 - Element found...payment.AccountType
2024-07-18 17:35:05 INFO  Keywords:139 - ClickOnLink is called
2024-07-18 17:35:05 INFO  Keywords:286 - Waiting for webElement...next
2024-07-18 17:35:05 INFO  Keywords:290 - Element found...next
2024-07-18 17:35:24 INFO  Keywords:286 - Waiting for webElement...existinginsurance.borrowingfunds
2024-07-18 17:35:24 INFO  Keywords:290 - Element found...existinginsurance.borrowingfunds
2024-07-18 17:35:24 INFO  Keywords:286 - Waiting for webElement...existinginsurance.terminatingexistinglifepolicyNo
2024-07-18 17:35:24 INFO  Keywords:290 - Element found...existinginsurance.terminatingexistinglifepolicyNo
2024-07-18 17:35:25 INFO  Keywords:286 - Waiting for webElement...existinginsurance.DisabilityPoliciesNo
2024-07-18 17:35:25 INFO  Keywords:290 - Element found...existinginsurance.DisabilityPoliciesNo
2024-07-18 17:35:25 INFO  Keywords:286 - Waiting for webElement...existinginsurance.longtermpolicyNo
2024-07-18 17:35:25 INFO  Keywords:290 - Element found...existinginsurance.longtermpolicyNo
2024-07-18 17:35:25 INFO  Keywords:286 - Waiting for webElement...existinglongterminsurance.NO
2024-07-18 17:35:25 INFO  Keywords:290 - Element found...existinglongterminsurance.NO
2024-07-18 17:35:25 INFO  Keywords:139 - ClickOnLink is called
2024-07-18 17:35:25 INFO  Keywords:286 - Waiting for webElement...next
2024-07-18 17:35:25 INFO  Keywords:290 - Element found...next
2024-07-18 17:35:44 INFO  Keywords:139 - ClickOnLink is called
2024-07-18 17:35:44 INFO  Keywords:286 - Waiting for webElement...next
2024-07-18 17:35:44 INFO  Keywords:290 - Element found...next
2024-07-18 17:36:03 INFO  Keywords:128 - InputText is called
2024-07-18 17:36:03 INFO  Keywords:286 - Waiting for webElement...additionalclientquestion.q1
2024-07-18 17:36:03 INFO  Keywords:290 - Element found...additionalclientquestion.q1
2024-07-18 17:36:03 INFO  Keywords:128 - InputText is called
2024-07-18 17:36:03 INFO  Keywords:286 - Waiting for webElement...additionalclientquestion.q2
2024-07-18 17:36:03 INFO  Keywords:290 - Element found...additionalclientquestion.q2
2024-07-18 17:36:03 INFO  Keywords:128 - InputText is called
2024-07-18 17:36:03 INFO  Keywords:286 - Waiting for webElement...additionalclientquestion.q3
2024-07-18 17:36:03 INFO  Keywords:290 - Element found...additionalclientquestion.q3
2024-07-18 17:36:03 INFO  Keywords:128 - InputText is called
2024-07-18 17:36:03 INFO  Keywords:286 - Waiting for webElement...additionalclientquestion.q4
2024-07-18 17:36:22 INFO  Keywords:128 - InputText is called
2024-07-18 17:36:22 INFO  Keywords:286 - Waiting for webElement...additionalclientquestion.q5
2024-07-18 17:36:32 INFO  Keywords:128 - InputText is called
2024-07-18 17:36:32 INFO  Keywords:286 - Waiting for webElement...additionalclientquestion.q9
