2024-01-03 10:47:40 INFO  Keywords:94 - Navigate is called
2024-01-03 10:47:43 INFO  Keywords:122 - InputText is called
2024-01-03 10:47:43 INFO  Keywords:283 - Waiting for webElement...gateway.username
2024-01-03 10:47:43 INFO  Keywords:286 - Element found...gateway.username
2024-01-03 10:47:43 INFO  Keywords:122 - InputText is called
2024-01-03 10:47:43 INFO  Keywords:283 - Waiting for webElement...gateway.password
2024-01-03 10:47:43 INFO  Keywords:286 - Element found...gateway.password
2024-01-03 10:47:43 INFO  Keywords:135 - ClickOnLink is called
2024-01-03 10:47:43 INFO  Keywords:283 - Waiting for webElement...gateway.login
2024-01-03 10:47:44 INFO  Keywords:286 - Element found...gateway.login
2024-01-03 10:48:22 INFO  Keywords:135 - ClickOnLink is called
2024-01-03 10:48:22 INFO  Keywords:283 - Waiting for webElement...postsamldata
2024-01-03 10:48:22 INFO  Keywords:286 - Element found...postsamldata
2024-01-03 10:48:39 INFO  Keywords:135 - ClickOnLink is called
2024-01-03 10:48:39 INFO  Keywords:283 - Waiting for webElement...next
2024-01-03 10:48:39 INFO  Keywords:286 - Element found...next
2024-01-03 10:49:01 INFO  Keywords:122 - InputText is called
2024-01-03 10:49:01 INFO  Keywords:283 - Waiting for webElement...policyConfiguration.insuranceamount
2024-01-03 10:49:01 INFO  Keywords:286 - Element found...policyConfiguration.insuranceamount
2024-01-03 10:49:01 INFO  Keywords:283 - Waiting for webElement...policyConfiguration.LTC
2024-01-03 10:49:12 INFO  Keywords:283 - Waiting for webElement...policyConfiguration.payors
2024-01-03 10:49:12 INFO  Keywords:286 - Element found...policyConfiguration.payors
2024-01-03 10:49:12 INFO  Keywords:283 - Waiting for webElement...policyConfiguration.purposeofpolicy
2024-01-03 10:49:12 INFO  Keywords:286 - Element found...policyConfiguration.purposeofpolicy
2024-01-03 10:49:12 INFO  Keywords:135 - ClickOnLink is called
2024-01-03 10:49:12 INFO  Keywords:283 - Waiting for webElement...next
2024-01-03 10:49:12 INFO  Keywords:286 - Element found...next
2024-01-03 10:50:48 INFO  Keywords:283 - Waiting for webElement...primaryinsured.birthcountry
2024-01-03 10:50:48 INFO  Keywords:286 - Element found...primaryinsured.birthcountry
2024-01-03 10:50:48 INFO  Keywords:283 - Waiting for webElement...primaryinsured.birthstate
2024-01-03 10:50:48 INFO  Keywords:286 - Element found...primaryinsured.birthstate
2024-01-03 10:50:48 INFO  Keywords:122 - InputText is called
2024-01-03 10:50:48 INFO  Keywords:283 - Waiting for webElement...primaryinsured.birthcity
2024-01-03 10:50:49 INFO  Keywords:286 - Element found...primaryinsured.birthcity
2024-01-03 10:50:49 INFO  Keywords:135 - ClickOnLink is called
2024-01-03 10:50:49 INFO  Keywords:283 - Waiting for webElement...next
2024-01-03 10:50:49 INFO  Keywords:286 - Element found...next
2024-01-03 10:51:05 INFO  Keywords:135 - ClickOnLink is called
2024-01-03 10:51:05 INFO  Keywords:283 - Waiting for webElement...next
2024-01-03 10:51:05 INFO  Keywords:286 - Element found...next
2024-01-03 10:51:21 INFO  Keywords:283 - Waiting for webElement...financialDetails.SourceOfFundsLI
2024-01-03 10:51:31 INFO  Keywords:283 - Waiting for webElement...financialDetails.SurrenderChargeSOFLI
2024-01-03 10:51:41 INFO  Keywords:283 - Waiting for webElement...financialDetails.envisiontaking
2024-01-03 10:51:52 INFO  Keywords:283 - Waiting for webElement...financialDetails.federalfaxbracket
2024-01-03 10:52:02 INFO  Keywords:283 - Waiting for webElement...financialDetails.riskTolerance
2024-01-03 10:52:12 INFO  Keywords:283 - Waiting for webElement...financialDetails.Investmentobjectives
2024-01-03 10:52:22 INFO  Keywords:283 - Waiting for webElement...financialDetails.timehorizon
2024-01-03 10:52:32 INFO  Keywords:283 - Waiting for webElement...financialDetails.investmentexperienceFA
2024-01-03 10:52:42 INFO  Keywords:122 - InputText is called
2024-01-03 10:52:42 INFO  Keywords:283 - Waiting for webElement...financialDetails.investmentstartyear
2024-01-03 10:52:52 INFO  Keywords:122 - InputText is called
2024-01-03 10:52:52 INFO  Keywords:283 - Waiting for webElement...financialdetails.wages
2024-01-03 10:53:02 INFO  Keywords:122 - InputText is called
2024-01-03 10:53:02 INFO  Keywords:283 - Waiting for webElement...financialdetails.livingexpenses
2024-01-03 10:53:12 INFO  Keywords:122 - InputText is called
2024-01-03 10:53:12 INFO  Keywords:283 - Waiting for webElement...financialdetails.personalinvestment
2024-01-03 10:53:23 INFO  Keywords:122 - InputText is called
2024-01-03 10:53:23 INFO  Keywords:283 - Waiting for webElement...financialdetails.fixeddebtexpenses
2024-01-03 10:53:33 INFO  Keywords:122 - InputText is called
2024-01-03 10:53:33 INFO  Keywords:283 - Waiting for webElement...financialdetails.rentalincome
2024-01-03 10:53:43 INFO  Keywords:122 - InputText is called
2024-01-03 10:53:43 INFO  Keywords:283 - Waiting for webElement...financialdetails.variabledebtexpenses
2024-01-03 10:53:53 INFO  Keywords:122 - InputText is called
2024-01-03 10:53:53 INFO  Keywords:283 - Waiting for webElement...financialdetails.incomepension
2024-01-03 10:54:03 INFO  Keywords:122 - InputText is called
2024-01-03 10:54:03 INFO  Keywords:283 - Waiting for webElement...financialdetails.discretionaryexpenses
2024-01-03 10:54:13 INFO  Keywords:122 - InputText is called
2024-01-03 10:54:13 INFO  Keywords:283 - Waiting for webElement...financialdetails.socialsecurityincome
2024-01-03 10:54:23 INFO  Keywords:122 - InputText is called
2024-01-03 10:54:23 INFO  Keywords:283 - Waiting for webElement...financialdetails.otherincome
2024-01-03 10:54:33 INFO  Keywords:122 - InputText is called
2024-01-03 10:54:33 INFO  Keywords:283 - Waiting for webElement...financialdetails.bonds
2024-01-03 10:54:43 INFO  Keywords:122 - InputText is called
2024-01-03 10:54:43 INFO  Keywords:283 - Waiting for webElement...financialdetails.businessTrustRealstate
2024-01-03 10:54:54 INFO  Keywords:122 - InputText is called
2024-01-03 10:54:54 INFO  Keywords:283 - Waiting for webElement...financialdetails.retirementplan
2024-01-03 10:55:04 INFO  Keywords:122 - InputText is called
2024-01-03 10:55:04 INFO  Keywords:283 - Waiting for webElement...financialdetails.equities
2024-01-03 10:55:14 INFO  Keywords:122 - InputText is called
2024-01-03 10:55:14 INFO  Keywords:283 - Waiting for webElement...financialdetails.facevalueilfeinsurance
2024-01-03 10:55:24 INFO  Keywords:122 - InputText is called
2024-01-03 10:55:24 INFO  Keywords:283 - Waiting for webElement...financialdetails.fixedannuity
2024-01-03 10:55:34 INFO  Keywords:122 - InputText is called
2024-01-03 10:55:34 INFO  Keywords:283 - Waiting for webElement...financialdetails.indexannuity
2024-01-03 10:55:44 INFO  Keywords:122 - InputText is called
2024-01-03 10:55:44 INFO  Keywords:283 - Waiting for webElement...financialdetails.liquidnetworth
2024-01-03 10:55:54 INFO  Keywords:122 - InputText is called
2024-01-03 10:55:54 INFO  Keywords:283 - Waiting for webElement...financialdetails.mutualfund
2024-01-03 10:56:04 INFO  Keywords:122 - InputText is called
2024-01-03 10:56:04 INFO  Keywords:283 - Waiting for webElement...financialdetails.otherbrokerage
2024-01-03 10:56:14 INFO  Keywords:122 - InputText is called
2024-01-03 10:56:14 INFO  Keywords:283 - Waiting for webElement...financialdetails.policypremium
2024-01-03 10:56:25 INFO  Keywords:122 - InputText is called
2024-01-03 10:56:25 INFO  Keywords:283 - Waiting for webElement...financialdetails.variableannuity
2024-01-03 10:56:35 INFO  Keywords:122 - InputText is called
2024-01-03 10:56:35 INFO  Keywords:283 - Waiting for webElement...financialdetails.totalpremium
2024-01-03 10:56:45 INFO  Keywords:283 - Waiting for webElement...financialdetails.anticipatedchanges
2024-01-03 10:56:55 INFO  Keywords:283 - Waiting for webElement...financialdetails.nonguaranteedelement
2024-01-03 10:57:05 INFO  Keywords:283 - Waiting for webElement...financialdetails.reversemortgage
2024-01-03 10:57:15 INFO  Keywords:135 - ClickOnLink is called
2024-01-03 10:57:15 INFO  Keywords:283 - Waiting for webElement...next
2024-01-03 10:57:15 INFO  Keywords:286 - Element found...next
2024-01-03 10:57:31 INFO  Keywords:283 - Waiting for webElement...payment.modal
2024-01-03 10:57:58 INFO  Keywords:283 - Waiting for webElement...payment.method
2024-01-03 10:58:08 INFO  Keywords:122 - InputText is called
2024-01-03 10:58:08 INFO  Keywords:283 - Waiting for webElement...payment.premium
2024-01-03 10:58:18 INFO  Keywords:135 - ClickOnLink is called
2024-01-03 10:58:18 INFO  Keywords:283 - Waiting for webElement...next
2024-01-03 10:58:18 INFO  Keywords:286 - Element found...next
2024-01-03 10:58:34 INFO  Keywords:283 - Waiting for webElement...existinginsurance.borrowingfunds
2024-01-03 10:58:44 INFO  Keywords:283 - Waiting for webElement...existinginsurance.terminatingexistinglifepolicy
2024-01-03 10:58:54 INFO  Keywords:283 - Waiting for webElement...existinginsurance.longtermcoverage
2024-01-03 10:59:04 INFO  Keywords:283 - Waiting for webElement...existanceterminating.InsuranceCompanyName
2024-01-03 10:59:14 INFO  Keywords:122 - InputText is called
2024-01-03 10:59:14 INFO  Keywords:283 - Waiting for webElement...existanceterminating.ProductName
2024-01-03 10:59:25 INFO  Keywords:122 - InputText is called
2024-01-03 10:59:25 INFO  Keywords:283 - Waiting for webElement...existanceterminating.Insured
2024-01-03 10:59:35 INFO  Keywords:122 - InputText is called
2024-01-03 10:59:35 INFO  Keywords:283 - Waiting for webElement...existanceterminating.Owner
2024-01-03 10:59:45 INFO  Keywords:122 - InputText is called
2024-01-03 10:59:45 INFO  Keywords:283 - Waiting for webElement...existanceterminating.DateIssued
2024-01-03 10:59:55 INFO  Keywords:122 - InputText is called
2024-01-03 10:59:55 INFO  Keywords:283 - Waiting for webElement...existanceterminating.AmountOfInsurance
2024-01-03 11:00:05 INFO  Keywords:283 - Waiting for webElement...existanceterminating.ExistingInsuranceType
2024-01-03 11:00:15 INFO  Keywords:283 - Waiting for webElement...existanceterminating.ProductType
2024-01-03 11:00:25 INFO  Keywords:283 - Waiting for webElement...existanceterminating.LifeProductType
2024-01-03 11:00:35 INFO  Keywords:122 - InputText is called
2024-01-03 11:00:35 INFO  Keywords:283 - Waiting for webElement...existanceterminating.PolicyNo
2024-01-03 11:00:45 INFO  Keywords:283 - Waiting for webElement...existanceterminating.PurposeOfPolicy
2024-01-03 11:00:56 INFO  Keywords:283 - Waiting for webElement...existanceterminating.FundsNewPolicy
2024-01-03 11:01:06 INFO  Keywords:283 - Waiting for webElement...existanceterminating.ReplacingNewPolicy
2024-01-03 11:01:16 INFO  Keywords:283 - Waiting for webElement...existanceterminating.ReplacementThType
2024-01-03 11:01:26 INFO  Keywords:283 - Waiting for webElement...existanceterminating.1035ThExchange
2024-01-03 11:01:36 INFO  Keywords:122 - InputText is called
2024-01-03 11:01:36 INFO  Keywords:283 - Waiting for webElement...existanceterminating.ReasonReplacement
2024-01-03 11:01:46 INFO  Keywords:122 - InputText is called
2024-01-03 11:01:46 INFO  Keywords:283 - Waiting for webElement...existanceterminating.NoOfPolicy
2024-01-03 11:01:56 INFO  Keywords:122 - InputText is called
2024-01-03 11:01:56 INFO  Keywords:283 - Waiting for webElement...existanceterminating.PremiumPayment
2024-01-03 11:02:06 INFO  Keywords:122 - InputText is called
2024-01-03 11:02:06 INFO  Keywords:283 - Waiting for webElement...existanceterminating.FrequencyPremium
2024-01-03 11:02:16 INFO  Keywords:122 - InputText is called
2024-01-03 11:02:16 INFO  Keywords:283 - Waiting for webElement...existanceterminating.AmountBeingExchanged
2024-01-03 11:02:26 INFO  Keywords:122 - InputText is called
2024-01-03 11:02:26 INFO  Keywords:283 - Waiting for webElement...existanceterminating.SurrenderCharge
2024-01-03 11:02:37 INFO  Keywords:122 - InputText is called
2024-01-03 11:02:37 INFO  Keywords:283 - Waiting for webElement...existanceterminating.DeathBenefit
2024-01-03 11:02:47 INFO  Keywords:122 - InputText is called
2024-01-03 11:02:47 INFO  Keywords:283 - Waiting for webElement...existanceterminating.SpecialFeatures
2024-01-03 11:02:57 INFO  Keywords:283 - Waiting for webElement...existinginsurance.longtermpolicyYes
2024-01-03 11:03:07 INFO  Keywords:122 - InputText is called
2024-01-03 11:03:07 INFO  Keywords:283 - Waiting for webElement...existinglongtermpolicy.InsuranceName
2024-01-03 11:03:17 INFO  Keywords:122 - InputText is called
2024-01-03 11:03:17 INFO  Keywords:283 - Waiting for webElement...existinglongtermpolicy.policyCertificateNumber
2024-01-03 11:03:27 INFO  Keywords:122 - InputText is called
2024-01-03 11:03:27 INFO  Keywords:283 - Waiting for webElement...existinglongtermpolicy.ProductName
2024-01-03 11:03:37 INFO  Keywords:283 - Waiting for webElement...existinglongtermpolicy.ProductType
2024-01-03 11:03:47 INFO  Keywords:122 - InputText is called
2024-01-03 11:03:47 INFO  Keywords:283 - Waiting for webElement...existinglongtermpolicy.Insured
2024-01-03 11:03:57 INFO  Keywords:122 - InputText is called
2024-01-03 11:03:57 INFO  Keywords:283 - Waiting for webElement...existinglongtermpolicy.Owner
2024-01-03 11:04:08 INFO  Keywords:122 - InputText is called
2024-01-03 11:04:08 INFO  Keywords:283 - Waiting for webElement...existinglongtermpolicy.DailyBenefit
2024-01-03 11:04:18 INFO  Keywords:122 - InputText is called
2024-01-03 11:04:18 INFO  Keywords:283 - Waiting for webElement...existinglongtermpolicy.AmountOfInsurance
2024-01-03 11:04:28 INFO  Keywords:122 - InputText is called
2024-01-03 11:04:28 INFO  Keywords:283 - Waiting for webElement...existinglongtermpolicy.benefitAmount
2024-01-03 11:04:38 INFO  Keywords:122 - InputText is called
2024-01-03 11:04:38 INFO  Keywords:283 - Waiting for webElement...existinglongtermpolicy.benefitPeriod
2024-01-03 11:04:48 INFO  Keywords:283 - Waiting for webElement...existinginsurance.longterminsuranceYes
2024-01-03 11:04:58 INFO  Keywords:122 - InputText is called
2024-01-03 11:04:58 INFO  Keywords:283 - Waiting for webElement...existinglongterminsurance.InsuranceCompany
2024-01-03 11:05:08 INFO  Keywords:122 - InputText is called
2024-01-03 11:05:08 INFO  Keywords:283 - Waiting for webElement...existinglongterminsurance.Certificate
2024-01-03 11:05:18 INFO  Keywords:122 - InputText is called
2024-01-03 11:05:18 INFO  Keywords:283 - Waiting for webElement...existinglongterminsurance.LTCBenefit
2024-01-03 11:05:28 INFO  Keywords:122 - InputText is called
2024-01-03 11:05:28 INFO  Keywords:283 - Waiting for webElement...existinglongterminsurance.IssueDate
2024-01-03 11:05:39 INFO  Keywords:122 - InputText is called
2024-01-03 11:05:39 INFO  Keywords:283 - Waiting for webElement...existinglongterminsurance.LapseDate
2024-01-03 11:05:49 INFO  Keywords:135 - ClickOnLink is called
2024-01-03 11:05:49 INFO  Keywords:283 - Waiting for webElement...next
2024-01-03 11:05:49 INFO  Keywords:286 - Element found...next
2024-01-03 11:06:05 INFO  Keywords:135 - ClickOnLink is called
2024-01-03 11:06:05 INFO  Keywords:283 - Waiting for webElement...next
2024-01-03 11:06:05 INFO  Keywords:286 - Element found...next
2024-01-03 11:06:21 INFO  Keywords:122 - InputText is called
2024-01-03 11:06:21 INFO  Keywords:283 - Waiting for webElement...additionalclientquestion.q1
2024-01-03 11:06:31 INFO  Keywords:122 - InputText is called
2024-01-03 11:06:31 INFO  Keywords:283 - Waiting for webElement...additionalclientquestion.q2
2024-01-03 11:06:42 INFO  Keywords:122 - InputText is called
2024-01-03 11:06:42 INFO  Keywords:283 - Waiting for webElement...additionalclientquestion.q3
2024-01-03 11:06:52 INFO  Keywords:122 - InputText is called
2024-01-03 11:06:52 INFO  Keywords:283 - Waiting for webElement...additionalclientquestion.q4
2024-01-03 11:07:02 INFO  Keywords:122 - InputText is called
2024-01-03 11:07:02 INFO  Keywords:283 - Waiting for webElement...additionalclientquestion.q5
2024-01-03 11:07:12 INFO  Keywords:513 - GetText is called
2024-01-03 11:07:12 INFO  Keywords:283 - Waiting for webElement...ebixTxnID
2024-01-03 11:07:12 INFO  Keywords:286 - Element found...ebixTxnID
2024-01-03 11:07:12 INFO  Keywords:517 - LinkId: 520677
2024-01-03 11:07:12 INFO  Keywords:568 - LinkId: 520677
2024-01-03 11:07:12 INFO  Keywords:513 - GetText is called
2024-01-03 11:07:12 INFO  Keywords:283 - Waiting for webElement...ebixTxnID
2024-01-03 11:07:12 INFO  Keywords:286 - Element found...ebixTxnID
2024-01-03 11:07:12 INFO  Keywords:517 - LinkId: 520677
2024-01-03 11:07:12 INFO  Keywords:135 - ClickOnLink is called
2024-01-03 11:07:12 INFO  Keywords:283 - Waiting for webElement...next
2024-01-03 11:07:12 INFO  Keywords:286 - Element found...next
2024-01-03 11:07:29 INFO  Keywords:135 - ClickOnLink is called
2024-01-03 11:07:29 INFO  Keywords:283 - Waiting for webElement...validate.button
2024-01-03 11:08:11 INFO  Keywords:135 - ClickOnLink is called
2024-01-03 11:08:11 INFO  Keywords:283 - Waiting for webElement...notification.continue
2024-01-03 11:08:37 INFO  Keywords:135 - ClickOnLink is called
2024-01-03 11:08:37 INFO  Keywords:283 - Waiting for webElement...esignature.optout
2024-01-03 11:10:17 INFO  Keywords:147 - VerifyText is called
2024-01-03 11:10:17 INFO  Keywords:283 - Waiting for webElement...WebElement
2024-01-03 11:10:17 INFO  Keywords:135 - ClickOnLink is called
2024-01-03 11:10:17 INFO  Keywords:283 - Waiting for webElement...attachment
2024-01-03 11:10:17 INFO  Keywords:286 - Element found...attachment
2024-01-03 11:10:17 INFO  Keywords:283 - Waiting for webElement...attachment.documenttype
2024-01-03 11:10:28 INFO  Keywords:122 - InputText is called
2024-01-03 11:10:28 INFO  Keywords:283 - Waiting for webElement...attachment.choosefile
2024-01-03 11:10:38 INFO  Keywords:135 - ClickOnLink is called
2024-01-03 11:10:38 INFO  Keywords:283 - Waiting for webElement...attachment.upload
2024-01-03 11:11:04 INFO  Keywords:135 - ClickOnLink is called
2024-01-03 11:11:04 INFO  Keywords:283 - Waiting for webElement...RequestSignatures
2024-01-03 11:11:30 INFO  Keywords:283 - Waiting for webElement...attachment.documenttype
2024-01-03 11:11:40 INFO  Keywords:122 - InputText is called
2024-01-03 11:11:40 INFO  Keywords:283 - Waiting for webElement...attachment.choosefile
2024-01-03 11:11:50 INFO  Keywords:135 - ClickOnLink is called
2024-01-03 11:11:50 INFO  Keywords:283 - Waiting for webElement...attachment.upload
2024-01-03 11:12:16 INFO  Keywords:135 - ClickOnLink is called
2024-01-03 11:12:16 INFO  Keywords:283 - Waiting for webElement...SubmitButton
2024-01-03 11:13:56 INFO  Keywords:450 - switching to parent window...
2024-01-03 11:13:56 INFO  Keywords:94 - Navigate is called
2024-01-03 11:13:59 INFO  Keywords:528 - ClearText is called
2024-01-03 11:13:59 INFO  Keywords:283 - Waiting for webElement...gateway.username
2024-01-03 11:13:59 INFO  Keywords:286 - Element found...gateway.username
2024-01-03 11:13:59 INFO  Keywords:532 - LinkId: 520677
2024-01-03 11:13:59 INFO  Keywords:122 - InputText is called
2024-01-03 11:13:59 INFO  Keywords:283 - Waiting for webElement...gateway.username
2024-01-03 11:13:59 INFO  Keywords:286 - Element found...gateway.username
2024-01-03 11:13:59 INFO  Keywords:528 - ClearText is called
2024-01-03 11:13:59 INFO  Keywords:283 - Waiting for webElement...gateway.password
2024-01-03 11:13:59 INFO  Keywords:286 - Element found...gateway.password
2024-01-03 11:13:59 INFO  Keywords:532 - LinkId: 520677
2024-01-03 11:13:59 INFO  Keywords:122 - InputText is called
2024-01-03 11:13:59 INFO  Keywords:283 - Waiting for webElement...gateway.password
2024-01-03 11:13:59 INFO  Keywords:286 - Element found...gateway.password
2024-01-03 11:13:59 INFO  Keywords:135 - ClickOnLink is called
2024-01-03 11:13:59 INFO  Keywords:283 - Waiting for webElement...gateway.login
2024-01-03 11:13:59 INFO  Keywords:286 - Element found...gateway.login
2024-01-03 11:14:19 INFO  Keywords:135 - ClickOnLink is called
2024-01-03 11:14:19 INFO  Keywords:283 - Waiting for webElement...management
2024-01-03 11:14:19 INFO  Keywords:286 - Element found...management
2024-01-03 11:14:19 INFO  Keywords:283 - Waiting for webElement...managementTools
2024-01-03 11:14:19 INFO  Keywords:286 - Element found...managementTools
2024-01-03 11:14:20 INFO  Keywords:135 - ClickOnLink is called
2024-01-03 11:14:20 INFO  Keywords:283 - Waiting for webElement...feedManagement
2024-01-03 11:14:20 INFO  Keywords:286 - Element found...feedManagement
2024-01-03 11:14:36 INFO  Keywords:135 - ClickOnLink is called
2024-01-03 11:14:36 INFO  Keywords:283 - Waiting for webElement...searchPanel
2024-01-03 11:14:37 INFO  Keywords:286 - Element found...searchPanel
2024-01-03 11:14:37 INFO  Keywords:283 - Waiting for webElement...selectTransactionID
2024-01-03 11:14:37 INFO  Keywords:286 - Element found...selectTransactionID
2024-01-03 11:14:37 INFO  Keywords:122 - InputText is called
2024-01-03 11:14:37 INFO  Keywords:283 - Waiting for webElement...enterTransactioID
2024-01-03 11:14:37 INFO  Keywords:286 - Element found...enterTransactioID
2024-01-03 11:14:37 INFO  Keywords:135 - ClickOnLink is called
2024-01-03 11:14:37 INFO  Keywords:283 - Waiting for webElement...searchbutton
2024-01-03 11:14:37 INFO  Keywords:286 - Element found...searchbutton
2024-01-03 11:14:54 INFO  Keywords:135 - ClickOnLink is called
2024-01-03 11:14:54 INFO  Keywords:283 - Waiting for webElement...transactionSearchmyResult
2024-01-03 11:14:54 INFO  Keywords:286 - Element found...transactionSearchmyResult
2024-01-03 11:15:10 INFO  Keywords:135 - ClickOnLink is called
2024-01-03 11:15:10 INFO  Keywords:283 - Waiting for webElement...onenotThree
2024-01-03 11:15:10 INFO  Keywords:286 - Element found...onenotThree
2024-01-03 11:15:11 INFO  Keywords:283 - Waiting for webElement...103ResponseXML
2024-01-03 11:15:11 INFO  Keywords:286 - Element found...103ResponseXML
2024-01-03 11:15:43 INFO  Keywords:450 - switching to parent window...
2024-01-03 11:15:43 INFO  Keywords:94 - Navigate is called
2024-01-03 11:15:44 INFO  Keywords:528 - ClearText is called
2024-01-03 11:15:44 INFO  Keywords:283 - Waiting for webElement...gateway.username
2024-01-03 11:15:44 INFO  Keywords:286 - Element found...gateway.username
2024-01-03 11:15:44 INFO  Keywords:532 - <?xml version="1.0" encoding="utf-16"?>
<soap:Envelope xmlns:soap="http://schemas.xmlsoap.org/soap/envelope/" xmlns:xsd="http://www.w3.org/2001/XMLSchema" xmlns:acord="http://ACORD.org/Standards/Life/2" xmlns:finetre="www.finetre.com/webservices" xmlns:user="http://www.annuitynet.com/namespace" xmlns:xsi="http://www.w3.org/2001/XMLSchema-instance">
 <soap:Header>
 <Header xmlns="www.finetre.com/webservices">
 <SessionId />
 <TransactionType>TransactionXML</TransactionType>
 <ServiceVersion>1</ServiceVersion>
 <RequestorId />
 <RequestorKey xsi:nil="true" />
 <ResponderId>SO</ResponderId>
 <ResponderKey xsi:nil="true" />
 <RequestGUID>CB9A7BF6-ED10-49FF-AC69-F77F5C9B772C</RequestGUID>
 <RequestSentDateTime />
 <RequestReceivedDateTime>2024-1-3T5:21:24</RequestReceivedDateTime>
 <ResponseSentDateTime>2024-1-3T5:21:24</ResponseSentDateTime>
 <ResponseReceivedDateTime>0001-01-01T00:00:00.0000000-05:00</ResponseReceivedDateTime>
 <Extensions xsi:nil="true" />
 </Header>
 </soap:Header>
 <soap:Body>
 <UploadResponse xmlns="www.finetre.com/webservices">
 <Data>
 <Status>Success</Status>
 <Errors xsi:nil="false" />
 <Extensions xsi:nil="true" />
 </Data>
 </UploadResponse>
 </soap:Body>
</soap:Envelope>
2024-01-03 11:15:44 INFO  Keywords:122 - InputText is called
2024-01-03 11:15:44 INFO  Keywords:283 - Waiting for webElement...gateway.username
2024-01-03 11:15:44 INFO  Keywords:286 - Element found...gateway.username
2024-01-03 11:15:44 INFO  Keywords:528 - ClearText is called
2024-01-03 11:15:44 INFO  Keywords:283 - Waiting for webElement...gateway.password
2024-01-03 11:15:44 INFO  Keywords:286 - Element found...gateway.password
2024-01-03 11:15:44 INFO  Keywords:532 - <?xml version="1.0" encoding="utf-16"?>
<soap:Envelope xmlns:soap="http://schemas.xmlsoap.org/soap/envelope/" xmlns:xsd="http://www.w3.org/2001/XMLSchema" xmlns:acord="http://ACORD.org/Standards/Life/2" xmlns:finetre="www.finetre.com/webservices" xmlns:user="http://www.annuitynet.com/namespace" xmlns:xsi="http://www.w3.org/2001/XMLSchema-instance">
 <soap:Header>
 <Header xmlns="www.finetre.com/webservices">
 <SessionId />
 <TransactionType>TransactionXML</TransactionType>
 <ServiceVersion>1</ServiceVersion>
 <RequestorId />
 <RequestorKey xsi:nil="true" />
 <ResponderId>SO</ResponderId>
 <ResponderKey xsi:nil="true" />
 <RequestGUID>CB9A7BF6-ED10-49FF-AC69-F77F5C9B772C</RequestGUID>
 <RequestSentDateTime />
 <RequestReceivedDateTime>2024-1-3T5:21:24</RequestReceivedDateTime>
 <ResponseSentDateTime>2024-1-3T5:21:24</ResponseSentDateTime>
 <ResponseReceivedDateTime>0001-01-01T00:00:00.0000000-05:00</ResponseReceivedDateTime>
 <Extensions xsi:nil="true" />
 </Header>
 </soap:Header>
 <soap:Body>
 <UploadResponse xmlns="www.finetre.com/webservices">
 <Data>
 <Status>Success</Status>
 <Errors xsi:nil="false" />
 <Extensions xsi:nil="true" />
 </Data>
 </UploadResponse>
 </soap:Body>
</soap:Envelope>
2024-01-03 11:15:44 INFO  Keywords:122 - InputText is called
2024-01-03 11:15:44 INFO  Keywords:283 - Waiting for webElement...gateway.password
2024-01-03 11:15:44 INFO  Keywords:286 - Element found...gateway.password
2024-01-03 11:15:44 INFO  Keywords:135 - ClickOnLink is called
2024-01-03 11:15:44 INFO  Keywords:283 - Waiting for webElement...gateway.login
2024-01-03 11:15:44 INFO  Keywords:286 - Element found...gateway.login
2024-01-03 11:16:03 INFO  Keywords:135 - ClickOnLink is called
2024-01-03 11:16:03 INFO  Keywords:283 - Waiting for webElement...management
2024-01-03 11:16:04 INFO  Keywords:286 - Element found...management
2024-01-03 11:16:04 INFO  Keywords:283 - Waiting for webElement...managementTools
2024-01-03 11:16:04 INFO  Keywords:286 - Element found...managementTools
2024-01-03 11:16:05 INFO  Keywords:135 - ClickOnLink is called
2024-01-03 11:16:05 INFO  Keywords:283 - Waiting for webElement...feedManagement
2024-01-03 11:16:05 INFO  Keywords:286 - Element found...feedManagement
2024-01-03 11:16:21 INFO  Keywords:135 - ClickOnLink is called
2024-01-03 11:16:21 INFO  Keywords:283 - Waiting for webElement...searchPanel
2024-01-03 11:16:21 INFO  Keywords:286 - Element found...searchPanel
2024-01-03 11:16:22 INFO  Keywords:283 - Waiting for webElement...selectTransactionID
2024-01-03 11:16:22 INFO  Keywords:286 - Element found...selectTransactionID
2024-01-03 11:16:22 INFO  Keywords:122 - InputText is called
2024-01-03 11:16:22 INFO  Keywords:283 - Waiting for webElement...enterTransactioID
2024-01-03 11:16:22 INFO  Keywords:286 - Element found...enterTransactioID
2024-01-03 11:16:22 INFO  Keywords:135 - ClickOnLink is called
2024-01-03 11:16:22 INFO  Keywords:283 - Waiting for webElement...searchbutton
2024-01-03 11:16:22 INFO  Keywords:286 - Element found...searchbutton
2024-01-03 11:16:38 INFO  Keywords:135 - ClickOnLink is called
2024-01-03 11:16:38 INFO  Keywords:283 - Waiting for webElement...transactionSearchmyResult
2024-01-03 11:16:38 INFO  Keywords:286 - Element found...transactionSearchmyResult
2024-01-03 11:16:55 INFO  Keywords:135 - ClickOnLink is called
2024-01-03 11:16:55 INFO  Keywords:283 - Waiting for webElement...RTSMButton
2024-01-03 11:16:55 INFO  Keywords:286 - Element found...RTSMButton
2024-01-03 11:16:55 INFO  Keywords:283 - Waiting for webElement...RTSMResponseXML
