2024-10-09 15:21:27 INFO  Keywords:104 - Navigate is called
2024-10-09 15:21:30 INFO  Keywords:130 - InputText is called
2024-10-09 15:21:30 INFO  Keywords:301 - Waiting for webElement...gateway.username
2024-10-09 15:21:30 INFO  Keywords:305 - Element found...gateway.username
2024-10-09 15:21:30 INFO  Keywords:130 - InputText is called
2024-10-09 15:21:30 INFO  Keywords:301 - Waiting for webElement...gateway.password
2024-10-09 15:21:30 INFO  Keywords:305 - Element found...gateway.password
2024-10-09 15:21:30 INFO  Keywords:141 - ClickOnLink is called
2024-10-09 15:21:30 INFO  Keywords:301 - Waiting for webElement...gateway.login
2024-10-09 15:21:30 INFO  Keywords:305 - Element found...gateway.login
2024-10-09 15:22:13 INFO  Keywords:141 - ClickOnLink is called
2024-10-09 15:22:13 INFO  Keywords:301 - Waiting for webElement...postsamldata
2024-10-09 15:22:39 INFO  Keywords:141 - ClickOnLink is called
2024-10-09 15:22:39 INFO  Keywords:301 - Waiting for webElement...next
2024-10-09 15:23:05 INFO  Keywords:130 - InputText is called
2024-10-09 15:23:05 INFO  Keywords:301 - Waiting for webElement...policyConfiguration.insuranceamount
2024-10-09 15:23:15 INFO  Keywords:301 - Waiting for webElement...policyConfiguration.LTC
2024-10-09 15:23:25 INFO  Keywords:301 - Waiting for webElement...policyConfiguration.payors
2024-10-09 15:23:35 INFO  Keywords:301 - Waiting for webElement...policyConfiguration.purposeofpolicy
2024-10-09 15:23:45 INFO  Keywords:141 - ClickOnLink is called
2024-10-09 15:23:45 INFO  Keywords:301 - Waiting for webElement...next
2024-10-09 15:24:11 INFO  Keywords:301 - Waiting for webElement...primaryinsured.birthcountry
2024-10-09 15:24:21 INFO  Keywords:301 - Waiting for webElement...primaryinsured.birthstate
2024-10-09 15:24:31 INFO  Keywords:130 - InputText is called
2024-10-09 15:24:31 INFO  Keywords:301 - Waiting for webElement...primaryinsured.birthcity
2024-10-09 15:24:41 INFO  Keywords:301 - Waiting for webElement...primaryinsured.drivinglicense
2024-10-09 15:24:52 INFO  Keywords:130 - InputText is called
2024-10-09 15:24:52 INFO  Keywords:301 - Waiting for webElement...primaryinsured.dlnumber
2024-10-09 15:25:18 INFO  Keywords:301 - Waiting for webElement...primaryinsured.dlissuestateAL
2024-10-09 15:25:28 INFO  Keywords:141 - ClickOnLink is called
2024-10-09 15:25:28 INFO  Keywords:301 - Waiting for webElement...next
2024-10-09 15:25:38 INFO  Keywords:130 - InputText is called
2024-10-09 15:25:38 INFO  Keywords:301 - Waiting for webElement...TrustOther
2024-10-09 15:26:04 INFO  Keywords:301 - Waiting for webElement...TrustIrres
2024-10-09 15:26:20 INFO  Keywords:141 - ClickOnLink is called
2024-10-09 15:26:20 INFO  Keywords:301 - Waiting for webElement...next
2024-10-09 15:26:46 INFO  Keywords:301 - Waiting for webElement...Trust_Relationship
2024-10-09 15:26:56 INFO  Keywords:141 - ClickOnLink is called
2024-10-09 15:26:56 INFO  Keywords:301 - Waiting for webElement...next
2024-10-09 15:27:22 INFO  Keywords:141 - ClickOnLink is called
2024-10-09 15:27:22 INFO  Keywords:301 - Waiting for webElement...next
2024-10-09 15:27:48 INFO  Keywords:301 - Waiting for webElement...financialDetails.SourceOfWealthLI
