2024-07-15 10:14:47 INFO  Keywords:102 - Navigate is called
2024-07-15 10:14:53 INFO  Keywords:128 - InputText is called
2024-07-15 10:14:53 INFO  Keywords:286 - Waiting for webElement...gateway.username
2024-07-15 10:14:53 INFO  Keywords:290 - Element found...gateway.username
2024-07-15 10:14:53 INFO  Keywords:128 - InputText is called
2024-07-15 10:14:53 INFO  Keywords:286 - Waiting for webElement...gateway.password
2024-07-15 10:14:53 INFO  Keywords:290 - Element found...gateway.password
2024-07-15 10:14:53 INFO  Keywords:139 - ClickOnLink is called
2024-07-15 10:14:53 INFO  Keywords:286 - Waiting for webElement...gateway.login
2024-07-15 10:14:54 INFO  Keywords:290 - Element found...gateway.login
2024-07-15 10:15:31 INFO  Keywords:139 - ClickOnLink is called
2024-07-15 10:15:31 INFO  Keywords:286 - Waiting for webElement...postsamldata
2024-07-15 10:15:31 INFO  Keywords:290 - Element found...postsamldata
2024-07-15 10:15:47 INFO  Keywords:139 - ClickOnLink is called
2024-07-15 10:15:47 INFO  Keywords:286 - Waiting for webElement...next
2024-07-15 10:15:47 INFO  Keywords:290 - Element found...next
2024-07-15 10:16:07 INFO  Keywords:128 - InputText is called
2024-07-15 10:16:07 INFO  Keywords:286 - Waiting for webElement...policyConfiguration.insuranceamount
2024-07-15 10:16:07 INFO  Keywords:290 - Element found...policyConfiguration.insuranceamount
2024-07-15 10:16:07 INFO  Keywords:286 - Waiting for webElement...policyConfiguration.LTC
2024-07-15 10:16:07 INFO  Keywords:290 - Element found...policyConfiguration.LTC
2024-07-15 10:16:07 INFO  Keywords:286 - Waiting for webElement...policyConfiguration.Benefit
2024-07-15 10:16:57 INFO  Keywords:286 - Waiting for webElement...policyConfiguration.payors
2024-07-15 10:16:57 INFO  Keywords:290 - Element found...policyConfiguration.payors
2024-07-15 10:16:58 INFO  Keywords:286 - Waiting for webElement...policyConfiguration.purposeofpolicy
2024-07-15 10:16:58 INFO  Keywords:290 - Element found...policyConfiguration.purposeofpolicy
2024-07-15 10:16:58 INFO  Keywords:139 - ClickOnLink is called
2024-07-15 10:16:58 INFO  Keywords:286 - Waiting for webElement...next
2024-07-15 10:16:58 INFO  Keywords:290 - Element found...next
2024-07-15 10:18:33 INFO  Keywords:286 - Waiting for webElement...primaryinsured.birthcountry
2024-07-15 10:18:33 INFO  Keywords:290 - Element found...primaryinsured.birthcountry
2024-07-15 10:18:34 INFO  Keywords:286 - Waiting for webElement...primaryinsured.birthstate
2024-07-15 10:18:34 INFO  Keywords:290 - Element found...primaryinsured.birthstate
2024-07-15 10:18:34 INFO  Keywords:128 - InputText is called
2024-07-15 10:18:34 INFO  Keywords:286 - Waiting for webElement...primaryinsured.birthcity
2024-07-15 10:18:44 INFO  Keywords:139 - ClickOnLink is called
2024-07-15 10:18:44 INFO  Keywords:286 - Waiting for webElement...next
2024-07-15 10:18:44 INFO  Keywords:290 - Element found...next
2024-07-15 10:19:04 INFO  Keywords:139 - ClickOnLink is called
2024-07-15 10:19:04 INFO  Keywords:286 - Waiting for webElement...next
2024-07-15 10:19:04 INFO  Keywords:290 - Element found...next
2024-07-15 10:19:24 INFO  Keywords:286 - Waiting for webElement...naturalOwner.relationwithInsured
2024-07-15 10:19:24 INFO  Keywords:290 - Element found...naturalOwner.relationwithInsured
2024-07-15 10:19:24 INFO  Keywords:286 - Waiting for webElement...naturalOwner.relationwithJointInsured
2024-07-15 10:20:14 INFO  Keywords:286 - Waiting for webElement...naturalOwner.PermamentResidentCard
2024-07-15 10:20:14 INFO  Keywords:290 - Element found...naturalOwner.PermamentResidentCard
2024-07-15 10:20:14 INFO  Keywords:128 - InputText is called
2024-07-15 10:20:14 INFO  Keywords:286 - Waiting for webElement...naturalOwner.ResidentCardIssueDAte
2024-07-15 10:20:14 INFO  Keywords:290 - Element found...naturalOwner.ResidentCardIssueDAte
2024-07-15 10:20:14 INFO  Keywords:128 - InputText is called
2024-07-15 10:20:14 INFO  Keywords:286 - Waiting for webElement...naturalOwner.ResidentCardExpireationDAte
2024-07-15 10:20:14 INFO  Keywords:290 - Element found...naturalOwner.ResidentCardExpireationDAte
2024-07-15 10:20:14 INFO  Keywords:128 - InputText is called
2024-07-15 10:20:14 INFO  Keywords:286 - Waiting for webElement...naturalOwner.USLivingYrs
2024-07-15 10:20:14 INFO  Keywords:290 - Element found...naturalOwner.USLivingYrs
2024-07-15 10:20:14 INFO  Keywords:128 - InputText is called
2024-07-15 10:20:14 INFO  Keywords:286 - Waiting for webElement...naturalOwner.USLivingMonths
2024-07-15 10:20:14 INFO  Keywords:290 - Element found...naturalOwner.USLivingMonths
2024-07-15 10:20:14 INFO  Keywords:139 - ClickOnLink is called
2024-07-15 10:20:14 INFO  Keywords:286 - Waiting for webElement...next
2024-07-15 10:20:14 INFO  Keywords:290 - Element found...next
2024-07-15 10:20:34 INFO  Keywords:286 - Waiting for webElement...financialDetails.SourceOfFundsLI
2024-07-15 10:20:34 INFO  Keywords:290 - Element found...financialDetails.SourceOfFundsLI
2024-07-15 10:20:34 INFO  Keywords:286 - Waiting for webElement...financialDetails.SurrenderChargeSOFLI
2024-07-15 10:20:34 INFO  Keywords:290 - Element found...financialDetails.SurrenderChargeSOFLI
2024-07-15 10:20:35 INFO  Keywords:286 - Waiting for webElement...financialDetails.envisiontaking
2024-07-15 10:20:35 INFO  Keywords:290 - Element found...financialDetails.envisiontaking
2024-07-15 10:20:35 INFO  Keywords:286 - Waiting for webElement...financialDetails.federalfaxbracket
2024-07-15 10:20:35 INFO  Keywords:290 - Element found...financialDetails.federalfaxbracket
2024-07-15 10:20:35 INFO  Keywords:286 - Waiting for webElement...financialDetails.riskTolerance
2024-07-15 10:20:35 INFO  Keywords:290 - Element found...financialDetails.riskTolerance
2024-07-15 10:20:35 INFO  Keywords:286 - Waiting for webElement...financialDetails.Investmentobjectives
2024-07-15 10:20:35 INFO  Keywords:290 - Element found...financialDetails.Investmentobjectives
2024-07-15 10:20:35 INFO  Keywords:286 - Waiting for webElement...financialDetails.timehorizon
2024-07-15 10:20:35 INFO  Keywords:290 - Element found...financialDetails.timehorizon
2024-07-15 10:20:36 INFO  Keywords:286 - Waiting for webElement...financialDetails.investmentexperienceFA
2024-07-15 10:20:36 INFO  Keywords:290 - Element found...financialDetails.investmentexperienceFA
2024-07-15 10:20:36 INFO  Keywords:128 - InputText is called
2024-07-15 10:20:36 INFO  Keywords:286 - Waiting for webElement...financialDetails.investmentstartyear
2024-07-15 10:20:36 INFO  Keywords:290 - Element found...financialDetails.investmentstartyear
2024-07-15 10:20:36 INFO  Keywords:128 - InputText is called
2024-07-15 10:20:36 INFO  Keywords:286 - Waiting for webElement...financialdetails.wages
2024-07-15 10:20:36 INFO  Keywords:290 - Element found...financialdetails.wages
2024-07-15 10:20:36 INFO  Keywords:128 - InputText is called
2024-07-15 10:20:36 INFO  Keywords:286 - Waiting for webElement...financialdetails.livingexpenses
2024-07-15 10:20:36 INFO  Keywords:290 - Element found...financialdetails.livingexpenses
2024-07-15 10:20:36 INFO  Keywords:128 - InputText is called
2024-07-15 10:20:36 INFO  Keywords:286 - Waiting for webElement...financialdetails.personalinvestment
2024-07-15 10:20:36 INFO  Keywords:290 - Element found...financialdetails.personalinvestment
2024-07-15 10:20:36 INFO  Keywords:128 - InputText is called
2024-07-15 10:20:36 INFO  Keywords:286 - Waiting for webElement...financialdetails.fixeddebtexpenses
2024-07-15 10:20:36 INFO  Keywords:290 - Element found...financialdetails.fixeddebtexpenses
2024-07-15 10:20:36 INFO  Keywords:128 - InputText is called
2024-07-15 10:20:36 INFO  Keywords:286 - Waiting for webElement...financialdetails.rentalincome
2024-07-15 10:20:36 INFO  Keywords:290 - Element found...financialdetails.rentalincome
2024-07-15 10:20:36 INFO  Keywords:128 - InputText is called
2024-07-15 10:20:36 INFO  Keywords:286 - Waiting for webElement...financialdetails.variabledebtexpenses
2024-07-15 10:20:36 INFO  Keywords:290 - Element found...financialdetails.variabledebtexpenses
2024-07-15 10:20:36 INFO  Keywords:128 - InputText is called
2024-07-15 10:20:36 INFO  Keywords:286 - Waiting for webElement...financialdetails.incomepension
2024-07-15 10:20:36 INFO  Keywords:290 - Element found...financialdetails.incomepension
2024-07-15 10:20:36 INFO  Keywords:128 - InputText is called
2024-07-15 10:20:36 INFO  Keywords:286 - Waiting for webElement...financialdetails.discretionaryexpenses
2024-07-15 10:20:36 INFO  Keywords:290 - Element found...financialdetails.discretionaryexpenses
2024-07-15 10:20:36 INFO  Keywords:128 - InputText is called
2024-07-15 10:20:36 INFO  Keywords:286 - Waiting for webElement...financialdetails.socialsecurityincome
2024-07-15 10:20:36 INFO  Keywords:290 - Element found...financialdetails.socialsecurityincome
2024-07-15 10:20:36 INFO  Keywords:128 - InputText is called
2024-07-15 10:20:36 INFO  Keywords:286 - Waiting for webElement...financialdetails.otherincome
2024-07-15 10:20:36 INFO  Keywords:290 - Element found...financialdetails.otherincome
2024-07-15 10:20:36 INFO  Keywords:128 - InputText is called
2024-07-15 10:20:36 INFO  Keywords:286 - Waiting for webElement...financialdetails.bonds
2024-07-15 10:20:36 INFO  Keywords:290 - Element found...financialdetails.bonds
2024-07-15 10:20:36 INFO  Keywords:128 - InputText is called
2024-07-15 10:20:36 INFO  Keywords:286 - Waiting for webElement...financialdetails.businessTrustRealstate
2024-07-15 10:20:36 INFO  Keywords:290 - Element found...financialdetails.businessTrustRealstate
2024-07-15 10:20:36 INFO  Keywords:128 - InputText is called
2024-07-15 10:20:36 INFO  Keywords:286 - Waiting for webElement...financialdetails.retirementplan
2024-07-15 10:20:36 INFO  Keywords:290 - Element found...financialdetails.retirementplan
2024-07-15 10:20:36 INFO  Keywords:128 - InputText is called
2024-07-15 10:20:36 INFO  Keywords:286 - Waiting for webElement...financialdetails.equities
2024-07-15 10:20:36 INFO  Keywords:290 - Element found...financialdetails.equities
2024-07-15 10:20:36 INFO  Keywords:128 - InputText is called
2024-07-15 10:20:36 INFO  Keywords:286 - Waiting for webElement...financialdetails.facevalueilfeinsurance
2024-07-15 10:20:37 INFO  Keywords:290 - Element found...financialdetails.facevalueilfeinsurance
2024-07-15 10:20:37 INFO  Keywords:128 - InputText is called
2024-07-15 10:20:37 INFO  Keywords:286 - Waiting for webElement...financialdetails.fixedannuity
2024-07-15 10:20:37 INFO  Keywords:290 - Element found...financialdetails.fixedannuity
2024-07-15 10:20:37 INFO  Keywords:128 - InputText is called
2024-07-15 10:20:37 INFO  Keywords:286 - Waiting for webElement...financialdetails.indexannuity
2024-07-15 10:20:37 INFO  Keywords:290 - Element found...financialdetails.indexannuity
2024-07-15 10:20:37 INFO  Keywords:128 - InputText is called
2024-07-15 10:20:37 INFO  Keywords:286 - Waiting for webElement...financialdetails.liquidnetworth
2024-07-15 10:20:37 INFO  Keywords:290 - Element found...financialdetails.liquidnetworth
2024-07-15 10:20:37 INFO  Keywords:128 - InputText is called
2024-07-15 10:20:37 INFO  Keywords:286 - Waiting for webElement...financialdetails.mutualfund
2024-07-15 10:20:37 INFO  Keywords:290 - Element found...financialdetails.mutualfund
2024-07-15 10:20:37 INFO  Keywords:128 - InputText is called
2024-07-15 10:20:37 INFO  Keywords:286 - Waiting for webElement...financialdetails.otherbrokerage
2024-07-15 10:20:37 INFO  Keywords:290 - Element found...financialdetails.otherbrokerage
2024-07-15 10:20:37 INFO  Keywords:128 - InputText is called
2024-07-15 10:20:37 INFO  Keywords:286 - Waiting for webElement...financialdetails.policypremium
2024-07-15 10:20:37 INFO  Keywords:290 - Element found...financialdetails.policypremium
2024-07-15 10:20:37 INFO  Keywords:128 - InputText is called
2024-07-15 10:20:37 INFO  Keywords:286 - Waiting for webElement...financialdetails.variableannuity
2024-07-15 10:20:37 INFO  Keywords:290 - Element found...financialdetails.variableannuity
2024-07-15 10:20:37 INFO  Keywords:128 - InputText is called
2024-07-15 10:20:37 INFO  Keywords:286 - Waiting for webElement...financialdetails.totalpremium
2024-07-15 10:20:37 INFO  Keywords:290 - Element found...financialdetails.totalpremium
2024-07-15 10:20:37 INFO  Keywords:286 - Waiting for webElement...financialdetails.anticipatedchanges
2024-07-15 10:20:37 INFO  Keywords:290 - Element found...financialdetails.anticipatedchanges
2024-07-15 10:20:37 INFO  Keywords:286 - Waiting for webElement...financialdetails.nonguaranteedelementYes
2024-07-15 10:20:37 INFO  Keywords:290 - Element found...financialdetails.nonguaranteedelementYes
2024-07-15 10:20:37 INFO  Keywords:286 - Waiting for webElement...financialdetails.reversemortgage
2024-07-15 10:20:37 INFO  Keywords:290 - Element found...financialdetails.reversemortgage
2024-07-15 10:20:37 INFO  Keywords:139 - ClickOnLink is called
2024-07-15 10:20:37 INFO  Keywords:286 - Waiting for webElement...next
2024-07-15 10:20:38 INFO  Keywords:290 - Element found...next
2024-07-15 10:20:56 INFO  Keywords:286 - Waiting for webElement...payment.modal
2024-07-15 10:20:56 INFO  Keywords:290 - Element found...payment.modal
2024-07-15 10:21:13 INFO  Keywords:286 - Waiting for webElement...payment.method
2024-07-15 10:21:13 INFO  Keywords:290 - Element found...payment.method
2024-07-15 10:21:13 INFO  Keywords:128 - InputText is called
2024-07-15 10:21:13 INFO  Keywords:286 - Waiting for webElement...payment.premium
2024-07-15 10:21:13 INFO  Keywords:290 - Element found...payment.premium
2024-07-15 10:21:13 INFO  Keywords:128 - InputText is called
2024-07-15 10:21:13 INFO  Keywords:286 - Waiting for webElement...payment.bankRouting
2024-07-15 10:21:13 INFO  Keywords:290 - Element found...payment.bankRouting
2024-07-15 10:21:13 INFO  Keywords:128 - InputText is called
2024-07-15 10:21:13 INFO  Keywords:286 - Waiting for webElement...payment.bankAccountNumber
2024-07-15 10:21:13 INFO  Keywords:290 - Element found...payment.bankAccountNumber
2024-07-15 10:21:13 INFO  Keywords:286 - Waiting for webElement...payment.AccountType
2024-07-15 10:21:13 INFO  Keywords:290 - Element found...payment.AccountType
2024-07-15 10:21:13 INFO  Keywords:139 - ClickOnLink is called
2024-07-15 10:21:13 INFO  Keywords:286 - Waiting for webElement...next
2024-07-15 10:21:13 INFO  Keywords:290 - Element found...next
2024-07-15 10:21:33 INFO  Keywords:286 - Waiting for webElement...existinginsurance.borrowingfunds
2024-07-15 10:21:33 INFO  Keywords:290 - Element found...existinginsurance.borrowingfunds
2024-07-15 10:21:33 INFO  Keywords:286 - Waiting for webElement...existinginsurance.terminatingexistinglifepolicyNo
2024-07-15 10:21:33 INFO  Keywords:290 - Element found...existinginsurance.terminatingexistinglifepolicyNo
2024-07-15 10:21:33 INFO  Keywords:286 - Waiting for webElement...existinginsurance.DisabilityPoliciesNo
2024-07-15 10:21:33 INFO  Keywords:290 - Element found...existinginsurance.DisabilityPoliciesNo
2024-07-15 10:21:33 INFO  Keywords:286 - Waiting for webElement...existinginsurance.longtermpolicyNo
2024-07-15 10:21:33 INFO  Keywords:290 - Element found...existinginsurance.longtermpolicyNo
2024-07-15 10:21:34 INFO  Keywords:286 - Waiting for webElement...existinglongterminsurance.NO
2024-07-15 10:21:34 INFO  Keywords:290 - Element found...existinglongterminsurance.NO
2024-07-15 10:21:34 INFO  Keywords:139 - ClickOnLink is called
2024-07-15 10:21:34 INFO  Keywords:286 - Waiting for webElement...next
2024-07-15 10:21:34 INFO  Keywords:290 - Element found...next
2024-07-15 10:21:53 INFO  Keywords:139 - ClickOnLink is called
2024-07-15 10:21:53 INFO  Keywords:286 - Waiting for webElement...next
2024-07-15 10:21:53 INFO  Keywords:290 - Element found...next
2024-07-15 10:22:11 INFO  Keywords:128 - InputText is called
2024-07-15 10:22:11 INFO  Keywords:286 - Waiting for webElement...additionalclientquestion.q1
2024-07-15 10:22:11 INFO  Keywords:290 - Element found...additionalclientquestion.q1
2024-07-15 10:22:11 INFO  Keywords:128 - InputText is called
2024-07-15 10:22:11 INFO  Keywords:286 - Waiting for webElement...additionalclientquestion.q2
2024-07-15 10:22:11 INFO  Keywords:290 - Element found...additionalclientquestion.q2
2024-07-15 10:22:12 INFO  Keywords:128 - InputText is called
2024-07-15 10:22:12 INFO  Keywords:286 - Waiting for webElement...additionalclientquestion.q3
2024-07-15 10:22:12 INFO  Keywords:290 - Element found...additionalclientquestion.q3
2024-07-15 10:22:12 INFO  Keywords:128 - InputText is called
2024-07-15 10:22:12 INFO  Keywords:286 - Waiting for webElement...additionalclientquestion.q4
2024-07-15 10:22:34 INFO  Keywords:128 - InputText is called
2024-07-15 10:22:34 INFO  Keywords:286 - Waiting for webElement...additionalclientquestion.q5
2024-07-15 10:23:29 INFO  Keywords:128 - InputText is called
2024-07-15 10:23:29 INFO  Keywords:286 - Waiting for webElement...additionalclientquestion.q9
2024-07-15 10:23:29 INFO  Keywords:290 - Element found...additionalclientquestion.q9
2024-07-15 10:23:29 INFO  Keywords:489 - GetText is called
2024-07-15 10:23:29 INFO  Keywords:286 - Waiting for webElement...ebixTxnID
2024-07-15 10:23:29 INFO  Keywords:290 - Element found...ebixTxnID
2024-07-15 10:23:29 INFO  Keywords:493 - LinkId: 533043
2024-07-15 10:23:29 INFO  Keywords:537 - LinkId: 533043
2024-07-15 10:23:30 INFO  Keywords:489 - GetText is called
2024-07-15 10:23:30 INFO  Keywords:286 - Waiting for webElement...ebixTxnID
2024-07-15 10:23:30 INFO  Keywords:290 - Element found...ebixTxnID
2024-07-15 10:23:30 INFO  Keywords:493 - LinkId: 533043
2024-07-15 10:23:30 INFO  Keywords:139 - ClickOnLink is called
2024-07-15 10:23:30 INFO  Keywords:286 - Waiting for webElement...attachment
2024-07-15 10:23:30 INFO  Keywords:290 - Element found...attachment
2024-07-15 10:23:31 INFO  Keywords:286 - Waiting for webElement...attachment.documenttype
2024-07-15 10:23:32 INFO  Keywords:290 - Element found...attachment.documenttype
2024-07-15 10:23:32 INFO  Keywords:128 - InputText is called
2024-07-15 10:23:32 INFO  Keywords:286 - Waiting for webElement...attachment.choosefile
2024-07-15 10:23:32 INFO  Keywords:290 - Element found...attachment.choosefile
2024-07-15 10:23:32 INFO  Keywords:139 - ClickOnLink is called
2024-07-15 10:23:32 INFO  Keywords:286 - Waiting for webElement...attachment.upload
2024-07-15 10:23:32 INFO  Keywords:290 - Element found...attachment.upload
2024-07-15 10:25:04 INFO  Keywords:416 - switching to particular window...
2024-07-15 10:25:04 INFO  Keywords:489 - GetText is called
2024-07-15 10:25:04 INFO  Keywords:286 - Waiting for webElement...ebixTxnID
2024-07-15 10:25:04 INFO  Keywords:290 - Element found...ebixTxnID
2024-07-15 10:25:04 INFO  Keywords:493 - LinkId: 533043
2024-07-15 10:25:04 INFO  Keywords:537 - LinkId: 533043
2024-07-15 10:25:04 INFO  Keywords:489 - GetText is called
2024-07-15 10:25:04 INFO  Keywords:286 - Waiting for webElement...ebixTxnID
2024-07-15 10:25:04 INFO  Keywords:290 - Element found...ebixTxnID
2024-07-15 10:25:04 INFO  Keywords:493 - LinkId: 533043
2024-07-15 10:25:04 INFO  Keywords:139 - ClickOnLink is called
2024-07-15 10:25:04 INFO  Keywords:286 - Waiting for webElement...next
2024-07-15 10:25:04 INFO  Keywords:290 - Element found...next
2024-07-15 10:25:22 INFO  Keywords:139 - ClickOnLink is called
2024-07-15 10:25:22 INFO  Keywords:286 - Waiting for webElement...validate.button
2024-07-15 10:25:22 INFO  Keywords:290 - Element found...validate.button
2024-07-15 10:25:55 INFO  Keywords:139 - ClickOnLink is called
2024-07-15 10:25:55 INFO  Keywords:286 - Waiting for webElement...notification.continue
2024-07-15 10:25:55 INFO  Keywords:290 - Element found...notification.continue
2024-07-15 10:26:11 INFO  Keywords:139 - ClickOnLink is called
2024-07-15 10:26:11 INFO  Keywords:286 - Waiting for webElement...esignature.optout
2024-07-15 10:26:11 INFO  Keywords:290 - Element found...esignature.optout
2024-07-15 10:27:42 INFO  Keywords:151 - VerifyText is called
2024-07-15 10:27:42 INFO  Keywords:286 - Waiting for webElement...WebElement
2024-07-15 10:27:42 INFO  Keywords:139 - ClickOnLink is called
2024-07-15 10:27:42 INFO  Keywords:286 - Waiting for webElement...attachment
2024-07-15 10:27:42 INFO  Keywords:290 - Element found...attachment
2024-07-15 10:27:42 INFO  Keywords:286 - Waiting for webElement...attachment.documenttype
2024-07-15 10:27:42 INFO  Keywords:290 - Element found...attachment.documenttype
2024-07-15 10:27:42 INFO  Keywords:128 - InputText is called
2024-07-15 10:27:42 INFO  Keywords:286 - Waiting for webElement...attachment.choosefile
2024-07-15 10:27:42 INFO  Keywords:290 - Element found...attachment.choosefile
2024-07-15 10:27:42 INFO  Keywords:139 - ClickOnLink is called
2024-07-15 10:27:42 INFO  Keywords:286 - Waiting for webElement...attachment.upload
2024-07-15 10:27:42 INFO  Keywords:290 - Element found...attachment.upload
2024-07-15 10:28:00 INFO  Keywords:139 - ClickOnLink is called
2024-07-15 10:28:00 INFO  Keywords:286 - Waiting for webElement...RequestSignatures
2024-07-15 10:28:00 INFO  Keywords:290 - Element found...RequestSignatures
2024-07-15 10:28:19 INFO  Keywords:286 - Waiting for webElement...attachment.documenttype
2024-07-15 10:28:19 INFO  Keywords:290 - Element found...attachment.documenttype
2024-07-15 10:28:19 INFO  Keywords:128 - InputText is called
2024-07-15 10:28:19 INFO  Keywords:286 - Waiting for webElement...attachment.choosefile
2024-07-15 10:28:19 INFO  Keywords:290 - Element found...attachment.choosefile
2024-07-15 10:28:19 INFO  Keywords:139 - ClickOnLink is called
2024-07-15 10:28:19 INFO  Keywords:286 - Waiting for webElement...attachment.upload
2024-07-15 10:28:19 INFO  Keywords:290 - Element found...attachment.upload
2024-07-15 10:28:36 INFO  Keywords:139 - ClickOnLink is called
2024-07-15 10:28:36 INFO  Keywords:286 - Waiting for webElement...SubmitButton
2024-07-15 10:28:36 INFO  Keywords:290 - Element found...SubmitButton
2024-07-15 10:30:12 INFO  Keywords:435 - switching to parent window...
2024-07-15 10:30:12 INFO  Keywords:102 - Navigate is called
2024-07-15 10:30:12 INFO  Keywords:503 - ClearText is called
2024-07-15 10:30:12 INFO  Keywords:286 - Waiting for webElement...gateway.username
2024-07-15 10:30:12 INFO  Keywords:290 - Element found...gateway.username
2024-07-15 10:30:12 INFO  Keywords:507 - LinkId: 533043
2024-07-15 10:30:12 INFO  Keywords:128 - InputText is called
2024-07-15 10:30:12 INFO  Keywords:286 - Waiting for webElement...gateway.username
2024-07-15 10:30:12 INFO  Keywords:290 - Element found...gateway.username
2024-07-15 10:30:12 INFO  Keywords:503 - ClearText is called
2024-07-15 10:30:12 INFO  Keywords:286 - Waiting for webElement...gateway.password
2024-07-15 10:30:12 INFO  Keywords:290 - Element found...gateway.password
2024-07-15 10:30:12 INFO  Keywords:507 - LinkId: 533043
2024-07-15 10:30:12 INFO  Keywords:128 - InputText is called
2024-07-15 10:30:12 INFO  Keywords:286 - Waiting for webElement...gateway.password
2024-07-15 10:30:12 INFO  Keywords:290 - Element found...gateway.password
2024-07-15 10:30:12 INFO  Keywords:139 - ClickOnLink is called
2024-07-15 10:30:12 INFO  Keywords:286 - Waiting for webElement...gateway.login
2024-07-15 10:30:12 INFO  Keywords:290 - Element found...gateway.login
2024-07-15 10:30:29 INFO  Keywords:139 - ClickOnLink is called
2024-07-15 10:30:29 INFO  Keywords:286 - Waiting for webElement...management
2024-07-15 10:30:29 INFO  Keywords:290 - Element found...management
2024-07-15 10:30:30 INFO  Keywords:286 - Waiting for webElement...managementTools
2024-07-15 10:30:30 INFO  Keywords:290 - Element found...managementTools
2024-07-15 10:30:31 INFO  Keywords:139 - ClickOnLink is called
2024-07-15 10:30:31 INFO  Keywords:286 - Waiting for webElement...feedManagement
2024-07-15 10:30:31 INFO  Keywords:290 - Element found...feedManagement
2024-07-15 10:30:47 INFO  Keywords:139 - ClickOnLink is called
2024-07-15 10:30:47 INFO  Keywords:286 - Waiting for webElement...searchPanel
2024-07-15 10:30:47 INFO  Keywords:290 - Element found...searchPanel
2024-07-15 10:30:47 INFO  Keywords:286 - Waiting for webElement...selectTransactionID
2024-07-15 10:30:47 INFO  Keywords:290 - Element found...selectTransactionID
2024-07-15 10:30:48 INFO  Keywords:128 - InputText is called
2024-07-15 10:30:48 INFO  Keywords:286 - Waiting for webElement...enterTransactioID
2024-07-15 10:30:48 INFO  Keywords:290 - Element found...enterTransactioID
2024-07-15 10:30:48 INFO  Keywords:139 - ClickOnLink is called
2024-07-15 10:30:48 INFO  Keywords:286 - Waiting for webElement...searchbutton
2024-07-15 10:30:48 INFO  Keywords:290 - Element found...searchbutton
2024-07-15 10:31:04 INFO  Keywords:139 - ClickOnLink is called
2024-07-15 10:31:04 INFO  Keywords:286 - Waiting for webElement...transactionSearchmyResult
2024-07-15 10:31:04 INFO  Keywords:290 - Element found...transactionSearchmyResult
2024-07-15 10:31:20 INFO  Keywords:139 - ClickOnLink is called
2024-07-15 10:31:20 INFO  Keywords:286 - Waiting for webElement...onenotThree
2024-07-15 10:31:20 INFO  Keywords:290 - Element found...onenotThree
2024-07-15 10:31:36 INFO  Keywords:286 - Waiting for webElement...103ResponseXML
2024-07-15 10:31:36 INFO  Keywords:290 - Element found...103ResponseXML
2024-07-15 10:32:09 INFO  Keywords:435 - switching to parent window...
2024-07-15 10:32:09 INFO  Keywords:102 - Navigate is called
2024-07-15 10:32:09 INFO  Keywords:503 - ClearText is called
2024-07-15 10:32:09 INFO  Keywords:286 - Waiting for webElement...gateway.username
2024-07-15 10:32:09 INFO  Keywords:290 - Element found...gateway.username
2024-07-15 10:32:09 INFO  Keywords:507 - <soap:Envelope xmlns:soap="http://schemas.xmlsoap.org/soap/envelope/" xmlns:xsd="http://www.w3.org/2001/XMLSchema" xmlns:acord="http://ACORD.org/Standards/Life/2" xmlns:finetre="www.finetre.com/webservices" xmlns:user="http://www.annuitynet.com/namespace" xmlns:xsi="http://www.w3.org/2001/XMLSchema-instance"><soap:Header><Header xmlns="www.finetre.com/webservices"><SessionId/><TransactionType>TransactionXML</TransactionType><ServiceVersion>1</ServiceVersion><RequestorId/><RequestorKey xsi:nil="true"/><ResponderId>SO</ResponderId><ResponderKey xsi:nil="true"/><RequestGUID>CB9A7BF6-ED10-49FF-AC69-F77F5C9B772C</RequestGUID><RequestSentDateTime/><RequestReceivedDateTime>2024-7-15T4:47:12</RequestReceivedDateTime><ResponseSentDateTime>2024-7-15T4:47:12</ResponseSentDateTime><ResponseReceivedDateTime>0001-01-01T00:00:00.0000000-05:00</ResponseReceivedDateTime><Extensions xsi:nil="true"/></Header></soap:Header><soap:Body><UploadResponse xmlns="www.finetre.com/webservices"><Data><Status>Success</Status><Errors xsi:nil="false"/><Extensions xsi:nil="true"/></Data></UploadResponse></soap:Body></soap:Envelope>
2024-07-15 10:32:09 INFO  Keywords:128 - InputText is called
2024-07-15 10:32:09 INFO  Keywords:286 - Waiting for webElement...gateway.username
2024-07-15 10:32:09 INFO  Keywords:290 - Element found...gateway.username
2024-07-15 10:32:09 INFO  Keywords:503 - ClearText is called
2024-07-15 10:32:09 INFO  Keywords:286 - Waiting for webElement...gateway.password
2024-07-15 10:32:09 INFO  Keywords:290 - Element found...gateway.password
2024-07-15 10:32:09 INFO  Keywords:507 - <soap:Envelope xmlns:soap="http://schemas.xmlsoap.org/soap/envelope/" xmlns:xsd="http://www.w3.org/2001/XMLSchema" xmlns:acord="http://ACORD.org/Standards/Life/2" xmlns:finetre="www.finetre.com/webservices" xmlns:user="http://www.annuitynet.com/namespace" xmlns:xsi="http://www.w3.org/2001/XMLSchema-instance"><soap:Header><Header xmlns="www.finetre.com/webservices"><SessionId/><TransactionType>TransactionXML</TransactionType><ServiceVersion>1</ServiceVersion><RequestorId/><RequestorKey xsi:nil="true"/><ResponderId>SO</ResponderId><ResponderKey xsi:nil="true"/><RequestGUID>CB9A7BF6-ED10-49FF-AC69-F77F5C9B772C</RequestGUID><RequestSentDateTime/><RequestReceivedDateTime>2024-7-15T4:47:12</RequestReceivedDateTime><ResponseSentDateTime>2024-7-15T4:47:12</ResponseSentDateTime><ResponseReceivedDateTime>0001-01-01T00:00:00.0000000-05:00</ResponseReceivedDateTime><Extensions xsi:nil="true"/></Header></soap:Header><soap:Body><UploadResponse xmlns="www.finetre.com/webservices"><Data><Status>Success</Status><Errors xsi:nil="false"/><Extensions xsi:nil="true"/></Data></UploadResponse></soap:Body></soap:Envelope>
2024-07-15 10:32:09 INFO  Keywords:128 - InputText is called
2024-07-15 10:32:09 INFO  Keywords:286 - Waiting for webElement...gateway.password
2024-07-15 10:32:09 INFO  Keywords:290 - Element found...gateway.password
2024-07-15 10:32:09 INFO  Keywords:139 - ClickOnLink is called
2024-07-15 10:32:09 INFO  Keywords:286 - Waiting for webElement...gateway.login
2024-07-15 10:32:09 INFO  Keywords:290 - Element found...gateway.login
2024-07-15 10:32:26 INFO  Keywords:139 - ClickOnLink is called
2024-07-15 10:32:26 INFO  Keywords:286 - Waiting for webElement...management
2024-07-15 10:32:26 INFO  Keywords:290 - Element found...management
2024-07-15 10:32:26 INFO  Keywords:286 - Waiting for webElement...managementTools
2024-07-15 10:32:26 INFO  Keywords:290 - Element found...managementTools
2024-07-15 10:32:28 INFO  Keywords:139 - ClickOnLink is called
2024-07-15 10:32:28 INFO  Keywords:286 - Waiting for webElement...feedManagement
2024-07-15 10:32:28 INFO  Keywords:290 - Element found...feedManagement
2024-07-15 10:32:44 INFO  Keywords:139 - ClickOnLink is called
2024-07-15 10:32:44 INFO  Keywords:286 - Waiting for webElement...searchPanel
2024-07-15 10:32:44 INFO  Keywords:290 - Element found...searchPanel
2024-07-15 10:32:44 INFO  Keywords:286 - Waiting for webElement...selectTransactionID
2024-07-15 10:32:44 INFO  Keywords:290 - Element found...selectTransactionID
2024-07-15 10:32:44 INFO  Keywords:128 - InputText is called
2024-07-15 10:32:44 INFO  Keywords:286 - Waiting for webElement...enterTransactioID
2024-07-15 10:32:44 INFO  Keywords:290 - Element found...enterTransactioID
2024-07-15 10:32:44 INFO  Keywords:139 - ClickOnLink is called
2024-07-15 10:32:44 INFO  Keywords:286 - Waiting for webElement...searchbutton
2024-07-15 10:32:44 INFO  Keywords:290 - Element found...searchbutton
2024-07-15 10:33:01 INFO  Keywords:139 - ClickOnLink is called
2024-07-15 10:33:01 INFO  Keywords:286 - Waiting for webElement...transactionSearchmyResult
2024-07-15 10:33:01 INFO  Keywords:290 - Element found...transactionSearchmyResult
2024-07-15 10:33:17 INFO  Keywords:139 - ClickOnLink is called
2024-07-15 10:33:17 INFO  Keywords:286 - Waiting for webElement...RTSMButton
2024-07-15 10:33:17 INFO  Keywords:290 - Element found...RTSMButton
2024-07-15 10:33:33 INFO  Keywords:286 - Waiting for webElement...RTSMResponseXML
2024-07-15 10:33:33 INFO  Keywords:290 - Element found...RTSMResponseXML
2024-07-15 10:34:12 INFO  Keywords:102 - Navigate is called
2024-07-15 10:34:14 INFO  Keywords:128 - InputText is called
2024-07-15 10:34:14 INFO  Keywords:286 - Waiting for webElement...gateway.username
2024-07-15 10:34:14 INFO  Keywords:290 - Element found...gateway.username
2024-07-15 10:34:15 INFO  Keywords:128 - InputText is called
2024-07-15 10:34:15 INFO  Keywords:286 - Waiting for webElement...gateway.password
2024-07-15 10:34:15 INFO  Keywords:290 - Element found...gateway.password
2024-07-15 10:34:15 INFO  Keywords:139 - ClickOnLink is called
2024-07-15 10:34:15 INFO  Keywords:286 - Waiting for webElement...gateway.login
2024-07-15 10:34:15 INFO  Keywords:290 - Element found...gateway.login
2024-07-15 10:34:51 INFO  Keywords:139 - ClickOnLink is called
2024-07-15 10:34:51 INFO  Keywords:286 - Waiting for webElement...postsamldata
2024-07-15 10:34:51 INFO  Keywords:290 - Element found...postsamldata
2024-07-15 10:35:07 INFO  Keywords:139 - ClickOnLink is called
2024-07-15 10:35:07 INFO  Keywords:286 - Waiting for webElement...next
2024-07-15 10:35:07 INFO  Keywords:290 - Element found...next
2024-07-15 10:35:26 INFO  Keywords:128 - InputText is called
2024-07-15 10:35:26 INFO  Keywords:286 - Waiting for webElement...policyConfiguration.insuranceamount
2024-07-15 10:35:26 INFO  Keywords:290 - Element found...policyConfiguration.insuranceamount
2024-07-15 10:35:26 INFO  Keywords:286 - Waiting for webElement...policyConfiguration.LTC
2024-07-15 10:35:26 INFO  Keywords:290 - Element found...policyConfiguration.LTC
2024-07-15 10:35:26 INFO  Keywords:286 - Waiting for webElement...policyConfiguration.Benefit
2024-07-15 10:36:17 INFO  Keywords:286 - Waiting for webElement...policyConfiguration.payors
2024-07-15 10:36:17 INFO  Keywords:290 - Element found...policyConfiguration.payors
2024-07-15 10:36:17 INFO  Keywords:286 - Waiting for webElement...policyConfiguration.purposeofpolicy
2024-07-15 10:36:17 INFO  Keywords:290 - Element found...policyConfiguration.purposeofpolicy
2024-07-15 10:36:17 INFO  Keywords:139 - ClickOnLink is called
2024-07-15 10:36:17 INFO  Keywords:286 - Waiting for webElement...next
2024-07-15 10:36:17 INFO  Keywords:290 - Element found...next
2024-07-15 10:37:53 INFO  Keywords:286 - Waiting for webElement...primaryinsured.birthcountry
2024-07-15 10:37:53 INFO  Keywords:290 - Element found...primaryinsured.birthcountry
2024-07-15 10:37:53 INFO  Keywords:286 - Waiting for webElement...primaryinsured.birthstate
2024-07-15 10:37:53 INFO  Keywords:290 - Element found...primaryinsured.birthstate
2024-07-15 10:37:53 INFO  Keywords:128 - InputText is called
2024-07-15 10:37:53 INFO  Keywords:286 - Waiting for webElement...primaryinsured.birthcity
2024-07-15 10:38:03 INFO  Keywords:139 - ClickOnLink is called
2024-07-15 10:38:03 INFO  Keywords:286 - Waiting for webElement...next
2024-07-15 10:38:03 INFO  Keywords:290 - Element found...next
2024-07-15 10:38:25 INFO  Keywords:139 - ClickOnLink is called
2024-07-15 10:38:25 INFO  Keywords:286 - Waiting for webElement...next
2024-07-15 10:38:25 INFO  Keywords:290 - Element found...next
2024-07-15 10:38:45 INFO  Keywords:286 - Waiting for webElement...naturalOwner.relationwithInsured
2024-07-15 10:38:45 INFO  Keywords:290 - Element found...naturalOwner.relationwithInsured
2024-07-15 10:38:46 INFO  Keywords:286 - Waiting for webElement...naturalOwner.relationwithJointInsured
2024-07-15 10:39:36 INFO  Keywords:286 - Waiting for webElement...naturalOwner.PermamentResidentCard
2024-07-15 10:39:36 INFO  Keywords:290 - Element found...naturalOwner.PermamentResidentCard
2024-07-15 10:39:36 INFO  Keywords:128 - InputText is called
2024-07-15 10:39:36 INFO  Keywords:286 - Waiting for webElement...naturalOwner.ResidentCardIssueDAte
2024-07-15 10:39:36 INFO  Keywords:290 - Element found...naturalOwner.ResidentCardIssueDAte
2024-07-15 10:39:36 INFO  Keywords:128 - InputText is called
2024-07-15 10:39:36 INFO  Keywords:286 - Waiting for webElement...naturalOwner.ResidentCardExpireationDAte
2024-07-15 10:39:36 INFO  Keywords:290 - Element found...naturalOwner.ResidentCardExpireationDAte
2024-07-15 10:39:36 INFO  Keywords:128 - InputText is called
2024-07-15 10:39:36 INFO  Keywords:286 - Waiting for webElement...naturalOwner.USLivingYrs
2024-07-15 10:39:36 INFO  Keywords:290 - Element found...naturalOwner.USLivingYrs
2024-07-15 10:39:37 INFO  Keywords:128 - InputText is called
2024-07-15 10:39:37 INFO  Keywords:286 - Waiting for webElement...naturalOwner.USLivingMonths
2024-07-15 10:39:37 INFO  Keywords:290 - Element found...naturalOwner.USLivingMonths
2024-07-15 10:39:37 INFO  Keywords:139 - ClickOnLink is called
2024-07-15 10:39:37 INFO  Keywords:286 - Waiting for webElement...next
2024-07-15 10:39:37 INFO  Keywords:290 - Element found...next
2024-07-15 10:39:57 INFO  Keywords:286 - Waiting for webElement...financialDetails.SourceOfFundsLI
2024-07-15 10:39:57 INFO  Keywords:290 - Element found...financialDetails.SourceOfFundsLI
2024-07-15 10:39:57 INFO  Keywords:286 - Waiting for webElement...financialDetails.SurrenderChargeSOFLI
2024-07-15 10:39:57 INFO  Keywords:290 - Element found...financialDetails.SurrenderChargeSOFLI
2024-07-15 10:39:58 INFO  Keywords:286 - Waiting for webElement...financialDetails.envisiontaking
2024-07-15 10:39:58 INFO  Keywords:290 - Element found...financialDetails.envisiontaking
2024-07-15 10:39:58 INFO  Keywords:286 - Waiting for webElement...financialDetails.federalfaxbracket
2024-07-15 10:39:58 INFO  Keywords:290 - Element found...financialDetails.federalfaxbracket
2024-07-15 10:39:58 INFO  Keywords:286 - Waiting for webElement...financialDetails.riskTolerance
2024-07-15 10:39:58 INFO  Keywords:290 - Element found...financialDetails.riskTolerance
2024-07-15 10:39:58 INFO  Keywords:286 - Waiting for webElement...financialDetails.Investmentobjectives
2024-07-15 10:39:58 INFO  Keywords:290 - Element found...financialDetails.Investmentobjectives
2024-07-15 10:39:59 INFO  Keywords:286 - Waiting for webElement...financialDetails.timehorizon
2024-07-15 10:39:59 INFO  Keywords:290 - Element found...financialDetails.timehorizon
2024-07-15 10:39:59 INFO  Keywords:286 - Waiting for webElement...financialDetails.investmentexperienceFA
2024-07-15 10:39:59 INFO  Keywords:290 - Element found...financialDetails.investmentexperienceFA
2024-07-15 10:39:59 INFO  Keywords:128 - InputText is called
2024-07-15 10:39:59 INFO  Keywords:286 - Waiting for webElement...financialDetails.investmentstartyear
2024-07-15 10:39:59 INFO  Keywords:290 - Element found...financialDetails.investmentstartyear
2024-07-15 10:39:59 INFO  Keywords:128 - InputText is called
2024-07-15 10:39:59 INFO  Keywords:286 - Waiting for webElement...financialdetails.wages
2024-07-15 10:39:59 INFO  Keywords:290 - Element found...financialdetails.wages
2024-07-15 10:39:59 INFO  Keywords:128 - InputText is called
2024-07-15 10:39:59 INFO  Keywords:286 - Waiting for webElement...financialdetails.livingexpenses
2024-07-15 10:39:59 INFO  Keywords:290 - Element found...financialdetails.livingexpenses
2024-07-15 10:39:59 INFO  Keywords:128 - InputText is called
2024-07-15 10:39:59 INFO  Keywords:286 - Waiting for webElement...financialdetails.personalinvestment
2024-07-15 10:39:59 INFO  Keywords:290 - Element found...financialdetails.personalinvestment
2024-07-15 10:39:59 INFO  Keywords:128 - InputText is called
2024-07-15 10:39:59 INFO  Keywords:286 - Waiting for webElement...financialdetails.fixeddebtexpenses
2024-07-15 10:39:59 INFO  Keywords:290 - Element found...financialdetails.fixeddebtexpenses
2024-07-15 10:39:59 INFO  Keywords:128 - InputText is called
2024-07-15 10:39:59 INFO  Keywords:286 - Waiting for webElement...financialdetails.rentalincome
2024-07-15 10:39:59 INFO  Keywords:290 - Element found...financialdetails.rentalincome
2024-07-15 10:39:59 INFO  Keywords:128 - InputText is called
2024-07-15 10:39:59 INFO  Keywords:286 - Waiting for webElement...financialdetails.variabledebtexpenses
2024-07-15 10:39:59 INFO  Keywords:290 - Element found...financialdetails.variabledebtexpenses
2024-07-15 10:39:59 INFO  Keywords:128 - InputText is called
2024-07-15 10:39:59 INFO  Keywords:286 - Waiting for webElement...financialdetails.incomepension
2024-07-15 10:39:59 INFO  Keywords:290 - Element found...financialdetails.incomepension
2024-07-15 10:39:59 INFO  Keywords:128 - InputText is called
2024-07-15 10:39:59 INFO  Keywords:286 - Waiting for webElement...financialdetails.discretionaryexpenses
2024-07-15 10:39:59 INFO  Keywords:290 - Element found...financialdetails.discretionaryexpenses
2024-07-15 10:39:59 INFO  Keywords:128 - InputText is called
2024-07-15 10:39:59 INFO  Keywords:286 - Waiting for webElement...financialdetails.socialsecurityincome
2024-07-15 10:39:59 INFO  Keywords:290 - Element found...financialdetails.socialsecurityincome
2024-07-15 10:39:59 INFO  Keywords:128 - InputText is called
2024-07-15 10:39:59 INFO  Keywords:286 - Waiting for webElement...financialdetails.otherincome
2024-07-15 10:39:59 INFO  Keywords:290 - Element found...financialdetails.otherincome
2024-07-15 10:39:59 INFO  Keywords:128 - InputText is called
2024-07-15 10:39:59 INFO  Keywords:286 - Waiting for webElement...financialdetails.bonds
2024-07-15 10:39:59 INFO  Keywords:290 - Element found...financialdetails.bonds
2024-07-15 10:39:59 INFO  Keywords:128 - InputText is called
2024-07-15 10:39:59 INFO  Keywords:286 - Waiting for webElement...financialdetails.businessTrustRealstate
2024-07-15 10:39:59 INFO  Keywords:290 - Element found...financialdetails.businessTrustRealstate
2024-07-15 10:39:59 INFO  Keywords:128 - InputText is called
2024-07-15 10:39:59 INFO  Keywords:286 - Waiting for webElement...financialdetails.retirementplan
2024-07-15 10:39:59 INFO  Keywords:290 - Element found...financialdetails.retirementplan
2024-07-15 10:40:00 INFO  Keywords:128 - InputText is called
2024-07-15 10:40:00 INFO  Keywords:286 - Waiting for webElement...financialdetails.equities
2024-07-15 10:40:00 INFO  Keywords:290 - Element found...financialdetails.equities
2024-07-15 10:40:00 INFO  Keywords:128 - InputText is called
2024-07-15 10:40:00 INFO  Keywords:286 - Waiting for webElement...financialdetails.facevalueilfeinsurance
2024-07-15 10:40:00 INFO  Keywords:290 - Element found...financialdetails.facevalueilfeinsurance
2024-07-15 10:40:00 INFO  Keywords:128 - InputText is called
2024-07-15 10:40:00 INFO  Keywords:286 - Waiting for webElement...financialdetails.fixedannuity
2024-07-15 10:40:00 INFO  Keywords:290 - Element found...financialdetails.fixedannuity
2024-07-15 10:40:00 INFO  Keywords:128 - InputText is called
2024-07-15 10:40:00 INFO  Keywords:286 - Waiting for webElement...financialdetails.indexannuity
2024-07-15 10:40:00 INFO  Keywords:290 - Element found...financialdetails.indexannuity
2024-07-15 10:40:00 INFO  Keywords:128 - InputText is called
2024-07-15 10:40:00 INFO  Keywords:286 - Waiting for webElement...financialdetails.liquidnetworth
2024-07-15 10:40:00 INFO  Keywords:290 - Element found...financialdetails.liquidnetworth
2024-07-15 10:40:00 INFO  Keywords:128 - InputText is called
2024-07-15 10:40:00 INFO  Keywords:286 - Waiting for webElement...financialdetails.mutualfund
2024-07-15 10:40:00 INFO  Keywords:290 - Element found...financialdetails.mutualfund
2024-07-15 10:40:00 INFO  Keywords:128 - InputText is called
2024-07-15 10:40:00 INFO  Keywords:286 - Waiting for webElement...financialdetails.otherbrokerage
2024-07-15 10:40:00 INFO  Keywords:290 - Element found...financialdetails.otherbrokerage
2024-07-15 10:40:00 INFO  Keywords:128 - InputText is called
2024-07-15 10:40:00 INFO  Keywords:286 - Waiting for webElement...financialdetails.policypremium
2024-07-15 10:40:00 INFO  Keywords:290 - Element found...financialdetails.policypremium
2024-07-15 10:40:00 INFO  Keywords:128 - InputText is called
2024-07-15 10:40:00 INFO  Keywords:286 - Waiting for webElement...financialdetails.variableannuity
2024-07-15 10:40:00 INFO  Keywords:290 - Element found...financialdetails.variableannuity
2024-07-15 10:40:00 INFO  Keywords:128 - InputText is called
2024-07-15 10:40:00 INFO  Keywords:286 - Waiting for webElement...financialdetails.totalpremium
2024-07-15 10:40:00 INFO  Keywords:290 - Element found...financialdetails.totalpremium
2024-07-15 10:40:00 INFO  Keywords:286 - Waiting for webElement...financialdetails.anticipatedchanges
2024-07-15 10:40:00 INFO  Keywords:290 - Element found...financialdetails.anticipatedchanges
2024-07-15 10:40:00 INFO  Keywords:286 - Waiting for webElement...financialdetails.nonguaranteedelementYes
2024-07-15 10:40:00 INFO  Keywords:290 - Element found...financialdetails.nonguaranteedelementYes
2024-07-15 10:40:00 INFO  Keywords:286 - Waiting for webElement...financialdetails.reversemortgage
2024-07-15 10:40:00 INFO  Keywords:290 - Element found...financialdetails.reversemortgage
2024-07-15 10:40:01 INFO  Keywords:139 - ClickOnLink is called
2024-07-15 10:40:01 INFO  Keywords:286 - Waiting for webElement...next
2024-07-15 10:40:01 INFO  Keywords:290 - Element found...next
2024-07-15 10:40:20 INFO  Keywords:286 - Waiting for webElement...payment.modal
2024-07-15 10:40:20 INFO  Keywords:290 - Element found...payment.modal
2024-07-15 10:40:36 INFO  Keywords:286 - Waiting for webElement...payment.method
2024-07-15 10:40:36 INFO  Keywords:290 - Element found...payment.method
2024-07-15 10:40:36 INFO  Keywords:128 - InputText is called
2024-07-15 10:40:36 INFO  Keywords:286 - Waiting for webElement...payment.premium
2024-07-15 10:40:36 INFO  Keywords:290 - Element found...payment.premium
2024-07-15 10:40:36 INFO  Keywords:128 - InputText is called
2024-07-15 10:40:36 INFO  Keywords:286 - Waiting for webElement...payment.bankRouting
2024-07-15 10:40:36 INFO  Keywords:290 - Element found...payment.bankRouting
2024-07-15 10:40:36 INFO  Keywords:128 - InputText is called
2024-07-15 10:40:36 INFO  Keywords:286 - Waiting for webElement...payment.bankAccountNumber
2024-07-15 10:40:36 INFO  Keywords:290 - Element found...payment.bankAccountNumber
2024-07-15 10:40:36 INFO  Keywords:286 - Waiting for webElement...payment.AccountType
2024-07-15 10:40:36 INFO  Keywords:290 - Element found...payment.AccountType
2024-07-15 10:40:36 INFO  Keywords:139 - ClickOnLink is called
2024-07-15 10:40:36 INFO  Keywords:286 - Waiting for webElement...next
2024-07-15 10:40:36 INFO  Keywords:290 - Element found...next
2024-07-15 10:40:55 INFO  Keywords:286 - Waiting for webElement...existinginsurance.borrowingfunds
2024-07-15 10:40:56 INFO  Keywords:290 - Element found...existinginsurance.borrowingfunds
2024-07-15 10:40:56 INFO  Keywords:286 - Waiting for webElement...existinginsurance.terminatingexistinglifepolicyNo
2024-07-15 10:40:56 INFO  Keywords:290 - Element found...existinginsurance.terminatingexistinglifepolicyNo
2024-07-15 10:40:56 INFO  Keywords:286 - Waiting for webElement...existinginsurance.DisabilityPoliciesNo
2024-07-15 10:40:56 INFO  Keywords:290 - Element found...existinginsurance.DisabilityPoliciesNo
2024-07-15 10:40:56 INFO  Keywords:286 - Waiting for webElement...existinginsurance.longtermpolicyNo
2024-07-15 10:40:56 INFO  Keywords:290 - Element found...existinginsurance.longtermpolicyNo
2024-07-15 10:40:56 INFO  Keywords:286 - Waiting for webElement...existinglongterminsurance.NO
2024-07-15 10:40:56 INFO  Keywords:290 - Element found...existinglongterminsurance.NO
2024-07-15 10:40:57 INFO  Keywords:139 - ClickOnLink is called
2024-07-15 10:40:57 INFO  Keywords:286 - Waiting for webElement...next
2024-07-15 10:40:57 INFO  Keywords:290 - Element found...next
2024-07-15 10:41:16 INFO  Keywords:139 - ClickOnLink is called
2024-07-15 10:41:16 INFO  Keywords:286 - Waiting for webElement...next
2024-07-15 10:41:16 INFO  Keywords:290 - Element found...next
2024-07-15 10:41:35 INFO  Keywords:128 - InputText is called
2024-07-15 10:41:35 INFO  Keywords:286 - Waiting for webElement...additionalclientquestion.q1
2024-07-15 10:41:35 INFO  Keywords:290 - Element found...additionalclientquestion.q1
2024-07-15 10:41:35 INFO  Keywords:128 - InputText is called
2024-07-15 10:41:35 INFO  Keywords:286 - Waiting for webElement...additionalclientquestion.q2
2024-07-15 10:41:35 INFO  Keywords:290 - Element found...additionalclientquestion.q2
2024-07-15 10:41:35 INFO  Keywords:128 - InputText is called
2024-07-15 10:41:35 INFO  Keywords:286 - Waiting for webElement...additionalclientquestion.q3
2024-07-15 10:41:35 INFO  Keywords:290 - Element found...additionalclientquestion.q3
2024-07-15 10:41:35 INFO  Keywords:128 - InputText is called
2024-07-15 10:41:35 INFO  Keywords:286 - Waiting for webElement...additionalclientquestion.q4
2024-07-15 10:42:26 INFO  Keywords:128 - InputText is called
2024-07-15 10:42:26 INFO  Keywords:286 - Waiting for webElement...additionalclientquestion.q5
2024-07-15 10:43:16 INFO  Keywords:128 - InputText is called
2024-07-15 10:43:16 INFO  Keywords:286 - Waiting for webElement...additionalclientquestion.q9
2024-07-15 10:43:16 INFO  Keywords:290 - Element found...additionalclientquestion.q9
2024-07-15 10:43:16 INFO  Keywords:489 - GetText is called
2024-07-15 10:43:16 INFO  Keywords:286 - Waiting for webElement...ebixTxnID
2024-07-15 10:43:16 INFO  Keywords:290 - Element found...ebixTxnID
2024-07-15 10:43:16 INFO  Keywords:493 - LinkId: 533046
2024-07-15 10:43:16 INFO  Keywords:537 - LinkId: 533046
2024-07-15 10:43:16 INFO  Keywords:489 - GetText is called
2024-07-15 10:43:16 INFO  Keywords:286 - Waiting for webElement...ebixTxnID
2024-07-15 10:43:16 INFO  Keywords:290 - Element found...ebixTxnID
2024-07-15 10:43:16 INFO  Keywords:493 - LinkId: 533046
2024-07-15 10:43:16 INFO  Keywords:139 - ClickOnLink is called
2024-07-15 10:43:16 INFO  Keywords:286 - Waiting for webElement...attachment
2024-07-15 10:43:16 INFO  Keywords:290 - Element found...attachment
2024-07-15 10:43:17 INFO  Keywords:286 - Waiting for webElement...attachment.documenttype
2024-07-15 10:43:21 INFO  Keywords:290 - Element found...attachment.documenttype
2024-07-15 10:43:21 INFO  Keywords:128 - InputText is called
2024-07-15 10:43:21 INFO  Keywords:286 - Waiting for webElement...attachment.choosefile
2024-07-15 10:43:21 INFO  Keywords:290 - Element found...attachment.choosefile
2024-07-15 10:43:21 INFO  Keywords:139 - ClickOnLink is called
2024-07-15 10:43:21 INFO  Keywords:286 - Waiting for webElement...attachment.upload
2024-07-15 10:43:21 INFO  Keywords:290 - Element found...attachment.upload
2024-07-15 10:44:57 INFO  Keywords:416 - switching to particular window...
2024-07-15 10:44:57 INFO  Keywords:489 - GetText is called
2024-07-15 10:44:57 INFO  Keywords:286 - Waiting for webElement...ebixTxnID
2024-07-15 10:44:57 INFO  Keywords:290 - Element found...ebixTxnID
2024-07-15 10:44:57 INFO  Keywords:493 - LinkId: 533046
2024-07-15 10:44:57 INFO  Keywords:537 - LinkId: 533046
2024-07-15 10:44:57 INFO  Keywords:489 - GetText is called
2024-07-15 10:44:57 INFO  Keywords:286 - Waiting for webElement...ebixTxnID
2024-07-15 10:44:57 INFO  Keywords:290 - Element found...ebixTxnID
2024-07-15 10:44:57 INFO  Keywords:493 - LinkId: 533046
2024-07-15 10:44:57 INFO  Keywords:139 - ClickOnLink is called
2024-07-15 10:44:57 INFO  Keywords:286 - Waiting for webElement...next
2024-07-15 10:44:57 INFO  Keywords:290 - Element found...next
2024-07-15 10:45:15 INFO  Keywords:139 - ClickOnLink is called
2024-07-15 10:45:15 INFO  Keywords:286 - Waiting for webElement...validate.button
2024-07-15 10:45:57 INFO  Keywords:139 - ClickOnLink is called
2024-07-15 10:45:57 INFO  Keywords:286 - Waiting for webElement...notification.continue
2024-07-15 10:46:23 INFO  Keywords:139 - ClickOnLink is called
2024-07-15 10:46:23 INFO  Keywords:286 - Waiting for webElement...esignature.optout
2024-07-15 10:48:03 INFO  Keywords:151 - VerifyText is called
2024-07-15 10:48:03 INFO  Keywords:286 - Waiting for webElement...WebElement
2024-07-15 10:48:03 INFO  Keywords:139 - ClickOnLink is called
2024-07-15 10:48:03 INFO  Keywords:286 - Waiting for webElement...attachment
2024-07-15 10:48:03 INFO  Keywords:290 - Element found...attachment
2024-07-15 10:48:04 INFO  Keywords:286 - Waiting for webElement...attachment.documenttype
2024-07-15 10:48:04 INFO  Keywords:290 - Element found...attachment.documenttype
2024-07-15 10:48:04 INFO  Keywords:128 - InputText is called
2024-07-15 10:48:04 INFO  Keywords:286 - Waiting for webElement...attachment.choosefile
2024-07-15 10:48:04 INFO  Keywords:290 - Element found...attachment.choosefile
2024-07-15 10:48:04 INFO  Keywords:139 - ClickOnLink is called
2024-07-15 10:48:04 INFO  Keywords:286 - Waiting for webElement...attachment.upload
2024-07-15 10:48:04 INFO  Keywords:290 - Element found...attachment.upload
2024-07-15 10:48:23 INFO  Keywords:139 - ClickOnLink is called
2024-07-15 10:48:23 INFO  Keywords:286 - Waiting for webElement...RequestSignatures
2024-07-15 10:48:49 INFO  Keywords:286 - Waiting for webElement...attachment.documenttype
2024-07-15 10:48:49 INFO  Keywords:290 - Element found...attachment.documenttype
2024-07-15 10:48:49 INFO  Keywords:128 - InputText is called
2024-07-15 10:48:49 INFO  Keywords:286 - Waiting for webElement...attachment.choosefile
2024-07-15 10:48:49 INFO  Keywords:290 - Element found...attachment.choosefile
2024-07-15 10:48:49 INFO  Keywords:139 - ClickOnLink is called
2024-07-15 10:48:49 INFO  Keywords:286 - Waiting for webElement...attachment.upload
2024-07-15 10:48:49 INFO  Keywords:290 - Element found...attachment.upload
2024-07-15 10:49:07 INFO  Keywords:139 - ClickOnLink is called
2024-07-15 10:49:07 INFO  Keywords:286 - Waiting for webElement...SubmitButton
2024-07-15 10:50:47 INFO  Keywords:435 - switching to parent window...
2024-07-15 10:50:47 INFO  Keywords:102 - Navigate is called
2024-07-15 10:50:48 INFO  Keywords:503 - ClearText is called
2024-07-15 10:50:48 INFO  Keywords:286 - Waiting for webElement...gateway.username
2024-07-15 10:50:48 INFO  Keywords:290 - Element found...gateway.username
2024-07-15 10:50:48 INFO  Keywords:507 - LinkId: 533046
2024-07-15 10:50:48 INFO  Keywords:128 - InputText is called
2024-07-15 10:50:48 INFO  Keywords:286 - Waiting for webElement...gateway.username
2024-07-15 10:50:48 INFO  Keywords:290 - Element found...gateway.username
2024-07-15 10:50:48 INFO  Keywords:503 - ClearText is called
2024-07-15 10:50:48 INFO  Keywords:286 - Waiting for webElement...gateway.password
2024-07-15 10:50:48 INFO  Keywords:290 - Element found...gateway.password
2024-07-15 10:50:48 INFO  Keywords:507 - LinkId: 533046
2024-07-15 10:50:48 INFO  Keywords:128 - InputText is called
2024-07-15 10:50:48 INFO  Keywords:286 - Waiting for webElement...gateway.password
2024-07-15 10:50:48 INFO  Keywords:290 - Element found...gateway.password
2024-07-15 10:50:48 INFO  Keywords:139 - ClickOnLink is called
2024-07-15 10:50:48 INFO  Keywords:286 - Waiting for webElement...gateway.login
2024-07-15 10:50:48 INFO  Keywords:290 - Element found...gateway.login
2024-07-15 10:51:05 INFO  Keywords:139 - ClickOnLink is called
2024-07-15 10:51:05 INFO  Keywords:286 - Waiting for webElement...management
2024-07-15 10:51:05 INFO  Keywords:290 - Element found...management
2024-07-15 10:51:05 INFO  Keywords:286 - Waiting for webElement...managementTools
2024-07-15 10:51:05 INFO  Keywords:290 - Element found...managementTools
2024-07-15 10:51:06 INFO  Keywords:139 - ClickOnLink is called
2024-07-15 10:51:06 INFO  Keywords:286 - Waiting for webElement...feedManagement
2024-07-15 10:51:06 INFO  Keywords:290 - Element found...feedManagement
2024-07-15 10:51:22 INFO  Keywords:139 - ClickOnLink is called
2024-07-15 10:51:22 INFO  Keywords:286 - Waiting for webElement...searchPanel
2024-07-15 10:51:23 INFO  Keywords:290 - Element found...searchPanel
2024-07-15 10:51:23 INFO  Keywords:286 - Waiting for webElement...selectTransactionID
2024-07-15 10:51:23 INFO  Keywords:290 - Element found...selectTransactionID
2024-07-15 10:51:23 INFO  Keywords:128 - InputText is called
2024-07-15 10:51:23 INFO  Keywords:286 - Waiting for webElement...enterTransactioID
2024-07-15 10:51:23 INFO  Keywords:290 - Element found...enterTransactioID
2024-07-15 10:51:23 INFO  Keywords:139 - ClickOnLink is called
2024-07-15 10:51:23 INFO  Keywords:286 - Waiting for webElement...searchbutton
2024-07-15 10:51:23 INFO  Keywords:290 - Element found...searchbutton
2024-07-15 10:51:39 INFO  Keywords:139 - ClickOnLink is called
2024-07-15 10:51:39 INFO  Keywords:286 - Waiting for webElement...transactionSearchmyResult
2024-07-15 10:51:39 INFO  Keywords:290 - Element found...transactionSearchmyResult
2024-07-15 10:51:56 INFO  Keywords:139 - ClickOnLink is called
2024-07-15 10:51:56 INFO  Keywords:286 - Waiting for webElement...onenotThree
2024-07-15 10:51:56 INFO  Keywords:290 - Element found...onenotThree
2024-07-15 10:52:12 INFO  Keywords:286 - Waiting for webElement...103ResponseXML
2024-07-15 10:52:12 INFO  Keywords:290 - Element found...103ResponseXML
2024-07-15 10:52:44 INFO  Keywords:435 - switching to parent window...
2024-07-15 10:52:44 INFO  Keywords:102 - Navigate is called
2024-07-15 10:52:44 INFO  Keywords:503 - ClearText is called
2024-07-15 10:52:44 INFO  Keywords:286 - Waiting for webElement...gateway.username
2024-07-15 10:52:44 INFO  Keywords:290 - Element found...gateway.username
2024-07-15 10:52:44 INFO  Keywords:507 - <soap:Envelope xmlns:soap="http://schemas.xmlsoap.org/soap/envelope/" xmlns:xsd="http://www.w3.org/2001/XMLSchema" xmlns:acord="http://ACORD.org/Standards/Life/2" xmlns:finetre="www.finetre.com/webservices" xmlns:user="http://www.annuitynet.com/namespace" xmlns:xsi="http://www.w3.org/2001/XMLSchema-instance"><soap:Header><Header xmlns="www.finetre.com/webservices"><SessionId/><TransactionType>TransactionXML</TransactionType><ServiceVersion>1</ServiceVersion><RequestorId/><RequestorKey xsi:nil="true"/><ResponderId>SO</ResponderId><ResponderKey xsi:nil="true"/><RequestGUID>CB9A7BF6-ED10-49FF-AC69-F77F5C9B772C</RequestGUID><RequestSentDateTime/><RequestReceivedDateTime>2024-7-15T5:6:27</RequestReceivedDateTime><ResponseSentDateTime>2024-7-15T5:6:27</ResponseSentDateTime><ResponseReceivedDateTime>0001-01-01T00:00:00.0000000-05:00</ResponseReceivedDateTime><Extensions xsi:nil="true"/></Header></soap:Header><soap:Body><UploadResponse xmlns="www.finetre.com/webservices"><Data><Status>Success</Status><Errors xsi:nil="false"/><Extensions xsi:nil="true"/></Data></UploadResponse></soap:Body></soap:Envelope>
2024-07-15 10:52:44 INFO  Keywords:128 - InputText is called
2024-07-15 10:52:44 INFO  Keywords:286 - Waiting for webElement...gateway.username
2024-07-15 10:52:44 INFO  Keywords:290 - Element found...gateway.username
2024-07-15 10:52:44 INFO  Keywords:503 - ClearText is called
2024-07-15 10:52:44 INFO  Keywords:286 - Waiting for webElement...gateway.password
2024-07-15 10:52:44 INFO  Keywords:290 - Element found...gateway.password
2024-07-15 10:52:44 INFO  Keywords:507 - <soap:Envelope xmlns:soap="http://schemas.xmlsoap.org/soap/envelope/" xmlns:xsd="http://www.w3.org/2001/XMLSchema" xmlns:acord="http://ACORD.org/Standards/Life/2" xmlns:finetre="www.finetre.com/webservices" xmlns:user="http://www.annuitynet.com/namespace" xmlns:xsi="http://www.w3.org/2001/XMLSchema-instance"><soap:Header><Header xmlns="www.finetre.com/webservices"><SessionId/><TransactionType>TransactionXML</TransactionType><ServiceVersion>1</ServiceVersion><RequestorId/><RequestorKey xsi:nil="true"/><ResponderId>SO</ResponderId><ResponderKey xsi:nil="true"/><RequestGUID>CB9A7BF6-ED10-49FF-AC69-F77F5C9B772C</RequestGUID><RequestSentDateTime/><RequestReceivedDateTime>2024-7-15T5:6:27</RequestReceivedDateTime><ResponseSentDateTime>2024-7-15T5:6:27</ResponseSentDateTime><ResponseReceivedDateTime>0001-01-01T00:00:00.0000000-05:00</ResponseReceivedDateTime><Extensions xsi:nil="true"/></Header></soap:Header><soap:Body><UploadResponse xmlns="www.finetre.com/webservices"><Data><Status>Success</Status><Errors xsi:nil="false"/><Extensions xsi:nil="true"/></Data></UploadResponse></soap:Body></soap:Envelope>
2024-07-15 10:52:44 INFO  Keywords:128 - InputText is called
2024-07-15 10:52:44 INFO  Keywords:286 - Waiting for webElement...gateway.password
2024-07-15 10:52:44 INFO  Keywords:290 - Element found...gateway.password
2024-07-15 10:52:44 INFO  Keywords:139 - ClickOnLink is called
2024-07-15 10:52:44 INFO  Keywords:286 - Waiting for webElement...gateway.login
2024-07-15 10:52:44 INFO  Keywords:290 - Element found...gateway.login
2024-07-15 10:53:02 INFO  Keywords:139 - ClickOnLink is called
2024-07-15 10:53:02 INFO  Keywords:286 - Waiting for webElement...management
2024-07-15 10:53:02 INFO  Keywords:290 - Element found...management
2024-07-15 10:53:02 INFO  Keywords:286 - Waiting for webElement...managementTools
2024-07-15 10:53:02 INFO  Keywords:290 - Element found...managementTools
2024-07-15 10:53:03 INFO  Keywords:139 - ClickOnLink is called
2024-07-15 10:53:03 INFO  Keywords:286 - Waiting for webElement...feedManagement
2024-07-15 10:53:03 INFO  Keywords:290 - Element found...feedManagement
2024-07-15 10:53:19 INFO  Keywords:139 - ClickOnLink is called
2024-07-15 10:53:19 INFO  Keywords:286 - Waiting for webElement...searchPanel
2024-07-15 10:53:19 INFO  Keywords:290 - Element found...searchPanel
2024-07-15 10:53:19 INFO  Keywords:286 - Waiting for webElement...selectTransactionID
2024-07-15 10:53:19 INFO  Keywords:290 - Element found...selectTransactionID
2024-07-15 10:53:20 INFO  Keywords:128 - InputText is called
2024-07-15 10:53:20 INFO  Keywords:286 - Waiting for webElement...enterTransactioID
2024-07-15 10:53:20 INFO  Keywords:290 - Element found...enterTransactioID
2024-07-15 10:53:20 INFO  Keywords:139 - ClickOnLink is called
2024-07-15 10:53:20 INFO  Keywords:286 - Waiting for webElement...searchbutton
2024-07-15 10:53:20 INFO  Keywords:290 - Element found...searchbutton
2024-07-15 10:53:36 INFO  Keywords:139 - ClickOnLink is called
2024-07-15 10:53:36 INFO  Keywords:286 - Waiting for webElement...transactionSearchmyResult
2024-07-15 10:53:36 INFO  Keywords:290 - Element found...transactionSearchmyResult
2024-07-15 10:53:52 INFO  Keywords:139 - ClickOnLink is called
2024-07-15 10:53:52 INFO  Keywords:286 - Waiting for webElement...RTSMButton
2024-07-15 10:53:52 INFO  Keywords:290 - Element found...RTSMButton
2024-07-15 10:54:08 INFO  Keywords:286 - Waiting for webElement...RTSMResponseXML
2024-07-15 10:55:40 INFO  Keywords:102 - Navigate is called
2024-07-15 10:55:42 INFO  Keywords:128 - InputText is called
2024-07-15 10:55:42 INFO  Keywords:286 - Waiting for webElement...gateway.username
2024-07-15 10:55:43 INFO  Keywords:290 - Element found...gateway.username
2024-07-15 10:55:43 INFO  Keywords:128 - InputText is called
2024-07-15 10:55:43 INFO  Keywords:286 - Waiting for webElement...gateway.password
2024-07-15 10:55:43 INFO  Keywords:290 - Element found...gateway.password
2024-07-15 10:55:43 INFO  Keywords:139 - ClickOnLink is called
2024-07-15 10:55:43 INFO  Keywords:286 - Waiting for webElement...gateway.login
2024-07-15 10:55:43 INFO  Keywords:290 - Element found...gateway.login
2024-07-15 10:56:19 INFO  Keywords:139 - ClickOnLink is called
2024-07-15 10:56:19 INFO  Keywords:286 - Waiting for webElement...postsamldata
2024-07-15 10:56:19 INFO  Keywords:290 - Element found...postsamldata
2024-07-15 10:56:35 INFO  Keywords:139 - ClickOnLink is called
2024-07-15 10:56:35 INFO  Keywords:286 - Waiting for webElement...next
2024-07-15 10:56:35 INFO  Keywords:290 - Element found...next
2024-07-15 10:56:54 INFO  Keywords:128 - InputText is called
2024-07-15 10:56:54 INFO  Keywords:286 - Waiting for webElement...policyConfiguration.insuranceamount
2024-07-15 10:56:54 INFO  Keywords:290 - Element found...policyConfiguration.insuranceamount
2024-07-15 10:56:54 INFO  Keywords:286 - Waiting for webElement...policyConfiguration.LTC
2024-07-15 10:56:54 INFO  Keywords:290 - Element found...policyConfiguration.LTC
2024-07-15 10:56:54 INFO  Keywords:286 - Waiting for webElement...policyConfiguration.Benefit
2024-07-15 10:57:45 INFO  Keywords:286 - Waiting for webElement...policyConfiguration.payors
2024-07-15 10:57:45 INFO  Keywords:290 - Element found...policyConfiguration.payors
2024-07-15 10:57:45 INFO  Keywords:286 - Waiting for webElement...policyConfiguration.purposeofpolicy
2024-07-15 10:57:45 INFO  Keywords:290 - Element found...policyConfiguration.purposeofpolicy
2024-07-15 10:57:46 INFO  Keywords:139 - ClickOnLink is called
2024-07-15 10:57:46 INFO  Keywords:286 - Waiting for webElement...next
2024-07-15 10:57:46 INFO  Keywords:290 - Element found...next
2024-07-15 10:59:21 INFO  Keywords:286 - Waiting for webElement...primaryinsured.birthcountry
2024-07-15 10:59:21 INFO  Keywords:290 - Element found...primaryinsured.birthcountry
2024-07-15 10:59:21 INFO  Keywords:286 - Waiting for webElement...primaryinsured.birthstate
2024-07-15 10:59:21 INFO  Keywords:290 - Element found...primaryinsured.birthstate
2024-07-15 10:59:21 INFO  Keywords:128 - InputText is called
2024-07-15 10:59:21 INFO  Keywords:286 - Waiting for webElement...primaryinsured.birthcity
2024-07-15 10:59:32 INFO  Keywords:139 - ClickOnLink is called
2024-07-15 10:59:32 INFO  Keywords:286 - Waiting for webElement...next
2024-07-15 10:59:32 INFO  Keywords:290 - Element found...next
2024-07-15 10:59:53 INFO  Keywords:139 - ClickOnLink is called
2024-07-15 10:59:53 INFO  Keywords:286 - Waiting for webElement...next
2024-07-15 10:59:53 INFO  Keywords:290 - Element found...next
2024-07-15 11:00:13 INFO  Keywords:286 - Waiting for webElement...naturalOwner.relationwithInsured
2024-07-15 11:00:13 INFO  Keywords:290 - Element found...naturalOwner.relationwithInsured
2024-07-15 11:00:13 INFO  Keywords:286 - Waiting for webElement...naturalOwner.relationwithJointInsured
2024-07-15 11:01:04 INFO  Keywords:286 - Waiting for webElement...naturalOwner.PermamentResidentCard
2024-07-15 11:01:04 INFO  Keywords:290 - Element found...naturalOwner.PermamentResidentCard
2024-07-15 11:01:04 INFO  Keywords:128 - InputText is called
2024-07-15 11:01:04 INFO  Keywords:286 - Waiting for webElement...naturalOwner.ResidentCardIssueDAte
2024-07-15 11:01:04 INFO  Keywords:290 - Element found...naturalOwner.ResidentCardIssueDAte
2024-07-15 11:01:04 INFO  Keywords:128 - InputText is called
2024-07-15 11:01:04 INFO  Keywords:286 - Waiting for webElement...naturalOwner.ResidentCardExpireationDAte
2024-07-15 11:01:04 INFO  Keywords:290 - Element found...naturalOwner.ResidentCardExpireationDAte
2024-07-15 11:01:04 INFO  Keywords:128 - InputText is called
2024-07-15 11:01:04 INFO  Keywords:286 - Waiting for webElement...naturalOwner.USLivingYrs
2024-07-15 11:01:04 INFO  Keywords:290 - Element found...naturalOwner.USLivingYrs
2024-07-15 11:01:04 INFO  Keywords:128 - InputText is called
2024-07-15 11:01:04 INFO  Keywords:286 - Waiting for webElement...naturalOwner.USLivingMonths
2024-07-15 11:01:04 INFO  Keywords:290 - Element found...naturalOwner.USLivingMonths
2024-07-15 11:01:04 INFO  Keywords:139 - ClickOnLink is called
2024-07-15 11:01:04 INFO  Keywords:286 - Waiting for webElement...next
2024-07-15 11:01:04 INFO  Keywords:290 - Element found...next
2024-07-15 11:01:24 INFO  Keywords:286 - Waiting for webElement...financialDetails.SourceOfFundsLI
2024-07-15 11:01:24 INFO  Keywords:290 - Element found...financialDetails.SourceOfFundsLI
2024-07-15 11:01:24 INFO  Keywords:286 - Waiting for webElement...financialDetails.SurrenderChargeSOFLI
2024-07-15 11:01:24 INFO  Keywords:290 - Element found...financialDetails.SurrenderChargeSOFLI
2024-07-15 11:01:24 INFO  Keywords:286 - Waiting for webElement...financialDetails.envisiontaking
2024-07-15 11:01:24 INFO  Keywords:290 - Element found...financialDetails.envisiontaking
2024-07-15 11:01:24 INFO  Keywords:286 - Waiting for webElement...financialDetails.federalfaxbracket
2024-07-15 11:01:24 INFO  Keywords:290 - Element found...financialDetails.federalfaxbracket
2024-07-15 11:01:25 INFO  Keywords:286 - Waiting for webElement...financialDetails.riskTolerance
2024-07-15 11:01:25 INFO  Keywords:290 - Element found...financialDetails.riskTolerance
2024-07-15 11:01:25 INFO  Keywords:286 - Waiting for webElement...financialDetails.Investmentobjectives
2024-07-15 11:01:25 INFO  Keywords:290 - Element found...financialDetails.Investmentobjectives
2024-07-15 11:01:25 INFO  Keywords:286 - Waiting for webElement...financialDetails.timehorizon
2024-07-15 11:01:25 INFO  Keywords:290 - Element found...financialDetails.timehorizon
2024-07-15 11:01:25 INFO  Keywords:286 - Waiting for webElement...financialDetails.investmentexperienceFA
2024-07-15 11:01:25 INFO  Keywords:290 - Element found...financialDetails.investmentexperienceFA
2024-07-15 11:01:25 INFO  Keywords:128 - InputText is called
2024-07-15 11:01:25 INFO  Keywords:286 - Waiting for webElement...financialDetails.investmentstartyear
2024-07-15 11:01:26 INFO  Keywords:290 - Element found...financialDetails.investmentstartyear
2024-07-15 11:01:26 INFO  Keywords:128 - InputText is called
2024-07-15 11:01:26 INFO  Keywords:286 - Waiting for webElement...financialdetails.wages
2024-07-15 11:01:26 INFO  Keywords:290 - Element found...financialdetails.wages
2024-07-15 11:01:26 INFO  Keywords:128 - InputText is called
2024-07-15 11:01:26 INFO  Keywords:286 - Waiting for webElement...financialdetails.livingexpenses
2024-07-15 11:01:26 INFO  Keywords:290 - Element found...financialdetails.livingexpenses
2024-07-15 11:01:26 INFO  Keywords:128 - InputText is called
2024-07-15 11:01:26 INFO  Keywords:286 - Waiting for webElement...financialdetails.personalinvestment
2024-07-15 11:01:26 INFO  Keywords:290 - Element found...financialdetails.personalinvestment
2024-07-15 11:01:26 INFO  Keywords:128 - InputText is called
2024-07-15 11:01:26 INFO  Keywords:286 - Waiting for webElement...financialdetails.fixeddebtexpenses
2024-07-15 11:01:26 INFO  Keywords:290 - Element found...financialdetails.fixeddebtexpenses
2024-07-15 11:01:26 INFO  Keywords:128 - InputText is called
2024-07-15 11:01:26 INFO  Keywords:286 - Waiting for webElement...financialdetails.rentalincome
2024-07-15 11:01:26 INFO  Keywords:290 - Element found...financialdetails.rentalincome
2024-07-15 11:01:26 INFO  Keywords:128 - InputText is called
2024-07-15 11:01:26 INFO  Keywords:286 - Waiting for webElement...financialdetails.variabledebtexpenses
2024-07-15 11:01:26 INFO  Keywords:290 - Element found...financialdetails.variabledebtexpenses
2024-07-15 11:01:26 INFO  Keywords:128 - InputText is called
2024-07-15 11:01:26 INFO  Keywords:286 - Waiting for webElement...financialdetails.incomepension
2024-07-15 11:01:26 INFO  Keywords:290 - Element found...financialdetails.incomepension
2024-07-15 11:01:26 INFO  Keywords:128 - InputText is called
2024-07-15 11:01:26 INFO  Keywords:286 - Waiting for webElement...financialdetails.discretionaryexpenses
2024-07-15 11:01:26 INFO  Keywords:290 - Element found...financialdetails.discretionaryexpenses
2024-07-15 11:01:26 INFO  Keywords:128 - InputText is called
2024-07-15 11:01:26 INFO  Keywords:286 - Waiting for webElement...financialdetails.socialsecurityincome
2024-07-15 11:01:26 INFO  Keywords:290 - Element found...financialdetails.socialsecurityincome
2024-07-15 11:01:26 INFO  Keywords:128 - InputText is called
2024-07-15 11:01:26 INFO  Keywords:286 - Waiting for webElement...financialdetails.otherincome
2024-07-15 11:01:26 INFO  Keywords:290 - Element found...financialdetails.otherincome
2024-07-15 11:01:26 INFO  Keywords:128 - InputText is called
2024-07-15 11:01:26 INFO  Keywords:286 - Waiting for webElement...financialdetails.bonds
2024-07-15 11:01:26 INFO  Keywords:290 - Element found...financialdetails.bonds
2024-07-15 11:01:26 INFO  Keywords:128 - InputText is called
2024-07-15 11:01:26 INFO  Keywords:286 - Waiting for webElement...financialdetails.businessTrustRealstate
2024-07-15 11:01:26 INFO  Keywords:290 - Element found...financialdetails.businessTrustRealstate
2024-07-15 11:01:26 INFO  Keywords:128 - InputText is called
2024-07-15 11:01:26 INFO  Keywords:286 - Waiting for webElement...financialdetails.retirementplan
2024-07-15 11:01:26 INFO  Keywords:290 - Element found...financialdetails.retirementplan
2024-07-15 11:01:26 INFO  Keywords:128 - InputText is called
2024-07-15 11:01:26 INFO  Keywords:286 - Waiting for webElement...financialdetails.equities
2024-07-15 11:01:26 INFO  Keywords:290 - Element found...financialdetails.equities
2024-07-15 11:01:26 INFO  Keywords:128 - InputText is called
2024-07-15 11:01:26 INFO  Keywords:286 - Waiting for webElement...financialdetails.facevalueilfeinsurance
2024-07-15 11:01:26 INFO  Keywords:290 - Element found...financialdetails.facevalueilfeinsurance
2024-07-15 11:01:26 INFO  Keywords:128 - InputText is called
2024-07-15 11:01:26 INFO  Keywords:286 - Waiting for webElement...financialdetails.fixedannuity
2024-07-15 11:01:26 INFO  Keywords:290 - Element found...financialdetails.fixedannuity
2024-07-15 11:01:26 INFO  Keywords:128 - InputText is called
2024-07-15 11:01:26 INFO  Keywords:286 - Waiting for webElement...financialdetails.indexannuity
2024-07-15 11:01:26 INFO  Keywords:290 - Element found...financialdetails.indexannuity
2024-07-15 11:01:26 INFO  Keywords:128 - InputText is called
2024-07-15 11:01:26 INFO  Keywords:286 - Waiting for webElement...financialdetails.liquidnetworth
2024-07-15 11:01:26 INFO  Keywords:290 - Element found...financialdetails.liquidnetworth
2024-07-15 11:01:26 INFO  Keywords:128 - InputText is called
2024-07-15 11:01:26 INFO  Keywords:286 - Waiting for webElement...financialdetails.mutualfund
2024-07-15 11:01:26 INFO  Keywords:290 - Element found...financialdetails.mutualfund
2024-07-15 11:01:26 INFO  Keywords:128 - InputText is called
2024-07-15 11:01:26 INFO  Keywords:286 - Waiting for webElement...financialdetails.otherbrokerage
2024-07-15 11:01:26 INFO  Keywords:290 - Element found...financialdetails.otherbrokerage
2024-07-15 11:01:26 INFO  Keywords:128 - InputText is called
2024-07-15 11:01:26 INFO  Keywords:286 - Waiting for webElement...financialdetails.policypremium
2024-07-15 11:01:26 INFO  Keywords:290 - Element found...financialdetails.policypremium
2024-07-15 11:01:26 INFO  Keywords:128 - InputText is called
2024-07-15 11:01:26 INFO  Keywords:286 - Waiting for webElement...financialdetails.variableannuity
2024-07-15 11:01:26 INFO  Keywords:290 - Element found...financialdetails.variableannuity
2024-07-15 11:01:26 INFO  Keywords:128 - InputText is called
2024-07-15 11:01:26 INFO  Keywords:286 - Waiting for webElement...financialdetails.totalpremium
2024-07-15 11:01:26 INFO  Keywords:290 - Element found...financialdetails.totalpremium
2024-07-15 11:01:26 INFO  Keywords:286 - Waiting for webElement...financialdetails.anticipatedchanges
2024-07-15 11:01:26 INFO  Keywords:290 - Element found...financialdetails.anticipatedchanges
2024-07-15 11:01:26 INFO  Keywords:286 - Waiting for webElement...financialdetails.nonguaranteedelementYes
2024-07-15 11:01:26 INFO  Keywords:290 - Element found...financialdetails.nonguaranteedelementYes
2024-07-15 11:01:27 INFO  Keywords:286 - Waiting for webElement...financialdetails.reversemortgage
2024-07-15 11:01:27 INFO  Keywords:290 - Element found...financialdetails.reversemortgage
2024-07-15 11:01:27 INFO  Keywords:139 - ClickOnLink is called
2024-07-15 11:01:27 INFO  Keywords:286 - Waiting for webElement...next
2024-07-15 11:01:27 INFO  Keywords:290 - Element found...next
2024-07-15 11:01:50 INFO  Keywords:286 - Waiting for webElement...payment.modal
2024-07-15 11:01:50 INFO  Keywords:290 - Element found...payment.modal
2024-07-15 11:02:06 INFO  Keywords:286 - Waiting for webElement...payment.method
2024-07-15 11:02:06 INFO  Keywords:290 - Element found...payment.method
2024-07-15 11:02:06 INFO  Keywords:128 - InputText is called
2024-07-15 11:02:06 INFO  Keywords:286 - Waiting for webElement...payment.premium
2024-07-15 11:02:06 INFO  Keywords:290 - Element found...payment.premium
2024-07-15 11:02:06 INFO  Keywords:128 - InputText is called
2024-07-15 11:02:06 INFO  Keywords:286 - Waiting for webElement...payment.bankRouting
2024-07-15 11:02:06 INFO  Keywords:290 - Element found...payment.bankRouting
2024-07-15 11:02:06 INFO  Keywords:128 - InputText is called
2024-07-15 11:02:06 INFO  Keywords:286 - Waiting for webElement...payment.bankAccountNumber
2024-07-15 11:02:06 INFO  Keywords:290 - Element found...payment.bankAccountNumber
2024-07-15 11:02:06 INFO  Keywords:286 - Waiting for webElement...payment.AccountType
2024-07-15 11:02:06 INFO  Keywords:290 - Element found...payment.AccountType
2024-07-15 11:02:06 INFO  Keywords:139 - ClickOnLink is called
2024-07-15 11:02:06 INFO  Keywords:286 - Waiting for webElement...next
2024-07-15 11:02:06 INFO  Keywords:290 - Element found...next
2024-07-15 11:02:27 INFO  Keywords:286 - Waiting for webElement...existinginsurance.borrowingfunds
2024-07-15 11:02:27 INFO  Keywords:290 - Element found...existinginsurance.borrowingfunds
2024-07-15 11:02:27 INFO  Keywords:286 - Waiting for webElement...existinginsurance.terminatingexistinglifepolicyNo
2024-07-15 11:02:27 INFO  Keywords:290 - Element found...existinginsurance.terminatingexistinglifepolicyNo
2024-07-15 11:02:27 INFO  Keywords:286 - Waiting for webElement...existinginsurance.DisabilityPoliciesNo
2024-07-15 11:02:27 INFO  Keywords:290 - Element found...existinginsurance.DisabilityPoliciesNo
2024-07-15 11:02:28 INFO  Keywords:286 - Waiting for webElement...existinginsurance.longtermpolicyNo
2024-07-15 11:02:28 INFO  Keywords:290 - Element found...existinginsurance.longtermpolicyNo
2024-07-15 11:02:28 INFO  Keywords:286 - Waiting for webElement...existinglongterminsurance.NO
2024-07-15 11:02:28 INFO  Keywords:290 - Element found...existinglongterminsurance.NO
2024-07-15 11:02:28 INFO  Keywords:139 - ClickOnLink is called
2024-07-15 11:02:28 INFO  Keywords:286 - Waiting for webElement...next
2024-07-15 11:02:28 INFO  Keywords:290 - Element found...next
2024-07-15 11:02:47 INFO  Keywords:139 - ClickOnLink is called
2024-07-15 11:02:47 INFO  Keywords:286 - Waiting for webElement...next
2024-07-15 11:02:47 INFO  Keywords:290 - Element found...next
2024-07-15 11:03:06 INFO  Keywords:128 - InputText is called
2024-07-15 11:03:06 INFO  Keywords:286 - Waiting for webElement...additionalclientquestion.q1
2024-07-15 11:03:06 INFO  Keywords:290 - Element found...additionalclientquestion.q1
2024-07-15 11:03:06 INFO  Keywords:128 - InputText is called
2024-07-15 11:03:06 INFO  Keywords:286 - Waiting for webElement...additionalclientquestion.q2
2024-07-15 11:03:06 INFO  Keywords:290 - Element found...additionalclientquestion.q2
2024-07-15 11:03:06 INFO  Keywords:128 - InputText is called
2024-07-15 11:03:06 INFO  Keywords:286 - Waiting for webElement...additionalclientquestion.q3
2024-07-15 11:03:06 INFO  Keywords:290 - Element found...additionalclientquestion.q3
2024-07-15 11:03:06 INFO  Keywords:128 - InputText is called
2024-07-15 11:03:06 INFO  Keywords:286 - Waiting for webElement...additionalclientquestion.q4
2024-07-15 11:03:56 INFO  Keywords:128 - InputText is called
2024-07-15 11:03:56 INFO  Keywords:286 - Waiting for webElement...additionalclientquestion.q5
