2024-07-18 10:51:29 INFO  Keywords:102 - Navigate is called
2024-07-18 10:51:31 INFO  Keywords:128 - InputText is called
2024-07-18 10:51:31 INFO  Keywords:286 - Waiting for webElement...gateway.username
2024-07-18 10:51:32 INFO  Keywords:290 - Element found...gateway.username
2024-07-18 10:51:32 INFO  Keywords:128 - InputText is called
2024-07-18 10:51:32 INFO  Keywords:286 - Waiting for webElement...gateway.password
2024-07-18 10:51:32 INFO  Keywords:290 - Element found...gateway.password
2024-07-18 10:51:32 INFO  Keywords:139 - ClickOnLink is called
2024-07-18 10:51:32 INFO  Keywords:286 - Waiting for webElement...gateway.login
2024-07-18 10:51:32 INFO  Keywords:290 - Element found...gateway.login
2024-07-18 10:52:09 INFO  Keywords:139 - ClickOnLink is called
2024-07-18 10:52:09 INFO  Keywords:286 - Waiting for webElement...postsamldata
2024-07-18 10:52:09 INFO  Keywords:290 - Element found...postsamldata
2024-07-18 10:52:25 INFO  Keywords:139 - ClickOnLink is called
2024-07-18 10:52:25 INFO  Keywords:286 - Waiting for webElement...next
2024-07-18 10:52:25 INFO  Keywords:290 - Element found...next
2024-07-18 10:52:44 INFO  Keywords:128 - InputText is called
2024-07-18 10:52:44 INFO  Keywords:286 - Waiting for webElement...policyConfiguration.insuranceamount
2024-07-18 10:52:44 INFO  Keywords:290 - Element found...policyConfiguration.insuranceamount
2024-07-18 10:52:44 INFO  Keywords:286 - Waiting for webElement...policyConfiguration.LTC
2024-07-18 10:52:44 INFO  Keywords:290 - Element found...policyConfiguration.LTC
2024-07-18 10:52:45 INFO  Keywords:286 - Waiting for webElement...policyConfiguration.Benefit
2024-07-18 10:53:35 INFO  Keywords:286 - Waiting for webElement...policyConfiguration.payors
2024-07-18 10:53:35 INFO  Keywords:290 - Element found...policyConfiguration.payors
2024-07-18 10:53:35 INFO  Keywords:286 - Waiting for webElement...policyConfiguration.purposeofpolicy
2024-07-18 10:53:35 INFO  Keywords:290 - Element found...policyConfiguration.purposeofpolicy
2024-07-18 10:53:36 INFO  Keywords:139 - ClickOnLink is called
2024-07-18 10:53:36 INFO  Keywords:286 - Waiting for webElement...next
2024-07-18 10:53:36 INFO  Keywords:290 - Element found...next
2024-07-18 10:55:11 INFO  Keywords:286 - Waiting for webElement...primaryinsured.birthcountry
2024-07-18 10:55:11 INFO  Keywords:290 - Element found...primaryinsured.birthcountry
2024-07-18 10:55:11 INFO  Keywords:286 - Waiting for webElement...primaryinsured.birthstate
2024-07-18 10:55:11 INFO  Keywords:290 - Element found...primaryinsured.birthstate
2024-07-18 10:55:11 INFO  Keywords:128 - InputText is called
2024-07-18 10:55:11 INFO  Keywords:286 - Waiting for webElement...primaryinsured.birthcity
2024-07-18 10:55:22 INFO  Keywords:139 - ClickOnLink is called
2024-07-18 10:55:22 INFO  Keywords:286 - Waiting for webElement...next
2024-07-18 10:55:22 INFO  Keywords:290 - Element found...next
2024-07-18 10:55:42 INFO  Keywords:139 - ClickOnLink is called
2024-07-18 10:55:42 INFO  Keywords:286 - Waiting for webElement...next
2024-07-18 10:55:42 INFO  Keywords:290 - Element found...next
2024-07-18 10:56:01 INFO  Keywords:286 - Waiting for webElement...jointInsured.birthCountry
2024-07-18 10:56:01 INFO  Keywords:290 - Element found...jointInsured.birthCountry
2024-07-18 10:56:01 INFO  Keywords:286 - Waiting for webElement...jointInsured.birthState
2024-07-18 10:56:01 INFO  Keywords:290 - Element found...jointInsured.birthState
2024-07-18 10:56:01 INFO  Keywords:128 - InputText is called
2024-07-18 10:56:01 INFO  Keywords:286 - Waiting for webElement...jointInsured.birthCity
2024-07-18 10:56:11 INFO  Keywords:139 - ClickOnLink is called
2024-07-18 10:56:11 INFO  Keywords:286 - Waiting for webElement...next
2024-07-18 10:56:11 INFO  Keywords:290 - Element found...next
2024-07-18 10:56:31 INFO  Keywords:286 - Waiting for webElement...naturalOwner.relationwithInsured
2024-07-18 10:56:31 INFO  Keywords:290 - Element found...naturalOwner.relationwithInsured
2024-07-18 10:56:31 INFO  Keywords:286 - Waiting for webElement...naturalOwner.relationwithJointInsured
2024-07-18 10:56:31 INFO  Keywords:290 - Element found...naturalOwner.relationwithJointInsured
2024-07-18 10:56:32 INFO  Keywords:139 - ClickOnLink is called
2024-07-18 10:56:32 INFO  Keywords:286 - Waiting for webElement...next
2024-07-18 10:56:32 INFO  Keywords:290 - Element found...next
2024-07-18 10:56:51 INFO  Keywords:286 - Waiting for webElement...financialDetails.SourceOfFundsLI
2024-07-18 10:56:52 INFO  Keywords:290 - Element found...financialDetails.SourceOfFundsLI
2024-07-18 10:56:52 INFO  Keywords:286 - Waiting for webElement...financialDetails.SurrenderChargeSOFLI
2024-07-18 10:56:52 INFO  Keywords:290 - Element found...financialDetails.SurrenderChargeSOFLI
2024-07-18 10:56:52 INFO  Keywords:286 - Waiting for webElement...financialDetails.envisiontaking
2024-07-18 10:56:52 INFO  Keywords:290 - Element found...financialDetails.envisiontaking
2024-07-18 10:56:52 INFO  Keywords:286 - Waiting for webElement...financialDetails.federalfaxbracket
2024-07-18 10:56:52 INFO  Keywords:290 - Element found...financialDetails.federalfaxbracket
2024-07-18 10:56:52 INFO  Keywords:286 - Waiting for webElement...financialDetails.riskTolerance
2024-07-18 10:56:53 INFO  Keywords:290 - Element found...financialDetails.riskTolerance
2024-07-18 10:56:53 INFO  Keywords:286 - Waiting for webElement...financialDetails.Investmentobjectives
2024-07-18 10:56:53 INFO  Keywords:290 - Element found...financialDetails.Investmentobjectives
2024-07-18 10:56:53 INFO  Keywords:286 - Waiting for webElement...financialDetails.timehorizon
2024-07-18 10:56:53 INFO  Keywords:290 - Element found...financialDetails.timehorizon
2024-07-18 10:56:53 INFO  Keywords:286 - Waiting for webElement...financialDetails.investmentexperienceFA
2024-07-18 10:56:53 INFO  Keywords:290 - Element found...financialDetails.investmentexperienceFA
2024-07-18 10:56:53 INFO  Keywords:128 - InputText is called
2024-07-18 10:56:53 INFO  Keywords:286 - Waiting for webElement...financialDetails.investmentstartyear
2024-07-18 10:56:53 INFO  Keywords:290 - Element found...financialDetails.investmentstartyear
2024-07-18 10:56:53 INFO  Keywords:128 - InputText is called
2024-07-18 10:56:53 INFO  Keywords:286 - Waiting for webElement...financialdetails.wages
2024-07-18 10:56:54 INFO  Keywords:290 - Element found...financialdetails.wages
2024-07-18 10:56:54 INFO  Keywords:128 - InputText is called
2024-07-18 10:56:54 INFO  Keywords:286 - Waiting for webElement...financialdetails.livingexpenses
2024-07-18 10:56:54 INFO  Keywords:290 - Element found...financialdetails.livingexpenses
2024-07-18 10:56:54 INFO  Keywords:128 - InputText is called
2024-07-18 10:56:54 INFO  Keywords:286 - Waiting for webElement...financialdetails.personalinvestment
2024-07-18 10:56:54 INFO  Keywords:290 - Element found...financialdetails.personalinvestment
2024-07-18 10:56:54 INFO  Keywords:128 - InputText is called
2024-07-18 10:56:54 INFO  Keywords:286 - Waiting for webElement...financialdetails.fixeddebtexpenses
2024-07-18 10:56:54 INFO  Keywords:290 - Element found...financialdetails.fixeddebtexpenses
2024-07-18 10:56:54 INFO  Keywords:128 - InputText is called
2024-07-18 10:56:54 INFO  Keywords:286 - Waiting for webElement...financialdetails.rentalincome
2024-07-18 10:56:54 INFO  Keywords:290 - Element found...financialdetails.rentalincome
2024-07-18 10:56:54 INFO  Keywords:128 - InputText is called
2024-07-18 10:56:54 INFO  Keywords:286 - Waiting for webElement...financialdetails.variabledebtexpenses
2024-07-18 10:56:54 INFO  Keywords:290 - Element found...financialdetails.variabledebtexpenses
2024-07-18 10:56:54 INFO  Keywords:128 - InputText is called
2024-07-18 10:56:54 INFO  Keywords:286 - Waiting for webElement...financialdetails.incomepension
2024-07-18 10:56:54 INFO  Keywords:290 - Element found...financialdetails.incomepension
2024-07-18 10:56:54 INFO  Keywords:128 - InputText is called
2024-07-18 10:56:54 INFO  Keywords:286 - Waiting for webElement...financialdetails.discretionaryexpenses
2024-07-18 10:56:54 INFO  Keywords:290 - Element found...financialdetails.discretionaryexpenses
2024-07-18 10:56:54 INFO  Keywords:128 - InputText is called
2024-07-18 10:56:54 INFO  Keywords:286 - Waiting for webElement...financialdetails.socialsecurityincome
2024-07-18 10:56:54 INFO  Keywords:290 - Element found...financialdetails.socialsecurityincome
2024-07-18 10:56:54 INFO  Keywords:128 - InputText is called
2024-07-18 10:56:54 INFO  Keywords:286 - Waiting for webElement...financialdetails.otherincome
2024-07-18 10:56:54 INFO  Keywords:290 - Element found...financialdetails.otherincome
2024-07-18 10:56:54 INFO  Keywords:128 - InputText is called
2024-07-18 10:56:54 INFO  Keywords:286 - Waiting for webElement...financialdetails.bonds
2024-07-18 10:56:54 INFO  Keywords:290 - Element found...financialdetails.bonds
2024-07-18 10:56:54 INFO  Keywords:128 - InputText is called
2024-07-18 10:56:54 INFO  Keywords:286 - Waiting for webElement...financialdetails.businessTrustRealstate
2024-07-18 10:56:54 INFO  Keywords:290 - Element found...financialdetails.businessTrustRealstate
2024-07-18 10:56:54 INFO  Keywords:128 - InputText is called
2024-07-18 10:56:54 INFO  Keywords:286 - Waiting for webElement...financialdetails.retirementplan
2024-07-18 10:56:54 INFO  Keywords:290 - Element found...financialdetails.retirementplan
2024-07-18 10:56:54 INFO  Keywords:128 - InputText is called
2024-07-18 10:56:54 INFO  Keywords:286 - Waiting for webElement...financialdetails.equities
2024-07-18 10:56:54 INFO  Keywords:290 - Element found...financialdetails.equities
2024-07-18 10:56:54 INFO  Keywords:128 - InputText is called
2024-07-18 10:56:54 INFO  Keywords:286 - Waiting for webElement...financialdetails.facevalueilfeinsurance
2024-07-18 10:56:54 INFO  Keywords:290 - Element found...financialdetails.facevalueilfeinsurance
2024-07-18 10:56:54 INFO  Keywords:128 - InputText is called
2024-07-18 10:56:54 INFO  Keywords:286 - Waiting for webElement...financialdetails.fixedannuity
2024-07-18 10:56:54 INFO  Keywords:290 - Element found...financialdetails.fixedannuity
2024-07-18 10:56:54 INFO  Keywords:128 - InputText is called
2024-07-18 10:56:54 INFO  Keywords:286 - Waiting for webElement...financialdetails.indexannuity
2024-07-18 10:56:54 INFO  Keywords:290 - Element found...financialdetails.indexannuity
2024-07-18 10:56:54 INFO  Keywords:128 - InputText is called
2024-07-18 10:56:54 INFO  Keywords:286 - Waiting for webElement...financialdetails.liquidnetworth
2024-07-18 10:56:54 INFO  Keywords:290 - Element found...financialdetails.liquidnetworth
2024-07-18 10:56:54 INFO  Keywords:128 - InputText is called
2024-07-18 10:56:54 INFO  Keywords:286 - Waiting for webElement...financialdetails.mutualfund
2024-07-18 10:56:54 INFO  Keywords:290 - Element found...financialdetails.mutualfund
2024-07-18 10:56:54 INFO  Keywords:128 - InputText is called
2024-07-18 10:56:54 INFO  Keywords:286 - Waiting for webElement...financialdetails.otherbrokerage
2024-07-18 10:56:54 INFO  Keywords:290 - Element found...financialdetails.otherbrokerage
2024-07-18 10:56:54 INFO  Keywords:128 - InputText is called
2024-07-18 10:56:54 INFO  Keywords:286 - Waiting for webElement...financialdetails.policypremium
2024-07-18 10:56:54 INFO  Keywords:290 - Element found...financialdetails.policypremium
2024-07-18 10:56:54 INFO  Keywords:128 - InputText is called
2024-07-18 10:56:54 INFO  Keywords:286 - Waiting for webElement...financialdetails.variableannuity
2024-07-18 10:56:54 INFO  Keywords:290 - Element found...financialdetails.variableannuity
2024-07-18 10:56:54 INFO  Keywords:128 - InputText is called
2024-07-18 10:56:54 INFO  Keywords:286 - Waiting for webElement...financialdetails.totalpremium
2024-07-18 10:56:54 INFO  Keywords:290 - Element found...financialdetails.totalpremium
2024-07-18 10:56:54 INFO  Keywords:286 - Waiting for webElement...financialdetails.anticipatedchanges
2024-07-18 10:56:54 INFO  Keywords:290 - Element found...financialdetails.anticipatedchanges
2024-07-18 10:56:55 INFO  Keywords:286 - Waiting for webElement...financialdetails.nonguaranteedelementYes
2024-07-18 10:56:55 INFO  Keywords:290 - Element found...financialdetails.nonguaranteedelementYes
2024-07-18 10:56:55 INFO  Keywords:286 - Waiting for webElement...financialdetails.reversemortgage
2024-07-18 10:56:55 INFO  Keywords:290 - Element found...financialdetails.reversemortgage
2024-07-18 10:56:55 INFO  Keywords:139 - ClickOnLink is called
2024-07-18 10:56:55 INFO  Keywords:286 - Waiting for webElement...next
2024-07-18 10:56:55 INFO  Keywords:290 - Element found...next
2024-07-18 10:57:16 INFO  Keywords:286 - Waiting for webElement...payment.modal
2024-07-18 10:57:16 INFO  Keywords:290 - Element found...payment.modal
2024-07-18 10:57:33 INFO  Keywords:286 - Waiting for webElement...payment.method
2024-07-18 10:57:33 INFO  Keywords:290 - Element found...payment.method
2024-07-18 10:57:33 INFO  Keywords:128 - InputText is called
2024-07-18 10:57:33 INFO  Keywords:286 - Waiting for webElement...payment.premium
2024-07-18 10:57:33 INFO  Keywords:290 - Element found...payment.premium
2024-07-18 10:57:33 INFO  Keywords:139 - ClickOnLink is called
2024-07-18 10:57:33 INFO  Keywords:286 - Waiting for webElement...next
2024-07-18 10:57:33 INFO  Keywords:290 - Element found...next
2024-07-18 10:57:54 INFO  Keywords:286 - Waiting for webElement...existinginsurance.borrowingfunds
2024-07-18 10:57:54 INFO  Keywords:290 - Element found...existinginsurance.borrowingfunds
2024-07-18 10:57:54 INFO  Keywords:286 - Waiting for webElement...existinginsurance.terminatingexistinglifepolicy
2024-07-18 10:57:54 INFO  Keywords:290 - Element found...existinginsurance.terminatingexistinglifepolicy
2024-07-18 10:57:55 INFO  Keywords:286 - Waiting for webElement...existinginsurance.longtermcoverage
2024-07-18 10:57:55 INFO  Keywords:290 - Element found...existinginsurance.longtermcoverage
2024-07-18 10:57:55 INFO  Keywords:286 - Waiting for webElement...existanceterminating.InsuranceCompanyName
2024-07-18 10:57:55 INFO  Keywords:290 - Element found...existanceterminating.InsuranceCompanyName
2024-07-18 10:57:56 INFO  Keywords:128 - InputText is called
2024-07-18 10:57:56 INFO  Keywords:286 - Waiting for webElement...existanceterminating.ProductName
2024-07-18 10:57:56 INFO  Keywords:290 - Element found...existanceterminating.ProductName
2024-07-18 10:57:56 INFO  Keywords:128 - InputText is called
2024-07-18 10:57:56 INFO  Keywords:286 - Waiting for webElement...existanceterminating.Insured
2024-07-18 10:57:56 INFO  Keywords:290 - Element found...existanceterminating.Insured
2024-07-18 10:57:56 INFO  Keywords:128 - InputText is called
2024-07-18 10:57:56 INFO  Keywords:286 - Waiting for webElement...existanceterminating.Owner
2024-07-18 10:57:56 INFO  Keywords:290 - Element found...existanceterminating.Owner
2024-07-18 10:57:56 INFO  Keywords:128 - InputText is called
2024-07-18 10:57:56 INFO  Keywords:286 - Waiting for webElement...existanceterminating.DateIssued
2024-07-18 10:57:56 INFO  Keywords:290 - Element found...existanceterminating.DateIssued
2024-07-18 10:57:56 INFO  Keywords:128 - InputText is called
2024-07-18 10:57:56 INFO  Keywords:286 - Waiting for webElement...existanceterminating.AmountOfInsurance
2024-07-18 10:57:56 INFO  Keywords:290 - Element found...existanceterminating.AmountOfInsurance
2024-07-18 10:57:56 INFO  Keywords:286 - Waiting for webElement...existanceterminating.ExistingInsuranceType
2024-07-18 10:57:56 INFO  Keywords:290 - Element found...existanceterminating.ExistingInsuranceType
2024-07-18 10:57:56 INFO  Keywords:286 - Waiting for webElement...existanceterminating.ProductType
2024-07-18 10:57:56 INFO  Keywords:290 - Element found...existanceterminating.ProductType
2024-07-18 10:57:56 INFO  Keywords:286 - Waiting for webElement...existanceterminating.LifeProductType
2024-07-18 10:57:56 INFO  Keywords:290 - Element found...existanceterminating.LifeProductType
2024-07-18 10:57:57 INFO  Keywords:128 - InputText is called
2024-07-18 10:57:57 INFO  Keywords:286 - Waiting for webElement...existanceterminating.PolicyNo
2024-07-18 10:57:57 INFO  Keywords:290 - Element found...existanceterminating.PolicyNo
2024-07-18 10:57:57 INFO  Keywords:286 - Waiting for webElement...existanceterminating.PurposeOfPolicy
2024-07-18 10:57:57 INFO  Keywords:290 - Element found...existanceterminating.PurposeOfPolicy
2024-07-18 10:57:57 INFO  Keywords:286 - Waiting for webElement...existanceterminating.FundsNewPolicy
2024-07-18 10:57:57 INFO  Keywords:290 - Element found...existanceterminating.FundsNewPolicy
2024-07-18 10:57:57 INFO  Keywords:286 - Waiting for webElement...existanceterminating.ReplacingNewPolicy
2024-07-18 10:57:57 INFO  Keywords:290 - Element found...existanceterminating.ReplacingNewPolicy
2024-07-18 10:57:57 INFO  Keywords:286 - Waiting for webElement...existanceterminating.ReplacementThType
2024-07-18 10:57:57 INFO  Keywords:290 - Element found...existanceterminating.ReplacementThType
2024-07-18 10:57:58 INFO  Keywords:286 - Waiting for webElement...existanceterminating.1035ThExchange
2024-07-18 10:57:58 INFO  Keywords:290 - Element found...existanceterminating.1035ThExchange
2024-07-18 10:57:58 INFO  Keywords:128 - InputText is called
2024-07-18 10:57:58 INFO  Keywords:286 - Waiting for webElement...existanceterminating.ReasonReplacement
2024-07-18 10:57:58 INFO  Keywords:290 - Element found...existanceterminating.ReasonReplacement
2024-07-18 10:57:58 INFO  Keywords:128 - InputText is called
2024-07-18 10:57:58 INFO  Keywords:286 - Waiting for webElement...existanceterminating.NoOfPolicy
2024-07-18 10:57:58 INFO  Keywords:290 - Element found...existanceterminating.NoOfPolicy
2024-07-18 10:57:58 INFO  Keywords:128 - InputText is called
2024-07-18 10:57:58 INFO  Keywords:286 - Waiting for webElement...existanceterminating.PremiumPayment
2024-07-18 10:57:58 INFO  Keywords:290 - Element found...existanceterminating.PremiumPayment
2024-07-18 10:57:58 INFO  Keywords:128 - InputText is called
2024-07-18 10:57:58 INFO  Keywords:286 - Waiting for webElement...existanceterminating.FrequencyPremium
2024-07-18 10:57:58 INFO  Keywords:290 - Element found...existanceterminating.FrequencyPremium
2024-07-18 10:57:58 INFO  Keywords:128 - InputText is called
2024-07-18 10:57:58 INFO  Keywords:286 - Waiting for webElement...existanceterminating.AmountBeingExchanged
2024-07-18 10:57:58 INFO  Keywords:290 - Element found...existanceterminating.AmountBeingExchanged
2024-07-18 10:57:58 INFO  Keywords:128 - InputText is called
2024-07-18 10:57:58 INFO  Keywords:286 - Waiting for webElement...existanceterminating.SurrenderCharge
2024-07-18 10:57:58 INFO  Keywords:290 - Element found...existanceterminating.SurrenderCharge
2024-07-18 10:57:58 INFO  Keywords:128 - InputText is called
2024-07-18 10:57:58 INFO  Keywords:286 - Waiting for webElement...existanceterminating.DeathBenefit
2024-07-18 10:57:58 INFO  Keywords:290 - Element found...existanceterminating.DeathBenefit
2024-07-18 10:57:58 INFO  Keywords:128 - InputText is called
2024-07-18 10:57:58 INFO  Keywords:286 - Waiting for webElement...existanceterminating.SpecialFeatures
2024-07-18 10:57:58 INFO  Keywords:290 - Element found...existanceterminating.SpecialFeatures
2024-07-18 10:57:58 INFO  Keywords:286 - Waiting for webElement...existinginsurance.longtermpolicyYes
2024-07-18 10:57:58 INFO  Keywords:290 - Element found...existinginsurance.longtermpolicyYes
2024-07-18 10:57:58 INFO  Keywords:128 - InputText is called
2024-07-18 10:57:58 INFO  Keywords:286 - Waiting for webElement...existinglongtermpolicy.InsuranceName
2024-07-18 10:57:58 INFO  Keywords:290 - Element found...existinglongtermpolicy.InsuranceName
2024-07-18 10:57:58 INFO  Keywords:128 - InputText is called
2024-07-18 10:57:58 INFO  Keywords:286 - Waiting for webElement...existinglongtermpolicy.policyCertificateNumber
2024-07-18 10:57:58 INFO  Keywords:290 - Element found...existinglongtermpolicy.policyCertificateNumber
2024-07-18 10:57:59 INFO  Keywords:128 - InputText is called
2024-07-18 10:57:59 INFO  Keywords:286 - Waiting for webElement...existinglongtermpolicy.ProductName
2024-07-18 10:57:59 INFO  Keywords:290 - Element found...existinglongtermpolicy.ProductName
2024-07-18 10:57:59 INFO  Keywords:286 - Waiting for webElement...existinglongtermpolicy.ProductType
2024-07-18 10:57:59 INFO  Keywords:290 - Element found...existinglongtermpolicy.ProductType
2024-07-18 10:57:59 INFO  Keywords:128 - InputText is called
2024-07-18 10:57:59 INFO  Keywords:286 - Waiting for webElement...existinglongtermpolicy.Insured
2024-07-18 10:57:59 INFO  Keywords:290 - Element found...existinglongtermpolicy.Insured
2024-07-18 10:57:59 INFO  Keywords:128 - InputText is called
2024-07-18 10:57:59 INFO  Keywords:286 - Waiting for webElement...existinglongtermpolicy.Owner
2024-07-18 10:57:59 INFO  Keywords:290 - Element found...existinglongtermpolicy.Owner
2024-07-18 10:57:59 INFO  Keywords:128 - InputText is called
2024-07-18 10:57:59 INFO  Keywords:286 - Waiting for webElement...existinglongtermpolicy.DailyBenefit
2024-07-18 10:57:59 INFO  Keywords:290 - Element found...existinglongtermpolicy.DailyBenefit
2024-07-18 10:57:59 INFO  Keywords:128 - InputText is called
2024-07-18 10:57:59 INFO  Keywords:286 - Waiting for webElement...existinglongtermpolicy.AmountOfInsurance
2024-07-18 10:57:59 INFO  Keywords:290 - Element found...existinglongtermpolicy.AmountOfInsurance
2024-07-18 10:57:59 INFO  Keywords:128 - InputText is called
2024-07-18 10:57:59 INFO  Keywords:286 - Waiting for webElement...existinglongtermpolicy.benefitAmount
2024-07-18 10:57:59 INFO  Keywords:290 - Element found...existinglongtermpolicy.benefitAmount
2024-07-18 10:57:59 INFO  Keywords:128 - InputText is called
2024-07-18 10:57:59 INFO  Keywords:286 - Waiting for webElement...existinglongtermpolicy.benefitPeriod
2024-07-18 10:57:59 INFO  Keywords:290 - Element found...existinglongtermpolicy.benefitPeriod
2024-07-18 10:57:59 INFO  Keywords:286 - Waiting for webElement...existinginsurance.longterminsuranceYes
2024-07-18 10:57:59 INFO  Keywords:290 - Element found...existinginsurance.longterminsuranceYes
2024-07-18 10:57:59 INFO  Keywords:128 - InputText is called
2024-07-18 10:57:59 INFO  Keywords:286 - Waiting for webElement...existinglongterminsurance.InsuranceCompany
2024-07-18 10:57:59 INFO  Keywords:290 - Element found...existinglongterminsurance.InsuranceCompany
2024-07-18 10:57:59 INFO  Keywords:128 - InputText is called
2024-07-18 10:57:59 INFO  Keywords:286 - Waiting for webElement...existinglongterminsurance.Certificate
2024-07-18 10:57:59 INFO  Keywords:290 - Element found...existinglongterminsurance.Certificate
2024-07-18 10:57:59 INFO  Keywords:128 - InputText is called
2024-07-18 10:57:59 INFO  Keywords:286 - Waiting for webElement...existinglongterminsurance.LTCBenefit
2024-07-18 10:57:59 INFO  Keywords:290 - Element found...existinglongterminsurance.LTCBenefit
2024-07-18 10:57:59 INFO  Keywords:128 - InputText is called
2024-07-18 10:57:59 INFO  Keywords:286 - Waiting for webElement...existinglongterminsurance.IssueDate
2024-07-18 10:57:59 INFO  Keywords:290 - Element found...existinglongterminsurance.IssueDate
2024-07-18 10:57:59 INFO  Keywords:128 - InputText is called
2024-07-18 10:57:59 INFO  Keywords:286 - Waiting for webElement...existinglongterminsurance.LapseDate
2024-07-18 10:57:59 INFO  Keywords:290 - Element found...existinglongterminsurance.LapseDate
2024-07-18 10:57:59 INFO  Keywords:139 - ClickOnLink is called
2024-07-18 10:57:59 INFO  Keywords:286 - Waiting for webElement...next
2024-07-18 10:57:59 INFO  Keywords:290 - Element found...next
2024-07-18 10:58:18 INFO  Keywords:139 - ClickOnLink is called
2024-07-18 10:58:18 INFO  Keywords:286 - Waiting for webElement...next
2024-07-18 10:58:18 INFO  Keywords:290 - Element found...next
2024-07-18 10:58:37 INFO  Keywords:128 - InputText is called
2024-07-18 10:58:37 INFO  Keywords:286 - Waiting for webElement...additionalclientquestion.q1
2024-07-18 10:58:37 INFO  Keywords:290 - Element found...additionalclientquestion.q1
2024-07-18 10:58:37 INFO  Keywords:128 - InputText is called
2024-07-18 10:58:37 INFO  Keywords:286 - Waiting for webElement...additionalclientquestion.q2
2024-07-18 10:58:37 INFO  Keywords:290 - Element found...additionalclientquestion.q2
2024-07-18 10:58:37 INFO  Keywords:128 - InputText is called
2024-07-18 10:58:37 INFO  Keywords:286 - Waiting for webElement...additionalclientquestion.q3
2024-07-18 10:58:37 INFO  Keywords:290 - Element found...additionalclientquestion.q3
2024-07-18 10:58:37 INFO  Keywords:128 - InputText is called
2024-07-18 10:58:37 INFO  Keywords:286 - Waiting for webElement...additionalclientquestion.q4
2024-07-18 10:59:28 INFO  Keywords:128 - InputText is called
2024-07-18 10:59:28 INFO  Keywords:286 - Waiting for webElement...additionalclientquestion.q5
2024-07-18 11:00:18 INFO  Keywords:489 - GetText is called
2024-07-18 11:00:18 INFO  Keywords:286 - Waiting for webElement...ebixTxnID
2024-07-18 11:00:18 INFO  Keywords:290 - Element found...ebixTxnID
2024-07-18 11:00:18 INFO  Keywords:493 - LinkId: 533338
2024-07-18 11:00:18 INFO  Keywords:537 - LinkId: 533338
2024-07-18 11:00:18 INFO  Keywords:489 - GetText is called
2024-07-18 11:00:18 INFO  Keywords:286 - Waiting for webElement...ebixTxnID
2024-07-18 11:00:18 INFO  Keywords:290 - Element found...ebixTxnID
2024-07-18 11:00:18 INFO  Keywords:493 - LinkId: 533338
2024-07-18 11:00:18 INFO  Keywords:139 - ClickOnLink is called
2024-07-18 11:00:18 INFO  Keywords:286 - Waiting for webElement...next
2024-07-18 11:00:18 INFO  Keywords:290 - Element found...next
2024-07-18 11:00:36 INFO  Keywords:139 - ClickOnLink is called
2024-07-18 11:00:36 INFO  Keywords:286 - Waiting for webElement...validate.button
2024-07-18 11:00:36 INFO  Keywords:290 - Element found...validate.button
2024-07-18 11:01:09 INFO  Keywords:139 - ClickOnLink is called
2024-07-18 11:01:09 INFO  Keywords:286 - Waiting for webElement...notification.continue
2024-07-18 11:01:09 INFO  Keywords:290 - Element found...notification.continue
2024-07-18 11:01:25 INFO  Keywords:139 - ClickOnLink is called
2024-07-18 11:01:25 INFO  Keywords:286 - Waiting for webElement...esignature.optout
2024-07-18 11:01:25 INFO  Keywords:290 - Element found...esignature.optout
2024-07-18 11:02:55 INFO  Keywords:151 - VerifyText is called
2024-07-18 11:02:55 INFO  Keywords:286 - Waiting for webElement...WebElement
2024-07-18 11:02:55 INFO  Keywords:139 - ClickOnLink is called
2024-07-18 11:02:55 INFO  Keywords:286 - Waiting for webElement...attachment
2024-07-18 11:02:55 INFO  Keywords:290 - Element found...attachment
2024-07-18 11:02:56 INFO  Keywords:286 - Waiting for webElement...attachment.documenttype
2024-07-18 11:02:57 INFO  Keywords:290 - Element found...attachment.documenttype
2024-07-18 11:02:57 INFO  Keywords:128 - InputText is called
2024-07-18 11:02:57 INFO  Keywords:286 - Waiting for webElement...attachment.choosefile
2024-07-18 11:02:57 INFO  Keywords:290 - Element found...attachment.choosefile
2024-07-18 11:02:57 INFO  Keywords:139 - ClickOnLink is called
2024-07-18 11:02:57 INFO  Keywords:286 - Waiting for webElement...attachment.upload
2024-07-18 11:02:57 INFO  Keywords:290 - Element found...attachment.upload
2024-07-18 11:03:14 INFO  Keywords:139 - ClickOnLink is called
2024-07-18 11:03:14 INFO  Keywords:286 - Waiting for webElement...RequestSignatures
2024-07-18 11:03:14 INFO  Keywords:290 - Element found...RequestSignatures
2024-07-18 11:03:33 INFO  Keywords:286 - Waiting for webElement...attachment.documenttype
2024-07-18 11:03:33 INFO  Keywords:290 - Element found...attachment.documenttype
2024-07-18 11:03:33 INFO  Keywords:128 - InputText is called
2024-07-18 11:03:33 INFO  Keywords:286 - Waiting for webElement...attachment.choosefile
2024-07-18 11:03:33 INFO  Keywords:290 - Element found...attachment.choosefile
2024-07-18 11:03:33 INFO  Keywords:139 - ClickOnLink is called
2024-07-18 11:03:33 INFO  Keywords:286 - Waiting for webElement...attachment.upload
2024-07-18 11:03:33 INFO  Keywords:290 - Element found...attachment.upload
2024-07-18 11:03:51 INFO  Keywords:139 - ClickOnLink is called
2024-07-18 11:03:51 INFO  Keywords:286 - Waiting for webElement...SubmitButton
2024-07-18 11:03:51 INFO  Keywords:290 - Element found...SubmitButton
2024-07-18 11:05:26 INFO  Keywords:435 - switching to parent window...
2024-07-18 11:05:26 INFO  Keywords:102 - Navigate is called
2024-07-18 11:05:27 INFO  Keywords:503 - ClearText is called
2024-07-18 11:05:27 INFO  Keywords:286 - Waiting for webElement...gateway.username
2024-07-18 11:05:27 INFO  Keywords:290 - Element found...gateway.username
2024-07-18 11:05:27 INFO  Keywords:507 - LinkId: 533338
2024-07-18 11:05:27 INFO  Keywords:128 - InputText is called
2024-07-18 11:05:27 INFO  Keywords:286 - Waiting for webElement...gateway.username
2024-07-18 11:05:27 INFO  Keywords:290 - Element found...gateway.username
2024-07-18 11:05:27 INFO  Keywords:503 - ClearText is called
2024-07-18 11:05:27 INFO  Keywords:286 - Waiting for webElement...gateway.password
2024-07-18 11:05:27 INFO  Keywords:290 - Element found...gateway.password
2024-07-18 11:05:27 INFO  Keywords:507 - LinkId: 533338
2024-07-18 11:05:27 INFO  Keywords:128 - InputText is called
2024-07-18 11:05:27 INFO  Keywords:286 - Waiting for webElement...gateway.password
2024-07-18 11:05:27 INFO  Keywords:290 - Element found...gateway.password
2024-07-18 11:05:27 INFO  Keywords:139 - ClickOnLink is called
2024-07-18 11:05:27 INFO  Keywords:286 - Waiting for webElement...gateway.login
2024-07-18 11:05:27 INFO  Keywords:290 - Element found...gateway.login
2024-07-18 11:05:44 INFO  Keywords:139 - ClickOnLink is called
2024-07-18 11:05:44 INFO  Keywords:286 - Waiting for webElement...management
2024-07-18 11:05:44 INFO  Keywords:290 - Element found...management
2024-07-18 11:05:44 INFO  Keywords:286 - Waiting for webElement...managementTools
2024-07-18 11:05:44 INFO  Keywords:290 - Element found...managementTools
2024-07-18 11:05:45 INFO  Keywords:139 - ClickOnLink is called
2024-07-18 11:05:45 INFO  Keywords:286 - Waiting for webElement...feedManagement
2024-07-18 11:05:45 INFO  Keywords:290 - Element found...feedManagement
2024-07-18 11:06:02 INFO  Keywords:139 - ClickOnLink is called
2024-07-18 11:06:02 INFO  Keywords:286 - Waiting for webElement...searchPanel
2024-07-18 11:06:02 INFO  Keywords:290 - Element found...searchPanel
2024-07-18 11:06:02 INFO  Keywords:286 - Waiting for webElement...selectTransactionID
2024-07-18 11:06:02 INFO  Keywords:290 - Element found...selectTransactionID
2024-07-18 11:06:02 INFO  Keywords:128 - InputText is called
2024-07-18 11:06:02 INFO  Keywords:286 - Waiting for webElement...enterTransactioID
2024-07-18 11:06:02 INFO  Keywords:290 - Element found...enterTransactioID
2024-07-18 11:06:02 INFO  Keywords:139 - ClickOnLink is called
2024-07-18 11:06:02 INFO  Keywords:286 - Waiting for webElement...searchbutton
2024-07-18 11:06:02 INFO  Keywords:290 - Element found...searchbutton
2024-07-18 11:06:18 INFO  Keywords:139 - ClickOnLink is called
2024-07-18 11:06:18 INFO  Keywords:286 - Waiting for webElement...transactionSearchmyResult
2024-07-18 11:06:18 INFO  Keywords:290 - Element found...transactionSearchmyResult
2024-07-18 11:06:35 INFO  Keywords:139 - ClickOnLink is called
2024-07-18 11:06:35 INFO  Keywords:286 - Waiting for webElement...onenotThree
2024-07-18 11:06:35 INFO  Keywords:290 - Element found...onenotThree
2024-07-18 11:06:35 INFO  Keywords:286 - Waiting for webElement...103ResponseXML
2024-07-18 11:07:17 INFO  Keywords:435 - switching to parent window...
2024-07-18 11:07:17 INFO  Keywords:102 - Navigate is called
2024-07-18 11:07:18 INFO  Keywords:503 - ClearText is called
2024-07-18 11:07:18 INFO  Keywords:286 - Waiting for webElement...gateway.username
2024-07-18 11:07:18 INFO  Keywords:290 - Element found...gateway.username
2024-07-18 11:07:18 INFO  Keywords:507 - LinkId: 533338
2024-07-18 11:07:18 INFO  Keywords:128 - InputText is called
2024-07-18 11:07:18 INFO  Keywords:286 - Waiting for webElement...gateway.username
2024-07-18 11:07:18 INFO  Keywords:290 - Element found...gateway.username
2024-07-18 11:07:18 INFO  Keywords:503 - ClearText is called
2024-07-18 11:07:18 INFO  Keywords:286 - Waiting for webElement...gateway.password
2024-07-18 11:07:18 INFO  Keywords:290 - Element found...gateway.password
2024-07-18 11:07:18 INFO  Keywords:507 - LinkId: 533338
2024-07-18 11:07:18 INFO  Keywords:128 - InputText is called
2024-07-18 11:07:18 INFO  Keywords:286 - Waiting for webElement...gateway.password
2024-07-18 11:07:18 INFO  Keywords:290 - Element found...gateway.password
2024-07-18 11:07:18 INFO  Keywords:139 - ClickOnLink is called
2024-07-18 11:07:18 INFO  Keywords:286 - Waiting for webElement...gateway.login
2024-07-18 11:07:18 INFO  Keywords:290 - Element found...gateway.login
2024-07-18 11:07:35 INFO  Keywords:139 - ClickOnLink is called
2024-07-18 11:07:35 INFO  Keywords:286 - Waiting for webElement...management
2024-07-18 11:07:35 INFO  Keywords:290 - Element found...management
2024-07-18 11:07:35 INFO  Keywords:286 - Waiting for webElement...managementTools
2024-07-18 11:07:35 INFO  Keywords:290 - Element found...managementTools
2024-07-18 11:07:36 INFO  Keywords:139 - ClickOnLink is called
2024-07-18 11:07:36 INFO  Keywords:286 - Waiting for webElement...feedManagement
2024-07-18 11:07:36 INFO  Keywords:290 - Element found...feedManagement
2024-07-18 11:07:53 INFO  Keywords:139 - ClickOnLink is called
2024-07-18 11:07:53 INFO  Keywords:286 - Waiting for webElement...searchPanel
2024-07-18 11:07:53 INFO  Keywords:290 - Element found...searchPanel
2024-07-18 11:07:53 INFO  Keywords:286 - Waiting for webElement...selectTransactionID
2024-07-18 11:07:53 INFO  Keywords:290 - Element found...selectTransactionID
2024-07-18 11:07:53 INFO  Keywords:128 - InputText is called
2024-07-18 11:07:53 INFO  Keywords:286 - Waiting for webElement...enterTransactioID
2024-07-18 11:07:53 INFO  Keywords:290 - Element found...enterTransactioID
2024-07-18 11:07:53 INFO  Keywords:139 - ClickOnLink is called
2024-07-18 11:07:53 INFO  Keywords:286 - Waiting for webElement...searchbutton
2024-07-18 11:07:53 INFO  Keywords:290 - Element found...searchbutton
2024-07-18 11:08:09 INFO  Keywords:139 - ClickOnLink is called
2024-07-18 11:08:09 INFO  Keywords:286 - Waiting for webElement...transactionSearchmyResult
2024-07-18 11:08:09 INFO  Keywords:290 - Element found...transactionSearchmyResult
2024-07-18 11:08:26 INFO  Keywords:139 - ClickOnLink is called
2024-07-18 11:08:26 INFO  Keywords:286 - Waiting for webElement...RTSMButton
2024-07-18 11:08:26 INFO  Keywords:290 - Element found...RTSMButton
2024-07-18 11:08:26 INFO  Keywords:286 - Waiting for webElement...RTSMResponseXML
2024-07-18 11:09:16 INFO  Keywords:102 - Navigate is called
2024-07-18 11:09:18 INFO  Keywords:128 - InputText is called
2024-07-18 11:09:18 INFO  Keywords:286 - Waiting for webElement...gateway.username
2024-07-18 11:09:18 INFO  Keywords:290 - Element found...gateway.username
2024-07-18 11:09:18 INFO  Keywords:128 - InputText is called
2024-07-18 11:09:18 INFO  Keywords:286 - Waiting for webElement...gateway.password
2024-07-18 11:09:19 INFO  Keywords:290 - Element found...gateway.password
2024-07-18 11:09:19 INFO  Keywords:139 - ClickOnLink is called
2024-07-18 11:09:19 INFO  Keywords:286 - Waiting for webElement...gateway.login
2024-07-18 11:09:19 INFO  Keywords:290 - Element found...gateway.login
2024-07-18 11:09:55 INFO  Keywords:139 - ClickOnLink is called
2024-07-18 11:09:55 INFO  Keywords:286 - Waiting for webElement...postsamldata
2024-07-18 11:09:55 INFO  Keywords:290 - Element found...postsamldata
2024-07-18 11:10:11 INFO  Keywords:139 - ClickOnLink is called
2024-07-18 11:10:11 INFO  Keywords:286 - Waiting for webElement...next
2024-07-18 11:10:11 INFO  Keywords:290 - Element found...next
2024-07-18 11:10:30 INFO  Keywords:128 - InputText is called
2024-07-18 11:10:30 INFO  Keywords:286 - Waiting for webElement...policyConfiguration.insuranceamount
2024-07-18 11:10:30 INFO  Keywords:290 - Element found...policyConfiguration.insuranceamount
2024-07-18 11:10:30 INFO  Keywords:286 - Waiting for webElement...policyConfiguration.LTC
2024-07-18 11:10:30 INFO  Keywords:290 - Element found...policyConfiguration.LTC
2024-07-18 11:10:31 INFO  Keywords:286 - Waiting for webElement...policyConfiguration.Benefit
2024-07-18 11:11:21 INFO  Keywords:286 - Waiting for webElement...policyConfiguration.payors
2024-07-18 11:11:21 INFO  Keywords:290 - Element found...policyConfiguration.payors
2024-07-18 11:11:21 INFO  Keywords:286 - Waiting for webElement...policyConfiguration.purposeofpolicy
2024-07-18 11:11:21 INFO  Keywords:290 - Element found...policyConfiguration.purposeofpolicy
2024-07-18 11:11:21 INFO  Keywords:139 - ClickOnLink is called
2024-07-18 11:11:21 INFO  Keywords:286 - Waiting for webElement...next
2024-07-18 11:11:22 INFO  Keywords:290 - Element found...next
2024-07-18 11:12:57 INFO  Keywords:286 - Waiting for webElement...primaryinsured.birthcountry
2024-07-18 11:12:57 INFO  Keywords:290 - Element found...primaryinsured.birthcountry
2024-07-18 11:12:57 INFO  Keywords:286 - Waiting for webElement...primaryinsured.birthstate
2024-07-18 11:12:57 INFO  Keywords:290 - Element found...primaryinsured.birthstate
2024-07-18 11:12:57 INFO  Keywords:128 - InputText is called
2024-07-18 11:12:57 INFO  Keywords:286 - Waiting for webElement...primaryinsured.birthcity
2024-07-18 11:13:07 INFO  Keywords:139 - ClickOnLink is called
2024-07-18 11:13:07 INFO  Keywords:286 - Waiting for webElement...next
2024-07-18 11:13:07 INFO  Keywords:290 - Element found...next
2024-07-18 11:13:27 INFO  Keywords:139 - ClickOnLink is called
2024-07-18 11:13:27 INFO  Keywords:286 - Waiting for webElement...next
2024-07-18 11:13:27 INFO  Keywords:290 - Element found...next
2024-07-18 11:13:47 INFO  Keywords:286 - Waiting for webElement...jointInsured.birthCountry
2024-07-18 11:13:47 INFO  Keywords:290 - Element found...jointInsured.birthCountry
2024-07-18 11:13:47 INFO  Keywords:286 - Waiting for webElement...jointInsured.birthState
2024-07-18 11:13:47 INFO  Keywords:290 - Element found...jointInsured.birthState
2024-07-18 11:13:47 INFO  Keywords:128 - InputText is called
2024-07-18 11:13:47 INFO  Keywords:286 - Waiting for webElement...jointInsured.birthCity
2024-07-18 11:13:57 INFO  Keywords:139 - ClickOnLink is called
2024-07-18 11:13:57 INFO  Keywords:286 - Waiting for webElement...next
2024-07-18 11:13:57 INFO  Keywords:290 - Element found...next
2024-07-18 11:14:19 INFO  Keywords:286 - Waiting for webElement...naturalOwner.relationwithInsured
2024-07-18 11:14:19 INFO  Keywords:290 - Element found...naturalOwner.relationwithInsured
2024-07-18 11:14:19 INFO  Keywords:286 - Waiting for webElement...naturalOwner.relationwithJointInsured
2024-07-18 11:14:19 INFO  Keywords:290 - Element found...naturalOwner.relationwithJointInsured
2024-07-18 11:14:19 INFO  Keywords:139 - ClickOnLink is called
2024-07-18 11:14:19 INFO  Keywords:286 - Waiting for webElement...next
2024-07-18 11:14:19 INFO  Keywords:290 - Element found...next
2024-07-18 11:14:39 INFO  Keywords:286 - Waiting for webElement...financialDetails.SourceOfFundsLI
2024-07-18 11:14:39 INFO  Keywords:290 - Element found...financialDetails.SourceOfFundsLI
2024-07-18 11:14:39 INFO  Keywords:286 - Waiting for webElement...financialDetails.SurrenderChargeSOFLI
2024-07-18 11:14:39 INFO  Keywords:290 - Element found...financialDetails.SurrenderChargeSOFLI
2024-07-18 11:14:40 INFO  Keywords:286 - Waiting for webElement...financialDetails.envisiontaking
2024-07-18 11:14:40 INFO  Keywords:290 - Element found...financialDetails.envisiontaking
2024-07-18 11:14:40 INFO  Keywords:286 - Waiting for webElement...financialDetails.federalfaxbracket
2024-07-18 11:14:40 INFO  Keywords:290 - Element found...financialDetails.federalfaxbracket
2024-07-18 11:14:40 INFO  Keywords:286 - Waiting for webElement...financialDetails.riskTolerance
2024-07-18 11:14:40 INFO  Keywords:290 - Element found...financialDetails.riskTolerance
2024-07-18 11:14:40 INFO  Keywords:286 - Waiting for webElement...financialDetails.Investmentobjectives
2024-07-18 11:14:40 INFO  Keywords:290 - Element found...financialDetails.Investmentobjectives
2024-07-18 11:14:41 INFO  Keywords:286 - Waiting for webElement...financialDetails.timehorizon
2024-07-18 11:14:41 INFO  Keywords:290 - Element found...financialDetails.timehorizon
2024-07-18 11:14:41 INFO  Keywords:286 - Waiting for webElement...financialDetails.investmentexperienceFA
2024-07-18 11:14:41 INFO  Keywords:290 - Element found...financialDetails.investmentexperienceFA
2024-07-18 11:14:41 INFO  Keywords:128 - InputText is called
2024-07-18 11:14:41 INFO  Keywords:286 - Waiting for webElement...financialDetails.investmentstartyear
2024-07-18 11:14:41 INFO  Keywords:290 - Element found...financialDetails.investmentstartyear
2024-07-18 11:14:41 INFO  Keywords:128 - InputText is called
2024-07-18 11:14:41 INFO  Keywords:286 - Waiting for webElement...financialdetails.wages
2024-07-18 11:14:41 INFO  Keywords:290 - Element found...financialdetails.wages
2024-07-18 11:14:41 INFO  Keywords:128 - InputText is called
2024-07-18 11:14:41 INFO  Keywords:286 - Waiting for webElement...financialdetails.livingexpenses
2024-07-18 11:14:41 INFO  Keywords:290 - Element found...financialdetails.livingexpenses
2024-07-18 11:14:41 INFO  Keywords:128 - InputText is called
2024-07-18 11:14:41 INFO  Keywords:286 - Waiting for webElement...financialdetails.personalinvestment
2024-07-18 11:14:41 INFO  Keywords:290 - Element found...financialdetails.personalinvestment
2024-07-18 11:14:41 INFO  Keywords:128 - InputText is called
2024-07-18 11:14:41 INFO  Keywords:286 - Waiting for webElement...financialdetails.fixeddebtexpenses
2024-07-18 11:14:41 INFO  Keywords:290 - Element found...financialdetails.fixeddebtexpenses
2024-07-18 11:14:41 INFO  Keywords:128 - InputText is called
2024-07-18 11:14:41 INFO  Keywords:286 - Waiting for webElement...financialdetails.rentalincome
2024-07-18 11:14:41 INFO  Keywords:290 - Element found...financialdetails.rentalincome
2024-07-18 11:14:41 INFO  Keywords:128 - InputText is called
2024-07-18 11:14:41 INFO  Keywords:286 - Waiting for webElement...financialdetails.variabledebtexpenses
2024-07-18 11:14:41 INFO  Keywords:290 - Element found...financialdetails.variabledebtexpenses
2024-07-18 11:14:41 INFO  Keywords:128 - InputText is called
2024-07-18 11:14:41 INFO  Keywords:286 - Waiting for webElement...financialdetails.incomepension
2024-07-18 11:14:41 INFO  Keywords:290 - Element found...financialdetails.incomepension
2024-07-18 11:14:41 INFO  Keywords:128 - InputText is called
2024-07-18 11:14:41 INFO  Keywords:286 - Waiting for webElement...financialdetails.discretionaryexpenses
2024-07-18 11:14:41 INFO  Keywords:290 - Element found...financialdetails.discretionaryexpenses
2024-07-18 11:14:41 INFO  Keywords:128 - InputText is called
2024-07-18 11:14:41 INFO  Keywords:286 - Waiting for webElement...financialdetails.socialsecurityincome
2024-07-18 11:14:41 INFO  Keywords:290 - Element found...financialdetails.socialsecurityincome
2024-07-18 11:14:41 INFO  Keywords:128 - InputText is called
2024-07-18 11:14:41 INFO  Keywords:286 - Waiting for webElement...financialdetails.otherincome
2024-07-18 11:14:41 INFO  Keywords:290 - Element found...financialdetails.otherincome
2024-07-18 11:14:41 INFO  Keywords:128 - InputText is called
2024-07-18 11:14:41 INFO  Keywords:286 - Waiting for webElement...financialdetails.bonds
2024-07-18 11:14:41 INFO  Keywords:290 - Element found...financialdetails.bonds
2024-07-18 11:14:41 INFO  Keywords:128 - InputText is called
2024-07-18 11:14:41 INFO  Keywords:286 - Waiting for webElement...financialdetails.businessTrustRealstate
2024-07-18 11:14:42 INFO  Keywords:290 - Element found...financialdetails.businessTrustRealstate
2024-07-18 11:14:42 INFO  Keywords:128 - InputText is called
2024-07-18 11:14:42 INFO  Keywords:286 - Waiting for webElement...financialdetails.retirementplan
2024-07-18 11:14:42 INFO  Keywords:290 - Element found...financialdetails.retirementplan
2024-07-18 11:14:42 INFO  Keywords:128 - InputText is called
2024-07-18 11:14:42 INFO  Keywords:286 - Waiting for webElement...financialdetails.equities
2024-07-18 11:14:42 INFO  Keywords:290 - Element found...financialdetails.equities
2024-07-18 11:14:42 INFO  Keywords:128 - InputText is called
2024-07-18 11:14:42 INFO  Keywords:286 - Waiting for webElement...financialdetails.facevalueilfeinsurance
2024-07-18 11:14:42 INFO  Keywords:290 - Element found...financialdetails.facevalueilfeinsurance
2024-07-18 11:14:42 INFO  Keywords:128 - InputText is called
2024-07-18 11:14:42 INFO  Keywords:286 - Waiting for webElement...financialdetails.fixedannuity
2024-07-18 11:14:42 INFO  Keywords:290 - Element found...financialdetails.fixedannuity
2024-07-18 11:14:42 INFO  Keywords:128 - InputText is called
2024-07-18 11:14:42 INFO  Keywords:286 - Waiting for webElement...financialdetails.indexannuity
2024-07-18 11:14:42 INFO  Keywords:290 - Element found...financialdetails.indexannuity
2024-07-18 11:14:42 INFO  Keywords:128 - InputText is called
2024-07-18 11:14:42 INFO  Keywords:286 - Waiting for webElement...financialdetails.liquidnetworth
2024-07-18 11:14:42 INFO  Keywords:290 - Element found...financialdetails.liquidnetworth
2024-07-18 11:14:42 INFO  Keywords:128 - InputText is called
2024-07-18 11:14:42 INFO  Keywords:286 - Waiting for webElement...financialdetails.mutualfund
2024-07-18 11:14:42 INFO  Keywords:290 - Element found...financialdetails.mutualfund
2024-07-18 11:14:42 INFO  Keywords:128 - InputText is called
2024-07-18 11:14:42 INFO  Keywords:286 - Waiting for webElement...financialdetails.otherbrokerage
2024-07-18 11:14:42 INFO  Keywords:290 - Element found...financialdetails.otherbrokerage
2024-07-18 11:14:42 INFO  Keywords:128 - InputText is called
2024-07-18 11:14:42 INFO  Keywords:286 - Waiting for webElement...financialdetails.policypremium
2024-07-18 11:14:42 INFO  Keywords:290 - Element found...financialdetails.policypremium
2024-07-18 11:14:42 INFO  Keywords:128 - InputText is called
2024-07-18 11:14:42 INFO  Keywords:286 - Waiting for webElement...financialdetails.variableannuity
2024-07-18 11:14:42 INFO  Keywords:290 - Element found...financialdetails.variableannuity
2024-07-18 11:14:42 INFO  Keywords:128 - InputText is called
2024-07-18 11:14:42 INFO  Keywords:286 - Waiting for webElement...financialdetails.totalpremium
2024-07-18 11:14:42 INFO  Keywords:290 - Element found...financialdetails.totalpremium
2024-07-18 11:14:42 INFO  Keywords:286 - Waiting for webElement...financialdetails.anticipatedchanges
2024-07-18 11:14:42 INFO  Keywords:290 - Element found...financialdetails.anticipatedchanges
2024-07-18 11:14:42 INFO  Keywords:286 - Waiting for webElement...financialdetails.nonguaranteedelementYes
2024-07-18 11:14:42 INFO  Keywords:290 - Element found...financialdetails.nonguaranteedelementYes
2024-07-18 11:14:42 INFO  Keywords:286 - Waiting for webElement...financialdetails.reversemortgage
2024-07-18 11:14:42 INFO  Keywords:290 - Element found...financialdetails.reversemortgage
2024-07-18 11:14:43 INFO  Keywords:139 - ClickOnLink is called
2024-07-18 11:14:43 INFO  Keywords:286 - Waiting for webElement...next
2024-07-18 11:14:43 INFO  Keywords:290 - Element found...next
2024-07-18 11:15:02 INFO  Keywords:286 - Waiting for webElement...payment.modal
2024-07-18 11:15:02 INFO  Keywords:290 - Element found...payment.modal
2024-07-18 11:15:18 INFO  Keywords:286 - Waiting for webElement...payment.method
2024-07-18 11:15:18 INFO  Keywords:290 - Element found...payment.method
2024-07-18 11:15:19 INFO  Keywords:128 - InputText is called
2024-07-18 11:15:19 INFO  Keywords:286 - Waiting for webElement...payment.premium
2024-07-18 11:15:19 INFO  Keywords:290 - Element found...payment.premium
2024-07-18 11:15:19 INFO  Keywords:139 - ClickOnLink is called
2024-07-18 11:15:19 INFO  Keywords:286 - Waiting for webElement...next
2024-07-18 11:15:19 INFO  Keywords:290 - Element found...next
2024-07-18 11:15:38 INFO  Keywords:286 - Waiting for webElement...existinginsurance.borrowingfunds
2024-07-18 11:15:38 INFO  Keywords:290 - Element found...existinginsurance.borrowingfunds
2024-07-18 11:15:38 INFO  Keywords:286 - Waiting for webElement...existinginsurance.terminatingexistinglifepolicy
2024-07-18 11:15:38 INFO  Keywords:290 - Element found...existinginsurance.terminatingexistinglifepolicy
2024-07-18 11:15:38 INFO  Keywords:286 - Waiting for webElement...existinginsurance.longtermcoverage
2024-07-18 11:15:38 INFO  Keywords:290 - Element found...existinginsurance.longtermcoverage
2024-07-18 11:15:39 INFO  Keywords:286 - Waiting for webElement...existanceterminating.InsuranceCompanyName
2024-07-18 11:15:39 INFO  Keywords:290 - Element found...existanceterminating.InsuranceCompanyName
2024-07-18 11:15:39 INFO  Keywords:128 - InputText is called
2024-07-18 11:15:39 INFO  Keywords:286 - Waiting for webElement...existanceterminating.ProductName
2024-07-18 11:15:39 INFO  Keywords:290 - Element found...existanceterminating.ProductName
2024-07-18 11:15:39 INFO  Keywords:128 - InputText is called
2024-07-18 11:15:39 INFO  Keywords:286 - Waiting for webElement...existanceterminating.Insured
2024-07-18 11:15:39 INFO  Keywords:290 - Element found...existanceterminating.Insured
2024-07-18 11:15:39 INFO  Keywords:128 - InputText is called
2024-07-18 11:15:39 INFO  Keywords:286 - Waiting for webElement...existanceterminating.Owner
2024-07-18 11:15:39 INFO  Keywords:290 - Element found...existanceterminating.Owner
2024-07-18 11:15:39 INFO  Keywords:128 - InputText is called
2024-07-18 11:15:39 INFO  Keywords:286 - Waiting for webElement...existanceterminating.DateIssued
2024-07-18 11:15:39 INFO  Keywords:290 - Element found...existanceterminating.DateIssued
2024-07-18 11:15:39 INFO  Keywords:128 - InputText is called
2024-07-18 11:15:39 INFO  Keywords:286 - Waiting for webElement...existanceterminating.AmountOfInsurance
2024-07-18 11:15:39 INFO  Keywords:290 - Element found...existanceterminating.AmountOfInsurance
2024-07-18 11:15:39 INFO  Keywords:286 - Waiting for webElement...existanceterminating.ExistingInsuranceType
2024-07-18 11:15:39 INFO  Keywords:290 - Element found...existanceterminating.ExistingInsuranceType
2024-07-18 11:15:40 INFO  Keywords:286 - Waiting for webElement...existanceterminating.ProductType
2024-07-18 11:15:40 INFO  Keywords:290 - Element found...existanceterminating.ProductType
2024-07-18 11:15:40 INFO  Keywords:286 - Waiting for webElement...existanceterminating.LifeProductType
2024-07-18 11:15:40 INFO  Keywords:290 - Element found...existanceterminating.LifeProductType
2024-07-18 11:15:40 INFO  Keywords:128 - InputText is called
2024-07-18 11:15:40 INFO  Keywords:286 - Waiting for webElement...existanceterminating.PolicyNo
2024-07-18 11:15:40 INFO  Keywords:290 - Element found...existanceterminating.PolicyNo
2024-07-18 11:15:40 INFO  Keywords:286 - Waiting for webElement...existanceterminating.PurposeOfPolicy
2024-07-18 11:15:40 INFO  Keywords:290 - Element found...existanceterminating.PurposeOfPolicy
2024-07-18 11:15:40 INFO  Keywords:286 - Waiting for webElement...existanceterminating.FundsNewPolicy
2024-07-18 11:15:40 INFO  Keywords:290 - Element found...existanceterminating.FundsNewPolicy
2024-07-18 11:15:41 INFO  Keywords:286 - Waiting for webElement...existanceterminating.ReplacingNewPolicy
2024-07-18 11:15:41 INFO  Keywords:290 - Element found...existanceterminating.ReplacingNewPolicy
2024-07-18 11:15:41 INFO  Keywords:286 - Waiting for webElement...existanceterminating.ReplacementThType
2024-07-18 11:15:41 INFO  Keywords:290 - Element found...existanceterminating.ReplacementThType
2024-07-18 11:15:41 INFO  Keywords:286 - Waiting for webElement...existanceterminating.1035ThExchange
2024-07-18 11:15:41 INFO  Keywords:290 - Element found...existanceterminating.1035ThExchange
2024-07-18 11:15:41 INFO  Keywords:128 - InputText is called
2024-07-18 11:15:41 INFO  Keywords:286 - Waiting for webElement...existanceterminating.ReasonReplacement
2024-07-18 11:15:41 INFO  Keywords:290 - Element found...existanceterminating.ReasonReplacement
2024-07-18 11:15:41 INFO  Keywords:128 - InputText is called
2024-07-18 11:15:41 INFO  Keywords:286 - Waiting for webElement...existanceterminating.NoOfPolicy
2024-07-18 11:15:41 INFO  Keywords:290 - Element found...existanceterminating.NoOfPolicy
2024-07-18 11:15:42 INFO  Keywords:128 - InputText is called
2024-07-18 11:15:42 INFO  Keywords:286 - Waiting for webElement...existanceterminating.PremiumPayment
2024-07-18 11:15:42 INFO  Keywords:290 - Element found...existanceterminating.PremiumPayment
2024-07-18 11:15:42 INFO  Keywords:128 - InputText is called
2024-07-18 11:15:42 INFO  Keywords:286 - Waiting for webElement...existanceterminating.FrequencyPremium
2024-07-18 11:15:42 INFO  Keywords:290 - Element found...existanceterminating.FrequencyPremium
2024-07-18 11:15:42 INFO  Keywords:128 - InputText is called
2024-07-18 11:15:42 INFO  Keywords:286 - Waiting for webElement...existanceterminating.AmountBeingExchanged
2024-07-18 11:15:42 INFO  Keywords:290 - Element found...existanceterminating.AmountBeingExchanged
2024-07-18 11:15:42 INFO  Keywords:128 - InputText is called
2024-07-18 11:15:42 INFO  Keywords:286 - Waiting for webElement...existanceterminating.SurrenderCharge
2024-07-18 11:15:42 INFO  Keywords:290 - Element found...existanceterminating.SurrenderCharge
2024-07-18 11:15:42 INFO  Keywords:128 - InputText is called
2024-07-18 11:15:42 INFO  Keywords:286 - Waiting for webElement...existanceterminating.DeathBenefit
2024-07-18 11:15:42 INFO  Keywords:290 - Element found...existanceterminating.DeathBenefit
2024-07-18 11:15:42 INFO  Keywords:128 - InputText is called
2024-07-18 11:15:42 INFO  Keywords:286 - Waiting for webElement...existanceterminating.SpecialFeatures
2024-07-18 11:15:42 INFO  Keywords:290 - Element found...existanceterminating.SpecialFeatures
2024-07-18 11:15:42 INFO  Keywords:286 - Waiting for webElement...existinginsurance.longtermpolicyYes
2024-07-18 11:15:42 INFO  Keywords:290 - Element found...existinginsurance.longtermpolicyYes
2024-07-18 11:15:42 INFO  Keywords:128 - InputText is called
2024-07-18 11:15:42 INFO  Keywords:286 - Waiting for webElement...existinglongtermpolicy.InsuranceName
2024-07-18 11:15:42 INFO  Keywords:290 - Element found...existinglongtermpolicy.InsuranceName
2024-07-18 11:15:42 INFO  Keywords:128 - InputText is called
2024-07-18 11:15:42 INFO  Keywords:286 - Waiting for webElement...existinglongtermpolicy.policyCertificateNumber
2024-07-18 11:15:42 INFO  Keywords:290 - Element found...existinglongtermpolicy.policyCertificateNumber
2024-07-18 11:15:42 INFO  Keywords:128 - InputText is called
2024-07-18 11:15:42 INFO  Keywords:286 - Waiting for webElement...existinglongtermpolicy.ProductName
2024-07-18 11:15:42 INFO  Keywords:290 - Element found...existinglongtermpolicy.ProductName
2024-07-18 11:15:42 INFO  Keywords:286 - Waiting for webElement...existinglongtermpolicy.ProductType
2024-07-18 11:15:42 INFO  Keywords:290 - Element found...existinglongtermpolicy.ProductType
2024-07-18 11:15:42 INFO  Keywords:128 - InputText is called
2024-07-18 11:15:42 INFO  Keywords:286 - Waiting for webElement...existinglongtermpolicy.Insured
2024-07-18 11:15:42 INFO  Keywords:290 - Element found...existinglongtermpolicy.Insured
2024-07-18 11:15:42 INFO  Keywords:128 - InputText is called
2024-07-18 11:15:42 INFO  Keywords:286 - Waiting for webElement...existinglongtermpolicy.Owner
2024-07-18 11:15:42 INFO  Keywords:290 - Element found...existinglongtermpolicy.Owner
2024-07-18 11:15:42 INFO  Keywords:128 - InputText is called
2024-07-18 11:15:42 INFO  Keywords:286 - Waiting for webElement...existinglongtermpolicy.DailyBenefit
2024-07-18 11:15:42 INFO  Keywords:290 - Element found...existinglongtermpolicy.DailyBenefit
2024-07-18 11:15:42 INFO  Keywords:128 - InputText is called
2024-07-18 11:15:42 INFO  Keywords:286 - Waiting for webElement...existinglongtermpolicy.AmountOfInsurance
2024-07-18 11:15:42 INFO  Keywords:290 - Element found...existinglongtermpolicy.AmountOfInsurance
2024-07-18 11:15:42 INFO  Keywords:128 - InputText is called
2024-07-18 11:15:42 INFO  Keywords:286 - Waiting for webElement...existinglongtermpolicy.benefitAmount
2024-07-18 11:15:42 INFO  Keywords:290 - Element found...existinglongtermpolicy.benefitAmount
2024-07-18 11:15:42 INFO  Keywords:128 - InputText is called
2024-07-18 11:15:42 INFO  Keywords:286 - Waiting for webElement...existinglongtermpolicy.benefitPeriod
2024-07-18 11:15:42 INFO  Keywords:290 - Element found...existinglongtermpolicy.benefitPeriod
2024-07-18 11:15:42 INFO  Keywords:286 - Waiting for webElement...existinginsurance.longterminsuranceYes
2024-07-18 11:15:43 INFO  Keywords:290 - Element found...existinginsurance.longterminsuranceYes
2024-07-18 11:15:43 INFO  Keywords:128 - InputText is called
2024-07-18 11:15:43 INFO  Keywords:286 - Waiting for webElement...existinglongterminsurance.InsuranceCompany
2024-07-18 11:15:43 INFO  Keywords:290 - Element found...existinglongterminsurance.InsuranceCompany
2024-07-18 11:15:43 INFO  Keywords:128 - InputText is called
2024-07-18 11:15:43 INFO  Keywords:286 - Waiting for webElement...existinglongterminsurance.Certificate
2024-07-18 11:15:43 INFO  Keywords:290 - Element found...existinglongterminsurance.Certificate
2024-07-18 11:15:43 INFO  Keywords:128 - InputText is called
2024-07-18 11:15:43 INFO  Keywords:286 - Waiting for webElement...existinglongterminsurance.LTCBenefit
2024-07-18 11:15:43 INFO  Keywords:290 - Element found...existinglongterminsurance.LTCBenefit
2024-07-18 11:15:43 INFO  Keywords:128 - InputText is called
2024-07-18 11:15:43 INFO  Keywords:286 - Waiting for webElement...existinglongterminsurance.IssueDate
2024-07-18 11:15:43 INFO  Keywords:290 - Element found...existinglongterminsurance.IssueDate
2024-07-18 11:15:43 INFO  Keywords:128 - InputText is called
2024-07-18 11:15:43 INFO  Keywords:286 - Waiting for webElement...existinglongterminsurance.LapseDate
2024-07-18 11:15:43 INFO  Keywords:290 - Element found...existinglongterminsurance.LapseDate
2024-07-18 11:15:43 INFO  Keywords:139 - ClickOnLink is called
2024-07-18 11:15:43 INFO  Keywords:286 - Waiting for webElement...next
2024-07-18 11:15:43 INFO  Keywords:290 - Element found...next
2024-07-18 11:16:02 INFO  Keywords:139 - ClickOnLink is called
2024-07-18 11:16:02 INFO  Keywords:286 - Waiting for webElement...next
2024-07-18 11:16:02 INFO  Keywords:290 - Element found...next
2024-07-18 11:16:20 INFO  Keywords:128 - InputText is called
2024-07-18 11:16:20 INFO  Keywords:286 - Waiting for webElement...additionalclientquestion.q1
2024-07-18 11:16:20 INFO  Keywords:290 - Element found...additionalclientquestion.q1
2024-07-18 11:16:20 INFO  Keywords:128 - InputText is called
2024-07-18 11:16:20 INFO  Keywords:286 - Waiting for webElement...additionalclientquestion.q2
2024-07-18 11:16:20 INFO  Keywords:290 - Element found...additionalclientquestion.q2
2024-07-18 11:16:20 INFO  Keywords:128 - InputText is called
2024-07-18 11:16:20 INFO  Keywords:286 - Waiting for webElement...additionalclientquestion.q3
2024-07-18 11:16:20 INFO  Keywords:290 - Element found...additionalclientquestion.q3
2024-07-18 11:16:20 INFO  Keywords:128 - InputText is called
2024-07-18 11:16:20 INFO  Keywords:286 - Waiting for webElement...additionalclientquestion.q4
2024-07-18 11:17:11 INFO  Keywords:128 - InputText is called
2024-07-18 11:17:11 INFO  Keywords:286 - Waiting for webElement...additionalclientquestion.q5
2024-07-18 11:18:01 INFO  Keywords:489 - GetText is called
2024-07-18 11:18:01 INFO  Keywords:286 - Waiting for webElement...ebixTxnID
2024-07-18 11:18:01 INFO  Keywords:290 - Element found...ebixTxnID
2024-07-18 11:18:01 INFO  Keywords:493 - LinkId: 533339
2024-07-18 11:18:01 INFO  Keywords:537 - LinkId: 533339
2024-07-18 11:18:02 INFO  Keywords:489 - GetText is called
2024-07-18 11:18:02 INFO  Keywords:286 - Waiting for webElement...ebixTxnID
2024-07-18 11:18:02 INFO  Keywords:290 - Element found...ebixTxnID
2024-07-18 11:18:02 INFO  Keywords:493 - LinkId: 533339
2024-07-18 11:18:02 INFO  Keywords:139 - ClickOnLink is called
2024-07-18 11:18:02 INFO  Keywords:286 - Waiting for webElement...next
2024-07-18 11:18:02 INFO  Keywords:290 - Element found...next
2024-07-18 11:18:19 INFO  Keywords:139 - ClickOnLink is called
2024-07-18 11:18:19 INFO  Keywords:286 - Waiting for webElement...validate.button
2024-07-18 11:18:19 INFO  Keywords:290 - Element found...validate.button
2024-07-18 11:18:53 INFO  Keywords:139 - ClickOnLink is called
2024-07-18 11:18:53 INFO  Keywords:286 - Waiting for webElement...notification.continue
2024-07-18 11:18:53 INFO  Keywords:290 - Element found...notification.continue
2024-07-18 11:19:09 INFO  Keywords:139 - ClickOnLink is called
2024-07-18 11:19:09 INFO  Keywords:286 - Waiting for webElement...esignature.optout
2024-07-18 11:19:09 INFO  Keywords:290 - Element found...esignature.optout
2024-07-18 11:20:39 INFO  Keywords:151 - VerifyText is called
2024-07-18 11:20:39 INFO  Keywords:286 - Waiting for webElement...WebElement
2024-07-18 11:20:39 INFO  Keywords:139 - ClickOnLink is called
2024-07-18 11:20:39 INFO  Keywords:286 - Waiting for webElement...attachment
2024-07-18 11:20:39 INFO  Keywords:290 - Element found...attachment
2024-07-18 11:20:40 INFO  Keywords:286 - Waiting for webElement...attachment.documenttype
2024-07-18 11:20:41 INFO  Keywords:290 - Element found...attachment.documenttype
2024-07-18 11:20:41 INFO  Keywords:128 - InputText is called
2024-07-18 11:20:41 INFO  Keywords:286 - Waiting for webElement...attachment.choosefile
2024-07-18 11:20:41 INFO  Keywords:290 - Element found...attachment.choosefile
2024-07-18 11:20:41 INFO  Keywords:139 - ClickOnLink is called
2024-07-18 11:20:41 INFO  Keywords:286 - Waiting for webElement...attachment.upload
2024-07-18 11:20:41 INFO  Keywords:290 - Element found...attachment.upload
2024-07-18 11:20:58 INFO  Keywords:139 - ClickOnLink is called
2024-07-18 11:20:58 INFO  Keywords:286 - Waiting for webElement...RequestSignatures
2024-07-18 11:20:58 INFO  Keywords:290 - Element found...RequestSignatures
2024-07-18 11:21:17 INFO  Keywords:286 - Waiting for webElement...attachment.documenttype
2024-07-18 11:21:17 INFO  Keywords:290 - Element found...attachment.documenttype
2024-07-18 11:21:17 INFO  Keywords:128 - InputText is called
2024-07-18 11:21:17 INFO  Keywords:286 - Waiting for webElement...attachment.choosefile
2024-07-18 11:21:17 INFO  Keywords:290 - Element found...attachment.choosefile
2024-07-18 11:21:17 INFO  Keywords:139 - ClickOnLink is called
2024-07-18 11:21:17 INFO  Keywords:286 - Waiting for webElement...attachment.upload
2024-07-18 11:21:17 INFO  Keywords:290 - Element found...attachment.upload
2024-07-18 11:21:35 INFO  Keywords:139 - ClickOnLink is called
2024-07-18 11:21:35 INFO  Keywords:286 - Waiting for webElement...SubmitButton
2024-07-18 11:21:35 INFO  Keywords:290 - Element found...SubmitButton
2024-07-18 11:23:10 INFO  Keywords:435 - switching to parent window...
2024-07-18 11:23:10 INFO  Keywords:102 - Navigate is called
2024-07-18 11:23:11 INFO  Keywords:503 - ClearText is called
2024-07-18 11:23:11 INFO  Keywords:286 - Waiting for webElement...gateway.username
2024-07-18 11:23:11 INFO  Keywords:290 - Element found...gateway.username
2024-07-18 11:23:11 INFO  Keywords:507 - LinkId: 533339
2024-07-18 11:23:11 INFO  Keywords:128 - InputText is called
2024-07-18 11:23:11 INFO  Keywords:286 - Waiting for webElement...gateway.username
2024-07-18 11:23:11 INFO  Keywords:290 - Element found...gateway.username
2024-07-18 11:23:11 INFO  Keywords:503 - ClearText is called
2024-07-18 11:23:11 INFO  Keywords:286 - Waiting for webElement...gateway.password
2024-07-18 11:23:11 INFO  Keywords:290 - Element found...gateway.password
2024-07-18 11:23:11 INFO  Keywords:507 - LinkId: 533339
2024-07-18 11:23:11 INFO  Keywords:128 - InputText is called
2024-07-18 11:23:11 INFO  Keywords:286 - Waiting for webElement...gateway.password
2024-07-18 11:23:11 INFO  Keywords:290 - Element found...gateway.password
2024-07-18 11:23:11 INFO  Keywords:139 - ClickOnLink is called
2024-07-18 11:23:11 INFO  Keywords:286 - Waiting for webElement...gateway.login
2024-07-18 11:23:11 INFO  Keywords:290 - Element found...gateway.login
2024-07-18 11:23:28 INFO  Keywords:139 - ClickOnLink is called
2024-07-18 11:23:28 INFO  Keywords:286 - Waiting for webElement...management
2024-07-18 11:23:28 INFO  Keywords:290 - Element found...management
2024-07-18 11:23:28 INFO  Keywords:286 - Waiting for webElement...managementTools
2024-07-18 11:23:28 INFO  Keywords:290 - Element found...managementTools
2024-07-18 11:23:29 INFO  Keywords:139 - ClickOnLink is called
2024-07-18 11:23:29 INFO  Keywords:286 - Waiting for webElement...feedManagement
2024-07-18 11:23:29 INFO  Keywords:290 - Element found...feedManagement
2024-07-18 11:23:46 INFO  Keywords:139 - ClickOnLink is called
2024-07-18 11:23:46 INFO  Keywords:286 - Waiting for webElement...searchPanel
2024-07-18 11:23:46 INFO  Keywords:290 - Element found...searchPanel
2024-07-18 11:23:46 INFO  Keywords:286 - Waiting for webElement...selectTransactionID
2024-07-18 11:23:46 INFO  Keywords:290 - Element found...selectTransactionID
2024-07-18 11:23:46 INFO  Keywords:128 - InputText is called
2024-07-18 11:23:46 INFO  Keywords:286 - Waiting for webElement...enterTransactioID
2024-07-18 11:23:46 INFO  Keywords:290 - Element found...enterTransactioID
2024-07-18 11:23:46 INFO  Keywords:139 - ClickOnLink is called
2024-07-18 11:23:46 INFO  Keywords:286 - Waiting for webElement...searchbutton
2024-07-18 11:23:46 INFO  Keywords:290 - Element found...searchbutton
2024-07-18 11:24:02 INFO  Keywords:139 - ClickOnLink is called
2024-07-18 11:24:02 INFO  Keywords:286 - Waiting for webElement...transactionSearchmyResult
2024-07-18 11:24:02 INFO  Keywords:290 - Element found...transactionSearchmyResult
2024-07-18 11:24:19 INFO  Keywords:139 - ClickOnLink is called
2024-07-18 11:24:19 INFO  Keywords:286 - Waiting for webElement...onenotThree
2024-07-18 11:24:19 INFO  Keywords:290 - Element found...onenotThree
2024-07-18 11:24:19 INFO  Keywords:286 - Waiting for webElement...103ResponseXML
2024-07-18 11:25:01 INFO  Keywords:435 - switching to parent window...
2024-07-18 11:25:01 INFO  Keywords:102 - Navigate is called
2024-07-18 11:25:02 INFO  Keywords:503 - ClearText is called
2024-07-18 11:25:02 INFO  Keywords:286 - Waiting for webElement...gateway.username
2024-07-18 11:25:02 INFO  Keywords:290 - Element found...gateway.username
2024-07-18 11:25:02 INFO  Keywords:507 - LinkId: 533339
2024-07-18 11:25:02 INFO  Keywords:128 - InputText is called
2024-07-18 11:25:02 INFO  Keywords:286 - Waiting for webElement...gateway.username
2024-07-18 11:25:02 INFO  Keywords:290 - Element found...gateway.username
2024-07-18 11:25:02 INFO  Keywords:503 - ClearText is called
2024-07-18 11:25:02 INFO  Keywords:286 - Waiting for webElement...gateway.password
2024-07-18 11:25:02 INFO  Keywords:290 - Element found...gateway.password
2024-07-18 11:25:02 INFO  Keywords:507 - LinkId: 533339
2024-07-18 11:25:02 INFO  Keywords:128 - InputText is called
2024-07-18 11:25:02 INFO  Keywords:286 - Waiting for webElement...gateway.password
2024-07-18 11:25:02 INFO  Keywords:290 - Element found...gateway.password
2024-07-18 11:25:02 INFO  Keywords:139 - ClickOnLink is called
2024-07-18 11:25:02 INFO  Keywords:286 - Waiting for webElement...gateway.login
2024-07-18 11:25:02 INFO  Keywords:290 - Element found...gateway.login
2024-07-18 11:25:19 INFO  Keywords:139 - ClickOnLink is called
2024-07-18 11:25:19 INFO  Keywords:286 - Waiting for webElement...management
2024-07-18 11:25:19 INFO  Keywords:290 - Element found...management
2024-07-18 11:25:19 INFO  Keywords:286 - Waiting for webElement...managementTools
2024-07-18 11:25:19 INFO  Keywords:290 - Element found...managementTools
2024-07-18 11:25:20 INFO  Keywords:139 - ClickOnLink is called
2024-07-18 11:25:20 INFO  Keywords:286 - Waiting for webElement...feedManagement
2024-07-18 11:25:20 INFO  Keywords:290 - Element found...feedManagement
2024-07-18 11:25:36 INFO  Keywords:139 - ClickOnLink is called
2024-07-18 11:25:36 INFO  Keywords:286 - Waiting for webElement...searchPanel
2024-07-18 11:25:36 INFO  Keywords:290 - Element found...searchPanel
2024-07-18 11:25:37 INFO  Keywords:286 - Waiting for webElement...selectTransactionID
2024-07-18 11:25:37 INFO  Keywords:290 - Element found...selectTransactionID
2024-07-18 11:25:37 INFO  Keywords:128 - InputText is called
2024-07-18 11:25:37 INFO  Keywords:286 - Waiting for webElement...enterTransactioID
2024-07-18 11:25:37 INFO  Keywords:290 - Element found...enterTransactioID
2024-07-18 11:25:37 INFO  Keywords:139 - ClickOnLink is called
2024-07-18 11:25:37 INFO  Keywords:286 - Waiting for webElement...searchbutton
2024-07-18 11:25:37 INFO  Keywords:290 - Element found...searchbutton
2024-07-18 11:25:53 INFO  Keywords:139 - ClickOnLink is called
2024-07-18 11:25:53 INFO  Keywords:286 - Waiting for webElement...transactionSearchmyResult
2024-07-18 11:25:53 INFO  Keywords:290 - Element found...transactionSearchmyResult
2024-07-18 11:26:09 INFO  Keywords:139 - ClickOnLink is called
2024-07-18 11:26:09 INFO  Keywords:286 - Waiting for webElement...RTSMButton
2024-07-18 11:26:09 INFO  Keywords:290 - Element found...RTSMButton
2024-07-18 11:26:10 INFO  Keywords:286 - Waiting for webElement...RTSMResponseXML
