2024-03-29 16:08:09 INFO  Keywords:98 - Navigate is called
2024-03-29 16:08:12 INFO  Keywords:124 - InputText is called
2024-03-29 16:08:12 INFO  Keywords:282 - Waiting for webElement...gateway.username
2024-03-29 16:08:13 INFO  Keywords:285 - Element found...gateway.username
2024-03-29 16:08:13 INFO  Keywords:124 - InputText is called
2024-03-29 16:08:13 INFO  Keywords:282 - Waiting for webElement...gateway.password
2024-03-29 16:08:13 INFO  Keywords:285 - Element found...gateway.password
2024-03-29 16:08:13 INFO  Keywords:135 - ClickOnLink is called
2024-03-29 16:08:13 INFO  Keywords:282 - Waiting for webElement...gateway.login
2024-03-29 16:08:13 INFO  Keywords:285 - Element found...gateway.login
2024-03-29 16:08:53 INFO  Keywords:135 - ClickOnLink is called
2024-03-29 16:08:53 INFO  Keywords:282 - Waiting for webElement...postsamldata
2024-03-29 16:08:53 INFO  Keywords:285 - Element found...postsamldata
2024-03-29 16:09:10 INFO  Keywords:135 - ClickOnLink is called
2024-03-29 16:09:10 INFO  Keywords:282 - Waiting for webElement...next
2024-03-29 16:09:10 INFO  Keywords:285 - Element found...next
2024-03-29 16:09:31 INFO  Keywords:124 - InputText is called
2024-03-29 16:09:31 INFO  Keywords:282 - Waiting for webElement...policyConfiguration.insuranceamount
2024-03-29 16:09:42 INFO  Keywords:282 - Waiting for webElement...policyConfiguration.LTC
2024-03-29 16:09:52 INFO  Keywords:282 - Waiting for webElement...policyConfiguration.payors
2024-03-29 16:10:02 INFO  Keywords:282 - Waiting for webElement...policyConfiguration.purposeofpolicy
2024-03-29 16:10:12 INFO  Keywords:135 - ClickOnLink is called
2024-03-29 16:10:12 INFO  Keywords:282 - Waiting for webElement...next
2024-03-29 16:10:12 INFO  Keywords:285 - Element found...next
2024-03-29 16:11:42 INFO  Keywords:282 - Waiting for webElement...primaryinsured.birthcountry
2024-03-29 16:11:52 INFO  Keywords:282 - Waiting for webElement...primaryinsured.birthstate
2024-03-29 16:12:02 INFO  Keywords:124 - InputText is called
2024-03-29 16:12:02 INFO  Keywords:282 - Waiting for webElement...primaryinsured.birthcity
2024-03-29 16:12:12 INFO  Keywords:135 - ClickOnLink is called
2024-03-29 16:12:12 INFO  Keywords:282 - Waiting for webElement...next
2024-03-29 16:12:12 INFO  Keywords:285 - Element found...next
2024-03-29 16:12:29 INFO  Keywords:135 - ClickOnLink is called
2024-03-29 16:12:29 INFO  Keywords:282 - Waiting for webElement...next
2024-03-29 16:12:29 INFO  Keywords:285 - Element found...next
2024-03-29 16:12:45 INFO  Keywords:282 - Waiting for webElement...jointInsured.birthCountry
2024-03-29 16:12:55 INFO  Keywords:282 - Waiting for webElement...jointInsured.birthState
2024-03-29 16:13:05 INFO  Keywords:124 - InputText is called
2024-03-29 16:13:05 INFO  Keywords:282 - Waiting for webElement...jointInsured.birthCity
2024-03-29 16:13:15 INFO  Keywords:135 - ClickOnLink is called
2024-03-29 16:13:15 INFO  Keywords:282 - Waiting for webElement...next
2024-03-29 16:13:15 INFO  Keywords:285 - Element found...next
2024-03-29 16:13:31 INFO  Keywords:282 - Waiting for webElement...naturalOwner.relationwithInsured
2024-03-29 16:13:41 INFO  Keywords:282 - Waiting for webElement...naturalOwner.relationwithJointInsured
2024-03-29 16:13:51 INFO  Keywords:135 - ClickOnLink is called
2024-03-29 16:13:51 INFO  Keywords:282 - Waiting for webElement...next
2024-03-29 16:13:52 INFO  Keywords:285 - Element found...next
2024-03-29 16:14:08 INFO  Keywords:282 - Waiting for webElement...financialDetails.SourceOfFundsLI
2024-03-29 16:14:18 INFO  Keywords:282 - Waiting for webElement...financialDetails.SurrenderChargeSOFLI
2024-03-29 16:14:28 INFO  Keywords:282 - Waiting for webElement...financialDetails.envisiontaking
2024-03-29 16:14:38 INFO  Keywords:282 - Waiting for webElement...financialDetails.federalfaxbracket
2024-03-29 16:14:48 INFO  Keywords:282 - Waiting for webElement...financialDetails.riskTolerance
2024-03-29 16:14:58 INFO  Keywords:282 - Waiting for webElement...financialDetails.Investmentobjectives
2024-03-29 16:15:08 INFO  Keywords:282 - Waiting for webElement...financialDetails.timehorizon
2024-03-29 16:15:19 INFO  Keywords:282 - Waiting for webElement...financialDetails.investmentexperienceFA
2024-03-29 16:15:29 INFO  Keywords:124 - InputText is called
2024-03-29 16:15:29 INFO  Keywords:282 - Waiting for webElement...financialDetails.investmentstartyear
2024-03-29 16:15:39 INFO  Keywords:124 - InputText is called
2024-03-29 16:15:39 INFO  Keywords:282 - Waiting for webElement...financialdetails.wages
2024-03-29 16:15:49 INFO  Keywords:124 - InputText is called
2024-03-29 16:15:49 INFO  Keywords:282 - Waiting for webElement...financialdetails.livingexpenses
2024-03-29 16:15:59 INFO  Keywords:124 - InputText is called
2024-03-29 16:15:59 INFO  Keywords:282 - Waiting for webElement...financialdetails.personalinvestment
2024-03-29 16:16:09 INFO  Keywords:124 - InputText is called
2024-03-29 16:16:09 INFO  Keywords:282 - Waiting for webElement...financialdetails.fixeddebtexpenses
2024-03-29 16:16:19 INFO  Keywords:124 - InputText is called
2024-03-29 16:16:19 INFO  Keywords:282 - Waiting for webElement...financialdetails.rentalincome
2024-03-29 16:16:29 INFO  Keywords:124 - InputText is called
2024-03-29 16:16:29 INFO  Keywords:282 - Waiting for webElement...financialdetails.variabledebtexpenses
2024-03-29 16:16:39 INFO  Keywords:124 - InputText is called
2024-03-29 16:16:39 INFO  Keywords:282 - Waiting for webElement...financialdetails.incomepension
2024-03-29 16:16:50 INFO  Keywords:124 - InputText is called
2024-03-29 16:16:50 INFO  Keywords:282 - Waiting for webElement...financialdetails.discretionaryexpenses
2024-03-29 16:17:00 INFO  Keywords:124 - InputText is called
2024-03-29 16:17:00 INFO  Keywords:282 - Waiting for webElement...financialdetails.socialsecurityincome
2024-03-29 16:17:10 INFO  Keywords:124 - InputText is called
2024-03-29 16:17:10 INFO  Keywords:282 - Waiting for webElement...financialdetails.otherincome
2024-03-29 16:17:20 INFO  Keywords:124 - InputText is called
2024-03-29 16:17:20 INFO  Keywords:282 - Waiting for webElement...financialdetails.bonds
2024-03-29 16:17:30 INFO  Keywords:124 - InputText is called
2024-03-29 16:17:30 INFO  Keywords:282 - Waiting for webElement...financialdetails.businessTrustRealstate
2024-03-29 16:17:40 INFO  Keywords:124 - InputText is called
2024-03-29 16:17:40 INFO  Keywords:282 - Waiting for webElement...financialdetails.retirementplan
2024-03-29 16:17:50 INFO  Keywords:124 - InputText is called
2024-03-29 16:17:50 INFO  Keywords:282 - Waiting for webElement...financialdetails.equities
2024-03-29 16:18:00 INFO  Keywords:124 - InputText is called
2024-03-29 16:18:00 INFO  Keywords:282 - Waiting for webElement...financialdetails.facevalueilfeinsurance
2024-03-29 16:18:10 INFO  Keywords:124 - InputText is called
2024-03-29 16:18:10 INFO  Keywords:282 - Waiting for webElement...financialdetails.fixedannuity
2024-03-29 16:18:21 INFO  Keywords:124 - InputText is called
2024-03-29 16:18:21 INFO  Keywords:282 - Waiting for webElement...financialdetails.indexannuity
2024-03-29 16:18:31 INFO  Keywords:124 - InputText is called
2024-03-29 16:18:31 INFO  Keywords:282 - Waiting for webElement...financialdetails.liquidnetworth
2024-03-29 16:18:41 INFO  Keywords:124 - InputText is called
2024-03-29 16:18:41 INFO  Keywords:282 - Waiting for webElement...financialdetails.mutualfund
2024-03-29 16:18:51 INFO  Keywords:124 - InputText is called
2024-03-29 16:18:51 INFO  Keywords:282 - Waiting for webElement...financialdetails.otherbrokerage
2024-03-29 16:19:01 INFO  Keywords:124 - InputText is called
2024-03-29 16:19:01 INFO  Keywords:282 - Waiting for webElement...financialdetails.policypremium
2024-03-29 16:19:11 INFO  Keywords:124 - InputText is called
2024-03-29 16:19:11 INFO  Keywords:282 - Waiting for webElement...financialdetails.variableannuity
2024-03-29 16:19:21 INFO  Keywords:124 - InputText is called
2024-03-29 16:19:21 INFO  Keywords:282 - Waiting for webElement...financialdetails.totalpremium
2024-03-29 16:19:31 INFO  Keywords:282 - Waiting for webElement...financialdetails.anticipatedchanges
2024-03-29 16:19:42 INFO  Keywords:282 - Waiting for webElement...financialdetails.nonguaranteedelement
2024-03-29 16:19:52 INFO  Keywords:282 - Waiting for webElement...financialdetails.reversemortgage
2024-03-29 16:20:02 INFO  Keywords:135 - ClickOnLink is called
2024-03-29 16:20:02 INFO  Keywords:282 - Waiting for webElement...next
2024-03-29 16:20:02 INFO  Keywords:285 - Element found...next
2024-03-29 16:20:18 INFO  Keywords:282 - Waiting for webElement...payment.modal
2024-03-29 16:20:44 INFO  Keywords:282 - Waiting for webElement...payment.method
2024-03-29 16:20:54 INFO  Keywords:124 - InputText is called
2024-03-29 16:20:54 INFO  Keywords:282 - Waiting for webElement...payment.premium
2024-03-29 16:21:04 INFO  Keywords:135 - ClickOnLink is called
2024-03-29 16:21:04 INFO  Keywords:282 - Waiting for webElement...next
2024-03-29 16:21:04 INFO  Keywords:285 - Element found...next
2024-03-29 16:21:21 INFO  Keywords:282 - Waiting for webElement...existinginsurance.borrowingfunds
2024-03-29 16:21:31 INFO  Keywords:282 - Waiting for webElement...existinginsurance.terminatingexistinglifepolicy
2024-03-29 16:21:41 INFO  Keywords:282 - Waiting for webElement...existinginsurance.longtermcoverage
2024-03-29 16:21:51 INFO  Keywords:282 - Waiting for webElement...existanceterminating.InsuranceCompanyName
2024-03-29 16:22:01 INFO  Keywords:124 - InputText is called
2024-03-29 16:22:01 INFO  Keywords:282 - Waiting for webElement...existanceterminating.ProductName
2024-03-29 16:22:11 INFO  Keywords:124 - InputText is called
2024-03-29 16:22:11 INFO  Keywords:282 - Waiting for webElement...existanceterminating.Insured
2024-03-29 16:22:21 INFO  Keywords:124 - InputText is called
2024-03-29 16:22:21 INFO  Keywords:282 - Waiting for webElement...existanceterminating.Owner
2024-03-29 16:22:31 INFO  Keywords:124 - InputText is called
2024-03-29 16:22:31 INFO  Keywords:282 - Waiting for webElement...existanceterminating.DateIssued
2024-03-29 16:22:42 INFO  Keywords:124 - InputText is called
2024-03-29 16:22:42 INFO  Keywords:282 - Waiting for webElement...existanceterminating.AmountOfInsurance
2024-03-29 16:22:52 INFO  Keywords:282 - Waiting for webElement...existanceterminating.ExistingInsuranceType
2024-03-29 16:23:02 INFO  Keywords:282 - Waiting for webElement...existanceterminating.ProductType
2024-03-29 16:23:12 INFO  Keywords:282 - Waiting for webElement...existanceterminating.LifeProductType
2024-03-29 16:23:22 INFO  Keywords:124 - InputText is called
2024-03-29 16:23:22 INFO  Keywords:282 - Waiting for webElement...existanceterminating.PolicyNo
2024-03-29 16:23:32 INFO  Keywords:282 - Waiting for webElement...existanceterminating.PurposeOfPolicy
2024-03-29 16:23:42 INFO  Keywords:282 - Waiting for webElement...existanceterminating.FundsNewPolicy
2024-03-29 16:23:52 INFO  Keywords:282 - Waiting for webElement...existanceterminating.ReplacingNewPolicy
2024-03-29 16:24:02 INFO  Keywords:282 - Waiting for webElement...existanceterminating.ReplacementThType
2024-03-29 16:24:13 INFO  Keywords:282 - Waiting for webElement...existanceterminating.1035ThExchange
2024-03-29 16:24:23 INFO  Keywords:124 - InputText is called
2024-03-29 16:24:23 INFO  Keywords:282 - Waiting for webElement...existanceterminating.ReasonReplacement
2024-03-29 16:24:33 INFO  Keywords:124 - InputText is called
2024-03-29 16:24:33 INFO  Keywords:282 - Waiting for webElement...existanceterminating.NoOfPolicy
2024-03-29 16:24:43 INFO  Keywords:124 - InputText is called
2024-03-29 16:24:43 INFO  Keywords:282 - Waiting for webElement...existanceterminating.PremiumPayment
2024-03-29 16:24:53 INFO  Keywords:124 - InputText is called
2024-03-29 16:24:53 INFO  Keywords:282 - Waiting for webElement...existanceterminating.FrequencyPremium
2024-03-29 16:25:03 INFO  Keywords:124 - InputText is called
2024-03-29 16:25:03 INFO  Keywords:282 - Waiting for webElement...existanceterminating.AmountBeingExchanged
2024-03-29 16:25:13 INFO  Keywords:124 - InputText is called
2024-03-29 16:25:13 INFO  Keywords:282 - Waiting for webElement...existanceterminating.SurrenderCharge
2024-03-29 16:25:23 INFO  Keywords:124 - InputText is called
2024-03-29 16:25:23 INFO  Keywords:282 - Waiting for webElement...existanceterminating.DeathBenefit
2024-03-29 16:25:34 INFO  Keywords:124 - InputText is called
2024-03-29 16:25:34 INFO  Keywords:282 - Waiting for webElement...existanceterminating.SpecialFeatures
2024-03-29 16:25:44 INFO  Keywords:282 - Waiting for webElement...existinginsurance.longtermpolicyYes
2024-03-29 16:25:54 INFO  Keywords:124 - InputText is called
2024-03-29 16:25:54 INFO  Keywords:282 - Waiting for webElement...existinglongtermpolicy.InsuranceName
2024-03-29 16:26:04 INFO  Keywords:124 - InputText is called
2024-03-29 16:26:04 INFO  Keywords:282 - Waiting for webElement...existinglongtermpolicy.policyCertificateNumber
2024-03-29 16:26:14 INFO  Keywords:124 - InputText is called
2024-03-29 16:26:14 INFO  Keywords:282 - Waiting for webElement...existinglongtermpolicy.ProductName
2024-03-29 16:26:24 INFO  Keywords:282 - Waiting for webElement...existinglongtermpolicy.ProductType
2024-03-29 16:26:34 INFO  Keywords:124 - InputText is called
2024-03-29 16:26:34 INFO  Keywords:282 - Waiting for webElement...existinglongtermpolicy.Insured
2024-03-29 16:26:44 INFO  Keywords:124 - InputText is called
2024-03-29 16:26:44 INFO  Keywords:282 - Waiting for webElement...existinglongtermpolicy.Owner
2024-03-29 16:26:55 INFO  Keywords:124 - InputText is called
2024-03-29 16:26:55 INFO  Keywords:282 - Waiting for webElement...existinglongtermpolicy.DailyBenefit
2024-03-29 16:27:05 INFO  Keywords:124 - InputText is called
2024-03-29 16:27:05 INFO  Keywords:282 - Waiting for webElement...existinglongtermpolicy.AmountOfInsurance
2024-03-29 16:27:15 INFO  Keywords:124 - InputText is called
2024-03-29 16:27:15 INFO  Keywords:282 - Waiting for webElement...existinglongtermpolicy.benefitAmount
2024-03-29 16:27:25 INFO  Keywords:124 - InputText is called
2024-03-29 16:27:25 INFO  Keywords:282 - Waiting for webElement...existinglongtermpolicy.benefitPeriod
2024-03-29 16:27:35 INFO  Keywords:282 - Waiting for webElement...existinginsurance.longterminsuranceYes
2024-03-29 16:27:45 INFO  Keywords:124 - InputText is called
2024-03-29 16:27:45 INFO  Keywords:282 - Waiting for webElement...existinglongterminsurance.InsuranceCompany
2024-03-29 16:27:55 INFO  Keywords:124 - InputText is called
2024-03-29 16:27:55 INFO  Keywords:282 - Waiting for webElement...existinglongterminsurance.Certificate
2024-03-29 16:28:05 INFO  Keywords:124 - InputText is called
2024-03-29 16:28:05 INFO  Keywords:282 - Waiting for webElement...existinglongterminsurance.LTCBenefit
2024-03-29 16:28:15 INFO  Keywords:124 - InputText is called
2024-03-29 16:28:15 INFO  Keywords:282 - Waiting for webElement...existinglongterminsurance.IssueDate
2024-03-29 16:28:26 INFO  Keywords:124 - InputText is called
2024-03-29 16:28:26 INFO  Keywords:282 - Waiting for webElement...existinglongterminsurance.LapseDate
2024-03-29 16:28:36 INFO  Keywords:135 - ClickOnLink is called
2024-03-29 16:28:36 INFO  Keywords:282 - Waiting for webElement...next
2024-03-29 16:28:36 INFO  Keywords:285 - Element found...next
2024-03-29 16:28:52 INFO  Keywords:135 - ClickOnLink is called
2024-03-29 16:28:52 INFO  Keywords:282 - Waiting for webElement...next
2024-03-29 16:28:52 INFO  Keywords:285 - Element found...next
2024-03-29 16:29:08 INFO  Keywords:124 - InputText is called
2024-03-29 16:29:08 INFO  Keywords:282 - Waiting for webElement...additionalclientquestion.q1
2024-03-29 16:29:18 INFO  Keywords:124 - InputText is called
2024-03-29 16:29:18 INFO  Keywords:282 - Waiting for webElement...additionalclientquestion.q2
2024-03-29 16:29:28 INFO  Keywords:124 - InputText is called
2024-03-29 16:29:28 INFO  Keywords:282 - Waiting for webElement...additionalclientquestion.q3
2024-03-29 16:29:38 INFO  Keywords:124 - InputText is called
2024-03-29 16:29:38 INFO  Keywords:282 - Waiting for webElement...additionalclientquestion.q4
2024-03-29 16:29:49 INFO  Keywords:124 - InputText is called
2024-03-29 16:29:49 INFO  Keywords:282 - Waiting for webElement...additionalclientquestion.q5
2024-03-29 16:29:59 INFO  Keywords:482 - GetText is called
2024-03-29 16:29:59 INFO  Keywords:282 - Waiting for webElement...ebixTxnID
2024-03-29 16:29:59 INFO  Keywords:285 - Element found...ebixTxnID
2024-03-29 16:29:59 INFO  Keywords:486 - LinkId: 526740
2024-03-29 16:29:59 INFO  Keywords:530 - LinkId: 526740
2024-03-29 16:29:59 INFO  Keywords:482 - GetText is called
2024-03-29 16:29:59 INFO  Keywords:282 - Waiting for webElement...ebixTxnID
2024-03-29 16:29:59 INFO  Keywords:285 - Element found...ebixTxnID
2024-03-29 16:29:59 INFO  Keywords:486 - LinkId: 526740
2024-03-29 16:29:59 INFO  Keywords:135 - ClickOnLink is called
2024-03-29 16:29:59 INFO  Keywords:282 - Waiting for webElement...next
2024-03-29 16:29:59 INFO  Keywords:285 - Element found...next
2024-03-29 16:30:15 INFO  Keywords:135 - ClickOnLink is called
2024-03-29 16:30:15 INFO  Keywords:282 - Waiting for webElement...validate.button
2024-03-29 16:30:57 INFO  Keywords:135 - ClickOnLink is called
2024-03-29 16:30:57 INFO  Keywords:282 - Waiting for webElement...notification.continue
2024-03-29 16:30:57 INFO  Keywords:285 - Element found...notification.continue
2024-03-29 16:31:14 INFO  Keywords:135 - ClickOnLink is called
2024-03-29 16:31:14 INFO  Keywords:282 - Waiting for webElement...esignature.optout
2024-03-29 16:32:54 INFO  Keywords:147 - VerifyText is called
2024-03-29 16:32:54 INFO  Keywords:282 - Waiting for webElement...WebElement
2024-03-29 16:32:54 INFO  Keywords:135 - ClickOnLink is called
2024-03-29 16:32:54 INFO  Keywords:282 - Waiting for webElement...attachment
2024-03-29 16:32:54 INFO  Keywords:285 - Element found...attachment
2024-03-29 16:32:55 INFO  Keywords:282 - Waiting for webElement...attachment.documenttype
2024-03-29 16:32:57 INFO  Keywords:285 - Element found...attachment.documenttype
2024-03-29 16:32:57 INFO  Keywords:124 - InputText is called
2024-03-29 16:32:57 INFO  Keywords:282 - Waiting for webElement...attachment.choosefile
2024-03-29 16:32:57 INFO  Keywords:285 - Element found...attachment.choosefile
2024-03-29 16:32:57 INFO  Keywords:135 - ClickOnLink is called
2024-03-29 16:32:57 INFO  Keywords:282 - Waiting for webElement...attachment.upload
2024-03-29 16:32:57 INFO  Keywords:285 - Element found...attachment.upload
2024-03-29 16:33:18 INFO  Keywords:135 - ClickOnLink is called
2024-03-29 16:33:18 INFO  Keywords:282 - Waiting for webElement...RequestSignatures
2024-03-29 16:33:44 INFO  Keywords:282 - Waiting for webElement...attachment.documenttype
2024-03-29 16:33:44 INFO  Keywords:285 - Element found...attachment.documenttype
2024-03-29 16:33:44 INFO  Keywords:124 - InputText is called
2024-03-29 16:33:44 INFO  Keywords:282 - Waiting for webElement...attachment.choosefile
2024-03-29 16:33:45 INFO  Keywords:285 - Element found...attachment.choosefile
2024-03-29 16:33:45 INFO  Keywords:135 - ClickOnLink is called
2024-03-29 16:33:45 INFO  Keywords:282 - Waiting for webElement...attachment.upload
2024-03-29 16:33:45 INFO  Keywords:285 - Element found...attachment.upload
2024-03-29 16:34:04 INFO  Keywords:135 - ClickOnLink is called
2024-03-29 16:34:04 INFO  Keywords:282 - Waiting for webElement...SubmitButton
2024-03-29 16:35:45 INFO  Keywords:428 - switching to parent window...
2024-03-29 16:35:45 INFO  Keywords:98 - Navigate is called
2024-03-29 16:35:46 INFO  Keywords:496 - ClearText is called
2024-03-29 16:35:46 INFO  Keywords:282 - Waiting for webElement...gateway.username
2024-03-29 16:35:46 INFO  Keywords:285 - Element found...gateway.username
2024-03-29 16:35:46 INFO  Keywords:500 - LinkId: 526740
2024-03-29 16:35:46 INFO  Keywords:124 - InputText is called
2024-03-29 16:35:46 INFO  Keywords:282 - Waiting for webElement...gateway.username
2024-03-29 16:35:46 INFO  Keywords:285 - Element found...gateway.username
2024-03-29 16:35:46 INFO  Keywords:496 - ClearText is called
2024-03-29 16:35:46 INFO  Keywords:282 - Waiting for webElement...gateway.password
2024-03-29 16:35:46 INFO  Keywords:285 - Element found...gateway.password
2024-03-29 16:35:46 INFO  Keywords:500 - LinkId: 526740
2024-03-29 16:35:46 INFO  Keywords:124 - InputText is called
2024-03-29 16:35:46 INFO  Keywords:282 - Waiting for webElement...gateway.password
2024-03-29 16:35:46 INFO  Keywords:285 - Element found...gateway.password
2024-03-29 16:35:46 INFO  Keywords:135 - ClickOnLink is called
2024-03-29 16:35:46 INFO  Keywords:282 - Waiting for webElement...gateway.login
2024-03-29 16:35:46 INFO  Keywords:285 - Element found...gateway.login
2024-03-29 16:36:05 INFO  Keywords:135 - ClickOnLink is called
2024-03-29 16:36:05 INFO  Keywords:282 - Waiting for webElement...management
2024-03-29 16:36:05 INFO  Keywords:285 - Element found...management
2024-03-29 16:36:06 INFO  Keywords:282 - Waiting for webElement...managementTools
2024-03-29 16:36:06 INFO  Keywords:285 - Element found...managementTools
2024-03-29 16:36:07 INFO  Keywords:135 - ClickOnLink is called
2024-03-29 16:36:07 INFO  Keywords:282 - Waiting for webElement...feedManagement
2024-03-29 16:36:07 INFO  Keywords:285 - Element found...feedManagement
2024-03-29 16:36:23 INFO  Keywords:135 - ClickOnLink is called
2024-03-29 16:36:23 INFO  Keywords:282 - Waiting for webElement...searchPanel
2024-03-29 16:36:23 INFO  Keywords:285 - Element found...searchPanel
2024-03-29 16:36:24 INFO  Keywords:282 - Waiting for webElement...selectTransactionID
2024-03-29 16:36:24 INFO  Keywords:285 - Element found...selectTransactionID
2024-03-29 16:36:24 INFO  Keywords:124 - InputText is called
2024-03-29 16:36:24 INFO  Keywords:282 - Waiting for webElement...enterTransactioID
2024-03-29 16:36:24 INFO  Keywords:285 - Element found...enterTransactioID
2024-03-29 16:36:24 INFO  Keywords:135 - ClickOnLink is called
2024-03-29 16:36:24 INFO  Keywords:282 - Waiting for webElement...searchbutton
2024-03-29 16:36:24 INFO  Keywords:285 - Element found...searchbutton
2024-03-29 16:36:40 INFO  Keywords:135 - ClickOnLink is called
2024-03-29 16:36:40 INFO  Keywords:282 - Waiting for webElement...transactionSearchmyResult
2024-03-29 16:36:40 INFO  Keywords:285 - Element found...transactionSearchmyResult
2024-03-29 16:36:57 INFO  Keywords:135 - ClickOnLink is called
2024-03-29 16:36:57 INFO  Keywords:282 - Waiting for webElement...onenotThree
2024-03-29 16:36:57 INFO  Keywords:285 - Element found...onenotThree
2024-03-29 16:36:57 INFO  Keywords:282 - Waiting for webElement...103ResponseXML
2024-03-29 16:37:39 INFO  Keywords:428 - switching to parent window...
2024-03-29 16:37:39 INFO  Keywords:98 - Navigate is called
2024-03-29 16:37:40 INFO  Keywords:496 - ClearText is called
2024-03-29 16:37:40 INFO  Keywords:282 - Waiting for webElement...gateway.username
2024-03-29 16:37:40 INFO  Keywords:285 - Element found...gateway.username
2024-03-29 16:37:40 INFO  Keywords:500 - LinkId: 526740
2024-03-29 16:37:40 INFO  Keywords:124 - InputText is called
2024-03-29 16:37:40 INFO  Keywords:282 - Waiting for webElement...gateway.username
2024-03-29 16:37:40 INFO  Keywords:285 - Element found...gateway.username
2024-03-29 16:37:40 INFO  Keywords:496 - ClearText is called
2024-03-29 16:37:40 INFO  Keywords:282 - Waiting for webElement...gateway.password
2024-03-29 16:37:40 INFO  Keywords:285 - Element found...gateway.password
2024-03-29 16:37:40 INFO  Keywords:500 - LinkId: 526740
2024-03-29 16:37:40 INFO  Keywords:124 - InputText is called
2024-03-29 16:37:40 INFO  Keywords:282 - Waiting for webElement...gateway.password
2024-03-29 16:37:40 INFO  Keywords:285 - Element found...gateway.password
2024-03-29 16:37:40 INFO  Keywords:135 - ClickOnLink is called
2024-03-29 16:37:40 INFO  Keywords:282 - Waiting for webElement...gateway.login
2024-03-29 16:37:40 INFO  Keywords:285 - Element found...gateway.login
2024-03-29 16:37:59 INFO  Keywords:135 - ClickOnLink is called
2024-03-29 16:37:59 INFO  Keywords:282 - Waiting for webElement...management
2024-03-29 16:37:59 INFO  Keywords:285 - Element found...management
2024-03-29 16:37:59 INFO  Keywords:282 - Waiting for webElement...managementTools
2024-03-29 16:37:59 INFO  Keywords:285 - Element found...managementTools
2024-03-29 16:38:01 INFO  Keywords:135 - ClickOnLink is called
2024-03-29 16:38:01 INFO  Keywords:282 - Waiting for webElement...feedManagement
2024-03-29 16:38:01 INFO  Keywords:285 - Element found...feedManagement
2024-03-29 16:38:17 INFO  Keywords:135 - ClickOnLink is called
2024-03-29 16:38:17 INFO  Keywords:282 - Waiting for webElement...searchPanel
2024-03-29 16:38:17 INFO  Keywords:285 - Element found...searchPanel
2024-03-29 16:38:17 INFO  Keywords:282 - Waiting for webElement...selectTransactionID
2024-03-29 16:38:17 INFO  Keywords:285 - Element found...selectTransactionID
2024-03-29 16:38:18 INFO  Keywords:124 - InputText is called
2024-03-29 16:38:18 INFO  Keywords:282 - Waiting for webElement...enterTransactioID
2024-03-29 16:38:18 INFO  Keywords:285 - Element found...enterTransactioID
2024-03-29 16:38:18 INFO  Keywords:135 - ClickOnLink is called
2024-03-29 16:38:18 INFO  Keywords:282 - Waiting for webElement...searchbutton
2024-03-29 16:38:18 INFO  Keywords:285 - Element found...searchbutton
2024-03-29 16:38:34 INFO  Keywords:135 - ClickOnLink is called
2024-03-29 16:38:34 INFO  Keywords:282 - Waiting for webElement...transactionSearchmyResult
2024-03-29 16:38:34 INFO  Keywords:285 - Element found...transactionSearchmyResult
2024-03-29 16:38:50 INFO  Keywords:135 - ClickOnLink is called
2024-03-29 16:38:50 INFO  Keywords:282 - Waiting for webElement...RTSMButton
2024-03-29 16:38:50 INFO  Keywords:285 - Element found...RTSMButton
2024-03-29 16:38:51 INFO  Keywords:282 - Waiting for webElement...RTSMResponseXML
2024-03-29 16:39:34 INFO  Keywords:98 - Navigate is called
