2024-11-13 11:27:47 INFO  Keywords:106 - Navigate is called
2024-11-13 11:27:50 INFO  Keywords:132 - InputText is called
2024-11-13 11:27:50 INFO  Keywords:309 - Waiting for webElement...gateway.username
2024-11-13 11:27:50 INFO  Keywords:313 - Element found...gateway.username
2024-11-13 11:27:50 INFO  Keywords:132 - InputText is called
2024-11-13 11:27:50 INFO  Keywords:309 - Waiting for webElement...gateway.password
2024-11-13 11:27:50 INFO  Keywords:313 - Element found...gateway.password
2024-11-13 11:27:50 INFO  Keywords:143 - ClickOnLink is called
2024-11-13 11:27:50 INFO  Keywords:309 - Waiting for webElement...gateway.login
2024-11-13 11:27:50 INFO  Keywords:313 - Element found...gateway.login
2024-11-13 11:28:27 INFO  Keywords:143 - ClickOnLink is called
2024-11-13 11:28:27 INFO  Keywords:309 - Waiting for webElement...postsamldata
2024-11-13 11:28:27 INFO  Keywords:313 - Element found...postsamldata
2024-11-13 11:28:43 INFO  Keywords:143 - ClickOnLink is called
2024-11-13 11:28:43 INFO  Keywords:309 - Waiting for webElement...next
2024-11-13 11:28:43 INFO  Keywords:313 - Element found...next
2024-11-13 11:29:02 INFO  Keywords:132 - InputText is called
2024-11-13 11:29:02 INFO  Keywords:309 - Waiting for webElement...policyConfiguration.insuranceamount
2024-11-13 11:29:02 INFO  Keywords:313 - Element found...policyConfiguration.insuranceamount
2024-11-13 11:29:02 INFO  Keywords:309 - Waiting for webElement...policyConfiguration.LTC
2024-11-13 11:29:12 INFO  Keywords:309 - Waiting for webElement...policyConfiguration.payors
2024-11-13 11:29:12 INFO  Keywords:313 - Element found...policyConfiguration.payors
2024-11-13 11:29:13 INFO  Keywords:309 - Waiting for webElement...policyConfiguration.purposeofpolicy
2024-11-13 11:29:13 INFO  Keywords:313 - Element found...policyConfiguration.purposeofpolicy
2024-11-13 11:29:13 INFO  Keywords:143 - ClickOnLink is called
2024-11-13 11:29:13 INFO  Keywords:309 - Waiting for webElement...next
2024-11-13 11:29:13 INFO  Keywords:313 - Element found...next
2024-11-13 11:30:48 INFO  Keywords:309 - Waiting for webElement...primaryinsured.birthcountry
2024-11-13 11:30:48 INFO  Keywords:313 - Element found...primaryinsured.birthcountry
2024-11-13 11:30:49 INFO  Keywords:309 - Waiting for webElement...primaryinsured.birthstate
2024-11-13 11:30:49 INFO  Keywords:313 - Element found...primaryinsured.birthstate
2024-11-13 11:30:49 INFO  Keywords:132 - InputText is called
2024-11-13 11:30:49 INFO  Keywords:309 - Waiting for webElement...primaryinsured.birthcity
2024-11-13 11:30:59 INFO  Keywords:143 - ClickOnLink is called
2024-11-13 11:30:59 INFO  Keywords:309 - Waiting for webElement...next
2024-11-13 11:30:59 INFO  Keywords:313 - Element found...next
2024-11-13 11:31:19 INFO  Keywords:143 - ClickOnLink is called
2024-11-13 11:31:19 INFO  Keywords:309 - Waiting for webElement...next
2024-11-13 11:31:19 INFO  Keywords:313 - Element found...next
2024-11-13 11:31:22 INFO  Keywords:309 - Waiting for webElement...naturalOwner.relationwithInsured
2024-11-13 11:31:22 INFO  Keywords:313 - Element found...naturalOwner.relationwithInsured
2024-11-13 11:31:22 INFO  Keywords:143 - ClickOnLink is called
2024-11-13 11:31:22 INFO  Keywords:309 - Waiting for webElement...next
2024-11-13 11:31:22 INFO  Keywords:313 - Element found...next
2024-11-13 11:31:38 INFO  Keywords:309 - Waiting for webElement...financialDetails.SourceOfFundsLI
2024-11-13 11:31:38 INFO  Keywords:313 - Element found...financialDetails.SourceOfFundsLI
2024-11-13 11:31:38 INFO  Keywords:309 - Waiting for webElement...financialDetails.SurrenderChargeSOFLI
2024-11-13 11:31:39 INFO  Keywords:313 - Element found...financialDetails.SurrenderChargeSOFLI
2024-11-13 11:31:39 INFO  Keywords:309 - Waiting for webElement...financialDetails.envisiontaking
2024-11-13 11:31:39 INFO  Keywords:313 - Element found...financialDetails.envisiontaking
2024-11-13 11:31:39 INFO  Keywords:309 - Waiting for webElement...financialDetails.federalfaxbracket
2024-11-13 11:31:39 INFO  Keywords:313 - Element found...financialDetails.federalfaxbracket
2024-11-13 11:31:39 INFO  Keywords:309 - Waiting for webElement...financialDetails.riskTolerance
2024-11-13 11:31:39 INFO  Keywords:313 - Element found...financialDetails.riskTolerance
2024-11-13 11:31:39 INFO  Keywords:309 - Waiting for webElement...financialDetails.Investmentobjectives
2024-11-13 11:31:39 INFO  Keywords:313 - Element found...financialDetails.Investmentobjectives
2024-11-13 11:31:40 INFO  Keywords:309 - Waiting for webElement...financialDetails.timehorizon
2024-11-13 11:31:40 INFO  Keywords:313 - Element found...financialDetails.timehorizon
2024-11-13 11:31:40 INFO  Keywords:309 - Waiting for webElement...financialDetails.investmentexperienceFA
2024-11-13 11:31:40 INFO  Keywords:313 - Element found...financialDetails.investmentexperienceFA
2024-11-13 11:31:40 INFO  Keywords:132 - InputText is called
2024-11-13 11:31:40 INFO  Keywords:309 - Waiting for webElement...financialDetails.investmentstartyear
2024-11-13 11:31:40 INFO  Keywords:313 - Element found...financialDetails.investmentstartyear
2024-11-13 11:31:40 INFO  Keywords:132 - InputText is called
2024-11-13 11:31:40 INFO  Keywords:309 - Waiting for webElement...financialdetails.wages
2024-11-13 11:31:40 INFO  Keywords:313 - Element found...financialdetails.wages
2024-11-13 11:31:40 INFO  Keywords:132 - InputText is called
2024-11-13 11:31:40 INFO  Keywords:309 - Waiting for webElement...financialdetails.livingexpenses
2024-11-13 11:31:40 INFO  Keywords:313 - Element found...financialdetails.livingexpenses
2024-11-13 11:31:40 INFO  Keywords:132 - InputText is called
2024-11-13 11:31:40 INFO  Keywords:309 - Waiting for webElement...financialdetails.personalinvestment
2024-11-13 11:31:40 INFO  Keywords:313 - Element found...financialdetails.personalinvestment
2024-11-13 11:31:40 INFO  Keywords:132 - InputText is called
2024-11-13 11:31:40 INFO  Keywords:309 - Waiting for webElement...financialdetails.fixeddebtexpenses
2024-11-13 11:31:40 INFO  Keywords:313 - Element found...financialdetails.fixeddebtexpenses
2024-11-13 11:31:40 INFO  Keywords:132 - InputText is called
2024-11-13 11:31:40 INFO  Keywords:309 - Waiting for webElement...financialdetails.rentalincome
2024-11-13 11:31:51 INFO  Keywords:132 - InputText is called
2024-11-13 11:31:51 INFO  Keywords:309 - Waiting for webElement...financialdetails.variabledebtexpenses
2024-11-13 11:32:01 INFO  Keywords:132 - InputText is called
2024-11-13 11:32:01 INFO  Keywords:309 - Waiting for webElement...financialdetails.incomepension
2024-11-13 11:32:11 INFO  Keywords:132 - InputText is called
2024-11-13 11:32:11 INFO  Keywords:309 - Waiting for webElement...financialdetails.discretionaryexpenses
2024-11-13 11:32:21 INFO  Keywords:132 - InputText is called
2024-11-13 11:32:21 INFO  Keywords:309 - Waiting for webElement...financialdetails.socialsecurityincome
2024-11-13 11:32:31 INFO  Keywords:132 - InputText is called
2024-11-13 11:32:31 INFO  Keywords:309 - Waiting for webElement...financialdetails.otherincome
2024-11-13 11:32:41 INFO  Keywords:132 - InputText is called
2024-11-13 11:32:41 INFO  Keywords:309 - Waiting for webElement...financialdetails.bonds
2024-11-13 11:32:41 INFO  Keywords:313 - Element found...financialdetails.bonds
2024-11-13 11:32:41 INFO  Keywords:132 - InputText is called
2024-11-13 11:32:41 INFO  Keywords:309 - Waiting for webElement...financialdetails.businessTrustRealstate
2024-11-13 11:32:41 INFO  Keywords:313 - Element found...financialdetails.businessTrustRealstate
2024-11-13 11:32:41 INFO  Keywords:132 - InputText is called
2024-11-13 11:32:41 INFO  Keywords:309 - Waiting for webElement...financialdetails.retirementplan
2024-11-13 11:32:41 INFO  Keywords:313 - Element found...financialdetails.retirementplan
2024-11-13 11:32:41 INFO  Keywords:132 - InputText is called
2024-11-13 11:32:41 INFO  Keywords:309 - Waiting for webElement...financialdetails.equities
2024-11-13 11:32:41 INFO  Keywords:313 - Element found...financialdetails.equities
2024-11-13 11:32:41 INFO  Keywords:132 - InputText is called
2024-11-13 11:32:41 INFO  Keywords:309 - Waiting for webElement...financialdetails.facevalueilfeinsurance
2024-11-13 11:32:41 INFO  Keywords:313 - Element found...financialdetails.facevalueilfeinsurance
2024-11-13 11:32:41 INFO  Keywords:132 - InputText is called
2024-11-13 11:32:41 INFO  Keywords:309 - Waiting for webElement...financialdetails.fixedannuity
2024-11-13 11:32:41 INFO  Keywords:313 - Element found...financialdetails.fixedannuity
2024-11-13 11:32:41 INFO  Keywords:132 - InputText is called
2024-11-13 11:32:41 INFO  Keywords:309 - Waiting for webElement...financialdetails.indexannuity
2024-11-13 11:32:41 INFO  Keywords:313 - Element found...financialdetails.indexannuity
2024-11-13 11:32:41 INFO  Keywords:132 - InputText is called
2024-11-13 11:32:41 INFO  Keywords:309 - Waiting for webElement...financialdetails.liquidnetworth
2024-11-13 11:32:41 INFO  Keywords:313 - Element found...financialdetails.liquidnetworth
2024-11-13 11:32:41 INFO  Keywords:132 - InputText is called
2024-11-13 11:32:41 INFO  Keywords:309 - Waiting for webElement...financialdetails.AlerternativeInvetment
2024-11-13 11:32:41 INFO  Keywords:313 - Element found...financialdetails.AlerternativeInvetment
2024-11-13 11:32:41 INFO  Keywords:132 - InputText is called
2024-11-13 11:32:41 INFO  Keywords:309 - Waiting for webElement...financialdetails.mutualfund
2024-11-13 11:32:41 INFO  Keywords:313 - Element found...financialdetails.mutualfund
2024-11-13 11:32:41 INFO  Keywords:132 - InputText is called
2024-11-13 11:32:41 INFO  Keywords:309 - Waiting for webElement...financialdetails.otherbrokerage
2024-11-13 11:32:41 INFO  Keywords:313 - Element found...financialdetails.otherbrokerage
2024-11-13 11:32:41 INFO  Keywords:132 - InputText is called
2024-11-13 11:32:41 INFO  Keywords:309 - Waiting for webElement...financialdetails.policypremium
2024-11-13 11:32:41 INFO  Keywords:313 - Element found...financialdetails.policypremium
2024-11-13 11:32:41 INFO  Keywords:132 - InputText is called
2024-11-13 11:32:41 INFO  Keywords:309 - Waiting for webElement...financialdetails.variableannuity
2024-11-13 11:32:41 INFO  Keywords:313 - Element found...financialdetails.variableannuity
2024-11-13 11:32:41 INFO  Keywords:132 - InputText is called
2024-11-13 11:32:41 INFO  Keywords:309 - Waiting for webElement...financialdetails.totalpremium
2024-11-13 11:32:41 INFO  Keywords:313 - Element found...financialdetails.totalpremium
2024-11-13 11:32:42 INFO  Keywords:309 - Waiting for webElement...financialdetails.anticipatedchanges
2024-11-13 11:32:42 INFO  Keywords:313 - Element found...financialdetails.anticipatedchanges
2024-11-13 11:32:42 INFO  Keywords:309 - Waiting for webElement...financialdetails.nonguaranteedelement
2024-11-13 11:33:32 INFO  Keywords:309 - Waiting for webElement...financialdetails.reversemortgage
2024-11-13 11:33:32 INFO  Keywords:313 - Element found...financialdetails.reversemortgage
2024-11-13 11:33:32 INFO  Keywords:143 - ClickOnLink is called
2024-11-13 11:33:32 INFO  Keywords:309 - Waiting for webElement...next
2024-11-13 11:33:32 INFO  Keywords:313 - Element found...next
2024-11-13 11:33:54 INFO  Keywords:309 - Waiting for webElement...payment.modal
2024-11-13 11:34:20 INFO  Keywords:309 - Waiting for webElement...payment.method
2024-11-13 11:34:30 INFO  Keywords:132 - InputText is called
2024-11-13 11:34:30 INFO  Keywords:309 - Waiting for webElement...payment.premium
2024-11-13 11:34:40 INFO  Keywords:143 - ClickOnLink is called
2024-11-13 11:34:40 INFO  Keywords:309 - Waiting for webElement...next
2024-11-13 11:34:40 INFO  Keywords:313 - Element found...next
2024-11-13 11:34:56 INFO  Keywords:309 - Waiting for webElement...existinginsurance.borrowingfunds
2024-11-13 11:35:06 INFO  Keywords:309 - Waiting for webElement...existinginsurance.terminatingexistinglifepolicy
2024-11-13 11:35:16 INFO  Keywords:309 - Waiting for webElement...existinginsurance.longtermcoverage
2024-11-13 11:35:26 INFO  Keywords:309 - Waiting for webElement...existanceterminating.InsuranceCompanyName
2024-11-13 11:35:36 INFO  Keywords:132 - InputText is called
2024-11-13 11:35:36 INFO  Keywords:309 - Waiting for webElement...existanceterminating.ProductName
2024-11-13 11:35:46 INFO  Keywords:132 - InputText is called
2024-11-13 11:35:46 INFO  Keywords:309 - Waiting for webElement...existanceterminating.Insured
2024-11-13 11:35:57 INFO  Keywords:132 - InputText is called
2024-11-13 11:35:57 INFO  Keywords:309 - Waiting for webElement...existanceterminating.Owner
2024-11-13 11:36:07 INFO  Keywords:132 - InputText is called
2024-11-13 11:36:07 INFO  Keywords:309 - Waiting for webElement...existanceterminating.DateIssued
2024-11-13 11:36:17 INFO  Keywords:132 - InputText is called
2024-11-13 11:36:17 INFO  Keywords:309 - Waiting for webElement...existanceterminating.AmountOfInsurance
2024-11-13 11:36:27 INFO  Keywords:309 - Waiting for webElement...existanceterminating.ExistingInsuranceType
