2024-08-01 11:29:45 INFO  Keywords:102 - Navigate is called
2024-08-01 11:29:47 INFO  Keywords:128 - InputText is called
2024-08-01 11:29:47 INFO  Keywords:299 - Waiting for webElement...gateway.username
2024-08-01 11:29:48 INFO  Keywords:303 - Element found...gateway.username
2024-08-01 11:29:48 INFO  Keywords:128 - InputText is called
2024-08-01 11:29:48 INFO  Keywords:299 - Waiting for webElement...gateway.password
2024-08-01 11:29:48 INFO  Keywords:303 - Element found...gateway.password
2024-08-01 11:29:48 INFO  Keywords:139 - ClickOnLink is called
2024-08-01 11:29:48 INFO  Keywords:299 - Waiting for webElement...gateway.login
2024-08-01 11:29:48 INFO  Keywords:303 - Element found...gateway.login
2024-08-01 11:30:24 INFO  Keywords:139 - ClickOnLink is called
2024-08-01 11:30:24 INFO  Keywords:299 - Waiting for webElement...postsamldata
2024-08-01 11:30:24 INFO  Keywords:303 - Element found...postsamldata
2024-08-01 11:30:41 INFO  Keywords:139 - ClickOnLink is called
2024-08-01 11:30:41 INFO  Keywords:299 - Waiting for webElement...next
2024-08-01 11:31:07 INFO  Keywords:128 - InputText is called
2024-08-01 11:31:07 INFO  Keywords:299 - Waiting for webElement...policyConfiguration.insuranceamount
2024-08-01 11:31:17 INFO  Keywords:299 - Waiting for webElement...policyConfiguration.LTC
2024-08-01 11:31:27 INFO  Keywords:299 - Waiting for webElement...policyConfiguration.payors
2024-08-01 11:31:37 INFO  Keywords:299 - Waiting for webElement...policyConfiguration.purposeofpolicy
2024-08-01 11:31:47 INFO  Keywords:139 - ClickOnLink is called
2024-08-01 11:31:47 INFO  Keywords:299 - Waiting for webElement...next
2024-08-01 11:31:47 INFO  Keywords:303 - Element found...next
2024-08-01 11:33:22 INFO  Keywords:299 - Waiting for webElement...primaryinsured.birthcountry
2024-08-01 11:33:32 INFO  Keywords:299 - Waiting for webElement...primaryinsured.birthstate
2024-08-01 11:33:43 INFO  Keywords:128 - InputText is called
2024-08-01 11:33:43 INFO  Keywords:299 - Waiting for webElement...primaryinsured.birthcity
2024-08-01 11:33:53 INFO  Keywords:139 - ClickOnLink is called
2024-08-01 11:33:53 INFO  Keywords:299 - Waiting for webElement...next
2024-08-01 11:33:53 INFO  Keywords:303 - Element found...next
2024-08-01 11:34:09 INFO  Keywords:139 - ClickOnLink is called
2024-08-01 11:34:09 INFO  Keywords:299 - Waiting for webElement...next
2024-08-01 11:34:09 INFO  Keywords:303 - Element found...next
2024-08-01 11:34:09 INFO  Keywords:299 - Waiting for webElement...naturalOwner.relationwithInsured
2024-08-01 11:34:19 INFO  Keywords:139 - ClickOnLink is called
2024-08-01 11:34:19 INFO  Keywords:299 - Waiting for webElement...next
2024-08-01 11:34:19 INFO  Keywords:303 - Element found...next
2024-08-01 11:34:35 INFO  Keywords:299 - Waiting for webElement...financialDetails.SourceOfFundsLI
2024-08-01 11:34:45 INFO  Keywords:299 - Waiting for webElement...financialDetails.SurrenderChargeSOFLI
2024-08-01 11:34:55 INFO  Keywords:299 - Waiting for webElement...financialDetails.envisiontaking
2024-08-01 11:35:05 INFO  Keywords:299 - Waiting for webElement...financialDetails.federalfaxbracket
2024-08-01 11:35:15 INFO  Keywords:299 - Waiting for webElement...financialDetails.riskTolerance
2024-08-01 11:35:25 INFO  Keywords:299 - Waiting for webElement...financialDetails.Investmentobjectives
2024-08-01 11:35:36 INFO  Keywords:299 - Waiting for webElement...financialDetails.timehorizon
2024-08-01 11:35:46 INFO  Keywords:299 - Waiting for webElement...financialDetails.investmentexperienceFA
2024-08-01 11:35:56 INFO  Keywords:128 - InputText is called
2024-08-01 11:35:56 INFO  Keywords:299 - Waiting for webElement...financialDetails.investmentstartyear
2024-08-01 11:36:06 INFO  Keywords:128 - InputText is called
2024-08-01 11:36:06 INFO  Keywords:299 - Waiting for webElement...financialdetails.wages
2024-08-01 11:36:16 INFO  Keywords:128 - InputText is called
2024-08-01 11:36:16 INFO  Keywords:299 - Waiting for webElement...financialdetails.livingexpenses
2024-08-01 11:36:30 INFO  Keywords:128 - InputText is called
2024-08-01 11:36:30 INFO  Keywords:299 - Waiting for webElement...financialdetails.personalinvestment
2024-08-01 11:36:40 INFO  Keywords:128 - InputText is called
2024-08-01 11:36:40 INFO  Keywords:299 - Waiting for webElement...financialdetails.fixeddebtexpenses
2024-08-01 11:36:50 INFO  Keywords:128 - InputText is called
2024-08-01 11:36:50 INFO  Keywords:299 - Waiting for webElement...financialdetails.rentalincome
2024-08-01 11:37:00 INFO  Keywords:128 - InputText is called
2024-08-01 11:37:00 INFO  Keywords:299 - Waiting for webElement...financialdetails.variabledebtexpenses
2024-08-01 11:37:11 INFO  Keywords:128 - InputText is called
2024-08-01 11:37:11 INFO  Keywords:299 - Waiting for webElement...financialdetails.incomepension
2024-08-01 11:37:21 INFO  Keywords:128 - InputText is called
2024-08-01 11:37:21 INFO  Keywords:299 - Waiting for webElement...financialdetails.discretionaryexpenses
2024-08-01 11:37:31 INFO  Keywords:128 - InputText is called
2024-08-01 11:37:31 INFO  Keywords:299 - Waiting for webElement...financialdetails.socialsecurityincome
2024-08-01 11:37:41 INFO  Keywords:128 - InputText is called
2024-08-01 11:37:41 INFO  Keywords:299 - Waiting for webElement...financialdetails.otherincome
2024-08-01 11:37:51 INFO  Keywords:128 - InputText is called
2024-08-01 11:37:51 INFO  Keywords:299 - Waiting for webElement...financialdetails.bonds
2024-08-01 11:38:01 INFO  Keywords:128 - InputText is called
2024-08-01 11:38:01 INFO  Keywords:299 - Waiting for webElement...financialdetails.businessTrustRealstate
2024-08-01 11:38:11 INFO  Keywords:128 - InputText is called
2024-08-01 11:38:11 INFO  Keywords:299 - Waiting for webElement...financialdetails.retirementplan
2024-08-01 11:38:21 INFO  Keywords:128 - InputText is called
2024-08-01 11:38:21 INFO  Keywords:299 - Waiting for webElement...financialdetails.equities
2024-08-01 11:38:31 INFO  Keywords:128 - InputText is called
2024-08-01 11:38:31 INFO  Keywords:299 - Waiting for webElement...financialdetails.facevalueilfeinsurance
2024-08-01 11:38:41 INFO  Keywords:128 - InputText is called
2024-08-01 11:38:41 INFO  Keywords:299 - Waiting for webElement...financialdetails.fixedannuity
2024-08-01 11:38:51 INFO  Keywords:128 - InputText is called
2024-08-01 11:38:51 INFO  Keywords:299 - Waiting for webElement...financialdetails.indexannuity
2024-08-01 11:39:01 INFO  Keywords:128 - InputText is called
2024-08-01 11:39:01 INFO  Keywords:299 - Waiting for webElement...financialdetails.liquidnetworth
2024-08-01 11:39:12 INFO  Keywords:128 - InputText is called
2024-08-01 11:39:12 INFO  Keywords:299 - Waiting for webElement...financialdetails.mutualfund
2024-08-01 11:39:22 INFO  Keywords:128 - InputText is called
2024-08-01 11:39:22 INFO  Keywords:299 - Waiting for webElement...financialdetails.otherbrokerage
2024-08-01 11:39:32 INFO  Keywords:128 - InputText is called
2024-08-01 11:39:32 INFO  Keywords:299 - Waiting for webElement...financialdetails.policypremium
2024-08-01 11:39:42 INFO  Keywords:128 - InputText is called
2024-08-01 11:39:42 INFO  Keywords:299 - Waiting for webElement...financialdetails.variableannuity
2024-08-01 11:39:52 INFO  Keywords:128 - InputText is called
2024-08-01 11:39:52 INFO  Keywords:299 - Waiting for webElement...financialdetails.totalpremium
2024-08-01 11:40:02 INFO  Keywords:299 - Waiting for webElement...financialdetails.anticipatedchanges
2024-08-01 11:40:12 INFO  Keywords:299 - Waiting for webElement...financialdetails.nonguaranteedelement
2024-08-01 11:40:22 INFO  Keywords:299 - Waiting for webElement...financialdetails.reversemortgage
2024-08-01 11:40:32 INFO  Keywords:139 - ClickOnLink is called
2024-08-01 11:40:32 INFO  Keywords:299 - Waiting for webElement...next
2024-08-01 11:40:32 INFO  Keywords:303 - Element found...next
2024-08-01 11:40:54 INFO  Keywords:299 - Waiting for webElement...payment.modal
