2024-05-16 12:29:59 INFO  Keywords:98 - Navigate is called
2024-05-16 12:30:03 INFO  Keywords:124 - InputText is called
2024-05-16 12:30:03 INFO  Keywords:282 - Waiting for webElement...gateway.username
2024-05-16 12:30:04 INFO  Keywords:285 - Element found...gateway.username
2024-05-16 12:30:04 INFO  Keywords:124 - InputText is called
2024-05-16 12:30:04 INFO  Keywords:282 - Waiting for webElement...gateway.password
2024-05-16 12:30:04 INFO  Keywords:285 - Element found...gateway.password
2024-05-16 12:30:04 INFO  Keywords:135 - ClickOnLink is called
2024-05-16 12:30:04 INFO  Keywords:282 - Waiting for webElement...gateway.login
2024-05-16 12:30:04 INFO  Keywords:285 - Element found...gateway.login
2024-05-16 12:30:46 INFO  Keywords:135 - ClickOnLink is called
2024-05-16 12:30:46 INFO  Keywords:282 - Waiting for webElement...postsamldata
2024-05-16 12:30:46 INFO  Keywords:285 - Element found...postsamldata
2024-05-16 12:31:02 INFO  Keywords:135 - ClickOnLink is called
2024-05-16 12:31:02 INFO  Keywords:282 - Waiting for webElement...next
2024-05-16 12:31:02 INFO  Keywords:285 - Element found...next
2024-05-16 12:31:26 INFO  Keywords:124 - InputText is called
2024-05-16 12:31:26 INFO  Keywords:282 - Waiting for webElement...policyConfiguration.insuranceamount
2024-05-16 12:31:26 INFO  Keywords:285 - Element found...policyConfiguration.insuranceamount
2024-05-16 12:31:26 INFO  Keywords:282 - Waiting for webElement...policyConfiguration.LTC
2024-05-16 12:31:26 INFO  Keywords:285 - Element found...policyConfiguration.LTC
2024-05-16 12:31:26 INFO  Keywords:282 - Waiting for webElement...policyConfiguration.payors
2024-05-16 12:31:26 INFO  Keywords:285 - Element found...policyConfiguration.payors
2024-05-16 12:31:26 INFO  Keywords:282 - Waiting for webElement...policyConfiguration.purposeofpolicy
2024-05-16 12:31:26 INFO  Keywords:285 - Element found...policyConfiguration.purposeofpolicy
2024-05-16 12:31:27 INFO  Keywords:135 - ClickOnLink is called
2024-05-16 12:31:27 INFO  Keywords:282 - Waiting for webElement...next
2024-05-16 12:31:27 INFO  Keywords:285 - Element found...next
2024-05-16 12:33:02 INFO  Keywords:282 - Waiting for webElement...primaryinsured.birthcountry
2024-05-16 12:33:02 INFO  Keywords:285 - Element found...primaryinsured.birthcountry
2024-05-16 12:33:02 INFO  Keywords:282 - Waiting for webElement...primaryinsured.birthstate
2024-05-16 12:33:02 INFO  Keywords:285 - Element found...primaryinsured.birthstate
2024-05-16 12:33:03 INFO  Keywords:124 - InputText is called
2024-05-16 12:33:03 INFO  Keywords:282 - Waiting for webElement...primaryinsured.birthcity
2024-05-16 12:33:14 INFO  Keywords:135 - ClickOnLink is called
2024-05-16 12:33:14 INFO  Keywords:282 - Waiting for webElement...next
2024-05-16 12:33:14 INFO  Keywords:285 - Element found...next
2024-05-16 12:33:36 INFO  Keywords:135 - ClickOnLink is called
2024-05-16 12:33:36 INFO  Keywords:282 - Waiting for webElement...next
2024-05-16 12:33:36 INFO  Keywords:285 - Element found...next
2024-05-16 12:34:00 INFO  Keywords:282 - Waiting for webElement...EntityRelationship
2024-05-16 12:34:00 INFO  Keywords:285 - Element found...EntityRelationship
2024-05-16 12:34:00 INFO  Keywords:135 - ClickOnLink is called
2024-05-16 12:34:00 INFO  Keywords:282 - Waiting for webElement...next
2024-05-16 12:34:00 INFO  Keywords:285 - Element found...next
2024-05-16 12:34:24 INFO  Keywords:282 - Waiting for webElement...financialDetails.SourceOfFundsLI
2024-05-16 12:34:24 INFO  Keywords:285 - Element found...financialDetails.SourceOfFundsLI
2024-05-16 12:34:24 INFO  Keywords:282 - Waiting for webElement...financialDetails.SurrenderChargeSOFLI
2024-05-16 12:34:24 INFO  Keywords:285 - Element found...financialDetails.SurrenderChargeSOFLI
2024-05-16 12:34:24 INFO  Keywords:282 - Waiting for webElement...financialDetails.envisiontaking
2024-05-16 12:34:24 INFO  Keywords:285 - Element found...financialDetails.envisiontaking
2024-05-16 12:34:25 INFO  Keywords:282 - Waiting for webElement...financialDetails.federalfaxbracket
2024-05-16 12:34:25 INFO  Keywords:285 - Element found...financialDetails.federalfaxbracket
2024-05-16 12:34:25 INFO  Keywords:282 - Waiting for webElement...financialDetails.riskTolerance
2024-05-16 12:34:25 INFO  Keywords:285 - Element found...financialDetails.riskTolerance
2024-05-16 12:34:25 INFO  Keywords:282 - Waiting for webElement...financialDetails.Investmentobjectives
2024-05-16 12:34:25 INFO  Keywords:285 - Element found...financialDetails.Investmentobjectives
2024-05-16 12:34:25 INFO  Keywords:282 - Waiting for webElement...financialDetails.timehorizon
2024-05-16 12:34:25 INFO  Keywords:285 - Element found...financialDetails.timehorizon
2024-05-16 12:34:26 INFO  Keywords:282 - Waiting for webElement...financialDetails.investmentexperienceFA
2024-05-16 12:34:26 INFO  Keywords:285 - Element found...financialDetails.investmentexperienceFA
2024-05-16 12:34:26 INFO  Keywords:124 - InputText is called
2024-05-16 12:34:26 INFO  Keywords:282 - Waiting for webElement...financialDetails.investmentstartyear
2024-05-16 12:34:26 INFO  Keywords:285 - Element found...financialDetails.investmentstartyear
2024-05-16 12:34:26 INFO  Keywords:124 - InputText is called
2024-05-16 12:34:26 INFO  Keywords:282 - Waiting for webElement...financialdetails.livingexpenses
2024-05-16 12:34:26 INFO  Keywords:285 - Element found...financialdetails.livingexpenses
2024-05-16 12:34:26 INFO  Keywords:124 - InputText is called
2024-05-16 12:34:26 INFO  Keywords:282 - Waiting for webElement...financialdetails.fixeddebtexpenses
2024-05-16 12:34:26 INFO  Keywords:285 - Element found...financialdetails.fixeddebtexpenses
2024-05-16 12:34:26 INFO  Keywords:124 - InputText is called
2024-05-16 12:34:26 INFO  Keywords:282 - Waiting for webElement...financialdetails.variabledebtexpenses
2024-05-16 12:34:26 INFO  Keywords:285 - Element found...financialdetails.variabledebtexpenses
2024-05-16 12:34:26 INFO  Keywords:124 - InputText is called
2024-05-16 12:34:26 INFO  Keywords:282 - Waiting for webElement...financialdetails.discretionaryexpenses
2024-05-16 12:34:26 INFO  Keywords:285 - Element found...financialdetails.discretionaryexpenses
2024-05-16 12:34:26 INFO  Keywords:124 - InputText is called
2024-05-16 12:34:26 INFO  Keywords:282 - Waiting for webElement...financialdetails.Annualrincome
2024-05-16 12:34:27 INFO  Keywords:285 - Element found...financialdetails.Annualrincome
2024-05-16 12:34:27 INFO  Keywords:124 - InputText is called
2024-05-16 12:34:27 INFO  Keywords:282 - Waiting for webElement...financialdetails.businessTrustRealstate
2024-05-16 12:34:27 INFO  Keywords:285 - Element found...financialdetails.businessTrustRealstate
2024-05-16 12:34:27 INFO  Keywords:124 - InputText is called
2024-05-16 12:34:27 INFO  Keywords:282 - Waiting for webElement...financialdetails.liquidnetworth
2024-05-16 12:34:27 INFO  Keywords:285 - Element found...financialdetails.liquidnetworth
2024-05-16 12:34:27 INFO  Keywords:124 - InputText is called
2024-05-16 12:34:27 INFO  Keywords:282 - Waiting for webElement...financialdetails.policypremium
2024-05-16 12:34:27 INFO  Keywords:285 - Element found...financialdetails.policypremium
2024-05-16 12:34:27 INFO  Keywords:124 - InputText is called
2024-05-16 12:34:27 INFO  Keywords:282 - Waiting for webElement...financialdetails.InvestibleAssets
2024-05-16 12:34:27 INFO  Keywords:285 - Element found...financialdetails.InvestibleAssets
2024-05-16 12:34:27 INFO  Keywords:124 - InputText is called
2024-05-16 12:34:27 INFO  Keywords:282 - Waiting for webElement...financialdetails.totalpremium
2024-05-16 12:34:27 INFO  Keywords:285 - Element found...financialdetails.totalpremium
2024-05-16 12:34:27 INFO  Keywords:282 - Waiting for webElement...financialdetails.anticipatedchanges
2024-05-16 12:34:27 INFO  Keywords:285 - Element found...financialdetails.anticipatedchanges
2024-05-16 12:34:27 INFO  Keywords:282 - Waiting for webElement...financialdetails.nonguaranteedelement
2024-05-16 12:34:27 INFO  Keywords:285 - Element found...financialdetails.nonguaranteedelement
2024-05-16 12:34:28 INFO  Keywords:282 - Waiting for webElement...financialdetails.reversemortgage
2024-05-16 12:34:28 INFO  Keywords:285 - Element found...financialdetails.reversemortgage
2024-05-16 12:34:28 INFO  Keywords:135 - ClickOnLink is called
2024-05-16 12:34:28 INFO  Keywords:282 - Waiting for webElement...next
2024-05-16 12:34:28 INFO  Keywords:285 - Element found...next
2024-05-16 12:34:35 INFO  Keywords:282 - Waiting for webElement...jointOwnerInsured
2024-05-16 12:34:35 INFO  Keywords:285 - Element found...jointOwnerInsured
2024-05-16 12:34:36 INFO  Keywords:282 - Waiting for webElement...jointOwnerJointInsured
2024-05-16 12:35:26 INFO  Keywords:135 - ClickOnLink is called
2024-05-16 12:35:26 INFO  Keywords:282 - Waiting for webElement...next
2024-05-16 12:35:26 INFO  Keywords:285 - Element found...next
2024-05-16 12:35:47 INFO  Keywords:282 - Waiting for webElement...payment.modal
2024-05-16 12:35:47 INFO  Keywords:285 - Element found...payment.modal
2024-05-16 12:36:04 INFO  Keywords:282 - Waiting for webElement...payment.method
2024-05-16 12:36:04 INFO  Keywords:285 - Element found...payment.method
2024-05-16 12:36:04 INFO  Keywords:124 - InputText is called
2024-05-16 12:36:04 INFO  Keywords:282 - Waiting for webElement...payment.premium
2024-05-16 12:36:04 INFO  Keywords:285 - Element found...payment.premium
2024-05-16 12:36:04 INFO  Keywords:135 - ClickOnLink is called
2024-05-16 12:36:04 INFO  Keywords:282 - Waiting for webElement...next
2024-05-16 12:36:04 INFO  Keywords:285 - Element found...next
2024-05-16 12:36:28 INFO  Keywords:282 - Waiting for webElement...existinginsurance.borrowingfunds
2024-05-16 12:36:28 INFO  Keywords:285 - Element found...existinginsurance.borrowingfunds
2024-05-16 12:36:28 INFO  Keywords:282 - Waiting for webElement...existinginsurance.terminatingexistinglifepolicy
2024-05-16 12:36:28 INFO  Keywords:285 - Element found...existinginsurance.terminatingexistinglifepolicy
2024-05-16 12:36:28 INFO  Keywords:282 - Waiting for webElement...existinginsurance.longtermcoverage
2024-05-16 12:36:28 INFO  Keywords:285 - Element found...existinginsurance.longtermcoverage
2024-05-16 12:36:29 INFO  Keywords:282 - Waiting for webElement...existanceterminating.InsuranceCompanyName
2024-05-16 12:36:29 INFO  Keywords:285 - Element found...existanceterminating.InsuranceCompanyName
2024-05-16 12:36:29 INFO  Keywords:124 - InputText is called
2024-05-16 12:36:29 INFO  Keywords:282 - Waiting for webElement...existanceterminating.ProductName
2024-05-16 12:36:29 INFO  Keywords:285 - Element found...existanceterminating.ProductName
2024-05-16 12:36:29 INFO  Keywords:124 - InputText is called
2024-05-16 12:36:29 INFO  Keywords:282 - Waiting for webElement...existanceterminating.Insured
2024-05-16 12:36:30 INFO  Keywords:285 - Element found...existanceterminating.Insured
2024-05-16 12:36:30 INFO  Keywords:124 - InputText is called
2024-05-16 12:36:30 INFO  Keywords:282 - Waiting for webElement...existanceterminating.Owner
2024-05-16 12:36:30 INFO  Keywords:285 - Element found...existanceterminating.Owner
2024-05-16 12:36:30 INFO  Keywords:124 - InputText is called
2024-05-16 12:36:30 INFO  Keywords:282 - Waiting for webElement...existanceterminating.DateIssued
2024-05-16 12:36:30 INFO  Keywords:285 - Element found...existanceterminating.DateIssued
2024-05-16 12:36:30 INFO  Keywords:124 - InputText is called
2024-05-16 12:36:30 INFO  Keywords:282 - Waiting for webElement...existanceterminating.AmountOfInsurance
2024-05-16 12:36:30 INFO  Keywords:285 - Element found...existanceterminating.AmountOfInsurance
2024-05-16 12:36:30 INFO  Keywords:282 - Waiting for webElement...existanceterminating.ExistingInsuranceType
2024-05-16 12:36:30 INFO  Keywords:285 - Element found...existanceterminating.ExistingInsuranceType
2024-05-16 12:36:30 INFO  Keywords:282 - Waiting for webElement...existanceterminating.ProductType
2024-05-16 12:36:30 INFO  Keywords:285 - Element found...existanceterminating.ProductType
2024-05-16 12:36:31 INFO  Keywords:282 - Waiting for webElement...existanceterminating.LifeProductType
2024-05-16 12:36:31 INFO  Keywords:285 - Element found...existanceterminating.LifeProductType
2024-05-16 12:36:31 INFO  Keywords:124 - InputText is called
2024-05-16 12:36:31 INFO  Keywords:282 - Waiting for webElement...existanceterminating.PolicyNo
2024-05-16 12:36:31 INFO  Keywords:285 - Element found...existanceterminating.PolicyNo
2024-05-16 12:36:31 INFO  Keywords:282 - Waiting for webElement...existanceterminating.PurposeOfPolicy
2024-05-16 12:36:31 INFO  Keywords:285 - Element found...existanceterminating.PurposeOfPolicy
2024-05-16 12:36:31 INFO  Keywords:282 - Waiting for webElement...existanceterminating.FundsNewPolicy
2024-05-16 12:36:31 INFO  Keywords:285 - Element found...existanceterminating.FundsNewPolicy
2024-05-16 12:36:32 INFO  Keywords:282 - Waiting for webElement...existanceterminating.ReplacingNewPolicy
2024-05-16 12:36:32 INFO  Keywords:285 - Element found...existanceterminating.ReplacingNewPolicy
2024-05-16 12:36:32 INFO  Keywords:282 - Waiting for webElement...existanceterminating.ReplacementThType
2024-05-16 12:36:32 INFO  Keywords:285 - Element found...existanceterminating.ReplacementThType
2024-05-16 12:36:32 INFO  Keywords:282 - Waiting for webElement...existanceterminating.1035ThExchange
2024-05-16 12:36:32 INFO  Keywords:285 - Element found...existanceterminating.1035ThExchange
2024-05-16 12:36:32 INFO  Keywords:124 - InputText is called
2024-05-16 12:36:32 INFO  Keywords:282 - Waiting for webElement...existanceterminating.ReasonReplacement
2024-05-16 12:36:33 INFO  Keywords:285 - Element found...existanceterminating.ReasonReplacement
2024-05-16 12:36:33 INFO  Keywords:124 - InputText is called
2024-05-16 12:36:33 INFO  Keywords:282 - Waiting for webElement...existanceterminating.NoOfPolicy
2024-05-16 12:36:33 INFO  Keywords:285 - Element found...existanceterminating.NoOfPolicy
2024-05-16 12:36:33 INFO  Keywords:124 - InputText is called
2024-05-16 12:36:33 INFO  Keywords:282 - Waiting for webElement...existanceterminating.PremiumPayment
2024-05-16 12:36:33 INFO  Keywords:285 - Element found...existanceterminating.PremiumPayment
2024-05-16 12:36:33 INFO  Keywords:124 - InputText is called
2024-05-16 12:36:33 INFO  Keywords:282 - Waiting for webElement...existanceterminating.FrequencyPremium
2024-05-16 12:36:33 INFO  Keywords:285 - Element found...existanceterminating.FrequencyPremium
2024-05-16 12:36:33 INFO  Keywords:124 - InputText is called
2024-05-16 12:36:33 INFO  Keywords:282 - Waiting for webElement...existanceterminating.AmountBeingExchanged
2024-05-16 12:36:33 INFO  Keywords:285 - Element found...existanceterminating.AmountBeingExchanged
2024-05-16 12:36:33 INFO  Keywords:124 - InputText is called
2024-05-16 12:36:33 INFO  Keywords:282 - Waiting for webElement...existanceterminating.SurrenderCharge
2024-05-16 12:36:33 INFO  Keywords:285 - Element found...existanceterminating.SurrenderCharge
2024-05-16 12:36:33 INFO  Keywords:124 - InputText is called
2024-05-16 12:36:33 INFO  Keywords:282 - Waiting for webElement...existanceterminating.DeathBenefit
2024-05-16 12:36:33 INFO  Keywords:285 - Element found...existanceterminating.DeathBenefit
2024-05-16 12:36:33 INFO  Keywords:124 - InputText is called
2024-05-16 12:36:33 INFO  Keywords:282 - Waiting for webElement...existanceterminating.SpecialFeatures
2024-05-16 12:36:33 INFO  Keywords:285 - Element found...existanceterminating.SpecialFeatures
2024-05-16 12:36:33 INFO  Keywords:282 - Waiting for webElement...existinginsurance.longtermpolicyYes
2024-05-16 12:36:33 INFO  Keywords:285 - Element found...existinginsurance.longtermpolicyYes
2024-05-16 12:36:34 INFO  Keywords:124 - InputText is called
2024-05-16 12:36:34 INFO  Keywords:282 - Waiting for webElement...existinglongtermpolicy.InsuranceName
2024-05-16 12:36:34 INFO  Keywords:285 - Element found...existinglongtermpolicy.InsuranceName
2024-05-16 12:36:34 INFO  Keywords:124 - InputText is called
2024-05-16 12:36:34 INFO  Keywords:282 - Waiting for webElement...existinglongtermpolicy.policyCertificateNumber
2024-05-16 12:36:34 INFO  Keywords:285 - Element found...existinglongtermpolicy.policyCertificateNumber
2024-05-16 12:36:34 INFO  Keywords:124 - InputText is called
2024-05-16 12:36:34 INFO  Keywords:282 - Waiting for webElement...existinglongtermpolicy.ProductName
2024-05-16 12:36:34 INFO  Keywords:285 - Element found...existinglongtermpolicy.ProductName
2024-05-16 12:36:34 INFO  Keywords:282 - Waiting for webElement...existinglongtermpolicy.ProductType
2024-05-16 12:36:34 INFO  Keywords:285 - Element found...existinglongtermpolicy.ProductType
2024-05-16 12:36:34 INFO  Keywords:124 - InputText is called
2024-05-16 12:36:34 INFO  Keywords:282 - Waiting for webElement...existinglongtermpolicy.Insured
2024-05-16 12:36:34 INFO  Keywords:285 - Element found...existinglongtermpolicy.Insured
2024-05-16 12:36:34 INFO  Keywords:124 - InputText is called
2024-05-16 12:36:34 INFO  Keywords:282 - Waiting for webElement...existinglongtermpolicy.Owner
2024-05-16 12:36:34 INFO  Keywords:285 - Element found...existinglongtermpolicy.Owner
2024-05-16 12:36:34 INFO  Keywords:124 - InputText is called
2024-05-16 12:36:34 INFO  Keywords:282 - Waiting for webElement...existinglongtermpolicy.DailyBenefit
2024-05-16 12:36:34 INFO  Keywords:285 - Element found...existinglongtermpolicy.DailyBenefit
2024-05-16 12:36:34 INFO  Keywords:124 - InputText is called
2024-05-16 12:36:34 INFO  Keywords:282 - Waiting for webElement...existinglongtermpolicy.AmountOfInsurance
2024-05-16 12:36:34 INFO  Keywords:285 - Element found...existinglongtermpolicy.AmountOfInsurance
2024-05-16 12:36:34 INFO  Keywords:124 - InputText is called
2024-05-16 12:36:34 INFO  Keywords:282 - Waiting for webElement...existinglongtermpolicy.benefitAmount
2024-05-16 12:36:34 INFO  Keywords:285 - Element found...existinglongtermpolicy.benefitAmount
2024-05-16 12:36:35 INFO  Keywords:124 - InputText is called
2024-05-16 12:36:35 INFO  Keywords:282 - Waiting for webElement...existinglongtermpolicy.benefitPeriod
2024-05-16 12:36:35 INFO  Keywords:285 - Element found...existinglongtermpolicy.benefitPeriod
2024-05-16 12:36:35 INFO  Keywords:282 - Waiting for webElement...existinginsurance.longterminsuranceYes
2024-05-16 12:36:35 INFO  Keywords:285 - Element found...existinginsurance.longterminsuranceYes
2024-05-16 12:36:35 INFO  Keywords:124 - InputText is called
2024-05-16 12:36:35 INFO  Keywords:282 - Waiting for webElement...existinglongterminsurance.InsuranceCompany
2024-05-16 12:36:35 INFO  Keywords:285 - Element found...existinglongterminsurance.InsuranceCompany
2024-05-16 12:36:35 INFO  Keywords:124 - InputText is called
2024-05-16 12:36:35 INFO  Keywords:282 - Waiting for webElement...existinglongterminsurance.Certificate
2024-05-16 12:36:35 INFO  Keywords:285 - Element found...existinglongterminsurance.Certificate
2024-05-16 12:36:35 INFO  Keywords:124 - InputText is called
2024-05-16 12:36:35 INFO  Keywords:282 - Waiting for webElement...existinglongterminsurance.LTCBenefit
2024-05-16 12:36:35 INFO  Keywords:285 - Element found...existinglongterminsurance.LTCBenefit
2024-05-16 12:36:35 INFO  Keywords:124 - InputText is called
2024-05-16 12:36:35 INFO  Keywords:282 - Waiting for webElement...existinglongterminsurance.IssueDate
2024-05-16 12:36:35 INFO  Keywords:285 - Element found...existinglongterminsurance.IssueDate
2024-05-16 12:36:35 INFO  Keywords:124 - InputText is called
2024-05-16 12:36:35 INFO  Keywords:282 - Waiting for webElement...existinglongterminsurance.LapseDate
2024-05-16 12:36:35 INFO  Keywords:285 - Element found...existinglongterminsurance.LapseDate
2024-05-16 12:36:36 INFO  Keywords:135 - ClickOnLink is called
2024-05-16 12:36:36 INFO  Keywords:282 - Waiting for webElement...next
2024-05-16 12:36:36 INFO  Keywords:285 - Element found...next
2024-05-16 12:36:58 INFO  Keywords:135 - ClickOnLink is called
2024-05-16 12:36:58 INFO  Keywords:282 - Waiting for webElement...next
2024-05-16 12:36:58 INFO  Keywords:285 - Element found...next
2024-05-16 12:37:20 INFO  Keywords:124 - InputText is called
2024-05-16 12:37:20 INFO  Keywords:282 - Waiting for webElement...additionalclientquestion.q1
2024-05-16 12:37:20 INFO  Keywords:285 - Element found...additionalclientquestion.q1
2024-05-16 12:37:20 INFO  Keywords:124 - InputText is called
2024-05-16 12:37:20 INFO  Keywords:282 - Waiting for webElement...additionalclientquestion.q2
2024-05-16 12:37:20 INFO  Keywords:285 - Element found...additionalclientquestion.q2
2024-05-16 12:37:20 INFO  Keywords:124 - InputText is called
2024-05-16 12:37:20 INFO  Keywords:282 - Waiting for webElement...additionalclientquestion.q3
2024-05-16 12:38:11 INFO  Keywords:124 - InputText is called
2024-05-16 12:38:11 INFO  Keywords:282 - Waiting for webElement...additionalclientquestion.q4
2024-05-16 12:38:11 INFO  Keywords:285 - Element found...additionalclientquestion.q4
2024-05-16 12:38:11 INFO  Keywords:124 - InputText is called
2024-05-16 12:38:11 INFO  Keywords:282 - Waiting for webElement...additionalclientquestion.q5
2024-05-16 12:38:11 INFO  Keywords:285 - Element found...additionalclientquestion.q5
2024-05-16 12:38:11 INFO  Keywords:482 - GetText is called
2024-05-16 12:38:11 INFO  Keywords:282 - Waiting for webElement...ebixTxnID
2024-05-16 12:38:11 INFO  Keywords:285 - Element found...ebixTxnID
2024-05-16 12:38:11 INFO  Keywords:486 - LinkId: 529514
2024-05-16 12:38:11 INFO  Keywords:530 - LinkId: 529514
2024-05-16 12:38:13 INFO  Keywords:482 - GetText is called
2024-05-16 12:38:13 INFO  Keywords:282 - Waiting for webElement...ebixTxnID
2024-05-16 12:38:13 INFO  Keywords:285 - Element found...ebixTxnID
2024-05-16 12:38:13 INFO  Keywords:486 - LinkId: 529514
2024-05-16 12:38:13 INFO  Keywords:135 - ClickOnLink is called
2024-05-16 12:38:13 INFO  Keywords:282 - Waiting for webElement...next
2024-05-16 12:38:13 INFO  Keywords:285 - Element found...next
2024-05-16 12:38:35 INFO  Keywords:135 - ClickOnLink is called
2024-05-16 12:38:35 INFO  Keywords:282 - Waiting for webElement...validate.button
2024-05-16 12:39:19 INFO  Keywords:135 - ClickOnLink is called
2024-05-16 12:39:19 INFO  Keywords:282 - Waiting for webElement...notification.continue
