2024-06-11 11:21:30 INFO  Keywords:98 - Navigate is called
2024-06-11 11:21:32 INFO  Keywords:124 - InputText is called
2024-06-11 11:21:32 INFO  Keywords:282 - Waiting for webElement...gateway.username
2024-06-11 11:21:32 INFO  Keywords:285 - Element found...gateway.username
2024-06-11 11:21:33 INFO  Keywords:124 - InputText is called
2024-06-11 11:21:33 INFO  Keywords:282 - Waiting for webElement...gateway.password
2024-06-11 11:21:33 INFO  Keywords:285 - Element found...gateway.password
2024-06-11 11:21:33 INFO  Keywords:135 - ClickOnLink is called
2024-06-11 11:21:33 INFO  Keywords:282 - Waiting for webElement...gateway.login
2024-06-11 11:21:33 INFO  Keywords:285 - Element found...gateway.login
2024-06-11 11:22:09 INFO  Keywords:135 - ClickOnLink is called
2024-06-11 11:22:09 INFO  Keywords:282 - Waiting for webElement...postsamldata
2024-06-11 11:22:09 INFO  Keywords:285 - Element found...postsamldata
2024-06-11 11:22:26 INFO  Keywords:135 - ClickOnLink is called
2024-06-11 11:22:26 INFO  Keywords:282 - Waiting for webElement...next
2024-06-11 11:22:26 INFO  Keywords:285 - Element found...next
2024-06-11 11:22:45 INFO  Keywords:124 - InputText is called
2024-06-11 11:22:45 INFO  Keywords:282 - Waiting for webElement...policyConfiguration.insuranceamount
2024-06-11 11:22:45 INFO  Keywords:285 - Element found...policyConfiguration.insuranceamount
2024-06-11 11:22:45 INFO  Keywords:282 - Waiting for webElement...policyConfiguration.LTC
2024-06-11 11:22:45 INFO  Keywords:285 - Element found...policyConfiguration.LTC
2024-06-11 11:22:45 INFO  Keywords:282 - Waiting for webElement...policyConfiguration.Benefit
2024-06-11 11:22:45 INFO  Keywords:285 - Element found...policyConfiguration.Benefit
2024-06-11 11:22:45 INFO  Keywords:282 - Waiting for webElement...policyConfiguration.payors
2024-06-11 11:22:45 INFO  Keywords:285 - Element found...policyConfiguration.payors
2024-06-11 11:22:46 INFO  Keywords:282 - Waiting for webElement...policyConfiguration.purposeofpolicy
2024-06-11 11:22:46 INFO  Keywords:285 - Element found...policyConfiguration.purposeofpolicy
2024-06-11 11:22:46 INFO  Keywords:135 - ClickOnLink is called
2024-06-11 11:22:46 INFO  Keywords:282 - Waiting for webElement...next
2024-06-11 11:22:46 INFO  Keywords:285 - Element found...next
2024-06-11 11:24:21 INFO  Keywords:282 - Waiting for webElement...primaryinsured.birthcountry
2024-06-11 11:24:30 INFO  Keywords:285 - Element found...primaryinsured.birthcountry
2024-06-11 11:24:31 INFO  Keywords:282 - Waiting for webElement...primaryinsured.birthstate
2024-06-11 11:24:31 INFO  Keywords:285 - Element found...primaryinsured.birthstate
2024-06-11 11:24:31 INFO  Keywords:124 - InputText is called
2024-06-11 11:24:31 INFO  Keywords:282 - Waiting for webElement...primaryinsured.birthcity
2024-06-11 11:24:41 INFO  Keywords:135 - ClickOnLink is called
2024-06-11 11:24:41 INFO  Keywords:282 - Waiting for webElement...next
2024-06-11 11:24:41 INFO  Keywords:285 - Element found...next
2024-06-11 11:25:01 INFO  Keywords:135 - ClickOnLink is called
2024-06-11 11:25:01 INFO  Keywords:282 - Waiting for webElement...next
2024-06-11 11:25:01 INFO  Keywords:285 - Element found...next
2024-06-11 11:25:21 INFO  Keywords:282 - Waiting for webElement...naturalOwner.relationwithInsured
2024-06-11 11:25:21 INFO  Keywords:285 - Element found...naturalOwner.relationwithInsured
2024-06-11 11:25:21 INFO  Keywords:282 - Waiting for webElement...naturalOwner.relationwithJointInsured
2024-06-11 11:26:11 INFO  Keywords:282 - Waiting for webElement...naturalOwner.PermamentResidentCard
2024-06-11 11:26:11 INFO  Keywords:285 - Element found...naturalOwner.PermamentResidentCard
2024-06-11 11:26:11 INFO  Keywords:124 - InputText is called
2024-06-11 11:26:11 INFO  Keywords:282 - Waiting for webElement...naturalOwner.ResidentCardIssueDAte
2024-06-11 11:26:11 INFO  Keywords:285 - Element found...naturalOwner.ResidentCardIssueDAte
2024-06-11 11:26:11 INFO  Keywords:124 - InputText is called
2024-06-11 11:26:11 INFO  Keywords:282 - Waiting for webElement...naturalOwner.ResidentCardExpireationDAte
2024-06-11 11:26:11 INFO  Keywords:285 - Element found...naturalOwner.ResidentCardExpireationDAte
2024-06-11 11:26:11 INFO  Keywords:124 - InputText is called
2024-06-11 11:26:11 INFO  Keywords:282 - Waiting for webElement...naturalOwner.USLivingYrs
2024-06-11 11:26:11 INFO  Keywords:285 - Element found...naturalOwner.USLivingYrs
2024-06-11 11:26:12 INFO  Keywords:124 - InputText is called
2024-06-11 11:26:12 INFO  Keywords:282 - Waiting for webElement...naturalOwner.USLivingMonths
2024-06-11 11:26:12 INFO  Keywords:285 - Element found...naturalOwner.USLivingMonths
2024-06-11 11:26:12 INFO  Keywords:135 - ClickOnLink is called
2024-06-11 11:26:12 INFO  Keywords:282 - Waiting for webElement...next
2024-06-11 11:26:12 INFO  Keywords:285 - Element found...next
2024-06-11 11:26:30 INFO  Keywords:282 - Waiting for webElement...financialDetails.SourceOfFundsLI
2024-06-11 11:26:30 INFO  Keywords:285 - Element found...financialDetails.SourceOfFundsLI
2024-06-11 11:26:31 INFO  Keywords:282 - Waiting for webElement...financialDetails.SurrenderChargeSOFLI
2024-06-11 11:26:31 INFO  Keywords:285 - Element found...financialDetails.SurrenderChargeSOFLI
2024-06-11 11:26:31 INFO  Keywords:282 - Waiting for webElement...financialDetails.envisiontaking
2024-06-11 11:26:31 INFO  Keywords:285 - Element found...financialDetails.envisiontaking
2024-06-11 11:26:31 INFO  Keywords:282 - Waiting for webElement...financialDetails.federalfaxbracket
2024-06-11 11:26:31 INFO  Keywords:285 - Element found...financialDetails.federalfaxbracket
2024-06-11 11:26:32 INFO  Keywords:282 - Waiting for webElement...financialDetails.riskTolerance
2024-06-11 11:26:32 INFO  Keywords:285 - Element found...financialDetails.riskTolerance
2024-06-11 11:26:32 INFO  Keywords:282 - Waiting for webElement...financialDetails.Investmentobjectives
2024-06-11 11:26:32 INFO  Keywords:285 - Element found...financialDetails.Investmentobjectives
2024-06-11 11:26:32 INFO  Keywords:282 - Waiting for webElement...financialDetails.timehorizon
2024-06-11 11:26:32 INFO  Keywords:285 - Element found...financialDetails.timehorizon
2024-06-11 11:26:32 INFO  Keywords:282 - Waiting for webElement...financialDetails.investmentexperienceFA
2024-06-11 11:26:32 INFO  Keywords:285 - Element found...financialDetails.investmentexperienceFA
2024-06-11 11:26:33 INFO  Keywords:124 - InputText is called
2024-06-11 11:26:33 INFO  Keywords:282 - Waiting for webElement...financialDetails.investmentstartyear
2024-06-11 11:26:33 INFO  Keywords:285 - Element found...financialDetails.investmentstartyear
2024-06-11 11:26:33 INFO  Keywords:124 - InputText is called
2024-06-11 11:26:33 INFO  Keywords:282 - Waiting for webElement...financialdetails.wages
2024-06-11 11:26:33 INFO  Keywords:285 - Element found...financialdetails.wages
2024-06-11 11:26:33 INFO  Keywords:124 - InputText is called
2024-06-11 11:26:33 INFO  Keywords:282 - Waiting for webElement...financialdetails.livingexpenses
2024-06-11 11:26:33 INFO  Keywords:285 - Element found...financialdetails.livingexpenses
2024-06-11 11:26:33 INFO  Keywords:124 - InputText is called
2024-06-11 11:26:33 INFO  Keywords:282 - Waiting for webElement...financialdetails.personalinvestment
2024-06-11 11:26:33 INFO  Keywords:285 - Element found...financialdetails.personalinvestment
2024-06-11 11:26:33 INFO  Keywords:124 - InputText is called
2024-06-11 11:26:33 INFO  Keywords:282 - Waiting for webElement...financialdetails.fixeddebtexpenses
2024-06-11 11:26:33 INFO  Keywords:285 - Element found...financialdetails.fixeddebtexpenses
2024-06-11 11:26:33 INFO  Keywords:124 - InputText is called
2024-06-11 11:26:33 INFO  Keywords:282 - Waiting for webElement...financialdetails.rentalincome
2024-06-11 11:26:33 INFO  Keywords:285 - Element found...financialdetails.rentalincome
2024-06-11 11:26:33 INFO  Keywords:124 - InputText is called
2024-06-11 11:26:33 INFO  Keywords:282 - Waiting for webElement...financialdetails.variabledebtexpenses
2024-06-11 11:26:33 INFO  Keywords:285 - Element found...financialdetails.variabledebtexpenses
2024-06-11 11:26:33 INFO  Keywords:124 - InputText is called
2024-06-11 11:26:33 INFO  Keywords:282 - Waiting for webElement...financialdetails.incomepension
2024-06-11 11:26:33 INFO  Keywords:285 - Element found...financialdetails.incomepension
2024-06-11 11:26:33 INFO  Keywords:124 - InputText is called
2024-06-11 11:26:33 INFO  Keywords:282 - Waiting for webElement...financialdetails.discretionaryexpenses
2024-06-11 11:26:33 INFO  Keywords:285 - Element found...financialdetails.discretionaryexpenses
2024-06-11 11:26:33 INFO  Keywords:124 - InputText is called
2024-06-11 11:26:33 INFO  Keywords:282 - Waiting for webElement...financialdetails.socialsecurityincome
2024-06-11 11:26:33 INFO  Keywords:285 - Element found...financialdetails.socialsecurityincome
2024-06-11 11:26:33 INFO  Keywords:124 - InputText is called
2024-06-11 11:26:33 INFO  Keywords:282 - Waiting for webElement...financialdetails.otherincome
2024-06-11 11:26:33 INFO  Keywords:285 - Element found...financialdetails.otherincome
2024-06-11 11:26:34 INFO  Keywords:124 - InputText is called
2024-06-11 11:26:34 INFO  Keywords:282 - Waiting for webElement...financialdetails.bonds
2024-06-11 11:26:34 INFO  Keywords:285 - Element found...financialdetails.bonds
2024-06-11 11:26:34 INFO  Keywords:124 - InputText is called
2024-06-11 11:26:34 INFO  Keywords:282 - Waiting for webElement...financialdetails.businessTrustRealstate
2024-06-11 11:26:34 INFO  Keywords:285 - Element found...financialdetails.businessTrustRealstate
2024-06-11 11:26:34 INFO  Keywords:124 - InputText is called
2024-06-11 11:26:34 INFO  Keywords:282 - Waiting for webElement...financialdetails.retirementplan
2024-06-11 11:26:34 INFO  Keywords:285 - Element found...financialdetails.retirementplan
2024-06-11 11:26:34 INFO  Keywords:124 - InputText is called
2024-06-11 11:26:34 INFO  Keywords:282 - Waiting for webElement...financialdetails.equities
2024-06-11 11:26:34 INFO  Keywords:285 - Element found...financialdetails.equities
2024-06-11 11:26:34 INFO  Keywords:124 - InputText is called
2024-06-11 11:26:34 INFO  Keywords:282 - Waiting for webElement...financialdetails.facevalueilfeinsurance
2024-06-11 11:26:34 INFO  Keywords:285 - Element found...financialdetails.facevalueilfeinsurance
2024-06-11 11:26:34 INFO  Keywords:124 - InputText is called
2024-06-11 11:26:34 INFO  Keywords:282 - Waiting for webElement...financialdetails.fixedannuity
2024-06-11 11:26:34 INFO  Keywords:285 - Element found...financialdetails.fixedannuity
2024-06-11 11:26:34 INFO  Keywords:124 - InputText is called
2024-06-11 11:26:34 INFO  Keywords:282 - Waiting for webElement...financialdetails.indexannuity
2024-06-11 11:26:34 INFO  Keywords:285 - Element found...financialdetails.indexannuity
2024-06-11 11:26:34 INFO  Keywords:124 - InputText is called
2024-06-11 11:26:34 INFO  Keywords:282 - Waiting for webElement...financialdetails.liquidnetworth
2024-06-11 11:26:34 INFO  Keywords:285 - Element found...financialdetails.liquidnetworth
2024-06-11 11:26:34 INFO  Keywords:124 - InputText is called
2024-06-11 11:26:34 INFO  Keywords:282 - Waiting for webElement...financialdetails.mutualfund
2024-06-11 11:26:34 INFO  Keywords:285 - Element found...financialdetails.mutualfund
2024-06-11 11:26:34 INFO  Keywords:124 - InputText is called
2024-06-11 11:26:34 INFO  Keywords:282 - Waiting for webElement...financialdetails.otherbrokerage
2024-06-11 11:26:34 INFO  Keywords:285 - Element found...financialdetails.otherbrokerage
2024-06-11 11:26:34 INFO  Keywords:124 - InputText is called
2024-06-11 11:26:34 INFO  Keywords:282 - Waiting for webElement...financialdetails.policypremium
2024-06-11 11:26:34 INFO  Keywords:285 - Element found...financialdetails.policypremium
2024-06-11 11:26:34 INFO  Keywords:124 - InputText is called
2024-06-11 11:26:34 INFO  Keywords:282 - Waiting for webElement...financialdetails.variableannuity
2024-06-11 11:26:34 INFO  Keywords:285 - Element found...financialdetails.variableannuity
2024-06-11 11:26:34 INFO  Keywords:124 - InputText is called
2024-06-11 11:26:34 INFO  Keywords:282 - Waiting for webElement...financialdetails.totalpremium
2024-06-11 11:26:34 INFO  Keywords:285 - Element found...financialdetails.totalpremium
2024-06-11 11:26:34 INFO  Keywords:282 - Waiting for webElement...financialdetails.anticipatedchanges
2024-06-11 11:26:34 INFO  Keywords:285 - Element found...financialdetails.anticipatedchanges
2024-06-11 11:26:35 INFO  Keywords:282 - Waiting for webElement...financialdetails.nonguaranteedelementYes
2024-06-11 11:26:35 INFO  Keywords:285 - Element found...financialdetails.nonguaranteedelementYes
2024-06-11 11:26:35 INFO  Keywords:282 - Waiting for webElement...financialdetails.reversemortgage
2024-06-11 11:26:35 INFO  Keywords:285 - Element found...financialdetails.reversemortgage
2024-06-11 11:26:35 INFO  Keywords:135 - ClickOnLink is called
2024-06-11 11:26:35 INFO  Keywords:282 - Waiting for webElement...next
2024-06-11 11:26:35 INFO  Keywords:285 - Element found...next
2024-06-11 11:26:55 INFO  Keywords:282 - Waiting for webElement...payment.modal
2024-06-11 11:26:55 INFO  Keywords:285 - Element found...payment.modal
2024-06-11 11:27:11 INFO  Keywords:282 - Waiting for webElement...payment.method
2024-06-11 11:27:11 INFO  Keywords:285 - Element found...payment.method
2024-06-11 11:27:11 INFO  Keywords:124 - InputText is called
2024-06-11 11:27:11 INFO  Keywords:282 - Waiting for webElement...payment.premium
2024-06-11 11:27:11 INFO  Keywords:285 - Element found...payment.premium
2024-06-11 11:27:11 INFO  Keywords:135 - ClickOnLink is called
2024-06-11 11:27:11 INFO  Keywords:282 - Waiting for webElement...next
2024-06-11 11:27:11 INFO  Keywords:285 - Element found...next
2024-06-11 11:27:31 INFO  Keywords:282 - Waiting for webElement...existinginsurance.borrowingfunds
2024-06-11 11:27:31 INFO  Keywords:285 - Element found...existinginsurance.borrowingfunds
2024-06-11 11:27:31 INFO  Keywords:282 - Waiting for webElement...existinginsurance.terminatingexistinglifepolicyNo
2024-06-11 11:27:31 INFO  Keywords:285 - Element found...existinginsurance.terminatingexistinglifepolicyNo
2024-06-11 11:27:31 INFO  Keywords:282 - Waiting for webElement...existinginsurance.DisabilityPoliciesNo
2024-06-11 11:27:31 INFO  Keywords:285 - Element found...existinginsurance.DisabilityPoliciesNo
2024-06-11 11:27:32 INFO  Keywords:282 - Waiting for webElement...existinginsurance.longtermpolicyNo
2024-06-11 11:27:32 INFO  Keywords:285 - Element found...existinginsurance.longtermpolicyNo
2024-06-11 11:27:32 INFO  Keywords:282 - Waiting for webElement...existinglongterminsurance.NO
2024-06-11 11:27:32 INFO  Keywords:285 - Element found...existinglongterminsurance.NO
2024-06-11 11:27:32 INFO  Keywords:135 - ClickOnLink is called
2024-06-11 11:27:32 INFO  Keywords:282 - Waiting for webElement...next
2024-06-11 11:27:32 INFO  Keywords:285 - Element found...next
2024-06-11 11:27:51 INFO  Keywords:135 - ClickOnLink is called
2024-06-11 11:27:51 INFO  Keywords:282 - Waiting for webElement...next
2024-06-11 11:27:51 INFO  Keywords:285 - Element found...next
2024-06-11 11:28:10 INFO  Keywords:124 - InputText is called
2024-06-11 11:28:10 INFO  Keywords:282 - Waiting for webElement...additionalclientquestion.q1
2024-06-11 11:28:10 INFO  Keywords:285 - Element found...additionalclientquestion.q1
2024-06-11 11:28:10 INFO  Keywords:124 - InputText is called
2024-06-11 11:28:10 INFO  Keywords:282 - Waiting for webElement...additionalclientquestion.q2
2024-06-11 11:28:10 INFO  Keywords:285 - Element found...additionalclientquestion.q2
2024-06-11 11:28:10 INFO  Keywords:124 - InputText is called
2024-06-11 11:28:10 INFO  Keywords:282 - Waiting for webElement...additionalclientquestion.q3
2024-06-11 11:28:10 INFO  Keywords:285 - Element found...additionalclientquestion.q3
2024-06-11 11:28:10 INFO  Keywords:124 - InputText is called
2024-06-11 11:28:10 INFO  Keywords:282 - Waiting for webElement...additionalclientquestion.q4
2024-06-11 11:29:01 INFO  Keywords:124 - InputText is called
2024-06-11 11:29:01 INFO  Keywords:282 - Waiting for webElement...additionalclientquestion.q5
2024-06-11 11:29:51 INFO  Keywords:482 - GetText is called
2024-06-11 11:29:51 INFO  Keywords:282 - Waiting for webElement...ebixTxnID
2024-06-11 11:29:51 INFO  Keywords:285 - Element found...ebixTxnID
2024-06-11 11:29:51 INFO  Keywords:486 - LinkId: 530943
2024-06-11 11:29:51 INFO  Keywords:530 - LinkId: 530943
2024-06-11 11:29:51 INFO  Keywords:482 - GetText is called
2024-06-11 11:29:51 INFO  Keywords:282 - Waiting for webElement...ebixTxnID
2024-06-11 11:29:51 INFO  Keywords:285 - Element found...ebixTxnID
2024-06-11 11:29:51 INFO  Keywords:486 - LinkId: 530943
2024-06-11 11:29:51 INFO  Keywords:135 - ClickOnLink is called
2024-06-11 11:29:51 INFO  Keywords:282 - Waiting for webElement...attachment
2024-06-11 11:29:51 INFO  Keywords:285 - Element found...attachment
2024-06-11 11:29:52 INFO  Keywords:282 - Waiting for webElement...attachment.documenttype
2024-06-11 11:29:52 INFO  Keywords:285 - Element found...attachment.documenttype
2024-06-11 11:29:53 INFO  Keywords:124 - InputText is called
2024-06-11 11:29:53 INFO  Keywords:282 - Waiting for webElement...attachment.choosefile
2024-06-11 11:29:53 INFO  Keywords:285 - Element found...attachment.choosefile
2024-06-11 11:29:53 INFO  Keywords:135 - ClickOnLink is called
2024-06-11 11:29:53 INFO  Keywords:282 - Waiting for webElement...attachment.upload
2024-06-11 11:29:53 INFO  Keywords:285 - Element found...attachment.upload
2024-06-11 11:31:24 INFO  Keywords:409 - switching to particular window...
2024-06-11 11:31:24 INFO  Keywords:482 - GetText is called
2024-06-11 11:31:24 INFO  Keywords:282 - Waiting for webElement...ebixTxnID
2024-06-11 11:31:24 INFO  Keywords:285 - Element found...ebixTxnID
2024-06-11 11:31:24 INFO  Keywords:486 - LinkId: 530943
2024-06-11 11:31:24 INFO  Keywords:530 - LinkId: 530943
2024-06-11 11:31:24 INFO  Keywords:482 - GetText is called
2024-06-11 11:31:24 INFO  Keywords:282 - Waiting for webElement...ebixTxnID
2024-06-11 11:31:24 INFO  Keywords:285 - Element found...ebixTxnID
2024-06-11 11:31:24 INFO  Keywords:486 - LinkId: 530943
2024-06-11 11:31:24 INFO  Keywords:135 - ClickOnLink is called
2024-06-11 11:31:24 INFO  Keywords:282 - Waiting for webElement...next
2024-06-11 11:31:24 INFO  Keywords:285 - Element found...next
2024-06-11 11:31:46 INFO  Keywords:135 - ClickOnLink is called
2024-06-11 11:31:46 INFO  Keywords:282 - Waiting for webElement...validate.button
2024-06-11 11:32:28 INFO  Keywords:135 - ClickOnLink is called
2024-06-11 11:32:28 INFO  Keywords:282 - Waiting for webElement...notification.continue
2024-06-11 11:32:54 INFO  Keywords:135 - ClickOnLink is called
2024-06-11 11:32:54 INFO  Keywords:282 - Waiting for webElement...esignature.optout
2024-06-11 11:34:34 INFO  Keywords:147 - VerifyText is called
2024-06-11 11:34:34 INFO  Keywords:282 - Waiting for webElement...WebElement
2024-06-11 11:34:34 INFO  Keywords:135 - ClickOnLink is called
2024-06-11 11:34:34 INFO  Keywords:282 - Waiting for webElement...attachment
2024-06-11 11:34:34 INFO  Keywords:285 - Element found...attachment
2024-06-11 11:34:34 INFO  Keywords:282 - Waiting for webElement...attachment.documenttype
2024-06-11 11:34:34 INFO  Keywords:285 - Element found...attachment.documenttype
2024-06-11 11:34:35 INFO  Keywords:124 - InputText is called
2024-06-11 11:34:35 INFO  Keywords:282 - Waiting for webElement...attachment.choosefile
2024-06-11 11:34:35 INFO  Keywords:285 - Element found...attachment.choosefile
2024-06-11 11:34:35 INFO  Keywords:135 - ClickOnLink is called
2024-06-11 11:34:35 INFO  Keywords:282 - Waiting for webElement...attachment.upload
2024-06-11 11:34:35 INFO  Keywords:285 - Element found...attachment.upload
2024-06-11 11:34:56 INFO  Keywords:135 - ClickOnLink is called
2024-06-11 11:34:56 INFO  Keywords:282 - Waiting for webElement...RequestSignatures
2024-06-11 11:35:29 INFO  Keywords:282 - Waiting for webElement...attachment.documenttype
2024-06-11 11:35:29 INFO  Keywords:285 - Element found...attachment.documenttype
2024-06-11 11:35:30 INFO  Keywords:124 - InputText is called
2024-06-11 11:35:30 INFO  Keywords:282 - Waiting for webElement...attachment.choosefile
2024-06-11 11:35:30 INFO  Keywords:285 - Element found...attachment.choosefile
2024-06-11 11:35:30 INFO  Keywords:135 - ClickOnLink is called
2024-06-11 11:35:30 INFO  Keywords:282 - Waiting for webElement...attachment.upload
2024-06-11 11:35:30 INFO  Keywords:285 - Element found...attachment.upload
2024-06-11 11:35:51 INFO  Keywords:135 - ClickOnLink is called
2024-06-11 11:35:51 INFO  Keywords:282 - Waiting for webElement...SubmitButton
2024-06-11 11:37:31 INFO  Keywords:428 - switching to parent window...
2024-06-11 11:37:31 INFO  Keywords:98 - Navigate is called
2024-06-11 11:37:32 INFO  Keywords:496 - ClearText is called
2024-06-11 11:37:32 INFO  Keywords:282 - Waiting for webElement...gateway.username
2024-06-11 11:37:32 INFO  Keywords:285 - Element found...gateway.username
2024-06-11 11:37:32 INFO  Keywords:500 - LinkId: 530943
2024-06-11 11:37:32 INFO  Keywords:124 - InputText is called
2024-06-11 11:37:32 INFO  Keywords:282 - Waiting for webElement...gateway.username
2024-06-11 11:37:32 INFO  Keywords:285 - Element found...gateway.username
2024-06-11 11:37:32 INFO  Keywords:496 - ClearText is called
2024-06-11 11:37:32 INFO  Keywords:282 - Waiting for webElement...gateway.password
2024-06-11 11:37:32 INFO  Keywords:285 - Element found...gateway.password
2024-06-11 11:37:32 INFO  Keywords:500 - LinkId: 530943
2024-06-11 11:37:32 INFO  Keywords:124 - InputText is called
2024-06-11 11:37:32 INFO  Keywords:282 - Waiting for webElement...gateway.password
2024-06-11 11:37:32 INFO  Keywords:285 - Element found...gateway.password
2024-06-11 11:37:32 INFO  Keywords:135 - ClickOnLink is called
2024-06-11 11:37:32 INFO  Keywords:282 - Waiting for webElement...gateway.login
2024-06-11 11:37:32 INFO  Keywords:285 - Element found...gateway.login
2024-06-11 11:37:49 INFO  Keywords:135 - ClickOnLink is called
2024-06-11 11:37:49 INFO  Keywords:282 - Waiting for webElement...management
2024-06-11 11:37:49 INFO  Keywords:285 - Element found...management
2024-06-11 11:37:49 INFO  Keywords:282 - Waiting for webElement...managementTools
2024-06-11 11:37:49 INFO  Keywords:285 - Element found...managementTools
2024-06-11 11:37:51 INFO  Keywords:135 - ClickOnLink is called
2024-06-11 11:37:51 INFO  Keywords:282 - Waiting for webElement...feedManagement
2024-06-11 11:37:51 INFO  Keywords:285 - Element found...feedManagement
2024-06-11 11:38:07 INFO  Keywords:135 - ClickOnLink is called
2024-06-11 11:38:07 INFO  Keywords:282 - Waiting for webElement...searchPanel
2024-06-11 11:38:07 INFO  Keywords:285 - Element found...searchPanel
2024-06-11 11:38:07 INFO  Keywords:282 - Waiting for webElement...selectTransactionID
2024-06-11 11:38:07 INFO  Keywords:285 - Element found...selectTransactionID
2024-06-11 11:38:07 INFO  Keywords:124 - InputText is called
2024-06-11 11:38:07 INFO  Keywords:282 - Waiting for webElement...enterTransactioID
2024-06-11 11:38:08 INFO  Keywords:285 - Element found...enterTransactioID
2024-06-11 11:38:08 INFO  Keywords:135 - ClickOnLink is called
2024-06-11 11:38:08 INFO  Keywords:282 - Waiting for webElement...searchbutton
2024-06-11 11:38:08 INFO  Keywords:285 - Element found...searchbutton
2024-06-11 11:38:24 INFO  Keywords:135 - ClickOnLink is called
2024-06-11 11:38:24 INFO  Keywords:282 - Waiting for webElement...transactionSearchmyResult
2024-06-11 11:38:24 INFO  Keywords:285 - Element found...transactionSearchmyResult
2024-06-11 11:38:40 INFO  Keywords:135 - ClickOnLink is called
2024-06-11 11:38:40 INFO  Keywords:282 - Waiting for webElement...onenotThree
2024-06-11 11:38:40 INFO  Keywords:285 - Element found...onenotThree
2024-06-11 11:38:41 INFO  Keywords:282 - Waiting for webElement...103ResponseXML
2024-06-11 11:39:23 INFO  Keywords:428 - switching to parent window...
2024-06-11 11:39:23 INFO  Keywords:98 - Navigate is called
2024-06-11 11:39:23 INFO  Keywords:496 - ClearText is called
2024-06-11 11:39:23 INFO  Keywords:282 - Waiting for webElement...gateway.username
2024-06-11 11:39:23 INFO  Keywords:285 - Element found...gateway.username
2024-06-11 11:39:23 INFO  Keywords:500 - LinkId: 530943
2024-06-11 11:39:23 INFO  Keywords:124 - InputText is called
2024-06-11 11:39:23 INFO  Keywords:282 - Waiting for webElement...gateway.username
2024-06-11 11:39:23 INFO  Keywords:285 - Element found...gateway.username
2024-06-11 11:39:23 INFO  Keywords:496 - ClearText is called
2024-06-11 11:39:23 INFO  Keywords:282 - Waiting for webElement...gateway.password
2024-06-11 11:39:23 INFO  Keywords:285 - Element found...gateway.password
2024-06-11 11:39:23 INFO  Keywords:500 - LinkId: 530943
2024-06-11 11:39:23 INFO  Keywords:124 - InputText is called
2024-06-11 11:39:23 INFO  Keywords:282 - Waiting for webElement...gateway.password
2024-06-11 11:39:23 INFO  Keywords:285 - Element found...gateway.password
2024-06-11 11:39:23 INFO  Keywords:135 - ClickOnLink is called
2024-06-11 11:39:23 INFO  Keywords:282 - Waiting for webElement...gateway.login
2024-06-11 11:39:23 INFO  Keywords:285 - Element found...gateway.login
2024-06-11 11:39:40 INFO  Keywords:135 - ClickOnLink is called
2024-06-11 11:39:40 INFO  Keywords:282 - Waiting for webElement...management
2024-06-11 11:39:40 INFO  Keywords:285 - Element found...management
2024-06-11 11:39:41 INFO  Keywords:282 - Waiting for webElement...managementTools
2024-06-11 11:39:41 INFO  Keywords:285 - Element found...managementTools
2024-06-11 11:39:42 INFO  Keywords:135 - ClickOnLink is called
2024-06-11 11:39:42 INFO  Keywords:282 - Waiting for webElement...feedManagement
2024-06-11 11:39:42 INFO  Keywords:285 - Element found...feedManagement
2024-06-11 11:39:58 INFO  Keywords:135 - ClickOnLink is called
2024-06-11 11:39:58 INFO  Keywords:282 - Waiting for webElement...searchPanel
2024-06-11 11:39:58 INFO  Keywords:285 - Element found...searchPanel
2024-06-11 11:39:58 INFO  Keywords:282 - Waiting for webElement...selectTransactionID
2024-06-11 11:39:59 INFO  Keywords:285 - Element found...selectTransactionID
2024-06-11 11:39:59 INFO  Keywords:124 - InputText is called
2024-06-11 11:39:59 INFO  Keywords:282 - Waiting for webElement...enterTransactioID
2024-06-11 11:39:59 INFO  Keywords:285 - Element found...enterTransactioID
2024-06-11 11:39:59 INFO  Keywords:135 - ClickOnLink is called
2024-06-11 11:39:59 INFO  Keywords:282 - Waiting for webElement...searchbutton
2024-06-11 11:39:59 INFO  Keywords:285 - Element found...searchbutton
2024-06-11 11:40:15 INFO  Keywords:135 - ClickOnLink is called
2024-06-11 11:40:15 INFO  Keywords:282 - Waiting for webElement...transactionSearchmyResult
2024-06-11 11:40:15 INFO  Keywords:285 - Element found...transactionSearchmyResult
2024-06-11 11:40:31 INFO  Keywords:135 - ClickOnLink is called
2024-06-11 11:40:31 INFO  Keywords:282 - Waiting for webElement...RTSMButton
2024-06-11 11:40:31 INFO  Keywords:285 - Element found...RTSMButton
2024-06-11 11:40:32 INFO  Keywords:282 - Waiting for webElement...RTSMResponseXML
2024-06-11 11:41:14 INFO  Keywords:98 - Navigate is called
2024-06-11 11:41:14 INFO  Keywords:124 - InputText is called
2024-06-11 11:41:14 INFO  Keywords:282 - Waiting for webElement...gateway.username
2024-06-11 11:41:14 INFO  Keywords:285 - Element found...gateway.username
2024-06-11 11:41:14 INFO  Keywords:124 - InputText is called
2024-06-11 11:41:14 INFO  Keywords:282 - Waiting for webElement...gateway.password
2024-06-11 11:41:14 INFO  Keywords:285 - Element found...gateway.password
2024-06-11 11:41:14 INFO  Keywords:135 - ClickOnLink is called
2024-06-11 11:41:14 INFO  Keywords:282 - Waiting for webElement...gateway.login
2024-06-11 11:41:15 INFO  Keywords:285 - Element found...gateway.login
2024-06-11 11:41:50 INFO  Keywords:135 - ClickOnLink is called
2024-06-11 11:41:50 INFO  Keywords:282 - Waiting for webElement...postsamldata
2024-06-11 11:41:50 INFO  Keywords:285 - Element found...postsamldata
2024-06-11 11:42:07 INFO  Keywords:135 - ClickOnLink is called
2024-06-11 11:42:07 INFO  Keywords:282 - Waiting for webElement...next
2024-06-11 11:42:33 INFO  Keywords:124 - InputText is called
2024-06-11 11:42:33 INFO  Keywords:282 - Waiting for webElement...policyConfiguration.insuranceamount
2024-06-11 11:42:43 INFO  Keywords:282 - Waiting for webElement...policyConfiguration.LTC
2024-06-11 11:42:53 INFO  Keywords:282 - Waiting for webElement...policyConfiguration.Benefit
2024-06-11 11:43:03 INFO  Keywords:282 - Waiting for webElement...policyConfiguration.payors
2024-06-11 11:43:13 INFO  Keywords:282 - Waiting for webElement...policyConfiguration.purposeofpolicy
2024-06-11 11:43:23 INFO  Keywords:135 - ClickOnLink is called
2024-06-11 11:43:23 INFO  Keywords:282 - Waiting for webElement...next
2024-06-11 11:45:03 INFO  Keywords:282 - Waiting for webElement...primaryinsured.birthcountry
2024-06-11 11:45:13 INFO  Keywords:282 - Waiting for webElement...primaryinsured.birthstate
2024-06-11 11:45:23 INFO  Keywords:124 - InputText is called
2024-06-11 11:45:23 INFO  Keywords:282 - Waiting for webElement...primaryinsured.birthcity
2024-06-11 11:45:34 INFO  Keywords:135 - ClickOnLink is called
2024-06-11 11:45:34 INFO  Keywords:282 - Waiting for webElement...next
2024-06-11 11:46:00 INFO  Keywords:135 - ClickOnLink is called
2024-06-11 11:46:00 INFO  Keywords:282 - Waiting for webElement...next
2024-06-11 11:46:26 INFO  Keywords:282 - Waiting for webElement...naturalOwner.relationwithInsured
2024-06-11 11:46:36 INFO  Keywords:282 - Waiting for webElement...naturalOwner.relationwithJointInsured
2024-06-11 11:46:46 INFO  Keywords:282 - Waiting for webElement...naturalOwner.PermamentResidentCard
2024-06-11 11:46:56 INFO  Keywords:124 - InputText is called
2024-06-11 11:46:56 INFO  Keywords:282 - Waiting for webElement...naturalOwner.ResidentCardIssueDAte
2024-06-11 11:47:06 INFO  Keywords:124 - InputText is called
2024-06-11 11:47:06 INFO  Keywords:282 - Waiting for webElement...naturalOwner.ResidentCardExpireationDAte
2024-06-11 11:47:16 INFO  Keywords:124 - InputText is called
2024-06-11 11:47:16 INFO  Keywords:282 - Waiting for webElement...naturalOwner.USLivingYrs
2024-06-11 11:47:26 INFO  Keywords:124 - InputText is called
2024-06-11 11:47:26 INFO  Keywords:282 - Waiting for webElement...naturalOwner.USLivingMonths
2024-06-11 11:47:36 INFO  Keywords:135 - ClickOnLink is called
2024-06-11 11:47:36 INFO  Keywords:282 - Waiting for webElement...next
2024-06-11 11:48:02 INFO  Keywords:282 - Waiting for webElement...financialDetails.SourceOfFundsLI
2024-06-11 11:48:12 INFO  Keywords:282 - Waiting for webElement...financialDetails.SurrenderChargeSOFLI
2024-06-11 11:48:22 INFO  Keywords:282 - Waiting for webElement...financialDetails.envisiontaking
2024-06-11 11:48:32 INFO  Keywords:282 - Waiting for webElement...financialDetails.federalfaxbracket
2024-06-11 11:48:43 INFO  Keywords:282 - Waiting for webElement...financialDetails.riskTolerance
2024-06-11 11:48:53 INFO  Keywords:282 - Waiting for webElement...financialDetails.Investmentobjectives
2024-06-11 11:49:03 INFO  Keywords:282 - Waiting for webElement...financialDetails.timehorizon
2024-06-11 11:49:13 INFO  Keywords:282 - Waiting for webElement...financialDetails.investmentexperienceFA
2024-06-11 11:49:23 INFO  Keywords:124 - InputText is called
2024-06-11 11:49:23 INFO  Keywords:282 - Waiting for webElement...financialDetails.investmentstartyear
2024-06-11 11:49:33 INFO  Keywords:124 - InputText is called
2024-06-11 11:49:33 INFO  Keywords:282 - Waiting for webElement...financialdetails.wages
2024-06-11 11:49:43 INFO  Keywords:124 - InputText is called
2024-06-11 11:49:43 INFO  Keywords:282 - Waiting for webElement...financialdetails.livingexpenses
2024-06-11 11:49:53 INFO  Keywords:124 - InputText is called
2024-06-11 11:49:53 INFO  Keywords:282 - Waiting for webElement...financialdetails.personalinvestment
2024-06-11 11:50:03 INFO  Keywords:124 - InputText is called
2024-06-11 11:50:03 INFO  Keywords:282 - Waiting for webElement...financialdetails.fixeddebtexpenses
2024-06-11 11:50:13 INFO  Keywords:124 - InputText is called
2024-06-11 11:50:13 INFO  Keywords:282 - Waiting for webElement...financialdetails.rentalincome
2024-06-11 11:50:23 INFO  Keywords:124 - InputText is called
2024-06-11 11:50:23 INFO  Keywords:282 - Waiting for webElement...financialdetails.variabledebtexpenses
2024-06-11 11:50:33 INFO  Keywords:124 - InputText is called
2024-06-11 11:50:33 INFO  Keywords:282 - Waiting for webElement...financialdetails.incomepension
2024-06-11 11:50:43 INFO  Keywords:124 - InputText is called
2024-06-11 11:50:43 INFO  Keywords:282 - Waiting for webElement...financialdetails.discretionaryexpenses
2024-06-11 11:50:53 INFO  Keywords:124 - InputText is called
2024-06-11 11:50:53 INFO  Keywords:282 - Waiting for webElement...financialdetails.socialsecurityincome
2024-06-11 11:51:03 INFO  Keywords:124 - InputText is called
2024-06-11 11:51:03 INFO  Keywords:282 - Waiting for webElement...financialdetails.otherincome
2024-06-11 11:51:14 INFO  Keywords:124 - InputText is called
2024-06-11 11:51:14 INFO  Keywords:282 - Waiting for webElement...financialdetails.bonds
