2024-01-02 16:46:06 INFO  Keywords:94 - Navigate is called
2024-01-02 16:46:09 INFO  Keywords:122 - InputText is called
2024-01-02 16:46:09 INFO  Keywords:283 - Waiting for webElement...gateway.username
2024-01-02 16:46:10 INFO  Keywords:286 - Element found...gateway.username
2024-01-02 16:46:10 INFO  Keywords:122 - InputText is called
2024-01-02 16:46:10 INFO  Keywords:283 - Waiting for webElement...gateway.password
2024-01-02 16:46:10 INFO  Keywords:286 - Element found...gateway.password
2024-01-02 16:46:10 INFO  Keywords:135 - ClickOnLink is called
2024-01-02 16:46:10 INFO  Keywords:283 - Waiting for webElement...gateway.login
2024-01-02 16:46:10 INFO  Keywords:286 - Element found...gateway.login
2024-01-02 16:46:49 INFO  Keywords:135 - ClickOnLink is called
2024-01-02 16:46:49 INFO  Keywords:283 - Waiting for webElement...postsamldata
2024-01-02 16:46:49 INFO  Keywords:286 - Element found...postsamldata
2024-01-02 16:47:06 INFO  Keywords:135 - ClickOnLink is called
2024-01-02 16:47:06 INFO  Keywords:283 - Waiting for webElement...next
2024-01-02 16:47:06 INFO  Keywords:286 - Element found...next
2024-01-02 16:47:28 INFO  Keywords:122 - InputText is called
2024-01-02 16:47:28 INFO  Keywords:283 - Waiting for webElement...policyConfiguration.insuranceamount
2024-01-02 16:47:28 INFO  Keywords:286 - Element found...policyConfiguration.insuranceamount
2024-01-02 16:47:28 INFO  Keywords:283 - Waiting for webElement...policyConfiguration.LTC
2024-01-02 16:47:38 INFO  Keywords:283 - Waiting for webElement...policyConfiguration.payors
2024-01-02 16:47:38 INFO  Keywords:286 - Element found...policyConfiguration.payors
2024-01-02 16:47:38 INFO  Keywords:283 - Waiting for webElement...policyConfiguration.purposeofpolicy
2024-01-02 16:47:38 INFO  Keywords:286 - Element found...policyConfiguration.purposeofpolicy
2024-01-02 16:47:39 INFO  Keywords:135 - ClickOnLink is called
2024-01-02 16:47:39 INFO  Keywords:283 - Waiting for webElement...next
2024-01-02 16:47:39 INFO  Keywords:286 - Element found...next
2024-01-02 16:49:15 INFO  Keywords:283 - Waiting for webElement...primaryinsured.birthcountry
2024-01-02 16:49:25 INFO  Keywords:283 - Waiting for webElement...primaryinsured.birthstate
2024-01-02 16:49:35 INFO  Keywords:122 - InputText is called
2024-01-02 16:49:35 INFO  Keywords:283 - Waiting for webElement...primaryinsured.birthcity
2024-01-02 16:49:45 INFO  Keywords:135 - ClickOnLink is called
2024-01-02 16:49:45 INFO  Keywords:283 - Waiting for webElement...next
2024-01-02 16:49:45 INFO  Keywords:286 - Element found...next
2024-01-02 16:50:01 INFO  Keywords:135 - ClickOnLink is called
2024-01-02 16:50:01 INFO  Keywords:283 - Waiting for webElement...next
2024-01-02 16:50:01 INFO  Keywords:286 - Element found...next
2024-01-02 16:50:17 INFO  Keywords:283 - Waiting for webElement...financialDetails.SourceOfFundsLI
2024-01-02 16:50:27 INFO  Keywords:283 - Waiting for webElement...financialDetails.SurrenderChargeSOFLI
2024-01-02 16:50:38 INFO  Keywords:283 - Waiting for webElement...financialDetails.envisiontaking
2024-01-02 16:50:48 INFO  Keywords:283 - Waiting for webElement...financialDetails.federalfaxbracket
2024-01-02 16:50:58 INFO  Keywords:283 - Waiting for webElement...financialDetails.riskTolerance
2024-01-02 16:51:08 INFO  Keywords:283 - Waiting for webElement...financialDetails.Investmentobjectives
2024-01-02 16:51:18 INFO  Keywords:283 - Waiting for webElement...financialDetails.timehorizon
2024-01-02 16:51:28 INFO  Keywords:283 - Waiting for webElement...financialDetails.investmentexperienceFA
2024-01-02 16:51:38 INFO  Keywords:122 - InputText is called
2024-01-02 16:51:38 INFO  Keywords:283 - Waiting for webElement...financialDetails.investmentstartyear
2024-01-02 16:51:48 INFO  Keywords:122 - InputText is called
2024-01-02 16:51:48 INFO  Keywords:283 - Waiting for webElement...financialdetails.wages
2024-01-02 16:51:58 INFO  Keywords:122 - InputText is called
2024-01-02 16:51:58 INFO  Keywords:283 - Waiting for webElement...financialdetails.livingexpenses
2024-01-02 16:52:09 INFO  Keywords:122 - InputText is called
2024-01-02 16:52:09 INFO  Keywords:283 - Waiting for webElement...financialdetails.personalinvestment
2024-01-02 16:52:19 INFO  Keywords:122 - InputText is called
2024-01-02 16:52:19 INFO  Keywords:283 - Waiting for webElement...financialdetails.fixeddebtexpenses
2024-01-02 16:52:29 INFO  Keywords:122 - InputText is called
2024-01-02 16:52:29 INFO  Keywords:283 - Waiting for webElement...financialdetails.rentalincome
2024-01-02 16:52:39 INFO  Keywords:122 - InputText is called
2024-01-02 16:52:39 INFO  Keywords:283 - Waiting for webElement...financialdetails.variabledebtexpenses
2024-01-02 16:52:49 INFO  Keywords:122 - InputText is called
2024-01-02 16:52:49 INFO  Keywords:283 - Waiting for webElement...financialdetails.incomepension
2024-01-02 16:52:59 INFO  Keywords:122 - InputText is called
2024-01-02 16:52:59 INFO  Keywords:283 - Waiting for webElement...financialdetails.discretionaryexpenses
2024-01-02 16:53:09 INFO  Keywords:122 - InputText is called
2024-01-02 16:53:09 INFO  Keywords:283 - Waiting for webElement...financialdetails.socialsecurityincome
2024-01-02 16:53:19 INFO  Keywords:122 - InputText is called
2024-01-02 16:53:19 INFO  Keywords:283 - Waiting for webElement...financialdetails.otherincome
2024-01-02 16:53:29 INFO  Keywords:122 - InputText is called
2024-01-02 16:53:29 INFO  Keywords:283 - Waiting for webElement...financialdetails.bonds
2024-01-02 16:53:39 INFO  Keywords:122 - InputText is called
2024-01-02 16:53:39 INFO  Keywords:283 - Waiting for webElement...financialdetails.businessTrustRealstate
2024-01-02 16:53:50 INFO  Keywords:122 - InputText is called
2024-01-02 16:53:50 INFO  Keywords:283 - Waiting for webElement...financialdetails.retirementplan
2024-01-02 16:54:00 INFO  Keywords:122 - InputText is called
2024-01-02 16:54:00 INFO  Keywords:283 - Waiting for webElement...financialdetails.equities
2024-01-02 16:54:10 INFO  Keywords:122 - InputText is called
2024-01-02 16:54:10 INFO  Keywords:283 - Waiting for webElement...financialdetails.facevalueilfeinsurance
2024-01-02 16:54:20 INFO  Keywords:122 - InputText is called
2024-01-02 16:54:20 INFO  Keywords:283 - Waiting for webElement...financialdetails.fixedannuity
2024-01-02 16:54:30 INFO  Keywords:122 - InputText is called
2024-01-02 16:54:30 INFO  Keywords:283 - Waiting for webElement...financialdetails.indexannuity
2024-01-02 16:54:40 INFO  Keywords:122 - InputText is called
2024-01-02 16:54:40 INFO  Keywords:283 - Waiting for webElement...financialdetails.liquidnetworth
2024-01-02 16:54:50 INFO  Keywords:122 - InputText is called
2024-01-02 16:54:50 INFO  Keywords:283 - Waiting for webElement...financialdetails.mutualfund
2024-01-02 16:55:00 INFO  Keywords:122 - InputText is called
2024-01-02 16:55:00 INFO  Keywords:283 - Waiting for webElement...financialdetails.otherbrokerage
2024-01-02 16:55:10 INFO  Keywords:122 - InputText is called
2024-01-02 16:55:10 INFO  Keywords:283 - Waiting for webElement...financialdetails.policypremium
2024-01-02 16:55:21 INFO  Keywords:122 - InputText is called
2024-01-02 16:55:21 INFO  Keywords:283 - Waiting for webElement...financialdetails.variableannuity
2024-01-02 16:55:31 INFO  Keywords:122 - InputText is called
2024-01-02 16:55:31 INFO  Keywords:283 - Waiting for webElement...financialdetails.totalpremium
2024-01-02 16:55:41 INFO  Keywords:283 - Waiting for webElement...financialdetails.anticipatedchanges
2024-01-02 16:55:51 INFO  Keywords:283 - Waiting for webElement...financialdetails.nonguaranteedelement
2024-01-02 16:56:01 INFO  Keywords:283 - Waiting for webElement...financialdetails.reversemortgage
2024-01-02 16:56:11 INFO  Keywords:135 - ClickOnLink is called
2024-01-02 16:56:11 INFO  Keywords:283 - Waiting for webElement...next
2024-01-02 16:56:11 INFO  Keywords:286 - Element found...next
2024-01-02 16:56:27 INFO  Keywords:283 - Waiting for webElement...payment.modal
2024-01-02 16:56:53 INFO  Keywords:283 - Waiting for webElement...payment.method
2024-01-02 16:57:03 INFO  Keywords:122 - InputText is called
2024-01-02 16:57:03 INFO  Keywords:283 - Waiting for webElement...payment.premium
2024-01-02 16:57:14 INFO  Keywords:135 - ClickOnLink is called
2024-01-02 16:57:14 INFO  Keywords:283 - Waiting for webElement...next
2024-01-02 16:57:14 INFO  Keywords:286 - Element found...next
2024-01-02 16:57:30 INFO  Keywords:283 - Waiting for webElement...existinginsurance.borrowingfunds
2024-01-02 16:57:40 INFO  Keywords:283 - Waiting for webElement...existinginsurance.terminatingexistinglifepolicy
2024-01-02 16:57:50 INFO  Keywords:283 - Waiting for webElement...existinginsurance.longtermcoverage
2024-01-02 16:58:00 INFO  Keywords:283 - Waiting for webElement...existanceterminating.InsuranceCompanyName
2024-01-02 16:58:10 INFO  Keywords:122 - InputText is called
2024-01-02 16:58:10 INFO  Keywords:283 - Waiting for webElement...existanceterminating.ProductName
2024-01-02 16:58:20 INFO  Keywords:122 - InputText is called
2024-01-02 16:58:20 INFO  Keywords:283 - Waiting for webElement...existanceterminating.Insured
2024-01-02 16:58:30 INFO  Keywords:122 - InputText is called
2024-01-02 16:58:30 INFO  Keywords:283 - Waiting for webElement...existanceterminating.Owner
2024-01-02 16:58:40 INFO  Keywords:122 - InputText is called
2024-01-02 16:58:40 INFO  Keywords:283 - Waiting for webElement...existanceterminating.DateIssued
2024-01-02 16:58:51 INFO  Keywords:122 - InputText is called
2024-01-02 16:58:51 INFO  Keywords:283 - Waiting for webElement...existanceterminating.AmountOfInsurance
2024-01-02 16:59:01 INFO  Keywords:283 - Waiting for webElement...existanceterminating.ExistingInsuranceType
2024-01-02 16:59:11 INFO  Keywords:283 - Waiting for webElement...existanceterminating.ProductType
2024-01-02 16:59:21 INFO  Keywords:283 - Waiting for webElement...existanceterminating.LifeProductType
2024-01-02 16:59:31 INFO  Keywords:122 - InputText is called
2024-01-02 16:59:31 INFO  Keywords:283 - Waiting for webElement...existanceterminating.PolicyNo
2024-01-02 16:59:41 INFO  Keywords:283 - Waiting for webElement...existanceterminating.PurposeOfPolicy
2024-01-02 16:59:51 INFO  Keywords:283 - Waiting for webElement...existanceterminating.FundsNewPolicy
2024-01-02 17:00:01 INFO  Keywords:283 - Waiting for webElement...existanceterminating.ReplacingNewPolicy
2024-01-02 17:00:11 INFO  Keywords:283 - Waiting for webElement...existanceterminating.ReplacementThType
2024-01-02 17:00:22 INFO  Keywords:283 - Waiting for webElement...existanceterminating.1035ThExchange
2024-01-02 17:00:32 INFO  Keywords:122 - InputText is called
2024-01-02 17:00:32 INFO  Keywords:283 - Waiting for webElement...existanceterminating.ReasonReplacement
2024-01-02 17:00:42 INFO  Keywords:122 - InputText is called
2024-01-02 17:00:42 INFO  Keywords:283 - Waiting for webElement...existanceterminating.NoOfPolicy
2024-01-02 17:00:52 INFO  Keywords:122 - InputText is called
2024-01-02 17:00:52 INFO  Keywords:283 - Waiting for webElement...existanceterminating.PremiumPayment
2024-01-02 17:01:02 INFO  Keywords:122 - InputText is called
2024-01-02 17:01:02 INFO  Keywords:283 - Waiting for webElement...existanceterminating.FrequencyPremium
2024-01-02 17:01:12 INFO  Keywords:122 - InputText is called
2024-01-02 17:01:12 INFO  Keywords:283 - Waiting for webElement...existanceterminating.AmountBeingExchanged
2024-01-02 17:01:22 INFO  Keywords:122 - InputText is called
2024-01-02 17:01:22 INFO  Keywords:283 - Waiting for webElement...existanceterminating.SurrenderCharge
2024-01-02 17:01:32 INFO  Keywords:122 - InputText is called
2024-01-02 17:01:32 INFO  Keywords:283 - Waiting for webElement...existanceterminating.DeathBenefit
2024-01-02 17:01:42 INFO  Keywords:122 - InputText is called
2024-01-02 17:01:42 INFO  Keywords:283 - Waiting for webElement...existanceterminating.SpecialFeatures
2024-01-02 17:01:52 INFO  Keywords:283 - Waiting for webElement...existinginsurance.longtermpolicyYes
2024-01-02 17:02:03 INFO  Keywords:122 - InputText is called
2024-01-02 17:02:03 INFO  Keywords:283 - Waiting for webElement...existinglongtermpolicy.InsuranceName
2024-01-02 17:02:13 INFO  Keywords:122 - InputText is called
2024-01-02 17:02:13 INFO  Keywords:283 - Waiting for webElement...existinglongtermpolicy.policyCertificateNumber
2024-01-02 17:02:23 INFO  Keywords:122 - InputText is called
2024-01-02 17:02:23 INFO  Keywords:283 - Waiting for webElement...existinglongtermpolicy.ProductName
2024-01-02 17:02:33 INFO  Keywords:283 - Waiting for webElement...existinglongtermpolicy.ProductType
2024-01-02 17:02:43 INFO  Keywords:122 - InputText is called
2024-01-02 17:02:43 INFO  Keywords:283 - Waiting for webElement...existinglongtermpolicy.Insured
2024-01-02 17:02:53 INFO  Keywords:122 - InputText is called
2024-01-02 17:02:53 INFO  Keywords:283 - Waiting for webElement...existinglongtermpolicy.Owner
2024-01-02 17:03:03 INFO  Keywords:122 - InputText is called
2024-01-02 17:03:03 INFO  Keywords:283 - Waiting for webElement...existinglongtermpolicy.DailyBenefit
2024-01-02 17:03:13 INFO  Keywords:122 - InputText is called
2024-01-02 17:03:13 INFO  Keywords:283 - Waiting for webElement...existinglongtermpolicy.AmountOfInsurance
2024-01-02 17:03:23 INFO  Keywords:122 - InputText is called
2024-01-02 17:03:23 INFO  Keywords:283 - Waiting for webElement...existinglongtermpolicy.benefitAmount
2024-01-02 17:03:34 INFO  Keywords:122 - InputText is called
2024-01-02 17:03:34 INFO  Keywords:283 - Waiting for webElement...existinglongtermpolicy.benefitPeriod
2024-01-02 17:03:44 INFO  Keywords:283 - Waiting for webElement...existinginsurance.longterminsuranceYes
2024-01-02 17:03:54 INFO  Keywords:122 - InputText is called
2024-01-02 17:03:54 INFO  Keywords:283 - Waiting for webElement...existinglongterminsurance.InsuranceCompany
2024-01-02 17:04:04 INFO  Keywords:122 - InputText is called
2024-01-02 17:04:04 INFO  Keywords:283 - Waiting for webElement...existinglongterminsurance.Certificate
2024-01-02 17:04:14 INFO  Keywords:122 - InputText is called
2024-01-02 17:04:14 INFO  Keywords:283 - Waiting for webElement...existinglongterminsurance.LTCBenefit
2024-01-02 17:04:24 INFO  Keywords:122 - InputText is called
2024-01-02 17:04:24 INFO  Keywords:283 - Waiting for webElement...existinglongterminsurance.IssueDate
2024-01-02 17:04:34 INFO  Keywords:122 - InputText is called
2024-01-02 17:04:34 INFO  Keywords:283 - Waiting for webElement...existinglongterminsurance.LapseDate
2024-01-02 17:04:44 INFO  Keywords:135 - ClickOnLink is called
2024-01-02 17:04:44 INFO  Keywords:283 - Waiting for webElement...next
2024-01-02 17:04:44 INFO  Keywords:286 - Element found...next
2024-01-02 17:05:00 INFO  Keywords:135 - ClickOnLink is called
2024-01-02 17:05:00 INFO  Keywords:283 - Waiting for webElement...next
2024-01-02 17:05:00 INFO  Keywords:286 - Element found...next
2024-01-02 17:05:17 INFO  Keywords:122 - InputText is called
2024-01-02 17:05:17 INFO  Keywords:283 - Waiting for webElement...additionalclientquestion.q1
2024-01-02 17:05:27 INFO  Keywords:122 - InputText is called
2024-01-02 17:05:27 INFO  Keywords:283 - Waiting for webElement...additionalclientquestion.q2
2024-01-02 17:05:37 INFO  Keywords:122 - InputText is called
2024-01-02 17:05:37 INFO  Keywords:283 - Waiting for webElement...additionalclientquestion.q3
2024-01-02 17:05:47 INFO  Keywords:122 - InputText is called
2024-01-02 17:05:47 INFO  Keywords:283 - Waiting for webElement...additionalclientquestion.q4
2024-01-02 17:05:57 INFO  Keywords:122 - InputText is called
2024-01-02 17:05:57 INFO  Keywords:283 - Waiting for webElement...additionalclientquestion.q5
2024-01-02 17:06:07 INFO  Keywords:513 - GetText is called
2024-01-02 17:06:07 INFO  Keywords:283 - Waiting for webElement...ebixTxnID
2024-01-02 17:06:07 INFO  Keywords:286 - Element found...ebixTxnID
2024-01-02 17:06:07 INFO  Keywords:517 - LinkId: 520567
2024-01-02 17:06:07 INFO  Keywords:568 - LinkId: 520567
2024-01-02 17:06:07 INFO  Keywords:513 - GetText is called
2024-01-02 17:06:07 INFO  Keywords:283 - Waiting for webElement...ebixTxnID
2024-01-02 17:06:07 INFO  Keywords:286 - Element found...ebixTxnID
2024-01-02 17:06:07 INFO  Keywords:517 - LinkId: 520567
2024-01-02 17:06:07 INFO  Keywords:135 - ClickOnLink is called
2024-01-02 17:06:07 INFO  Keywords:283 - Waiting for webElement...next
2024-01-02 17:06:07 INFO  Keywords:286 - Element found...next
2024-01-02 17:06:24 INFO  Keywords:135 - ClickOnLink is called
2024-01-02 17:06:24 INFO  Keywords:283 - Waiting for webElement...validate.button
2024-01-02 17:07:06 INFO  Keywords:135 - ClickOnLink is called
2024-01-02 17:07:06 INFO  Keywords:283 - Waiting for webElement...notification.continue
2024-01-02 17:07:06 INFO  Keywords:286 - Element found...notification.continue
2024-01-02 17:07:22 INFO  Keywords:135 - ClickOnLink is called
2024-01-02 17:07:22 INFO  Keywords:283 - Waiting for webElement...esignature.optout
2024-01-02 17:09:02 INFO  Keywords:147 - VerifyText is called
2024-01-02 17:09:02 INFO  Keywords:283 - Waiting for webElement...WebElement
2024-01-02 17:09:02 INFO  Keywords:135 - ClickOnLink is called
2024-01-02 17:09:02 INFO  Keywords:283 - Waiting for webElement...attachment
2024-01-02 17:09:02 INFO  Keywords:286 - Element found...attachment
2024-01-02 17:09:03 INFO  Keywords:283 - Waiting for webElement...attachment.documenttype
2024-01-02 17:09:05 INFO  Keywords:286 - Element found...attachment.documenttype
2024-01-02 17:09:06 INFO  Keywords:122 - InputText is called
2024-01-02 17:09:06 INFO  Keywords:283 - Waiting for webElement...attachment.choosefile
2024-01-02 17:09:06 INFO  Keywords:286 - Element found...attachment.choosefile
2024-01-02 17:09:06 INFO  Keywords:135 - ClickOnLink is called
2024-01-02 17:09:06 INFO  Keywords:283 - Waiting for webElement...attachment.upload
2024-01-02 17:09:06 INFO  Keywords:286 - Element found...attachment.upload
2024-01-02 17:09:26 INFO  Keywords:135 - ClickOnLink is called
2024-01-02 17:09:26 INFO  Keywords:283 - Waiting for webElement...RequestSignatures
2024-01-02 17:09:53 INFO  Keywords:283 - Waiting for webElement...attachment.documenttype
2024-01-02 17:09:53 INFO  Keywords:286 - Element found...attachment.documenttype
2024-01-02 17:09:53 INFO  Keywords:122 - InputText is called
2024-01-02 17:09:53 INFO  Keywords:283 - Waiting for webElement...attachment.choosefile
2024-01-02 17:09:53 INFO  Keywords:286 - Element found...attachment.choosefile
2024-01-02 17:09:53 INFO  Keywords:135 - ClickOnLink is called
2024-01-02 17:09:53 INFO  Keywords:283 - Waiting for webElement...attachment.upload
2024-01-02 17:09:53 INFO  Keywords:286 - Element found...attachment.upload
2024-01-02 17:10:13 INFO  Keywords:135 - ClickOnLink is called
2024-01-02 17:10:13 INFO  Keywords:283 - Waiting for webElement...SubmitButton
2024-01-02 17:11:53 INFO  Keywords:450 - switching to parent window...
2024-01-02 17:11:53 INFO  Keywords:94 - Navigate is called
2024-01-02 17:11:55 INFO  Keywords:528 - ClearText is called
2024-01-02 17:11:55 INFO  Keywords:283 - Waiting for webElement...gateway.username
2024-01-02 17:11:55 INFO  Keywords:286 - Element found...gateway.username
2024-01-02 17:11:55 INFO  Keywords:532 - LinkId: 520567
2024-01-02 17:11:55 INFO  Keywords:122 - InputText is called
2024-01-02 17:11:55 INFO  Keywords:283 - Waiting for webElement...gateway.username
2024-01-02 17:11:55 INFO  Keywords:286 - Element found...gateway.username
2024-01-02 17:11:55 INFO  Keywords:528 - ClearText is called
2024-01-02 17:11:55 INFO  Keywords:283 - Waiting for webElement...gateway.password
2024-01-02 17:11:55 INFO  Keywords:286 - Element found...gateway.password
2024-01-02 17:11:55 INFO  Keywords:532 - LinkId: 520567
2024-01-02 17:11:55 INFO  Keywords:122 - InputText is called
2024-01-02 17:11:55 INFO  Keywords:283 - Waiting for webElement...gateway.password
2024-01-02 17:11:55 INFO  Keywords:286 - Element found...gateway.password
2024-01-02 17:11:55 INFO  Keywords:135 - ClickOnLink is called
2024-01-02 17:11:55 INFO  Keywords:283 - Waiting for webElement...gateway.login
2024-01-02 17:11:55 INFO  Keywords:286 - Element found...gateway.login
2024-01-02 17:12:14 INFO  Keywords:135 - ClickOnLink is called
2024-01-02 17:12:14 INFO  Keywords:283 - Waiting for webElement...management
2024-01-02 17:12:14 INFO  Keywords:286 - Element found...management
2024-01-02 17:12:14 INFO  Keywords:283 - Waiting for webElement...managementTools
2024-01-02 17:12:15 INFO  Keywords:286 - Element found...managementTools
2024-01-02 17:12:16 INFO  Keywords:135 - ClickOnLink is called
2024-01-02 17:12:16 INFO  Keywords:283 - Waiting for webElement...feedManagement
2024-01-02 17:12:16 INFO  Keywords:286 - Element found...feedManagement
2024-01-02 17:12:32 INFO  Keywords:135 - ClickOnLink is called
2024-01-02 17:12:32 INFO  Keywords:283 - Waiting for webElement...searchPanel
2024-01-02 17:12:32 INFO  Keywords:286 - Element found...searchPanel
2024-01-02 17:12:32 INFO  Keywords:283 - Waiting for webElement...selectTransactionID
2024-01-02 17:12:32 INFO  Keywords:286 - Element found...selectTransactionID
2024-01-02 17:12:33 INFO  Keywords:122 - InputText is called
2024-01-02 17:12:33 INFO  Keywords:283 - Waiting for webElement...enterTransactioID
2024-01-02 17:12:33 INFO  Keywords:286 - Element found...enterTransactioID
2024-01-02 17:12:33 INFO  Keywords:135 - ClickOnLink is called
2024-01-02 17:12:33 INFO  Keywords:283 - Waiting for webElement...searchbutton
2024-01-02 17:12:33 INFO  Keywords:286 - Element found...searchbutton
2024-01-02 17:12:49 INFO  Keywords:135 - ClickOnLink is called
2024-01-02 17:12:49 INFO  Keywords:283 - Waiting for webElement...transactionSearchmyResult
2024-01-02 17:12:49 INFO  Keywords:286 - Element found...transactionSearchmyResult
2024-01-02 17:13:06 INFO  Keywords:135 - ClickOnLink is called
2024-01-02 17:13:06 INFO  Keywords:283 - Waiting for webElement...onenotThree
2024-01-02 17:13:06 INFO  Keywords:286 - Element found...onenotThree
2024-01-02 17:13:06 INFO  Keywords:283 - Waiting for webElement...103ResponseXML
2024-01-02 17:13:48 INFO  Keywords:450 - switching to parent window...
2024-01-02 17:13:48 INFO  Keywords:94 - Navigate is called
2024-01-02 17:13:49 INFO  Keywords:528 - ClearText is called
2024-01-02 17:13:49 INFO  Keywords:283 - Waiting for webElement...gateway.username
2024-01-02 17:13:49 INFO  Keywords:286 - Element found...gateway.username
2024-01-02 17:13:49 INFO  Keywords:532 - LinkId: 520567
2024-01-02 17:13:49 INFO  Keywords:122 - InputText is called
2024-01-02 17:13:49 INFO  Keywords:283 - Waiting for webElement...gateway.username
2024-01-02 17:13:49 INFO  Keywords:286 - Element found...gateway.username
2024-01-02 17:13:49 INFO  Keywords:528 - ClearText is called
2024-01-02 17:13:49 INFO  Keywords:283 - Waiting for webElement...gateway.password
2024-01-02 17:13:49 INFO  Keywords:286 - Element found...gateway.password
2024-01-02 17:13:49 INFO  Keywords:532 - LinkId: 520567
2024-01-02 17:13:49 INFO  Keywords:122 - InputText is called
2024-01-02 17:13:49 INFO  Keywords:283 - Waiting for webElement...gateway.password
2024-01-02 17:13:49 INFO  Keywords:286 - Element found...gateway.password
2024-01-02 17:13:49 INFO  Keywords:135 - ClickOnLink is called
2024-01-02 17:13:49 INFO  Keywords:283 - Waiting for webElement...gateway.login
2024-01-02 17:13:49 INFO  Keywords:286 - Element found...gateway.login
2024-01-02 17:14:08 INFO  Keywords:135 - ClickOnLink is called
2024-01-02 17:14:08 INFO  Keywords:283 - Waiting for webElement...management
2024-01-02 17:14:08 INFO  Keywords:286 - Element found...management
2024-01-02 17:14:08 INFO  Keywords:283 - Waiting for webElement...managementTools
2024-01-02 17:14:08 INFO  Keywords:286 - Element found...managementTools
2024-01-02 17:14:09 INFO  Keywords:135 - ClickOnLink is called
2024-01-02 17:14:09 INFO  Keywords:283 - Waiting for webElement...feedManagement
2024-01-02 17:14:09 INFO  Keywords:286 - Element found...feedManagement
2024-01-02 17:14:26 INFO  Keywords:135 - ClickOnLink is called
2024-01-02 17:14:26 INFO  Keywords:283 - Waiting for webElement...searchPanel
2024-01-02 17:14:26 INFO  Keywords:286 - Element found...searchPanel
2024-01-02 17:14:26 INFO  Keywords:283 - Waiting for webElement...selectTransactionID
2024-01-02 17:14:26 INFO  Keywords:286 - Element found...selectTransactionID
2024-01-02 17:14:26 INFO  Keywords:122 - InputText is called
2024-01-02 17:14:26 INFO  Keywords:283 - Waiting for webElement...enterTransactioID
2024-01-02 17:14:27 INFO  Keywords:286 - Element found...enterTransactioID
2024-01-02 17:14:27 INFO  Keywords:135 - ClickOnLink is called
2024-01-02 17:14:27 INFO  Keywords:283 - Waiting for webElement...searchbutton
2024-01-02 17:14:27 INFO  Keywords:286 - Element found...searchbutton
2024-01-02 17:14:43 INFO  Keywords:135 - ClickOnLink is called
2024-01-02 17:14:43 INFO  Keywords:283 - Waiting for webElement...transactionSearchmyResult
2024-01-02 17:14:43 INFO  Keywords:286 - Element found...transactionSearchmyResult
2024-01-02 17:14:59 INFO  Keywords:135 - ClickOnLink is called
2024-01-02 17:14:59 INFO  Keywords:283 - Waiting for webElement...RTSMButton
2024-01-02 17:14:59 INFO  Keywords:286 - Element found...RTSMButton
2024-01-02 17:15:00 INFO  Keywords:283 - Waiting for webElement...RTSMResponseXML
