2023-12-15 12:54:01 INFO  Keywords:97 - Navigate is called
2023-12-15 12:54:04 INFO  Keywords:125 - InputText is called
2023-12-15 12:54:04 INFO  Keywords:286 - Waiting for webElement...gateway.username
2023-12-15 12:54:04 INFO  Keywords:289 - Element found...gateway.username
2023-12-15 12:54:04 INFO  Keywords:125 - InputText is called
2023-12-15 12:54:04 INFO  Keywords:286 - Waiting for webElement...gateway.password
2023-12-15 12:54:05 INFO  Keywords:289 - Element found...gateway.password
2023-12-15 12:54:05 INFO  Keywords:138 - ClickOnLink is called
2023-12-15 12:54:05 INFO  Keywords:286 - Waiting for webElement...gateway.login
2023-12-15 12:54:05 INFO  Keywords:289 - Element found...gateway.login
2023-12-15 12:54:55 INFO  Keywords:138 - ClickOnLink is called
2023-12-15 12:54:55 INFO  Keywords:286 - Waiting for webElement...postsamldata
2023-12-15 12:54:55 INFO  Keywords:289 - Element found...postsamldata
2023-12-15 12:55:10 INFO  Keywords:138 - ClickOnLink is called
2023-12-15 12:55:10 INFO  Keywords:286 - Waiting for webElement...next
2023-12-15 12:55:15 INFO  Keywords:289 - Element found...next
2023-12-15 12:55:36 INFO  Keywords:125 - InputText is called
2023-12-15 12:55:36 INFO  Keywords:286 - Waiting for webElement...policyConfiguration.insuranceamount
2023-12-15 12:55:46 INFO  Keywords:286 - Waiting for webElement...policyConfiguration.LTC
2023-12-15 12:55:56 INFO  Keywords:286 - Waiting for webElement...policyConfiguration.payors
2023-12-15 12:56:07 INFO  Keywords:286 - Waiting for webElement...policyConfiguration.purposeofpolicy
2023-12-15 12:56:17 INFO  Keywords:138 - ClickOnLink is called
2023-12-15 12:56:17 INFO  Keywords:286 - Waiting for webElement...next
2023-12-15 12:56:17 INFO  Keywords:289 - Element found...next
2023-12-15 12:56:32 INFO  Keywords:286 - Waiting for webElement...primaryinsured.birthcountry
2023-12-15 12:56:42 INFO  Keywords:286 - Waiting for webElement...primaryinsured.birthstate
2023-12-15 12:56:52 INFO  Keywords:125 - InputText is called
2023-12-15 12:56:52 INFO  Keywords:286 - Waiting for webElement...primaryinsured.birthcity
2023-12-15 12:57:02 INFO  Keywords:138 - ClickOnLink is called
2023-12-15 12:57:02 INFO  Keywords:286 - Waiting for webElement...next
2023-12-15 12:57:02 INFO  Keywords:289 - Element found...next
2023-12-15 12:57:17 INFO  Keywords:138 - ClickOnLink is called
2023-12-15 12:57:17 INFO  Keywords:286 - Waiting for webElement...next
2023-12-15 12:57:17 INFO  Keywords:289 - Element found...next
2023-12-15 12:57:33 INFO  Keywords:286 - Waiting for webElement...jointInsured.birthCountry
2023-12-15 12:57:43 INFO  Keywords:286 - Waiting for webElement...jointInsured.birthState
2023-12-15 12:57:53 INFO  Keywords:125 - InputText is called
2023-12-15 12:57:53 INFO  Keywords:286 - Waiting for webElement...jointInsured.birthCity
2023-12-15 12:58:03 INFO  Keywords:138 - ClickOnLink is called
2023-12-15 12:58:03 INFO  Keywords:286 - Waiting for webElement...next
2023-12-15 12:58:03 INFO  Keywords:289 - Element found...next
2023-12-15 12:58:18 INFO  Keywords:286 - Waiting for webElement...naturalOwner.relationwithInsured
2023-12-15 12:58:28 INFO  Keywords:286 - Waiting for webElement...naturalOwner.relationwithJointInsured
2023-12-15 12:58:38 INFO  Keywords:138 - ClickOnLink is called
2023-12-15 12:58:38 INFO  Keywords:286 - Waiting for webElement...next
2023-12-15 12:58:38 INFO  Keywords:289 - Element found...next
2023-12-15 12:58:53 INFO  Keywords:286 - Waiting for webElement...financialDetails.SourceOfFundsLI
2023-12-15 12:59:03 INFO  Keywords:286 - Waiting for webElement...financialDetails.SurrenderChargeSOFLI
2023-12-15 12:59:14 INFO  Keywords:286 - Waiting for webElement...financialDetails.envisiontaking
2023-12-15 12:59:24 INFO  Keywords:286 - Waiting for webElement...financialDetails.federalfaxbracket
2023-12-15 12:59:34 INFO  Keywords:286 - Waiting for webElement...financialDetails.riskTolerance
2023-12-15 12:59:44 INFO  Keywords:286 - Waiting for webElement...financialDetails.Investmentobjectives
2023-12-15 12:59:54 INFO  Keywords:286 - Waiting for webElement...financialDetails.timehorizon
2023-12-15 13:00:04 INFO  Keywords:286 - Waiting for webElement...financialDetails.investmentexperienceFA
2023-12-15 13:00:14 INFO  Keywords:125 - InputText is called
2023-12-15 13:00:14 INFO  Keywords:286 - Waiting for webElement...financialDetails.investmentstartyear
2023-12-15 13:00:24 INFO  Keywords:125 - InputText is called
2023-12-15 13:00:24 INFO  Keywords:286 - Waiting for webElement...financialdetails.wages
2023-12-15 13:00:34 INFO  Keywords:125 - InputText is called
2023-12-15 13:00:34 INFO  Keywords:286 - Waiting for webElement...financialdetails.livingexpenses
2023-12-15 13:00:45 INFO  Keywords:125 - InputText is called
2023-12-15 13:00:45 INFO  Keywords:286 - Waiting for webElement...financialdetails.personalinvestment
2023-12-15 13:00:55 INFO  Keywords:125 - InputText is called
2023-12-15 13:00:55 INFO  Keywords:286 - Waiting for webElement...financialdetails.fixeddebtexpenses
2023-12-15 13:01:05 INFO  Keywords:125 - InputText is called
2023-12-15 13:01:05 INFO  Keywords:286 - Waiting for webElement...financialdetails.rentalincome
2023-12-15 13:01:15 INFO  Keywords:125 - InputText is called
2023-12-15 13:01:15 INFO  Keywords:286 - Waiting for webElement...financialdetails.variabledebtexpenses
2023-12-15 13:01:25 INFO  Keywords:125 - InputText is called
2023-12-15 13:01:25 INFO  Keywords:286 - Waiting for webElement...financialdetails.incomepension
2023-12-15 13:01:35 INFO  Keywords:125 - InputText is called
2023-12-15 13:01:35 INFO  Keywords:286 - Waiting for webElement...financialdetails.discretionaryexpenses
2023-12-15 13:01:45 INFO  Keywords:125 - InputText is called
2023-12-15 13:01:45 INFO  Keywords:286 - Waiting for webElement...financialdetails.socialsecurityincome
2023-12-15 13:01:55 INFO  Keywords:125 - InputText is called
2023-12-15 13:01:55 INFO  Keywords:286 - Waiting for webElement...financialdetails.otherincome
2023-12-15 13:02:05 INFO  Keywords:125 - InputText is called
2023-12-15 13:02:05 INFO  Keywords:286 - Waiting for webElement...financialdetails.bonds
2023-12-15 13:02:16 INFO  Keywords:125 - InputText is called
2023-12-15 13:02:16 INFO  Keywords:286 - Waiting for webElement...financialdetails.businessTrustRealstate
2023-12-15 13:02:26 INFO  Keywords:125 - InputText is called
2023-12-15 13:02:26 INFO  Keywords:286 - Waiting for webElement...financialdetails.retirementplan
2023-12-15 13:02:36 INFO  Keywords:125 - InputText is called
2023-12-15 13:02:36 INFO  Keywords:286 - Waiting for webElement...financialdetails.equities
2023-12-15 13:02:46 INFO  Keywords:125 - InputText is called
2023-12-15 13:02:46 INFO  Keywords:286 - Waiting for webElement...financialdetails.facevalueilfeinsurance
2023-12-15 13:02:56 INFO  Keywords:125 - InputText is called
2023-12-15 13:02:56 INFO  Keywords:286 - Waiting for webElement...financialdetails.fixedannuity
2023-12-15 13:03:06 INFO  Keywords:125 - InputText is called
2023-12-15 13:03:06 INFO  Keywords:286 - Waiting for webElement...financialdetails.indexannuity
2023-12-15 13:03:16 INFO  Keywords:125 - InputText is called
2023-12-15 13:03:16 INFO  Keywords:286 - Waiting for webElement...financialdetails.liquidnetworth
2023-12-15 13:03:26 INFO  Keywords:125 - InputText is called
2023-12-15 13:03:26 INFO  Keywords:286 - Waiting for webElement...financialdetails.mutualfund
2023-12-15 13:03:36 INFO  Keywords:125 - InputText is called
2023-12-15 13:03:36 INFO  Keywords:286 - Waiting for webElement...financialdetails.otherbrokerage
2023-12-15 13:03:46 INFO  Keywords:125 - InputText is called
2023-12-15 13:03:46 INFO  Keywords:286 - Waiting for webElement...financialdetails.policypremium
2023-12-15 13:03:57 INFO  Keywords:125 - InputText is called
2023-12-15 13:03:57 INFO  Keywords:286 - Waiting for webElement...financialdetails.variableannuity
2023-12-15 13:04:07 INFO  Keywords:125 - InputText is called
2023-12-15 13:04:07 INFO  Keywords:286 - Waiting for webElement...financialdetails.totalpremium
2023-12-15 13:04:17 INFO  Keywords:286 - Waiting for webElement...financialdetails.anticipatedchanges
2023-12-15 13:04:27 INFO  Keywords:286 - Waiting for webElement...financialdetails.nonguaranteedelement
2023-12-15 13:04:37 INFO  Keywords:286 - Waiting for webElement...financialdetails.reversemortgage
2023-12-15 13:04:47 INFO  Keywords:138 - ClickOnLink is called
2023-12-15 13:04:47 INFO  Keywords:286 - Waiting for webElement...next
2023-12-15 13:04:47 INFO  Keywords:289 - Element found...next
2023-12-15 13:05:02 INFO  Keywords:286 - Waiting for webElement...payment.modal
2023-12-15 13:05:27 INFO  Keywords:286 - Waiting for webElement...payment.method
2023-12-15 13:05:38 INFO  Keywords:125 - InputText is called
2023-12-15 13:05:38 INFO  Keywords:286 - Waiting for webElement...payment.premium
2023-12-15 13:05:48 INFO  Keywords:138 - ClickOnLink is called
2023-12-15 13:05:48 INFO  Keywords:286 - Waiting for webElement...next
2023-12-15 13:05:48 INFO  Keywords:289 - Element found...next
2023-12-15 13:06:03 INFO  Keywords:286 - Waiting for webElement...existinginsurance.borrowingfunds
2023-12-15 13:06:13 INFO  Keywords:286 - Waiting for webElement...existinginsurance.terminatingexistinglifepolicy
2023-12-15 13:06:23 INFO  Keywords:286 - Waiting for webElement...existinginsurance.longtermcoverage
2023-12-15 13:06:33 INFO  Keywords:286 - Waiting for webElement...existinginsurance.longtermpolicy
2023-12-15 13:06:43 INFO  Keywords:286 - Waiting for webElement...existinginsurance.longterminsurance
2023-12-15 13:06:53 INFO  Keywords:138 - ClickOnLink is called
2023-12-15 13:06:53 INFO  Keywords:286 - Waiting for webElement...next
2023-12-15 13:06:53 INFO  Keywords:289 - Element found...next
2023-12-15 13:07:08 INFO  Keywords:138 - ClickOnLink is called
2023-12-15 13:07:08 INFO  Keywords:286 - Waiting for webElement...next
2023-12-15 13:07:09 INFO  Keywords:289 - Element found...next
2023-12-15 13:07:24 INFO  Keywords:125 - InputText is called
2023-12-15 13:07:24 INFO  Keywords:286 - Waiting for webElement...additionalclientquestion.q1
2023-12-15 13:07:34 INFO  Keywords:125 - InputText is called
2023-12-15 13:07:34 INFO  Keywords:286 - Waiting for webElement...additionalclientquestion.q2
2023-12-15 13:07:44 INFO  Keywords:125 - InputText is called
2023-12-15 13:07:44 INFO  Keywords:286 - Waiting for webElement...additionalclientquestion.q3
2023-12-15 13:07:54 INFO  Keywords:125 - InputText is called
2023-12-15 13:07:54 INFO  Keywords:286 - Waiting for webElement...additionalclientquestion.q4
2023-12-15 13:08:04 INFO  Keywords:125 - InputText is called
2023-12-15 13:08:04 INFO  Keywords:286 - Waiting for webElement...additionalclientquestion.q5
2023-12-15 13:08:14 INFO  Keywords:514 - GetText is called
2023-12-15 13:08:14 INFO  Keywords:286 - Waiting for webElement...ebixTxnID
2023-12-15 13:08:14 INFO  Keywords:289 - Element found...ebixTxnID
2023-12-15 13:08:14 INFO  Keywords:518 - LinkId: 519437
2023-12-15 13:08:14 INFO  Keywords:569 - LinkId: 519437
2023-12-15 13:08:14 INFO  Keywords:514 - GetText is called
2023-12-15 13:08:14 INFO  Keywords:286 - Waiting for webElement...ebixTxnID
2023-12-15 13:08:14 INFO  Keywords:289 - Element found...ebixTxnID
2023-12-15 13:08:14 INFO  Keywords:518 - LinkId: 519437
2023-12-15 13:08:14 INFO  Keywords:138 - ClickOnLink is called
2023-12-15 13:08:14 INFO  Keywords:286 - Waiting for webElement...next
2023-12-15 13:08:14 INFO  Keywords:289 - Element found...next
2023-12-15 13:08:30 INFO  Keywords:138 - ClickOnLink is called
2023-12-15 13:08:30 INFO  Keywords:286 - Waiting for webElement...validate.button
2023-12-15 13:09:10 INFO  Keywords:138 - ClickOnLink is called
2023-12-15 13:09:10 INFO  Keywords:286 - Waiting for webElement...notification.continue
2023-12-15 13:09:10 INFO  Keywords:289 - Element found...notification.continue
2023-12-15 13:09:25 INFO  Keywords:138 - ClickOnLink is called
2023-12-15 13:09:25 INFO  Keywords:286 - Waiting for webElement...esignature.optout
2023-12-15 13:11:05 INFO  Keywords:150 - VerifyText is called
2023-12-15 13:11:05 INFO  Keywords:286 - Waiting for webElement...WebElement
2023-12-15 13:11:05 INFO  Keywords:138 - ClickOnLink is called
2023-12-15 13:11:05 INFO  Keywords:286 - Waiting for webElement...attachment
2023-12-15 13:11:05 INFO  Keywords:289 - Element found...attachment
2023-12-15 13:11:06 INFO  Keywords:286 - Waiting for webElement...attachment.documenttype
2023-12-15 13:11:16 INFO  Keywords:125 - InputText is called
2023-12-15 13:11:16 INFO  Keywords:286 - Waiting for webElement...attachment.choosefile
2023-12-15 13:11:26 INFO  Keywords:138 - ClickOnLink is called
2023-12-15 13:11:26 INFO  Keywords:286 - Waiting for webElement...attachment.upload
2023-12-15 13:11:51 INFO  Keywords:138 - ClickOnLink is called
2023-12-15 13:11:51 INFO  Keywords:286 - Waiting for webElement...RequestSignatures
2023-12-15 13:12:16 INFO  Keywords:286 - Waiting for webElement...attachment.documenttype
2023-12-15 13:12:27 INFO  Keywords:125 - InputText is called
2023-12-15 13:12:27 INFO  Keywords:286 - Waiting for webElement...attachment.choosefile
2023-12-15 13:12:37 INFO  Keywords:138 - ClickOnLink is called
2023-12-15 13:12:37 INFO  Keywords:286 - Waiting for webElement...attachment.upload
2023-12-15 13:13:02 INFO  Keywords:138 - ClickOnLink is called
2023-12-15 13:13:02 INFO  Keywords:286 - Waiting for webElement...SubmitButton
2023-12-15 13:14:42 INFO  Keywords:451 - switching to parent window...
2023-12-15 13:14:42 INFO  Keywords:97 - Navigate is called
2023-12-15 13:14:44 INFO  Keywords:529 - ClearText is called
2023-12-15 13:14:44 INFO  Keywords:286 - Waiting for webElement...gateway.username
2023-12-15 13:14:44 INFO  Keywords:289 - Element found...gateway.username
2023-12-15 13:14:44 INFO  Keywords:533 - LinkId: 519437
2023-12-15 13:14:44 INFO  Keywords:125 - InputText is called
2023-12-15 13:14:44 INFO  Keywords:286 - Waiting for webElement...gateway.username
2023-12-15 13:14:44 INFO  Keywords:289 - Element found...gateway.username
2023-12-15 13:14:44 INFO  Keywords:529 - ClearText is called
2023-12-15 13:14:44 INFO  Keywords:286 - Waiting for webElement...gateway.password
2023-12-15 13:14:44 INFO  Keywords:289 - Element found...gateway.password
2023-12-15 13:14:44 INFO  Keywords:533 - LinkId: 519437
2023-12-15 13:14:44 INFO  Keywords:125 - InputText is called
2023-12-15 13:14:44 INFO  Keywords:286 - Waiting for webElement...gateway.password
2023-12-15 13:14:44 INFO  Keywords:289 - Element found...gateway.password
2023-12-15 13:14:44 INFO  Keywords:138 - ClickOnLink is called
2023-12-15 13:14:44 INFO  Keywords:286 - Waiting for webElement...gateway.login
2023-12-15 13:14:44 INFO  Keywords:289 - Element found...gateway.login
2023-12-15 13:15:02 INFO  Keywords:138 - ClickOnLink is called
2023-12-15 13:15:02 INFO  Keywords:286 - Waiting for webElement...management
2023-12-15 13:15:02 INFO  Keywords:289 - Element found...management
2023-12-15 13:15:03 INFO  Keywords:286 - Waiting for webElement...managementTools
2023-12-15 13:15:03 INFO  Keywords:289 - Element found...managementTools
2023-12-15 13:15:04 INFO  Keywords:138 - ClickOnLink is called
2023-12-15 13:15:04 INFO  Keywords:286 - Waiting for webElement...feedManagement
2023-12-15 13:15:04 INFO  Keywords:289 - Element found...feedManagement
2023-12-15 13:15:19 INFO  Keywords:138 - ClickOnLink is called
2023-12-15 13:15:19 INFO  Keywords:286 - Waiting for webElement...searchPanel
2023-12-15 13:15:29 INFO  Keywords:286 - Waiting for webElement...selectTransactionID
2023-12-15 13:15:39 INFO  Keywords:125 - InputText is called
2023-12-15 13:15:39 INFO  Keywords:286 - Waiting for webElement...enterTransactioID
2023-12-15 13:15:49 INFO  Keywords:138 - ClickOnLink is called
2023-12-15 13:15:49 INFO  Keywords:286 - Waiting for webElement...searchbutton
2023-12-15 13:16:15 INFO  Keywords:138 - ClickOnLink is called
2023-12-15 13:16:15 INFO  Keywords:286 - Waiting for webElement...transactionSearchResult
2023-12-15 13:16:30 INFO  Keywords:138 - ClickOnLink is called
2023-12-15 13:16:30 INFO  Keywords:286 - Waiting for webElement...onenotThree
2023-12-15 13:16:40 INFO  Keywords:286 - Waiting for webElement...103ResponseXML
2023-12-15 13:17:21 INFO  Keywords:97 - Navigate is called
