2024-06-10 11:42:32 INFO  Keywords:98 - Navigate is called
2024-06-10 11:42:58 INFO  Keywords:124 - InputText is called
2024-06-10 11:42:58 INFO  Keywords:282 - Waiting for webElement...gateway.username
2024-06-10 11:43:03 INFO  Keywords:285 - Element found...gateway.username
2024-06-10 11:43:19 INFO  Keywords:124 - InputText is called
2024-06-10 11:43:19 INFO  Keywords:282 - Waiting for webElement...gateway.password
2024-06-10 11:43:24 INFO  Keywords:285 - Element found...gateway.password
2024-06-10 11:43:45 INFO  Keywords:135 - ClickOnLink is called
2024-06-10 11:43:45 INFO  Keywords:282 - Waiting for webElement...gateway.login
2024-06-10 11:43:50 INFO  Keywords:285 - Element found...gateway.login
2024-06-10 11:47:30 INFO  Keywords:135 - ClickOnLink is called
2024-06-10 11:47:30 INFO  Keywords:282 - Waiting for webElement...postsamldata
2024-06-10 11:47:35 INFO  Keywords:285 - Element found...postsamldata
2024-06-10 11:48:33 INFO  Keywords:135 - ClickOnLink is called
2024-06-10 11:48:33 INFO  Keywords:282 - Waiting for webElement...next
2024-06-10 11:48:37 INFO  Keywords:285 - Element found...next
2024-06-10 11:49:55 INFO  Keywords:124 - InputText is called
2024-06-10 11:49:55 INFO  Keywords:282 - Waiting for webElement...policyConfiguration.insuranceamount
2024-06-10 11:50:00 INFO  Keywords:285 - Element found...policyConfiguration.insuranceamount
2024-06-10 11:50:29 INFO  Keywords:282 - Waiting for webElement...policyConfiguration.LTC
2024-06-10 11:50:33 INFO  Keywords:285 - Element found...policyConfiguration.LTC
2024-06-10 11:50:46 INFO  Keywords:282 - Waiting for webElement...policyConfiguration.Benefit
2024-06-10 11:50:50 INFO  Keywords:285 - Element found...policyConfiguration.Benefit
2024-06-10 11:51:10 INFO  Keywords:282 - Waiting for webElement...policyConfiguration.payors
2024-06-10 11:51:15 INFO  Keywords:285 - Element found...policyConfiguration.payors
2024-06-10 11:51:20 INFO  Keywords:282 - Waiting for webElement...policyConfiguration.purposeofpolicy
2024-06-10 11:51:25 INFO  Keywords:285 - Element found...policyConfiguration.purposeofpolicy
2024-06-10 11:51:32 INFO  Keywords:135 - ClickOnLink is called
2024-06-10 11:51:32 INFO  Keywords:282 - Waiting for webElement...next
2024-06-10 11:51:36 INFO  Keywords:285 - Element found...next
2024-06-10 11:54:20 INFO  Keywords:282 - Waiting for webElement...primaryinsured.birthcountry
2024-06-10 11:54:24 INFO  Keywords:285 - Element found...primaryinsured.birthcountry
2024-06-10 11:54:47 INFO  Keywords:282 - Waiting for webElement...primaryinsured.birthstate
2024-06-10 11:54:52 INFO  Keywords:285 - Element found...primaryinsured.birthstate
2024-06-10 11:55:14 INFO  Keywords:124 - InputText is called
2024-06-10 11:55:14 INFO  Keywords:282 - Waiting for webElement...primaryinsured.birthcity
2024-06-10 11:55:48 INFO  Keywords:135 - ClickOnLink is called
2024-06-10 11:55:48 INFO  Keywords:282 - Waiting for webElement...next
2024-06-10 11:55:52 INFO  Keywords:285 - Element found...next
2024-06-10 11:56:55 INFO  Keywords:135 - ClickOnLink is called
2024-06-10 11:56:55 INFO  Keywords:282 - Waiting for webElement...next
2024-06-10 11:57:00 INFO  Keywords:285 - Element found...next
2024-06-10 11:59:01 INFO  Keywords:282 - Waiting for webElement...naturalOwner.relationwithInsured
2024-06-10 11:59:05 INFO  Keywords:285 - Element found...naturalOwner.relationwithInsured
2024-06-10 11:59:15 INFO  Keywords:282 - Waiting for webElement...naturalOwner.relationwithJointInsured
2024-06-10 12:03:19 INFO  Keywords:282 - Waiting for webElement...naturalOwner.PermamentResidentCard
2024-06-10 12:03:23 INFO  Keywords:285 - Element found...naturalOwner.PermamentResidentCard
2024-06-10 12:03:31 INFO  Keywords:124 - InputText is called
2024-06-10 12:03:31 INFO  Keywords:282 - Waiting for webElement...naturalOwner.ResidentCardIssueDAte
2024-06-10 12:03:35 INFO  Keywords:285 - Element found...naturalOwner.ResidentCardIssueDAte
2024-06-10 12:03:41 INFO  Keywords:124 - InputText is called
2024-06-10 12:03:41 INFO  Keywords:282 - Waiting for webElement...naturalOwner.ResidentCardExpireationDAte
2024-06-10 12:03:46 INFO  Keywords:285 - Element found...naturalOwner.ResidentCardExpireationDAte
2024-06-10 12:04:16 INFO  Keywords:124 - InputText is called
2024-06-10 12:04:16 INFO  Keywords:282 - Waiting for webElement...naturalOwner.USLivingYrs
2024-06-10 12:04:20 INFO  Keywords:285 - Element found...naturalOwner.USLivingYrs
2024-06-10 12:04:26 INFO  Keywords:124 - InputText is called
2024-06-10 12:04:26 INFO  Keywords:282 - Waiting for webElement...naturalOwner.USLivingMonths
2024-06-10 12:04:31 INFO  Keywords:285 - Element found...naturalOwner.USLivingMonths
2024-06-10 12:06:08 INFO  Keywords:135 - ClickOnLink is called
2024-06-10 12:06:08 INFO  Keywords:282 - Waiting for webElement...next
2024-06-10 12:06:12 INFO  Keywords:285 - Element found...next
2024-06-10 12:06:50 INFO  Keywords:282 - Waiting for webElement...financialDetails.SourceOfFundsLI
2024-06-10 12:06:54 INFO  Keywords:285 - Element found...financialDetails.SourceOfFundsLI
2024-06-10 12:07:01 INFO  Keywords:282 - Waiting for webElement...financialDetails.SurrenderChargeSOFLI
2024-06-10 12:07:06 INFO  Keywords:285 - Element found...financialDetails.SurrenderChargeSOFLI
2024-06-10 12:07:11 INFO  Keywords:282 - Waiting for webElement...financialDetails.envisiontaking
2024-06-10 12:07:16 INFO  Keywords:285 - Element found...financialDetails.envisiontaking
2024-06-10 12:07:25 INFO  Keywords:282 - Waiting for webElement...financialDetails.federalfaxbracket
2024-06-10 12:07:30 INFO  Keywords:285 - Element found...financialDetails.federalfaxbracket
2024-06-10 12:09:49 INFO  Keywords:282 - Waiting for webElement...financialDetails.riskTolerance
2024-06-10 12:09:53 INFO  Keywords:285 - Element found...financialDetails.riskTolerance
2024-06-10 12:10:00 INFO  Keywords:282 - Waiting for webElement...financialDetails.Investmentobjectives
2024-06-10 12:10:05 INFO  Keywords:285 - Element found...financialDetails.Investmentobjectives
2024-06-10 12:10:19 INFO  Keywords:282 - Waiting for webElement...financialDetails.timehorizon
2024-06-10 12:10:23 INFO  Keywords:285 - Element found...financialDetails.timehorizon
2024-06-10 12:10:28 INFO  Keywords:282 - Waiting for webElement...financialDetails.investmentexperienceFA
2024-06-10 12:10:33 INFO  Keywords:285 - Element found...financialDetails.investmentexperienceFA
2024-06-10 12:10:37 INFO  Keywords:124 - InputText is called
2024-06-10 12:10:37 INFO  Keywords:282 - Waiting for webElement...financialDetails.investmentstartyear
2024-06-10 12:10:41 INFO  Keywords:285 - Element found...financialDetails.investmentstartyear
2024-06-10 12:10:47 INFO  Keywords:124 - InputText is called
2024-06-10 12:10:47 INFO  Keywords:282 - Waiting for webElement...financialdetails.wages
2024-06-10 12:10:51 INFO  Keywords:285 - Element found...financialdetails.wages
2024-06-10 12:10:57 INFO  Keywords:124 - InputText is called
2024-06-10 12:10:57 INFO  Keywords:282 - Waiting for webElement...financialdetails.livingexpenses
2024-06-10 12:11:01 INFO  Keywords:285 - Element found...financialdetails.livingexpenses
2024-06-10 12:11:08 INFO  Keywords:124 - InputText is called
2024-06-10 12:11:08 INFO  Keywords:282 - Waiting for webElement...financialdetails.personalinvestment
2024-06-10 12:11:12 INFO  Keywords:285 - Element found...financialdetails.personalinvestment
2024-06-10 12:11:17 INFO  Keywords:124 - InputText is called
2024-06-10 12:11:17 INFO  Keywords:282 - Waiting for webElement...financialdetails.fixeddebtexpenses
2024-06-10 12:11:22 INFO  Keywords:285 - Element found...financialdetails.fixeddebtexpenses
2024-06-10 12:11:29 INFO  Keywords:124 - InputText is called
2024-06-10 12:11:29 INFO  Keywords:282 - Waiting for webElement...financialdetails.rentalincome
2024-06-10 12:11:33 INFO  Keywords:285 - Element found...financialdetails.rentalincome
2024-06-10 12:11:38 INFO  Keywords:124 - InputText is called
2024-06-10 12:11:38 INFO  Keywords:282 - Waiting for webElement...financialdetails.variabledebtexpenses
2024-06-10 12:11:43 INFO  Keywords:285 - Element found...financialdetails.variabledebtexpenses
2024-06-10 12:11:50 INFO  Keywords:124 - InputText is called
2024-06-10 12:11:50 INFO  Keywords:282 - Waiting for webElement...financialdetails.incomepension
2024-06-10 12:11:54 INFO  Keywords:285 - Element found...financialdetails.incomepension
2024-06-10 12:12:02 INFO  Keywords:124 - InputText is called
2024-06-10 12:12:02 INFO  Keywords:282 - Waiting for webElement...financialdetails.discretionaryexpenses
2024-06-10 12:12:07 INFO  Keywords:285 - Element found...financialdetails.discretionaryexpenses
2024-06-10 12:12:12 INFO  Keywords:124 - InputText is called
2024-06-10 12:12:12 INFO  Keywords:282 - Waiting for webElement...financialdetails.socialsecurityincome
2024-06-10 12:12:16 INFO  Keywords:285 - Element found...financialdetails.socialsecurityincome
2024-06-10 12:12:24 INFO  Keywords:124 - InputText is called
2024-06-10 12:12:24 INFO  Keywords:282 - Waiting for webElement...financialdetails.otherincome
2024-06-10 12:12:28 INFO  Keywords:285 - Element found...financialdetails.otherincome
2024-06-10 12:12:42 INFO  Keywords:124 - InputText is called
2024-06-10 12:12:42 INFO  Keywords:282 - Waiting for webElement...financialdetails.bonds
2024-06-10 12:12:46 INFO  Keywords:285 - Element found...financialdetails.bonds
2024-06-10 12:12:55 INFO  Keywords:124 - InputText is called
2024-06-10 12:12:55 INFO  Keywords:282 - Waiting for webElement...financialdetails.businessTrustRealstate
2024-06-10 12:12:59 INFO  Keywords:285 - Element found...financialdetails.businessTrustRealstate
2024-06-10 12:13:07 INFO  Keywords:124 - InputText is called
2024-06-10 12:13:07 INFO  Keywords:282 - Waiting for webElement...financialdetails.retirementplan
2024-06-10 12:13:11 INFO  Keywords:285 - Element found...financialdetails.retirementplan
2024-06-10 12:13:17 INFO  Keywords:124 - InputText is called
2024-06-10 12:13:17 INFO  Keywords:282 - Waiting for webElement...financialdetails.equities
2024-06-10 12:13:21 INFO  Keywords:285 - Element found...financialdetails.equities
2024-06-10 12:13:28 INFO  Keywords:124 - InputText is called
2024-06-10 12:13:28 INFO  Keywords:282 - Waiting for webElement...financialdetails.facevalueilfeinsurance
2024-06-10 12:13:32 INFO  Keywords:285 - Element found...financialdetails.facevalueilfeinsurance
2024-06-10 12:13:39 INFO  Keywords:124 - InputText is called
2024-06-10 12:13:39 INFO  Keywords:282 - Waiting for webElement...financialdetails.fixedannuity
2024-06-10 12:13:43 INFO  Keywords:285 - Element found...financialdetails.fixedannuity
2024-06-10 12:13:49 INFO  Keywords:124 - InputText is called
2024-06-10 12:13:49 INFO  Keywords:282 - Waiting for webElement...financialdetails.indexannuity
2024-06-10 12:13:54 INFO  Keywords:285 - Element found...financialdetails.indexannuity
2024-06-10 12:14:02 INFO  Keywords:124 - InputText is called
2024-06-10 12:14:02 INFO  Keywords:282 - Waiting for webElement...financialdetails.liquidnetworth
2024-06-10 12:14:07 INFO  Keywords:285 - Element found...financialdetails.liquidnetworth
2024-06-10 12:14:15 INFO  Keywords:124 - InputText is called
2024-06-10 12:14:15 INFO  Keywords:282 - Waiting for webElement...financialdetails.mutualfund
2024-06-10 12:14:19 INFO  Keywords:285 - Element found...financialdetails.mutualfund
2024-06-10 12:14:29 INFO  Keywords:124 - InputText is called
2024-06-10 12:14:29 INFO  Keywords:282 - Waiting for webElement...financialdetails.otherbrokerage
2024-06-10 12:14:33 INFO  Keywords:285 - Element found...financialdetails.otherbrokerage
2024-06-10 12:14:44 INFO  Keywords:124 - InputText is called
2024-06-10 12:14:44 INFO  Keywords:282 - Waiting for webElement...financialdetails.policypremium
2024-06-10 12:14:48 INFO  Keywords:285 - Element found...financialdetails.policypremium
2024-06-10 12:14:57 INFO  Keywords:124 - InputText is called
2024-06-10 12:14:57 INFO  Keywords:282 - Waiting for webElement...financialdetails.variableannuity
2024-06-10 12:15:02 INFO  Keywords:285 - Element found...financialdetails.variableannuity
2024-06-10 12:15:07 INFO  Keywords:124 - InputText is called
2024-06-10 12:15:07 INFO  Keywords:282 - Waiting for webElement...financialdetails.totalpremium
2024-06-10 12:15:11 INFO  Keywords:285 - Element found...financialdetails.totalpremium
2024-06-10 12:15:28 INFO  Keywords:282 - Waiting for webElement...financialdetails.anticipatedchanges
2024-06-10 12:15:33 INFO  Keywords:285 - Element found...financialdetails.anticipatedchanges
2024-06-10 12:15:40 INFO  Keywords:282 - Waiting for webElement...financialdetails.nonguaranteedelementYes
2024-06-10 12:15:45 INFO  Keywords:285 - Element found...financialdetails.nonguaranteedelementYes
2024-06-10 12:15:50 INFO  Keywords:282 - Waiting for webElement...financialdetails.reversemortgage
2024-06-10 12:15:54 INFO  Keywords:285 - Element found...financialdetails.reversemortgage
2024-06-10 12:16:00 INFO  Keywords:135 - ClickOnLink is called
2024-06-10 12:16:00 INFO  Keywords:282 - Waiting for webElement...next
2024-06-10 12:16:04 INFO  Keywords:285 - Element found...next
2024-06-10 12:18:28 INFO  Keywords:282 - Waiting for webElement...payment.modal
2024-06-10 12:18:32 INFO  Keywords:285 - Element found...payment.modal
2024-06-10 12:19:19 INFO  Keywords:282 - Waiting for webElement...payment.method
2024-06-10 12:19:23 INFO  Keywords:285 - Element found...payment.method
2024-06-10 12:19:30 INFO  Keywords:124 - InputText is called
2024-06-10 12:19:30 INFO  Keywords:282 - Waiting for webElement...payment.premium
2024-06-10 12:19:34 INFO  Keywords:285 - Element found...payment.premium
2024-06-10 12:20:34 INFO  Keywords:135 - ClickOnLink is called
2024-06-10 12:20:34 INFO  Keywords:282 - Waiting for webElement...next
2024-06-10 12:20:39 INFO  Keywords:285 - Element found...next
2024-06-10 12:22:43 INFO  Keywords:282 - Waiting for webElement...existinginsurance.borrowingfunds
2024-06-10 12:22:47 INFO  Keywords:285 - Element found...existinginsurance.borrowingfunds
2024-06-10 12:22:54 INFO  Keywords:282 - Waiting for webElement...existinginsurance.terminatingexistinglifepolicyNo
2024-06-10 12:22:58 INFO  Keywords:285 - Element found...existinginsurance.terminatingexistinglifepolicyNo
2024-06-10 12:23:10 INFO  Keywords:282 - Waiting for webElement...existinginsurance.DisabilityPoliciesNo
2024-06-10 12:23:14 INFO  Keywords:285 - Element found...existinginsurance.DisabilityPoliciesNo
2024-06-10 12:23:19 INFO  Keywords:282 - Waiting for webElement...existinginsurance.longtermpolicyNo
2024-06-10 12:23:23 INFO  Keywords:285 - Element found...existinginsurance.longtermpolicyNo
2024-06-10 12:23:28 INFO  Keywords:282 - Waiting for webElement...existinglongterminsurance.NO
2024-06-10 12:23:32 INFO  Keywords:285 - Element found...existinglongterminsurance.NO
2024-06-10 12:23:37 INFO  Keywords:135 - ClickOnLink is called
2024-06-10 12:23:37 INFO  Keywords:282 - Waiting for webElement...next
2024-06-10 12:23:41 INFO  Keywords:285 - Element found...next
2024-06-10 12:25:42 INFO  Keywords:135 - ClickOnLink is called
2024-06-10 12:25:42 INFO  Keywords:282 - Waiting for webElement...next
2024-06-10 12:25:46 INFO  Keywords:285 - Element found...next
2024-06-10 12:26:31 INFO  Keywords:124 - InputText is called
2024-06-10 12:26:31 INFO  Keywords:282 - Waiting for webElement...additionalclientquestion.q1
2024-06-10 12:26:36 INFO  Keywords:285 - Element found...additionalclientquestion.q1
2024-06-10 12:26:41 INFO  Keywords:124 - InputText is called
2024-06-10 12:26:41 INFO  Keywords:282 - Waiting for webElement...additionalclientquestion.q2
2024-06-10 12:26:46 INFO  Keywords:285 - Element found...additionalclientquestion.q2
2024-06-10 12:27:06 INFO  Keywords:124 - InputText is called
2024-06-10 12:27:06 INFO  Keywords:282 - Waiting for webElement...additionalclientquestion.q3
2024-06-10 12:27:10 INFO  Keywords:285 - Element found...additionalclientquestion.q3
2024-06-10 12:27:25 INFO  Keywords:124 - InputText is called
2024-06-10 12:27:25 INFO  Keywords:282 - Waiting for webElement...additionalclientquestion.q4
2024-06-10 12:28:53 INFO  Keywords:124 - InputText is called
2024-06-10 12:28:53 INFO  Keywords:282 - Waiting for webElement...additionalclientquestion.q5
2024-06-10 12:30:04 INFO  Keywords:482 - GetText is called
2024-06-10 12:30:04 INFO  Keywords:282 - Waiting for webElement...ebixTxnID
2024-06-10 12:30:09 INFO  Keywords:285 - Element found...ebixTxnID
2024-06-10 12:30:09 INFO  Keywords:486 - LinkId: 530867
2024-06-10 12:30:09 INFO  Keywords:530 - LinkId: 530867
2024-06-10 12:31:05 INFO  Keywords:482 - GetText is called
2024-06-10 12:31:05 INFO  Keywords:282 - Waiting for webElement...ebixTxnID
2024-06-10 12:31:09 INFO  Keywords:285 - Element found...ebixTxnID
2024-06-10 12:31:10 INFO  Keywords:486 - LinkId: 530867
2024-06-10 12:31:22 INFO  Keywords:135 - ClickOnLink is called
2024-06-10 12:31:22 INFO  Keywords:282 - Waiting for webElement...attachment
2024-06-10 12:31:26 INFO  Keywords:285 - Element found...attachment
2024-06-10 12:31:55 INFO  Keywords:282 - Waiting for webElement...attachment.documenttype
2024-06-10 12:31:59 INFO  Keywords:285 - Element found...attachment.documenttype
2024-06-10 12:32:10 INFO  Keywords:124 - InputText is called
2024-06-10 12:32:10 INFO  Keywords:282 - Waiting for webElement...attachment.choosefile
2024-06-10 12:32:15 INFO  Keywords:285 - Element found...attachment.choosefile
2024-06-10 12:32:19 INFO  Keywords:135 - ClickOnLink is called
2024-06-10 12:32:19 INFO  Keywords:282 - Waiting for webElement...attachment.upload
2024-06-10 12:32:23 INFO  Keywords:285 - Element found...attachment.upload
2024-06-10 12:35:10 INFO  Keywords:409 - switching to particular window...
2024-06-10 12:35:13 INFO  Keywords:482 - GetText is called
2024-06-10 12:35:13 INFO  Keywords:282 - Waiting for webElement...ebixTxnID
2024-06-10 12:35:18 INFO  Keywords:285 - Element found...ebixTxnID
2024-06-10 12:35:18 INFO  Keywords:486 - LinkId: 530867
2024-06-10 12:35:18 INFO  Keywords:530 - LinkId: 530867
2024-06-10 12:35:45 INFO  Keywords:482 - GetText is called
2024-06-10 12:35:45 INFO  Keywords:282 - Waiting for webElement...ebixTxnID
2024-06-10 12:35:49 INFO  Keywords:285 - Element found...ebixTxnID
2024-06-10 12:35:49 INFO  Keywords:486 - LinkId: 530867
2024-06-10 12:35:57 INFO  Keywords:135 - ClickOnLink is called
2024-06-10 12:35:57 INFO  Keywords:282 - Waiting for webElement...next
2024-06-10 12:36:01 INFO  Keywords:285 - Element found...next
2024-06-10 12:36:39 INFO  Keywords:135 - ClickOnLink is called
2024-06-10 12:36:39 INFO  Keywords:282 - Waiting for webElement...validate.button
2024-06-10 12:36:44 INFO  Keywords:285 - Element found...validate.button
2024-06-10 12:38:47 INFO  Keywords:135 - ClickOnLink is called
2024-06-10 12:38:47 INFO  Keywords:282 - Waiting for webElement...notification.continue
2024-06-10 12:38:52 INFO  Keywords:285 - Element found...notification.continue
2024-06-10 12:39:23 INFO  Keywords:135 - ClickOnLink is called
2024-06-10 12:39:23 INFO  Keywords:282 - Waiting for webElement...esignature.optout
2024-06-10 12:39:28 INFO  Keywords:285 - Element found...esignature.optout
2024-06-10 12:42:41 INFO  Keywords:147 - VerifyText is called
2024-06-10 12:42:41 INFO  Keywords:282 - Waiting for webElement...WebElement
2024-06-10 12:43:04 INFO  Keywords:135 - ClickOnLink is called
2024-06-10 12:43:04 INFO  Keywords:282 - Waiting for webElement...attachment
2024-06-10 12:43:08 INFO  Keywords:285 - Element found...attachment
2024-06-10 12:43:22 INFO  Keywords:282 - Waiting for webElement...attachment.documenttype
2024-06-10 12:43:26 INFO  Keywords:285 - Element found...attachment.documenttype
2024-06-10 12:43:33 INFO  Keywords:124 - InputText is called
2024-06-10 12:43:33 INFO  Keywords:282 - Waiting for webElement...attachment.choosefile
2024-06-10 12:43:38 INFO  Keywords:285 - Element found...attachment.choosefile
2024-06-10 12:43:43 INFO  Keywords:135 - ClickOnLink is called
2024-06-10 12:43:43 INFO  Keywords:282 - Waiting for webElement...attachment.upload
2024-06-10 12:43:47 INFO  Keywords:285 - Element found...attachment.upload
2024-06-10 12:44:23 INFO  Keywords:135 - ClickOnLink is called
2024-06-10 12:44:23 INFO  Keywords:282 - Waiting for webElement...RequestSignatures
2024-06-10 12:44:27 INFO  Keywords:285 - Element found...RequestSignatures
2024-06-10 12:45:05 INFO  Keywords:282 - Waiting for webElement...attachment.documenttype
2024-06-10 12:45:10 INFO  Keywords:285 - Element found...attachment.documenttype
2024-06-10 12:45:25 INFO  Keywords:124 - InputText is called
2024-06-10 12:45:25 INFO  Keywords:282 - Waiting for webElement...attachment.choosefile
2024-06-10 12:45:30 INFO  Keywords:285 - Element found...attachment.choosefile
2024-06-10 12:45:34 INFO  Keywords:135 - ClickOnLink is called
2024-06-10 12:45:34 INFO  Keywords:282 - Waiting for webElement...attachment.upload
2024-06-10 12:45:38 INFO  Keywords:285 - Element found...attachment.upload
2024-06-10 12:46:28 INFO  Keywords:135 - ClickOnLink is called
2024-06-10 12:46:28 INFO  Keywords:282 - Waiting for webElement...SubmitButton
2024-06-10 12:46:32 INFO  Keywords:285 - Element found...SubmitButton
2024-06-10 12:50:10 INFO  Keywords:428 - switching to parent window...
2024-06-10 12:50:19 INFO  Keywords:98 - Navigate is called
2024-06-10 12:50:27 INFO  Keywords:496 - ClearText is called
2024-06-10 12:50:27 INFO  Keywords:282 - Waiting for webElement...gateway.username
2024-06-10 12:50:32 INFO  Keywords:285 - Element found...gateway.username
2024-06-10 12:50:32 INFO  Keywords:500 - LinkId: 530867
2024-06-10 12:50:37 INFO  Keywords:124 - InputText is called
2024-06-10 12:50:37 INFO  Keywords:282 - Waiting for webElement...gateway.username
2024-06-10 12:50:41 INFO  Keywords:285 - Element found...gateway.username
2024-06-10 12:50:46 INFO  Keywords:496 - ClearText is called
2024-06-10 12:50:46 INFO  Keywords:282 - Waiting for webElement...gateway.password
2024-06-10 12:50:51 INFO  Keywords:285 - Element found...gateway.password
2024-06-10 12:50:51 INFO  Keywords:500 - LinkId: 530867
2024-06-10 12:51:01 INFO  Keywords:124 - InputText is called
2024-06-10 12:51:01 INFO  Keywords:282 - Waiting for webElement...gateway.password
2024-06-10 12:51:06 INFO  Keywords:285 - Element found...gateway.password
2024-06-10 12:51:16 INFO  Keywords:135 - ClickOnLink is called
2024-06-10 12:51:17 INFO  Keywords:282 - Waiting for webElement...gateway.login
2024-06-10 12:51:21 INFO  Keywords:285 - Element found...gateway.login
2024-06-10 12:51:55 INFO  Keywords:135 - ClickOnLink is called
2024-06-10 12:51:55 INFO  Keywords:282 - Waiting for webElement...management
2024-06-10 12:51:59 INFO  Keywords:285 - Element found...management
2024-06-10 12:52:06 INFO  Keywords:282 - Waiting for webElement...managementTools
2024-06-10 12:52:10 INFO  Keywords:285 - Element found...managementTools
2024-06-10 12:52:17 INFO  Keywords:135 - ClickOnLink is called
2024-06-10 12:52:17 INFO  Keywords:282 - Waiting for webElement...feedManagement
2024-06-10 12:52:21 INFO  Keywords:285 - Element found...feedManagement
2024-06-10 12:52:59 INFO  Keywords:135 - ClickOnLink is called
2024-06-10 12:52:59 INFO  Keywords:282 - Waiting for webElement...searchPanel
2024-06-10 12:53:03 INFO  Keywords:285 - Element found...searchPanel
2024-06-10 12:53:13 INFO  Keywords:282 - Waiting for webElement...selectTransactionID
2024-06-10 12:53:18 INFO  Keywords:285 - Element found...selectTransactionID
2024-06-10 12:53:24 INFO  Keywords:124 - InputText is called
2024-06-10 12:53:24 INFO  Keywords:282 - Waiting for webElement...enterTransactioID
2024-06-10 12:53:29 INFO  Keywords:285 - Element found...enterTransactioID
2024-06-10 12:53:39 INFO  Keywords:135 - ClickOnLink is called
2024-06-10 12:53:39 INFO  Keywords:282 - Waiting for webElement...searchbutton
2024-06-10 12:53:43 INFO  Keywords:285 - Element found...searchbutton
2024-06-10 12:54:22 INFO  Keywords:135 - ClickOnLink is called
2024-06-10 12:54:22 INFO  Keywords:282 - Waiting for webElement...transactionSearchmyResult
2024-06-10 12:54:26 INFO  Keywords:285 - Element found...transactionSearchmyResult
2024-06-10 12:55:42 INFO  Keywords:135 - ClickOnLink is called
2024-06-10 12:55:42 INFO  Keywords:282 - Waiting for webElement...onenotThree
2024-06-10 12:55:46 INFO  Keywords:285 - Element found...onenotThree
2024-06-10 12:56:12 INFO  Keywords:282 - Waiting for webElement...103ResponseXML
2024-06-10 12:58:09 INFO  Keywords:428 - switching to parent window...
2024-06-10 12:58:25 INFO  Keywords:98 - Navigate is called
2024-06-10 12:58:38 INFO  Keywords:496 - ClearText is called
2024-06-10 12:58:38 INFO  Keywords:282 - Waiting for webElement...gateway.username
2024-06-10 12:58:43 INFO  Keywords:285 - Element found...gateway.username
2024-06-10 12:58:43 INFO  Keywords:500 - LinkId: 530867
2024-06-10 12:58:48 INFO  Keywords:124 - InputText is called
2024-06-10 12:58:48 INFO  Keywords:282 - Waiting for webElement...gateway.username
2024-06-10 12:58:53 INFO  Keywords:285 - Element found...gateway.username
2024-06-10 12:58:59 INFO  Keywords:496 - ClearText is called
2024-06-10 12:58:59 INFO  Keywords:282 - Waiting for webElement...gateway.password
2024-06-10 12:59:03 INFO  Keywords:285 - Element found...gateway.password
2024-06-10 12:59:04 INFO  Keywords:500 - LinkId: 530867
2024-06-10 12:59:14 INFO  Keywords:124 - InputText is called
2024-06-10 12:59:14 INFO  Keywords:282 - Waiting for webElement...gateway.password
2024-06-10 12:59:18 INFO  Keywords:285 - Element found...gateway.password
2024-06-10 12:59:25 INFO  Keywords:135 - ClickOnLink is called
2024-06-10 12:59:25 INFO  Keywords:282 - Waiting for webElement...gateway.login
2024-06-10 12:59:29 INFO  Keywords:285 - Element found...gateway.login
2024-06-10 13:01:00 INFO  Keywords:135 - ClickOnLink is called
2024-06-10 13:01:00 INFO  Keywords:282 - Waiting for webElement...management
2024-06-10 13:01:05 INFO  Keywords:285 - Element found...management
2024-06-10 13:01:14 INFO  Keywords:282 - Waiting for webElement...managementTools
2024-06-10 13:01:18 INFO  Keywords:285 - Element found...managementTools
2024-06-10 13:01:24 INFO  Keywords:135 - ClickOnLink is called
2024-06-10 13:01:24 INFO  Keywords:282 - Waiting for webElement...feedManagement
2024-06-10 13:01:28 INFO  Keywords:285 - Element found...feedManagement
2024-06-10 13:01:56 INFO  Keywords:135 - ClickOnLink is called
2024-06-10 13:01:56 INFO  Keywords:282 - Waiting for webElement...searchPanel
2024-06-10 13:02:03 INFO  Keywords:285 - Element found...searchPanel
2024-06-10 13:02:04 INFO  Keywords:282 - Waiting for webElement...selectTransactionID
2024-06-10 13:02:10 INFO  Keywords:285 - Element found...selectTransactionID
2024-06-10 13:02:14 INFO  Keywords:124 - InputText is called
2024-06-10 13:02:14 INFO  Keywords:282 - Waiting for webElement...enterTransactioID
2024-06-10 13:02:21 INFO  Keywords:285 - Element found...enterTransactioID
2024-06-10 13:02:23 INFO  Keywords:135 - ClickOnLink is called
2024-06-10 13:02:23 INFO  Keywords:282 - Waiting for webElement...searchbutton
2024-06-10 13:02:29 INFO  Keywords:285 - Element found...searchbutton
2024-06-10 13:02:47 INFO  Keywords:135 - ClickOnLink is called
2024-06-10 13:02:47 INFO  Keywords:282 - Waiting for webElement...transactionSearchmyResult
2024-06-10 13:02:48 INFO  Keywords:285 - Element found...transactionSearchmyResult
2024-06-10 13:03:04 INFO  Keywords:135 - ClickOnLink is called
2024-06-10 13:03:04 INFO  Keywords:282 - Waiting for webElement...RTSMButton
2024-06-10 13:03:05 INFO  Keywords:285 - Element found...RTSMButton
2024-06-10 13:03:05 INFO  Keywords:282 - Waiting for webElement...RTSMResponseXML
