2024-07-04 12:32:05 INFO  Keywords:102 - Navigate is called
2024-07-04 12:32:07 INFO  Keywords:128 - InputText is called
2024-07-04 12:32:07 INFO  Keywords:286 - Waiting for webElement...gateway.username
2024-07-04 12:32:08 INFO  Keywords:289 - Element found...gateway.username
2024-07-04 12:32:08 INFO  Keywords:128 - InputText is called
2024-07-04 12:32:08 INFO  Keywords:286 - Waiting for webElement...gateway.password
2024-07-04 12:32:08 INFO  Keywords:289 - Element found...gateway.password
2024-07-04 12:32:08 INFO  Keywords:139 - ClickOnLink is called
2024-07-04 12:32:08 INFO  Keywords:286 - Waiting for webElement...gateway.login
2024-07-04 12:32:08 INFO  Keywords:289 - Element found...gateway.login
2024-07-04 12:32:45 INFO  Keywords:139 - ClickOnLink is called
2024-07-04 12:32:45 INFO  Keywords:286 - Waiting for webElement...postsamldata
2024-07-04 12:32:45 INFO  Keywords:289 - Element found...postsamldata
2024-07-04 12:33:01 INFO  Keywords:139 - ClickOnLink is called
2024-07-04 12:33:01 INFO  Keywords:286 - Waiting for webElement...next
2024-07-04 12:33:27 INFO  Keywords:128 - InputText is called
2024-07-04 12:33:27 INFO  Keywords:286 - Waiting for webElement...policyConfiguration.insuranceamount
2024-07-04 12:33:37 INFO  Keywords:286 - Waiting for webElement...policyConfiguration.LTC
2024-07-04 12:33:47 INFO  Keywords:286 - Waiting for webElement...policyConfiguration.Benefit
2024-07-04 12:33:57 INFO  Keywords:286 - Waiting for webElement...policyConfiguration.payors
2024-07-04 12:34:07 INFO  Keywords:286 - Waiting for webElement...policyConfiguration.purposeofpolicy
2024-07-04 12:34:17 INFO  Keywords:139 - ClickOnLink is called
2024-07-04 12:34:17 INFO  Keywords:286 - Waiting for webElement...next
2024-07-04 12:35:57 INFO  Keywords:286 - Waiting for webElement...primaryinsured.birthcountry
2024-07-04 12:36:07 INFO  Keywords:286 - Waiting for webElement...primaryinsured.birthstate
2024-07-04 12:36:18 INFO  Keywords:128 - InputText is called
2024-07-04 12:36:18 INFO  Keywords:286 - Waiting for webElement...primaryinsured.birthcity
2024-07-04 12:36:28 INFO  Keywords:139 - ClickOnLink is called
2024-07-04 12:36:28 INFO  Keywords:286 - Waiting for webElement...next
2024-07-04 12:36:54 INFO  Keywords:139 - ClickOnLink is called
2024-07-04 12:36:54 INFO  Keywords:286 - Waiting for webElement...next
2024-07-04 12:37:20 INFO  Keywords:286 - Waiting for webElement...naturalOwner.relationwithInsured
2024-07-04 12:37:30 INFO  Keywords:286 - Waiting for webElement...naturalOwner.relationwithJointInsured
2024-07-04 12:37:40 INFO  Keywords:286 - Waiting for webElement...naturalOwner.PermamentResidentCard
2024-07-04 12:37:50 INFO  Keywords:128 - InputText is called
2024-07-04 12:37:50 INFO  Keywords:286 - Waiting for webElement...naturalOwner.ResidentCardIssueDAte
2024-07-04 12:38:00 INFO  Keywords:128 - InputText is called
2024-07-04 12:38:00 INFO  Keywords:286 - Waiting for webElement...naturalOwner.ResidentCardExpireationDAte
2024-07-04 12:38:10 INFO  Keywords:128 - InputText is called
2024-07-04 12:38:10 INFO  Keywords:286 - Waiting for webElement...naturalOwner.USLivingYrs
2024-07-04 12:38:20 INFO  Keywords:128 - InputText is called
2024-07-04 12:38:20 INFO  Keywords:286 - Waiting for webElement...naturalOwner.USLivingMonths
2024-07-04 12:38:30 INFO  Keywords:139 - ClickOnLink is called
2024-07-04 12:38:30 INFO  Keywords:286 - Waiting for webElement...next
2024-07-04 12:38:56 INFO  Keywords:286 - Waiting for webElement...financialDetails.SourceOfFundsLI
2024-07-04 12:39:06 INFO  Keywords:286 - Waiting for webElement...financialDetails.SurrenderChargeSOFLI
2024-07-04 12:39:16 INFO  Keywords:286 - Waiting for webElement...financialDetails.envisiontaking
2024-07-04 12:39:26 INFO  Keywords:286 - Waiting for webElement...financialDetails.federalfaxbracket
2024-07-04 12:39:36 INFO  Keywords:286 - Waiting for webElement...financialDetails.riskTolerance
2024-07-04 12:39:46 INFO  Keywords:286 - Waiting for webElement...financialDetails.Investmentobjectives
2024-07-04 12:39:56 INFO  Keywords:286 - Waiting for webElement...financialDetails.timehorizon
2024-07-04 12:40:07 INFO  Keywords:286 - Waiting for webElement...financialDetails.investmentexperienceFA
2024-07-04 12:40:17 INFO  Keywords:128 - InputText is called
2024-07-04 12:40:17 INFO  Keywords:286 - Waiting for webElement...financialDetails.investmentstartyear
2024-07-04 12:40:27 INFO  Keywords:128 - InputText is called
2024-07-04 12:40:27 INFO  Keywords:286 - Waiting for webElement...financialdetails.wages
2024-07-04 12:40:37 INFO  Keywords:128 - InputText is called
2024-07-04 12:40:37 INFO  Keywords:286 - Waiting for webElement...financialdetails.livingexpenses
2024-07-04 12:40:47 INFO  Keywords:128 - InputText is called
2024-07-04 12:40:47 INFO  Keywords:286 - Waiting for webElement...financialdetails.personalinvestment
2024-07-04 12:40:57 INFO  Keywords:128 - InputText is called
2024-07-04 12:40:57 INFO  Keywords:286 - Waiting for webElement...financialdetails.fixeddebtexpenses
2024-07-04 12:41:07 INFO  Keywords:128 - InputText is called
2024-07-04 12:41:07 INFO  Keywords:286 - Waiting for webElement...financialdetails.rentalincome
2024-07-04 12:41:17 INFO  Keywords:128 - InputText is called
2024-07-04 12:41:17 INFO  Keywords:286 - Waiting for webElement...financialdetails.variabledebtexpenses
2024-07-04 12:41:27 INFO  Keywords:128 - InputText is called
2024-07-04 12:41:27 INFO  Keywords:286 - Waiting for webElement...financialdetails.incomepension
2024-07-04 12:41:37 INFO  Keywords:128 - InputText is called
2024-07-04 12:41:37 INFO  Keywords:286 - Waiting for webElement...financialdetails.discretionaryexpenses
2024-07-04 12:41:47 INFO  Keywords:128 - InputText is called
2024-07-04 12:41:47 INFO  Keywords:286 - Waiting for webElement...financialdetails.socialsecurityincome
2024-07-04 12:41:57 INFO  Keywords:128 - InputText is called
2024-07-04 12:41:57 INFO  Keywords:286 - Waiting for webElement...financialdetails.otherincome
2024-07-04 12:42:07 INFO  Keywords:128 - InputText is called
2024-07-04 12:42:07 INFO  Keywords:286 - Waiting for webElement...financialdetails.bonds
2024-07-04 12:42:17 INFO  Keywords:128 - InputText is called
2024-07-04 12:42:17 INFO  Keywords:286 - Waiting for webElement...financialdetails.businessTrustRealstate
2024-07-04 12:42:27 INFO  Keywords:128 - InputText is called
2024-07-04 12:42:27 INFO  Keywords:286 - Waiting for webElement...financialdetails.retirementplan
2024-07-04 12:42:37 INFO  Keywords:128 - InputText is called
2024-07-04 12:42:37 INFO  Keywords:286 - Waiting for webElement...financialdetails.equities
2024-07-04 12:42:48 INFO  Keywords:128 - InputText is called
2024-07-04 12:42:48 INFO  Keywords:286 - Waiting for webElement...financialdetails.facevalueilfeinsurance
2024-07-04 12:42:58 INFO  Keywords:128 - InputText is called
2024-07-04 12:42:58 INFO  Keywords:286 - Waiting for webElement...financialdetails.fixedannuity
2024-07-04 12:43:08 INFO  Keywords:128 - InputText is called
2024-07-04 12:43:08 INFO  Keywords:286 - Waiting for webElement...financialdetails.indexannuity
2024-07-04 12:43:18 INFO  Keywords:128 - InputText is called
2024-07-04 12:43:18 INFO  Keywords:286 - Waiting for webElement...financialdetails.liquidnetworth
2024-07-04 12:43:28 INFO  Keywords:128 - InputText is called
2024-07-04 12:43:28 INFO  Keywords:286 - Waiting for webElement...financialdetails.mutualfund
2024-07-04 12:43:38 INFO  Keywords:128 - InputText is called
2024-07-04 12:43:38 INFO  Keywords:286 - Waiting for webElement...financialdetails.otherbrokerage
2024-07-04 12:43:48 INFO  Keywords:128 - InputText is called
2024-07-04 12:43:48 INFO  Keywords:286 - Waiting for webElement...financialdetails.policypremium
2024-07-04 12:43:58 INFO  Keywords:128 - InputText is called
2024-07-04 12:43:58 INFO  Keywords:286 - Waiting for webElement...financialdetails.variableannuity
2024-07-04 12:44:08 INFO  Keywords:128 - InputText is called
2024-07-04 12:44:08 INFO  Keywords:286 - Waiting for webElement...financialdetails.totalpremium
2024-07-04 12:44:18 INFO  Keywords:286 - Waiting for webElement...financialdetails.anticipatedchanges
2024-07-04 12:44:28 INFO  Keywords:286 - Waiting for webElement...financialdetails.nonguaranteedelementYes
2024-07-04 12:44:38 INFO  Keywords:286 - Waiting for webElement...financialdetails.reversemortgage
2024-07-04 12:44:48 INFO  Keywords:139 - ClickOnLink is called
2024-07-04 12:44:48 INFO  Keywords:286 - Waiting for webElement...next
2024-07-04 12:45:14 INFO  Keywords:286 - Waiting for webElement...payment.modal
2024-07-04 12:45:40 INFO  Keywords:286 - Waiting for webElement...payment.method
2024-07-04 12:45:50 INFO  Keywords:128 - InputText is called
2024-07-04 12:45:50 INFO  Keywords:286 - Waiting for webElement...payment.premium
2024-07-04 12:46:00 INFO  Keywords:128 - InputText is called
2024-07-04 12:46:00 INFO  Keywords:286 - Waiting for webElement...payment.bankRouting
2024-07-04 12:46:10 INFO  Keywords:128 - InputText is called
2024-07-04 12:46:10 INFO  Keywords:286 - Waiting for webElement...payment.bankAccountNumber
2024-07-04 12:46:21 INFO  Keywords:286 - Waiting for webElement...payment.AccountType
2024-07-04 12:46:31 INFO  Keywords:139 - ClickOnLink is called
2024-07-04 12:46:31 INFO  Keywords:286 - Waiting for webElement...next
2024-07-04 12:46:57 INFO  Keywords:286 - Waiting for webElement...existinginsurance.borrowingfunds
2024-07-04 12:47:07 INFO  Keywords:286 - Waiting for webElement...existinginsurance.terminatingexistinglifepolicyNo
2024-07-04 12:47:17 INFO  Keywords:286 - Waiting for webElement...existinginsurance.DisabilityPoliciesNo
2024-07-04 12:47:27 INFO  Keywords:286 - Waiting for webElement...existinginsurance.longtermpolicyNo
2024-07-04 12:47:37 INFO  Keywords:286 - Waiting for webElement...existinglongterminsurance.NO
2024-07-04 12:47:47 INFO  Keywords:139 - ClickOnLink is called
2024-07-04 12:47:47 INFO  Keywords:286 - Waiting for webElement...next
2024-07-04 12:48:13 INFO  Keywords:139 - ClickOnLink is called
2024-07-04 12:48:13 INFO  Keywords:286 - Waiting for webElement...next
2024-07-04 12:48:39 INFO  Keywords:128 - InputText is called
2024-07-04 12:48:39 INFO  Keywords:286 - Waiting for webElement...additionalclientquestion.q1
2024-07-04 12:48:49 INFO  Keywords:128 - InputText is called
2024-07-04 12:48:49 INFO  Keywords:286 - Waiting for webElement...additionalclientquestion.q2
2024-07-04 12:48:59 INFO  Keywords:128 - InputText is called
2024-07-04 12:48:59 INFO  Keywords:286 - Waiting for webElement...additionalclientquestion.q3
2024-07-04 12:49:09 INFO  Keywords:128 - InputText is called
2024-07-04 12:49:09 INFO  Keywords:286 - Waiting for webElement...additionalclientquestion.q4
2024-07-04 12:49:19 INFO  Keywords:128 - InputText is called
2024-07-04 12:49:19 INFO  Keywords:286 - Waiting for webElement...additionalclientquestion.q5
2024-07-04 12:49:29 INFO  Keywords:128 - InputText is called
2024-07-04 12:49:29 INFO  Keywords:286 - Waiting for webElement...additionalclientquestion.q9
2024-07-04 12:49:39 INFO  Keywords:487 - GetText is called
2024-07-04 12:49:39 INFO  Keywords:286 - Waiting for webElement...ebixTxnID
