2024-11-14 12:01:50 INFO  Keywords:106 - Navigate is called
2024-11-14 12:01:53 INFO  Keywords:132 - InputText is called
2024-11-14 12:01:53 INFO  Keywords:309 - Waiting for webElement...gateway.username
2024-11-14 12:01:53 INFO  Keywords:313 - Element found...gateway.username
2024-11-14 12:01:53 INFO  Keywords:132 - InputText is called
2024-11-14 12:01:53 INFO  Keywords:309 - Waiting for webElement...gateway.password
2024-11-14 12:01:53 INFO  Keywords:313 - Element found...gateway.password
2024-11-14 12:01:53 INFO  Keywords:143 - ClickOnLink is called
2024-11-14 12:01:53 INFO  Keywords:309 - Waiting for webElement...gateway.login
2024-11-14 12:01:53 INFO  Keywords:313 - Element found...gateway.login
2024-11-14 12:02:30 INFO  Keywords:143 - ClickOnLink is called
2024-11-14 12:02:30 INFO  Keywords:309 - Waiting for webElement...postsamldata
2024-11-14 12:02:30 INFO  Keywords:313 - Element found...postsamldata
2024-11-14 12:02:46 INFO  Keywords:143 - ClickOnLink is called
2024-11-14 12:02:46 INFO  Keywords:309 - Waiting for webElement...next
2024-11-14 12:03:12 INFO  Keywords:132 - InputText is called
2024-11-14 12:03:12 INFO  Keywords:309 - Waiting for webElement...policyConfiguration.insuranceamount
2024-11-14 12:03:22 INFO  Keywords:309 - Waiting for webElement...policyConfiguration.LTC
2024-11-14 12:03:32 INFO  Keywords:309 - Waiting for webElement...policyConfiguration.payors
2024-11-14 12:03:42 INFO  Keywords:309 - Waiting for webElement...policyConfiguration.purposeofpolicy
2024-11-14 12:03:52 INFO  Keywords:143 - ClickOnLink is called
2024-11-14 12:03:52 INFO  Keywords:309 - Waiting for webElement...next
2024-11-14 12:05:32 INFO  Keywords:309 - Waiting for webElement...primaryinsured.birthcountry
2024-11-14 12:05:42 INFO  Keywords:309 - Waiting for webElement...primaryinsured.birthstate
2024-11-14 12:05:52 INFO  Keywords:132 - InputText is called
2024-11-14 12:05:52 INFO  Keywords:309 - Waiting for webElement...primaryinsured.birthcity
2024-11-14 12:06:03 INFO  Keywords:143 - ClickOnLink is called
2024-11-14 12:06:03 INFO  Keywords:309 - Waiting for webElement...next
2024-11-14 12:06:29 INFO  Keywords:143 - ClickOnLink is called
2024-11-14 12:06:29 INFO  Keywords:309 - Waiting for webElement...next
2024-11-14 12:06:39 INFO  Keywords:309 - Waiting for webElement...naturalOwner.relationwithInsured
2024-11-14 12:06:49 INFO  Keywords:143 - ClickOnLink is called
2024-11-14 12:06:49 INFO  Keywords:309 - Waiting for webElement...next
2024-11-14 12:07:15 INFO  Keywords:309 - Waiting for webElement...financialDetails.SourceOfFundsLI
2024-11-14 12:07:25 INFO  Keywords:309 - Waiting for webElement...financialDetails.SurrenderChargeSOFLI
2024-11-14 12:07:35 INFO  Keywords:309 - Waiting for webElement...financialDetails.envisiontaking
2024-11-14 12:07:45 INFO  Keywords:309 - Waiting for webElement...financialDetails.federalfaxbracket
2024-11-14 12:07:55 INFO  Keywords:309 - Waiting for webElement...financialDetails.riskTolerance
2024-11-14 12:08:05 INFO  Keywords:309 - Waiting for webElement...financialDetails.Investmentobjectives
2024-11-14 12:08:15 INFO  Keywords:309 - Waiting for webElement...financialDetails.timehorizon
2024-11-14 12:08:25 INFO  Keywords:309 - Waiting for webElement...financialDetails.investmentexperienceFA
2024-11-14 12:08:35 INFO  Keywords:132 - InputText is called
2024-11-14 12:08:35 INFO  Keywords:309 - Waiting for webElement...financialDetails.investmentstartyear
2024-11-14 12:08:45 INFO  Keywords:132 - InputText is called
2024-11-14 12:08:45 INFO  Keywords:309 - Waiting for webElement...financialdetails.wages
2024-11-14 12:08:55 INFO  Keywords:132 - InputText is called
2024-11-14 12:08:55 INFO  Keywords:309 - Waiting for webElement...financialdetails.livingexpenses
2024-11-14 12:09:05 INFO  Keywords:132 - InputText is called
2024-11-14 12:09:05 INFO  Keywords:309 - Waiting for webElement...financialdetails.personalinvestment
2024-11-14 12:09:15 INFO  Keywords:132 - InputText is called
2024-11-14 12:09:15 INFO  Keywords:309 - Waiting for webElement...financialdetails.fixeddebtexpenses
2024-11-14 12:09:26 INFO  Keywords:132 - InputText is called
2024-11-14 12:09:26 INFO  Keywords:309 - Waiting for webElement...financialdetails.rentalincome
2024-11-14 12:09:36 INFO  Keywords:132 - InputText is called
2024-11-14 12:09:36 INFO  Keywords:309 - Waiting for webElement...financialdetails.variabledebtexpenses
2024-11-14 12:09:46 INFO  Keywords:132 - InputText is called
2024-11-14 12:09:46 INFO  Keywords:309 - Waiting for webElement...financialdetails.incomepension
2024-11-14 12:09:56 INFO  Keywords:132 - InputText is called
2024-11-14 12:09:56 INFO  Keywords:309 - Waiting for webElement...financialdetails.discretionaryexpenses
2024-11-14 12:10:06 INFO  Keywords:132 - InputText is called
2024-11-14 12:10:06 INFO  Keywords:309 - Waiting for webElement...financialdetails.socialsecurityincome
2024-11-14 12:10:16 INFO  Keywords:132 - InputText is called
2024-11-14 12:10:16 INFO  Keywords:309 - Waiting for webElement...financialdetails.otherincome
2024-11-14 12:10:26 INFO  Keywords:132 - InputText is called
2024-11-14 12:10:26 INFO  Keywords:309 - Waiting for webElement...financialdetails.bonds
2024-11-14 12:10:36 INFO  Keywords:132 - InputText is called
2024-11-14 12:10:36 INFO  Keywords:309 - Waiting for webElement...financialdetails.businessTrustRealstate
2024-11-14 12:10:46 INFO  Keywords:132 - InputText is called
2024-11-14 12:10:46 INFO  Keywords:309 - Waiting for webElement...financialdetails.retirementplan
2024-11-14 12:10:56 INFO  Keywords:132 - InputText is called
2024-11-14 12:10:56 INFO  Keywords:309 - Waiting for webElement...financialdetails.equities
2024-11-14 12:11:06 INFO  Keywords:132 - InputText is called
2024-11-14 12:11:06 INFO  Keywords:309 - Waiting for webElement...financialdetails.facevalueilfeinsurance
2024-11-14 12:11:16 INFO  Keywords:132 - InputText is called
2024-11-14 12:11:16 INFO  Keywords:309 - Waiting for webElement...financialdetails.fixedannuity
2024-11-14 12:11:26 INFO  Keywords:132 - InputText is called
2024-11-14 12:11:26 INFO  Keywords:309 - Waiting for webElement...financialdetails.indexannuity
2024-11-14 12:11:36 INFO  Keywords:132 - InputText is called
2024-11-14 12:11:36 INFO  Keywords:309 - Waiting for webElement...financialdetails.liquidnetworth
2024-11-14 12:11:46 INFO  Keywords:132 - InputText is called
2024-11-14 12:11:46 INFO  Keywords:309 - Waiting for webElement...financialdetails.AlerternativeInvetment
2024-11-14 12:11:56 INFO  Keywords:132 - InputText is called
2024-11-14 12:11:56 INFO  Keywords:309 - Waiting for webElement...financialdetails.mutualfund
2024-11-14 12:12:06 INFO  Keywords:132 - InputText is called
2024-11-14 12:12:06 INFO  Keywords:309 - Waiting for webElement...financialdetails.otherbrokerage
2024-11-14 12:12:17 INFO  Keywords:132 - InputText is called
2024-11-14 12:12:17 INFO  Keywords:309 - Waiting for webElement...financialdetails.policypremium
2024-11-14 12:12:27 INFO  Keywords:132 - InputText is called
2024-11-14 12:12:27 INFO  Keywords:309 - Waiting for webElement...financialdetails.variableannuity
2024-11-14 12:12:37 INFO  Keywords:132 - InputText is called
2024-11-14 12:12:37 INFO  Keywords:309 - Waiting for webElement...financialdetails.totalpremium
2024-11-14 12:12:47 INFO  Keywords:309 - Waiting for webElement...financialdetails.anticipatedchanges
2024-11-14 12:12:57 INFO  Keywords:309 - Waiting for webElement...financialdetails.nonguaranteedelement
2024-11-14 12:13:07 INFO  Keywords:309 - Waiting for webElement...financialdetails.reversemortgage
2024-11-14 12:13:17 INFO  Keywords:143 - ClickOnLink is called
2024-11-14 12:13:17 INFO  Keywords:309 - Waiting for webElement...next
2024-11-14 12:13:43 INFO  Keywords:309 - Waiting for webElement...payment.modal
2024-11-14 12:14:09 INFO  Keywords:309 - Waiting for webElement...payment.method
2024-11-14 12:14:19 INFO  Keywords:132 - InputText is called
2024-11-14 12:14:19 INFO  Keywords:309 - Waiting for webElement...payment.premium
2024-11-14 12:14:29 INFO  Keywords:143 - ClickOnLink is called
2024-11-14 12:14:29 INFO  Keywords:309 - Waiting for webElement...next
2024-11-14 12:14:55 INFO  Keywords:309 - Waiting for webElement...existinginsurance.borrowingfunds
2024-11-14 12:15:05 INFO  Keywords:309 - Waiting for webElement...existinginsurance.terminatingexistinglifepolicy
2024-11-14 12:15:15 INFO  Keywords:309 - Waiting for webElement...existinginsurance.longtermcoverage
2024-11-14 12:15:25 INFO  Keywords:309 - Waiting for webElement...existanceterminating.InsuranceCompanyName
2024-11-14 12:15:35 INFO  Keywords:132 - InputText is called
2024-11-14 12:15:35 INFO  Keywords:309 - Waiting for webElement...existanceterminating.ProductName
2024-11-14 12:15:45 INFO  Keywords:132 - InputText is called
2024-11-14 12:15:45 INFO  Keywords:309 - Waiting for webElement...existanceterminating.Insured
2024-11-14 12:15:56 INFO  Keywords:132 - InputText is called
2024-11-14 12:15:56 INFO  Keywords:309 - Waiting for webElement...existanceterminating.Owner
2024-11-14 12:16:06 INFO  Keywords:132 - InputText is called
2024-11-14 12:16:06 INFO  Keywords:309 - Waiting for webElement...existanceterminating.DateIssued
2024-11-14 12:16:16 INFO  Keywords:132 - InputText is called
2024-11-14 12:16:16 INFO  Keywords:309 - Waiting for webElement...existanceterminating.AmountOfInsurance
2024-11-14 12:16:26 INFO  Keywords:309 - Waiting for webElement...existanceterminating.ExistingInsuranceType
2024-11-14 12:16:36 INFO  Keywords:309 - Waiting for webElement...existanceterminating.ProductType
2024-11-14 12:16:46 INFO  Keywords:309 - Waiting for webElement...existanceterminating.LifeProductType
2024-11-14 12:16:56 INFO  Keywords:132 - InputText is called
2024-11-14 12:16:56 INFO  Keywords:309 - Waiting for webElement...existanceterminating.PolicyNo
2024-11-14 12:17:06 INFO  Keywords:309 - Waiting for webElement...existanceterminating.PurposeOfPolicy
2024-11-14 12:17:16 INFO  Keywords:309 - Waiting for webElement...existanceterminating.FundsNewPolicy
2024-11-14 12:17:26 INFO  Keywords:309 - Waiting for webElement...existanceterminating.ReplacingNewPolicy
2024-11-14 12:17:36 INFO  Keywords:309 - Waiting for webElement...existanceterminating.ReplacementThType
2024-11-14 12:17:46 INFO  Keywords:309 - Waiting for webElement...existance.suvivorship
2024-11-14 12:17:56 INFO  Keywords:309 - Waiting for webElement...existnace.soldSettled
2024-11-14 12:18:06 INFO  Keywords:309 - Waiting for webElement...existanceterminating.1035ThExchange
2024-11-14 12:18:16 INFO  Keywords:132 - InputText is called
2024-11-14 12:18:16 INFO  Keywords:309 - Waiting for webElement...existanceterminating.ReasonReplacement
2024-11-14 12:18:26 INFO  Keywords:132 - InputText is called
2024-11-14 12:18:26 INFO  Keywords:309 - Waiting for webElement...existanceterminating.NoOfPolicy
2024-11-14 12:18:36 INFO  Keywords:132 - InputText is called
2024-11-14 12:18:36 INFO  Keywords:309 - Waiting for webElement...existanceterminating.PremiumPayment
2024-11-14 12:18:47 INFO  Keywords:132 - InputText is called
2024-11-14 12:18:47 INFO  Keywords:309 - Waiting for webElement...existanceterminating.FrequencyPremium
2024-11-14 12:18:57 INFO  Keywords:132 - InputText is called
2024-11-14 12:18:57 INFO  Keywords:309 - Waiting for webElement...existanceterminating.AmountBeingExchanged
2024-11-14 12:19:07 INFO  Keywords:132 - InputText is called
2024-11-14 12:19:07 INFO  Keywords:309 - Waiting for webElement...existanceterminating.SurrenderCharge
2024-11-14 12:19:17 INFO  Keywords:132 - InputText is called
2024-11-14 12:19:17 INFO  Keywords:309 - Waiting for webElement...existanceterminating.DeathBenefit
2024-11-14 12:19:27 INFO  Keywords:132 - InputText is called
2024-11-14 12:19:27 INFO  Keywords:309 - Waiting for webElement...existanceterminating.SpecialFeatures
2024-11-14 12:19:37 INFO  Keywords:309 - Waiting for webElement...existinginsurance.longtermpolicyYes
2024-11-14 12:19:47 INFO  Keywords:132 - InputText is called
2024-11-14 12:19:47 INFO  Keywords:309 - Waiting for webElement...existinglongtermpolicy.InsuranceName
2024-11-14 12:19:57 INFO  Keywords:132 - InputText is called
2024-11-14 12:19:57 INFO  Keywords:309 - Waiting for webElement...existinglongtermpolicy.policyCertificateNumber
2024-11-14 12:20:07 INFO  Keywords:132 - InputText is called
2024-11-14 12:20:07 INFO  Keywords:309 - Waiting for webElement...existinglongtermpolicy.ProductName
2024-11-14 12:20:17 INFO  Keywords:309 - Waiting for webElement...existinglongtermpolicy.ProductType
2024-11-14 12:20:27 INFO  Keywords:132 - InputText is called
2024-11-14 12:20:27 INFO  Keywords:309 - Waiting for webElement...existinglongtermpolicy.Insured
2024-11-14 12:20:37 INFO  Keywords:132 - InputText is called
2024-11-14 12:20:37 INFO  Keywords:309 - Waiting for webElement...existinglongtermpolicy.Owner
2024-11-14 12:20:47 INFO  Keywords:132 - InputText is called
2024-11-14 12:20:47 INFO  Keywords:309 - Waiting for webElement...existinglongtermpolicy.DailyBenefit
2024-11-14 12:20:57 INFO  Keywords:132 - InputText is called
2024-11-14 12:20:57 INFO  Keywords:309 - Waiting for webElement...existinglongtermpolicy.AmountOfInsurance
2024-11-14 12:21:07 INFO  Keywords:132 - InputText is called
2024-11-14 12:21:07 INFO  Keywords:309 - Waiting for webElement...existinglongtermpolicy.benefitAmount
2024-11-14 12:21:17 INFO  Keywords:132 - InputText is called
2024-11-14 12:21:17 INFO  Keywords:309 - Waiting for webElement...existinglongtermpolicy.benefitPeriod
2024-11-14 12:21:27 INFO  Keywords:309 - Waiting for webElement...existinginsurance.longterminsuranceYes
2024-11-14 12:21:38 INFO  Keywords:132 - InputText is called
2024-11-14 12:21:38 INFO  Keywords:309 - Waiting for webElement...existinglongterminsurance.InsuranceCompany
2024-11-14 12:21:48 INFO  Keywords:132 - InputText is called
2024-11-14 12:21:48 INFO  Keywords:309 - Waiting for webElement...existinglongterminsurance.Certificate
2024-11-14 12:21:58 INFO  Keywords:132 - InputText is called
2024-11-14 12:21:58 INFO  Keywords:309 - Waiting for webElement...existinglongterminsurance.LTCBenefit
2024-11-14 12:22:08 INFO  Keywords:132 - InputText is called
2024-11-14 12:22:08 INFO  Keywords:309 - Waiting for webElement...existinglongterminsurance.IssueDate
2024-11-14 12:22:18 INFO  Keywords:309 - Waiting for webElement...existinglongterminsurance.LapseDate
2024-11-14 12:22:28 INFO  Keywords:309 - Waiting for webElement...existance.AgentReadNotice
2024-11-14 12:22:38 INFO  Keywords:143 - ClickOnLink is called
2024-11-14 12:22:38 INFO  Keywords:309 - Waiting for webElement...next
2024-11-14 12:23:04 INFO  Keywords:143 - ClickOnLink is called
2024-11-14 12:23:04 INFO  Keywords:309 - Waiting for webElement...next
2024-11-14 12:23:30 INFO  Keywords:132 - InputText is called
2024-11-14 12:23:30 INFO  Keywords:309 - Waiting for webElement...additionalclientquestion.q1
2024-11-14 12:23:40 INFO  Keywords:132 - InputText is called
2024-11-14 12:23:40 INFO  Keywords:309 - Waiting for webElement...additionalclientquestion.q2
2024-11-14 12:23:50 INFO  Keywords:132 - InputText is called
2024-11-14 12:23:50 INFO  Keywords:309 - Waiting for webElement...additionalclientquestion.q3
2024-11-14 12:24:00 INFO  Keywords:132 - InputText is called
2024-11-14 12:24:00 INFO  Keywords:309 - Waiting for webElement...additionalclientquestion.q4
2024-11-14 12:24:10 INFO  Keywords:132 - InputText is called
2024-11-14 12:24:10 INFO  Keywords:309 - Waiting for webElement...additionalclientquestion.q5
2024-11-14 12:24:20 INFO  Keywords:132 - InputText is called
2024-11-14 12:24:20 INFO  Keywords:309 - Waiting for webElement...additionalclientquestion.q6
2024-11-14 12:24:30 INFO  Keywords:524 - GetText is called
2024-11-14 12:24:30 INFO  Keywords:309 - Waiting for webElement...ebixTxnID
