2024-08-06 10:14:40 INFO  Keywords:104 - Navigate is called
2024-08-06 10:14:42 INFO  Keywords:130 - InputText is called
2024-08-06 10:14:42 INFO  Keywords:301 - Waiting for webElement...gateway.username
2024-08-06 10:14:42 INFO  Keywords:305 - Element found...gateway.username
2024-08-06 10:14:42 INFO  Keywords:130 - InputText is called
2024-08-06 10:14:42 INFO  Keywords:301 - Waiting for webElement...gateway.password
2024-08-06 10:14:42 INFO  Keywords:305 - Element found...gateway.password
2024-08-06 10:14:42 INFO  Keywords:141 - ClickOnLink is called
2024-08-06 10:14:42 INFO  Keywords:301 - Waiting for webElement...gateway.login
2024-08-06 10:14:43 INFO  Keywords:305 - Element found...gateway.login
2024-08-06 10:15:19 INFO  Keywords:141 - ClickOnLink is called
2024-08-06 10:15:19 INFO  Keywords:301 - Waiting for webElement...postsamldata
2024-08-06 10:15:19 INFO  Keywords:305 - Element found...postsamldata
2024-08-06 10:15:35 INFO  Keywords:141 - ClickOnLink is called
2024-08-06 10:15:35 INFO  Keywords:301 - Waiting for webElement...next
2024-08-06 10:16:01 INFO  Keywords:301 - Waiting for webElement...policyConfiguration.DeathBenefit
2024-08-06 10:16:11 INFO  Keywords:301 - Waiting for webElement...policyConfiguration.LTCOption
2024-08-06 10:16:21 INFO  Keywords:301 - Waiting for webElement...policyConfiguration.MonthPercentage
2024-08-06 10:16:32 INFO  Keywords:130 - InputText is called
2024-08-06 10:16:32 INFO  Keywords:301 - Waiting for webElement...policyConfiguration.ABPercentage
2024-08-06 10:16:42 INFO  Keywords:301 - Waiting for webElement...policyConfiguration.payors
2024-08-06 10:16:52 INFO  Keywords:301 - Waiting for webElement...policyConfiguration.purposeofpolicy
2024-08-06 10:17:02 INFO  Keywords:141 - ClickOnLink is called
2024-08-06 10:17:02 INFO  Keywords:301 - Waiting for webElement...next
2024-08-06 10:18:42 INFO  Keywords:301 - Waiting for webElement...primaryinsured.birthcountry
2024-08-06 10:18:52 INFO  Keywords:301 - Waiting for webElement...primaryinsured.birthstate
2024-08-06 10:19:02 INFO  Keywords:130 - InputText is called
2024-08-06 10:19:02 INFO  Keywords:301 - Waiting for webElement...primaryinsured.birthcity
2024-08-06 10:19:12 INFO  Keywords:141 - ClickOnLink is called
2024-08-06 10:19:12 INFO  Keywords:301 - Waiting for webElement...next
2024-08-06 10:19:38 INFO  Keywords:141 - ClickOnLink is called
2024-08-06 10:19:38 INFO  Keywords:301 - Waiting for webElement...next
2024-08-06 10:20:04 INFO  Keywords:301 - Waiting for webElement...financialDetails.SourceOfFundsLI
2024-08-06 10:20:14 INFO  Keywords:301 - Waiting for webElement...financialDetails.SurrenderChargeSOFLI
2024-08-06 10:20:24 INFO  Keywords:301 - Waiting for webElement...financialDetails.envisiontaking
2024-08-06 10:20:34 INFO  Keywords:301 - Waiting for webElement...financialDetails.federalfaxbracket
2024-08-06 10:20:44 INFO  Keywords:301 - Waiting for webElement...financialDetails.riskTolerance
2024-08-06 10:20:54 INFO  Keywords:301 - Waiting for webElement...financialDetails.Investmentobjectives
2024-08-06 10:21:04 INFO  Keywords:301 - Waiting for webElement...financialDetails.timehorizon
2024-08-06 10:21:14 INFO  Keywords:301 - Waiting for webElement...financialDetails.investmentexperienceFA
2024-08-06 10:21:25 INFO  Keywords:130 - InputText is called
2024-08-06 10:21:25 INFO  Keywords:301 - Waiting for webElement...financialDetails.investmentstartyear
2024-08-06 10:21:35 INFO  Keywords:130 - InputText is called
2024-08-06 10:21:35 INFO  Keywords:301 - Waiting for webElement...financialdetails.wages
2024-08-06 10:21:45 INFO  Keywords:130 - InputText is called
2024-08-06 10:21:45 INFO  Keywords:301 - Waiting for webElement...financialdetails.livingexpenses
2024-08-06 10:21:55 INFO  Keywords:130 - InputText is called
2024-08-06 10:21:55 INFO  Keywords:301 - Waiting for webElement...financialdetails.personalinvestment
2024-08-06 10:22:05 INFO  Keywords:130 - InputText is called
2024-08-06 10:22:05 INFO  Keywords:301 - Waiting for webElement...financialdetails.fixeddebtexpenses
2024-08-06 10:22:15 INFO  Keywords:130 - InputText is called
2024-08-06 10:22:15 INFO  Keywords:301 - Waiting for webElement...financialdetails.rentalincome
2024-08-06 10:22:25 INFO  Keywords:130 - InputText is called
2024-08-06 10:22:25 INFO  Keywords:301 - Waiting for webElement...financialdetails.variabledebtexpenses
2024-08-06 10:22:35 INFO  Keywords:130 - InputText is called
2024-08-06 10:22:35 INFO  Keywords:301 - Waiting for webElement...financialdetails.incomepension
2024-08-06 10:22:45 INFO  Keywords:130 - InputText is called
2024-08-06 10:22:45 INFO  Keywords:301 - Waiting for webElement...financialdetails.discretionaryexpenses
2024-08-06 10:22:55 INFO  Keywords:130 - InputText is called
2024-08-06 10:22:55 INFO  Keywords:301 - Waiting for webElement...financialdetails.socialsecurityincome
2024-08-06 10:23:05 INFO  Keywords:130 - InputText is called
2024-08-06 10:23:05 INFO  Keywords:301 - Waiting for webElement...financialdetails.otherincome
2024-08-06 10:23:15 INFO  Keywords:130 - InputText is called
2024-08-06 10:23:15 INFO  Keywords:301 - Waiting for webElement...financialdetails.bonds
2024-08-06 10:23:25 INFO  Keywords:130 - InputText is called
2024-08-06 10:23:25 INFO  Keywords:301 - Waiting for webElement...financialdetails.businessTrustRealstate
2024-08-06 10:23:35 INFO  Keywords:130 - InputText is called
2024-08-06 10:23:35 INFO  Keywords:301 - Waiting for webElement...financialdetails.retirementplan
2024-08-06 10:23:45 INFO  Keywords:130 - InputText is called
2024-08-06 10:23:45 INFO  Keywords:301 - Waiting for webElement...financialdetails.equities
2024-08-06 10:23:55 INFO  Keywords:130 - InputText is called
2024-08-06 10:23:55 INFO  Keywords:301 - Waiting for webElement...financialdetails.facevalueilfeinsurance
2024-08-06 10:24:05 INFO  Keywords:130 - InputText is called
2024-08-06 10:24:05 INFO  Keywords:301 - Waiting for webElement...financialdetails.fixedannuity
2024-08-06 10:24:16 INFO  Keywords:130 - InputText is called
2024-08-06 10:24:16 INFO  Keywords:301 - Waiting for webElement...financialdetails.indexannuity
2024-08-06 10:24:26 INFO  Keywords:130 - InputText is called
2024-08-06 10:24:26 INFO  Keywords:301 - Waiting for webElement...financialdetails.liquidnetworth
2024-08-06 10:24:36 INFO  Keywords:130 - InputText is called
2024-08-06 10:24:36 INFO  Keywords:301 - Waiting for webElement...financialdetails.mutualfund
2024-08-06 10:24:46 INFO  Keywords:130 - InputText is called
2024-08-06 10:24:46 INFO  Keywords:301 - Waiting for webElement...financialdetails.otherbrokerage
2024-08-06 10:24:56 INFO  Keywords:130 - InputText is called
2024-08-06 10:24:56 INFO  Keywords:301 - Waiting for webElement...financialdetails.policypremium
2024-08-06 10:25:06 INFO  Keywords:130 - InputText is called
2024-08-06 10:25:06 INFO  Keywords:301 - Waiting for webElement...financialdetails.variableannuity
2024-08-06 10:25:16 INFO  Keywords:130 - InputText is called
2024-08-06 10:25:16 INFO  Keywords:301 - Waiting for webElement...financialdetails.totalpremium
2024-08-06 10:25:26 INFO  Keywords:301 - Waiting for webElement...financialdetails.anticipatedchanges
2024-08-06 10:25:36 INFO  Keywords:301 - Waiting for webElement...financialdetails.nonguaranteedelement
2024-08-06 10:25:46 INFO  Keywords:301 - Waiting for webElement...financialdetails.reversemortgage
2024-08-06 10:25:56 INFO  Keywords:141 - ClickOnLink is called
2024-08-06 10:25:56 INFO  Keywords:301 - Waiting for webElement...next
2024-08-06 10:26:22 INFO  Keywords:301 - Waiting for webElement...payment.modal
2024-08-06 10:26:48 INFO  Keywords:301 - Waiting for webElement...payment.method
2024-08-06 10:26:58 INFO  Keywords:130 - InputText is called
2024-08-06 10:26:58 INFO  Keywords:301 - Waiting for webElement...payment.premium
2024-08-06 10:27:08 INFO  Keywords:141 - ClickOnLink is called
2024-08-06 10:27:08 INFO  Keywords:301 - Waiting for webElement...next
2024-08-06 10:27:34 INFO  Keywords:301 - Waiting for webElement...existinginsurance.borrowingfunds
2024-08-06 10:27:45 INFO  Keywords:301 - Waiting for webElement...existinginsurance.terminatingexistinglifepolicy
2024-08-06 10:27:55 INFO  Keywords:301 - Waiting for webElement...existinginsurance.longtermcoverage
2024-08-06 10:28:05 INFO  Keywords:301 - Waiting for webElement...existanceterminating.InsuranceCompanyName
2024-08-06 10:28:15 INFO  Keywords:130 - InputText is called
2024-08-06 10:28:15 INFO  Keywords:301 - Waiting for webElement...existanceterminating.ProductName
2024-08-06 10:28:25 INFO  Keywords:130 - InputText is called
2024-08-06 10:28:25 INFO  Keywords:301 - Waiting for webElement...existanceterminating.Insured
2024-08-06 10:28:35 INFO  Keywords:301 - Waiting for webElement...existanceterminating.InsuredAnnuitant
2024-08-06 10:28:35 INFO  Keywords:130 - InputText is called
2024-08-06 10:28:35 INFO  Keywords:301 - Waiting for webElement...existanceterminating.InsuredAnnuitantDOB
2024-08-06 10:28:35 INFO  Keywords:301 - Waiting for webElement...existanceterminating.NumberOfInsured
2024-08-06 10:28:35 INFO  Keywords:130 - InputText is called
2024-08-06 10:28:35 INFO  Keywords:301 - Waiting for webElement...existanceterminating.Owner
2024-08-06 10:28:45 INFO  Keywords:130 - InputText is called
2024-08-06 10:28:45 INFO  Keywords:301 - Waiting for webElement...existanceterminating.DateIssued
2024-08-06 10:28:55 INFO  Keywords:130 - InputText is called
2024-08-06 10:28:55 INFO  Keywords:301 - Waiting for webElement...existanceterminating.AmountOfInsurance
2024-08-06 10:29:05 INFO  Keywords:301 - Waiting for webElement...existanceterminating.ExistingInsuranceType
2024-08-06 10:29:15 INFO  Keywords:301 - Waiting for webElement...existanceterminating.ProductType
2024-08-06 10:29:25 INFO  Keywords:301 - Waiting for webElement...existanceterminating.LifeProductType
2024-08-06 10:29:35 INFO  Keywords:130 - InputText is called
2024-08-06 10:29:35 INFO  Keywords:301 - Waiting for webElement...existanceterminating.PolicyNo
2024-08-06 10:29:45 INFO  Keywords:301 - Waiting for webElement...existanceterminating.PurposeOfPolicy
2024-08-06 10:29:55 INFO  Keywords:301 - Waiting for webElement...existanceterminating.FundsNewPolicy
2024-08-06 10:30:06 INFO  Keywords:301 - Waiting for webElement...existanceterminating.ReplacingNewPolicy
2024-08-06 10:30:16 INFO  Keywords:301 - Waiting for webElement...existanceterminating.ReplacementThType
2024-08-06 10:30:26 INFO  Keywords:301 - Waiting for webElement...existanceterminating.1035ThExchange
2024-08-06 10:30:36 INFO  Keywords:130 - InputText is called
2024-08-06 10:30:36 INFO  Keywords:301 - Waiting for webElement...existanceterminating.ReasonReplacement
2024-08-06 10:30:46 INFO  Keywords:130 - InputText is called
2024-08-06 10:30:46 INFO  Keywords:301 - Waiting for webElement...existanceterminating.NoOfPolicy
2024-08-06 10:30:56 INFO  Keywords:130 - InputText is called
2024-08-06 10:30:56 INFO  Keywords:301 - Waiting for webElement...existanceterminating.PremiumPayment
2024-08-06 10:31:06 INFO  Keywords:130 - InputText is called
2024-08-06 10:31:06 INFO  Keywords:301 - Waiting for webElement...existanceterminating.FrequencyPremium
2024-08-06 10:31:16 INFO  Keywords:130 - InputText is called
2024-08-06 10:31:16 INFO  Keywords:301 - Waiting for webElement...existanceterminating.AmountBeingExchanged
2024-08-06 10:31:26 INFO  Keywords:130 - InputText is called
2024-08-06 10:31:26 INFO  Keywords:301 - Waiting for webElement...existanceterminating.SurrenderCharge
2024-08-06 10:31:36 INFO  Keywords:130 - InputText is called
2024-08-06 10:31:36 INFO  Keywords:301 - Waiting for webElement...existanceterminating.DeathBenefit
2024-08-06 10:31:46 INFO  Keywords:130 - InputText is called
2024-08-06 10:31:46 INFO  Keywords:301 - Waiting for webElement...existanceterminating.SpecialFeatures
2024-08-06 10:31:56 INFO  Keywords:301 - Waiting for webElement...existinginsurance.longtermpolicyYes
2024-08-06 10:32:06 INFO  Keywords:130 - InputText is called
2024-08-06 10:32:06 INFO  Keywords:301 - Waiting for webElement...existinglongtermpolicy.InsuranceName
2024-08-06 10:32:16 INFO  Keywords:130 - InputText is called
2024-08-06 10:32:16 INFO  Keywords:301 - Waiting for webElement...existinglongtermpolicy.policyCertificateNumber
2024-08-06 10:32:26 INFO  Keywords:130 - InputText is called
2024-08-06 10:32:26 INFO  Keywords:301 - Waiting for webElement...existinglongtermpolicy.ProductName
2024-08-06 10:32:36 INFO  Keywords:301 - Waiting for webElement...existinglongtermpolicy.ProductType
2024-08-06 10:32:46 INFO  Keywords:130 - InputText is called
2024-08-06 10:32:46 INFO  Keywords:301 - Waiting for webElement...existinglongtermpolicy.Insured
2024-08-06 10:32:56 INFO  Keywords:130 - InputText is called
2024-08-06 10:32:56 INFO  Keywords:301 - Waiting for webElement...existinglongtermpolicy.Owner
2024-08-06 10:33:06 INFO  Keywords:130 - InputText is called
2024-08-06 10:33:06 INFO  Keywords:301 - Waiting for webElement...existinglongtermpolicy.DailyBenefit
2024-08-06 10:33:17 INFO  Keywords:130 - InputText is called
2024-08-06 10:33:17 INFO  Keywords:301 - Waiting for webElement...existinglongtermpolicy.AmountOfInsurance
2024-08-06 10:33:27 INFO  Keywords:130 - InputText is called
2024-08-06 10:33:27 INFO  Keywords:301 - Waiting for webElement...existinglongtermpolicy.benefitAmount
2024-08-06 10:33:37 INFO  Keywords:130 - InputText is called
2024-08-06 10:33:37 INFO  Keywords:301 - Waiting for webElement...existinglongtermpolicy.benefitPeriod
2024-08-06 10:33:47 INFO  Keywords:301 - Waiting for webElement...existinginsurance.longterminsuranceYes
2024-08-06 10:33:57 INFO  Keywords:130 - InputText is called
2024-08-06 10:33:57 INFO  Keywords:301 - Waiting for webElement...existinglongterminsurance.InsuranceCompany
2024-08-06 10:34:07 INFO  Keywords:130 - InputText is called
2024-08-06 10:34:07 INFO  Keywords:301 - Waiting for webElement...existinglongterminsurance.Certificate
2024-08-06 10:34:17 INFO  Keywords:130 - InputText is called
2024-08-06 10:34:17 INFO  Keywords:301 - Waiting for webElement...existinglongterminsurance.LTCBenefit
2024-08-06 10:34:27 INFO  Keywords:130 - InputText is called
2024-08-06 10:34:27 INFO  Keywords:301 - Waiting for webElement...existinglongterminsurance.IssueDate
2024-08-06 10:34:37 INFO  Keywords:130 - InputText is called
2024-08-06 10:34:37 INFO  Keywords:301 - Waiting for webElement...existinglongterminsurance.LapseDate
2024-08-06 10:34:47 INFO  Keywords:141 - ClickOnLink is called
2024-08-06 10:34:47 INFO  Keywords:301 - Waiting for webElement...next
2024-08-06 10:35:13 INFO  Keywords:301 - Waiting for webElement...AgentCertify
2024-08-06 10:35:23 INFO  Keywords:141 - ClickOnLink is called
2024-08-06 10:35:23 INFO  Keywords:301 - Waiting for webElement...next
2024-08-06 10:35:49 INFO  Keywords:130 - InputText is called
2024-08-06 10:35:49 INFO  Keywords:301 - Waiting for webElement...additionalclientquestion.q1
2024-08-06 10:35:59 INFO  Keywords:130 - InputText is called
2024-08-06 10:35:59 INFO  Keywords:301 - Waiting for webElement...additionalclientquestion.q2
2024-08-06 10:36:09 INFO  Keywords:130 - InputText is called
2024-08-06 10:36:09 INFO  Keywords:301 - Waiting for webElement...additionalclientquestion.q3
2024-08-06 10:36:19 INFO  Keywords:130 - InputText is called
2024-08-06 10:36:19 INFO  Keywords:301 - Waiting for webElement...additionalclientquestion.q4
2024-08-06 10:36:29 INFO  Keywords:130 - InputText is called
2024-08-06 10:36:29 INFO  Keywords:301 - Waiting for webElement...additionalclientquestion.q5
2024-08-06 10:36:40 INFO  Keywords:506 - GetText is called
2024-08-06 10:36:40 INFO  Keywords:301 - Waiting for webElement...ebixTxnID
