2024-11-12 10:18:46 INFO  Keywords:106 - Navigate is called
2024-11-12 10:18:49 INFO  Keywords:132 - InputText is called
2024-11-12 10:18:49 INFO  Keywords:309 - Waiting for webElement...gateway.username
2024-11-12 10:18:49 INFO  Keywords:313 - Element found...gateway.username
2024-11-12 10:18:49 INFO  Keywords:132 - InputText is called
2024-11-12 10:18:49 INFO  Keywords:309 - Waiting for webElement...gateway.password
2024-11-12 10:18:49 INFO  Keywords:313 - Element found...gateway.password
2024-11-12 10:18:49 INFO  Keywords:143 - ClickOnLink is called
2024-11-12 10:18:49 INFO  Keywords:309 - Waiting for webElement...gateway.login
2024-11-12 10:18:49 INFO  Keywords:313 - Element found...gateway.login
2024-11-12 10:19:26 INFO  Keywords:143 - ClickOnLink is called
2024-11-12 10:19:26 INFO  Keywords:309 - Waiting for webElement...postsamldata
2024-11-12 10:19:26 INFO  Keywords:313 - Element found...postsamldata
2024-11-12 10:19:42 INFO  Keywords:143 - ClickOnLink is called
2024-11-12 10:19:42 INFO  Keywords:309 - Waiting for webElement...next
2024-11-12 10:20:08 INFO  Keywords:309 - Waiting for webElement...policyConfiguration.terms
2024-11-12 10:20:18 INFO  Keywords:132 - InputText is called
2024-11-12 10:20:18 INFO  Keywords:309 - Waiting for webElement...policyConfiguration.insuranceamount
2024-11-12 10:20:28 INFO  Keywords:309 - Waiting for webElement...policyConfiguration.LTC
2024-11-12 10:20:38 INFO  Keywords:309 - Waiting for webElement...policyConfiguration.payors
2024-11-12 10:20:48 INFO  Keywords:309 - Waiting for webElement...policyConfiguration.purposeofpolicy
2024-11-12 10:20:58 INFO  Keywords:143 - ClickOnLink is called
2024-11-12 10:20:58 INFO  Keywords:309 - Waiting for webElement...next
2024-11-12 10:22:38 INFO  Keywords:309 - Waiting for webElement...primaryinsured.anticipatedUnderwritingclass
2024-11-12 10:22:48 INFO  Keywords:309 - Waiting for webElement...primaryinsured.birthcountry
2024-11-12 10:22:59 INFO  Keywords:309 - Waiting for webElement...primaryinsured.birthstate
2024-11-12 10:23:09 INFO  Keywords:143 - ClickOnLink is called
2024-11-12 10:23:09 INFO  Keywords:309 - Waiting for webElement...next
2024-11-12 10:23:35 INFO  Keywords:143 - ClickOnLink is called
2024-11-12 10:23:35 INFO  Keywords:309 - Waiting for webElement...next
2024-11-12 10:24:01 INFO  Keywords:309 - Waiting for webElement...EntityRelationship
2024-11-12 10:24:11 INFO  Keywords:143 - ClickOnLink is called
2024-11-12 10:24:11 INFO  Keywords:309 - Waiting for webElement...next
2024-11-12 10:24:37 INFO  Keywords:309 - Waiting for webElement...financialDetails.SourceOfFundsLI
2024-11-12 10:24:47 INFO  Keywords:309 - Waiting for webElement...financialDetails.SurrenderChargeSOFLI
2024-11-12 10:24:57 INFO  Keywords:309 - Waiting for webElement...financialDetails.envisiontaking
2024-11-12 10:25:07 INFO  Keywords:309 - Waiting for webElement...financialDetails.federalfaxbracket
2024-11-12 10:25:17 INFO  Keywords:309 - Waiting for webElement...financialDetails.riskTolerance
2024-11-12 10:25:27 INFO  Keywords:309 - Waiting for webElement...financialDetails.Investmentobjectives
2024-11-12 10:25:37 INFO  Keywords:309 - Waiting for webElement...financialDetails.timehorizon
2024-11-12 10:25:47 INFO  Keywords:309 - Waiting for webElement...financialDetails.investmentexperienceFA
2024-11-12 10:25:57 INFO  Keywords:132 - InputText is called
2024-11-12 10:25:57 INFO  Keywords:309 - Waiting for webElement...financialDetails.investmentstartyear
2024-11-12 10:26:07 INFO  Keywords:132 - InputText is called
2024-11-12 10:26:07 INFO  Keywords:309 - Waiting for webElement...financialdetails.livingexpenses
2024-11-12 10:26:17 INFO  Keywords:132 - InputText is called
2024-11-12 10:26:17 INFO  Keywords:309 - Waiting for webElement...financialdetails.fixeddebtexpenses
2024-11-12 10:26:28 INFO  Keywords:132 - InputText is called
2024-11-12 10:26:28 INFO  Keywords:309 - Waiting for webElement...financialdetails.variabledebtexpenses
2024-11-12 10:26:38 INFO  Keywords:132 - InputText is called
2024-11-12 10:26:38 INFO  Keywords:309 - Waiting for webElement...financialdetails.discretionaryexpenses
2024-11-12 10:26:48 INFO  Keywords:132 - InputText is called
2024-11-12 10:26:48 INFO  Keywords:309 - Waiting for webElement...financialdetails.Annualrincome
2024-11-12 10:26:58 INFO  Keywords:132 - InputText is called
2024-11-12 10:26:58 INFO  Keywords:309 - Waiting for webElement...financialdetails.businessTrustRealstate
2024-11-12 10:27:08 INFO  Keywords:132 - InputText is called
2024-11-12 10:27:08 INFO  Keywords:309 - Waiting for webElement...financialdetails.liquidnetworth
2024-11-12 10:27:18 INFO  Keywords:132 - InputText is called
2024-11-12 10:27:18 INFO  Keywords:309 - Waiting for webElement...financialdetails.policypremium
2024-11-12 10:27:28 INFO  Keywords:132 - InputText is called
2024-11-12 10:27:28 INFO  Keywords:309 - Waiting for webElement...financialdetails.InvestibleAssets
2024-11-12 10:27:38 INFO  Keywords:132 - InputText is called
2024-11-12 10:27:38 INFO  Keywords:309 - Waiting for webElement...financialdetails.totalpremium
2024-11-12 10:27:48 INFO  Keywords:309 - Waiting for webElement...financialdetails.anticipatedchanges
2024-11-12 10:27:58 INFO  Keywords:309 - Waiting for webElement...financialdetails.nonguaranteedelement
2024-11-12 10:28:08 INFO  Keywords:309 - Waiting for webElement...financialdetails.reversemortgage
2024-11-12 10:28:18 INFO  Keywords:143 - ClickOnLink is called
2024-11-12 10:28:18 INFO  Keywords:309 - Waiting for webElement...next
2024-11-12 10:28:28 INFO  Keywords:309 - Waiting for webElement...jointOwnerInsured
2024-11-12 10:28:38 INFO  Keywords:309 - Waiting for webElement...jointOwnerJointInsured
2024-11-12 10:28:48 INFO  Keywords:143 - ClickOnLink is called
2024-11-12 10:28:48 INFO  Keywords:309 - Waiting for webElement...next
2024-11-12 10:29:14 INFO  Keywords:309 - Waiting for webElement...payment.modal
2024-11-12 10:29:40 INFO  Keywords:309 - Waiting for webElement...payment.method
2024-11-12 10:29:51 INFO  Keywords:132 - InputText is called
2024-11-12 10:29:51 INFO  Keywords:309 - Waiting for webElement...payment.premium
2024-11-12 10:30:01 INFO  Keywords:143 - ClickOnLink is called
2024-11-12 10:30:01 INFO  Keywords:309 - Waiting for webElement...next
2024-11-12 10:30:27 INFO  Keywords:309 - Waiting for webElement...existinginsurance.borrowingfunds
2024-11-12 10:30:37 INFO  Keywords:309 - Waiting for webElement...existinginsurance.terminatingexistinglifepolicy
2024-11-12 10:30:47 INFO  Keywords:309 - Waiting for webElement...existinginsurance.longtermcoverage
2024-11-12 10:30:57 INFO  Keywords:309 - Waiting for webElement...existanceterminating.InsuranceCompanyName
2024-11-12 10:31:07 INFO  Keywords:132 - InputText is called
2024-11-12 10:31:07 INFO  Keywords:309 - Waiting for webElement...existanceterminating.ProductName
2024-11-12 10:31:17 INFO  Keywords:132 - InputText is called
2024-11-12 10:31:17 INFO  Keywords:309 - Waiting for webElement...existanceterminating.Insured
2024-11-12 10:31:27 INFO  Keywords:132 - InputText is called
2024-11-12 10:31:27 INFO  Keywords:309 - Waiting for webElement...existanceterminating.Owner
2024-11-12 10:31:37 INFO  Keywords:132 - InputText is called
2024-11-12 10:31:37 INFO  Keywords:309 - Waiting for webElement...existanceterminating.DateIssued
2024-11-12 10:31:47 INFO  Keywords:132 - InputText is called
2024-11-12 10:31:47 INFO  Keywords:309 - Waiting for webElement...existanceterminating.AmountOfInsurance
2024-11-12 10:31:57 INFO  Keywords:309 - Waiting for webElement...existanceterminating.ExistingInsuranceType
2024-11-12 10:32:07 INFO  Keywords:309 - Waiting for webElement...existanceterminating.ProductType
2024-11-12 10:32:17 INFO  Keywords:309 - Waiting for webElement...existanceterminating.LifeProductType
2024-11-12 10:32:27 INFO  Keywords:132 - InputText is called
2024-11-12 10:32:27 INFO  Keywords:309 - Waiting for webElement...existanceterminating.PolicyNo
2024-11-12 10:32:37 INFO  Keywords:309 - Waiting for webElement...existanceterminating.PurposeOfPolicy
2024-11-12 10:32:47 INFO  Keywords:309 - Waiting for webElement...existanceterminating.FundsNewPolicy
2024-11-12 10:32:57 INFO  Keywords:309 - Waiting for webElement...existanceterminating.ReplacingNewPolicy
2024-11-12 10:33:08 INFO  Keywords:309 - Waiting for webElement...existance.suvivorship
2024-11-12 10:33:18 INFO  Keywords:309 - Waiting for webElement...existnace.soldSettled
2024-11-12 10:33:28 INFO  Keywords:309 - Waiting for webElement...existanceterminating.ReplacementThType
2024-11-12 10:33:38 INFO  Keywords:309 - Waiting for webElement...existanceterminating.1035ThExchange
2024-11-12 10:33:48 INFO  Keywords:132 - InputText is called
2024-11-12 10:33:48 INFO  Keywords:309 - Waiting for webElement...existanceterminating.ReasonReplacement
2024-11-12 10:33:58 INFO  Keywords:132 - InputText is called
2024-11-12 10:33:58 INFO  Keywords:309 - Waiting for webElement...existanceterminating.NoOfPolicy
2024-11-12 10:34:08 INFO  Keywords:132 - InputText is called
2024-11-12 10:34:08 INFO  Keywords:309 - Waiting for webElement...existanceterminating.PremiumPayment
2024-11-12 10:34:20 INFO  Keywords:132 - InputText is called
2024-11-12 10:34:20 INFO  Keywords:309 - Waiting for webElement...existanceterminating.FrequencyPremium
2024-11-12 10:34:31 INFO  Keywords:132 - InputText is called
2024-11-12 10:34:31 INFO  Keywords:309 - Waiting for webElement...existanceterminating.AmountBeingExchanged
2024-11-12 10:34:43 INFO  Keywords:132 - InputText is called
2024-11-12 10:34:43 INFO  Keywords:309 - Waiting for webElement...existanceterminating.SurrenderCharge
2024-11-12 10:34:55 INFO  Keywords:132 - InputText is called
2024-11-12 10:34:55 INFO  Keywords:309 - Waiting for webElement...existanceterminating.DeathBenefit
2024-11-12 10:35:07 INFO  Keywords:132 - InputText is called
2024-11-12 10:35:07 INFO  Keywords:309 - Waiting for webElement...existanceterminating.SpecialFeatures
2024-11-12 10:35:17 INFO  Keywords:143 - ClickOnLink is called
2024-11-12 10:35:17 INFO  Keywords:309 - Waiting for webElement...existanceterminating1.AddInstance
2024-11-12 10:35:27 INFO  Keywords:309 - Waiting for webElement...existanceterminating1.InsuranceCompanyName
2024-11-12 10:35:37 INFO  Keywords:132 - InputText is called
2024-11-12 10:35:37 INFO  Keywords:309 - Waiting for webElement...existanceterminating1.ProductName
2024-11-12 10:35:47 INFO  Keywords:132 - InputText is called
2024-11-12 10:35:47 INFO  Keywords:309 - Waiting for webElement...existanceterminating1.Insured
2024-11-12 10:35:57 INFO  Keywords:132 - InputText is called
2024-11-12 10:35:57 INFO  Keywords:309 - Waiting for webElement...existanceterminating1.Owner
