2023-12-21 12:22:33 INFO  Keywords:97 - Navigate is called
2023-12-21 12:22:37 INFO  Keywords:125 - InputText is called
2023-12-21 12:22:37 INFO  Keywords:286 - Waiting for webElement...gateway.username
2023-12-21 12:22:37 INFO  Keywords:289 - Element found...gateway.username
2023-12-21 12:22:37 INFO  Keywords:125 - InputText is called
2023-12-21 12:22:37 INFO  Keywords:286 - Waiting for webElement...gateway.password
2023-12-21 12:22:37 INFO  Keywords:289 - Element found...gateway.password
2023-12-21 12:22:37 INFO  Keywords:138 - ClickOnLink is called
2023-12-21 12:22:37 INFO  Keywords:286 - Waiting for webElement...gateway.login
2023-12-21 12:22:37 INFO  Keywords:289 - Element found...gateway.login
2023-12-21 12:23:14 INFO  Keywords:138 - ClickOnLink is called
2023-12-21 12:23:14 INFO  Keywords:286 - Waiting for webElement...postsamldata
2023-12-21 12:23:14 INFO  Keywords:289 - Element found...postsamldata
2023-12-21 12:23:29 INFO  Keywords:138 - ClickOnLink is called
2023-12-21 12:23:29 INFO  Keywords:286 - Waiting for webElement...next
2023-12-21 12:23:29 INFO  Keywords:289 - Element found...next
2023-12-21 12:23:51 INFO  Keywords:125 - InputText is called
2023-12-21 12:23:51 INFO  Keywords:286 - Waiting for webElement...policyConfiguration.insuranceamount
2023-12-21 12:23:51 INFO  Keywords:289 - Element found...policyConfiguration.insuranceamount
2023-12-21 12:23:51 INFO  Keywords:286 - Waiting for webElement...policyConfiguration.LTC
2023-12-21 12:23:51 INFO  Keywords:289 - Element found...policyConfiguration.LTC
2023-12-21 12:23:51 INFO  Keywords:286 - Waiting for webElement...policyConfiguration.payors
2023-12-21 12:23:51 INFO  Keywords:289 - Element found...policyConfiguration.payors
2023-12-21 12:23:51 INFO  Keywords:286 - Waiting for webElement...policyConfiguration.purposeofpolicy
2023-12-21 12:23:51 INFO  Keywords:289 - Element found...policyConfiguration.purposeofpolicy
2023-12-21 12:23:52 INFO  Keywords:138 - ClickOnLink is called
2023-12-21 12:23:52 INFO  Keywords:286 - Waiting for webElement...next
2023-12-21 12:23:52 INFO  Keywords:289 - Element found...next
2023-12-21 12:24:12 INFO  Keywords:286 - Waiting for webElement...primaryinsured.birthcountry
2023-12-21 12:24:22 INFO  Keywords:286 - Waiting for webElement...primaryinsured.birthstate
2023-12-21 12:24:32 INFO  Keywords:125 - InputText is called
2023-12-21 12:24:32 INFO  Keywords:286 - Waiting for webElement...primaryinsured.birthcity
2023-12-21 12:24:42 INFO  Keywords:138 - ClickOnLink is called
2023-12-21 12:24:42 INFO  Keywords:286 - Waiting for webElement...next
2023-12-21 12:24:42 INFO  Keywords:289 - Element found...next
2023-12-21 12:24:58 INFO  Keywords:138 - ClickOnLink is called
2023-12-21 12:24:58 INFO  Keywords:286 - Waiting for webElement...next
2023-12-21 12:25:02 INFO  Keywords:289 - Element found...next
2023-12-21 12:25:23 INFO  Keywords:286 - Waiting for webElement...jointInsured.birthCountry
2023-12-21 12:25:33 INFO  Keywords:286 - Waiting for webElement...jointInsured.birthState
2023-12-21 12:25:43 INFO  Keywords:125 - InputText is called
2023-12-21 12:25:43 INFO  Keywords:286 - Waiting for webElement...jointInsured.birthCity
2023-12-21 12:25:53 INFO  Keywords:138 - ClickOnLink is called
2023-12-21 12:25:53 INFO  Keywords:286 - Waiting for webElement...next
2023-12-21 12:25:53 INFO  Keywords:289 - Element found...next
2023-12-21 12:26:17 INFO  Keywords:286 - Waiting for webElement...naturalOwner.relationwithInsured
2023-12-21 12:26:27 INFO  Keywords:286 - Waiting for webElement...naturalOwner.relationwithJointInsured
2023-12-21 12:26:37 INFO  Keywords:138 - ClickOnLink is called
2023-12-21 12:26:37 INFO  Keywords:286 - Waiting for webElement...next
2023-12-21 12:26:37 INFO  Keywords:289 - Element found...next
2023-12-21 12:27:00 INFO  Keywords:286 - Waiting for webElement...financialDetails.SourceOfFundsLI
2023-12-21 12:27:10 INFO  Keywords:286 - Waiting for webElement...financialDetails.SurrenderChargeSOFLI
2023-12-21 12:27:20 INFO  Keywords:286 - Waiting for webElement...financialDetails.envisiontaking
2023-12-21 12:27:30 INFO  Keywords:286 - Waiting for webElement...financialDetails.federalfaxbracket
2023-12-21 12:27:40 INFO  Keywords:286 - Waiting for webElement...financialDetails.riskTolerance
2023-12-21 12:27:50 INFO  Keywords:286 - Waiting for webElement...financialDetails.Investmentobjectives
2023-12-21 12:28:00 INFO  Keywords:286 - Waiting for webElement...financialDetails.timehorizon
2023-12-21 12:28:10 INFO  Keywords:286 - Waiting for webElement...financialDetails.investmentexperienceFA
2023-12-21 12:28:21 INFO  Keywords:125 - InputText is called
2023-12-21 12:28:21 INFO  Keywords:286 - Waiting for webElement...financialDetails.investmentstartyear
2023-12-21 12:28:31 INFO  Keywords:125 - InputText is called
2023-12-21 12:28:31 INFO  Keywords:286 - Waiting for webElement...financialdetails.wages
2023-12-21 12:28:41 INFO  Keywords:125 - InputText is called
2023-12-21 12:28:41 INFO  Keywords:286 - Waiting for webElement...financialdetails.livingexpenses
2023-12-21 12:28:51 INFO  Keywords:125 - InputText is called
2023-12-21 12:28:51 INFO  Keywords:286 - Waiting for webElement...financialdetails.personalinvestment
2023-12-21 12:29:01 INFO  Keywords:125 - InputText is called
2023-12-21 12:29:01 INFO  Keywords:286 - Waiting for webElement...financialdetails.fixeddebtexpenses
2023-12-21 12:29:11 INFO  Keywords:125 - InputText is called
2023-12-21 12:29:11 INFO  Keywords:286 - Waiting for webElement...financialdetails.rentalincome
2023-12-21 12:29:21 INFO  Keywords:125 - InputText is called
2023-12-21 12:29:21 INFO  Keywords:286 - Waiting for webElement...financialdetails.variabledebtexpenses
2023-12-21 12:29:31 INFO  Keywords:125 - InputText is called
2023-12-21 12:29:31 INFO  Keywords:286 - Waiting for webElement...financialdetails.incomepension
2023-12-21 12:29:41 INFO  Keywords:125 - InputText is called
2023-12-21 12:29:41 INFO  Keywords:286 - Waiting for webElement...financialdetails.discretionaryexpenses
2023-12-21 12:29:52 INFO  Keywords:125 - InputText is called
2023-12-21 12:29:52 INFO  Keywords:286 - Waiting for webElement...financialdetails.socialsecurityincome
2023-12-21 12:30:02 INFO  Keywords:125 - InputText is called
2023-12-21 12:30:02 INFO  Keywords:286 - Waiting for webElement...financialdetails.otherincome
2023-12-21 12:30:12 INFO  Keywords:125 - InputText is called
2023-12-21 12:30:12 INFO  Keywords:286 - Waiting for webElement...financialdetails.bonds
2023-12-21 12:30:22 INFO  Keywords:125 - InputText is called
2023-12-21 12:30:22 INFO  Keywords:286 - Waiting for webElement...financialdetails.businessTrustRealstate
2023-12-21 12:30:32 INFO  Keywords:125 - InputText is called
2023-12-21 12:30:32 INFO  Keywords:286 - Waiting for webElement...financialdetails.retirementplan
2023-12-21 12:30:42 INFO  Keywords:125 - InputText is called
2023-12-21 12:30:42 INFO  Keywords:286 - Waiting for webElement...financialdetails.equities
2023-12-21 12:30:52 INFO  Keywords:125 - InputText is called
2023-12-21 12:30:52 INFO  Keywords:286 - Waiting for webElement...financialdetails.facevalueilfeinsurance
2023-12-21 12:31:02 INFO  Keywords:125 - InputText is called
2023-12-21 12:31:02 INFO  Keywords:286 - Waiting for webElement...financialdetails.fixedannuity
2023-12-21 12:31:12 INFO  Keywords:125 - InputText is called
2023-12-21 12:31:12 INFO  Keywords:286 - Waiting for webElement...financialdetails.indexannuity
2023-12-21 12:31:23 INFO  Keywords:125 - InputText is called
2023-12-21 12:31:23 INFO  Keywords:286 - Waiting for webElement...financialdetails.liquidnetworth
2023-12-21 12:31:33 INFO  Keywords:125 - InputText is called
2023-12-21 12:31:33 INFO  Keywords:286 - Waiting for webElement...financialdetails.mutualfund
2023-12-21 12:31:43 INFO  Keywords:125 - InputText is called
2023-12-21 12:31:43 INFO  Keywords:286 - Waiting for webElement...financialdetails.otherbrokerage
2023-12-21 12:31:53 INFO  Keywords:125 - InputText is called
2023-12-21 12:31:53 INFO  Keywords:286 - Waiting for webElement...financialdetails.policypremium
2023-12-21 12:32:03 INFO  Keywords:125 - InputText is called
2023-12-21 12:32:03 INFO  Keywords:286 - Waiting for webElement...financialdetails.variableannuity
2023-12-21 12:32:13 INFO  Keywords:125 - InputText is called
2023-12-21 12:32:13 INFO  Keywords:286 - Waiting for webElement...financialdetails.totalpremium
2023-12-21 12:32:23 INFO  Keywords:286 - Waiting for webElement...financialdetails.anticipatedchanges
2023-12-21 12:32:33 INFO  Keywords:286 - Waiting for webElement...financialdetails.nonguaranteedelement
2023-12-21 12:32:44 INFO  Keywords:286 - Waiting for webElement...financialdetails.reversemortgage
2023-12-21 12:32:54 INFO  Keywords:138 - ClickOnLink is called
2023-12-21 12:32:54 INFO  Keywords:286 - Waiting for webElement...next
2023-12-21 12:32:54 INFO  Keywords:289 - Element found...next
2023-12-21 12:33:14 INFO  Keywords:286 - Waiting for webElement...payment.modal
2023-12-21 12:33:39 INFO  Keywords:286 - Waiting for webElement...payment.method
2023-12-21 12:33:49 INFO  Keywords:125 - InputText is called
2023-12-21 12:33:49 INFO  Keywords:286 - Waiting for webElement...payment.premium
2023-12-21 12:33:59 INFO  Keywords:138 - ClickOnLink is called
2023-12-21 12:33:59 INFO  Keywords:286 - Waiting for webElement...next
2023-12-21 12:33:59 INFO  Keywords:289 - Element found...next
2023-12-21 12:34:20 INFO  Keywords:286 - Waiting for webElement...existinginsurance.borrowingfunds
2023-12-21 12:34:30 INFO  Keywords:286 - Waiting for webElement...existinginsurance.terminatingexistinglifepolicy
2023-12-21 12:34:40 INFO  Keywords:286 - Waiting for webElement...existinginsurance.longtermcoverage
2023-12-21 12:34:50 INFO  Keywords:286 - Waiting for webElement...existinginsurance.longtermpolicy
2023-12-21 12:35:00 INFO  Keywords:286 - Waiting for webElement...existinginsurance.longterminsurance
2023-12-21 12:35:10 INFO  Keywords:138 - ClickOnLink is called
2023-12-21 12:35:10 INFO  Keywords:286 - Waiting for webElement...next
2023-12-21 12:35:10 INFO  Keywords:289 - Element found...next
2023-12-21 12:35:31 INFO  Keywords:138 - ClickOnLink is called
2023-12-21 12:35:31 INFO  Keywords:286 - Waiting for webElement...next
2023-12-21 12:35:31 INFO  Keywords:289 - Element found...next
2023-12-21 12:35:51 INFO  Keywords:125 - InputText is called
2023-12-21 12:35:51 INFO  Keywords:286 - Waiting for webElement...additionalclientquestion.q1
2023-12-21 12:36:01 INFO  Keywords:125 - InputText is called
2023-12-21 12:36:01 INFO  Keywords:286 - Waiting for webElement...additionalclientquestion.q2
2023-12-21 12:36:11 INFO  Keywords:125 - InputText is called
2023-12-21 12:36:11 INFO  Keywords:286 - Waiting for webElement...additionalclientquestion.q3
2023-12-21 12:36:21 INFO  Keywords:125 - InputText is called
2023-12-21 12:36:21 INFO  Keywords:286 - Waiting for webElement...additionalclientquestion.q4
2023-12-21 12:36:32 INFO  Keywords:125 - InputText is called
2023-12-21 12:36:32 INFO  Keywords:286 - Waiting for webElement...additionalclientquestion.q5
2023-12-21 12:36:42 INFO  Keywords:516 - GetText is called
2023-12-21 12:36:42 INFO  Keywords:286 - Waiting for webElement...ebixTxnID
2023-12-21 12:36:42 INFO  Keywords:289 - Element found...ebixTxnID
2023-12-21 12:36:42 INFO  Keywords:520 - LinkId: 519974
2023-12-21 12:36:42 INFO  Keywords:571 - LinkId: 519974
2023-12-21 12:36:42 INFO  Keywords:516 - GetText is called
2023-12-21 12:36:42 INFO  Keywords:286 - Waiting for webElement...ebixTxnID
2023-12-21 12:36:42 INFO  Keywords:289 - Element found...ebixTxnID
2023-12-21 12:36:42 INFO  Keywords:520 - LinkId: 519974
2023-12-21 12:36:42 INFO  Keywords:138 - ClickOnLink is called
2023-12-21 12:36:42 INFO  Keywords:286 - Waiting for webElement...next
2023-12-21 12:36:42 INFO  Keywords:289 - Element found...next
2023-12-21 12:37:02 INFO  Keywords:138 - ClickOnLink is called
2023-12-21 12:37:02 INFO  Keywords:286 - Waiting for webElement...validate.button
2023-12-21 12:37:43 INFO  Keywords:138 - ClickOnLink is called
2023-12-21 12:37:43 INFO  Keywords:286 - Waiting for webElement...notification.continue
2023-12-21 12:38:08 INFO  Keywords:138 - ClickOnLink is called
2023-12-21 12:38:08 INFO  Keywords:286 - Waiting for webElement...esignature.optout
2023-12-21 12:39:48 INFO  Keywords:150 - VerifyText is called
2023-12-21 12:39:48 INFO  Keywords:286 - Waiting for webElement...WebElement
2023-12-21 12:39:48 INFO  Keywords:138 - ClickOnLink is called
2023-12-21 12:39:48 INFO  Keywords:286 - Waiting for webElement...attachment
2023-12-21 12:39:48 INFO  Keywords:289 - Element found...attachment
2023-12-21 12:39:49 INFO  Keywords:286 - Waiting for webElement...attachment.documenttype
2023-12-21 12:39:51 INFO  Keywords:289 - Element found...attachment.documenttype
2023-12-21 12:39:51 INFO  Keywords:125 - InputText is called
2023-12-21 12:39:51 INFO  Keywords:286 - Waiting for webElement...attachment.choosefile
2023-12-21 12:39:51 INFO  Keywords:289 - Element found...attachment.choosefile
2023-12-21 12:39:51 INFO  Keywords:138 - ClickOnLink is called
2023-12-21 12:39:51 INFO  Keywords:286 - Waiting for webElement...attachment.upload
2023-12-21 12:39:52 INFO  Keywords:289 - Element found...attachment.upload
2023-12-21 12:40:12 INFO  Keywords:138 - ClickOnLink is called
2023-12-21 12:40:12 INFO  Keywords:286 - Waiting for webElement...RequestSignatures
2023-12-21 12:40:37 INFO  Keywords:286 - Waiting for webElement...attachment.documenttype
2023-12-21 12:40:37 INFO  Keywords:289 - Element found...attachment.documenttype
2023-12-21 12:40:37 INFO  Keywords:125 - InputText is called
2023-12-21 12:40:37 INFO  Keywords:286 - Waiting for webElement...attachment.choosefile
2023-12-21 12:40:37 INFO  Keywords:289 - Element found...attachment.choosefile
2023-12-21 12:40:37 INFO  Keywords:138 - ClickOnLink is called
2023-12-21 12:40:37 INFO  Keywords:286 - Waiting for webElement...attachment.upload
2023-12-21 12:40:37 INFO  Keywords:289 - Element found...attachment.upload
2023-12-21 12:41:00 INFO  Keywords:138 - ClickOnLink is called
2023-12-21 12:41:00 INFO  Keywords:286 - Waiting for webElement...SubmitButton
2023-12-21 12:42:40 INFO  Keywords:453 - switching to parent window...
2023-12-21 12:42:40 INFO  Keywords:97 - Navigate is called
2023-12-21 12:42:41 INFO  Keywords:531 - ClearText is called
2023-12-21 12:42:41 INFO  Keywords:286 - Waiting for webElement...gateway.username
2023-12-21 12:42:41 INFO  Keywords:289 - Element found...gateway.username
2023-12-21 12:42:41 INFO  Keywords:535 - LinkId: 519974
2023-12-21 12:42:41 INFO  Keywords:125 - InputText is called
2023-12-21 12:42:41 INFO  Keywords:286 - Waiting for webElement...gateway.username
2023-12-21 12:42:41 INFO  Keywords:289 - Element found...gateway.username
2023-12-21 12:42:41 INFO  Keywords:531 - ClearText is called
2023-12-21 12:42:41 INFO  Keywords:286 - Waiting for webElement...gateway.password
2023-12-21 12:42:41 INFO  Keywords:289 - Element found...gateway.password
2023-12-21 12:42:41 INFO  Keywords:535 - LinkId: 519974
2023-12-21 12:42:41 INFO  Keywords:125 - InputText is called
2023-12-21 12:42:41 INFO  Keywords:286 - Waiting for webElement...gateway.password
2023-12-21 12:42:41 INFO  Keywords:289 - Element found...gateway.password
2023-12-21 12:42:41 INFO  Keywords:138 - ClickOnLink is called
2023-12-21 12:42:41 INFO  Keywords:286 - Waiting for webElement...gateway.login
2023-12-21 12:42:41 INFO  Keywords:289 - Element found...gateway.login
2023-12-21 12:43:00 INFO  Keywords:138 - ClickOnLink is called
2023-12-21 12:43:00 INFO  Keywords:286 - Waiting for webElement...management
2023-12-21 12:43:00 INFO  Keywords:289 - Element found...management
2023-12-21 12:43:01 INFO  Keywords:286 - Waiting for webElement...managementTools
2023-12-21 12:43:01 INFO  Keywords:289 - Element found...managementTools
2023-12-21 12:43:02 INFO  Keywords:138 - ClickOnLink is called
2023-12-21 12:43:02 INFO  Keywords:286 - Waiting for webElement...feedManagement
2023-12-21 12:43:02 INFO  Keywords:289 - Element found...feedManagement
2023-12-21 12:43:17 INFO  Keywords:138 - ClickOnLink is called
2023-12-21 12:43:17 INFO  Keywords:286 - Waiting for webElement...searchPanel
2023-12-21 12:43:17 INFO  Keywords:289 - Element found...searchPanel
2023-12-21 12:43:17 INFO  Keywords:286 - Waiting for webElement...selectTransactionID
2023-12-21 12:43:17 INFO  Keywords:289 - Element found...selectTransactionID
2023-12-21 12:43:18 INFO  Keywords:125 - InputText is called
2023-12-21 12:43:18 INFO  Keywords:286 - Waiting for webElement...enterTransactioID
2023-12-21 12:43:18 INFO  Keywords:289 - Element found...enterTransactioID
2023-12-21 12:43:18 INFO  Keywords:138 - ClickOnLink is called
2023-12-21 12:43:18 INFO  Keywords:286 - Waiting for webElement...searchbutton
2023-12-21 12:43:18 INFO  Keywords:289 - Element found...searchbutton
2023-12-21 12:43:33 INFO  Keywords:138 - ClickOnLink is called
2023-12-21 12:43:33 INFO  Keywords:286 - Waiting for webElement...transactionSearchResult
2023-12-21 12:43:33 INFO  Keywords:289 - Element found...transactionSearchResult
2023-12-21 12:43:48 INFO  Keywords:138 - ClickOnLink is called
2023-12-21 12:43:48 INFO  Keywords:286 - Waiting for webElement...onenotThree
2023-12-21 12:43:48 INFO  Keywords:289 - Element found...onenotThree
2023-12-21 12:43:49 INFO  Keywords:286 - Waiting for webElement...103ResponseXML
2023-12-21 12:44:30 INFO  Keywords:97 - Navigate is called
