2024-01-02 11:24:12 INFO  Keywords:93 - Navigate is called
2024-01-02 11:24:15 INFO  Keywords:121 - InputText is called
2024-01-02 11:24:15 INFO  Keywords:282 - Waiting for webElement...gateway.username
2024-01-02 11:24:15 INFO  Keywords:285 - Element found...gateway.username
2024-01-02 11:24:15 INFO  Keywords:121 - InputText is called
2024-01-02 11:24:15 INFO  Keywords:282 - Waiting for webElement...gateway.password
2024-01-02 11:24:15 INFO  Keywords:285 - Element found...gateway.password
2024-01-02 11:24:15 INFO  Keywords:134 - ClickOnLink is called
2024-01-02 11:24:15 INFO  Keywords:282 - Waiting for webElement...gateway.login
2024-01-02 11:24:16 INFO  Keywords:285 - Element found...gateway.login
2024-01-02 11:24:54 INFO  Keywords:134 - ClickOnLink is called
2024-01-02 11:24:54 INFO  Keywords:282 - Waiting for webElement...postsamldata
2024-01-02 11:24:54 INFO  Keywords:285 - Element found...postsamldata
2024-01-02 11:25:11 INFO  Keywords:134 - ClickOnLink is called
2024-01-02 11:25:11 INFO  Keywords:282 - Waiting for webElement...next
2024-01-02 11:25:37 INFO  Keywords:121 - InputText is called
2024-01-02 11:25:37 INFO  Keywords:282 - Waiting for webElement...policyConfiguration.insuranceamount
2024-01-02 11:25:47 INFO  Keywords:282 - Waiting for webElement...policyConfiguration.LTC
2024-01-02 11:25:57 INFO  Keywords:282 - Waiting for webElement...policyConfiguration.payors
2024-01-02 11:26:07 INFO  Keywords:282 - Waiting for webElement...policyConfiguration.purposeofpolicy
2024-01-02 11:26:17 INFO  Keywords:134 - ClickOnLink is called
2024-01-02 11:26:17 INFO  Keywords:282 - Waiting for webElement...next
2024-01-02 11:27:58 INFO  Keywords:282 - Waiting for webElement...primaryinsured.birthcountry
2024-01-02 11:28:08 INFO  Keywords:282 - Waiting for webElement...primaryinsured.birthstate
2024-01-02 11:28:18 INFO  Keywords:121 - InputText is called
2024-01-02 11:28:18 INFO  Keywords:282 - Waiting for webElement...primaryinsured.birthcity
2024-01-02 11:28:28 INFO  Keywords:134 - ClickOnLink is called
2024-01-02 11:28:28 INFO  Keywords:282 - Waiting for webElement...next
2024-01-02 11:28:54 INFO  Keywords:134 - ClickOnLink is called
2024-01-02 11:28:54 INFO  Keywords:282 - Waiting for webElement...next
2024-01-02 11:29:20 INFO  Keywords:282 - Waiting for webElement...jointInsured.birthCountry
2024-01-02 11:29:30 INFO  Keywords:282 - Waiting for webElement...jointInsured.birthState
2024-01-02 11:29:40 INFO  Keywords:121 - InputText is called
2024-01-02 11:29:40 INFO  Keywords:282 - Waiting for webElement...jointInsured.birthCity
2024-01-02 11:29:50 INFO  Keywords:134 - ClickOnLink is called
2024-01-02 11:29:50 INFO  Keywords:282 - Waiting for webElement...next
2024-01-02 11:30:16 INFO  Keywords:282 - Waiting for webElement...naturalOwner.relationwithInsured
2024-01-02 11:30:26 INFO  Keywords:282 - Waiting for webElement...naturalOwner.relationwithJointInsured
2024-01-02 11:30:36 INFO  Keywords:134 - ClickOnLink is called
2024-01-02 11:30:36 INFO  Keywords:282 - Waiting for webElement...next
2024-01-02 11:31:03 INFO  Keywords:282 - Waiting for webElement...financialDetails.SourceOfFundsLI
2024-01-02 11:31:13 INFO  Keywords:282 - Waiting for webElement...financialDetails.SurrenderChargeSOFLI
2024-01-02 11:31:23 INFO  Keywords:282 - Waiting for webElement...financialDetails.envisiontaking
2024-01-02 11:31:33 INFO  Keywords:282 - Waiting for webElement...financialDetails.federalfaxbracket
2024-01-02 11:31:43 INFO  Keywords:282 - Waiting for webElement...financialDetails.riskTolerance
2024-01-02 11:31:53 INFO  Keywords:282 - Waiting for webElement...financialDetails.Investmentobjectives
2024-01-02 11:32:03 INFO  Keywords:282 - Waiting for webElement...financialDetails.timehorizon
2024-01-02 11:32:13 INFO  Keywords:282 - Waiting for webElement...financialDetails.investmentexperienceFA
2024-01-02 11:32:23 INFO  Keywords:121 - InputText is called
2024-01-02 11:32:23 INFO  Keywords:282 - Waiting for webElement...financialDetails.investmentstartyear
2024-01-02 11:32:33 INFO  Keywords:121 - InputText is called
2024-01-02 11:32:33 INFO  Keywords:282 - Waiting for webElement...financialdetails.wages
2024-01-02 11:32:43 INFO  Keywords:121 - InputText is called
2024-01-02 11:32:43 INFO  Keywords:282 - Waiting for webElement...financialdetails.livingexpenses
2024-01-02 11:32:54 INFO  Keywords:121 - InputText is called
2024-01-02 11:32:54 INFO  Keywords:282 - Waiting for webElement...financialdetails.personalinvestment
2024-01-02 11:33:04 INFO  Keywords:121 - InputText is called
2024-01-02 11:33:04 INFO  Keywords:282 - Waiting for webElement...financialdetails.fixeddebtexpenses
2024-01-02 11:33:14 INFO  Keywords:121 - InputText is called
2024-01-02 11:33:14 INFO  Keywords:282 - Waiting for webElement...financialdetails.rentalincome
