2024-08-26 10:16:19 INFO  Keywords:104 - Navigate is called
2024-08-26 10:16:22 INFO  Keywords:130 - InputText is called
2024-08-26 10:16:22 INFO  Keywords:301 - Waiting for webElement...gateway.username
2024-08-26 10:16:22 INFO  Keywords:305 - Element found...gateway.username
2024-08-26 10:16:22 INFO  Keywords:130 - InputText is called
2024-08-26 10:16:22 INFO  Keywords:301 - Waiting for webElement...gateway.password
2024-08-26 10:16:22 INFO  Keywords:305 - Element found...gateway.password
2024-08-26 10:16:22 INFO  Keywords:141 - ClickOnLink is called
2024-08-26 10:16:22 INFO  Keywords:301 - Waiting for webElement...gateway.login
2024-08-26 10:16:22 INFO  Keywords:305 - Element found...gateway.login
2024-08-26 10:16:58 INFO  Keywords:141 - ClickOnLink is called
2024-08-26 10:16:58 INFO  Keywords:301 - Waiting for webElement...postsamldata
2024-08-26 10:16:58 INFO  Keywords:305 - Element found...postsamldata
2024-08-26 10:17:15 INFO  Keywords:141 - ClickOnLink is called
2024-08-26 10:17:15 INFO  Keywords:301 - Waiting for webElement...next
2024-08-26 10:17:15 INFO  Keywords:305 - Element found...next
2024-08-26 10:17:33 INFO  Keywords:130 - InputText is called
2024-08-26 10:17:33 INFO  Keywords:301 - Waiting for webElement...policyConfiguration.insuranceamount
2024-08-26 10:17:33 INFO  Keywords:305 - Element found...policyConfiguration.insuranceamount
2024-08-26 10:17:33 INFO  Keywords:301 - Waiting for webElement...policyConfiguration.LTC
2024-08-26 10:17:43 INFO  Keywords:301 - Waiting for webElement...policyConfiguration.payors
2024-08-26 10:17:43 INFO  Keywords:305 - Element found...policyConfiguration.payors
2024-08-26 10:17:44 INFO  Keywords:301 - Waiting for webElement...policyConfiguration.purposeofpolicy
2024-08-26 10:17:44 INFO  Keywords:305 - Element found...policyConfiguration.purposeofpolicy
2024-08-26 10:17:44 INFO  Keywords:141 - ClickOnLink is called
2024-08-26 10:17:44 INFO  Keywords:301 - Waiting for webElement...next
2024-08-26 10:17:44 INFO  Keywords:305 - Element found...next
2024-08-26 10:18:02 INFO  Keywords:301 - Waiting for webElement...primaryinsured.birthcountry
2024-08-26 10:18:12 INFO  Keywords:301 - Waiting for webElement...primaryinsured.birthstate
2024-08-26 10:18:22 INFO  Keywords:130 - InputText is called
2024-08-26 10:18:22 INFO  Keywords:301 - Waiting for webElement...primaryinsured.birthcity
2024-08-26 10:18:32 INFO  Keywords:301 - Waiting for webElement...primaryinsured.drivinglicense
2024-08-26 10:18:42 INFO  Keywords:130 - InputText is called
2024-08-26 10:18:42 INFO  Keywords:301 - Waiting for webElement...primaryinsured.dlnumber
2024-08-26 10:19:08 INFO  Keywords:301 - Waiting for webElement...primaryinsured.dlissuestateAL
2024-08-26 10:19:18 INFO  Keywords:141 - ClickOnLink is called
2024-08-26 10:19:18 INFO  Keywords:301 - Waiting for webElement...next
2024-08-26 10:19:18 INFO  Keywords:305 - Element found...next
2024-08-26 10:19:18 INFO  Keywords:130 - InputText is called
2024-08-26 10:19:18 INFO  Keywords:301 - Waiting for webElement...TrustOther
2024-08-26 10:19:45 INFO  Keywords:301 - Waiting for webElement...TrustIrres
2024-08-26 10:20:01 INFO  Keywords:141 - ClickOnLink is called
2024-08-26 10:20:01 INFO  Keywords:301 - Waiting for webElement...next
2024-08-26 10:20:01 INFO  Keywords:305 - Element found...next
2024-08-26 10:20:17 INFO  Keywords:301 - Waiting for webElement...Trust_Relationship
2024-08-26 10:20:27 INFO  Keywords:141 - ClickOnLink is called
2024-08-26 10:20:27 INFO  Keywords:301 - Waiting for webElement...next
2024-08-26 10:20:27 INFO  Keywords:305 - Element found...next
2024-08-26 10:20:43 INFO  Keywords:141 - ClickOnLink is called
2024-08-26 10:20:43 INFO  Keywords:301 - Waiting for webElement...next
2024-08-26 10:20:43 INFO  Keywords:305 - Element found...next
2024-08-26 10:20:59 INFO  Keywords:301 - Waiting for webElement...financialDetails.SourceOfWealthLI
2024-08-26 10:21:09 INFO  Keywords:301 - Waiting for webElement...financialDetails.SourceOfFundsLI
2024-08-26 10:21:19 INFO  Keywords:301 - Waiting for webElement...financialDetails.SurrenderChargeSOFLI
2024-08-26 10:21:29 INFO  Keywords:301 - Waiting for webElement...financialDetails.envisiontaking
2024-08-26 10:21:39 INFO  Keywords:301 - Waiting for webElement...financialDetails.federalfaxbracket
2024-08-26 10:21:49 INFO  Keywords:301 - Waiting for webElement...financialDetails.riskTolerance
2024-08-26 10:22:00 INFO  Keywords:301 - Waiting for webElement...financialDetails.Investmentobjectives
2024-08-26 10:22:10 INFO  Keywords:301 - Waiting for webElement...financialDetails.timehorizon
2024-08-26 10:22:20 INFO  Keywords:301 - Waiting for webElement...financialDetails.investmentexperienceFA
2024-08-26 10:22:30 INFO  Keywords:130 - InputText is called
2024-08-26 10:22:30 INFO  Keywords:301 - Waiting for webElement...financialDetails.investmentstartyear
2024-08-26 10:22:40 INFO  Keywords:130 - InputText is called
2024-08-26 10:22:40 INFO  Keywords:301 - Waiting for webElement...financialdetails.wages
2024-08-26 10:22:50 INFO  Keywords:130 - InputText is called
2024-08-26 10:22:50 INFO  Keywords:301 - Waiting for webElement...financialdetails.livingexpenses
2024-08-26 10:23:00 INFO  Keywords:130 - InputText is called
2024-08-26 10:23:00 INFO  Keywords:301 - Waiting for webElement...financialdetails.personalinvestment
2024-08-26 10:23:10 INFO  Keywords:130 - InputText is called
2024-08-26 10:23:10 INFO  Keywords:301 - Waiting for webElement...financialdetails.fixeddebtexpenses
2024-08-26 10:23:20 INFO  Keywords:130 - InputText is called
2024-08-26 10:23:20 INFO  Keywords:301 - Waiting for webElement...financialdetails.rentalincome
2024-08-26 10:23:30 INFO  Keywords:130 - InputText is called
2024-08-26 10:23:30 INFO  Keywords:301 - Waiting for webElement...financialdetails.variabledebtexpenses
2024-08-26 10:23:40 INFO  Keywords:130 - InputText is called
2024-08-26 10:23:40 INFO  Keywords:301 - Waiting for webElement...financialdetails.incomepension
2024-08-26 10:23:50 INFO  Keywords:130 - InputText is called
2024-08-26 10:23:50 INFO  Keywords:301 - Waiting for webElement...financialdetails.discretionaryexpenses
2024-08-26 10:24:01 INFO  Keywords:130 - InputText is called
2024-08-26 10:24:01 INFO  Keywords:301 - Waiting for webElement...financialdetails.socialsecurityincome
2024-08-26 10:24:11 INFO  Keywords:130 - InputText is called
2024-08-26 10:24:11 INFO  Keywords:301 - Waiting for webElement...financialdetails.otherincome
2024-08-26 10:24:21 INFO  Keywords:130 - InputText is called
2024-08-26 10:24:21 INFO  Keywords:301 - Waiting for webElement...financialdetails.bonds
2024-08-26 10:24:31 INFO  Keywords:130 - InputText is called
2024-08-26 10:24:31 INFO  Keywords:301 - Waiting for webElement...financialdetails.businessTrustRealstate
2024-08-26 10:24:41 INFO  Keywords:130 - InputText is called
2024-08-26 10:24:41 INFO  Keywords:301 - Waiting for webElement...financialdetails.retirementplan
2024-08-26 10:24:51 INFO  Keywords:130 - InputText is called
2024-08-26 10:24:51 INFO  Keywords:301 - Waiting for webElement...financialdetails.equities
2024-08-26 10:25:01 INFO  Keywords:130 - InputText is called
2024-08-26 10:25:01 INFO  Keywords:301 - Waiting for webElement...financialdetails.facevalueilfeinsurance
2024-08-26 10:25:11 INFO  Keywords:130 - InputText is called
2024-08-26 10:25:11 INFO  Keywords:301 - Waiting for webElement...financialdetails.fixedannuity
2024-08-26 10:25:21 INFO  Keywords:130 - InputText is called
2024-08-26 10:25:21 INFO  Keywords:301 - Waiting for webElement...financialdetails.indexannuity
2024-08-26 10:25:31 INFO  Keywords:130 - InputText is called
2024-08-26 10:25:31 INFO  Keywords:301 - Waiting for webElement...financialdetails.liquidnetworth
2024-08-26 10:25:41 INFO  Keywords:130 - InputText is called
2024-08-26 10:25:41 INFO  Keywords:301 - Waiting for webElement...financialdetails.mutualfund
2024-08-26 10:25:51 INFO  Keywords:130 - InputText is called
2024-08-26 10:25:51 INFO  Keywords:301 - Waiting for webElement...financialdetails.otherbrokerage
2024-08-26 10:26:02 INFO  Keywords:130 - InputText is called
2024-08-26 10:26:02 INFO  Keywords:301 - Waiting for webElement...financialdetails.policypremium
2024-08-26 10:26:12 INFO  Keywords:130 - InputText is called
2024-08-26 10:26:12 INFO  Keywords:301 - Waiting for webElement...financialdetails.variableannuity
2024-08-26 10:26:22 INFO  Keywords:130 - InputText is called
2024-08-26 10:26:22 INFO  Keywords:301 - Waiting for webElement...financialdetails.totalpremium
2024-08-26 10:26:32 INFO  Keywords:301 - Waiting for webElement...financialdetails.anticipatedchanges
2024-08-26 10:26:42 INFO  Keywords:301 - Waiting for webElement...financialdetails.nonguaranteedelement
2024-08-26 10:26:52 INFO  Keywords:301 - Waiting for webElement...financialdetails.reversemortgage
2024-08-26 10:27:02 INFO  Keywords:141 - ClickOnLink is called
2024-08-26 10:27:02 INFO  Keywords:301 - Waiting for webElement...next
2024-08-26 10:27:02 INFO  Keywords:305 - Element found...next
2024-08-26 10:27:18 INFO  Keywords:301 - Waiting for webElement...payment.modal
2024-08-26 10:27:44 INFO  Keywords:301 - Waiting for webElement...payment.method
2024-08-26 10:27:54 INFO  Keywords:130 - InputText is called
2024-08-26 10:27:54 INFO  Keywords:301 - Waiting for webElement...payment.premium
2024-08-26 10:28:05 INFO  Keywords:141 - ClickOnLink is called
2024-08-26 10:28:05 INFO  Keywords:301 - Waiting for webElement...next
2024-08-26 10:28:05 INFO  Keywords:305 - Element found...next
2024-08-26 10:28:21 INFO  Keywords:301 - Waiting for webElement...existinginsurance.borrowingfunds
2024-08-26 10:28:31 INFO  Keywords:301 - Waiting for webElement...existinginsurance.terminatingexistinglifepolicy
2024-08-26 10:28:41 INFO  Keywords:301 - Waiting for webElement...existinginsurance.longtermcoverage
2024-08-26 10:28:51 INFO  Keywords:301 - Waiting for webElement...existanceterminating.InsuranceCompanyName
2024-08-26 10:29:01 INFO  Keywords:130 - InputText is called
2024-08-26 10:29:01 INFO  Keywords:301 - Waiting for webElement...existanceterminating.ProductName
2024-08-26 10:29:11 INFO  Keywords:130 - InputText is called
2024-08-26 10:29:11 INFO  Keywords:301 - Waiting for webElement...existanceterminating.Insured
2024-08-26 10:29:21 INFO  Keywords:130 - InputText is called
2024-08-26 10:29:21 INFO  Keywords:301 - Waiting for webElement...existanceterminating.Owner
2024-08-26 10:29:31 INFO  Keywords:130 - InputText is called
2024-08-26 10:29:31 INFO  Keywords:301 - Waiting for webElement...existanceterminating.DateIssued
2024-08-26 10:29:41 INFO  Keywords:130 - InputText is called
2024-08-26 10:29:41 INFO  Keywords:301 - Waiting for webElement...existanceterminating.AmountOfInsurance
