2024-11-13 14:42:38 INFO  Keywords:106 - Navigate is called
2024-11-13 14:42:40 INFO  Keywords:132 - InputText is called
2024-11-13 14:42:40 INFO  Keywords:309 - Waiting for webElement...gateway.username
2024-11-13 14:42:40 INFO  Keywords:313 - Element found...gateway.username
2024-11-13 14:42:40 INFO  Keywords:132 - InputText is called
2024-11-13 14:42:40 INFO  Keywords:309 - Waiting for webElement...gateway.password
2024-11-13 14:42:40 INFO  Keywords:313 - Element found...gateway.password
2024-11-13 14:42:40 INFO  Keywords:143 - ClickOnLink is called
2024-11-13 14:42:40 INFO  Keywords:309 - Waiting for webElement...gateway.login
2024-11-13 14:42:40 INFO  Keywords:313 - Element found...gateway.login
2024-11-13 14:43:16 INFO  Keywords:143 - ClickOnLink is called
2024-11-13 14:43:16 INFO  Keywords:309 - Waiting for webElement...postsamldata
2024-11-13 14:43:16 INFO  Keywords:313 - Element found...postsamldata
2024-11-13 14:43:33 INFO  Keywords:143 - ClickOnLink is called
2024-11-13 14:43:33 INFO  Keywords:309 - Waiting for webElement...next
2024-11-13 14:43:33 INFO  Keywords:313 - Element found...next
2024-11-13 14:43:52 INFO  Keywords:132 - InputText is called
2024-11-13 14:43:52 INFO  Keywords:309 - Waiting for webElement...policyConfiguration.insuranceamount
2024-11-13 14:43:52 INFO  Keywords:313 - Element found...policyConfiguration.insuranceamount
2024-11-13 14:43:52 INFO  Keywords:309 - Waiting for webElement...policyConfiguration.LTC
2024-11-13 14:44:02 INFO  Keywords:309 - Waiting for webElement...policyConfiguration.payors
2024-11-13 14:44:02 INFO  Keywords:313 - Element found...policyConfiguration.payors
2024-11-13 14:44:02 INFO  Keywords:309 - Waiting for webElement...policyConfiguration.purposeofpolicy
2024-11-13 14:44:02 INFO  Keywords:313 - Element found...policyConfiguration.purposeofpolicy
2024-11-13 14:44:02 INFO  Keywords:143 - ClickOnLink is called
2024-11-13 14:44:02 INFO  Keywords:309 - Waiting for webElement...next
2024-11-13 14:44:02 INFO  Keywords:313 - Element found...next
2024-11-13 14:45:38 INFO  Keywords:309 - Waiting for webElement...primaryinsured.birthcountry
2024-11-13 14:45:38 INFO  Keywords:313 - Element found...primaryinsured.birthcountry
2024-11-13 14:45:38 INFO  Keywords:309 - Waiting for webElement...primaryinsured.birthstate
2024-11-13 14:45:38 INFO  Keywords:313 - Element found...primaryinsured.birthstate
2024-11-13 14:45:38 INFO  Keywords:132 - InputText is called
2024-11-13 14:45:38 INFO  Keywords:309 - Waiting for webElement...primaryinsured.birthcity
2024-11-13 14:45:48 INFO  Keywords:143 - ClickOnLink is called
2024-11-13 14:45:48 INFO  Keywords:309 - Waiting for webElement...next
2024-11-13 14:45:48 INFO  Keywords:313 - Element found...next
2024-11-13 14:46:07 INFO  Keywords:143 - ClickOnLink is called
2024-11-13 14:46:07 INFO  Keywords:309 - Waiting for webElement...next
2024-11-13 14:46:07 INFO  Keywords:313 - Element found...next
2024-11-13 14:46:10 INFO  Keywords:309 - Waiting for webElement...naturalOwner.relationwithInsured
2024-11-13 14:46:10 INFO  Keywords:313 - Element found...naturalOwner.relationwithInsured
2024-11-13 14:46:10 INFO  Keywords:143 - ClickOnLink is called
2024-11-13 14:46:10 INFO  Keywords:309 - Waiting for webElement...next
2024-11-13 14:46:10 INFO  Keywords:313 - Element found...next
2024-11-13 14:46:26 INFO  Keywords:309 - Waiting for webElement...financialDetails.SourceOfFundsLI
2024-11-13 14:46:26 INFO  Keywords:313 - Element found...financialDetails.SourceOfFundsLI
2024-11-13 14:46:27 INFO  Keywords:309 - Waiting for webElement...financialDetails.SurrenderChargeSOFLI
2024-11-13 14:46:27 INFO  Keywords:313 - Element found...financialDetails.SurrenderChargeSOFLI
2024-11-13 14:46:27 INFO  Keywords:309 - Waiting for webElement...financialDetails.envisiontaking
2024-11-13 14:46:27 INFO  Keywords:313 - Element found...financialDetails.envisiontaking
2024-11-13 14:46:27 INFO  Keywords:309 - Waiting for webElement...financialDetails.federalfaxbracket
2024-11-13 14:46:27 INFO  Keywords:313 - Element found...financialDetails.federalfaxbracket
2024-11-13 14:46:27 INFO  Keywords:309 - Waiting for webElement...financialDetails.riskTolerance
2024-11-13 14:46:27 INFO  Keywords:313 - Element found...financialDetails.riskTolerance
2024-11-13 14:46:28 INFO  Keywords:309 - Waiting for webElement...financialDetails.Investmentobjectives
2024-11-13 14:46:28 INFO  Keywords:313 - Element found...financialDetails.Investmentobjectives
2024-11-13 14:46:28 INFO  Keywords:309 - Waiting for webElement...financialDetails.timehorizon
2024-11-13 14:46:28 INFO  Keywords:313 - Element found...financialDetails.timehorizon
2024-11-13 14:46:28 INFO  Keywords:309 - Waiting for webElement...financialDetails.investmentexperienceFA
2024-11-13 14:46:28 INFO  Keywords:313 - Element found...financialDetails.investmentexperienceFA
2024-11-13 14:46:28 INFO  Keywords:132 - InputText is called
2024-11-13 14:46:28 INFO  Keywords:309 - Waiting for webElement...financialDetails.investmentstartyear
2024-11-13 14:46:28 INFO  Keywords:313 - Element found...financialDetails.investmentstartyear
2024-11-13 14:46:28 INFO  Keywords:132 - InputText is called
2024-11-13 14:46:28 INFO  Keywords:309 - Waiting for webElement...financialdetails.wages
2024-11-13 14:46:28 INFO  Keywords:313 - Element found...financialdetails.wages
2024-11-13 14:46:28 INFO  Keywords:132 - InputText is called
2024-11-13 14:46:28 INFO  Keywords:309 - Waiting for webElement...financialdetails.livingexpenses
2024-11-13 14:46:28 INFO  Keywords:313 - Element found...financialdetails.livingexpenses
2024-11-13 14:46:28 INFO  Keywords:132 - InputText is called
2024-11-13 14:46:28 INFO  Keywords:309 - Waiting for webElement...financialdetails.personalinvestment
2024-11-13 14:46:28 INFO  Keywords:313 - Element found...financialdetails.personalinvestment
2024-11-13 14:46:28 INFO  Keywords:132 - InputText is called
2024-11-13 14:46:28 INFO  Keywords:309 - Waiting for webElement...financialdetails.fixeddebtexpenses
2024-11-13 14:46:28 INFO  Keywords:313 - Element found...financialdetails.fixeddebtexpenses
2024-11-13 14:46:28 INFO  Keywords:132 - InputText is called
2024-11-13 14:46:28 INFO  Keywords:309 - Waiting for webElement...financialdetails.rentalincome
2024-11-13 14:46:39 INFO  Keywords:132 - InputText is called
2024-11-13 14:46:39 INFO  Keywords:309 - Waiting for webElement...financialdetails.variabledebtexpenses
2024-11-13 14:46:49 INFO  Keywords:132 - InputText is called
2024-11-13 14:46:49 INFO  Keywords:309 - Waiting for webElement...financialdetails.incomepension
2024-11-13 14:46:59 INFO  Keywords:132 - InputText is called
2024-11-13 14:46:59 INFO  Keywords:309 - Waiting for webElement...financialdetails.discretionaryexpenses
2024-11-13 14:47:09 INFO  Keywords:132 - InputText is called
2024-11-13 14:47:09 INFO  Keywords:309 - Waiting for webElement...financialdetails.socialsecurityincome
2024-11-13 14:47:19 INFO  Keywords:132 - InputText is called
2024-11-13 14:47:19 INFO  Keywords:309 - Waiting for webElement...financialdetails.otherincome
2024-11-13 14:47:29 INFO  Keywords:132 - InputText is called
2024-11-13 14:47:29 INFO  Keywords:309 - Waiting for webElement...financialdetails.bonds
2024-11-13 14:47:29 INFO  Keywords:313 - Element found...financialdetails.bonds
2024-11-13 14:47:29 INFO  Keywords:132 - InputText is called
2024-11-13 14:47:29 INFO  Keywords:309 - Waiting for webElement...financialdetails.businessTrustRealstate
2024-11-13 14:47:29 INFO  Keywords:313 - Element found...financialdetails.businessTrustRealstate
2024-11-13 14:47:29 INFO  Keywords:132 - InputText is called
2024-11-13 14:47:29 INFO  Keywords:309 - Waiting for webElement...financialdetails.retirementplan
2024-11-13 14:47:29 INFO  Keywords:313 - Element found...financialdetails.retirementplan
2024-11-13 14:47:29 INFO  Keywords:132 - InputText is called
2024-11-13 14:47:29 INFO  Keywords:309 - Waiting for webElement...financialdetails.equities
2024-11-13 14:47:29 INFO  Keywords:313 - Element found...financialdetails.equities
2024-11-13 14:47:29 INFO  Keywords:132 - InputText is called
2024-11-13 14:47:29 INFO  Keywords:309 - Waiting for webElement...financialdetails.facevalueilfeinsurance
2024-11-13 14:47:29 INFO  Keywords:313 - Element found...financialdetails.facevalueilfeinsurance
2024-11-13 14:47:29 INFO  Keywords:132 - InputText is called
2024-11-13 14:47:29 INFO  Keywords:309 - Waiting for webElement...financialdetails.fixedannuity
2024-11-13 14:47:29 INFO  Keywords:313 - Element found...financialdetails.fixedannuity
2024-11-13 14:47:29 INFO  Keywords:132 - InputText is called
2024-11-13 14:47:29 INFO  Keywords:309 - Waiting for webElement...financialdetails.indexannuity
2024-11-13 14:47:29 INFO  Keywords:313 - Element found...financialdetails.indexannuity
2024-11-13 14:47:29 INFO  Keywords:132 - InputText is called
2024-11-13 14:47:29 INFO  Keywords:309 - Waiting for webElement...financialdetails.liquidnetworth
2024-11-13 14:47:29 INFO  Keywords:313 - Element found...financialdetails.liquidnetworth
2024-11-13 14:47:29 INFO  Keywords:132 - InputText is called
2024-11-13 14:47:29 INFO  Keywords:309 - Waiting for webElement...financialdetails.AlerternativeInvetment
2024-11-13 14:47:29 INFO  Keywords:313 - Element found...financialdetails.AlerternativeInvetment
2024-11-13 14:47:29 INFO  Keywords:132 - InputText is called
2024-11-13 14:47:29 INFO  Keywords:309 - Waiting for webElement...financialdetails.mutualfund
2024-11-13 14:47:29 INFO  Keywords:313 - Element found...financialdetails.mutualfund
2024-11-13 14:47:30 INFO  Keywords:132 - InputText is called
2024-11-13 14:47:30 INFO  Keywords:309 - Waiting for webElement...financialdetails.otherbrokerage
2024-11-13 14:47:30 INFO  Keywords:313 - Element found...financialdetails.otherbrokerage
2024-11-13 14:47:30 INFO  Keywords:132 - InputText is called
2024-11-13 14:47:30 INFO  Keywords:309 - Waiting for webElement...financialdetails.policypremium
2024-11-13 14:47:30 INFO  Keywords:313 - Element found...financialdetails.policypremium
2024-11-13 14:47:30 INFO  Keywords:132 - InputText is called
2024-11-13 14:47:30 INFO  Keywords:309 - Waiting for webElement...financialdetails.variableannuity
2024-11-13 14:47:30 INFO  Keywords:313 - Element found...financialdetails.variableannuity
2024-11-13 14:47:30 INFO  Keywords:132 - InputText is called
2024-11-13 14:47:30 INFO  Keywords:309 - Waiting for webElement...financialdetails.totalpremium
2024-11-13 14:47:30 INFO  Keywords:313 - Element found...financialdetails.totalpremium
2024-11-13 14:47:30 INFO  Keywords:309 - Waiting for webElement...financialdetails.anticipatedchanges
2024-11-13 14:47:30 INFO  Keywords:313 - Element found...financialdetails.anticipatedchanges
2024-11-13 14:47:30 INFO  Keywords:309 - Waiting for webElement...financialdetails.nonguaranteedelement
2024-11-13 14:48:20 INFO  Keywords:309 - Waiting for webElement...financialdetails.reversemortgage
2024-11-13 14:48:20 INFO  Keywords:313 - Element found...financialdetails.reversemortgage
2024-11-13 14:48:21 INFO  Keywords:143 - ClickOnLink is called
2024-11-13 14:48:21 INFO  Keywords:309 - Waiting for webElement...next
2024-11-13 14:48:21 INFO  Keywords:313 - Element found...next
2024-11-13 14:48:41 INFO  Keywords:309 - Waiting for webElement...payment.modal
2024-11-13 14:48:41 INFO  Keywords:313 - Element found...payment.modal
2024-11-13 14:48:57 INFO  Keywords:309 - Waiting for webElement...payment.method
2024-11-13 14:48:57 INFO  Keywords:313 - Element found...payment.method
2024-11-13 14:48:57 INFO  Keywords:132 - InputText is called
2024-11-13 14:48:57 INFO  Keywords:309 - Waiting for webElement...payment.premium
2024-11-13 14:48:57 INFO  Keywords:313 - Element found...payment.premium
2024-11-13 14:48:57 INFO  Keywords:143 - ClickOnLink is called
2024-11-13 14:48:57 INFO  Keywords:309 - Waiting for webElement...next
2024-11-13 14:48:57 INFO  Keywords:313 - Element found...next
2024-11-13 14:49:16 INFO  Keywords:309 - Waiting for webElement...existinginsurance.borrowingfunds
2024-11-13 14:49:16 INFO  Keywords:313 - Element found...existinginsurance.borrowingfunds
2024-11-13 14:49:17 INFO  Keywords:309 - Waiting for webElement...existinginsurance.terminatingexistinglifepolicy
