2024-06-11 10:28:44 INFO  Keywords:98 - Navigate is called
2024-06-11 10:28:46 INFO  Keywords:124 - InputText is called
2024-06-11 10:28:46 INFO  Keywords:282 - Waiting for webElement...gateway.username
2024-06-11 10:28:47 INFO  Keywords:285 - Element found...gateway.username
2024-06-11 10:28:47 INFO  Keywords:124 - InputText is called
2024-06-11 10:28:47 INFO  Keywords:282 - Waiting for webElement...gateway.password
2024-06-11 10:28:47 INFO  Keywords:285 - Element found...gateway.password
2024-06-11 10:28:47 INFO  Keywords:135 - ClickOnLink is called
2024-06-11 10:28:47 INFO  Keywords:282 - Waiting for webElement...gateway.login
2024-06-11 10:28:47 INFO  Keywords:285 - Element found...gateway.login
2024-06-11 10:29:24 INFO  Keywords:135 - ClickOnLink is called
2024-06-11 10:29:24 INFO  Keywords:282 - Waiting for webElement...postsamldata
2024-06-11 10:29:24 INFO  Keywords:285 - Element found...postsamldata
2024-06-11 10:29:40 INFO  Keywords:135 - ClickOnLink is called
2024-06-11 10:29:40 INFO  Keywords:282 - Waiting for webElement...next
2024-06-11 10:29:40 INFO  Keywords:285 - Element found...next
2024-06-11 10:29:59 INFO  Keywords:124 - InputText is called
2024-06-11 10:29:59 INFO  Keywords:282 - Waiting for webElement...policyConfiguration.insuranceamount
2024-06-11 10:29:59 INFO  Keywords:285 - Element found...policyConfiguration.insuranceamount
2024-06-11 10:29:59 INFO  Keywords:282 - Waiting for webElement...policyConfiguration.LTC
2024-06-11 10:29:59 INFO  Keywords:285 - Element found...policyConfiguration.LTC
2024-06-11 10:30:00 INFO  Keywords:282 - Waiting for webElement...policyConfiguration.Benefit
2024-06-11 10:30:00 INFO  Keywords:285 - Element found...policyConfiguration.Benefit
2024-06-11 10:30:00 INFO  Keywords:282 - Waiting for webElement...policyConfiguration.payors
2024-06-11 10:30:00 INFO  Keywords:285 - Element found...policyConfiguration.payors
2024-06-11 10:30:00 INFO  Keywords:282 - Waiting for webElement...policyConfiguration.purposeofpolicy
2024-06-11 10:30:00 INFO  Keywords:285 - Element found...policyConfiguration.purposeofpolicy
2024-06-11 10:30:00 INFO  Keywords:135 - ClickOnLink is called
2024-06-11 10:30:00 INFO  Keywords:282 - Waiting for webElement...next
2024-06-11 10:30:00 INFO  Keywords:285 - Element found...next
2024-06-11 10:31:36 INFO  Keywords:282 - Waiting for webElement...primaryinsured.birthcountry
2024-06-11 10:31:36 INFO  Keywords:285 - Element found...primaryinsured.birthcountry
2024-06-11 10:31:36 INFO  Keywords:282 - Waiting for webElement...primaryinsured.birthstate
2024-06-11 10:31:36 INFO  Keywords:285 - Element found...primaryinsured.birthstate
2024-06-11 10:31:36 INFO  Keywords:124 - InputText is called
2024-06-11 10:31:36 INFO  Keywords:282 - Waiting for webElement...primaryinsured.birthcity
2024-06-11 10:31:47 INFO  Keywords:135 - ClickOnLink is called
2024-06-11 10:31:47 INFO  Keywords:282 - Waiting for webElement...next
2024-06-11 10:31:47 INFO  Keywords:285 - Element found...next
2024-06-11 10:32:07 INFO  Keywords:135 - ClickOnLink is called
2024-06-11 10:32:07 INFO  Keywords:282 - Waiting for webElement...next
2024-06-11 10:32:07 INFO  Keywords:285 - Element found...next
2024-06-11 10:32:27 INFO  Keywords:282 - Waiting for webElement...naturalOwner.relationwithInsured
2024-06-11 10:32:27 INFO  Keywords:285 - Element found...naturalOwner.relationwithInsured
2024-06-11 10:32:27 INFO  Keywords:282 - Waiting for webElement...naturalOwner.relationwithJointInsured
2024-06-11 10:33:17 INFO  Keywords:282 - Waiting for webElement...naturalOwner.PermamentResidentCard
2024-06-11 10:33:17 INFO  Keywords:285 - Element found...naturalOwner.PermamentResidentCard
2024-06-11 10:33:17 INFO  Keywords:124 - InputText is called
2024-06-11 10:33:17 INFO  Keywords:282 - Waiting for webElement...naturalOwner.ResidentCardIssueDAte
2024-06-11 10:33:17 INFO  Keywords:285 - Element found...naturalOwner.ResidentCardIssueDAte
2024-06-11 10:33:17 INFO  Keywords:124 - InputText is called
2024-06-11 10:33:17 INFO  Keywords:282 - Waiting for webElement...naturalOwner.ResidentCardExpireationDAte
2024-06-11 10:33:17 INFO  Keywords:285 - Element found...naturalOwner.ResidentCardExpireationDAte
2024-06-11 10:33:17 INFO  Keywords:124 - InputText is called
2024-06-11 10:33:17 INFO  Keywords:282 - Waiting for webElement...naturalOwner.USLivingYrs
2024-06-11 10:33:17 INFO  Keywords:285 - Element found...naturalOwner.USLivingYrs
2024-06-11 10:33:18 INFO  Keywords:124 - InputText is called
2024-06-11 10:33:18 INFO  Keywords:282 - Waiting for webElement...naturalOwner.USLivingMonths
2024-06-11 10:33:18 INFO  Keywords:285 - Element found...naturalOwner.USLivingMonths
2024-06-11 10:33:18 INFO  Keywords:135 - ClickOnLink is called
2024-06-11 10:33:18 INFO  Keywords:282 - Waiting for webElement...next
2024-06-11 10:33:18 INFO  Keywords:285 - Element found...next
2024-06-11 10:33:37 INFO  Keywords:282 - Waiting for webElement...financialDetails.SourceOfFundsLI
2024-06-11 10:33:37 INFO  Keywords:285 - Element found...financialDetails.SourceOfFundsLI
2024-06-11 10:33:37 INFO  Keywords:282 - Waiting for webElement...financialDetails.SurrenderChargeSOFLI
2024-06-11 10:33:37 INFO  Keywords:285 - Element found...financialDetails.SurrenderChargeSOFLI
2024-06-11 10:33:37 INFO  Keywords:282 - Waiting for webElement...financialDetails.envisiontaking
2024-06-11 10:33:38 INFO  Keywords:285 - Element found...financialDetails.envisiontaking
2024-06-11 10:33:38 INFO  Keywords:282 - Waiting for webElement...financialDetails.federalfaxbracket
2024-06-11 10:33:38 INFO  Keywords:285 - Element found...financialDetails.federalfaxbracket
2024-06-11 10:33:38 INFO  Keywords:282 - Waiting for webElement...financialDetails.riskTolerance
2024-06-11 10:33:38 INFO  Keywords:285 - Element found...financialDetails.riskTolerance
2024-06-11 10:33:38 INFO  Keywords:282 - Waiting for webElement...financialDetails.Investmentobjectives
2024-06-11 10:33:38 INFO  Keywords:285 - Element found...financialDetails.Investmentobjectives
2024-06-11 10:33:39 INFO  Keywords:282 - Waiting for webElement...financialDetails.timehorizon
2024-06-11 10:33:39 INFO  Keywords:285 - Element found...financialDetails.timehorizon
2024-06-11 10:33:39 INFO  Keywords:282 - Waiting for webElement...financialDetails.investmentexperienceFA
2024-06-11 10:33:39 INFO  Keywords:285 - Element found...financialDetails.investmentexperienceFA
2024-06-11 10:33:39 INFO  Keywords:124 - InputText is called
2024-06-11 10:33:39 INFO  Keywords:282 - Waiting for webElement...financialDetails.investmentstartyear
2024-06-11 10:33:39 INFO  Keywords:285 - Element found...financialDetails.investmentstartyear
2024-06-11 10:33:39 INFO  Keywords:124 - InputText is called
2024-06-11 10:33:39 INFO  Keywords:282 - Waiting for webElement...financialdetails.wages
2024-06-11 10:33:39 INFO  Keywords:285 - Element found...financialdetails.wages
2024-06-11 10:33:39 INFO  Keywords:124 - InputText is called
2024-06-11 10:33:39 INFO  Keywords:282 - Waiting for webElement...financialdetails.livingexpenses
2024-06-11 10:33:39 INFO  Keywords:285 - Element found...financialdetails.livingexpenses
2024-06-11 10:33:39 INFO  Keywords:124 - InputText is called
2024-06-11 10:33:39 INFO  Keywords:282 - Waiting for webElement...financialdetails.personalinvestment
2024-06-11 10:33:39 INFO  Keywords:285 - Element found...financialdetails.personalinvestment
2024-06-11 10:33:39 INFO  Keywords:124 - InputText is called
2024-06-11 10:33:39 INFO  Keywords:282 - Waiting for webElement...financialdetails.fixeddebtexpenses
2024-06-11 10:33:40 INFO  Keywords:285 - Element found...financialdetails.fixeddebtexpenses
2024-06-11 10:33:40 INFO  Keywords:124 - InputText is called
2024-06-11 10:33:40 INFO  Keywords:282 - Waiting for webElement...financialdetails.rentalincome
2024-06-11 10:33:40 INFO  Keywords:285 - Element found...financialdetails.rentalincome
2024-06-11 10:33:40 INFO  Keywords:124 - InputText is called
2024-06-11 10:33:40 INFO  Keywords:282 - Waiting for webElement...financialdetails.variabledebtexpenses
2024-06-11 10:33:40 INFO  Keywords:285 - Element found...financialdetails.variabledebtexpenses
2024-06-11 10:33:40 INFO  Keywords:124 - InputText is called
2024-06-11 10:33:40 INFO  Keywords:282 - Waiting for webElement...financialdetails.incomepension
2024-06-11 10:33:40 INFO  Keywords:285 - Element found...financialdetails.incomepension
2024-06-11 10:33:40 INFO  Keywords:124 - InputText is called
2024-06-11 10:33:40 INFO  Keywords:282 - Waiting for webElement...financialdetails.discretionaryexpenses
2024-06-11 10:33:40 INFO  Keywords:285 - Element found...financialdetails.discretionaryexpenses
2024-06-11 10:33:40 INFO  Keywords:124 - InputText is called
2024-06-11 10:33:40 INFO  Keywords:282 - Waiting for webElement...financialdetails.socialsecurityincome
2024-06-11 10:33:40 INFO  Keywords:285 - Element found...financialdetails.socialsecurityincome
2024-06-11 10:33:40 INFO  Keywords:124 - InputText is called
2024-06-11 10:33:40 INFO  Keywords:282 - Waiting for webElement...financialdetails.otherincome
2024-06-11 10:33:40 INFO  Keywords:285 - Element found...financialdetails.otherincome
2024-06-11 10:33:40 INFO  Keywords:124 - InputText is called
2024-06-11 10:33:40 INFO  Keywords:282 - Waiting for webElement...financialdetails.bonds
2024-06-11 10:33:40 INFO  Keywords:285 - Element found...financialdetails.bonds
2024-06-11 10:33:40 INFO  Keywords:124 - InputText is called
2024-06-11 10:33:40 INFO  Keywords:282 - Waiting for webElement...financialdetails.businessTrustRealstate
2024-06-11 10:33:40 INFO  Keywords:285 - Element found...financialdetails.businessTrustRealstate
2024-06-11 10:33:40 INFO  Keywords:124 - InputText is called
2024-06-11 10:33:40 INFO  Keywords:282 - Waiting for webElement...financialdetails.retirementplan
2024-06-11 10:33:40 INFO  Keywords:285 - Element found...financialdetails.retirementplan
2024-06-11 10:33:40 INFO  Keywords:124 - InputText is called
2024-06-11 10:33:40 INFO  Keywords:282 - Waiting for webElement...financialdetails.equities
2024-06-11 10:33:40 INFO  Keywords:285 - Element found...financialdetails.equities
2024-06-11 10:33:40 INFO  Keywords:124 - InputText is called
2024-06-11 10:33:40 INFO  Keywords:282 - Waiting for webElement...financialdetails.facevalueilfeinsurance
2024-06-11 10:33:40 INFO  Keywords:285 - Element found...financialdetails.facevalueilfeinsurance
2024-06-11 10:33:40 INFO  Keywords:124 - InputText is called
2024-06-11 10:33:40 INFO  Keywords:282 - Waiting for webElement...financialdetails.fixedannuity
2024-06-11 10:33:40 INFO  Keywords:285 - Element found...financialdetails.fixedannuity
2024-06-11 10:33:40 INFO  Keywords:124 - InputText is called
2024-06-11 10:33:40 INFO  Keywords:282 - Waiting for webElement...financialdetails.indexannuity
2024-06-11 10:33:40 INFO  Keywords:285 - Element found...financialdetails.indexannuity
2024-06-11 10:33:40 INFO  Keywords:124 - InputText is called
2024-06-11 10:33:40 INFO  Keywords:282 - Waiting for webElement...financialdetails.liquidnetworth
2024-06-11 10:33:41 INFO  Keywords:285 - Element found...financialdetails.liquidnetworth
2024-06-11 10:33:41 INFO  Keywords:124 - InputText is called
2024-06-11 10:33:41 INFO  Keywords:282 - Waiting for webElement...financialdetails.mutualfund
2024-06-11 10:33:41 INFO  Keywords:285 - Element found...financialdetails.mutualfund
2024-06-11 10:33:41 INFO  Keywords:124 - InputText is called
2024-06-11 10:33:41 INFO  Keywords:282 - Waiting for webElement...financialdetails.otherbrokerage
2024-06-11 10:33:41 INFO  Keywords:285 - Element found...financialdetails.otherbrokerage
2024-06-11 10:33:41 INFO  Keywords:124 - InputText is called
2024-06-11 10:33:41 INFO  Keywords:282 - Waiting for webElement...financialdetails.policypremium
2024-06-11 10:33:41 INFO  Keywords:285 - Element found...financialdetails.policypremium
2024-06-11 10:33:41 INFO  Keywords:124 - InputText is called
2024-06-11 10:33:41 INFO  Keywords:282 - Waiting for webElement...financialdetails.variableannuity
2024-06-11 10:33:41 INFO  Keywords:285 - Element found...financialdetails.variableannuity
2024-06-11 10:33:41 INFO  Keywords:124 - InputText is called
2024-06-11 10:33:41 INFO  Keywords:282 - Waiting for webElement...financialdetails.totalpremium
2024-06-11 10:33:41 INFO  Keywords:285 - Element found...financialdetails.totalpremium
2024-06-11 10:33:41 INFO  Keywords:282 - Waiting for webElement...financialdetails.anticipatedchanges
2024-06-11 10:33:41 INFO  Keywords:285 - Element found...financialdetails.anticipatedchanges
2024-06-11 10:33:41 INFO  Keywords:282 - Waiting for webElement...financialdetails.nonguaranteedelementYes
2024-06-11 10:33:41 INFO  Keywords:285 - Element found...financialdetails.nonguaranteedelementYes
2024-06-11 10:33:41 INFO  Keywords:282 - Waiting for webElement...financialdetails.reversemortgage
2024-06-11 10:33:42 INFO  Keywords:285 - Element found...financialdetails.reversemortgage
2024-06-11 10:33:42 INFO  Keywords:135 - ClickOnLink is called
2024-06-11 10:33:42 INFO  Keywords:282 - Waiting for webElement...next
2024-06-11 10:33:42 INFO  Keywords:285 - Element found...next
2024-06-11 10:34:01 INFO  Keywords:282 - Waiting for webElement...payment.modal
2024-06-11 10:34:01 INFO  Keywords:285 - Element found...payment.modal
2024-06-11 10:34:17 INFO  Keywords:282 - Waiting for webElement...payment.method
2024-06-11 10:34:17 INFO  Keywords:285 - Element found...payment.method
2024-06-11 10:34:18 INFO  Keywords:124 - InputText is called
2024-06-11 10:34:18 INFO  Keywords:282 - Waiting for webElement...payment.premium
2024-06-11 10:34:18 INFO  Keywords:285 - Element found...payment.premium
2024-06-11 10:34:18 INFO  Keywords:135 - ClickOnLink is called
2024-06-11 10:34:18 INFO  Keywords:282 - Waiting for webElement...next
2024-06-11 10:34:18 INFO  Keywords:285 - Element found...next
2024-06-11 10:34:37 INFO  Keywords:282 - Waiting for webElement...existinginsurance.borrowingfunds
2024-06-11 10:34:37 INFO  Keywords:285 - Element found...existinginsurance.borrowingfunds
2024-06-11 10:34:37 INFO  Keywords:282 - Waiting for webElement...existinginsurance.terminatingexistinglifepolicyNo
2024-06-11 10:34:37 INFO  Keywords:285 - Element found...existinginsurance.terminatingexistinglifepolicyNo
2024-06-11 10:34:38 INFO  Keywords:282 - Waiting for webElement...existinginsurance.DisabilityPoliciesNo
2024-06-11 10:34:38 INFO  Keywords:285 - Element found...existinginsurance.DisabilityPoliciesNo
2024-06-11 10:34:38 INFO  Keywords:282 - Waiting for webElement...existinginsurance.longtermpolicyNo
2024-06-11 10:34:38 INFO  Keywords:285 - Element found...existinginsurance.longtermpolicyNo
2024-06-11 10:34:38 INFO  Keywords:282 - Waiting for webElement...existinglongterminsurance.NO
2024-06-11 10:34:38 INFO  Keywords:285 - Element found...existinglongterminsurance.NO
2024-06-11 10:34:38 INFO  Keywords:135 - ClickOnLink is called
2024-06-11 10:34:38 INFO  Keywords:282 - Waiting for webElement...next
2024-06-11 10:34:39 INFO  Keywords:285 - Element found...next
2024-06-11 10:34:57 INFO  Keywords:135 - ClickOnLink is called
2024-06-11 10:34:57 INFO  Keywords:282 - Waiting for webElement...next
2024-06-11 10:34:57 INFO  Keywords:285 - Element found...next
2024-06-11 10:35:16 INFO  Keywords:124 - InputText is called
2024-06-11 10:35:16 INFO  Keywords:282 - Waiting for webElement...additionalclientquestion.q1
2024-06-11 10:35:16 INFO  Keywords:285 - Element found...additionalclientquestion.q1
2024-06-11 10:35:16 INFO  Keywords:124 - InputText is called
2024-06-11 10:35:16 INFO  Keywords:282 - Waiting for webElement...additionalclientquestion.q2
2024-06-11 10:35:16 INFO  Keywords:285 - Element found...additionalclientquestion.q2
2024-06-11 10:35:16 INFO  Keywords:124 - InputText is called
2024-06-11 10:35:16 INFO  Keywords:282 - Waiting for webElement...additionalclientquestion.q3
2024-06-11 10:35:16 INFO  Keywords:285 - Element found...additionalclientquestion.q3
2024-06-11 10:35:16 INFO  Keywords:124 - InputText is called
2024-06-11 10:35:16 INFO  Keywords:282 - Waiting for webElement...additionalclientquestion.q4
2024-06-11 10:36:07 INFO  Keywords:124 - InputText is called
2024-06-11 10:36:07 INFO  Keywords:282 - Waiting for webElement...additionalclientquestion.q5
2024-06-11 10:36:57 INFO  Keywords:482 - GetText is called
2024-06-11 10:36:57 INFO  Keywords:282 - Waiting for webElement...ebixTxnID
2024-06-11 10:36:57 INFO  Keywords:285 - Element found...ebixTxnID
2024-06-11 10:36:57 INFO  Keywords:486 - LinkId: 530936
2024-06-11 10:36:57 INFO  Keywords:530 - LinkId: 530936
2024-06-11 10:36:57 INFO  Keywords:482 - GetText is called
2024-06-11 10:36:57 INFO  Keywords:282 - Waiting for webElement...ebixTxnID
2024-06-11 10:36:57 INFO  Keywords:285 - Element found...ebixTxnID
2024-06-11 10:36:57 INFO  Keywords:486 - LinkId: 530936
2024-06-11 10:36:57 INFO  Keywords:135 - ClickOnLink is called
2024-06-11 10:36:57 INFO  Keywords:282 - Waiting for webElement...attachment
2024-06-11 10:36:57 INFO  Keywords:285 - Element found...attachment
2024-06-11 10:36:58 INFO  Keywords:282 - Waiting for webElement...attachment.documenttype
2024-06-11 10:36:59 INFO  Keywords:285 - Element found...attachment.documenttype
2024-06-11 10:36:59 INFO  Keywords:124 - InputText is called
2024-06-11 10:36:59 INFO  Keywords:282 - Waiting for webElement...attachment.choosefile
2024-06-11 10:36:59 INFO  Keywords:285 - Element found...attachment.choosefile
2024-06-11 10:36:59 INFO  Keywords:135 - ClickOnLink is called
2024-06-11 10:36:59 INFO  Keywords:282 - Waiting for webElement...attachment.upload
2024-06-11 10:36:59 INFO  Keywords:285 - Element found...attachment.upload
2024-06-11 10:38:31 INFO  Keywords:409 - switching to particular window...
2024-06-11 10:38:31 INFO  Keywords:482 - GetText is called
2024-06-11 10:38:31 INFO  Keywords:282 - Waiting for webElement...ebixTxnID
2024-06-11 10:38:31 INFO  Keywords:285 - Element found...ebixTxnID
2024-06-11 10:38:31 INFO  Keywords:486 - LinkId: 530936
2024-06-11 10:38:31 INFO  Keywords:530 - LinkId: 530936
2024-06-11 10:38:31 INFO  Keywords:482 - GetText is called
2024-06-11 10:38:31 INFO  Keywords:282 - Waiting for webElement...ebixTxnID
2024-06-11 10:38:31 INFO  Keywords:285 - Element found...ebixTxnID
2024-06-11 10:38:31 INFO  Keywords:486 - LinkId: 530936
2024-06-11 10:38:31 INFO  Keywords:135 - ClickOnLink is called
2024-06-11 10:38:31 INFO  Keywords:282 - Waiting for webElement...next
2024-06-11 10:38:31 INFO  Keywords:285 - Element found...next
2024-06-11 10:38:49 INFO  Keywords:135 - ClickOnLink is called
2024-06-11 10:38:49 INFO  Keywords:282 - Waiting for webElement...validate.button
2024-06-11 10:38:49 INFO  Keywords:285 - Element found...validate.button
2024-06-11 10:39:21 INFO  Keywords:135 - ClickOnLink is called
2024-06-11 10:39:21 INFO  Keywords:282 - Waiting for webElement...notification.continue
2024-06-11 10:39:21 INFO  Keywords:285 - Element found...notification.continue
2024-06-11 10:39:37 INFO  Keywords:135 - ClickOnLink is called
2024-06-11 10:39:37 INFO  Keywords:282 - Waiting for webElement...esignature.optout
2024-06-11 10:39:37 INFO  Keywords:285 - Element found...esignature.optout
2024-06-11 10:41:08 INFO  Keywords:147 - VerifyText is called
2024-06-11 10:41:08 INFO  Keywords:282 - Waiting for webElement...WebElement
2024-06-11 10:41:08 INFO  Keywords:135 - ClickOnLink is called
2024-06-11 10:41:08 INFO  Keywords:282 - Waiting for webElement...attachment
2024-06-11 10:41:08 INFO  Keywords:285 - Element found...attachment
2024-06-11 10:41:08 INFO  Keywords:282 - Waiting for webElement...attachment.documenttype
2024-06-11 10:41:08 INFO  Keywords:285 - Element found...attachment.documenttype
2024-06-11 10:41:08 INFO  Keywords:124 - InputText is called
2024-06-11 10:41:08 INFO  Keywords:282 - Waiting for webElement...attachment.choosefile
2024-06-11 10:41:08 INFO  Keywords:285 - Element found...attachment.choosefile
2024-06-11 10:41:08 INFO  Keywords:135 - ClickOnLink is called
2024-06-11 10:41:08 INFO  Keywords:282 - Waiting for webElement...attachment.upload
2024-06-11 10:41:09 INFO  Keywords:285 - Element found...attachment.upload
2024-06-11 10:41:26 INFO  Keywords:135 - ClickOnLink is called
2024-06-11 10:41:26 INFO  Keywords:282 - Waiting for webElement...RequestSignatures
2024-06-11 10:41:26 INFO  Keywords:285 - Element found...RequestSignatures
2024-06-11 10:41:45 INFO  Keywords:282 - Waiting for webElement...attachment.documenttype
2024-06-11 10:41:45 INFO  Keywords:285 - Element found...attachment.documenttype
2024-06-11 10:41:45 INFO  Keywords:124 - InputText is called
2024-06-11 10:41:45 INFO  Keywords:282 - Waiting for webElement...attachment.choosefile
2024-06-11 10:41:45 INFO  Keywords:285 - Element found...attachment.choosefile
2024-06-11 10:41:45 INFO  Keywords:135 - ClickOnLink is called
2024-06-11 10:41:45 INFO  Keywords:282 - Waiting for webElement...attachment.upload
2024-06-11 10:41:45 INFO  Keywords:285 - Element found...attachment.upload
2024-06-11 10:42:03 INFO  Keywords:135 - ClickOnLink is called
2024-06-11 10:42:03 INFO  Keywords:282 - Waiting for webElement...SubmitButton
2024-06-11 10:42:03 INFO  Keywords:285 - Element found...SubmitButton
2024-06-11 10:43:38 INFO  Keywords:428 - switching to parent window...
2024-06-11 10:43:38 INFO  Keywords:98 - Navigate is called
2024-06-11 10:43:39 INFO  Keywords:496 - ClearText is called
2024-06-11 10:43:39 INFO  Keywords:282 - Waiting for webElement...gateway.username
2024-06-11 10:43:39 INFO  Keywords:285 - Element found...gateway.username
2024-06-11 10:43:39 INFO  Keywords:500 - LinkId: 530936
2024-06-11 10:43:39 INFO  Keywords:124 - InputText is called
2024-06-11 10:43:39 INFO  Keywords:282 - Waiting for webElement...gateway.username
2024-06-11 10:43:39 INFO  Keywords:285 - Element found...gateway.username
2024-06-11 10:43:39 INFO  Keywords:496 - ClearText is called
2024-06-11 10:43:39 INFO  Keywords:282 - Waiting for webElement...gateway.password
2024-06-11 10:43:39 INFO  Keywords:285 - Element found...gateway.password
2024-06-11 10:43:39 INFO  Keywords:500 - LinkId: 530936
2024-06-11 10:43:39 INFO  Keywords:124 - InputText is called
2024-06-11 10:43:39 INFO  Keywords:282 - Waiting for webElement...gateway.password
2024-06-11 10:43:39 INFO  Keywords:285 - Element found...gateway.password
2024-06-11 10:43:39 INFO  Keywords:135 - ClickOnLink is called
2024-06-11 10:43:39 INFO  Keywords:282 - Waiting for webElement...gateway.login
2024-06-11 10:43:39 INFO  Keywords:285 - Element found...gateway.login
2024-06-11 10:43:56 INFO  Keywords:135 - ClickOnLink is called
2024-06-11 10:43:56 INFO  Keywords:282 - Waiting for webElement...management
2024-06-11 10:43:56 INFO  Keywords:285 - Element found...management
2024-06-11 10:43:57 INFO  Keywords:282 - Waiting for webElement...managementTools
2024-06-11 10:43:57 INFO  Keywords:285 - Element found...managementTools
2024-06-11 10:43:58 INFO  Keywords:135 - ClickOnLink is called
2024-06-11 10:43:58 INFO  Keywords:282 - Waiting for webElement...feedManagement
2024-06-11 10:43:58 INFO  Keywords:285 - Element found...feedManagement
2024-06-11 10:44:14 INFO  Keywords:135 - ClickOnLink is called
2024-06-11 10:44:14 INFO  Keywords:282 - Waiting for webElement...searchPanel
2024-06-11 10:44:14 INFO  Keywords:285 - Element found...searchPanel
2024-06-11 10:44:14 INFO  Keywords:282 - Waiting for webElement...selectTransactionID
2024-06-11 10:44:14 INFO  Keywords:285 - Element found...selectTransactionID
2024-06-11 10:44:15 INFO  Keywords:124 - InputText is called
2024-06-11 10:44:15 INFO  Keywords:282 - Waiting for webElement...enterTransactioID
2024-06-11 10:44:15 INFO  Keywords:285 - Element found...enterTransactioID
2024-06-11 10:44:15 INFO  Keywords:135 - ClickOnLink is called
2024-06-11 10:44:15 INFO  Keywords:282 - Waiting for webElement...searchbutton
2024-06-11 10:44:15 INFO  Keywords:285 - Element found...searchbutton
2024-06-11 10:44:31 INFO  Keywords:135 - ClickOnLink is called
2024-06-11 10:44:31 INFO  Keywords:282 - Waiting for webElement...transactionSearchmyResult
2024-06-11 10:44:31 INFO  Keywords:285 - Element found...transactionSearchmyResult
2024-06-11 10:44:47 INFO  Keywords:135 - ClickOnLink is called
2024-06-11 10:44:47 INFO  Keywords:282 - Waiting for webElement...onenotThree
2024-06-11 10:44:47 INFO  Keywords:285 - Element found...onenotThree
2024-06-11 10:44:48 INFO  Keywords:282 - Waiting for webElement...103ResponseXML
2024-06-11 10:45:30 INFO  Keywords:428 - switching to parent window...
2024-06-11 10:45:30 INFO  Keywords:98 - Navigate is called
2024-06-11 10:45:30 INFO  Keywords:496 - ClearText is called
2024-06-11 10:45:30 INFO  Keywords:282 - Waiting for webElement...gateway.username
2024-06-11 10:45:30 INFO  Keywords:285 - Element found...gateway.username
2024-06-11 10:45:30 INFO  Keywords:500 - LinkId: 530936
2024-06-11 10:45:30 INFO  Keywords:124 - InputText is called
2024-06-11 10:45:30 INFO  Keywords:282 - Waiting for webElement...gateway.username
2024-06-11 10:45:30 INFO  Keywords:285 - Element found...gateway.username
2024-06-11 10:45:30 INFO  Keywords:496 - ClearText is called
2024-06-11 10:45:30 INFO  Keywords:282 - Waiting for webElement...gateway.password
2024-06-11 10:45:30 INFO  Keywords:285 - Element found...gateway.password
2024-06-11 10:45:30 INFO  Keywords:500 - LinkId: 530936
2024-06-11 10:45:30 INFO  Keywords:124 - InputText is called
2024-06-11 10:45:30 INFO  Keywords:282 - Waiting for webElement...gateway.password
2024-06-11 10:45:30 INFO  Keywords:285 - Element found...gateway.password
2024-06-11 10:45:30 INFO  Keywords:135 - ClickOnLink is called
2024-06-11 10:45:30 INFO  Keywords:282 - Waiting for webElement...gateway.login
2024-06-11 10:45:30 INFO  Keywords:285 - Element found...gateway.login
2024-06-11 10:45:48 INFO  Keywords:135 - ClickOnLink is called
2024-06-11 10:45:48 INFO  Keywords:282 - Waiting for webElement...management
2024-06-11 10:45:48 INFO  Keywords:285 - Element found...management
2024-06-11 10:45:48 INFO  Keywords:282 - Waiting for webElement...managementTools
2024-06-11 10:45:48 INFO  Keywords:285 - Element found...managementTools
2024-06-11 10:45:49 INFO  Keywords:135 - ClickOnLink is called
2024-06-11 10:45:49 INFO  Keywords:282 - Waiting for webElement...feedManagement
2024-06-11 10:45:49 INFO  Keywords:285 - Element found...feedManagement
2024-06-11 10:46:05 INFO  Keywords:135 - ClickOnLink is called
2024-06-11 10:46:05 INFO  Keywords:282 - Waiting for webElement...searchPanel
2024-06-11 10:46:05 INFO  Keywords:285 - Element found...searchPanel
2024-06-11 10:46:06 INFO  Keywords:282 - Waiting for webElement...selectTransactionID
2024-06-11 10:46:06 INFO  Keywords:285 - Element found...selectTransactionID
2024-06-11 10:46:06 INFO  Keywords:124 - InputText is called
2024-06-11 10:46:06 INFO  Keywords:282 - Waiting for webElement...enterTransactioID
2024-06-11 10:46:06 INFO  Keywords:285 - Element found...enterTransactioID
2024-06-11 10:46:06 INFO  Keywords:135 - ClickOnLink is called
2024-06-11 10:46:06 INFO  Keywords:282 - Waiting for webElement...searchbutton
2024-06-11 10:46:06 INFO  Keywords:285 - Element found...searchbutton
2024-06-11 10:46:22 INFO  Keywords:135 - ClickOnLink is called
2024-06-11 10:46:22 INFO  Keywords:282 - Waiting for webElement...transactionSearchmyResult
2024-06-11 10:46:22 INFO  Keywords:285 - Element found...transactionSearchmyResult
2024-06-11 10:46:39 INFO  Keywords:135 - ClickOnLink is called
2024-06-11 10:46:39 INFO  Keywords:282 - Waiting for webElement...RTSMButton
2024-06-11 10:46:39 INFO  Keywords:285 - Element found...RTSMButton
2024-06-11 10:46:39 INFO  Keywords:282 - Waiting for webElement...RTSMResponseXML
2024-06-11 10:47:21 INFO  Keywords:98 - Navigate is called
2024-06-11 10:47:22 INFO  Keywords:124 - InputText is called
2024-06-11 10:47:22 INFO  Keywords:282 - Waiting for webElement...gateway.username
2024-06-11 10:47:22 INFO  Keywords:285 - Element found...gateway.username
2024-06-11 10:47:22 INFO  Keywords:124 - InputText is called
2024-06-11 10:47:22 INFO  Keywords:282 - Waiting for webElement...gateway.password
2024-06-11 10:47:22 INFO  Keywords:285 - Element found...gateway.password
2024-06-11 10:47:22 INFO  Keywords:135 - ClickOnLink is called
2024-06-11 10:47:22 INFO  Keywords:282 - Waiting for webElement...gateway.login
2024-06-11 10:47:22 INFO  Keywords:285 - Element found...gateway.login
2024-06-11 10:47:58 INFO  Keywords:135 - ClickOnLink is called
2024-06-11 10:47:58 INFO  Keywords:282 - Waiting for webElement...postsamldata
2024-06-11 10:47:58 INFO  Keywords:285 - Element found...postsamldata
2024-06-11 10:48:14 INFO  Keywords:135 - ClickOnLink is called
2024-06-11 10:48:14 INFO  Keywords:282 - Waiting for webElement...next
2024-06-11 10:48:40 INFO  Keywords:124 - InputText is called
2024-06-11 10:48:40 INFO  Keywords:282 - Waiting for webElement...policyConfiguration.insuranceamount
2024-06-11 10:48:50 INFO  Keywords:282 - Waiting for webElement...policyConfiguration.LTC
2024-06-11 10:49:00 INFO  Keywords:282 - Waiting for webElement...policyConfiguration.Benefit
2024-06-11 10:49:11 INFO  Keywords:282 - Waiting for webElement...policyConfiguration.payors
2024-06-11 10:49:21 INFO  Keywords:282 - Waiting for webElement...policyConfiguration.purposeofpolicy
2024-06-11 10:49:31 INFO  Keywords:135 - ClickOnLink is called
2024-06-11 10:49:31 INFO  Keywords:282 - Waiting for webElement...next
2024-06-11 10:51:11 INFO  Keywords:282 - Waiting for webElement...primaryinsured.birthcountry
2024-06-11 10:51:21 INFO  Keywords:282 - Waiting for webElement...primaryinsured.birthstate
2024-06-11 10:51:31 INFO  Keywords:124 - InputText is called
2024-06-11 10:51:31 INFO  Keywords:282 - Waiting for webElement...primaryinsured.birthcity
2024-06-11 10:51:41 INFO  Keywords:135 - ClickOnLink is called
2024-06-11 10:51:41 INFO  Keywords:282 - Waiting for webElement...next
2024-06-11 10:52:07 INFO  Keywords:135 - ClickOnLink is called
2024-06-11 10:52:07 INFO  Keywords:282 - Waiting for webElement...next
2024-06-11 10:52:33 INFO  Keywords:282 - Waiting for webElement...naturalOwner.relationwithInsured
2024-06-11 10:52:43 INFO  Keywords:282 - Waiting for webElement...naturalOwner.relationwithJointInsured
2024-06-11 10:52:53 INFO  Keywords:282 - Waiting for webElement...naturalOwner.PermamentResidentCard
2024-06-11 10:53:03 INFO  Keywords:124 - InputText is called
2024-06-11 10:53:03 INFO  Keywords:282 - Waiting for webElement...naturalOwner.ResidentCardIssueDAte
2024-06-11 10:53:13 INFO  Keywords:124 - InputText is called
2024-06-11 10:53:13 INFO  Keywords:282 - Waiting for webElement...naturalOwner.ResidentCardExpireationDAte
2024-06-11 10:53:23 INFO  Keywords:124 - InputText is called
2024-06-11 10:53:23 INFO  Keywords:282 - Waiting for webElement...naturalOwner.USLivingYrs
2024-06-11 10:53:34 INFO  Keywords:124 - InputText is called
2024-06-11 10:53:34 INFO  Keywords:282 - Waiting for webElement...naturalOwner.USLivingMonths
2024-06-11 10:53:44 INFO  Keywords:135 - ClickOnLink is called
2024-06-11 10:53:44 INFO  Keywords:282 - Waiting for webElement...next
2024-06-11 10:54:10 INFO  Keywords:282 - Waiting for webElement...financialDetails.SourceOfFundsLI
2024-06-11 10:54:20 INFO  Keywords:282 - Waiting for webElement...financialDetails.SurrenderChargeSOFLI
2024-06-11 10:54:30 INFO  Keywords:282 - Waiting for webElement...financialDetails.envisiontaking
2024-06-11 10:54:40 INFO  Keywords:282 - Waiting for webElement...financialDetails.federalfaxbracket
2024-06-11 10:54:50 INFO  Keywords:282 - Waiting for webElement...financialDetails.riskTolerance
2024-06-11 10:55:00 INFO  Keywords:282 - Waiting for webElement...financialDetails.Investmentobjectives
2024-06-11 10:55:10 INFO  Keywords:282 - Waiting for webElement...financialDetails.timehorizon
2024-06-11 10:55:20 INFO  Keywords:282 - Waiting for webElement...financialDetails.investmentexperienceFA
2024-06-11 10:55:30 INFO  Keywords:124 - InputText is called
2024-06-11 10:55:30 INFO  Keywords:282 - Waiting for webElement...financialDetails.investmentstartyear
2024-06-11 10:55:40 INFO  Keywords:124 - InputText is called
2024-06-11 10:55:40 INFO  Keywords:282 - Waiting for webElement...financialdetails.wages
2024-06-11 10:55:50 INFO  Keywords:124 - InputText is called
2024-06-11 10:55:50 INFO  Keywords:282 - Waiting for webElement...financialdetails.livingexpenses
2024-06-11 10:56:00 INFO  Keywords:124 - InputText is called
2024-06-11 10:56:00 INFO  Keywords:282 - Waiting for webElement...financialdetails.personalinvestment
2024-06-11 10:56:11 INFO  Keywords:124 - InputText is called
2024-06-11 10:56:11 INFO  Keywords:282 - Waiting for webElement...financialdetails.fixeddebtexpenses
2024-06-11 10:56:21 INFO  Keywords:124 - InputText is called
2024-06-11 10:56:21 INFO  Keywords:282 - Waiting for webElement...financialdetails.rentalincome
2024-06-11 10:56:31 INFO  Keywords:124 - InputText is called
2024-06-11 10:56:31 INFO  Keywords:282 - Waiting for webElement...financialdetails.variabledebtexpenses
2024-06-11 10:56:41 INFO  Keywords:124 - InputText is called
2024-06-11 10:56:41 INFO  Keywords:282 - Waiting for webElement...financialdetails.incomepension
2024-06-11 10:56:51 INFO  Keywords:124 - InputText is called
2024-06-11 10:56:51 INFO  Keywords:282 - Waiting for webElement...financialdetails.discretionaryexpenses
2024-06-11 10:57:01 INFO  Keywords:124 - InputText is called
2024-06-11 10:57:01 INFO  Keywords:282 - Waiting for webElement...financialdetails.socialsecurityincome
2024-06-11 10:57:11 INFO  Keywords:124 - InputText is called
2024-06-11 10:57:11 INFO  Keywords:282 - Waiting for webElement...financialdetails.otherincome
2024-06-11 10:57:21 INFO  Keywords:124 - InputText is called
2024-06-11 10:57:21 INFO  Keywords:282 - Waiting for webElement...financialdetails.bonds
2024-06-11 10:57:31 INFO  Keywords:124 - InputText is called
2024-06-11 10:57:31 INFO  Keywords:282 - Waiting for webElement...financialdetails.businessTrustRealstate
2024-06-11 10:57:41 INFO  Keywords:124 - InputText is called
2024-06-11 10:57:41 INFO  Keywords:282 - Waiting for webElement...financialdetails.retirementplan
2024-06-11 10:57:51 INFO  Keywords:124 - InputText is called
2024-06-11 10:57:51 INFO  Keywords:282 - Waiting for webElement...financialdetails.equities
2024-06-11 10:58:01 INFO  Keywords:124 - InputText is called
2024-06-11 10:58:01 INFO  Keywords:282 - Waiting for webElement...financialdetails.facevalueilfeinsurance
2024-06-11 10:58:11 INFO  Keywords:124 - InputText is called
2024-06-11 10:58:11 INFO  Keywords:282 - Waiting for webElement...financialdetails.fixedannuity
2024-06-11 10:58:21 INFO  Keywords:124 - InputText is called
2024-06-11 10:58:21 INFO  Keywords:282 - Waiting for webElement...financialdetails.indexannuity
2024-06-11 10:58:31 INFO  Keywords:124 - InputText is called
2024-06-11 10:58:31 INFO  Keywords:282 - Waiting for webElement...financialdetails.liquidnetworth
2024-06-11 10:58:42 INFO  Keywords:124 - InputText is called
2024-06-11 10:58:42 INFO  Keywords:282 - Waiting for webElement...financialdetails.mutualfund
2024-06-11 10:58:52 INFO  Keywords:124 - InputText is called
2024-06-11 10:58:52 INFO  Keywords:282 - Waiting for webElement...financialdetails.otherbrokerage
2024-06-11 10:59:02 INFO  Keywords:124 - InputText is called
2024-06-11 10:59:02 INFO  Keywords:282 - Waiting for webElement...financialdetails.policypremium
2024-06-11 10:59:12 INFO  Keywords:124 - InputText is called
2024-06-11 10:59:12 INFO  Keywords:282 - Waiting for webElement...financialdetails.variableannuity
2024-06-11 10:59:22 INFO  Keywords:124 - InputText is called
2024-06-11 10:59:22 INFO  Keywords:282 - Waiting for webElement...financialdetails.totalpremium
2024-06-11 10:59:32 INFO  Keywords:282 - Waiting for webElement...financialdetails.anticipatedchanges
2024-06-11 10:59:42 INFO  Keywords:282 - Waiting for webElement...financialdetails.nonguaranteedelementYes
2024-06-11 10:59:52 INFO  Keywords:282 - Waiting for webElement...financialdetails.reversemortgage
2024-06-11 11:00:02 INFO  Keywords:135 - ClickOnLink is called
2024-06-11 11:00:02 INFO  Keywords:282 - Waiting for webElement...next
2024-06-11 11:00:28 INFO  Keywords:282 - Waiting for webElement...payment.modal
2024-06-11 11:00:54 INFO  Keywords:282 - Waiting for webElement...payment.method
2024-06-11 11:01:04 INFO  Keywords:124 - InputText is called
2024-06-11 11:01:04 INFO  Keywords:282 - Waiting for webElement...payment.premium
2024-06-11 11:01:14 INFO  Keywords:135 - ClickOnLink is called
2024-06-11 11:01:14 INFO  Keywords:282 - Waiting for webElement...next
2024-06-11 11:01:40 INFO  Keywords:282 - Waiting for webElement...existinginsurance.borrowingfunds
2024-06-11 11:01:51 INFO  Keywords:282 - Waiting for webElement...existinginsurance.terminatingexistinglifepolicyNo
2024-06-11 11:02:01 INFO  Keywords:282 - Waiting for webElement...existinginsurance.DisabilityPoliciesNo
2024-06-11 11:02:11 INFO  Keywords:282 - Waiting for webElement...existinginsurance.longtermpolicyNo
2024-06-11 11:02:21 INFO  Keywords:282 - Waiting for webElement...existinglongterminsurance.NO
2024-06-11 11:02:31 INFO  Keywords:135 - ClickOnLink is called
2024-06-11 11:02:31 INFO  Keywords:282 - Waiting for webElement...next
2024-06-11 11:02:57 INFO  Keywords:135 - ClickOnLink is called
2024-06-11 11:02:57 INFO  Keywords:282 - Waiting for webElement...next
2024-06-11 11:03:23 INFO  Keywords:124 - InputText is called
2024-06-11 11:03:23 INFO  Keywords:282 - Waiting for webElement...additionalclientquestion.q1
2024-06-11 11:03:33 INFO  Keywords:124 - InputText is called
2024-06-11 11:03:33 INFO  Keywords:282 - Waiting for webElement...additionalclientquestion.q2
2024-06-11 11:03:43 INFO  Keywords:124 - InputText is called
2024-06-11 11:03:43 INFO  Keywords:282 - Waiting for webElement...additionalclientquestion.q3
2024-06-11 11:03:53 INFO  Keywords:124 - InputText is called
2024-06-11 11:03:53 INFO  Keywords:282 - Waiting for webElement...additionalclientquestion.q4
2024-06-11 11:04:03 INFO  Keywords:124 - InputText is called
2024-06-11 11:04:03 INFO  Keywords:282 - Waiting for webElement...additionalclientquestion.q5
2024-06-11 11:04:13 INFO  Keywords:482 - GetText is called
2024-06-11 11:04:13 INFO  Keywords:282 - Waiting for webElement...ebixTxnID
2024-06-11 11:04:23 INFO  Keywords:530 - LinkId: 530936
2024-06-11 11:04:23 INFO  Keywords:482 - GetText is called
2024-06-11 11:04:23 INFO  Keywords:282 - Waiting for webElement...ebixTxnID
2024-06-11 11:04:33 INFO  Keywords:135 - ClickOnLink is called
2024-06-11 11:04:33 INFO  Keywords:282 - Waiting for webElement...attachment
2024-06-11 11:04:44 INFO  Keywords:282 - Waiting for webElement...attachment.documenttype
2024-06-11 11:04:54 INFO  Keywords:124 - InputText is called
2024-06-11 11:04:54 INFO  Keywords:282 - Waiting for webElement...attachment.choosefile
2024-06-11 11:05:04 INFO  Keywords:135 - ClickOnLink is called
2024-06-11 11:05:04 INFO  Keywords:282 - Waiting for webElement...attachment.upload
2024-06-11 11:06:44 INFO  Keywords:409 - switching to particular window...
2024-06-11 11:06:44 INFO  Keywords:482 - GetText is called
2024-06-11 11:06:44 INFO  Keywords:282 - Waiting for webElement...ebixTxnID
2024-06-11 11:06:44 INFO  Keywords:285 - Element found...ebixTxnID
2024-06-11 11:06:44 INFO  Keywords:486 - LinkId: 530940
2024-06-11 11:06:44 INFO  Keywords:530 - LinkId: 530940
2024-06-11 11:06:44 INFO  Keywords:482 - GetText is called
2024-06-11 11:06:44 INFO  Keywords:282 - Waiting for webElement...ebixTxnID
2024-06-11 11:06:44 INFO  Keywords:285 - Element found...ebixTxnID
2024-06-11 11:06:44 INFO  Keywords:486 - LinkId: 530940
2024-06-11 11:06:44 INFO  Keywords:135 - ClickOnLink is called
2024-06-11 11:06:44 INFO  Keywords:282 - Waiting for webElement...next
2024-06-11 11:06:44 INFO  Keywords:285 - Element found...next
2024-06-11 11:07:04 INFO  Keywords:135 - ClickOnLink is called
2024-06-11 11:07:04 INFO  Keywords:282 - Waiting for webElement...validate.button
2024-06-11 11:07:46 INFO  Keywords:135 - ClickOnLink is called
2024-06-11 11:07:46 INFO  Keywords:282 - Waiting for webElement...notification.continue
