2024-08-26 18:01:46 INFO  Keywords:104 - Navigate is called
2024-08-26 18:01:48 INFO  Keywords:130 - InputText is called
2024-08-26 18:01:48 INFO  Keywords:301 - Waiting for webElement...gateway.username
2024-08-26 18:01:48 INFO  Keywords:305 - Element found...gateway.username
2024-08-26 18:01:48 INFO  Keywords:130 - InputText is called
2024-08-26 18:01:48 INFO  Keywords:301 - Waiting for webElement...gateway.password
2024-08-26 18:01:48 INFO  Keywords:305 - Element found...gateway.password
2024-08-26 18:01:48 INFO  Keywords:141 - ClickOnLink is called
2024-08-26 18:01:48 INFO  Keywords:301 - Waiting for webElement...gateway.login
2024-08-26 18:01:48 INFO  Keywords:305 - Element found...gateway.login
2024-08-26 18:02:24 INFO  Keywords:141 - ClickOnLink is called
2024-08-26 18:02:24 INFO  Keywords:301 - Waiting for webElement...postsamldata
2024-08-26 18:02:24 INFO  Keywords:305 - Element found...postsamldata
2024-08-26 18:02:40 INFO  Keywords:141 - ClickOnLink is called
2024-08-26 18:02:40 INFO  Keywords:301 - Waiting for webElement...next
2024-08-26 18:02:40 INFO  Keywords:305 - Element found...next
2024-08-26 18:02:59 INFO  Keywords:130 - InputText is called
2024-08-26 18:02:59 INFO  Keywords:301 - Waiting for webElement...policyConfiguration.insuranceamount
2024-08-26 18:02:59 INFO  Keywords:305 - Element found...policyConfiguration.insuranceamount
2024-08-26 18:02:59 INFO  Keywords:301 - Waiting for webElement...policyConfiguration.LTC
2024-08-26 18:03:09 INFO  Keywords:301 - Waiting for webElement...policyConfiguration.payors
2024-08-26 18:03:09 INFO  Keywords:305 - Element found...policyConfiguration.payors
2024-08-26 18:03:09 INFO  Keywords:301 - Waiting for webElement...policyConfiguration.purposeofpolicy
2024-08-26 18:03:09 INFO  Keywords:305 - Element found...policyConfiguration.purposeofpolicy
2024-08-26 18:03:10 INFO  Keywords:141 - ClickOnLink is called
2024-08-26 18:03:10 INFO  Keywords:301 - Waiting for webElement...next
2024-08-26 18:03:10 INFO  Keywords:305 - Element found...next
2024-08-26 18:03:27 INFO  Keywords:301 - Waiting for webElement...primaryinsured.birthcountry
2024-08-26 18:03:33 INFO  Keywords:305 - Element found...primaryinsured.birthcountry
2024-08-26 18:03:34 INFO  Keywords:301 - Waiting for webElement...primaryinsured.birthstate
2024-08-26 18:03:34 INFO  Keywords:305 - Element found...primaryinsured.birthstate
2024-08-26 18:03:34 INFO  Keywords:130 - InputText is called
2024-08-26 18:03:34 INFO  Keywords:301 - Waiting for webElement...primaryinsured.birthcity
2024-08-26 18:03:44 INFO  Keywords:301 - Waiting for webElement...primaryinsured.drivinglicense
2024-08-26 18:03:44 INFO  Keywords:305 - Element found...primaryinsured.drivinglicense
2024-08-26 18:03:44 INFO  Keywords:130 - InputText is called
2024-08-26 18:03:44 INFO  Keywords:301 - Waiting for webElement...primaryinsured.dlnumber
2024-08-26 18:03:44 INFO  Keywords:305 - Element found...primaryinsured.dlnumber
2024-08-26 18:04:00 INFO  Keywords:301 - Waiting for webElement...primaryinsured.dlissuestateAL
2024-08-26 18:04:00 INFO  Keywords:305 - Element found...primaryinsured.dlissuestateAL
2024-08-26 18:04:01 INFO  Keywords:141 - ClickOnLink is called
2024-08-26 18:04:01 INFO  Keywords:301 - Waiting for webElement...next
2024-08-26 18:04:01 INFO  Keywords:305 - Element found...next
2024-08-26 18:04:04 INFO  Keywords:130 - InputText is called
2024-08-26 18:04:04 INFO  Keywords:301 - Waiting for webElement...TrustOther
2024-08-26 18:04:04 INFO  Keywords:305 - Element found...TrustOther
2024-08-26 18:04:20 INFO  Keywords:301 - Waiting for webElement...TrustIrres
2024-08-26 18:04:36 INFO  Keywords:141 - ClickOnLink is called
2024-08-26 18:04:36 INFO  Keywords:301 - Waiting for webElement...next
2024-08-26 18:04:36 INFO  Keywords:305 - Element found...next
2024-08-26 18:04:57 INFO  Keywords:301 - Waiting for webElement...Trust_Relationship
2024-08-26 18:04:57 INFO  Keywords:305 - Element found...Trust_Relationship
2024-08-26 18:04:57 INFO  Keywords:141 - ClickOnLink is called
2024-08-26 18:04:57 INFO  Keywords:301 - Waiting for webElement...next
2024-08-26 18:04:57 INFO  Keywords:305 - Element found...next
2024-08-26 18:05:16 INFO  Keywords:141 - ClickOnLink is called
2024-08-26 18:05:16 INFO  Keywords:301 - Waiting for webElement...next
2024-08-26 18:05:16 INFO  Keywords:305 - Element found...next
2024-08-26 18:05:35 INFO  Keywords:301 - Waiting for webElement...financialDetails.SourceOfWealthLI
2024-08-26 18:05:35 INFO  Keywords:305 - Element found...financialDetails.SourceOfWealthLI
2024-08-26 18:05:35 INFO  Keywords:301 - Waiting for webElement...financialDetails.SourceOfFundsLI
2024-08-26 18:05:35 INFO  Keywords:305 - Element found...financialDetails.SourceOfFundsLI
2024-08-26 18:05:36 INFO  Keywords:301 - Waiting for webElement...financialDetails.SurrenderChargeSOFLI
2024-08-26 18:05:36 INFO  Keywords:305 - Element found...financialDetails.SurrenderChargeSOFLI
2024-08-26 18:05:36 INFO  Keywords:301 - Waiting for webElement...financialDetails.envisiontaking
2024-08-26 18:05:36 INFO  Keywords:305 - Element found...financialDetails.envisiontaking
2024-08-26 18:05:36 INFO  Keywords:301 - Waiting for webElement...financialDetails.federalfaxbracket
2024-08-26 18:05:36 INFO  Keywords:305 - Element found...financialDetails.federalfaxbracket
2024-08-26 18:05:36 INFO  Keywords:301 - Waiting for webElement...financialDetails.riskTolerance
2024-08-26 18:05:36 INFO  Keywords:305 - Element found...financialDetails.riskTolerance
2024-08-26 18:05:37 INFO  Keywords:301 - Waiting for webElement...financialDetails.Investmentobjectives
2024-08-26 18:05:37 INFO  Keywords:305 - Element found...financialDetails.Investmentobjectives
2024-08-26 18:05:37 INFO  Keywords:301 - Waiting for webElement...financialDetails.timehorizon
2024-08-26 18:05:37 INFO  Keywords:305 - Element found...financialDetails.timehorizon
2024-08-26 18:05:37 INFO  Keywords:301 - Waiting for webElement...financialDetails.investmentexperienceFA
2024-08-26 18:05:37 INFO  Keywords:305 - Element found...financialDetails.investmentexperienceFA
2024-08-26 18:05:37 INFO  Keywords:130 - InputText is called
2024-08-26 18:05:37 INFO  Keywords:301 - Waiting for webElement...financialDetails.investmentstartyear
2024-08-26 18:05:37 INFO  Keywords:305 - Element found...financialDetails.investmentstartyear
2024-08-26 18:05:37 INFO  Keywords:130 - InputText is called
2024-08-26 18:05:37 INFO  Keywords:301 - Waiting for webElement...financialdetails.wages
2024-08-26 18:05:37 INFO  Keywords:305 - Element found...financialdetails.wages
2024-08-26 18:05:37 INFO  Keywords:130 - InputText is called
2024-08-26 18:05:37 INFO  Keywords:301 - Waiting for webElement...financialdetails.livingexpenses
2024-08-26 18:05:38 INFO  Keywords:305 - Element found...financialdetails.livingexpenses
2024-08-26 18:05:38 INFO  Keywords:130 - InputText is called
2024-08-26 18:05:38 INFO  Keywords:301 - Waiting for webElement...financialdetails.personalinvestment
2024-08-26 18:05:38 INFO  Keywords:305 - Element found...financialdetails.personalinvestment
2024-08-26 18:05:38 INFO  Keywords:130 - InputText is called
2024-08-26 18:05:38 INFO  Keywords:301 - Waiting for webElement...financialdetails.fixeddebtexpenses
2024-08-26 18:05:38 INFO  Keywords:305 - Element found...financialdetails.fixeddebtexpenses
2024-08-26 18:05:38 INFO  Keywords:130 - InputText is called
2024-08-26 18:05:38 INFO  Keywords:301 - Waiting for webElement...financialdetails.rentalincome
2024-08-26 18:05:38 INFO  Keywords:305 - Element found...financialdetails.rentalincome
2024-08-26 18:05:38 INFO  Keywords:130 - InputText is called
2024-08-26 18:05:38 INFO  Keywords:301 - Waiting for webElement...financialdetails.variabledebtexpenses
2024-08-26 18:05:38 INFO  Keywords:305 - Element found...financialdetails.variabledebtexpenses
2024-08-26 18:05:38 INFO  Keywords:130 - InputText is called
2024-08-26 18:05:38 INFO  Keywords:301 - Waiting for webElement...financialdetails.incomepension
2024-08-26 18:05:38 INFO  Keywords:305 - Element found...financialdetails.incomepension
2024-08-26 18:05:38 INFO  Keywords:130 - InputText is called
2024-08-26 18:05:38 INFO  Keywords:301 - Waiting for webElement...financialdetails.discretionaryexpenses
2024-08-26 18:05:38 INFO  Keywords:305 - Element found...financialdetails.discretionaryexpenses
2024-08-26 18:05:38 INFO  Keywords:130 - InputText is called
2024-08-26 18:05:38 INFO  Keywords:301 - Waiting for webElement...financialdetails.socialsecurityincome
2024-08-26 18:05:38 INFO  Keywords:305 - Element found...financialdetails.socialsecurityincome
2024-08-26 18:05:38 INFO  Keywords:130 - InputText is called
2024-08-26 18:05:38 INFO  Keywords:301 - Waiting for webElement...financialdetails.otherincome
2024-08-26 18:05:38 INFO  Keywords:305 - Element found...financialdetails.otherincome
2024-08-26 18:05:38 INFO  Keywords:130 - InputText is called
2024-08-26 18:05:38 INFO  Keywords:301 - Waiting for webElement...financialdetails.bonds
2024-08-26 18:05:38 INFO  Keywords:305 - Element found...financialdetails.bonds
2024-08-26 18:05:38 INFO  Keywords:130 - InputText is called
2024-08-26 18:05:38 INFO  Keywords:301 - Waiting for webElement...financialdetails.businessTrustRealstate
2024-08-26 18:05:38 INFO  Keywords:305 - Element found...financialdetails.businessTrustRealstate
2024-08-26 18:05:38 INFO  Keywords:130 - InputText is called
2024-08-26 18:05:38 INFO  Keywords:301 - Waiting for webElement...financialdetails.retirementplan
2024-08-26 18:05:38 INFO  Keywords:305 - Element found...financialdetails.retirementplan
2024-08-26 18:05:38 INFO  Keywords:130 - InputText is called
2024-08-26 18:05:38 INFO  Keywords:301 - Waiting for webElement...financialdetails.equities
2024-08-26 18:05:38 INFO  Keywords:305 - Element found...financialdetails.equities
2024-08-26 18:05:38 INFO  Keywords:130 - InputText is called
2024-08-26 18:05:38 INFO  Keywords:301 - Waiting for webElement...financialdetails.facevalueilfeinsurance
2024-08-26 18:05:38 INFO  Keywords:305 - Element found...financialdetails.facevalueilfeinsurance
2024-08-26 18:05:38 INFO  Keywords:130 - InputText is called
2024-08-26 18:05:38 INFO  Keywords:301 - Waiting for webElement...financialdetails.fixedannuity
2024-08-26 18:05:38 INFO  Keywords:305 - Element found...financialdetails.fixedannuity
2024-08-26 18:05:38 INFO  Keywords:130 - InputText is called
2024-08-26 18:05:38 INFO  Keywords:301 - Waiting for webElement...financialdetails.indexannuity
2024-08-26 18:05:38 INFO  Keywords:305 - Element found...financialdetails.indexannuity
2024-08-26 18:05:38 INFO  Keywords:130 - InputText is called
2024-08-26 18:05:38 INFO  Keywords:301 - Waiting for webElement...financialdetails.liquidnetworth
2024-08-26 18:05:38 INFO  Keywords:305 - Element found...financialdetails.liquidnetworth
2024-08-26 18:05:38 INFO  Keywords:130 - InputText is called
2024-08-26 18:05:38 INFO  Keywords:301 - Waiting for webElement...financialdetails.mutualfund
2024-08-26 18:05:38 INFO  Keywords:305 - Element found...financialdetails.mutualfund
2024-08-26 18:05:38 INFO  Keywords:130 - InputText is called
2024-08-26 18:05:38 INFO  Keywords:301 - Waiting for webElement...financialdetails.otherbrokerage
2024-08-26 18:05:38 INFO  Keywords:305 - Element found...financialdetails.otherbrokerage
2024-08-26 18:05:38 INFO  Keywords:130 - InputText is called
2024-08-26 18:05:38 INFO  Keywords:301 - Waiting for webElement...financialdetails.policypremium
2024-08-26 18:05:38 INFO  Keywords:305 - Element found...financialdetails.policypremium
2024-08-26 18:05:38 INFO  Keywords:130 - InputText is called
2024-08-26 18:05:38 INFO  Keywords:301 - Waiting for webElement...financialdetails.variableannuity
2024-08-26 18:05:38 INFO  Keywords:305 - Element found...financialdetails.variableannuity
2024-08-26 18:05:38 INFO  Keywords:130 - InputText is called
2024-08-26 18:05:38 INFO  Keywords:301 - Waiting for webElement...financialdetails.totalpremium
2024-08-26 18:05:38 INFO  Keywords:305 - Element found...financialdetails.totalpremium
2024-08-26 18:05:38 INFO  Keywords:301 - Waiting for webElement...financialdetails.anticipatedchanges
2024-08-26 18:05:38 INFO  Keywords:305 - Element found...financialdetails.anticipatedchanges
2024-08-26 18:05:38 INFO  Keywords:301 - Waiting for webElement...financialdetails.nonguaranteedelement
2024-08-26 18:05:38 INFO  Keywords:305 - Element found...financialdetails.nonguaranteedelement
2024-08-26 18:05:39 INFO  Keywords:301 - Waiting for webElement...financialdetails.reversemortgage
2024-08-26 18:05:39 INFO  Keywords:305 - Element found...financialdetails.reversemortgage
2024-08-26 18:05:39 INFO  Keywords:141 - ClickOnLink is called
2024-08-26 18:05:39 INFO  Keywords:301 - Waiting for webElement...next
2024-08-26 18:05:39 INFO  Keywords:305 - Element found...next
2024-08-26 18:05:58 INFO  Keywords:301 - Waiting for webElement...payment.modal
2024-08-26 18:05:58 INFO  Keywords:305 - Element found...payment.modal
2024-08-26 18:06:14 INFO  Keywords:301 - Waiting for webElement...payment.method
2024-08-26 18:06:14 INFO  Keywords:305 - Element found...payment.method
2024-08-26 18:06:24 INFO  Keywords:130 - InputText is called
2024-08-26 18:06:24 INFO  Keywords:301 - Waiting for webElement...payment.premium
2024-08-26 18:06:24 INFO  Keywords:305 - Element found...payment.premium
2024-08-26 18:06:24 INFO  Keywords:141 - ClickOnLink is called
2024-08-26 18:06:24 INFO  Keywords:301 - Waiting for webElement...next
2024-08-26 18:06:24 INFO  Keywords:305 - Element found...next
2024-08-26 18:06:43 INFO  Keywords:301 - Waiting for webElement...existinginsurance.borrowingfunds
2024-08-26 18:06:43 INFO  Keywords:305 - Element found...existinginsurance.borrowingfunds
2024-08-26 18:06:44 INFO  Keywords:301 - Waiting for webElement...existinginsurance.terminatingexistinglifepolicy
2024-08-26 18:06:44 INFO  Keywords:305 - Element found...existinginsurance.terminatingexistinglifepolicy
2024-08-26 18:06:44 INFO  Keywords:301 - Waiting for webElement...existinginsurance.longtermcoverage
2024-08-26 18:06:44 INFO  Keywords:305 - Element found...existinginsurance.longtermcoverage
2024-08-26 18:06:45 INFO  Keywords:301 - Waiting for webElement...existanceterminating.InsuranceCompanyName
2024-08-26 18:06:45 INFO  Keywords:305 - Element found...existanceterminating.InsuranceCompanyName
2024-08-26 18:06:45 INFO  Keywords:130 - InputText is called
2024-08-26 18:06:45 INFO  Keywords:301 - Waiting for webElement...existanceterminating.ProductName
2024-08-26 18:06:45 INFO  Keywords:305 - Element found...existanceterminating.ProductName
2024-08-26 18:06:45 INFO  Keywords:130 - InputText is called
2024-08-26 18:06:45 INFO  Keywords:301 - Waiting for webElement...existanceterminating.Insured
2024-08-26 18:06:45 INFO  Keywords:305 - Element found...existanceterminating.Insured
2024-08-26 18:06:45 INFO  Keywords:130 - InputText is called
2024-08-26 18:06:45 INFO  Keywords:301 - Waiting for webElement...existanceterminating.Owner
2024-08-26 18:06:45 INFO  Keywords:305 - Element found...existanceterminating.Owner
2024-08-26 18:06:45 INFO  Keywords:130 - InputText is called
2024-08-26 18:06:45 INFO  Keywords:301 - Waiting for webElement...existanceterminating.DateIssued
2024-08-26 18:06:45 INFO  Keywords:305 - Element found...existanceterminating.DateIssued
2024-08-26 18:06:45 INFO  Keywords:130 - InputText is called
2024-08-26 18:06:45 INFO  Keywords:301 - Waiting for webElement...existanceterminating.AmountOfInsurance
2024-08-26 18:06:45 INFO  Keywords:305 - Element found...existanceterminating.AmountOfInsurance
2024-08-26 18:06:45 INFO  Keywords:301 - Waiting for webElement...existanceterminating.ExistingInsuranceType
2024-08-26 18:06:45 INFO  Keywords:305 - Element found...existanceterminating.ExistingInsuranceType
2024-08-26 18:06:45 INFO  Keywords:301 - Waiting for webElement...existanceterminating.ProductType
2024-08-26 18:06:45 INFO  Keywords:305 - Element found...existanceterminating.ProductType
2024-08-26 18:06:46 INFO  Keywords:301 - Waiting for webElement...existanceterminating.LifeProductType
2024-08-26 18:06:46 INFO  Keywords:305 - Element found...existanceterminating.LifeProductType
2024-08-26 18:06:46 INFO  Keywords:130 - InputText is called
2024-08-26 18:06:46 INFO  Keywords:301 - Waiting for webElement...existanceterminating.PolicyNo
2024-08-26 18:06:46 INFO  Keywords:305 - Element found...existanceterminating.PolicyNo
2024-08-26 18:06:46 INFO  Keywords:301 - Waiting for webElement...existanceterminating.PurposeOfPolicy
2024-08-26 18:06:46 INFO  Keywords:305 - Element found...existanceterminating.PurposeOfPolicy
2024-08-26 18:06:46 INFO  Keywords:301 - Waiting for webElement...existanceterminating.FundsNewPolicy
2024-08-26 18:06:46 INFO  Keywords:305 - Element found...existanceterminating.FundsNewPolicy
2024-08-26 18:06:46 INFO  Keywords:301 - Waiting for webElement...existanceterminating.ReplacingNewPolicy
2024-08-26 18:06:46 INFO  Keywords:305 - Element found...existanceterminating.ReplacingNewPolicy
2024-08-26 18:06:47 INFO  Keywords:301 - Waiting for webElement...existanceterminating.ReplacementThType
2024-08-26 18:06:47 INFO  Keywords:305 - Element found...existanceterminating.ReplacementThType
2024-08-26 18:06:47 INFO  Keywords:301 - Waiting for webElement...existanceterminating.1035ThExchange
2024-08-26 18:06:47 INFO  Keywords:305 - Element found...existanceterminating.1035ThExchange
2024-08-26 18:06:47 INFO  Keywords:130 - InputText is called
2024-08-26 18:06:47 INFO  Keywords:301 - Waiting for webElement...existanceterminating.ReasonReplacement
2024-08-26 18:06:47 INFO  Keywords:305 - Element found...existanceterminating.ReasonReplacement
2024-08-26 18:06:47 INFO  Keywords:130 - InputText is called
2024-08-26 18:06:47 INFO  Keywords:301 - Waiting for webElement...existanceterminating.NoOfPolicy
2024-08-26 18:06:47 INFO  Keywords:305 - Element found...existanceterminating.NoOfPolicy
2024-08-26 18:06:47 INFO  Keywords:130 - InputText is called
2024-08-26 18:06:47 INFO  Keywords:301 - Waiting for webElement...existanceterminating.PremiumPayment
2024-08-26 18:06:47 INFO  Keywords:305 - Element found...existanceterminating.PremiumPayment
2024-08-26 18:06:47 INFO  Keywords:130 - InputText is called
2024-08-26 18:06:47 INFO  Keywords:301 - Waiting for webElement...existanceterminating.FrequencyPremium
2024-08-26 18:06:47 INFO  Keywords:305 - Element found...existanceterminating.FrequencyPremium
2024-08-26 18:06:47 INFO  Keywords:130 - InputText is called
2024-08-26 18:06:47 INFO  Keywords:301 - Waiting for webElement...existanceterminating.AmountBeingExchanged
2024-08-26 18:06:47 INFO  Keywords:305 - Element found...existanceterminating.AmountBeingExchanged
2024-08-26 18:06:47 INFO  Keywords:130 - InputText is called
2024-08-26 18:06:47 INFO  Keywords:301 - Waiting for webElement...existanceterminating.SurrenderCharge
2024-08-26 18:06:47 INFO  Keywords:305 - Element found...existanceterminating.SurrenderCharge
2024-08-26 18:06:47 INFO  Keywords:130 - InputText is called
2024-08-26 18:06:47 INFO  Keywords:301 - Waiting for webElement...existanceterminating.DeathBenefit
2024-08-26 18:06:47 INFO  Keywords:305 - Element found...existanceterminating.DeathBenefit
2024-08-26 18:06:47 INFO  Keywords:130 - InputText is called
2024-08-26 18:06:47 INFO  Keywords:301 - Waiting for webElement...existanceterminating.SpecialFeatures
2024-08-26 18:06:47 INFO  Keywords:305 - Element found...existanceterminating.SpecialFeatures
2024-08-26 18:06:47 INFO  Keywords:301 - Waiting for webElement...existinginsurance.longtermpolicyYes
2024-08-26 18:06:47 INFO  Keywords:305 - Element found...existinginsurance.longtermpolicyYes
2024-08-26 18:06:48 INFO  Keywords:130 - InputText is called
2024-08-26 18:06:48 INFO  Keywords:301 - Waiting for webElement...existinglongtermpolicy.InsuranceName
2024-08-26 18:06:48 INFO  Keywords:305 - Element found...existinglongtermpolicy.InsuranceName
2024-08-26 18:06:48 INFO  Keywords:130 - InputText is called
2024-08-26 18:06:48 INFO  Keywords:301 - Waiting for webElement...existinglongtermpolicy.policyCertificateNumber
2024-08-26 18:06:48 INFO  Keywords:305 - Element found...existinglongtermpolicy.policyCertificateNumber
2024-08-26 18:06:48 INFO  Keywords:130 - InputText is called
2024-08-26 18:06:48 INFO  Keywords:301 - Waiting for webElement...existinglongtermpolicy.ProductName
2024-08-26 18:06:48 INFO  Keywords:305 - Element found...existinglongtermpolicy.ProductName
2024-08-26 18:06:48 INFO  Keywords:301 - Waiting for webElement...existinglongtermpolicy.ProductType
2024-08-26 18:06:48 INFO  Keywords:305 - Element found...existinglongtermpolicy.ProductType
2024-08-26 18:06:48 INFO  Keywords:130 - InputText is called
2024-08-26 18:06:48 INFO  Keywords:301 - Waiting for webElement...existinglongtermpolicy.Insured
2024-08-26 18:06:48 INFO  Keywords:305 - Element found...existinglongtermpolicy.Insured
2024-08-26 18:06:48 INFO  Keywords:130 - InputText is called
2024-08-26 18:06:48 INFO  Keywords:301 - Waiting for webElement...existinglongtermpolicy.Owner
2024-08-26 18:06:48 INFO  Keywords:305 - Element found...existinglongtermpolicy.Owner
2024-08-26 18:06:48 INFO  Keywords:130 - InputText is called
2024-08-26 18:06:48 INFO  Keywords:301 - Waiting for webElement...existinglongtermpolicy.DailyBenefit
2024-08-26 18:06:48 INFO  Keywords:305 - Element found...existinglongtermpolicy.DailyBenefit
2024-08-26 18:06:48 INFO  Keywords:130 - InputText is called
2024-08-26 18:06:48 INFO  Keywords:301 - Waiting for webElement...existinglongtermpolicy.AmountOfInsurance
2024-08-26 18:06:48 INFO  Keywords:305 - Element found...existinglongtermpolicy.AmountOfInsurance
2024-08-26 18:06:48 INFO  Keywords:130 - InputText is called
2024-08-26 18:06:48 INFO  Keywords:301 - Waiting for webElement...existinglongtermpolicy.benefitAmount
2024-08-26 18:06:48 INFO  Keywords:305 - Element found...existinglongtermpolicy.benefitAmount
2024-08-26 18:06:48 INFO  Keywords:130 - InputText is called
2024-08-26 18:06:48 INFO  Keywords:301 - Waiting for webElement...existinglongtermpolicy.benefitPeriod
2024-08-26 18:06:48 INFO  Keywords:305 - Element found...existinglongtermpolicy.benefitPeriod
2024-08-26 18:06:48 INFO  Keywords:301 - Waiting for webElement...existinginsurance.longterminsuranceYes
2024-08-26 18:06:48 INFO  Keywords:305 - Element found...existinginsurance.longterminsuranceYes
2024-08-26 18:06:48 INFO  Keywords:130 - InputText is called
2024-08-26 18:06:48 INFO  Keywords:301 - Waiting for webElement...existinglongterminsurance.InsuranceCompany
2024-08-26 18:06:48 INFO  Keywords:305 - Element found...existinglongterminsurance.InsuranceCompany
2024-08-26 18:06:48 INFO  Keywords:130 - InputText is called
2024-08-26 18:06:48 INFO  Keywords:301 - Waiting for webElement...existinglongterminsurance.Certificate
2024-08-26 18:06:48 INFO  Keywords:305 - Element found...existinglongterminsurance.Certificate
2024-08-26 18:06:49 INFO  Keywords:130 - InputText is called
2024-08-26 18:06:49 INFO  Keywords:301 - Waiting for webElement...existinglongterminsurance.LTCBenefit
2024-08-26 18:06:49 INFO  Keywords:305 - Element found...existinglongterminsurance.LTCBenefit
2024-08-26 18:06:49 INFO  Keywords:130 - InputText is called
2024-08-26 18:06:49 INFO  Keywords:301 - Waiting for webElement...existinglongterminsurance.IssueDate
2024-08-26 18:06:49 INFO  Keywords:305 - Element found...existinglongterminsurance.IssueDate
2024-08-26 18:06:49 INFO  Keywords:130 - InputText is called
2024-08-26 18:06:49 INFO  Keywords:301 - Waiting for webElement...existinglongterminsurance.LapseDate
2024-08-26 18:06:49 INFO  Keywords:305 - Element found...existinglongterminsurance.LapseDate
2024-08-26 18:06:49 INFO  Keywords:141 - ClickOnLink is called
2024-08-26 18:06:49 INFO  Keywords:301 - Waiting for webElement...next
2024-08-26 18:06:49 INFO  Keywords:305 - Element found...next
2024-08-26 18:07:07 INFO  Keywords:141 - ClickOnLink is called
2024-08-26 18:07:07 INFO  Keywords:301 - Waiting for webElement...next
2024-08-26 18:07:07 INFO  Keywords:305 - Element found...next
2024-08-26 18:07:26 INFO  Keywords:130 - InputText is called
2024-08-26 18:07:26 INFO  Keywords:301 - Waiting for webElement...additionalclientquestion.q1
2024-08-26 18:08:16 INFO  Keywords:130 - InputText is called
2024-08-26 18:08:16 INFO  Keywords:301 - Waiting for webElement...additionalclientquestion.q2
2024-08-26 18:09:06 INFO  Keywords:130 - InputText is called
2024-08-26 18:09:06 INFO  Keywords:301 - Waiting for webElement...additionalclientquestion.q3
2024-08-26 18:09:57 INFO  Keywords:130 - InputText is called
2024-08-26 18:09:57 INFO  Keywords:301 - Waiting for webElement...additionalclientquestion.q4
2024-08-26 18:10:47 INFO  Keywords:130 - InputText is called
2024-08-26 18:10:47 INFO  Keywords:301 - Waiting for webElement...additionalclientquestion.q5
2024-08-26 18:11:38 INFO  Keywords:141 - ClickOnLink is called
2024-08-26 18:11:38 INFO  Keywords:301 - Waiting for webElement...attachment
2024-08-26 18:11:38 INFO  Keywords:305 - Element found...attachment
2024-08-26 18:11:38 INFO  Keywords:301 - Waiting for webElement...attachment.documenttype
2024-08-26 18:11:40 INFO  Keywords:305 - Element found...attachment.documenttype
2024-08-26 18:11:40 INFO  Keywords:130 - InputText is called
2024-08-26 18:11:40 INFO  Keywords:301 - Waiting for webElement...attachment.choosefile
2024-08-26 18:11:40 INFO  Keywords:305 - Element found...attachment.choosefile
2024-08-26 18:11:40 INFO  Keywords:141 - ClickOnLink is called
2024-08-26 18:11:40 INFO  Keywords:301 - Waiting for webElement...attachment.upload
2024-08-26 18:11:40 INFO  Keywords:305 - Element found...attachment.upload
2024-08-26 18:13:12 INFO  Keywords:431 - switching to particular window...
2024-08-26 18:13:12 INFO  Keywords:506 - GetText is called
2024-08-26 18:13:12 INFO  Keywords:301 - Waiting for webElement...ebixTxnID
2024-08-26 18:13:12 INFO  Keywords:305 - Element found...ebixTxnID
2024-08-26 18:13:12 INFO  Keywords:510 - LinkId: 535087
2024-08-26 18:13:12 INFO  Keywords:554 - LinkId: 535087
2024-08-26 18:13:12 INFO  Keywords:506 - GetText is called
2024-08-26 18:13:12 INFO  Keywords:301 - Waiting for webElement...ebixTxnID
2024-08-26 18:13:12 INFO  Keywords:305 - Element found...ebixTxnID
2024-08-26 18:13:12 INFO  Keywords:510 - LinkId: 535087
2024-08-26 18:13:12 INFO  Keywords:141 - ClickOnLink is called
2024-08-26 18:13:12 INFO  Keywords:301 - Waiting for webElement...next
2024-08-26 18:13:12 INFO  Keywords:305 - Element found...next
2024-08-26 18:13:31 INFO  Keywords:301 - Waiting for webElement...AnnuitiesCompany
2024-08-26 18:13:31 INFO  Keywords:305 - Element found...AnnuitiesCompany
2024-08-26 18:13:32 INFO  Keywords:301 - Waiting for webElement...InsuranceReplace
2024-08-26 18:13:32 INFO  Keywords:305 - Element found...InsuranceReplace
2024-08-26 18:13:32 INFO  Keywords:301 - Waiting for webElement...Carrier.ReplacingJH
2024-08-26 18:13:32 INFO  Keywords:305 - Element found...Carrier.ReplacingJH
2024-08-26 18:13:42 INFO  Keywords:301 - Waiting for webElement...Carrier.InterestIssue
2024-08-26 18:13:42 INFO  Keywords:305 - Element found...Carrier.InterestIssue
2024-08-26 18:13:42 INFO  Keywords:301 - Waiting for webElement...Carrier.EntityConnection
2024-08-26 18:13:42 INFO  Keywords:305 - Element found...Carrier.EntityConnection
2024-08-26 18:13:42 INFO  Keywords:130 - InputText is called
2024-08-26 18:13:42 INFO  Keywords:301 - Waiting for webElement...PremiumCollected
2024-08-26 18:13:42 INFO  Keywords:305 - Element found...PremiumCollected
2024-08-26 18:13:42 INFO  Keywords:301 - Waiting for webElement...ResultApplication
2024-08-26 18:13:42 INFO  Keywords:305 - Element found...ResultApplication
2024-08-26 18:13:43 INFO  Keywords:130 - InputText is called
2024-08-26 18:13:43 INFO  Keywords:301 - Waiting for webElement...ResultGiveDetails
2024-08-26 18:13:43 INFO  Keywords:305 - Element found...ResultGiveDetails
2024-08-26 18:13:43 INFO  Keywords:301 - Waiting for webElement...PolicySettlement
2024-08-26 18:13:43 INFO  Keywords:305 - Element found...PolicySettlement
2024-08-26 18:13:43 INFO  Keywords:301 - Waiting for webElement...PremiumLoans
2024-08-26 18:13:43 INFO  Keywords:305 - Element found...PremiumLoans
2024-08-26 18:13:43 INFO  Keywords:301 - Waiting for webElement...EvaluatingFinancing
2024-08-26 18:13:43 INFO  Keywords:305 - Element found...EvaluatingFinancing
2024-08-26 18:13:43 INFO  Keywords:301 - Waiting for webElement...PersonallyInsured
2024-08-26 18:13:44 INFO  Keywords:305 - Element found...PersonallyInsured
2024-08-26 18:13:44 INFO  Keywords:301 - Waiting for webElement...PolicyProposedInsured
2024-08-26 18:13:44 INFO  Keywords:305 - Element found...PolicyProposedInsured
2024-08-26 18:13:44 INFO  Keywords:301 - Waiting for webElement...ProposedInsuredWritten
2024-08-26 18:14:34 INFO  Keywords:301 - Waiting for webElement...ConsentRelationshipTerminates
2024-08-26 18:15:24 INFO  Keywords:130 - InputText is called
2024-08-26 18:15:24 INFO  Keywords:301 - Waiting for webElement...HealthPoliciesForce
2024-08-26 18:15:24 INFO  Keywords:305 - Element found...HealthPoliciesForce
2024-08-26 18:15:24 INFO  Keywords:130 - InputText is called
2024-08-26 18:15:24 INFO  Keywords:301 - Waiting for webElement...SoldForceHP
2024-08-26 18:15:24 INFO  Keywords:305 - Element found...SoldForceHP
2024-08-26 18:15:24 INFO  Keywords:130 - InputText is called
2024-08-26 18:15:24 INFO  Keywords:301 - Waiting for webElement...NameWholeSaler
2024-08-26 18:15:24 INFO  Keywords:305 - Element found...NameWholeSaler
