2024-11-11 10:14:25 INFO  Keywords:106 - Navigate is called
2024-11-11 10:14:30 INFO  Keywords:132 - InputText is called
2024-11-11 10:14:30 INFO  Keywords:304 - Waiting for webElement...gateway.username
2024-11-11 10:14:30 INFO  Keywords:308 - Element found...gateway.username
2024-11-11 10:14:30 INFO  Keywords:132 - InputText is called
2024-11-11 10:14:30 INFO  Keywords:304 - Waiting for webElement...gateway.password
2024-11-11 10:14:30 INFO  Keywords:308 - Element found...gateway.password
2024-11-11 10:14:30 INFO  Keywords:143 - ClickOnLink is called
2024-11-11 10:14:30 INFO  Keywords:304 - Waiting for webElement...gateway.login
2024-11-11 10:14:30 INFO  Keywords:308 - Element found...gateway.login
2024-11-11 10:15:07 INFO  Keywords:143 - ClickOnLink is called
2024-11-11 10:15:07 INFO  Keywords:304 - Waiting for webElement...postsamldata
2024-11-11 10:15:07 INFO  Keywords:308 - Element found...postsamldata
2024-11-11 10:15:23 INFO  Keywords:143 - ClickOnLink is called
2024-11-11 10:15:23 INFO  Keywords:304 - Waiting for webElement...next
2024-11-11 10:15:49 INFO  Keywords:132 - InputText is called
2024-11-11 10:15:49 INFO  Keywords:304 - Waiting for webElement...policyConfiguration.insuranceamount
2024-11-11 10:15:59 INFO  Keywords:304 - Waiting for webElement...policyConfiguration.LTC
2024-11-11 10:16:09 INFO  Keywords:304 - Waiting for webElement...policyConfiguration.payors
2024-11-11 10:16:19 INFO  Keywords:304 - Waiting for webElement...policyConfiguration.purposeofpolicy
2024-11-11 10:16:29 INFO  Keywords:143 - ClickOnLink is called
2024-11-11 10:16:29 INFO  Keywords:304 - Waiting for webElement...next
2024-11-11 10:16:29 INFO  Keywords:308 - Element found...next
2024-11-11 10:18:05 INFO  Keywords:304 - Waiting for webElement...primaryinsured.birthcountry
2024-11-11 10:18:15 INFO  Keywords:304 - Waiting for webElement...primaryinsured.birthstate
2024-11-11 10:18:25 INFO  Keywords:132 - InputText is called
2024-11-11 10:18:25 INFO  Keywords:304 - Waiting for webElement...primaryinsured.birthcity
2024-11-11 10:18:35 INFO  Keywords:143 - ClickOnLink is called
2024-11-11 10:18:35 INFO  Keywords:304 - Waiting for webElement...next
2024-11-11 10:18:35 INFO  Keywords:308 - Element found...next
2024-11-11 10:18:53 INFO  Keywords:143 - ClickOnLink is called
2024-11-11 10:18:53 INFO  Keywords:304 - Waiting for webElement...next
2024-11-11 10:18:53 INFO  Keywords:308 - Element found...next
2024-11-11 10:18:53 INFO  Keywords:304 - Waiting for webElement...naturalOwner.relationwithInsured
2024-11-11 10:19:03 INFO  Keywords:143 - ClickOnLink is called
2024-11-11 10:19:03 INFO  Keywords:304 - Waiting for webElement...next
2024-11-11 10:19:03 INFO  Keywords:308 - Element found...next
2024-11-11 10:19:19 INFO  Keywords:304 - Waiting for webElement...financialDetails.SourceOfFundsLI
2024-11-11 10:19:29 INFO  Keywords:304 - Waiting for webElement...financialDetails.SurrenderChargeSOFLI
2024-11-11 10:19:39 INFO  Keywords:304 - Waiting for webElement...financialDetails.envisiontaking
2024-11-11 10:19:49 INFO  Keywords:304 - Waiting for webElement...financialDetails.federalfaxbracket
2024-11-11 10:19:59 INFO  Keywords:304 - Waiting for webElement...financialDetails.riskTolerance
2024-11-11 10:20:10 INFO  Keywords:304 - Waiting for webElement...financialDetails.Investmentobjectives
2024-11-11 10:20:20 INFO  Keywords:304 - Waiting for webElement...financialDetails.timehorizon
2024-11-11 10:20:30 INFO  Keywords:304 - Waiting for webElement...financialDetails.investmentexperienceFA
2024-11-11 10:20:40 INFO  Keywords:132 - InputText is called
2024-11-11 10:20:40 INFO  Keywords:304 - Waiting for webElement...financialDetails.investmentstartyear
2024-11-11 10:20:50 INFO  Keywords:132 - InputText is called
2024-11-11 10:20:50 INFO  Keywords:304 - Waiting for webElement...financialdetails.wages
2024-11-11 10:21:00 INFO  Keywords:132 - InputText is called
2024-11-11 10:21:00 INFO  Keywords:304 - Waiting for webElement...financialdetails.livingexpenses
2024-11-11 10:21:10 INFO  Keywords:132 - InputText is called
2024-11-11 10:21:10 INFO  Keywords:304 - Waiting for webElement...financialdetails.personalinvestment
2024-11-11 10:21:20 INFO  Keywords:132 - InputText is called
2024-11-11 10:21:20 INFO  Keywords:304 - Waiting for webElement...financialdetails.fixeddebtexpenses
2024-11-11 10:21:30 INFO  Keywords:132 - InputText is called
2024-11-11 10:21:30 INFO  Keywords:304 - Waiting for webElement...financialdetails.rentalincome
2024-11-11 10:21:40 INFO  Keywords:132 - InputText is called
2024-11-11 10:21:40 INFO  Keywords:304 - Waiting for webElement...financialdetails.variabledebtexpenses
2024-11-11 10:21:50 INFO  Keywords:132 - InputText is called
2024-11-11 10:21:50 INFO  Keywords:304 - Waiting for webElement...financialdetails.incomepension
2024-11-11 10:22:00 INFO  Keywords:132 - InputText is called
2024-11-11 10:22:00 INFO  Keywords:304 - Waiting for webElement...financialdetails.discretionaryexpenses
2024-11-11 10:22:10 INFO  Keywords:132 - InputText is called
2024-11-11 10:22:10 INFO  Keywords:304 - Waiting for webElement...financialdetails.socialsecurityincome
2024-11-11 10:22:20 INFO  Keywords:132 - InputText is called
2024-11-11 10:22:20 INFO  Keywords:304 - Waiting for webElement...financialdetails.otherincome
2024-11-11 10:22:31 INFO  Keywords:132 - InputText is called
2024-11-11 10:22:31 INFO  Keywords:304 - Waiting for webElement...financialdetails.bonds
2024-11-11 10:22:41 INFO  Keywords:132 - InputText is called
2024-11-11 10:22:41 INFO  Keywords:304 - Waiting for webElement...financialdetails.businessTrustRealstate
2024-11-11 10:22:51 INFO  Keywords:132 - InputText is called
2024-11-11 10:22:51 INFO  Keywords:304 - Waiting for webElement...financialdetails.retirementplan
2024-11-11 10:23:01 INFO  Keywords:132 - InputText is called
2024-11-11 10:23:01 INFO  Keywords:304 - Waiting for webElement...financialdetails.equities
2024-11-11 10:23:11 INFO  Keywords:132 - InputText is called
2024-11-11 10:23:11 INFO  Keywords:304 - Waiting for webElement...financialdetails.facevalueilfeinsurance
2024-11-11 10:23:21 INFO  Keywords:132 - InputText is called
2024-11-11 10:23:21 INFO  Keywords:304 - Waiting for webElement...financialdetails.fixedannuity
2024-11-11 10:23:31 INFO  Keywords:132 - InputText is called
2024-11-11 10:23:31 INFO  Keywords:304 - Waiting for webElement...financialdetails.indexannuity
2024-11-11 10:23:41 INFO  Keywords:132 - InputText is called
2024-11-11 10:23:41 INFO  Keywords:304 - Waiting for webElement...financialdetails.liquidnetworth
2024-11-11 10:23:51 INFO  Keywords:132 - InputText is called
2024-11-11 10:23:51 INFO  Keywords:304 - Waiting for webElement...financialdetails.AlerternativeInvetment
2024-11-11 10:24:01 INFO  Keywords:132 - InputText is called
2024-11-11 10:24:01 INFO  Keywords:304 - Waiting for webElement...financialdetails.mutualfund
2024-11-11 10:24:11 INFO  Keywords:132 - InputText is called
2024-11-11 10:24:11 INFO  Keywords:304 - Waiting for webElement...financialdetails.otherbrokerage
2024-11-11 10:24:21 INFO  Keywords:132 - InputText is called
2024-11-11 10:24:21 INFO  Keywords:304 - Waiting for webElement...financialdetails.policypremium
2024-11-11 10:24:31 INFO  Keywords:132 - InputText is called
2024-11-11 10:24:31 INFO  Keywords:304 - Waiting for webElement...financialdetails.variableannuity
2024-11-11 10:24:42 INFO  Keywords:132 - InputText is called
2024-11-11 10:24:42 INFO  Keywords:304 - Waiting for webElement...financialdetails.totalpremium
2024-11-11 10:25:08 INFO  Keywords:465 - switching to parent window...
