2023-12-21 12:49:26 INFO  Keywords:97 - Navigate is called
2023-12-21 12:49:30 INFO  Keywords:125 - InputText is called
2023-12-21 12:49:30 INFO  Keywords:286 - Waiting for webElement...gateway.username
2023-12-21 12:49:30 INFO  Keywords:289 - Element found...gateway.username
2023-12-21 12:49:30 INFO  Keywords:125 - InputText is called
2023-12-21 12:49:30 INFO  Keywords:286 - Waiting for webElement...gateway.password
2023-12-21 12:49:30 INFO  Keywords:289 - Element found...gateway.password
2023-12-21 12:49:30 INFO  Keywords:138 - ClickOnLink is called
2023-12-21 12:49:30 INFO  Keywords:286 - Waiting for webElement...gateway.login
2023-12-21 12:49:30 INFO  Keywords:289 - Element found...gateway.login
2023-12-21 12:50:08 INFO  Keywords:138 - ClickOnLink is called
2023-12-21 12:50:08 INFO  Keywords:286 - Waiting for webElement...postsamldata
2023-12-21 12:50:08 INFO  Keywords:289 - Element found...postsamldata
2023-12-21 12:50:23 INFO  Keywords:138 - ClickOnLink is called
2023-12-21 12:50:23 INFO  Keywords:286 - Waiting for webElement...next
2023-12-21 12:50:26 INFO  Keywords:289 - Element found...next
2023-12-21 12:50:48 INFO  Keywords:125 - InputText is called
2023-12-21 12:50:48 INFO  Keywords:286 - Waiting for webElement...policyConfiguration.insuranceamount
2023-12-21 12:50:58 INFO  Keywords:286 - Waiting for webElement...policyConfiguration.LTC
2023-12-21 12:51:09 INFO  Keywords:286 - Waiting for webElement...policyConfiguration.payors
2023-12-21 12:51:19 INFO  Keywords:286 - Waiting for webElement...policyConfiguration.purposeofpolicy
2023-12-21 12:51:29 INFO  Keywords:138 - ClickOnLink is called
2023-12-21 12:51:29 INFO  Keywords:286 - Waiting for webElement...next
2023-12-21 12:51:29 INFO  Keywords:289 - Element found...next
2023-12-21 12:51:44 INFO  Keywords:286 - Waiting for webElement...primaryinsured.birthcountry
2023-12-21 12:51:54 INFO  Keywords:286 - Waiting for webElement...primaryinsured.birthstate
2023-12-21 12:52:04 INFO  Keywords:125 - InputText is called
2023-12-21 12:52:04 INFO  Keywords:286 - Waiting for webElement...primaryinsured.birthcity
2023-12-21 12:52:14 INFO  Keywords:138 - ClickOnLink is called
2023-12-21 12:52:14 INFO  Keywords:286 - Waiting for webElement...next
2023-12-21 12:52:14 INFO  Keywords:289 - Element found...next
2023-12-21 12:52:29 INFO  Keywords:138 - ClickOnLink is called
2023-12-21 12:52:29 INFO  Keywords:286 - Waiting for webElement...next
2023-12-21 12:52:29 INFO  Keywords:289 - Element found...next
2023-12-21 12:52:45 INFO  Keywords:286 - Waiting for webElement...jointInsured.birthCountry
2023-12-21 12:52:55 INFO  Keywords:286 - Waiting for webElement...jointInsured.birthState
2023-12-21 12:53:05 INFO  Keywords:125 - InputText is called
2023-12-21 12:53:05 INFO  Keywords:286 - Waiting for webElement...jointInsured.birthCity
2023-12-21 12:53:15 INFO  Keywords:138 - ClickOnLink is called
2023-12-21 12:53:15 INFO  Keywords:286 - Waiting for webElement...next
2023-12-21 12:53:15 INFO  Keywords:289 - Element found...next
2023-12-21 12:53:30 INFO  Keywords:286 - Waiting for webElement...naturalOwner.relationwithInsured
2023-12-21 12:53:40 INFO  Keywords:286 - Waiting for webElement...naturalOwner.relationwithJointInsured
2023-12-21 12:53:50 INFO  Keywords:138 - ClickOnLink is called
2023-12-21 12:53:50 INFO  Keywords:286 - Waiting for webElement...next
2023-12-21 12:53:50 INFO  Keywords:289 - Element found...next
2023-12-21 12:54:05 INFO  Keywords:286 - Waiting for webElement...financialDetails.SourceOfFundsLI
2023-12-21 12:54:15 INFO  Keywords:286 - Waiting for webElement...financialDetails.SurrenderChargeSOFLI
2023-12-21 12:54:26 INFO  Keywords:286 - Waiting for webElement...financialDetails.envisiontaking
2023-12-21 12:54:36 INFO  Keywords:286 - Waiting for webElement...financialDetails.federalfaxbracket
2023-12-21 12:54:46 INFO  Keywords:286 - Waiting for webElement...financialDetails.riskTolerance
2023-12-21 12:54:56 INFO  Keywords:286 - Waiting for webElement...financialDetails.Investmentobjectives
2023-12-21 12:55:06 INFO  Keywords:286 - Waiting for webElement...financialDetails.timehorizon
2023-12-21 12:55:16 INFO  Keywords:286 - Waiting for webElement...financialDetails.investmentexperienceFA
2023-12-21 12:55:26 INFO  Keywords:125 - InputText is called
2023-12-21 12:55:26 INFO  Keywords:286 - Waiting for webElement...financialDetails.investmentstartyear
2023-12-21 12:55:36 INFO  Keywords:125 - InputText is called
2023-12-21 12:55:36 INFO  Keywords:286 - Waiting for webElement...financialdetails.wages
2023-12-21 12:55:46 INFO  Keywords:125 - InputText is called
2023-12-21 12:55:46 INFO  Keywords:286 - Waiting for webElement...financialdetails.livingexpenses
2023-12-21 12:55:57 INFO  Keywords:125 - InputText is called
2023-12-21 12:55:57 INFO  Keywords:286 - Waiting for webElement...financialdetails.personalinvestment
2023-12-21 12:56:07 INFO  Keywords:125 - InputText is called
2023-12-21 12:56:07 INFO  Keywords:286 - Waiting for webElement...financialdetails.fixeddebtexpenses
2023-12-21 12:56:17 INFO  Keywords:125 - InputText is called
2023-12-21 12:56:17 INFO  Keywords:286 - Waiting for webElement...financialdetails.rentalincome
2023-12-21 12:56:27 INFO  Keywords:125 - InputText is called
2023-12-21 12:56:27 INFO  Keywords:286 - Waiting for webElement...financialdetails.variabledebtexpenses
2023-12-21 12:56:37 INFO  Keywords:125 - InputText is called
2023-12-21 12:56:37 INFO  Keywords:286 - Waiting for webElement...financialdetails.incomepension
2023-12-21 12:56:47 INFO  Keywords:125 - InputText is called
2023-12-21 12:56:47 INFO  Keywords:286 - Waiting for webElement...financialdetails.discretionaryexpenses
2023-12-21 12:56:57 INFO  Keywords:125 - InputText is called
2023-12-21 12:56:57 INFO  Keywords:286 - Waiting for webElement...financialdetails.socialsecurityincome
2023-12-21 12:57:07 INFO  Keywords:125 - InputText is called
2023-12-21 12:57:07 INFO  Keywords:286 - Waiting for webElement...financialdetails.otherincome
2023-12-21 12:57:17 INFO  Keywords:125 - InputText is called
2023-12-21 12:57:17 INFO  Keywords:286 - Waiting for webElement...financialdetails.bonds
2023-12-21 12:57:28 INFO  Keywords:125 - InputText is called
2023-12-21 12:57:28 INFO  Keywords:286 - Waiting for webElement...financialdetails.businessTrustRealstate
2023-12-21 12:57:38 INFO  Keywords:125 - InputText is called
2023-12-21 12:57:38 INFO  Keywords:286 - Waiting for webElement...financialdetails.retirementplan
2023-12-21 12:57:48 INFO  Keywords:125 - InputText is called
2023-12-21 12:57:48 INFO  Keywords:286 - Waiting for webElement...financialdetails.equities
2023-12-21 12:57:58 INFO  Keywords:125 - InputText is called
2023-12-21 12:57:58 INFO  Keywords:286 - Waiting for webElement...financialdetails.facevalueilfeinsurance
