2024-06-11 15:18:45 INFO  Keywords:98 - Navigate is called
2024-06-11 15:18:53 INFO  Keywords:124 - InputText is called
2024-06-11 15:18:53 INFO  Keywords:282 - Waiting for webElement...gateway.username
2024-06-11 15:18:58 INFO  Keywords:285 - Element found...gateway.username
2024-06-11 15:19:03 INFO  Keywords:124 - InputText is called
2024-06-11 15:19:03 INFO  Keywords:282 - Waiting for webElement...gateway.password
2024-06-11 15:19:07 INFO  Keywords:285 - Element found...gateway.password
2024-06-11 15:19:13 INFO  Keywords:135 - ClickOnLink is called
2024-06-11 15:19:13 INFO  Keywords:282 - Waiting for webElement...gateway.login
2024-06-11 15:19:17 INFO  Keywords:285 - Element found...gateway.login
2024-06-11 15:21:25 INFO  Keywords:135 - ClickOnLink is called
2024-06-11 15:21:25 INFO  Keywords:282 - Waiting for webElement...postsamldata
2024-06-11 15:21:29 INFO  Keywords:285 - Element found...postsamldata
2024-06-11 15:22:19 INFO  Keywords:135 - ClickOnLink is called
2024-06-11 15:22:19 INFO  Keywords:282 - Waiting for webElement...next
2024-06-11 15:22:23 INFO  Keywords:285 - Element found...next
2024-06-11 15:23:21 INFO  Keywords:124 - InputText is called
2024-06-11 15:23:21 INFO  Keywords:282 - Waiting for webElement...policyConfiguration.insuranceamount
2024-06-11 15:23:25 INFO  Keywords:285 - Element found...policyConfiguration.insuranceamount
2024-06-11 15:23:47 INFO  Keywords:282 - Waiting for webElement...policyConfiguration.LTC
2024-06-11 15:23:52 INFO  Keywords:285 - Element found...policyConfiguration.LTC
2024-06-11 15:23:59 INFO  Keywords:282 - Waiting for webElement...policyConfiguration.Benefit
2024-06-11 15:24:03 INFO  Keywords:285 - Element found...policyConfiguration.Benefit
2024-06-11 15:24:13 INFO  Keywords:282 - Waiting for webElement...policyConfiguration.payors
2024-06-11 15:24:17 INFO  Keywords:285 - Element found...policyConfiguration.payors
2024-06-11 15:24:26 INFO  Keywords:282 - Waiting for webElement...policyConfiguration.purposeofpolicy
2024-06-11 15:24:30 INFO  Keywords:285 - Element found...policyConfiguration.purposeofpolicy
2024-06-11 15:24:56 INFO  Keywords:135 - ClickOnLink is called
2024-06-11 15:24:56 INFO  Keywords:282 - Waiting for webElement...next
2024-06-11 15:25:01 INFO  Keywords:285 - Element found...next
2024-06-11 15:27:03 INFO  Keywords:282 - Waiting for webElement...primaryinsured.birthcountry
2024-06-11 15:27:07 INFO  Keywords:285 - Element found...primaryinsured.birthcountry
2024-06-11 15:27:14 INFO  Keywords:282 - Waiting for webElement...primaryinsured.birthstate
2024-06-11 15:27:18 INFO  Keywords:285 - Element found...primaryinsured.birthstate
2024-06-11 15:27:26 INFO  Keywords:124 - InputText is called
2024-06-11 15:27:26 INFO  Keywords:282 - Waiting for webElement...primaryinsured.birthcity
2024-06-11 15:27:52 INFO  Keywords:135 - ClickOnLink is called
2024-06-11 15:27:52 INFO  Keywords:282 - Waiting for webElement...next
2024-06-11 15:27:56 INFO  Keywords:285 - Element found...next
2024-06-11 15:28:38 INFO  Keywords:135 - ClickOnLink is called
2024-06-11 15:28:39 INFO  Keywords:282 - Waiting for webElement...next
2024-06-11 15:28:43 INFO  Keywords:285 - Element found...next
2024-06-11 15:30:18 INFO  Keywords:282 - Waiting for webElement...naturalOwner.relationwithInsured
2024-06-11 15:30:22 INFO  Keywords:285 - Element found...naturalOwner.relationwithInsured
2024-06-11 15:30:31 INFO  Keywords:282 - Waiting for webElement...naturalOwner.relationwithJointInsured
2024-06-11 15:31:35 INFO  Keywords:282 - Waiting for webElement...naturalOwner.PermamentResidentCard
2024-06-11 15:31:39 INFO  Keywords:285 - Element found...naturalOwner.PermamentResidentCard
2024-06-11 15:31:47 INFO  Keywords:124 - InputText is called
2024-06-11 15:31:47 INFO  Keywords:282 - Waiting for webElement...naturalOwner.ResidentCardIssueDAte
2024-06-11 15:31:51 INFO  Keywords:285 - Element found...naturalOwner.ResidentCardIssueDAte
2024-06-11 15:31:59 INFO  Keywords:124 - InputText is called
2024-06-11 15:31:59 INFO  Keywords:282 - Waiting for webElement...naturalOwner.ResidentCardExpireationDAte
2024-06-11 15:32:03 INFO  Keywords:285 - Element found...naturalOwner.ResidentCardExpireationDAte
2024-06-11 15:32:07 INFO  Keywords:124 - InputText is called
2024-06-11 15:32:07 INFO  Keywords:282 - Waiting for webElement...naturalOwner.USLivingYrs
2024-06-11 15:32:11 INFO  Keywords:285 - Element found...naturalOwner.USLivingYrs
2024-06-11 15:32:16 INFO  Keywords:124 - InputText is called
2024-06-11 15:32:16 INFO  Keywords:282 - Waiting for webElement...naturalOwner.USLivingMonths
2024-06-11 15:32:21 INFO  Keywords:285 - Element found...naturalOwner.USLivingMonths
2024-06-11 15:32:24 INFO  Keywords:135 - ClickOnLink is called
2024-06-11 15:32:24 INFO  Keywords:282 - Waiting for webElement...next
2024-06-11 15:32:29 INFO  Keywords:285 - Element found...next
2024-06-11 15:33:06 INFO  Keywords:282 - Waiting for webElement...financialDetails.SourceOfFundsLI
2024-06-11 15:33:10 INFO  Keywords:285 - Element found...financialDetails.SourceOfFundsLI
2024-06-11 15:33:21 INFO  Keywords:282 - Waiting for webElement...financialDetails.SurrenderChargeSOFLI
2024-06-11 15:33:25 INFO  Keywords:285 - Element found...financialDetails.SurrenderChargeSOFLI
2024-06-11 15:33:31 INFO  Keywords:282 - Waiting for webElement...financialDetails.envisiontaking
2024-06-11 15:33:36 INFO  Keywords:285 - Element found...financialDetails.envisiontaking
2024-06-11 15:33:43 INFO  Keywords:282 - Waiting for webElement...financialDetails.federalfaxbracket
2024-06-11 15:33:47 INFO  Keywords:285 - Element found...financialDetails.federalfaxbracket
2024-06-11 15:33:51 INFO  Keywords:282 - Waiting for webElement...financialDetails.riskTolerance
2024-06-11 15:33:55 INFO  Keywords:285 - Element found...financialDetails.riskTolerance
2024-06-11 15:33:59 INFO  Keywords:282 - Waiting for webElement...financialDetails.Investmentobjectives
2024-06-11 15:34:03 INFO  Keywords:285 - Element found...financialDetails.Investmentobjectives
2024-06-11 15:34:07 INFO  Keywords:282 - Waiting for webElement...financialDetails.timehorizon
2024-06-11 15:34:11 INFO  Keywords:285 - Element found...financialDetails.timehorizon
2024-06-11 15:34:19 INFO  Keywords:282 - Waiting for webElement...financialDetails.investmentexperienceFA
2024-06-11 15:34:23 INFO  Keywords:285 - Element found...financialDetails.investmentexperienceFA
2024-06-11 15:34:28 INFO  Keywords:124 - InputText is called
2024-06-11 15:34:28 INFO  Keywords:282 - Waiting for webElement...financialDetails.investmentstartyear
2024-06-11 15:34:32 INFO  Keywords:285 - Element found...financialDetails.investmentstartyear
2024-06-11 15:34:37 INFO  Keywords:124 - InputText is called
2024-06-11 15:34:37 INFO  Keywords:282 - Waiting for webElement...financialdetails.wages
2024-06-11 15:34:42 INFO  Keywords:285 - Element found...financialdetails.wages
2024-06-11 15:34:45 INFO  Keywords:124 - InputText is called
2024-06-11 15:34:45 INFO  Keywords:282 - Waiting for webElement...financialdetails.livingexpenses
2024-06-11 15:34:50 INFO  Keywords:285 - Element found...financialdetails.livingexpenses
2024-06-11 15:34:53 INFO  Keywords:124 - InputText is called
2024-06-11 15:34:53 INFO  Keywords:282 - Waiting for webElement...financialdetails.personalinvestment
2024-06-11 15:34:58 INFO  Keywords:285 - Element found...financialdetails.personalinvestment
2024-06-11 15:35:01 INFO  Keywords:124 - InputText is called
2024-06-11 15:35:01 INFO  Keywords:282 - Waiting for webElement...financialdetails.fixeddebtexpenses
2024-06-11 15:35:05 INFO  Keywords:285 - Element found...financialdetails.fixeddebtexpenses
2024-06-11 15:35:10 INFO  Keywords:124 - InputText is called
2024-06-11 15:35:10 INFO  Keywords:282 - Waiting for webElement...financialdetails.rentalincome
2024-06-11 15:35:14 INFO  Keywords:285 - Element found...financialdetails.rentalincome
2024-06-11 15:35:19 INFO  Keywords:124 - InputText is called
2024-06-11 15:35:19 INFO  Keywords:282 - Waiting for webElement...financialdetails.variabledebtexpenses
2024-06-11 15:35:23 INFO  Keywords:285 - Element found...financialdetails.variabledebtexpenses
2024-06-11 15:35:29 INFO  Keywords:124 - InputText is called
2024-06-11 15:35:29 INFO  Keywords:282 - Waiting for webElement...financialdetails.incomepension
2024-06-11 15:35:33 INFO  Keywords:285 - Element found...financialdetails.incomepension
2024-06-11 15:35:37 INFO  Keywords:124 - InputText is called
2024-06-11 15:35:37 INFO  Keywords:282 - Waiting for webElement...financialdetails.discretionaryexpenses
2024-06-11 15:35:42 INFO  Keywords:285 - Element found...financialdetails.discretionaryexpenses
2024-06-11 15:35:45 INFO  Keywords:124 - InputText is called
2024-06-11 15:35:45 INFO  Keywords:282 - Waiting for webElement...financialdetails.socialsecurityincome
2024-06-11 15:35:50 INFO  Keywords:285 - Element found...financialdetails.socialsecurityincome
2024-06-11 15:35:54 INFO  Keywords:124 - InputText is called
2024-06-11 15:35:54 INFO  Keywords:282 - Waiting for webElement...financialdetails.otherincome
2024-06-11 15:35:58 INFO  Keywords:285 - Element found...financialdetails.otherincome
2024-06-11 15:36:02 INFO  Keywords:124 - InputText is called
2024-06-11 15:36:02 INFO  Keywords:282 - Waiting for webElement...financialdetails.bonds
2024-06-11 15:36:07 INFO  Keywords:285 - Element found...financialdetails.bonds
2024-06-11 15:36:18 INFO  Keywords:124 - InputText is called
2024-06-11 15:36:18 INFO  Keywords:282 - Waiting for webElement...financialdetails.businessTrustRealstate
2024-06-11 15:36:22 INFO  Keywords:285 - Element found...financialdetails.businessTrustRealstate
2024-06-11 15:36:32 INFO  Keywords:124 - InputText is called
2024-06-11 15:36:32 INFO  Keywords:282 - Waiting for webElement...financialdetails.retirementplan
2024-06-11 15:36:36 INFO  Keywords:285 - Element found...financialdetails.retirementplan
2024-06-11 15:36:41 INFO  Keywords:124 - InputText is called
2024-06-11 15:36:41 INFO  Keywords:282 - Waiting for webElement...financialdetails.equities
2024-06-11 15:36:45 INFO  Keywords:285 - Element found...financialdetails.equities
2024-06-11 15:36:49 INFO  Keywords:124 - InputText is called
2024-06-11 15:36:49 INFO  Keywords:282 - Waiting for webElement...financialdetails.facevalueilfeinsurance
2024-06-11 15:36:53 INFO  Keywords:285 - Element found...financialdetails.facevalueilfeinsurance
2024-06-11 15:36:58 INFO  Keywords:124 - InputText is called
2024-06-11 15:36:58 INFO  Keywords:282 - Waiting for webElement...financialdetails.fixedannuity
2024-06-11 15:37:02 INFO  Keywords:285 - Element found...financialdetails.fixedannuity
2024-06-11 15:37:06 INFO  Keywords:124 - InputText is called
2024-06-11 15:37:06 INFO  Keywords:282 - Waiting for webElement...financialdetails.indexannuity
2024-06-11 15:37:11 INFO  Keywords:285 - Element found...financialdetails.indexannuity
2024-06-11 15:37:15 INFO  Keywords:124 - InputText is called
2024-06-11 15:37:15 INFO  Keywords:282 - Waiting for webElement...financialdetails.liquidnetworth
2024-06-11 15:37:19 INFO  Keywords:285 - Element found...financialdetails.liquidnetworth
2024-06-11 15:37:23 INFO  Keywords:124 - InputText is called
2024-06-11 15:37:23 INFO  Keywords:282 - Waiting for webElement...financialdetails.mutualfund
2024-06-11 15:37:27 INFO  Keywords:285 - Element found...financialdetails.mutualfund
2024-06-11 15:37:31 INFO  Keywords:124 - InputText is called
2024-06-11 15:37:31 INFO  Keywords:282 - Waiting for webElement...financialdetails.otherbrokerage
2024-06-11 15:37:36 INFO  Keywords:285 - Element found...financialdetails.otherbrokerage
2024-06-11 15:37:40 INFO  Keywords:124 - InputText is called
2024-06-11 15:37:40 INFO  Keywords:282 - Waiting for webElement...financialdetails.policypremium
2024-06-11 15:37:44 INFO  Keywords:285 - Element found...financialdetails.policypremium
2024-06-11 15:37:49 INFO  Keywords:124 - InputText is called
2024-06-11 15:37:49 INFO  Keywords:282 - Waiting for webElement...financialdetails.variableannuity
2024-06-11 15:37:53 INFO  Keywords:285 - Element found...financialdetails.variableannuity
2024-06-11 15:37:58 INFO  Keywords:124 - InputText is called
2024-06-11 15:37:58 INFO  Keywords:282 - Waiting for webElement...financialdetails.totalpremium
2024-06-11 15:38:02 INFO  Keywords:285 - Element found...financialdetails.totalpremium
2024-06-11 15:38:10 INFO  Keywords:282 - Waiting for webElement...financialdetails.anticipatedchanges
2024-06-11 15:38:14 INFO  Keywords:285 - Element found...financialdetails.anticipatedchanges
2024-06-11 15:38:18 INFO  Keywords:282 - Waiting for webElement...financialdetails.nonguaranteedelementYes
2024-06-11 15:38:23 INFO  Keywords:285 - Element found...financialdetails.nonguaranteedelementYes
2024-06-11 15:38:27 INFO  Keywords:282 - Waiting for webElement...financialdetails.reversemortgage
2024-06-11 15:38:31 INFO  Keywords:285 - Element found...financialdetails.reversemortgage
2024-06-11 15:38:35 INFO  Keywords:135 - ClickOnLink is called
2024-06-11 15:38:35 INFO  Keywords:282 - Waiting for webElement...next
2024-06-11 15:38:39 INFO  Keywords:285 - Element found...next
2024-06-11 15:39:08 INFO  Keywords:282 - Waiting for webElement...payment.modal
2024-06-11 15:39:12 INFO  Keywords:285 - Element found...payment.modal
2024-06-11 15:40:47 INFO  Keywords:282 - Waiting for webElement...payment.method
2024-06-11 15:40:51 INFO  Keywords:285 - Element found...payment.method
2024-06-11 15:41:01 INFO  Keywords:124 - InputText is called
2024-06-11 15:41:01 INFO  Keywords:282 - Waiting for webElement...payment.premium
2024-06-11 15:41:05 INFO  Keywords:285 - Element found...payment.premium
2024-06-11 15:41:23 INFO  Keywords:135 - ClickOnLink is called
2024-06-11 15:41:23 INFO  Keywords:282 - Waiting for webElement...next
2024-06-11 15:41:27 INFO  Keywords:285 - Element found...next
2024-06-11 15:42:06 INFO  Keywords:282 - Waiting for webElement...existinginsurance.borrowingfunds
2024-06-11 15:42:10 INFO  Keywords:285 - Element found...existinginsurance.borrowingfunds
2024-06-11 15:42:15 INFO  Keywords:282 - Waiting for webElement...existinginsurance.terminatingexistinglifepolicyNo
2024-06-11 15:42:19 INFO  Keywords:285 - Element found...existinginsurance.terminatingexistinglifepolicyNo
2024-06-11 15:42:24 INFO  Keywords:282 - Waiting for webElement...existinginsurance.DisabilityPoliciesNo
2024-06-11 15:42:28 INFO  Keywords:285 - Element found...existinginsurance.DisabilityPoliciesNo
2024-06-11 15:42:41 INFO  Keywords:282 - Waiting for webElement...existinginsurance.longtermpolicyNo
2024-06-11 15:42:46 INFO  Keywords:285 - Element found...existinginsurance.longtermpolicyNo
2024-06-11 15:42:51 INFO  Keywords:282 - Waiting for webElement...existinglongterminsurance.NO
2024-06-11 15:42:55 INFO  Keywords:285 - Element found...existinglongterminsurance.NO
2024-06-11 15:43:04 INFO  Keywords:135 - ClickOnLink is called
2024-06-11 15:43:04 INFO  Keywords:282 - Waiting for webElement...next
2024-06-11 15:43:08 INFO  Keywords:285 - Element found...next
2024-06-11 15:43:36 INFO  Keywords:135 - ClickOnLink is called
2024-06-11 15:43:36 INFO  Keywords:282 - Waiting for webElement...next
2024-06-11 15:43:40 INFO  Keywords:285 - Element found...next
2024-06-11 15:44:10 INFO  Keywords:124 - InputText is called
2024-06-11 15:44:10 INFO  Keywords:282 - Waiting for webElement...additionalclientquestion.q1
2024-06-11 15:44:14 INFO  Keywords:285 - Element found...additionalclientquestion.q1
2024-06-11 15:44:20 INFO  Keywords:124 - InputText is called
2024-06-11 15:44:20 INFO  Keywords:282 - Waiting for webElement...additionalclientquestion.q2
2024-06-11 15:44:24 INFO  Keywords:285 - Element found...additionalclientquestion.q2
2024-06-11 15:44:32 INFO  Keywords:124 - InputText is called
2024-06-11 15:44:32 INFO  Keywords:282 - Waiting for webElement...additionalclientquestion.q3
2024-06-11 15:44:36 INFO  Keywords:285 - Element found...additionalclientquestion.q3
2024-06-11 15:44:41 INFO  Keywords:124 - InputText is called
2024-06-11 15:44:41 INFO  Keywords:282 - Waiting for webElement...additionalclientquestion.q4
2024-06-11 15:46:28 INFO  Keywords:124 - InputText is called
2024-06-11 15:46:28 INFO  Keywords:282 - Waiting for webElement...additionalclientquestion.q5
2024-06-11 15:47:32 INFO  Keywords:482 - GetText is called
2024-06-11 15:47:32 INFO  Keywords:282 - Waiting for webElement...ebixTxnID
2024-06-11 15:47:37 INFO  Keywords:285 - Element found...ebixTxnID
2024-06-11 15:47:37 INFO  Keywords:486 - LinkId: 530973
2024-06-11 15:47:37 INFO  Keywords:530 - LinkId: 530973
2024-06-11 15:47:51 INFO  Keywords:482 - GetText is called
2024-06-11 15:47:51 INFO  Keywords:282 - Waiting for webElement...ebixTxnID
2024-06-11 15:47:56 INFO  Keywords:285 - Element found...ebixTxnID
2024-06-11 15:47:56 INFO  Keywords:486 - LinkId: 530973
2024-06-11 15:48:01 INFO  Keywords:135 - ClickOnLink is called
2024-06-11 15:48:01 INFO  Keywords:282 - Waiting for webElement...attachment
2024-06-11 15:48:05 INFO  Keywords:285 - Element found...attachment
2024-06-11 15:48:16 INFO  Keywords:282 - Waiting for webElement...attachment.documenttype
2024-06-11 15:48:21 INFO  Keywords:285 - Element found...attachment.documenttype
2024-06-11 15:48:27 INFO  Keywords:124 - InputText is called
2024-06-11 15:48:27 INFO  Keywords:282 - Waiting for webElement...attachment.choosefile
2024-06-11 15:48:31 INFO  Keywords:285 - Element found...attachment.choosefile
2024-06-11 15:48:36 INFO  Keywords:135 - ClickOnLink is called
2024-06-11 15:48:36 INFO  Keywords:282 - Waiting for webElement...attachment.upload
2024-06-11 15:48:41 INFO  Keywords:285 - Element found...attachment.upload
2024-06-11 15:50:36 INFO  Keywords:409 - switching to particular window...
2024-06-11 15:50:41 INFO  Keywords:482 - GetText is called
2024-06-11 15:50:41 INFO  Keywords:282 - Waiting for webElement...ebixTxnID
2024-06-11 15:50:46 INFO  Keywords:285 - Element found...ebixTxnID
2024-06-11 15:50:46 INFO  Keywords:486 - LinkId: 530973
2024-06-11 15:50:46 INFO  Keywords:530 - LinkId: 530973
2024-06-11 15:53:08 INFO  Keywords:482 - GetText is called
2024-06-11 15:53:08 INFO  Keywords:282 - Waiting for webElement...ebixTxnID
2024-06-11 15:53:12 INFO  Keywords:285 - Element found...ebixTxnID
2024-06-11 15:53:12 INFO  Keywords:486 - LinkId: 530973
2024-06-11 15:53:19 INFO  Keywords:135 - ClickOnLink is called
2024-06-11 15:53:19 INFO  Keywords:282 - Waiting for webElement...next
2024-06-11 15:53:23 INFO  Keywords:285 - Element found...next
2024-06-11 15:54:05 INFO  Keywords:135 - ClickOnLink is called
2024-06-11 15:54:05 INFO  Keywords:282 - Waiting for webElement...validate.button
2024-06-11 15:54:09 INFO  Keywords:285 - Element found...validate.button
2024-06-11 15:54:59 INFO  Keywords:135 - ClickOnLink is called
2024-06-11 15:54:59 INFO  Keywords:282 - Waiting for webElement...notification.continue
2024-06-11 15:55:03 INFO  Keywords:285 - Element found...notification.continue
2024-06-11 15:55:40 INFO  Keywords:135 - ClickOnLink is called
2024-06-11 15:55:40 INFO  Keywords:282 - Waiting for webElement...esignature.optout
2024-06-11 15:55:44 INFO  Keywords:285 - Element found...esignature.optout
2024-06-11 15:57:29 INFO  Keywords:147 - VerifyText is called
2024-06-11 15:57:29 INFO  Keywords:282 - Waiting for webElement...WebElement
2024-06-11 15:57:47 INFO  Keywords:135 - ClickOnLink is called
2024-06-11 15:57:47 INFO  Keywords:282 - Waiting for webElement...attachment
2024-06-11 15:57:51 INFO  Keywords:285 - Element found...attachment
2024-06-11 15:58:03 INFO  Keywords:282 - Waiting for webElement...attachment.documenttype
2024-06-11 15:58:07 INFO  Keywords:285 - Element found...attachment.documenttype
2024-06-11 15:58:13 INFO  Keywords:124 - InputText is called
2024-06-11 15:58:13 INFO  Keywords:282 - Waiting for webElement...attachment.choosefile
2024-06-11 15:58:18 INFO  Keywords:285 - Element found...attachment.choosefile
2024-06-11 15:58:23 INFO  Keywords:135 - ClickOnLink is called
2024-06-11 15:58:23 INFO  Keywords:282 - Waiting for webElement...attachment.upload
2024-06-11 15:58:27 INFO  Keywords:285 - Element found...attachment.upload
2024-06-11 15:58:56 INFO  Keywords:135 - ClickOnLink is called
2024-06-11 15:58:56 INFO  Keywords:282 - Waiting for webElement...RequestSignatures
2024-06-11 15:59:01 INFO  Keywords:285 - Element found...RequestSignatures
2024-06-11 15:59:33 INFO  Keywords:282 - Waiting for webElement...attachment.documenttype
2024-06-11 15:59:37 INFO  Keywords:285 - Element found...attachment.documenttype
2024-06-11 15:59:44 INFO  Keywords:124 - InputText is called
2024-06-11 15:59:44 INFO  Keywords:282 - Waiting for webElement...attachment.choosefile
2024-06-11 15:59:48 INFO  Keywords:285 - Element found...attachment.choosefile
2024-06-11 15:59:54 INFO  Keywords:135 - ClickOnLink is called
2024-06-11 15:59:54 INFO  Keywords:282 - Waiting for webElement...attachment.upload
2024-06-11 15:59:58 INFO  Keywords:285 - Element found...attachment.upload
2024-06-11 16:00:26 INFO  Keywords:135 - ClickOnLink is called
2024-06-11 16:00:26 INFO  Keywords:282 - Waiting for webElement...SubmitButton
2024-06-11 16:00:30 INFO  Keywords:285 - Element found...SubmitButton
2024-06-11 16:02:15 INFO  Keywords:428 - switching to parent window...
2024-06-11 16:02:20 INFO  Keywords:98 - Navigate is called
2024-06-11 16:02:24 INFO  Keywords:496 - ClearText is called
2024-06-11 16:02:24 INFO  Keywords:282 - Waiting for webElement...gateway.username
2024-06-11 16:02:29 INFO  Keywords:285 - Element found...gateway.username
2024-06-11 16:02:29 INFO  Keywords:500 - LinkId: 530973
2024-06-11 16:02:34 INFO  Keywords:124 - InputText is called
2024-06-11 16:02:34 INFO  Keywords:282 - Waiting for webElement...gateway.username
2024-06-11 16:02:39 INFO  Keywords:285 - Element found...gateway.username
2024-06-11 16:02:44 INFO  Keywords:496 - ClearText is called
2024-06-11 16:02:44 INFO  Keywords:282 - Waiting for webElement...gateway.password
2024-06-11 16:02:48 INFO  Keywords:285 - Element found...gateway.password
2024-06-11 16:02:49 INFO  Keywords:500 - LinkId: 530973
2024-06-11 16:03:08 INFO  Keywords:124 - InputText is called
2024-06-11 16:03:08 INFO  Keywords:282 - Waiting for webElement...gateway.password
2024-06-11 16:03:13 INFO  Keywords:285 - Element found...gateway.password
2024-06-11 16:03:18 INFO  Keywords:135 - ClickOnLink is called
2024-06-11 16:03:18 INFO  Keywords:282 - Waiting for webElement...gateway.login
2024-06-11 16:03:22 INFO  Keywords:285 - Element found...gateway.login
2024-06-11 16:03:52 INFO  Keywords:135 - ClickOnLink is called
2024-06-11 16:03:52 INFO  Keywords:282 - Waiting for webElement...management
2024-06-11 16:03:56 INFO  Keywords:285 - Element found...management
2024-06-11 16:03:59 INFO  Keywords:282 - Waiting for webElement...managementTools
2024-06-11 16:04:04 INFO  Keywords:285 - Element found...managementTools
2024-06-11 16:04:08 INFO  Keywords:135 - ClickOnLink is called
2024-06-11 16:04:08 INFO  Keywords:282 - Waiting for webElement...feedManagement
2024-06-11 16:04:13 INFO  Keywords:285 - Element found...feedManagement
2024-06-11 16:04:42 INFO  Keywords:135 - ClickOnLink is called
2024-06-11 16:04:42 INFO  Keywords:282 - Waiting for webElement...searchPanel
2024-06-11 16:04:47 INFO  Keywords:285 - Element found...searchPanel
2024-06-11 16:04:51 INFO  Keywords:282 - Waiting for webElement...selectTransactionID
2024-06-11 16:04:55 INFO  Keywords:285 - Element found...selectTransactionID
2024-06-11 16:05:00 INFO  Keywords:124 - InputText is called
2024-06-11 16:05:00 INFO  Keywords:282 - Waiting for webElement...enterTransactioID
2024-06-11 16:05:04 INFO  Keywords:285 - Element found...enterTransactioID
2024-06-11 16:05:11 INFO  Keywords:135 - ClickOnLink is called
2024-06-11 16:05:11 INFO  Keywords:282 - Waiting for webElement...searchbutton
2024-06-11 16:05:16 INFO  Keywords:285 - Element found...searchbutton
2024-06-11 16:05:41 INFO  Keywords:135 - ClickOnLink is called
2024-06-11 16:05:41 INFO  Keywords:282 - Waiting for webElement...transactionSearchmyResult
2024-06-11 16:05:45 INFO  Keywords:285 - Element found...transactionSearchmyResult
2024-06-11 16:06:13 INFO  Keywords:135 - ClickOnLink is called
2024-06-11 16:06:13 INFO  Keywords:282 - Waiting for webElement...onenotThree
2024-06-11 16:06:17 INFO  Keywords:285 - Element found...onenotThree
2024-06-11 16:06:32 INFO  Keywords:282 - Waiting for webElement...103ResponseXML
2024-06-11 16:06:37 INFO  Keywords:285 - Element found...103ResponseXML
2024-06-11 16:07:47 INFO  Keywords:428 - switching to parent window...
2024-06-11 16:08:13 INFO  Keywords:98 - Navigate is called
2024-06-11 16:08:18 INFO  Keywords:496 - ClearText is called
2024-06-11 16:08:18 INFO  Keywords:282 - Waiting for webElement...gateway.username
2024-06-11 16:08:22 INFO  Keywords:285 - Element found...gateway.username
2024-06-11 16:08:22 INFO  Keywords:500 - <soap:Envelope xmlns:soap="http://schemas.xmlsoap.org/soap/envelope/" xmlns:xsd="http://www.w3.org/2001/XMLSchema" xmlns:acord="http://ACORD.org/Standards/Life/2" xmlns:finetre="www.finetre.com/webservices" xmlns:user="http://www.annuitynet.com/namespace" xmlns:xsi="http://www.w3.org/2001/XMLSchema-instance"><soap:Header><Header xmlns="www.finetre.com/webservices"><SessionId/><TransactionType>TransactionXML</TransactionType><ServiceVersion>1</ServiceVersion><RequestorId/><RequestorKey xsi:nil="true"/><ResponderId>SO</ResponderId><ResponderKey xsi:nil="true"/><RequestGUID>CB9A7BF6-ED10-49FF-AC69-F77F5C9B772C</RequestGUID><RequestSentDateTime/><RequestReceivedDateTime>2024-6-11T9:55:12</RequestReceivedDateTime><ResponseSentDateTime>2024-6-11T9:55:12</ResponseSentDateTime><ResponseReceivedDateTime>0001-01-01T00:00:00.0000000-05:00</ResponseReceivedDateTime><Extensions xsi:nil="true"/></Header></soap:Header><soap:Body><UploadResponse xmlns="www.finetre.com/webservices"><Data><Status>Success</Status><Errors xsi:nil="false"/><Extensions xsi:nil="true"/></Data></UploadResponse></soap:Body></soap:Envelope>
2024-06-11 16:08:27 INFO  Keywords:124 - InputText is called
2024-06-11 16:08:27 INFO  Keywords:282 - Waiting for webElement...gateway.username
2024-06-11 16:08:31 INFO  Keywords:285 - Element found...gateway.username
2024-06-11 16:08:35 INFO  Keywords:496 - ClearText is called
2024-06-11 16:08:35 INFO  Keywords:282 - Waiting for webElement...gateway.password
2024-06-11 16:08:39 INFO  Keywords:285 - Element found...gateway.password
2024-06-11 16:08:39 INFO  Keywords:500 - <soap:Envelope xmlns:soap="http://schemas.xmlsoap.org/soap/envelope/" xmlns:xsd="http://www.w3.org/2001/XMLSchema" xmlns:acord="http://ACORD.org/Standards/Life/2" xmlns:finetre="www.finetre.com/webservices" xmlns:user="http://www.annuitynet.com/namespace" xmlns:xsi="http://www.w3.org/2001/XMLSchema-instance"><soap:Header><Header xmlns="www.finetre.com/webservices"><SessionId/><TransactionType>TransactionXML</TransactionType><ServiceVersion>1</ServiceVersion><RequestorId/><RequestorKey xsi:nil="true"/><ResponderId>SO</ResponderId><ResponderKey xsi:nil="true"/><RequestGUID>CB9A7BF6-ED10-49FF-AC69-F77F5C9B772C</RequestGUID><RequestSentDateTime/><RequestReceivedDateTime>2024-6-11T9:55:12</RequestReceivedDateTime><ResponseSentDateTime>2024-6-11T9:55:12</ResponseSentDateTime><ResponseReceivedDateTime>0001-01-01T00:00:00.0000000-05:00</ResponseReceivedDateTime><Extensions xsi:nil="true"/></Header></soap:Header><soap:Body><UploadResponse xmlns="www.finetre.com/webservices"><Data><Status>Success</Status><Errors xsi:nil="false"/><Extensions xsi:nil="true"/></Data></UploadResponse></soap:Body></soap:Envelope>
2024-06-11 16:08:42 INFO  Keywords:124 - InputText is called
2024-06-11 16:08:42 INFO  Keywords:282 - Waiting for webElement...gateway.password
2024-06-11 16:08:47 INFO  Keywords:285 - Element found...gateway.password
2024-06-11 16:08:51 INFO  Keywords:135 - ClickOnLink is called
2024-06-11 16:08:51 INFO  Keywords:282 - Waiting for webElement...gateway.login
2024-06-11 16:08:56 INFO  Keywords:285 - Element found...gateway.login
2024-06-11 16:09:28 INFO  Keywords:135 - ClickOnLink is called
2024-06-11 16:09:28 INFO  Keywords:282 - Waiting for webElement...management
2024-06-11 16:09:32 INFO  Keywords:285 - Element found...management
2024-06-11 16:09:37 INFO  Keywords:282 - Waiting for webElement...managementTools
2024-06-11 16:09:41 INFO  Keywords:285 - Element found...managementTools
2024-06-11 16:09:49 INFO  Keywords:135 - ClickOnLink is called
2024-06-11 16:09:49 INFO  Keywords:282 - Waiting for webElement...feedManagement
2024-06-11 16:09:54 INFO  Keywords:285 - Element found...feedManagement
2024-06-11 16:10:23 INFO  Keywords:135 - ClickOnLink is called
2024-06-11 16:10:23 INFO  Keywords:282 - Waiting for webElement...searchPanel
2024-06-11 16:10:27 INFO  Keywords:285 - Element found...searchPanel
2024-06-11 16:10:37 INFO  Keywords:282 - Waiting for webElement...selectTransactionID
2024-06-11 16:10:41 INFO  Keywords:285 - Element found...selectTransactionID
2024-06-11 16:10:51 INFO  Keywords:124 - InputText is called
2024-06-11 16:10:51 INFO  Keywords:282 - Waiting for webElement...enterTransactioID
2024-06-11 16:10:55 INFO  Keywords:285 - Element found...enterTransactioID
2024-06-11 16:11:00 INFO  Keywords:135 - ClickOnLink is called
2024-06-11 16:11:00 INFO  Keywords:282 - Waiting for webElement...searchbutton
2024-06-11 16:11:05 INFO  Keywords:285 - Element found...searchbutton
2024-06-11 16:11:32 INFO  Keywords:135 - ClickOnLink is called
2024-06-11 16:11:32 INFO  Keywords:282 - Waiting for webElement...transactionSearchmyResult
2024-06-11 16:11:36 INFO  Keywords:285 - Element found...transactionSearchmyResult
2024-06-11 16:12:14 INFO  Keywords:135 - ClickOnLink is called
2024-06-11 16:12:14 INFO  Keywords:282 - Waiting for webElement...RTSMButton
2024-06-11 16:12:19 INFO  Keywords:285 - Element found...RTSMButton
2024-06-11 16:12:35 INFO  Keywords:282 - Waiting for webElement...RTSMResponseXML
2024-06-11 16:12:39 INFO  Keywords:285 - Element found...RTSMResponseXML
