2024-05-16 09:54:19 INFO  Keywords:98 - Navigate is called
2024-05-16 09:54:28 INFO  Keywords:124 - InputText is called
2024-05-16 09:54:28 INFO  Keywords:282 - Waiting for webElement...gateway.username
2024-05-16 09:54:29 INFO  Keywords:285 - Element found...gateway.username
2024-05-16 09:54:30 INFO  Keywords:124 - InputText is called
2024-05-16 09:54:30 INFO  Keywords:282 - Waiting for webElement...gateway.password
2024-05-16 09:54:30 INFO  Keywords:285 - Element found...gateway.password
2024-05-16 09:54:30 INFO  Keywords:135 - ClickOnLink is called
2024-05-16 09:54:30 INFO  Keywords:282 - Waiting for webElement...gateway.login
2024-05-16 09:54:30 INFO  Keywords:285 - Element found...gateway.login
2024-05-16 09:55:13 INFO  Keywords:135 - ClickOnLink is called
2024-05-16 09:55:13 INFO  Keywords:282 - Waiting for webElement...postsamldata
2024-05-16 09:55:13 INFO  Keywords:285 - Element found...postsamldata
2024-05-16 09:55:31 INFO  Keywords:135 - ClickOnLink is called
2024-05-16 09:55:31 INFO  Keywords:282 - Waiting for webElement...next
2024-05-16 09:56:02 INFO  Keywords:124 - InputText is called
2024-05-16 09:56:02 INFO  Keywords:282 - Waiting for webElement...policyConfiguration.insuranceamount
2024-05-16 09:56:12 INFO  Keywords:282 - Waiting for webElement...policyConfiguration.LTC
2024-05-16 09:56:22 INFO  Keywords:282 - Waiting for webElement...policyConfiguration.payors
2024-05-16 09:56:32 INFO  Keywords:282 - Waiting for webElement...policyConfiguration.purposeofpolicy
2024-05-16 09:56:42 INFO  Keywords:135 - ClickOnLink is called
2024-05-16 09:56:42 INFO  Keywords:282 - Waiting for webElement...next
2024-05-16 09:56:42 INFO  Keywords:285 - Element found...next
2024-05-16 09:58:18 INFO  Keywords:282 - Waiting for webElement...primaryinsured.birthcountry
2024-05-16 09:58:28 INFO  Keywords:282 - Waiting for webElement...primaryinsured.birthstate
2024-05-16 09:58:38 INFO  Keywords:124 - InputText is called
2024-05-16 09:58:38 INFO  Keywords:282 - Waiting for webElement...primaryinsured.birthcity
2024-05-16 09:58:49 INFO  Keywords:135 - ClickOnLink is called
2024-05-16 09:58:49 INFO  Keywords:282 - Waiting for webElement...next
2024-05-16 09:58:49 INFO  Keywords:285 - Element found...next
2024-05-16 09:59:11 INFO  Keywords:135 - ClickOnLink is called
2024-05-16 09:59:11 INFO  Keywords:282 - Waiting for webElement...next
2024-05-16 09:59:11 INFO  Keywords:285 - Element found...next
2024-05-16 09:59:27 INFO  Keywords:282 - Waiting for webElement...EntityRelationship
2024-05-16 09:59:38 INFO  Keywords:135 - ClickOnLink is called
2024-05-16 09:59:38 INFO  Keywords:282 - Waiting for webElement...next
2024-05-16 09:59:38 INFO  Keywords:285 - Element found...next
2024-05-16 09:59:54 INFO  Keywords:282 - Waiting for webElement...financialDetails.SourceOfFundsLI
2024-05-16 10:00:04 INFO  Keywords:282 - Waiting for webElement...financialDetails.SurrenderChargeSOFLI
2024-05-16 10:00:14 INFO  Keywords:282 - Waiting for webElement...financialDetails.envisiontaking
2024-05-16 10:00:25 INFO  Keywords:282 - Waiting for webElement...financialDetails.federalfaxbracket
2024-05-16 10:00:35 INFO  Keywords:282 - Waiting for webElement...financialDetails.riskTolerance
2024-05-16 10:00:45 INFO  Keywords:282 - Waiting for webElement...financialDetails.Investmentobjectives
2024-05-16 10:00:55 INFO  Keywords:282 - Waiting for webElement...financialDetails.timehorizon
2024-05-16 10:01:05 INFO  Keywords:282 - Waiting for webElement...financialDetails.investmentexperienceFA
2024-05-16 10:01:15 INFO  Keywords:124 - InputText is called
2024-05-16 10:01:15 INFO  Keywords:282 - Waiting for webElement...financialDetails.investmentstartyear
2024-05-16 10:01:26 INFO  Keywords:124 - InputText is called
2024-05-16 10:01:26 INFO  Keywords:282 - Waiting for webElement...financialdetails.wages
2024-05-16 10:01:36 INFO  Keywords:124 - InputText is called
2024-05-16 10:01:36 INFO  Keywords:282 - Waiting for webElement...financialdetails.livingexpenses
2024-05-16 10:01:46 INFO  Keywords:124 - InputText is called
2024-05-16 10:01:46 INFO  Keywords:282 - Waiting for webElement...financialdetails.personalinvestment
2024-05-16 10:01:56 INFO  Keywords:124 - InputText is called
2024-05-16 10:01:56 INFO  Keywords:282 - Waiting for webElement...financialdetails.fixeddebtexpenses
2024-05-16 10:02:06 INFO  Keywords:124 - InputText is called
2024-05-16 10:02:06 INFO  Keywords:282 - Waiting for webElement...financialdetails.rentalincome
2024-05-16 10:02:16 INFO  Keywords:124 - InputText is called
2024-05-16 10:02:16 INFO  Keywords:282 - Waiting for webElement...financialdetails.variabledebtexpenses
2024-05-16 10:02:26 INFO  Keywords:124 - InputText is called
2024-05-16 10:02:26 INFO  Keywords:282 - Waiting for webElement...financialdetails.incomepension
2024-05-16 10:02:36 INFO  Keywords:124 - InputText is called
2024-05-16 10:02:36 INFO  Keywords:282 - Waiting for webElement...financialdetails.discretionaryexpenses
2024-05-16 10:02:46 INFO  Keywords:124 - InputText is called
2024-05-16 10:02:46 INFO  Keywords:282 - Waiting for webElement...financialdetails.socialsecurityincome
2024-05-16 10:02:57 INFO  Keywords:124 - InputText is called
2024-05-16 10:02:57 INFO  Keywords:282 - Waiting for webElement...financialdetails.otherincome
2024-05-16 10:03:07 INFO  Keywords:124 - InputText is called
2024-05-16 10:03:07 INFO  Keywords:282 - Waiting for webElement...financialdetails.bonds
2024-05-16 10:03:17 INFO  Keywords:124 - InputText is called
2024-05-16 10:03:17 INFO  Keywords:282 - Waiting for webElement...financialdetails.businessTrustRealstate
2024-05-16 10:03:27 INFO  Keywords:124 - InputText is called
2024-05-16 10:03:27 INFO  Keywords:282 - Waiting for webElement...financialdetails.retirementplan
2024-05-16 10:03:37 INFO  Keywords:124 - InputText is called
2024-05-16 10:03:37 INFO  Keywords:282 - Waiting for webElement...financialdetails.equities
2024-05-16 10:03:47 INFO  Keywords:124 - InputText is called
2024-05-16 10:03:47 INFO  Keywords:282 - Waiting for webElement...financialdetails.facevalueilfeinsurance
2024-05-16 10:03:57 INFO  Keywords:124 - InputText is called
2024-05-16 10:03:57 INFO  Keywords:282 - Waiting for webElement...financialdetails.fixedannuity
2024-05-16 10:04:07 INFO  Keywords:124 - InputText is called
2024-05-16 10:04:07 INFO  Keywords:282 - Waiting for webElement...financialdetails.indexannuity
2024-05-16 10:04:17 INFO  Keywords:124 - InputText is called
2024-05-16 10:04:17 INFO  Keywords:282 - Waiting for webElement...financialdetails.liquidnetworth
2024-05-16 10:04:27 INFO  Keywords:124 - InputText is called
2024-05-16 10:04:27 INFO  Keywords:282 - Waiting for webElement...financialdetails.mutualfund
2024-05-16 10:04:37 INFO  Keywords:124 - InputText is called
2024-05-16 10:04:37 INFO  Keywords:282 - Waiting for webElement...financialdetails.otherbrokerage
2024-05-16 10:04:47 INFO  Keywords:124 - InputText is called
2024-05-16 10:04:47 INFO  Keywords:282 - Waiting for webElement...financialdetails.policypremium
2024-05-16 10:04:58 INFO  Keywords:124 - InputText is called
2024-05-16 10:04:58 INFO  Keywords:282 - Waiting for webElement...financialdetails.variableannuity
2024-05-16 10:05:08 INFO  Keywords:124 - InputText is called
2024-05-16 10:05:08 INFO  Keywords:282 - Waiting for webElement...financialdetails.totalpremium
2024-05-16 10:05:18 INFO  Keywords:282 - Waiting for webElement...financialdetails.anticipatedchanges
2024-05-16 10:05:28 INFO  Keywords:282 - Waiting for webElement...financialdetails.nonguaranteedelement
2024-05-16 10:05:38 INFO  Keywords:282 - Waiting for webElement...financialdetails.reversemortgage
2024-05-16 10:05:48 INFO  Keywords:135 - ClickOnLink is called
2024-05-16 10:05:48 INFO  Keywords:282 - Waiting for webElement...next
2024-05-16 10:05:48 INFO  Keywords:285 - Element found...next
2024-05-16 10:06:04 INFO  Keywords:282 - Waiting for webElement...payment.modal
2024-05-16 10:06:30 INFO  Keywords:282 - Waiting for webElement...payment.method
2024-05-16 10:06:40 INFO  Keywords:124 - InputText is called
2024-05-16 10:06:40 INFO  Keywords:282 - Waiting for webElement...payment.premium
2024-05-16 10:06:51 INFO  Keywords:135 - ClickOnLink is called
2024-05-16 10:06:51 INFO  Keywords:282 - Waiting for webElement...next
2024-05-16 10:06:51 INFO  Keywords:285 - Element found...next
2024-05-16 10:07:07 INFO  Keywords:282 - Waiting for webElement...existinginsurance.borrowingfunds
2024-05-16 10:07:17 INFO  Keywords:282 - Waiting for webElement...existinginsurance.terminatingexistinglifepolicy
2024-05-16 10:07:27 INFO  Keywords:282 - Waiting for webElement...existinginsurance.longtermcoverage
2024-05-16 10:07:37 INFO  Keywords:282 - Waiting for webElement...existanceterminating.InsuranceCompanyName
2024-05-16 10:07:47 INFO  Keywords:124 - InputText is called
2024-05-16 10:07:47 INFO  Keywords:282 - Waiting for webElement...existanceterminating.ProductName
2024-05-16 10:07:57 INFO  Keywords:124 - InputText is called
2024-05-16 10:07:57 INFO  Keywords:282 - Waiting for webElement...existanceterminating.Insured
2024-05-16 10:08:07 INFO  Keywords:124 - InputText is called
2024-05-16 10:08:07 INFO  Keywords:282 - Waiting for webElement...existanceterminating.Owner
2024-05-16 10:08:17 INFO  Keywords:124 - InputText is called
2024-05-16 10:08:17 INFO  Keywords:282 - Waiting for webElement...existanceterminating.DateIssued
2024-05-16 10:08:28 INFO  Keywords:124 - InputText is called
2024-05-16 10:08:28 INFO  Keywords:282 - Waiting for webElement...existanceterminating.AmountOfInsurance
2024-05-16 10:08:38 INFO  Keywords:282 - Waiting for webElement...existanceterminating.ExistingInsuranceType
2024-05-16 10:08:48 INFO  Keywords:282 - Waiting for webElement...existanceterminating.ProductType
2024-05-16 10:08:58 INFO  Keywords:282 - Waiting for webElement...existanceterminating.LifeProductType
2024-05-16 10:09:08 INFO  Keywords:124 - InputText is called
2024-05-16 10:09:08 INFO  Keywords:282 - Waiting for webElement...existanceterminating.PolicyNo
2024-05-16 10:09:18 INFO  Keywords:282 - Waiting for webElement...existanceterminating.PurposeOfPolicy
2024-05-16 10:09:28 INFO  Keywords:282 - Waiting for webElement...existanceterminating.FundsNewPolicy
2024-05-16 10:09:38 INFO  Keywords:282 - Waiting for webElement...existanceterminating.ReplacingNewPolicy
2024-05-16 10:09:49 INFO  Keywords:282 - Waiting for webElement...existanceterminating.ReplacementThType
2024-05-16 10:09:59 INFO  Keywords:282 - Waiting for webElement...existanceterminating.1035ThExchange
2024-05-16 10:10:09 INFO  Keywords:124 - InputText is called
2024-05-16 10:10:09 INFO  Keywords:282 - Waiting for webElement...existanceterminating.ReasonReplacement
2024-05-16 10:10:19 INFO  Keywords:124 - InputText is called
2024-05-16 10:10:19 INFO  Keywords:282 - Waiting for webElement...existanceterminating.NoOfPolicy
2024-05-16 10:10:29 INFO  Keywords:124 - InputText is called
2024-05-16 10:10:29 INFO  Keywords:282 - Waiting for webElement...existanceterminating.PremiumPayment
2024-05-16 10:10:39 INFO  Keywords:124 - InputText is called
2024-05-16 10:10:39 INFO  Keywords:282 - Waiting for webElement...existanceterminating.FrequencyPremium
2024-05-16 10:10:49 INFO  Keywords:124 - InputText is called
2024-05-16 10:10:49 INFO  Keywords:282 - Waiting for webElement...existanceterminating.AmountBeingExchanged
2024-05-16 10:11:00 INFO  Keywords:124 - InputText is called
2024-05-16 10:11:00 INFO  Keywords:282 - Waiting for webElement...existanceterminating.SurrenderCharge
2024-05-16 10:11:10 INFO  Keywords:124 - InputText is called
2024-05-16 10:11:10 INFO  Keywords:282 - Waiting for webElement...existanceterminating.DeathBenefit
2024-05-16 10:11:20 INFO  Keywords:124 - InputText is called
2024-05-16 10:11:20 INFO  Keywords:282 - Waiting for webElement...existanceterminating.SpecialFeatures
2024-05-16 10:11:30 INFO  Keywords:282 - Waiting for webElement...existinginsurance.longtermpolicyYes
2024-05-16 10:11:40 INFO  Keywords:124 - InputText is called
2024-05-16 10:11:40 INFO  Keywords:282 - Waiting for webElement...existinglongtermpolicy.InsuranceName
2024-05-16 10:11:50 INFO  Keywords:124 - InputText is called
2024-05-16 10:11:50 INFO  Keywords:282 - Waiting for webElement...existinglongtermpolicy.policyCertificateNumber
2024-05-16 10:12:00 INFO  Keywords:124 - InputText is called
2024-05-16 10:12:00 INFO  Keywords:282 - Waiting for webElement...existinglongtermpolicy.ProductName
2024-05-16 10:12:10 INFO  Keywords:282 - Waiting for webElement...existinglongtermpolicy.ProductType
2024-05-16 10:12:20 INFO  Keywords:124 - InputText is called
2024-05-16 10:12:20 INFO  Keywords:282 - Waiting for webElement...existinglongtermpolicy.Insured
2024-05-16 10:12:31 INFO  Keywords:124 - InputText is called
2024-05-16 10:12:31 INFO  Keywords:282 - Waiting for webElement...existinglongtermpolicy.Owner
2024-05-16 10:12:41 INFO  Keywords:124 - InputText is called
2024-05-16 10:12:41 INFO  Keywords:282 - Waiting for webElement...existinglongtermpolicy.DailyBenefit
2024-05-16 10:12:51 INFO  Keywords:124 - InputText is called
2024-05-16 10:12:51 INFO  Keywords:282 - Waiting for webElement...existinglongtermpolicy.AmountOfInsurance
2024-05-16 10:13:01 INFO  Keywords:124 - InputText is called
2024-05-16 10:13:01 INFO  Keywords:282 - Waiting for webElement...existinglongtermpolicy.benefitAmount
2024-05-16 10:13:11 INFO  Keywords:124 - InputText is called
2024-05-16 10:13:11 INFO  Keywords:282 - Waiting for webElement...existinglongtermpolicy.benefitPeriod
2024-05-16 10:13:21 INFO  Keywords:282 - Waiting for webElement...existinginsurance.longterminsuranceYes
2024-05-16 10:13:31 INFO  Keywords:124 - InputText is called
2024-05-16 10:13:31 INFO  Keywords:282 - Waiting for webElement...existinglongterminsurance.InsuranceCompany
2024-05-16 10:13:41 INFO  Keywords:124 - InputText is called
2024-05-16 10:13:41 INFO  Keywords:282 - Waiting for webElement...existinglongterminsurance.Certificate
2024-05-16 10:13:54 INFO  Keywords:124 - InputText is called
2024-05-16 10:13:54 INFO  Keywords:282 - Waiting for webElement...existinglongterminsurance.LTCBenefit
2024-05-16 10:14:04 INFO  Keywords:124 - InputText is called
2024-05-16 10:14:04 INFO  Keywords:282 - Waiting for webElement...existinglongterminsurance.IssueDate
2024-05-16 10:14:15 INFO  Keywords:124 - InputText is called
2024-05-16 10:14:15 INFO  Keywords:282 - Waiting for webElement...existinglongterminsurance.LapseDate
2024-05-16 10:14:25 INFO  Keywords:135 - ClickOnLink is called
2024-05-16 10:14:25 INFO  Keywords:282 - Waiting for webElement...next
2024-05-16 10:14:25 INFO  Keywords:285 - Element found...next
2024-05-16 10:14:42 INFO  Keywords:135 - ClickOnLink is called
2024-05-16 10:14:42 INFO  Keywords:282 - Waiting for webElement...next
2024-05-16 10:14:42 INFO  Keywords:285 - Element found...next
2024-05-16 10:14:58 INFO  Keywords:124 - InputText is called
2024-05-16 10:14:58 INFO  Keywords:282 - Waiting for webElement...additionalclientquestion.q1
2024-05-16 10:15:08 INFO  Keywords:124 - InputText is called
2024-05-16 10:15:08 INFO  Keywords:282 - Waiting for webElement...additionalclientquestion.q2
2024-05-16 10:15:19 INFO  Keywords:124 - InputText is called
2024-05-16 10:15:19 INFO  Keywords:282 - Waiting for webElement...additionalclientquestion.q3
2024-05-16 10:15:29 INFO  Keywords:124 - InputText is called
2024-05-16 10:15:29 INFO  Keywords:282 - Waiting for webElement...additionalclientquestion.q4
2024-05-16 10:15:39 INFO  Keywords:124 - InputText is called
2024-05-16 10:15:39 INFO  Keywords:282 - Waiting for webElement...additionalclientquestion.q5
2024-05-16 10:15:49 INFO  Keywords:482 - GetText is called
2024-05-16 10:15:49 INFO  Keywords:282 - Waiting for webElement...ebixTxnID
2024-05-16 10:15:49 INFO  Keywords:285 - Element found...ebixTxnID
2024-05-16 10:15:50 INFO  Keywords:486 - LinkId: 529498
2024-05-16 10:15:50 INFO  Keywords:530 - LinkId: 529498
2024-05-16 10:15:53 INFO  Keywords:482 - GetText is called
2024-05-16 10:15:53 INFO  Keywords:282 - Waiting for webElement...ebixTxnID
2024-05-16 10:15:53 INFO  Keywords:285 - Element found...ebixTxnID
2024-05-16 10:15:53 INFO  Keywords:486 - LinkId: 529498
2024-05-16 10:15:53 INFO  Keywords:135 - ClickOnLink is called
2024-05-16 10:15:53 INFO  Keywords:282 - Waiting for webElement...next
2024-05-16 10:15:53 INFO  Keywords:285 - Element found...next
2024-05-16 10:16:09 INFO  Keywords:135 - ClickOnLink is called
2024-05-16 10:16:09 INFO  Keywords:282 - Waiting for webElement...validate.button
2024-05-16 10:16:52 INFO  Keywords:135 - ClickOnLink is called
2024-05-16 10:16:52 INFO  Keywords:282 - Waiting for webElement...notification.continue
2024-05-16 10:16:52 INFO  Keywords:285 - Element found...notification.continue
2024-05-16 10:17:12 INFO  Keywords:135 - ClickOnLink is called
2024-05-16 10:17:12 INFO  Keywords:282 - Waiting for webElement...esignature.optout
2024-05-16 10:18:54 INFO  Keywords:147 - VerifyText is called
2024-05-16 10:18:54 INFO  Keywords:282 - Waiting for webElement...WebElement
2024-05-16 10:18:54 INFO  Keywords:135 - ClickOnLink is called
2024-05-16 10:18:54 INFO  Keywords:282 - Waiting for webElement...attachment
2024-05-16 10:18:54 INFO  Keywords:285 - Element found...attachment
2024-05-16 10:19:31 INFO  Keywords:282 - Waiting for webElement...attachment.documenttype
2024-05-16 10:19:34 INFO  Keywords:285 - Element found...attachment.documenttype
2024-05-16 10:19:38 INFO  Keywords:124 - InputText is called
2024-05-16 10:19:38 INFO  Keywords:282 - Waiting for webElement...attachment.choosefile
2024-05-16 10:19:38 INFO  Keywords:285 - Element found...attachment.choosefile
2024-05-16 10:19:39 INFO  Keywords:135 - ClickOnLink is called
2024-05-16 10:19:39 INFO  Keywords:282 - Waiting for webElement...attachment.upload
2024-05-16 10:19:39 INFO  Keywords:285 - Element found...attachment.upload
2024-05-16 10:20:01 INFO  Keywords:135 - ClickOnLink is called
2024-05-16 10:20:01 INFO  Keywords:282 - Waiting for webElement...RequestSignatures
2024-05-16 10:20:27 INFO  Keywords:282 - Waiting for webElement...attachment.documenttype
2024-05-16 10:20:27 INFO  Keywords:285 - Element found...attachment.documenttype
2024-05-16 10:20:27 INFO  Keywords:124 - InputText is called
2024-05-16 10:20:27 INFO  Keywords:282 - Waiting for webElement...attachment.choosefile
2024-05-16 10:20:28 INFO  Keywords:285 - Element found...attachment.choosefile
2024-05-16 10:20:28 INFO  Keywords:135 - ClickOnLink is called
2024-05-16 10:20:28 INFO  Keywords:282 - Waiting for webElement...attachment.upload
2024-05-16 10:20:28 INFO  Keywords:285 - Element found...attachment.upload
2024-05-16 10:20:48 INFO  Keywords:135 - ClickOnLink is called
2024-05-16 10:20:48 INFO  Keywords:282 - Waiting for webElement...SubmitButton
2024-05-16 10:22:28 INFO  Keywords:428 - switching to parent window...
2024-05-16 10:22:28 INFO  Keywords:98 - Navigate is called
2024-05-16 10:22:37 INFO  Keywords:496 - ClearText is called
2024-05-16 10:22:37 INFO  Keywords:282 - Waiting for webElement...gateway.username
2024-05-16 10:22:37 INFO  Keywords:124 - InputText is called
2024-05-16 10:22:37 INFO  Keywords:282 - Waiting for webElement...gateway.username
