2024-05-15 10:54:33 INFO  Keywords:98 - Navigate is called
2024-05-15 10:54:37 INFO  Keywords:124 - InputText is called
2024-05-15 10:54:37 INFO  Keywords:282 - Waiting for webElement...gateway.username
2024-05-15 10:54:38 INFO  Keywords:285 - Element found...gateway.username
2024-05-15 10:54:38 INFO  Keywords:124 - InputText is called
2024-05-15 10:54:38 INFO  Keywords:282 - Waiting for webElement...gateway.password
2024-05-15 10:54:38 INFO  Keywords:285 - Element found...gateway.password
2024-05-15 10:54:38 INFO  Keywords:135 - ClickOnLink is called
2024-05-15 10:54:38 INFO  Keywords:282 - Waiting for webElement...gateway.login
2024-05-15 10:54:38 INFO  Keywords:285 - Element found...gateway.login
2024-05-15 10:55:18 INFO  Keywords:135 - ClickOnLink is called
2024-05-15 10:55:18 INFO  Keywords:282 - Waiting for webElement...postsamldata
2024-05-15 10:55:18 INFO  Keywords:285 - Element found...postsamldata
2024-05-15 10:55:34 INFO  Keywords:135 - ClickOnLink is called
2024-05-15 10:55:34 INFO  Keywords:282 - Waiting for webElement...next
2024-05-15 10:55:34 INFO  Keywords:285 - Element found...next
2024-05-15 10:55:57 INFO  Keywords:124 - InputText is called
2024-05-15 10:55:57 INFO  Keywords:282 - Waiting for webElement...policyConfiguration.insuranceamount
2024-05-15 10:55:58 INFO  Keywords:285 - Element found...policyConfiguration.insuranceamount
2024-05-15 10:55:58 INFO  Keywords:282 - Waiting for webElement...policyConfiguration.LTC
2024-05-15 10:55:58 INFO  Keywords:285 - Element found...policyConfiguration.LTC
2024-05-15 10:55:58 INFO  Keywords:282 - Waiting for webElement...policyConfiguration.Benefit
2024-05-15 10:55:58 INFO  Keywords:285 - Element found...policyConfiguration.Benefit
2024-05-15 10:55:58 INFO  Keywords:282 - Waiting for webElement...policyConfiguration.payors
2024-05-15 10:55:58 INFO  Keywords:285 - Element found...policyConfiguration.payors
2024-05-15 10:55:59 INFO  Keywords:282 - Waiting for webElement...policyConfiguration.purposeofpolicy
2024-05-15 10:55:59 INFO  Keywords:285 - Element found...policyConfiguration.purposeofpolicy
2024-05-15 10:55:59 INFO  Keywords:135 - ClickOnLink is called
2024-05-15 10:55:59 INFO  Keywords:282 - Waiting for webElement...next
2024-05-15 10:55:59 INFO  Keywords:285 - Element found...next
2024-05-15 10:57:34 INFO  Keywords:282 - Waiting for webElement...primaryinsured.birthcountry
2024-05-15 10:57:48 INFO  Keywords:285 - Element found...primaryinsured.birthcountry
2024-05-15 10:57:48 INFO  Keywords:282 - Waiting for webElement...primaryinsured.birthstate
2024-05-15 10:57:48 INFO  Keywords:285 - Element found...primaryinsured.birthstate
2024-05-15 10:57:48 INFO  Keywords:124 - InputText is called
2024-05-15 10:57:48 INFO  Keywords:282 - Waiting for webElement...primaryinsured.birthcity
2024-05-15 10:57:58 INFO  Keywords:282 - Waiting for webElement...primaryinsured.drivinglicense
2024-05-15 10:57:58 INFO  Keywords:285 - Element found...primaryinsured.drivinglicense
2024-05-15 10:57:59 INFO  Keywords:124 - InputText is called
2024-05-15 10:57:59 INFO  Keywords:282 - Waiting for webElement...primaryinsured.dlnumber
2024-05-15 10:57:59 INFO  Keywords:285 - Element found...primaryinsured.dlnumber
2024-05-15 10:57:59 INFO  Keywords:282 - Waiting for webElement...primaryinsured.dlissuestateAL
2024-05-15 10:57:59 INFO  Keywords:285 - Element found...primaryinsured.dlissuestateAL
2024-05-15 10:57:59 INFO  Keywords:135 - ClickOnLink is called
2024-05-15 10:57:59 INFO  Keywords:282 - Waiting for webElement...next
2024-05-15 10:57:59 INFO  Keywords:285 - Element found...next
2024-05-15 10:58:23 INFO  Keywords:135 - ClickOnLink is called
2024-05-15 10:58:23 INFO  Keywords:282 - Waiting for webElement...next
2024-05-15 10:58:23 INFO  Keywords:285 - Element found...next
2024-05-15 10:58:47 INFO  Keywords:282 - Waiting for webElement...jointInsured.birthCountry
2024-05-15 10:58:47 INFO  Keywords:285 - Element found...jointInsured.birthCountry
2024-05-15 10:58:47 INFO  Keywords:282 - Waiting for webElement...jointInsured.birthState
2024-05-15 10:58:47 INFO  Keywords:285 - Element found...jointInsured.birthState
2024-05-15 10:58:47 INFO  Keywords:124 - InputText is called
2024-05-15 10:58:47 INFO  Keywords:282 - Waiting for webElement...jointInsured.birthCity
2024-05-15 10:58:57 INFO  Keywords:282 - Waiting for webElement...DL.NO
2024-05-15 10:58:57 INFO  Keywords:285 - Element found...DL.NO
2024-05-15 10:58:58 INFO  Keywords:135 - ClickOnLink is called
2024-05-15 10:58:58 INFO  Keywords:282 - Waiting for webElement...next
2024-05-15 10:58:58 INFO  Keywords:285 - Element found...next
2024-05-15 10:59:20 INFO  Keywords:282 - Waiting for webElement...naturalOwner.relationwithInsured
2024-05-15 10:59:20 INFO  Keywords:285 - Element found...naturalOwner.relationwithInsured
2024-05-15 10:59:21 INFO  Keywords:282 - Waiting for webElement...naturalOwner.relationwithJointInsured
2024-05-15 10:59:21 INFO  Keywords:285 - Element found...naturalOwner.relationwithJointInsured
2024-05-15 10:59:21 INFO  Keywords:135 - ClickOnLink is called
2024-05-15 10:59:21 INFO  Keywords:282 - Waiting for webElement...next
2024-05-15 10:59:21 INFO  Keywords:285 - Element found...next
2024-05-15 10:59:44 INFO  Keywords:282 - Waiting for webElement...financialDetails.SourceOfFundsLI
2024-05-15 10:59:45 INFO  Keywords:285 - Element found...financialDetails.SourceOfFundsLI
2024-05-15 10:59:45 INFO  Keywords:282 - Waiting for webElement...financialDetails.SurrenderChargeSOFLI
2024-05-15 10:59:45 INFO  Keywords:285 - Element found...financialDetails.SurrenderChargeSOFLI
2024-05-15 10:59:45 INFO  Keywords:282 - Waiting for webElement...financialDetails.envisiontaking
2024-05-15 10:59:45 INFO  Keywords:285 - Element found...financialDetails.envisiontaking
2024-05-15 10:59:46 INFO  Keywords:282 - Waiting for webElement...financialDetails.federalfaxbracket
2024-05-15 10:59:46 INFO  Keywords:285 - Element found...financialDetails.federalfaxbracket
2024-05-15 10:59:46 INFO  Keywords:282 - Waiting for webElement...financialDetails.riskTolerance
2024-05-15 10:59:46 INFO  Keywords:285 - Element found...financialDetails.riskTolerance
2024-05-15 10:59:46 INFO  Keywords:282 - Waiting for webElement...financialDetails.Investmentobjectives
2024-05-15 10:59:46 INFO  Keywords:285 - Element found...financialDetails.Investmentobjectives
2024-05-15 10:59:46 INFO  Keywords:282 - Waiting for webElement...financialDetails.timehorizon
2024-05-15 10:59:46 INFO  Keywords:285 - Element found...financialDetails.timehorizon
2024-05-15 10:59:47 INFO  Keywords:282 - Waiting for webElement...financialDetails.investmentexperienceFA
2024-05-15 10:59:47 INFO  Keywords:285 - Element found...financialDetails.investmentexperienceFA
2024-05-15 10:59:47 INFO  Keywords:124 - InputText is called
2024-05-15 10:59:47 INFO  Keywords:282 - Waiting for webElement...financialDetails.investmentstartyear
2024-05-15 10:59:47 INFO  Keywords:285 - Element found...financialDetails.investmentstartyear
2024-05-15 10:59:47 INFO  Keywords:124 - InputText is called
2024-05-15 10:59:47 INFO  Keywords:282 - Waiting for webElement...financialdetails.wages
2024-05-15 10:59:47 INFO  Keywords:285 - Element found...financialdetails.wages
2024-05-15 10:59:47 INFO  Keywords:124 - InputText is called
2024-05-15 10:59:47 INFO  Keywords:282 - Waiting for webElement...financialdetails.livingexpenses
2024-05-15 10:59:47 INFO  Keywords:285 - Element found...financialdetails.livingexpenses
2024-05-15 10:59:47 INFO  Keywords:124 - InputText is called
2024-05-15 10:59:47 INFO  Keywords:282 - Waiting for webElement...financialdetails.personalinvestment
2024-05-15 10:59:47 INFO  Keywords:285 - Element found...financialdetails.personalinvestment
2024-05-15 10:59:47 INFO  Keywords:124 - InputText is called
2024-05-15 10:59:47 INFO  Keywords:282 - Waiting for webElement...financialdetails.fixeddebtexpenses
2024-05-15 10:59:47 INFO  Keywords:285 - Element found...financialdetails.fixeddebtexpenses
2024-05-15 10:59:47 INFO  Keywords:124 - InputText is called
2024-05-15 10:59:47 INFO  Keywords:282 - Waiting for webElement...financialdetails.rentalincome
2024-05-15 10:59:47 INFO  Keywords:285 - Element found...financialdetails.rentalincome
2024-05-15 10:59:48 INFO  Keywords:124 - InputText is called
2024-05-15 10:59:48 INFO  Keywords:282 - Waiting for webElement...financialdetails.variabledebtexpenses
2024-05-15 10:59:48 INFO  Keywords:285 - Element found...financialdetails.variabledebtexpenses
2024-05-15 10:59:48 INFO  Keywords:124 - InputText is called
2024-05-15 10:59:48 INFO  Keywords:282 - Waiting for webElement...financialdetails.incomepension
2024-05-15 10:59:48 INFO  Keywords:285 - Element found...financialdetails.incomepension
2024-05-15 10:59:48 INFO  Keywords:124 - InputText is called
2024-05-15 10:59:48 INFO  Keywords:282 - Waiting for webElement...financialdetails.discretionaryexpenses
2024-05-15 10:59:48 INFO  Keywords:285 - Element found...financialdetails.discretionaryexpenses
2024-05-15 10:59:48 INFO  Keywords:124 - InputText is called
2024-05-15 10:59:48 INFO  Keywords:282 - Waiting for webElement...financialdetails.socialsecurityincome
2024-05-15 10:59:48 INFO  Keywords:285 - Element found...financialdetails.socialsecurityincome
2024-05-15 10:59:48 INFO  Keywords:124 - InputText is called
2024-05-15 10:59:48 INFO  Keywords:282 - Waiting for webElement...financialdetails.otherincome
2024-05-15 10:59:48 INFO  Keywords:285 - Element found...financialdetails.otherincome
2024-05-15 10:59:48 INFO  Keywords:124 - InputText is called
2024-05-15 10:59:48 INFO  Keywords:282 - Waiting for webElement...financialdetails.bonds
2024-05-15 10:59:48 INFO  Keywords:285 - Element found...financialdetails.bonds
2024-05-15 10:59:48 INFO  Keywords:124 - InputText is called
2024-05-15 10:59:48 INFO  Keywords:282 - Waiting for webElement...financialdetails.businessTrustRealstate
2024-05-15 10:59:48 INFO  Keywords:285 - Element found...financialdetails.businessTrustRealstate
2024-05-15 10:59:48 INFO  Keywords:124 - InputText is called
2024-05-15 10:59:48 INFO  Keywords:282 - Waiting for webElement...financialdetails.retirementplan
2024-05-15 10:59:48 INFO  Keywords:285 - Element found...financialdetails.retirementplan
2024-05-15 10:59:48 INFO  Keywords:124 - InputText is called
2024-05-15 10:59:48 INFO  Keywords:282 - Waiting for webElement...financialdetails.equities
2024-05-15 10:59:48 INFO  Keywords:285 - Element found...financialdetails.equities
2024-05-15 10:59:48 INFO  Keywords:124 - InputText is called
2024-05-15 10:59:48 INFO  Keywords:282 - Waiting for webElement...financialdetails.facevalueilfeinsurance
2024-05-15 10:59:48 INFO  Keywords:285 - Element found...financialdetails.facevalueilfeinsurance
2024-05-15 10:59:48 INFO  Keywords:124 - InputText is called
2024-05-15 10:59:48 INFO  Keywords:282 - Waiting for webElement...financialdetails.fixedannuity
2024-05-15 10:59:48 INFO  Keywords:285 - Element found...financialdetails.fixedannuity
2024-05-15 10:59:48 INFO  Keywords:124 - InputText is called
2024-05-15 10:59:48 INFO  Keywords:282 - Waiting for webElement...financialdetails.indexannuity
2024-05-15 10:59:48 INFO  Keywords:285 - Element found...financialdetails.indexannuity
2024-05-15 10:59:48 INFO  Keywords:124 - InputText is called
2024-05-15 10:59:48 INFO  Keywords:282 - Waiting for webElement...financialdetails.liquidnetworth
2024-05-15 10:59:48 INFO  Keywords:285 - Element found...financialdetails.liquidnetworth
2024-05-15 10:59:48 INFO  Keywords:124 - InputText is called
2024-05-15 10:59:48 INFO  Keywords:282 - Waiting for webElement...financialdetails.mutualfund
2024-05-15 10:59:48 INFO  Keywords:285 - Element found...financialdetails.mutualfund
2024-05-15 10:59:48 INFO  Keywords:124 - InputText is called
2024-05-15 10:59:48 INFO  Keywords:282 - Waiting for webElement...financialdetails.otherbrokerage
2024-05-15 10:59:48 INFO  Keywords:285 - Element found...financialdetails.otherbrokerage
2024-05-15 10:59:49 INFO  Keywords:124 - InputText is called
2024-05-15 10:59:49 INFO  Keywords:282 - Waiting for webElement...financialdetails.policypremium
2024-05-15 10:59:49 INFO  Keywords:285 - Element found...financialdetails.policypremium
2024-05-15 10:59:49 INFO  Keywords:124 - InputText is called
2024-05-15 10:59:49 INFO  Keywords:282 - Waiting for webElement...financialdetails.variableannuity
2024-05-15 10:59:49 INFO  Keywords:285 - Element found...financialdetails.variableannuity
2024-05-15 10:59:49 INFO  Keywords:124 - InputText is called
2024-05-15 10:59:49 INFO  Keywords:282 - Waiting for webElement...financialdetails.totalpremium
2024-05-15 10:59:49 INFO  Keywords:285 - Element found...financialdetails.totalpremium
2024-05-15 10:59:49 INFO  Keywords:282 - Waiting for webElement...financialdetails.anticipatedchanges
2024-05-15 10:59:49 INFO  Keywords:285 - Element found...financialdetails.anticipatedchanges
2024-05-15 10:59:49 INFO  Keywords:282 - Waiting for webElement...financialdetails.nonguaranteedelement
2024-05-15 10:59:49 INFO  Keywords:285 - Element found...financialdetails.nonguaranteedelement
2024-05-15 10:59:49 INFO  Keywords:282 - Waiting for webElement...financialdetails.reversemortgage
2024-05-15 10:59:49 INFO  Keywords:285 - Element found...financialdetails.reversemortgage
2024-05-15 10:59:50 INFO  Keywords:135 - ClickOnLink is called
2024-05-15 10:59:50 INFO  Keywords:282 - Waiting for webElement...next
2024-05-15 10:59:50 INFO  Keywords:285 - Element found...next
2024-05-15 10:59:57 INFO  Keywords:282 - Waiting for webElement...jointOwnerInsured
2024-05-15 10:59:57 INFO  Keywords:285 - Element found...jointOwnerInsured
2024-05-15 10:59:57 INFO  Keywords:282 - Waiting for webElement...jointOwnerJointInsured
2024-05-15 10:59:57 INFO  Keywords:285 - Element found...jointOwnerJointInsured
2024-05-15 10:59:57 INFO  Keywords:135 - ClickOnLink is called
2024-05-15 10:59:57 INFO  Keywords:282 - Waiting for webElement...next
2024-05-15 10:59:57 INFO  Keywords:285 - Element found...next
2024-05-15 11:00:20 INFO  Keywords:282 - Waiting for webElement...payment.modal
2024-05-15 11:00:20 INFO  Keywords:285 - Element found...payment.modal
2024-05-15 11:00:36 INFO  Keywords:282 - Waiting for webElement...payment.method
2024-05-15 11:00:36 INFO  Keywords:285 - Element found...payment.method
2024-05-15 11:00:37 INFO  Keywords:124 - InputText is called
2024-05-15 11:00:37 INFO  Keywords:282 - Waiting for webElement...payment.premium
2024-05-15 11:00:37 INFO  Keywords:285 - Element found...payment.premium
2024-05-15 11:00:37 INFO  Keywords:135 - ClickOnLink is called
2024-05-15 11:00:37 INFO  Keywords:282 - Waiting for webElement...next
2024-05-15 11:00:37 INFO  Keywords:285 - Element found...next
2024-05-15 11:01:00 INFO  Keywords:282 - Waiting for webElement...existinginsurance.borrowingfunds
2024-05-15 11:01:00 INFO  Keywords:285 - Element found...existinginsurance.borrowingfunds
2024-05-15 11:01:00 INFO  Keywords:282 - Waiting for webElement...existinginsurance.terminatingexistinglifepolicy
2024-05-15 11:01:00 INFO  Keywords:285 - Element found...existinginsurance.terminatingexistinglifepolicy
2024-05-15 11:01:00 INFO  Keywords:282 - Waiting for webElement...existinginsurance.longtermcoverage
2024-05-15 11:01:00 INFO  Keywords:285 - Element found...existinginsurance.longtermcoverage
2024-05-15 11:01:01 INFO  Keywords:282 - Waiting for webElement...existanceterminating.InsuranceCompanyName
2024-05-15 11:01:01 INFO  Keywords:285 - Element found...existanceterminating.InsuranceCompanyName
2024-05-15 11:01:02 INFO  Keywords:124 - InputText is called
2024-05-15 11:01:02 INFO  Keywords:282 - Waiting for webElement...existanceterminating.ProductName
2024-05-15 11:01:02 INFO  Keywords:285 - Element found...existanceterminating.ProductName
2024-05-15 11:01:02 INFO  Keywords:124 - InputText is called
2024-05-15 11:01:02 INFO  Keywords:282 - Waiting for webElement...existanceterminating.Insured
2024-05-15 11:01:02 INFO  Keywords:285 - Element found...existanceterminating.Insured
2024-05-15 11:01:02 INFO  Keywords:124 - InputText is called
2024-05-15 11:01:02 INFO  Keywords:282 - Waiting for webElement...existanceterminating.Owner
2024-05-15 11:01:02 INFO  Keywords:285 - Element found...existanceterminating.Owner
2024-05-15 11:01:02 INFO  Keywords:124 - InputText is called
2024-05-15 11:01:02 INFO  Keywords:282 - Waiting for webElement...existanceterminating.DateIssued
2024-05-15 11:01:02 INFO  Keywords:285 - Element found...existanceterminating.DateIssued
2024-05-15 11:01:02 INFO  Keywords:124 - InputText is called
2024-05-15 11:01:02 INFO  Keywords:282 - Waiting for webElement...existanceterminating.AmountOfInsurance
2024-05-15 11:01:02 INFO  Keywords:285 - Element found...existanceterminating.AmountOfInsurance
2024-05-15 11:01:02 INFO  Keywords:282 - Waiting for webElement...existanceterminating.ExistingInsuranceType
2024-05-15 11:01:02 INFO  Keywords:285 - Element found...existanceterminating.ExistingInsuranceType
2024-05-15 11:01:02 INFO  Keywords:282 - Waiting for webElement...existanceterminating.ProductType
2024-05-15 11:01:02 INFO  Keywords:285 - Element found...existanceterminating.ProductType
2024-05-15 11:01:03 INFO  Keywords:282 - Waiting for webElement...existanceterminating.LifeProductType
2024-05-15 11:01:03 INFO  Keywords:285 - Element found...existanceterminating.LifeProductType
2024-05-15 11:01:03 INFO  Keywords:124 - InputText is called
2024-05-15 11:01:03 INFO  Keywords:282 - Waiting for webElement...existanceterminating.PolicyNo
2024-05-15 11:01:03 INFO  Keywords:285 - Element found...existanceterminating.PolicyNo
2024-05-15 11:01:03 INFO  Keywords:282 - Waiting for webElement...existanceterminating.PurposeOfPolicy
2024-05-15 11:01:03 INFO  Keywords:285 - Element found...existanceterminating.PurposeOfPolicy
2024-05-15 11:01:03 INFO  Keywords:282 - Waiting for webElement...existanceterminating.FundsNewPolicy
2024-05-15 11:01:03 INFO  Keywords:285 - Element found...existanceterminating.FundsNewPolicy
2024-05-15 11:01:04 INFO  Keywords:282 - Waiting for webElement...existanceterminating.ReplacingNewPolicy
2024-05-15 11:01:04 INFO  Keywords:285 - Element found...existanceterminating.ReplacingNewPolicy
2024-05-15 11:01:04 INFO  Keywords:282 - Waiting for webElement...existanceterminating.ReplacementThType
2024-05-15 11:01:04 INFO  Keywords:285 - Element found...existanceterminating.ReplacementThType
2024-05-15 11:01:04 INFO  Keywords:282 - Waiting for webElement...existanceterminating.1035ThExchange
2024-05-15 11:01:04 INFO  Keywords:285 - Element found...existanceterminating.1035ThExchange
2024-05-15 11:01:05 INFO  Keywords:124 - InputText is called
2024-05-15 11:01:05 INFO  Keywords:282 - Waiting for webElement...existanceterminating.ReasonReplacement
2024-05-15 11:01:05 INFO  Keywords:285 - Element found...existanceterminating.ReasonReplacement
2024-05-15 11:01:05 INFO  Keywords:124 - InputText is called
2024-05-15 11:01:05 INFO  Keywords:282 - Waiting for webElement...existanceterminating.NoOfPolicy
2024-05-15 11:01:05 INFO  Keywords:285 - Element found...existanceterminating.NoOfPolicy
2024-05-15 11:01:05 INFO  Keywords:124 - InputText is called
2024-05-15 11:01:05 INFO  Keywords:282 - Waiting for webElement...existanceterminating.PremiumPayment
2024-05-15 11:01:05 INFO  Keywords:285 - Element found...existanceterminating.PremiumPayment
2024-05-15 11:01:05 INFO  Keywords:124 - InputText is called
2024-05-15 11:01:05 INFO  Keywords:282 - Waiting for webElement...existanceterminating.FrequencyPremium
2024-05-15 11:01:05 INFO  Keywords:285 - Element found...existanceterminating.FrequencyPremium
2024-05-15 11:01:05 INFO  Keywords:124 - InputText is called
2024-05-15 11:01:05 INFO  Keywords:282 - Waiting for webElement...existanceterminating.AmountBeingExchanged
2024-05-15 11:01:05 INFO  Keywords:285 - Element found...existanceterminating.AmountBeingExchanged
2024-05-15 11:01:05 INFO  Keywords:124 - InputText is called
2024-05-15 11:01:05 INFO  Keywords:282 - Waiting for webElement...existanceterminating.SurrenderCharge
2024-05-15 11:01:05 INFO  Keywords:285 - Element found...existanceterminating.SurrenderCharge
2024-05-15 11:01:05 INFO  Keywords:124 - InputText is called
2024-05-15 11:01:05 INFO  Keywords:282 - Waiting for webElement...existanceterminating.DeathBenefit
2024-05-15 11:01:05 INFO  Keywords:285 - Element found...existanceterminating.DeathBenefit
2024-05-15 11:01:05 INFO  Keywords:124 - InputText is called
2024-05-15 11:01:05 INFO  Keywords:282 - Waiting for webElement...existanceterminating.SpecialFeatures
2024-05-15 11:01:05 INFO  Keywords:285 - Element found...existanceterminating.SpecialFeatures
2024-05-15 11:01:05 INFO  Keywords:135 - ClickOnLink is called
2024-05-15 11:01:05 INFO  Keywords:282 - Waiting for webElement...existanceterminating1.AddInstance
2024-05-15 11:01:05 INFO  Keywords:285 - Element found...existanceterminating1.AddInstance
2024-05-15 11:01:05 INFO  Keywords:282 - Waiting for webElement...existanceterminating1.InsuranceCompanyName
2024-05-15 11:01:15 INFO  Keywords:124 - InputText is called
2024-05-15 11:01:15 INFO  Keywords:282 - Waiting for webElement...existanceterminating1.ProductName
2024-05-15 11:01:26 INFO  Keywords:124 - InputText is called
2024-05-15 11:01:26 INFO  Keywords:282 - Waiting for webElement...existanceterminating1.Insured
2024-05-15 11:01:36 INFO  Keywords:124 - InputText is called
2024-05-15 11:01:36 INFO  Keywords:282 - Waiting for webElement...existanceterminating1.Owner
2024-05-15 11:01:46 INFO  Keywords:124 - InputText is called
2024-05-15 11:01:46 INFO  Keywords:282 - Waiting for webElement...existanceterminating1.DateIssued
2024-05-15 11:01:56 INFO  Keywords:124 - InputText is called
2024-05-15 11:01:56 INFO  Keywords:282 - Waiting for webElement...existanceterminating1.AmountOfInsurance
2024-05-15 11:02:06 INFO  Keywords:282 - Waiting for webElement...existanceterminating1.ExistingInsuranceType
2024-05-15 11:02:16 INFO  Keywords:282 - Waiting for webElement...existanceterminating1.ProductType
2024-05-15 11:02:26 INFO  Keywords:282 - Waiting for webElement...existanceterminating1.LifeProductType
2024-05-15 11:02:37 INFO  Keywords:124 - InputText is called
2024-05-15 11:02:37 INFO  Keywords:282 - Waiting for webElement...existanceterminating1.PolicyNo
2024-05-15 11:02:47 INFO  Keywords:282 - Waiting for webElement...existanceterminating1.PurposeOfPolicy
2024-05-15 11:02:57 INFO  Keywords:282 - Waiting for webElement...existanceterminating1.FundsNewPolicy
2024-05-15 11:03:07 INFO  Keywords:282 - Waiting for webElement...existanceterminating1.ReplacingNewPolicy
2024-05-15 11:03:17 INFO  Keywords:282 - Waiting for webElement...existanceterminating1.ReplacementThType
2024-05-15 11:03:27 INFO  Keywords:282 - Waiting for webElement...existanceterminating1.1035ThExchange
2024-05-15 11:03:37 INFO  Keywords:124 - InputText is called
2024-05-15 11:03:37 INFO  Keywords:282 - Waiting for webElement...existanceterminating1.ReasonReplacement
2024-05-15 11:03:48 INFO  Keywords:124 - InputText is called
2024-05-15 11:03:48 INFO  Keywords:282 - Waiting for webElement...existanceterminating1.NoOfPolicy
2024-05-15 11:03:58 INFO  Keywords:124 - InputText is called
2024-05-15 11:03:58 INFO  Keywords:282 - Waiting for webElement...existanceterminating1.PremiumPayment
2024-05-15 11:04:08 INFO  Keywords:124 - InputText is called
2024-05-15 11:04:08 INFO  Keywords:282 - Waiting for webElement...existanceterminating1.FrequencyPremium
2024-05-15 11:04:18 INFO  Keywords:124 - InputText is called
2024-05-15 11:04:18 INFO  Keywords:282 - Waiting for webElement...existanceterminating1.AmountBeingExchanged
2024-05-15 11:04:28 INFO  Keywords:124 - InputText is called
2024-05-15 11:04:28 INFO  Keywords:282 - Waiting for webElement...existanceterminating1.SurrenderCharge
2024-05-15 11:04:38 INFO  Keywords:124 - InputText is called
2024-05-15 11:04:38 INFO  Keywords:282 - Waiting for webElement...existanceterminating1.DeathBenefit
2024-05-15 11:04:48 INFO  Keywords:124 - InputText is called
2024-05-15 11:04:48 INFO  Keywords:282 - Waiting for webElement...existanceterminating1.SpecialFeatures
2024-05-15 11:04:58 INFO  Keywords:282 - Waiting for webElement...existinginsurance.longtermpolicyYes
2024-05-15 11:04:58 INFO  Keywords:285 - Element found...existinginsurance.longtermpolicyYes
2024-05-15 11:04:59 INFO  Keywords:124 - InputText is called
2024-05-15 11:04:59 INFO  Keywords:282 - Waiting for webElement...existinglongtermpolicy.InsuranceName
2024-05-15 11:04:59 INFO  Keywords:285 - Element found...existinglongtermpolicy.InsuranceName
2024-05-15 11:04:59 INFO  Keywords:124 - InputText is called
2024-05-15 11:04:59 INFO  Keywords:282 - Waiting for webElement...existinglongtermpolicy.policyCertificateNumber
2024-05-15 11:04:59 INFO  Keywords:285 - Element found...existinglongtermpolicy.policyCertificateNumber
2024-05-15 11:04:59 INFO  Keywords:124 - InputText is called
2024-05-15 11:04:59 INFO  Keywords:282 - Waiting for webElement...existinglongtermpolicy.ProductName
2024-05-15 11:04:59 INFO  Keywords:285 - Element found...existinglongtermpolicy.ProductName
2024-05-15 11:04:59 INFO  Keywords:282 - Waiting for webElement...existinglongtermpolicy.ProductType
2024-05-15 11:04:59 INFO  Keywords:285 - Element found...existinglongtermpolicy.ProductType
2024-05-15 11:04:59 INFO  Keywords:124 - InputText is called
2024-05-15 11:04:59 INFO  Keywords:282 - Waiting for webElement...existinglongtermpolicy.Insured
2024-05-15 11:04:59 INFO  Keywords:285 - Element found...existinglongtermpolicy.Insured
2024-05-15 11:04:59 INFO  Keywords:124 - InputText is called
2024-05-15 11:04:59 INFO  Keywords:282 - Waiting for webElement...existinglongtermpolicy.Owner
2024-05-15 11:04:59 INFO  Keywords:285 - Element found...existinglongtermpolicy.Owner
2024-05-15 11:04:59 INFO  Keywords:124 - InputText is called
2024-05-15 11:04:59 INFO  Keywords:282 - Waiting for webElement...existinglongtermpolicy.DailyBenefit
2024-05-15 11:04:59 INFO  Keywords:285 - Element found...existinglongtermpolicy.DailyBenefit
2024-05-15 11:05:00 INFO  Keywords:124 - InputText is called
2024-05-15 11:05:00 INFO  Keywords:282 - Waiting for webElement...existinglongtermpolicy.AmountOfInsurance
2024-05-15 11:05:00 INFO  Keywords:285 - Element found...existinglongtermpolicy.AmountOfInsurance
2024-05-15 11:05:00 INFO  Keywords:124 - InputText is called
2024-05-15 11:05:00 INFO  Keywords:282 - Waiting for webElement...existinglongtermpolicy.benefitAmount
2024-05-15 11:05:00 INFO  Keywords:285 - Element found...existinglongtermpolicy.benefitAmount
2024-05-15 11:05:00 INFO  Keywords:124 - InputText is called
2024-05-15 11:05:00 INFO  Keywords:282 - Waiting for webElement...existinglongtermpolicy.benefitPeriod
2024-05-15 11:05:00 INFO  Keywords:285 - Element found...existinglongtermpolicy.benefitPeriod
2024-05-15 11:05:00 INFO  Keywords:135 - ClickOnLink is called
2024-05-15 11:05:00 INFO  Keywords:282 - Waiting for webElement...existinglongtermpolicy1.AddInstance
2024-05-15 11:05:00 INFO  Keywords:285 - Element found...existinglongtermpolicy1.AddInstance
2024-05-15 11:05:00 INFO  Keywords:124 - InputText is called
2024-05-15 11:05:00 INFO  Keywords:282 - Waiting for webElement...existinglongtermpolicy1.InsuranceName
2024-05-15 11:05:00 INFO  Keywords:285 - Element found...existinglongtermpolicy1.InsuranceName
2024-05-15 11:05:00 INFO  Keywords:124 - InputText is called
2024-05-15 11:05:00 INFO  Keywords:282 - Waiting for webElement...existinglongtermpolicy1.policyCertificateNumber
2024-05-15 11:05:00 INFO  Keywords:285 - Element found...existinglongtermpolicy1.policyCertificateNumber
2024-05-15 11:05:00 INFO  Keywords:124 - InputText is called
2024-05-15 11:05:00 INFO  Keywords:282 - Waiting for webElement...existinglongtermpolicy1.ProductName
2024-05-15 11:05:00 INFO  Keywords:285 - Element found...existinglongtermpolicy1.ProductName
2024-05-15 11:05:00 INFO  Keywords:282 - Waiting for webElement...existinglongtermpolicy1.ProductType
2024-05-15 11:05:00 INFO  Keywords:285 - Element found...existinglongtermpolicy1.ProductType
2024-05-15 11:05:01 INFO  Keywords:124 - InputText is called
2024-05-15 11:05:01 INFO  Keywords:282 - Waiting for webElement...existinglongtermpolicy1.Insured
2024-05-15 11:05:01 INFO  Keywords:285 - Element found...existinglongtermpolicy1.Insured
2024-05-15 11:05:01 INFO  Keywords:124 - InputText is called
2024-05-15 11:05:01 INFO  Keywords:282 - Waiting for webElement...existinglongtermpolicy1.Owner
2024-05-15 11:05:01 INFO  Keywords:285 - Element found...existinglongtermpolicy1.Owner
2024-05-15 11:05:01 INFO  Keywords:124 - InputText is called
2024-05-15 11:05:01 INFO  Keywords:282 - Waiting for webElement...existinglongtermpolicy1.DailyBenefit
2024-05-15 11:05:01 INFO  Keywords:285 - Element found...existinglongtermpolicy1.DailyBenefit
2024-05-15 11:05:01 INFO  Keywords:124 - InputText is called
2024-05-15 11:05:01 INFO  Keywords:282 - Waiting for webElement...existinglongtermpolicy1.AmountOfInsurance
2024-05-15 11:05:01 INFO  Keywords:285 - Element found...existinglongtermpolicy1.AmountOfInsurance
2024-05-15 11:05:01 INFO  Keywords:124 - InputText is called
2024-05-15 11:05:01 INFO  Keywords:282 - Waiting for webElement...existinglongtermpolicy1.benefitAmount
2024-05-15 11:05:01 INFO  Keywords:285 - Element found...existinglongtermpolicy1.benefitAmount
2024-05-15 11:05:01 INFO  Keywords:124 - InputText is called
2024-05-15 11:05:01 INFO  Keywords:282 - Waiting for webElement...existinglongtermpolicy1.benefitPeriod
2024-05-15 11:05:01 INFO  Keywords:285 - Element found...existinglongtermpolicy1.benefitPeriod
2024-05-15 11:05:01 INFO  Keywords:282 - Waiting for webElement...existinginsurance.longterminsuranceYes
2024-05-15 11:05:01 INFO  Keywords:285 - Element found...existinginsurance.longterminsuranceYes
2024-05-15 11:05:01 INFO  Keywords:124 - InputText is called
2024-05-15 11:05:01 INFO  Keywords:282 - Waiting for webElement...existinglongterminsurance.InsuranceCompany
2024-05-15 11:05:01 INFO  Keywords:285 - Element found...existinglongterminsurance.InsuranceCompany
2024-05-15 11:05:02 INFO  Keywords:124 - InputText is called
2024-05-15 11:05:02 INFO  Keywords:282 - Waiting for webElement...existinglongterminsurance.Certificate
2024-05-15 11:05:02 INFO  Keywords:285 - Element found...existinglongterminsurance.Certificate
2024-05-15 11:05:02 INFO  Keywords:124 - InputText is called
2024-05-15 11:05:02 INFO  Keywords:282 - Waiting for webElement...existinglongterminsurance.LTCBenefit
2024-05-15 11:05:02 INFO  Keywords:285 - Element found...existinglongterminsurance.LTCBenefit
2024-05-15 11:05:02 INFO  Keywords:124 - InputText is called
2024-05-15 11:05:02 INFO  Keywords:282 - Waiting for webElement...existinglongterminsurance.IssueDate
2024-05-15 11:05:02 INFO  Keywords:285 - Element found...existinglongterminsurance.IssueDate
2024-05-15 11:05:02 INFO  Keywords:124 - InputText is called
2024-05-15 11:05:02 INFO  Keywords:282 - Waiting for webElement...existinglongterminsurance.LapseDate
2024-05-15 11:05:12 INFO  Keywords:135 - ClickOnLink is called
2024-05-15 11:05:12 INFO  Keywords:282 - Waiting for webElement...existinglongterminsurance1.AddInstance
2024-05-15 11:05:12 INFO  Keywords:285 - Element found...existinglongterminsurance1.AddInstance
2024-05-15 11:05:12 INFO  Keywords:124 - InputText is called
2024-05-15 11:05:12 INFO  Keywords:282 - Waiting for webElement...existinglongterminsurance1.InsuranceCompany
2024-05-15 11:05:12 INFO  Keywords:285 - Element found...existinglongterminsurance1.InsuranceCompany
2024-05-15 11:05:12 INFO  Keywords:124 - InputText is called
2024-05-15 11:05:12 INFO  Keywords:282 - Waiting for webElement...existinglongterminsurance1.Certificate
2024-05-15 11:05:12 INFO  Keywords:285 - Element found...existinglongterminsurance1.Certificate
2024-05-15 11:05:12 INFO  Keywords:124 - InputText is called
2024-05-15 11:05:12 INFO  Keywords:282 - Waiting for webElement...existinglongterminsurance1.LTCBenefit
2024-05-15 11:05:12 INFO  Keywords:285 - Element found...existinglongterminsurance1.LTCBenefit
2024-05-15 11:05:12 INFO  Keywords:124 - InputText is called
2024-05-15 11:05:12 INFO  Keywords:282 - Waiting for webElement...existinglongterminsurance1.IssueDate
2024-05-15 11:05:12 INFO  Keywords:285 - Element found...existinglongterminsurance1.IssueDate
2024-05-15 11:05:13 INFO  Keywords:124 - InputText is called
2024-05-15 11:05:13 INFO  Keywords:282 - Waiting for webElement...existinglongterminsurance1.LapseDate
2024-05-15 11:05:13 INFO  Keywords:135 - ClickOnLink is called
2024-05-15 11:05:13 INFO  Keywords:282 - Waiting for webElement...next
2024-05-15 11:05:13 INFO  Keywords:285 - Element found...next
2024-05-15 11:05:34 INFO  Keywords:135 - ClickOnLink is called
2024-05-15 11:05:34 INFO  Keywords:282 - Waiting for webElement...next
2024-05-15 11:05:34 INFO  Keywords:285 - Element found...next
2024-05-15 11:05:57 INFO  Keywords:124 - InputText is called
2024-05-15 11:05:57 INFO  Keywords:282 - Waiting for webElement...additionalclientquestion.q1
2024-05-15 11:05:58 INFO  Keywords:285 - Element found...additionalclientquestion.q1
2024-05-15 11:05:58 INFO  Keywords:124 - InputText is called
2024-05-15 11:05:58 INFO  Keywords:282 - Waiting for webElement...additionalclientquestion.q2
2024-05-15 11:05:58 INFO  Keywords:285 - Element found...additionalclientquestion.q2
2024-05-15 11:05:58 INFO  Keywords:124 - InputText is called
2024-05-15 11:05:58 INFO  Keywords:282 - Waiting for webElement...additionalclientquestion.q3
2024-05-15 11:06:48 INFO  Keywords:124 - InputText is called
2024-05-15 11:06:48 INFO  Keywords:282 - Waiting for webElement...additionalclientquestion.q4
2024-05-15 11:07:38 INFO  Keywords:124 - InputText is called
2024-05-15 11:07:38 INFO  Keywords:282 - Waiting for webElement...additionalclientquestion.q5
2024-05-15 11:07:50 INFO  Keywords:482 - GetText is called
2024-05-15 11:07:50 INFO  Keywords:282 - Waiting for webElement...ebixTxnID
2024-05-15 11:07:53 INFO  Keywords:285 - Element found...ebixTxnID
2024-05-15 11:07:53 INFO  Keywords:486 - LinkId: 529430
2024-05-15 11:07:53 INFO  Keywords:530 - LinkId: 529430
2024-05-15 11:07:54 INFO  Keywords:482 - GetText is called
2024-05-15 11:07:54 INFO  Keywords:282 - Waiting for webElement...ebixTxnID
2024-05-15 11:07:54 INFO  Keywords:285 - Element found...ebixTxnID
2024-05-15 11:07:54 INFO  Keywords:486 - LinkId: 529430
2024-05-15 11:07:54 INFO  Keywords:135 - ClickOnLink is called
2024-05-15 11:07:54 INFO  Keywords:282 - Waiting for webElement...next
2024-05-15 11:07:54 INFO  Keywords:285 - Element found...next
2024-05-15 11:08:15 INFO  Keywords:135 - ClickOnLink is called
2024-05-15 11:08:15 INFO  Keywords:282 - Waiting for webElement...validate.button
