2024-05-23 12:40:21 INFO  Keywords:98 - Navigate is called
2024-05-23 12:40:25 INFO  Keywords:124 - InputText is called
2024-05-23 12:40:25 INFO  Keywords:282 - Waiting for webElement...gateway.username
2024-05-23 12:40:25 INFO  Keywords:285 - Element found...gateway.username
2024-05-23 12:40:25 INFO  Keywords:124 - InputText is called
2024-05-23 12:40:25 INFO  Keywords:282 - Waiting for webElement...gateway.password
2024-05-23 12:40:26 INFO  Keywords:285 - Element found...gateway.password
2024-05-23 12:40:26 INFO  Keywords:135 - ClickOnLink is called
2024-05-23 12:40:26 INFO  Keywords:282 - Waiting for webElement...gateway.login
2024-05-23 12:40:26 INFO  Keywords:285 - Element found...gateway.login
2024-05-23 12:41:05 INFO  Keywords:135 - ClickOnLink is called
2024-05-23 12:41:05 INFO  Keywords:282 - Waiting for webElement...postsamldata
2024-05-23 12:41:05 INFO  Keywords:285 - Element found...postsamldata
2024-05-23 12:41:22 INFO  Keywords:135 - ClickOnLink is called
2024-05-23 12:41:22 INFO  Keywords:282 - Waiting for webElement...next
2024-05-23 12:41:22 INFO  Keywords:285 - Element found...next
2024-05-23 12:41:46 INFO  Keywords:124 - InputText is called
2024-05-23 12:41:46 INFO  Keywords:282 - Waiting for webElement...policyConfiguration.insuranceamount
2024-05-23 12:41:46 INFO  Keywords:285 - Element found...policyConfiguration.insuranceamount
2024-05-23 12:41:46 INFO  Keywords:282 - Waiting for webElement...policyConfiguration.LTC
2024-05-23 12:41:46 INFO  Keywords:285 - Element found...policyConfiguration.LTC
2024-05-23 12:41:46 INFO  Keywords:282 - Waiting for webElement...policyConfiguration.Benefit
2024-05-23 12:41:46 INFO  Keywords:285 - Element found...policyConfiguration.Benefit
2024-05-23 12:41:47 INFO  Keywords:282 - Waiting for webElement...policyConfiguration.payors
2024-05-23 12:41:47 INFO  Keywords:285 - Element found...policyConfiguration.payors
2024-05-23 12:41:47 INFO  Keywords:282 - Waiting for webElement...policyConfiguration.purposeofpolicy
2024-05-23 12:41:47 INFO  Keywords:285 - Element found...policyConfiguration.purposeofpolicy
2024-05-23 12:41:47 INFO  Keywords:135 - ClickOnLink is called
2024-05-23 12:41:47 INFO  Keywords:282 - Waiting for webElement...next
2024-05-23 12:41:47 INFO  Keywords:285 - Element found...next
2024-05-23 12:43:22 INFO  Keywords:282 - Waiting for webElement...primaryinsured.birthcountry
2024-05-23 12:43:23 INFO  Keywords:285 - Element found...primaryinsured.birthcountry
2024-05-23 12:43:23 INFO  Keywords:282 - Waiting for webElement...primaryinsured.birthstate
2024-05-23 12:43:23 INFO  Keywords:285 - Element found...primaryinsured.birthstate
2024-05-23 12:43:23 INFO  Keywords:124 - InputText is called
2024-05-23 12:43:23 INFO  Keywords:282 - Waiting for webElement...primaryinsured.birthcity
2024-05-23 12:43:33 INFO  Keywords:135 - ClickOnLink is called
2024-05-23 12:43:33 INFO  Keywords:282 - Waiting for webElement...next
2024-05-23 12:43:33 INFO  Keywords:285 - Element found...next
2024-05-23 12:43:59 INFO  Keywords:135 - ClickOnLink is called
2024-05-23 12:43:59 INFO  Keywords:282 - Waiting for webElement...next
2024-05-23 12:43:59 INFO  Keywords:285 - Element found...next
2024-05-23 12:44:23 INFO  Keywords:282 - Waiting for webElement...jointInsured.birthCountry
2024-05-23 12:44:23 INFO  Keywords:285 - Element found...jointInsured.birthCountry
2024-05-23 12:44:23 INFO  Keywords:282 - Waiting for webElement...jointInsured.birthState
2024-05-23 12:44:24 INFO  Keywords:285 - Element found...jointInsured.birthState
2024-05-23 12:44:24 INFO  Keywords:124 - InputText is called
2024-05-23 12:44:24 INFO  Keywords:282 - Waiting for webElement...jointInsured.birthCity
2024-05-23 12:44:34 INFO  Keywords:135 - ClickOnLink is called
2024-05-23 12:44:34 INFO  Keywords:282 - Waiting for webElement...next
2024-05-23 12:44:34 INFO  Keywords:285 - Element found...next
2024-05-23 12:44:58 INFO  Keywords:282 - Waiting for webElement...naturalOwner.relationwithInsured
2024-05-23 12:44:59 INFO  Keywords:285 - Element found...naturalOwner.relationwithInsured
2024-05-23 12:44:59 INFO  Keywords:282 - Waiting for webElement...naturalOwner.relationwithJointInsured
2024-05-23 12:44:59 INFO  Keywords:285 - Element found...naturalOwner.relationwithJointInsured
2024-05-23 12:44:59 INFO  Keywords:135 - ClickOnLink is called
2024-05-23 12:44:59 INFO  Keywords:282 - Waiting for webElement...next
2024-05-23 12:44:59 INFO  Keywords:285 - Element found...next
2024-05-23 12:45:23 INFO  Keywords:282 - Waiting for webElement...financialDetails.SourceOfFundsLI
2024-05-23 12:45:23 INFO  Keywords:285 - Element found...financialDetails.SourceOfFundsLI
2024-05-23 12:45:24 INFO  Keywords:282 - Waiting for webElement...financialDetails.SurrenderChargeSOFLI
2024-05-23 12:45:24 INFO  Keywords:285 - Element found...financialDetails.SurrenderChargeSOFLI
2024-05-23 12:45:24 INFO  Keywords:282 - Waiting for webElement...financialDetails.envisiontaking
2024-05-23 12:45:24 INFO  Keywords:285 - Element found...financialDetails.envisiontaking
2024-05-23 12:45:24 INFO  Keywords:282 - Waiting for webElement...financialDetails.federalfaxbracket
2024-05-23 12:45:24 INFO  Keywords:285 - Element found...financialDetails.federalfaxbracket
2024-05-23 12:45:25 INFO  Keywords:282 - Waiting for webElement...financialDetails.riskTolerance
2024-05-23 12:45:25 INFO  Keywords:285 - Element found...financialDetails.riskTolerance
2024-05-23 12:45:25 INFO  Keywords:282 - Waiting for webElement...financialDetails.Investmentobjectives
2024-05-23 12:45:25 INFO  Keywords:285 - Element found...financialDetails.Investmentobjectives
2024-05-23 12:45:25 INFO  Keywords:282 - Waiting for webElement...financialDetails.timehorizon
2024-05-23 12:45:25 INFO  Keywords:285 - Element found...financialDetails.timehorizon
2024-05-23 12:45:26 INFO  Keywords:282 - Waiting for webElement...financialDetails.investmentexperienceFA
2024-05-23 12:45:26 INFO  Keywords:285 - Element found...financialDetails.investmentexperienceFA
2024-05-23 12:45:26 INFO  Keywords:124 - InputText is called
2024-05-23 12:45:26 INFO  Keywords:282 - Waiting for webElement...financialDetails.investmentstartyear
2024-05-23 12:45:26 INFO  Keywords:285 - Element found...financialDetails.investmentstartyear
2024-05-23 12:45:26 INFO  Keywords:124 - InputText is called
2024-05-23 12:45:26 INFO  Keywords:282 - Waiting for webElement...financialdetails.wages
2024-05-23 12:45:26 INFO  Keywords:285 - Element found...financialdetails.wages
2024-05-23 12:45:26 INFO  Keywords:124 - InputText is called
2024-05-23 12:45:26 INFO  Keywords:282 - Waiting for webElement...financialdetails.livingexpenses
2024-05-23 12:45:26 INFO  Keywords:285 - Element found...financialdetails.livingexpenses
2024-05-23 12:45:26 INFO  Keywords:124 - InputText is called
2024-05-23 12:45:26 INFO  Keywords:282 - Waiting for webElement...financialdetails.personalinvestment
2024-05-23 12:45:26 INFO  Keywords:285 - Element found...financialdetails.personalinvestment
2024-05-23 12:45:26 INFO  Keywords:124 - InputText is called
2024-05-23 12:45:26 INFO  Keywords:282 - Waiting for webElement...financialdetails.fixeddebtexpenses
2024-05-23 12:45:26 INFO  Keywords:285 - Element found...financialdetails.fixeddebtexpenses
2024-05-23 12:45:26 INFO  Keywords:124 - InputText is called
2024-05-23 12:45:26 INFO  Keywords:282 - Waiting for webElement...financialdetails.rentalincome
2024-05-23 12:45:26 INFO  Keywords:285 - Element found...financialdetails.rentalincome
2024-05-23 12:45:26 INFO  Keywords:124 - InputText is called
2024-05-23 12:45:26 INFO  Keywords:282 - Waiting for webElement...financialdetails.variabledebtexpenses
2024-05-23 12:45:26 INFO  Keywords:285 - Element found...financialdetails.variabledebtexpenses
2024-05-23 12:45:27 INFO  Keywords:124 - InputText is called
2024-05-23 12:45:27 INFO  Keywords:282 - Waiting for webElement...financialdetails.incomepension
2024-05-23 12:45:27 INFO  Keywords:285 - Element found...financialdetails.incomepension
2024-05-23 12:45:27 INFO  Keywords:124 - InputText is called
2024-05-23 12:45:27 INFO  Keywords:282 - Waiting for webElement...financialdetails.discretionaryexpenses
2024-05-23 12:45:27 INFO  Keywords:285 - Element found...financialdetails.discretionaryexpenses
2024-05-23 12:45:27 INFO  Keywords:124 - InputText is called
2024-05-23 12:45:27 INFO  Keywords:282 - Waiting for webElement...financialdetails.socialsecurityincome
2024-05-23 12:45:27 INFO  Keywords:285 - Element found...financialdetails.socialsecurityincome
2024-05-23 12:45:27 INFO  Keywords:124 - InputText is called
2024-05-23 12:45:27 INFO  Keywords:282 - Waiting for webElement...financialdetails.otherincome
2024-05-23 12:45:27 INFO  Keywords:285 - Element found...financialdetails.otherincome
2024-05-23 12:45:27 INFO  Keywords:124 - InputText is called
2024-05-23 12:45:27 INFO  Keywords:282 - Waiting for webElement...financialdetails.bonds
2024-05-23 12:45:27 INFO  Keywords:285 - Element found...financialdetails.bonds
2024-05-23 12:45:27 INFO  Keywords:124 - InputText is called
2024-05-23 12:45:27 INFO  Keywords:282 - Waiting for webElement...financialdetails.businessTrustRealstate
2024-05-23 12:45:27 INFO  Keywords:285 - Element found...financialdetails.businessTrustRealstate
2024-05-23 12:45:27 INFO  Keywords:124 - InputText is called
2024-05-23 12:45:27 INFO  Keywords:282 - Waiting for webElement...financialdetails.retirementplan
2024-05-23 12:45:27 INFO  Keywords:285 - Element found...financialdetails.retirementplan
2024-05-23 12:45:27 INFO  Keywords:124 - InputText is called
2024-05-23 12:45:27 INFO  Keywords:282 - Waiting for webElement...financialdetails.equities
2024-05-23 12:45:27 INFO  Keywords:285 - Element found...financialdetails.equities
2024-05-23 12:45:27 INFO  Keywords:124 - InputText is called
2024-05-23 12:45:27 INFO  Keywords:282 - Waiting for webElement...financialdetails.facevalueilfeinsurance
2024-05-23 12:45:27 INFO  Keywords:285 - Element found...financialdetails.facevalueilfeinsurance
2024-05-23 12:45:27 INFO  Keywords:124 - InputText is called
2024-05-23 12:45:27 INFO  Keywords:282 - Waiting for webElement...financialdetails.fixedannuity
2024-05-23 12:45:27 INFO  Keywords:285 - Element found...financialdetails.fixedannuity
2024-05-23 12:45:27 INFO  Keywords:124 - InputText is called
2024-05-23 12:45:27 INFO  Keywords:282 - Waiting for webElement...financialdetails.indexannuity
2024-05-23 12:45:27 INFO  Keywords:285 - Element found...financialdetails.indexannuity
2024-05-23 12:45:27 INFO  Keywords:124 - InputText is called
2024-05-23 12:45:27 INFO  Keywords:282 - Waiting for webElement...financialdetails.liquidnetworth
2024-05-23 12:45:27 INFO  Keywords:285 - Element found...financialdetails.liquidnetworth
2024-05-23 12:45:28 INFO  Keywords:124 - InputText is called
2024-05-23 12:45:28 INFO  Keywords:282 - Waiting for webElement...financialdetails.mutualfund
2024-05-23 12:45:28 INFO  Keywords:285 - Element found...financialdetails.mutualfund
2024-05-23 12:45:28 INFO  Keywords:124 - InputText is called
2024-05-23 12:45:28 INFO  Keywords:282 - Waiting for webElement...financialdetails.otherbrokerage
2024-05-23 12:45:28 INFO  Keywords:285 - Element found...financialdetails.otherbrokerage
2024-05-23 12:45:28 INFO  Keywords:124 - InputText is called
2024-05-23 12:45:28 INFO  Keywords:282 - Waiting for webElement...financialdetails.policypremium
2024-05-23 12:45:28 INFO  Keywords:285 - Element found...financialdetails.policypremium
2024-05-23 12:45:28 INFO  Keywords:124 - InputText is called
2024-05-23 12:45:28 INFO  Keywords:282 - Waiting for webElement...financialdetails.variableannuity
2024-05-23 12:45:28 INFO  Keywords:285 - Element found...financialdetails.variableannuity
2024-05-23 12:45:28 INFO  Keywords:124 - InputText is called
2024-05-23 12:45:28 INFO  Keywords:282 - Waiting for webElement...financialdetails.totalpremium
2024-05-23 12:45:28 INFO  Keywords:285 - Element found...financialdetails.totalpremium
2024-05-23 12:45:28 INFO  Keywords:282 - Waiting for webElement...financialdetails.anticipatedchanges
2024-05-23 12:45:28 INFO  Keywords:285 - Element found...financialdetails.anticipatedchanges
2024-05-23 12:45:28 INFO  Keywords:282 - Waiting for webElement...financialdetails.nonguaranteedelement
2024-05-23 12:45:28 INFO  Keywords:285 - Element found...financialdetails.nonguaranteedelement
2024-05-23 12:45:29 INFO  Keywords:282 - Waiting for webElement...financialdetails.reversemortgage
2024-05-23 12:45:29 INFO  Keywords:285 - Element found...financialdetails.reversemortgage
2024-05-23 12:45:29 INFO  Keywords:135 - ClickOnLink is called
2024-05-23 12:45:29 INFO  Keywords:282 - Waiting for webElement...next
2024-05-23 12:45:29 INFO  Keywords:285 - Element found...next
2024-05-23 12:45:52 INFO  Keywords:282 - Waiting for webElement...payment.modal
2024-05-23 12:45:52 INFO  Keywords:285 - Element found...payment.modal
2024-05-23 12:46:08 INFO  Keywords:282 - Waiting for webElement...payment.method
2024-05-23 12:46:08 INFO  Keywords:285 - Element found...payment.method
2024-05-23 12:46:08 INFO  Keywords:124 - InputText is called
2024-05-23 12:46:08 INFO  Keywords:282 - Waiting for webElement...payment.premium
2024-05-23 12:46:08 INFO  Keywords:285 - Element found...payment.premium
2024-05-23 12:46:09 INFO  Keywords:135 - ClickOnLink is called
2024-05-23 12:46:09 INFO  Keywords:282 - Waiting for webElement...next
2024-05-23 12:46:09 INFO  Keywords:285 - Element found...next
2024-05-23 12:46:32 INFO  Keywords:282 - Waiting for webElement...existinginsurance.borrowingfunds
2024-05-23 12:46:32 INFO  Keywords:285 - Element found...existinginsurance.borrowingfunds
2024-05-23 12:46:32 INFO  Keywords:282 - Waiting for webElement...existinginsurance.terminatingexistinglifepolicyNo
2024-05-23 12:46:32 INFO  Keywords:285 - Element found...existinginsurance.terminatingexistinglifepolicyNo
2024-05-23 12:46:32 INFO  Keywords:282 - Waiting for webElement...existinginsurance.DisabilityPoliciesNo
2024-05-23 12:46:33 INFO  Keywords:285 - Element found...existinginsurance.DisabilityPoliciesNo
2024-05-23 12:46:33 INFO  Keywords:282 - Waiting for webElement...existinginsurance.longtermpolicyNo
2024-05-23 12:46:33 INFO  Keywords:285 - Element found...existinginsurance.longtermpolicyNo
2024-05-23 12:46:33 INFO  Keywords:282 - Waiting for webElement...existinglongterminsurance.NO
2024-05-23 12:46:33 INFO  Keywords:285 - Element found...existinglongterminsurance.NO
2024-05-23 12:46:33 INFO  Keywords:135 - ClickOnLink is called
2024-05-23 12:46:33 INFO  Keywords:282 - Waiting for webElement...next
2024-05-23 12:46:33 INFO  Keywords:285 - Element found...next
2024-05-23 12:46:56 INFO  Keywords:135 - ClickOnLink is called
2024-05-23 12:46:56 INFO  Keywords:282 - Waiting for webElement...next
2024-05-23 12:46:56 INFO  Keywords:285 - Element found...next
2024-05-23 12:47:18 INFO  Keywords:124 - InputText is called
2024-05-23 12:47:18 INFO  Keywords:282 - Waiting for webElement...additionalclientquestion.q1
2024-05-23 12:47:18 INFO  Keywords:285 - Element found...additionalclientquestion.q1
2024-05-23 12:47:18 INFO  Keywords:124 - InputText is called
2024-05-23 12:47:18 INFO  Keywords:282 - Waiting for webElement...additionalclientquestion.q2
2024-05-23 12:47:18 INFO  Keywords:285 - Element found...additionalclientquestion.q2
2024-05-23 12:47:18 INFO  Keywords:124 - InputText is called
2024-05-23 12:47:18 INFO  Keywords:282 - Waiting for webElement...additionalclientquestion.q3
2024-05-23 12:47:18 INFO  Keywords:285 - Element found...additionalclientquestion.q3
2024-05-23 12:47:18 INFO  Keywords:124 - InputText is called
2024-05-23 12:47:18 INFO  Keywords:282 - Waiting for webElement...additionalclientquestion.q4
2024-05-23 12:48:09 INFO  Keywords:124 - InputText is called
2024-05-23 12:48:09 INFO  Keywords:282 - Waiting for webElement...additionalclientquestion.q5
2024-05-23 12:48:59 INFO  Keywords:482 - GetText is called
2024-05-23 12:48:59 INFO  Keywords:282 - Waiting for webElement...ebixTxnID
2024-05-23 12:48:59 INFO  Keywords:285 - Element found...ebixTxnID
2024-05-23 12:48:59 INFO  Keywords:486 - LinkId: 529845
2024-05-23 12:48:59 INFO  Keywords:530 - LinkId: 529845
2024-05-23 12:49:00 INFO  Keywords:482 - GetText is called
2024-05-23 12:49:00 INFO  Keywords:282 - Waiting for webElement...ebixTxnID
2024-05-23 12:49:00 INFO  Keywords:285 - Element found...ebixTxnID
2024-05-23 12:49:00 INFO  Keywords:486 - LinkId: 529845
2024-05-23 12:49:00 INFO  Keywords:135 - ClickOnLink is called
2024-05-23 12:49:00 INFO  Keywords:282 - Waiting for webElement...next
2024-05-23 12:49:00 INFO  Keywords:285 - Element found...next
2024-05-23 12:49:22 INFO  Keywords:135 - ClickOnLink is called
2024-05-23 12:49:22 INFO  Keywords:282 - Waiting for webElement...validate.button
2024-05-23 12:49:22 INFO  Keywords:285 - Element found...validate.button
2024-05-23 12:49:54 INFO  Keywords:135 - ClickOnLink is called
2024-05-23 12:49:54 INFO  Keywords:282 - Waiting for webElement...notification.continue
2024-05-23 12:49:54 INFO  Keywords:285 - Element found...notification.continue
2024-05-23 12:50:10 INFO  Keywords:135 - ClickOnLink is called
2024-05-23 12:50:10 INFO  Keywords:282 - Waiting for webElement...esignature.optout
2024-05-23 12:50:10 INFO  Keywords:285 - Element found...esignature.optout
2024-05-23 12:51:41 INFO  Keywords:147 - VerifyText is called
2024-05-23 12:51:41 INFO  Keywords:282 - Waiting for webElement...WebElement
2024-05-23 12:51:41 INFO  Keywords:135 - ClickOnLink is called
2024-05-23 12:51:41 INFO  Keywords:282 - Waiting for webElement...attachment
2024-05-23 12:51:41 INFO  Keywords:285 - Element found...attachment
2024-05-23 12:51:42 INFO  Keywords:282 - Waiting for webElement...attachment.documenttype
2024-05-23 12:51:43 INFO  Keywords:285 - Element found...attachment.documenttype
2024-05-23 12:51:43 INFO  Keywords:124 - InputText is called
2024-05-23 12:51:43 INFO  Keywords:282 - Waiting for webElement...attachment.choosefile
2024-05-23 12:51:43 INFO  Keywords:285 - Element found...attachment.choosefile
2024-05-23 12:51:43 INFO  Keywords:135 - ClickOnLink is called
2024-05-23 12:51:43 INFO  Keywords:282 - Waiting for webElement...attachment.upload
2024-05-23 12:51:43 INFO  Keywords:285 - Element found...attachment.upload
2024-05-23 12:52:03 INFO  Keywords:135 - ClickOnLink is called
2024-05-23 12:52:03 INFO  Keywords:282 - Waiting for webElement...RequestSignatures
2024-05-23 12:52:03 INFO  Keywords:285 - Element found...RequestSignatures
2024-05-23 12:52:26 INFO  Keywords:282 - Waiting for webElement...attachment.documenttype
2024-05-23 12:52:26 INFO  Keywords:285 - Element found...attachment.documenttype
2024-05-23 12:52:26 INFO  Keywords:124 - InputText is called
2024-05-23 12:52:26 INFO  Keywords:282 - Waiting for webElement...attachment.choosefile
2024-05-23 12:52:26 INFO  Keywords:285 - Element found...attachment.choosefile
2024-05-23 12:52:26 INFO  Keywords:135 - ClickOnLink is called
2024-05-23 12:52:26 INFO  Keywords:282 - Waiting for webElement...attachment.upload
2024-05-23 12:52:26 INFO  Keywords:285 - Element found...attachment.upload
2024-05-23 12:52:46 INFO  Keywords:135 - ClickOnLink is called
2024-05-23 12:52:46 INFO  Keywords:282 - Waiting for webElement...SubmitButton
2024-05-23 12:52:46 INFO  Keywords:285 - Element found...SubmitButton
2024-05-23 12:54:22 INFO  Keywords:428 - switching to parent window...
2024-05-23 12:54:22 INFO  Keywords:98 - Navigate is called
2024-05-23 12:54:23 INFO  Keywords:496 - ClearText is called
2024-05-23 12:54:23 INFO  Keywords:282 - Waiting for webElement...gateway.username
2024-05-23 12:54:23 INFO  Keywords:285 - Element found...gateway.username
2024-05-23 12:54:23 INFO  Keywords:500 - LinkId: 529845
2024-05-23 12:54:23 INFO  Keywords:124 - InputText is called
2024-05-23 12:54:23 INFO  Keywords:282 - Waiting for webElement...gateway.username
2024-05-23 12:54:23 INFO  Keywords:285 - Element found...gateway.username
2024-05-23 12:54:23 INFO  Keywords:496 - ClearText is called
2024-05-23 12:54:23 INFO  Keywords:282 - Waiting for webElement...gateway.password
2024-05-23 12:54:23 INFO  Keywords:285 - Element found...gateway.password
2024-05-23 12:54:23 INFO  Keywords:500 - LinkId: 529845
2024-05-23 12:54:23 INFO  Keywords:124 - InputText is called
2024-05-23 12:54:23 INFO  Keywords:282 - Waiting for webElement...gateway.password
2024-05-23 12:54:23 INFO  Keywords:285 - Element found...gateway.password
2024-05-23 12:54:23 INFO  Keywords:135 - ClickOnLink is called
2024-05-23 12:54:23 INFO  Keywords:282 - Waiting for webElement...gateway.login
2024-05-23 12:54:23 INFO  Keywords:285 - Element found...gateway.login
2024-05-23 12:54:42 INFO  Keywords:135 - ClickOnLink is called
2024-05-23 12:54:42 INFO  Keywords:282 - Waiting for webElement...management
2024-05-23 12:54:43 INFO  Keywords:285 - Element found...management
2024-05-23 12:54:43 INFO  Keywords:282 - Waiting for webElement...managementTools
2024-05-23 12:54:43 INFO  Keywords:285 - Element found...managementTools
2024-05-23 12:54:44 INFO  Keywords:135 - ClickOnLink is called
2024-05-23 12:54:44 INFO  Keywords:282 - Waiting for webElement...feedManagement
2024-05-23 12:54:44 INFO  Keywords:285 - Element found...feedManagement
2024-05-23 12:55:00 INFO  Keywords:135 - ClickOnLink is called
2024-05-23 12:55:00 INFO  Keywords:282 - Waiting for webElement...searchPanel
2024-05-23 12:55:00 INFO  Keywords:285 - Element found...searchPanel
2024-05-23 12:55:01 INFO  Keywords:282 - Waiting for webElement...selectTransactionID
2024-05-23 12:55:01 INFO  Keywords:285 - Element found...selectTransactionID
2024-05-23 12:55:01 INFO  Keywords:124 - InputText is called
2024-05-23 12:55:01 INFO  Keywords:282 - Waiting for webElement...enterTransactioID
2024-05-23 12:55:01 INFO  Keywords:285 - Element found...enterTransactioID
2024-05-23 12:55:01 INFO  Keywords:135 - ClickOnLink is called
2024-05-23 12:55:01 INFO  Keywords:282 - Waiting for webElement...searchbutton
2024-05-23 12:55:01 INFO  Keywords:285 - Element found...searchbutton
2024-05-23 12:55:17 INFO  Keywords:135 - ClickOnLink is called
2024-05-23 12:55:17 INFO  Keywords:282 - Waiting for webElement...transactionSearchmyResult
2024-05-23 12:55:18 INFO  Keywords:285 - Element found...transactionSearchmyResult
2024-05-23 12:55:34 INFO  Keywords:135 - ClickOnLink is called
2024-05-23 12:55:34 INFO  Keywords:282 - Waiting for webElement...onenotThree
2024-05-23 12:55:34 INFO  Keywords:285 - Element found...onenotThree
2024-05-23 12:55:34 INFO  Keywords:282 - Waiting for webElement...103ResponseXML
2024-05-23 12:56:16 INFO  Keywords:428 - switching to parent window...
2024-05-23 12:56:16 INFO  Keywords:98 - Navigate is called
2024-05-23 12:56:17 INFO  Keywords:496 - ClearText is called
2024-05-23 12:56:17 INFO  Keywords:282 - Waiting for webElement...gateway.username
2024-05-23 12:56:17 INFO  Keywords:285 - Element found...gateway.username
2024-05-23 12:56:17 INFO  Keywords:500 - LinkId: 529845
2024-05-23 12:56:17 INFO  Keywords:124 - InputText is called
2024-05-23 12:56:17 INFO  Keywords:282 - Waiting for webElement...gateway.username
2024-05-23 12:56:17 INFO  Keywords:285 - Element found...gateway.username
2024-05-23 12:56:17 INFO  Keywords:496 - ClearText is called
2024-05-23 12:56:17 INFO  Keywords:282 - Waiting for webElement...gateway.password
2024-05-23 12:56:17 INFO  Keywords:285 - Element found...gateway.password
2024-05-23 12:56:17 INFO  Keywords:500 - LinkId: 529845
2024-05-23 12:56:17 INFO  Keywords:124 - InputText is called
2024-05-23 12:56:17 INFO  Keywords:282 - Waiting for webElement...gateway.password
2024-05-23 12:56:18 INFO  Keywords:285 - Element found...gateway.password
2024-05-23 12:56:18 INFO  Keywords:135 - ClickOnLink is called
2024-05-23 12:56:18 INFO  Keywords:282 - Waiting for webElement...gateway.login
2024-05-23 12:56:18 INFO  Keywords:285 - Element found...gateway.login
2024-05-23 12:56:39 INFO  Keywords:135 - ClickOnLink is called
2024-05-23 12:56:39 INFO  Keywords:282 - Waiting for webElement...management
2024-05-23 12:56:40 INFO  Keywords:285 - Element found...management
2024-05-23 12:56:40 INFO  Keywords:282 - Waiting for webElement...managementTools
2024-05-23 12:56:40 INFO  Keywords:285 - Element found...managementTools
2024-05-23 12:56:41 INFO  Keywords:135 - ClickOnLink is called
2024-05-23 12:56:41 INFO  Keywords:282 - Waiting for webElement...feedManagement
2024-05-23 12:56:41 INFO  Keywords:285 - Element found...feedManagement
2024-05-23 12:56:57 INFO  Keywords:135 - ClickOnLink is called
2024-05-23 12:56:57 INFO  Keywords:282 - Waiting for webElement...searchPanel
2024-05-23 12:56:57 INFO  Keywords:285 - Element found...searchPanel
2024-05-23 12:56:58 INFO  Keywords:282 - Waiting for webElement...selectTransactionID
2024-05-23 12:56:58 INFO  Keywords:285 - Element found...selectTransactionID
2024-05-23 12:56:58 INFO  Keywords:124 - InputText is called
2024-05-23 12:56:58 INFO  Keywords:282 - Waiting for webElement...enterTransactioID
2024-05-23 12:56:58 INFO  Keywords:285 - Element found...enterTransactioID
2024-05-23 12:56:58 INFO  Keywords:135 - ClickOnLink is called
2024-05-23 12:56:58 INFO  Keywords:282 - Waiting for webElement...searchbutton
2024-05-23 12:56:58 INFO  Keywords:285 - Element found...searchbutton
2024-05-23 12:57:14 INFO  Keywords:135 - ClickOnLink is called
2024-05-23 12:57:14 INFO  Keywords:282 - Waiting for webElement...transactionSearchmyResult
2024-05-23 12:57:15 INFO  Keywords:285 - Element found...transactionSearchmyResult
2024-05-23 12:57:31 INFO  Keywords:135 - ClickOnLink is called
2024-05-23 12:57:31 INFO  Keywords:282 - Waiting for webElement...RTSMButton
2024-05-23 12:57:31 INFO  Keywords:285 - Element found...RTSMButton
2024-05-23 12:57:31 INFO  Keywords:282 - Waiting for webElement...RTSMResponseXML
