2023-12-19 17:47:58 INFO  Keywords:97 - Navigate is called
2023-12-19 17:48:02 INFO  Keywords:125 - InputText is called
2023-12-19 17:48:02 INFO  Keywords:286 - Waiting for webElement...gateway.username
2023-12-19 17:48:02 INFO  Keywords:289 - Element found...gateway.username
2023-12-19 17:48:02 INFO  Keywords:125 - InputText is called
2023-12-19 17:48:02 INFO  Keywords:286 - Waiting for webElement...gateway.password
2023-12-19 17:48:02 INFO  Keywords:289 - Element found...gateway.password
2023-12-19 17:48:02 INFO  Keywords:138 - ClickOnLink is called
2023-12-19 17:48:02 INFO  Keywords:286 - Waiting for webElement...gateway.login
2023-12-19 17:48:02 INFO  Keywords:289 - Element found...gateway.login
2023-12-19 17:48:35 INFO  Keywords:138 - ClickOnLink is called
2023-12-19 17:48:35 INFO  Keywords:286 - Waiting for webElement...postsamldata
2023-12-19 17:48:35 INFO  Keywords:289 - Element found...postsamldata
2023-12-19 17:48:51 INFO  Keywords:138 - ClickOnLink is called
2023-12-19 17:48:51 INFO  Keywords:286 - Waiting for webElement...next
2023-12-19 17:49:16 INFO  Keywords:125 - InputText is called
2023-12-19 17:49:16 INFO  Keywords:286 - Waiting for webElement...policyConfiguration.insuranceamount
2023-12-19 17:49:26 INFO  Keywords:286 - Waiting for webElement...policyConfiguration.LTC
2023-12-19 17:49:36 INFO  Keywords:286 - Waiting for webElement...policyConfiguration.payors
2023-12-19 17:49:46 INFO  Keywords:286 - Waiting for webElement...policyConfiguration.purposeofpolicy
2023-12-19 17:49:56 INFO  Keywords:138 - ClickOnLink is called
2023-12-19 17:49:56 INFO  Keywords:286 - Waiting for webElement...next
2023-12-19 17:50:21 INFO  Keywords:286 - Waiting for webElement...primaryinsured.birthcountry
2023-12-19 17:50:31 INFO  Keywords:286 - Waiting for webElement...primaryinsured.birthstate
2023-12-19 17:50:42 INFO  Keywords:125 - InputText is called
2023-12-19 17:50:42 INFO  Keywords:286 - Waiting for webElement...primaryinsured.birthcity
2023-12-19 17:50:52 INFO  Keywords:138 - ClickOnLink is called
2023-12-19 17:50:52 INFO  Keywords:286 - Waiting for webElement...next
2023-12-19 17:51:17 INFO  Keywords:138 - ClickOnLink is called
2023-12-19 17:51:17 INFO  Keywords:286 - Waiting for webElement...next
2023-12-19 17:51:42 INFO  Keywords:286 - Waiting for webElement...jointInsured.birthCountry
2023-12-19 17:51:52 INFO  Keywords:286 - Waiting for webElement...jointInsured.birthState
2023-12-19 17:52:02 INFO  Keywords:125 - InputText is called
2023-12-19 17:52:02 INFO  Keywords:286 - Waiting for webElement...jointInsured.birthCity
2023-12-19 17:52:12 INFO  Keywords:138 - ClickOnLink is called
2023-12-19 17:52:12 INFO  Keywords:286 - Waiting for webElement...next
2023-12-19 17:52:37 INFO  Keywords:286 - Waiting for webElement...naturalOwner.relationwithInsured
2023-12-19 17:52:47 INFO  Keywords:286 - Waiting for webElement...naturalOwner.relationwithJointInsured
2023-12-19 17:52:57 INFO  Keywords:138 - ClickOnLink is called
2023-12-19 17:52:57 INFO  Keywords:286 - Waiting for webElement...next
2023-12-19 17:53:22 INFO  Keywords:286 - Waiting for webElement...financialDetails.SourceOfFundsLI
2023-12-19 17:53:32 INFO  Keywords:286 - Waiting for webElement...financialDetails.SurrenderChargeSOFLI
2023-12-19 17:53:42 INFO  Keywords:286 - Waiting for webElement...financialDetails.envisiontaking
