2024-11-14 10:33:39 INFO  Keywords:106 - Navigate is called
2024-11-14 10:33:41 INFO  Keywords:132 - InputText is called
2024-11-14 10:33:41 INFO  Keywords:309 - Waiting for webElement...gateway.username
2024-11-14 10:33:41 INFO  Keywords:313 - Element found...gateway.username
2024-11-14 10:33:41 INFO  Keywords:132 - InputText is called
2024-11-14 10:33:41 INFO  Keywords:309 - Waiting for webElement...gateway.password
2024-11-14 10:33:41 INFO  Keywords:313 - Element found...gateway.password
2024-11-14 10:33:41 INFO  Keywords:143 - ClickOnLink is called
2024-11-14 10:33:41 INFO  Keywords:309 - Waiting for webElement...gateway.login
2024-11-14 10:33:41 INFO  Keywords:313 - Element found...gateway.login
2024-11-14 10:34:18 INFO  Keywords:143 - ClickOnLink is called
2024-11-14 10:34:18 INFO  Keywords:309 - Waiting for webElement...postsamldata
2024-11-14 10:34:18 INFO  Keywords:313 - Element found...postsamldata
2024-11-14 10:34:34 INFO  Keywords:143 - ClickOnLink is called
2024-11-14 10:34:34 INFO  Keywords:309 - Waiting for webElement...next
2024-11-14 10:35:00 INFO  Keywords:132 - InputText is called
2024-11-14 10:35:00 INFO  Keywords:309 - Waiting for webElement...policyConfiguration.insuranceamount
2024-11-14 10:35:10 INFO  Keywords:309 - Waiting for webElement...policyConfiguration.LTC
2024-11-14 10:35:20 INFO  Keywords:309 - Waiting for webElement...policyConfiguration.payors
2024-11-14 10:35:30 INFO  Keywords:309 - Waiting for webElement...policyConfiguration.purposeofpolicy
2024-11-14 10:35:40 INFO  Keywords:143 - ClickOnLink is called
2024-11-14 10:35:40 INFO  Keywords:309 - Waiting for webElement...next
2024-11-14 10:37:20 INFO  Keywords:309 - Waiting for webElement...primaryinsured.birthcountry
2024-11-14 10:37:31 INFO  Keywords:309 - Waiting for webElement...primaryinsured.birthstate
2024-11-14 10:37:41 INFO  Keywords:132 - InputText is called
2024-11-14 10:37:41 INFO  Keywords:309 - Waiting for webElement...primaryinsured.birthcity
2024-11-14 10:37:51 INFO  Keywords:143 - ClickOnLink is called
2024-11-14 10:37:51 INFO  Keywords:309 - Waiting for webElement...next
2024-11-14 10:38:17 INFO  Keywords:143 - ClickOnLink is called
2024-11-14 10:38:17 INFO  Keywords:309 - Waiting for webElement...next
2024-11-14 10:38:27 INFO  Keywords:309 - Waiting for webElement...naturalOwner.relationwithInsured
2024-11-14 10:38:37 INFO  Keywords:143 - ClickOnLink is called
2024-11-14 10:38:37 INFO  Keywords:309 - Waiting for webElement...next
2024-11-14 10:39:03 INFO  Keywords:309 - Waiting for webElement...financialDetails.SourceOfFundsLI
2024-11-14 10:39:13 INFO  Keywords:309 - Waiting for webElement...financialDetails.SurrenderChargeSOFLI
2024-11-14 10:39:23 INFO  Keywords:309 - Waiting for webElement...financialDetails.envisiontaking
2024-11-14 10:39:33 INFO  Keywords:309 - Waiting for webElement...financialDetails.federalfaxbracket
2024-11-14 10:39:43 INFO  Keywords:309 - Waiting for webElement...financialDetails.riskTolerance
2024-11-14 10:39:53 INFO  Keywords:309 - Waiting for webElement...financialDetails.Investmentobjectives
2024-11-14 10:40:03 INFO  Keywords:309 - Waiting for webElement...financialDetails.timehorizon
2024-11-14 10:40:13 INFO  Keywords:309 - Waiting for webElement...financialDetails.investmentexperienceFA
2024-11-14 10:40:23 INFO  Keywords:132 - InputText is called
2024-11-14 10:40:23 INFO  Keywords:309 - Waiting for webElement...financialDetails.investmentstartyear
2024-11-14 10:40:33 INFO  Keywords:132 - InputText is called
2024-11-14 10:40:33 INFO  Keywords:309 - Waiting for webElement...financialdetails.wages
2024-11-14 10:40:44 INFO  Keywords:132 - InputText is called
2024-11-14 10:40:44 INFO  Keywords:309 - Waiting for webElement...financialdetails.livingexpenses
2024-11-14 10:40:54 INFO  Keywords:132 - InputText is called
2024-11-14 10:40:54 INFO  Keywords:309 - Waiting for webElement...financialdetails.personalinvestment
2024-11-14 10:41:04 INFO  Keywords:132 - InputText is called
2024-11-14 10:41:04 INFO  Keywords:309 - Waiting for webElement...financialdetails.fixeddebtexpenses
2024-11-14 10:41:14 INFO  Keywords:132 - InputText is called
2024-11-14 10:41:14 INFO  Keywords:309 - Waiting for webElement...financialdetails.rentalincome
2024-11-14 10:41:24 INFO  Keywords:132 - InputText is called
2024-11-14 10:41:24 INFO  Keywords:309 - Waiting for webElement...financialdetails.variabledebtexpenses
2024-11-14 10:41:34 INFO  Keywords:132 - InputText is called
2024-11-14 10:41:34 INFO  Keywords:309 - Waiting for webElement...financialdetails.incomepension
2024-11-14 10:41:44 INFO  Keywords:132 - InputText is called
2024-11-14 10:41:44 INFO  Keywords:309 - Waiting for webElement...financialdetails.discretionaryexpenses
2024-11-14 10:41:54 INFO  Keywords:132 - InputText is called
2024-11-14 10:41:54 INFO  Keywords:309 - Waiting for webElement...financialdetails.socialsecurityincome
2024-11-14 10:42:04 INFO  Keywords:132 - InputText is called
2024-11-14 10:42:04 INFO  Keywords:309 - Waiting for webElement...financialdetails.otherincome
2024-11-14 10:42:14 INFO  Keywords:132 - InputText is called
2024-11-14 10:42:14 INFO  Keywords:309 - Waiting for webElement...financialdetails.bonds
2024-11-14 10:42:24 INFO  Keywords:132 - InputText is called
2024-11-14 10:42:24 INFO  Keywords:309 - Waiting for webElement...financialdetails.businessTrustRealstate
2024-11-14 10:42:34 INFO  Keywords:132 - InputText is called
2024-11-14 10:42:34 INFO  Keywords:309 - Waiting for webElement...financialdetails.retirementplan
2024-11-14 10:42:44 INFO  Keywords:132 - InputText is called
2024-11-14 10:42:44 INFO  Keywords:309 - Waiting for webElement...financialdetails.equities
2024-11-14 10:42:54 INFO  Keywords:132 - InputText is called
2024-11-14 10:42:54 INFO  Keywords:309 - Waiting for webElement...financialdetails.facevalueilfeinsurance
2024-11-14 10:43:04 INFO  Keywords:132 - InputText is called
2024-11-14 10:43:04 INFO  Keywords:309 - Waiting for webElement...financialdetails.fixedannuity
2024-11-14 10:43:14 INFO  Keywords:132 - InputText is called
2024-11-14 10:43:14 INFO  Keywords:309 - Waiting for webElement...financialdetails.indexannuity
2024-11-14 10:43:24 INFO  Keywords:132 - InputText is called
2024-11-14 10:43:24 INFO  Keywords:309 - Waiting for webElement...financialdetails.liquidnetworth
2024-11-14 10:43:34 INFO  Keywords:132 - InputText is called
2024-11-14 10:43:34 INFO  Keywords:309 - Waiting for webElement...financialdetails.AlerternativeInvetment
2024-11-14 10:43:45 INFO  Keywords:132 - InputText is called
2024-11-14 10:43:45 INFO  Keywords:309 - Waiting for webElement...financialdetails.mutualfund
2024-11-14 10:43:55 INFO  Keywords:132 - InputText is called
2024-11-14 10:43:55 INFO  Keywords:309 - Waiting for webElement...financialdetails.otherbrokerage
2024-11-14 10:44:05 INFO  Keywords:132 - InputText is called
2024-11-14 10:44:05 INFO  Keywords:309 - Waiting for webElement...financialdetails.policypremium
2024-11-14 10:44:15 INFO  Keywords:132 - InputText is called
2024-11-14 10:44:15 INFO  Keywords:309 - Waiting for webElement...financialdetails.variableannuity
2024-11-14 10:44:25 INFO  Keywords:132 - InputText is called
2024-11-14 10:44:25 INFO  Keywords:309 - Waiting for webElement...financialdetails.totalpremium
2024-11-14 10:44:35 INFO  Keywords:309 - Waiting for webElement...financialdetails.anticipatedchanges
2024-11-14 10:44:45 INFO  Keywords:309 - Waiting for webElement...financialdetails.nonguaranteedelement
2024-11-14 10:44:55 INFO  Keywords:309 - Waiting for webElement...financialdetails.reversemortgage
2024-11-14 10:45:05 INFO  Keywords:143 - ClickOnLink is called
2024-11-14 10:45:05 INFO  Keywords:309 - Waiting for webElement...next
2024-11-14 10:45:31 INFO  Keywords:309 - Waiting for webElement...payment.modal
2024-11-14 10:45:57 INFO  Keywords:309 - Waiting for webElement...payment.method
2024-11-14 10:46:07 INFO  Keywords:132 - InputText is called
2024-11-14 10:46:07 INFO  Keywords:309 - Waiting for webElement...payment.premium
2024-11-14 10:46:17 INFO  Keywords:143 - ClickOnLink is called
2024-11-14 10:46:17 INFO  Keywords:309 - Waiting for webElement...next
2024-11-14 10:46:43 INFO  Keywords:309 - Waiting for webElement...existinginsurance.borrowingfunds
2024-11-14 10:46:53 INFO  Keywords:309 - Waiting for webElement...existinginsurance.terminatingexistinglifepolicy
2024-11-14 10:47:03 INFO  Keywords:309 - Waiting for webElement...existinginsurance.longtermcoverage
2024-11-14 10:47:14 INFO  Keywords:309 - Waiting for webElement...existanceterminating.InsuranceCompanyName
2024-11-14 10:47:24 INFO  Keywords:132 - InputText is called
2024-11-14 10:47:24 INFO  Keywords:309 - Waiting for webElement...existanceterminating.ProductName
2024-11-14 10:47:34 INFO  Keywords:132 - InputText is called
2024-11-14 10:47:34 INFO  Keywords:309 - Waiting for webElement...existanceterminating.Insured
2024-11-14 10:47:44 INFO  Keywords:132 - InputText is called
2024-11-14 10:47:44 INFO  Keywords:309 - Waiting for webElement...existanceterminating.Owner
2024-11-14 10:47:54 INFO  Keywords:132 - InputText is called
2024-11-14 10:47:54 INFO  Keywords:309 - Waiting for webElement...existanceterminating.DateIssued
2024-11-14 10:48:04 INFO  Keywords:132 - InputText is called
2024-11-14 10:48:04 INFO  Keywords:309 - Waiting for webElement...existanceterminating.AmountOfInsurance
2024-11-14 10:48:14 INFO  Keywords:309 - Waiting for webElement...existanceterminating.ExistingInsuranceType
2024-11-14 10:48:24 INFO  Keywords:309 - Waiting for webElement...existanceterminating.ProductType
2024-11-14 10:48:34 INFO  Keywords:309 - Waiting for webElement...existanceterminating.LifeProductType
2024-11-14 10:48:44 INFO  Keywords:132 - InputText is called
2024-11-14 10:48:44 INFO  Keywords:309 - Waiting for webElement...existanceterminating.PolicyNo
2024-11-14 10:48:54 INFO  Keywords:309 - Waiting for webElement...existanceterminating.PurposeOfPolicy
2024-11-14 10:49:04 INFO  Keywords:309 - Waiting for webElement...existanceterminating.FundsNewPolicy
2024-11-14 10:49:14 INFO  Keywords:309 - Waiting for webElement...existanceterminating.ReplacingNewPolicy
2024-11-14 10:49:24 INFO  Keywords:309 - Waiting for webElement...existanceterminating.ReplacementThType
2024-11-14 10:49:34 INFO  Keywords:309 - Waiting for webElement...existance.suvivorship
2024-11-14 10:49:44 INFO  Keywords:309 - Waiting for webElement...existnace.soldSettled
2024-11-14 10:49:54 INFO  Keywords:309 - Waiting for webElement...existanceterminating.1035ThExchange
2024-11-14 10:50:04 INFO  Keywords:132 - InputText is called
2024-11-14 10:50:04 INFO  Keywords:309 - Waiting for webElement...existanceterminating.ReasonReplacement
2024-11-14 10:50:15 INFO  Keywords:132 - InputText is called
2024-11-14 10:50:15 INFO  Keywords:309 - Waiting for webElement...existanceterminating.NoOfPolicy
2024-11-14 10:50:25 INFO  Keywords:132 - InputText is called
2024-11-14 10:50:25 INFO  Keywords:309 - Waiting for webElement...existanceterminating.PremiumPayment
2024-11-14 10:50:35 INFO  Keywords:132 - InputText is called
2024-11-14 10:50:35 INFO  Keywords:309 - Waiting for webElement...existanceterminating.FrequencyPremium
2024-11-14 10:50:45 INFO  Keywords:132 - InputText is called
2024-11-14 10:50:45 INFO  Keywords:309 - Waiting for webElement...existanceterminating.AmountBeingExchanged
2024-11-14 10:50:55 INFO  Keywords:132 - InputText is called
2024-11-14 10:50:55 INFO  Keywords:309 - Waiting for webElement...existanceterminating.SurrenderCharge
2024-11-14 10:51:05 INFO  Keywords:132 - InputText is called
2024-11-14 10:51:05 INFO  Keywords:309 - Waiting for webElement...existanceterminating.DeathBenefit
2024-11-14 10:51:15 INFO  Keywords:132 - InputText is called
2024-11-14 10:51:15 INFO  Keywords:309 - Waiting for webElement...existanceterminating.SpecialFeatures
2024-11-14 10:51:25 INFO  Keywords:309 - Waiting for webElement...existinginsurance.longtermpolicyYes
2024-11-14 10:51:35 INFO  Keywords:132 - InputText is called
2024-11-14 10:51:35 INFO  Keywords:309 - Waiting for webElement...existinglongtermpolicy.InsuranceName
2024-11-14 10:51:45 INFO  Keywords:132 - InputText is called
2024-11-14 10:51:45 INFO  Keywords:309 - Waiting for webElement...existinglongtermpolicy.policyCertificateNumber
2024-11-14 10:51:55 INFO  Keywords:132 - InputText is called
2024-11-14 10:51:55 INFO  Keywords:309 - Waiting for webElement...existinglongtermpolicy.ProductName
2024-11-14 10:52:05 INFO  Keywords:309 - Waiting for webElement...existinglongtermpolicy.ProductType
2024-11-14 10:52:15 INFO  Keywords:132 - InputText is called
2024-11-14 10:52:15 INFO  Keywords:309 - Waiting for webElement...existinglongtermpolicy.Insured
2024-11-14 10:52:25 INFO  Keywords:132 - InputText is called
2024-11-14 10:52:25 INFO  Keywords:309 - Waiting for webElement...existinglongtermpolicy.Owner
2024-11-14 10:52:35 INFO  Keywords:132 - InputText is called
2024-11-14 10:52:35 INFO  Keywords:309 - Waiting for webElement...existinglongtermpolicy.DailyBenefit
2024-11-14 10:52:45 INFO  Keywords:132 - InputText is called
2024-11-14 10:52:45 INFO  Keywords:309 - Waiting for webElement...existinglongtermpolicy.AmountOfInsurance
2024-11-14 10:52:55 INFO  Keywords:132 - InputText is called
2024-11-14 10:52:55 INFO  Keywords:309 - Waiting for webElement...existinglongtermpolicy.benefitAmount
2024-11-14 10:53:06 INFO  Keywords:132 - InputText is called
2024-11-14 10:53:06 INFO  Keywords:309 - Waiting for webElement...existinglongtermpolicy.benefitPeriod
2024-11-14 10:53:16 INFO  Keywords:309 - Waiting for webElement...existinginsurance.longterminsuranceYes
2024-11-14 10:53:26 INFO  Keywords:132 - InputText is called
2024-11-14 10:53:26 INFO  Keywords:309 - Waiting for webElement...existinglongterminsurance.InsuranceCompany
2024-11-14 10:53:36 INFO  Keywords:132 - InputText is called
2024-11-14 10:53:36 INFO  Keywords:309 - Waiting for webElement...existinglongterminsurance.Certificate
2024-11-14 10:53:46 INFO  Keywords:132 - InputText is called
2024-11-14 10:53:46 INFO  Keywords:309 - Waiting for webElement...existinglongterminsurance.LTCBenefit
2024-11-14 10:53:56 INFO  Keywords:132 - InputText is called
2024-11-14 10:53:56 INFO  Keywords:309 - Waiting for webElement...existinglongterminsurance.IssueDate
2024-11-14 10:54:06 INFO  Keywords:309 - Waiting for webElement...existinglongterminsurance.LapseDate
2024-11-14 10:54:16 INFO  Keywords:309 - Waiting for webElement...existance.AgentReadNotice
2024-11-14 10:54:26 INFO  Keywords:143 - ClickOnLink is called
2024-11-14 10:54:26 INFO  Keywords:309 - Waiting for webElement...next
2024-11-14 10:54:52 INFO  Keywords:143 - ClickOnLink is called
2024-11-14 10:54:52 INFO  Keywords:309 - Waiting for webElement...next
2024-11-14 10:55:18 INFO  Keywords:132 - InputText is called
2024-11-14 10:55:18 INFO  Keywords:309 - Waiting for webElement...additionalclientquestion.q1
2024-11-14 10:55:28 INFO  Keywords:132 - InputText is called
2024-11-14 10:55:28 INFO  Keywords:309 - Waiting for webElement...additionalclientquestion.q2
2024-11-14 10:55:38 INFO  Keywords:132 - InputText is called
2024-11-14 10:55:38 INFO  Keywords:309 - Waiting for webElement...additionalclientquestion.q3
2024-11-14 10:55:48 INFO  Keywords:132 - InputText is called
2024-11-14 10:55:48 INFO  Keywords:309 - Waiting for webElement...additionalclientquestion.q4
2024-11-14 10:55:58 INFO  Keywords:132 - InputText is called
2024-11-14 10:55:58 INFO  Keywords:309 - Waiting for webElement...additionalclientquestion.q5
2024-11-14 10:56:08 INFO  Keywords:132 - InputText is called
2024-11-14 10:56:08 INFO  Keywords:309 - Waiting for webElement...additionalclientquestion.q6
2024-11-14 10:56:18 INFO  Keywords:524 - GetText is called
2024-11-14 10:56:18 INFO  Keywords:309 - Waiting for webElement...ebixTxnID
