2024-08-09 11:50:35 INFO  Keywords:104 - Navigate is called
2024-08-09 11:50:37 INFO  Keywords:130 - InputText is called
2024-08-09 11:50:37 INFO  Keywords:301 - Waiting for webElement...gateway.username
2024-08-09 11:50:37 INFO  Keywords:305 - Element found...gateway.username
2024-08-09 11:50:37 INFO  Keywords:130 - InputText is called
2024-08-09 11:50:37 INFO  Keywords:301 - Waiting for webElement...gateway.password
2024-08-09 11:50:37 INFO  Keywords:305 - Element found...gateway.password
2024-08-09 11:50:37 INFO  Keywords:141 - ClickOnLink is called
2024-08-09 11:50:37 INFO  Keywords:301 - Waiting for webElement...gateway.login
2024-08-09 11:50:37 INFO  Keywords:305 - Element found...gateway.login
2024-08-09 11:51:13 INFO  Keywords:141 - ClickOnLink is called
2024-08-09 11:51:13 INFO  Keywords:301 - Waiting for webElement...postsamldata
2024-08-09 11:51:13 INFO  Keywords:305 - Element found...postsamldata
2024-08-09 11:51:30 INFO  Keywords:141 - ClickOnLink is called
2024-08-09 11:51:30 INFO  Keywords:301 - Waiting for webElement...next
2024-08-09 11:51:30 INFO  Keywords:305 - Element found...next
2024-08-09 11:51:49 INFO  Keywords:301 - Waiting for webElement...policyConfiguration.DeathBenefit
2024-08-09 11:51:49 INFO  Keywords:305 - Element found...policyConfiguration.DeathBenefit
2024-08-09 11:51:49 INFO  Keywords:301 - Waiting for webElement...policyConfiguration.LTCOption
2024-08-09 11:51:49 INFO  Keywords:305 - Element found...policyConfiguration.LTCOption
2024-08-09 11:51:50 INFO  Keywords:301 - Waiting for webElement...policyConfiguration.MonthPercentage
2024-08-09 11:51:50 INFO  Keywords:305 - Element found...policyConfiguration.MonthPercentage
2024-08-09 11:51:50 INFO  Keywords:130 - InputText is called
2024-08-09 11:51:50 INFO  Keywords:301 - Waiting for webElement...policyConfiguration.ABPercentage
2024-08-09 11:51:50 INFO  Keywords:305 - Element found...policyConfiguration.ABPercentage
2024-08-09 11:51:50 INFO  Keywords:301 - Waiting for webElement...policyConfiguration.payors
2024-08-09 11:51:50 INFO  Keywords:305 - Element found...policyConfiguration.payors
2024-08-09 11:51:50 INFO  Keywords:301 - Waiting for webElement...policyConfiguration.purposeofpolicy
2024-08-09 11:51:50 INFO  Keywords:305 - Element found...policyConfiguration.purposeofpolicy
2024-08-09 11:51:50 INFO  Keywords:141 - ClickOnLink is called
2024-08-09 11:51:50 INFO  Keywords:301 - Waiting for webElement...next
2024-08-09 11:51:50 INFO  Keywords:305 - Element found...next
2024-08-09 11:53:26 INFO  Keywords:301 - Waiting for webElement...primaryinsured.birthcountry
2024-08-09 11:53:26 INFO  Keywords:305 - Element found...primaryinsured.birthcountry
2024-08-09 11:53:26 INFO  Keywords:301 - Waiting for webElement...primaryinsured.birthstate
2024-08-09 11:53:26 INFO  Keywords:305 - Element found...primaryinsured.birthstate
2024-08-09 11:53:26 INFO  Keywords:130 - InputText is called
2024-08-09 11:53:26 INFO  Keywords:301 - Waiting for webElement...primaryinsured.birthcity
2024-08-09 11:53:36 INFO  Keywords:141 - ClickOnLink is called
2024-08-09 11:53:36 INFO  Keywords:301 - Waiting for webElement...next
2024-08-09 11:53:36 INFO  Keywords:305 - Element found...next
2024-08-09 11:53:58 INFO  Keywords:141 - ClickOnLink is called
2024-08-09 11:53:58 INFO  Keywords:301 - Waiting for webElement...next
2024-08-09 11:53:58 INFO  Keywords:305 - Element found...next
2024-08-09 11:54:17 INFO  Keywords:301 - Waiting for webElement...financialDetails.SourceOfFundsLI
2024-08-09 11:54:17 INFO  Keywords:305 - Element found...financialDetails.SourceOfFundsLI
2024-08-09 11:54:17 INFO  Keywords:301 - Waiting for webElement...financialDetails.SurrenderChargeSOFLI
2024-08-09 11:54:17 INFO  Keywords:305 - Element found...financialDetails.SurrenderChargeSOFLI
2024-08-09 11:54:17 INFO  Keywords:301 - Waiting for webElement...financialDetails.envisiontaking
2024-08-09 11:54:17 INFO  Keywords:305 - Element found...financialDetails.envisiontaking
2024-08-09 11:54:17 INFO  Keywords:301 - Waiting for webElement...financialDetails.federalfaxbracket
2024-08-09 11:54:17 INFO  Keywords:305 - Element found...financialDetails.federalfaxbracket
2024-08-09 11:54:18 INFO  Keywords:301 - Waiting for webElement...financialDetails.riskTolerance
2024-08-09 11:54:18 INFO  Keywords:305 - Element found...financialDetails.riskTolerance
2024-08-09 11:54:18 INFO  Keywords:301 - Waiting for webElement...financialDetails.Investmentobjectives
2024-08-09 11:54:18 INFO  Keywords:305 - Element found...financialDetails.Investmentobjectives
2024-08-09 11:54:18 INFO  Keywords:301 - Waiting for webElement...financialDetails.timehorizon
2024-08-09 11:54:18 INFO  Keywords:305 - Element found...financialDetails.timehorizon
2024-08-09 11:54:18 INFO  Keywords:301 - Waiting for webElement...financialDetails.investmentexperienceFA
2024-08-09 11:54:18 INFO  Keywords:305 - Element found...financialDetails.investmentexperienceFA
2024-08-09 11:54:19 INFO  Keywords:130 - InputText is called
2024-08-09 11:54:19 INFO  Keywords:301 - Waiting for webElement...financialDetails.investmentstartyear
2024-08-09 11:54:19 INFO  Keywords:305 - Element found...financialDetails.investmentstartyear
2024-08-09 11:54:19 INFO  Keywords:130 - InputText is called
2024-08-09 11:54:19 INFO  Keywords:301 - Waiting for webElement...financialdetails.wages
2024-08-09 11:54:19 INFO  Keywords:305 - Element found...financialdetails.wages
2024-08-09 11:54:19 INFO  Keywords:130 - InputText is called
2024-08-09 11:54:19 INFO  Keywords:301 - Waiting for webElement...financialdetails.livingexpenses
2024-08-09 11:54:19 INFO  Keywords:305 - Element found...financialdetails.livingexpenses
2024-08-09 11:54:19 INFO  Keywords:130 - InputText is called
2024-08-09 11:54:19 INFO  Keywords:301 - Waiting for webElement...financialdetails.personalinvestment
2024-08-09 11:54:19 INFO  Keywords:305 - Element found...financialdetails.personalinvestment
2024-08-09 11:54:19 INFO  Keywords:130 - InputText is called
2024-08-09 11:54:19 INFO  Keywords:301 - Waiting for webElement...financialdetails.fixeddebtexpenses
2024-08-09 11:54:19 INFO  Keywords:305 - Element found...financialdetails.fixeddebtexpenses
2024-08-09 11:54:19 INFO  Keywords:130 - InputText is called
2024-08-09 11:54:19 INFO  Keywords:301 - Waiting for webElement...financialdetails.rentalincome
2024-08-09 11:54:19 INFO  Keywords:305 - Element found...financialdetails.rentalincome
2024-08-09 11:54:19 INFO  Keywords:130 - InputText is called
2024-08-09 11:54:19 INFO  Keywords:301 - Waiting for webElement...financialdetails.variabledebtexpenses
2024-08-09 11:54:19 INFO  Keywords:305 - Element found...financialdetails.variabledebtexpenses
2024-08-09 11:54:19 INFO  Keywords:130 - InputText is called
2024-08-09 11:54:19 INFO  Keywords:301 - Waiting for webElement...financialdetails.incomepension
2024-08-09 11:54:19 INFO  Keywords:305 - Element found...financialdetails.incomepension
2024-08-09 11:54:19 INFO  Keywords:130 - InputText is called
2024-08-09 11:54:19 INFO  Keywords:301 - Waiting for webElement...financialdetails.discretionaryexpenses
2024-08-09 11:54:19 INFO  Keywords:305 - Element found...financialdetails.discretionaryexpenses
2024-08-09 11:54:19 INFO  Keywords:130 - InputText is called
2024-08-09 11:54:19 INFO  Keywords:301 - Waiting for webElement...financialdetails.socialsecurityincome
2024-08-09 11:54:19 INFO  Keywords:305 - Element found...financialdetails.socialsecurityincome
2024-08-09 11:54:19 INFO  Keywords:130 - InputText is called
2024-08-09 11:54:19 INFO  Keywords:301 - Waiting for webElement...financialdetails.otherincome
2024-08-09 11:54:19 INFO  Keywords:305 - Element found...financialdetails.otherincome
2024-08-09 11:54:19 INFO  Keywords:130 - InputText is called
2024-08-09 11:54:19 INFO  Keywords:301 - Waiting for webElement...financialdetails.bonds
2024-08-09 11:54:19 INFO  Keywords:305 - Element found...financialdetails.bonds
2024-08-09 11:54:19 INFO  Keywords:130 - InputText is called
2024-08-09 11:54:19 INFO  Keywords:301 - Waiting for webElement...financialdetails.businessTrustRealstate
2024-08-09 11:54:19 INFO  Keywords:305 - Element found...financialdetails.businessTrustRealstate
2024-08-09 11:54:19 INFO  Keywords:130 - InputText is called
2024-08-09 11:54:19 INFO  Keywords:301 - Waiting for webElement...financialdetails.retirementplan
2024-08-09 11:54:19 INFO  Keywords:305 - Element found...financialdetails.retirementplan
2024-08-09 11:54:19 INFO  Keywords:130 - InputText is called
2024-08-09 11:54:19 INFO  Keywords:301 - Waiting for webElement...financialdetails.equities
2024-08-09 11:54:19 INFO  Keywords:305 - Element found...financialdetails.equities
2024-08-09 11:54:19 INFO  Keywords:130 - InputText is called
2024-08-09 11:54:19 INFO  Keywords:301 - Waiting for webElement...financialdetails.facevalueilfeinsurance
2024-08-09 11:54:19 INFO  Keywords:305 - Element found...financialdetails.facevalueilfeinsurance
2024-08-09 11:54:19 INFO  Keywords:130 - InputText is called
2024-08-09 11:54:19 INFO  Keywords:301 - Waiting for webElement...financialdetails.fixedannuity
2024-08-09 11:54:19 INFO  Keywords:305 - Element found...financialdetails.fixedannuity
2024-08-09 11:54:19 INFO  Keywords:130 - InputText is called
2024-08-09 11:54:19 INFO  Keywords:301 - Waiting for webElement...financialdetails.indexannuity
2024-08-09 11:54:19 INFO  Keywords:305 - Element found...financialdetails.indexannuity
2024-08-09 11:54:19 INFO  Keywords:130 - InputText is called
2024-08-09 11:54:19 INFO  Keywords:301 - Waiting for webElement...financialdetails.liquidnetworth
2024-08-09 11:54:19 INFO  Keywords:305 - Element found...financialdetails.liquidnetworth
2024-08-09 11:54:19 INFO  Keywords:130 - InputText is called
2024-08-09 11:54:19 INFO  Keywords:301 - Waiting for webElement...financialdetails.mutualfund
2024-08-09 11:54:19 INFO  Keywords:305 - Element found...financialdetails.mutualfund
2024-08-09 11:54:19 INFO  Keywords:130 - InputText is called
2024-08-09 11:54:19 INFO  Keywords:301 - Waiting for webElement...financialdetails.otherbrokerage
2024-08-09 11:54:19 INFO  Keywords:305 - Element found...financialdetails.otherbrokerage
2024-08-09 11:54:19 INFO  Keywords:130 - InputText is called
2024-08-09 11:54:19 INFO  Keywords:301 - Waiting for webElement...financialdetails.policypremium
2024-08-09 11:54:19 INFO  Keywords:305 - Element found...financialdetails.policypremium
2024-08-09 11:54:19 INFO  Keywords:130 - InputText is called
2024-08-09 11:54:19 INFO  Keywords:301 - Waiting for webElement...financialdetails.variableannuity
2024-08-09 11:54:19 INFO  Keywords:305 - Element found...financialdetails.variableannuity
2024-08-09 11:54:19 INFO  Keywords:130 - InputText is called
2024-08-09 11:54:19 INFO  Keywords:301 - Waiting for webElement...financialdetails.totalpremium
2024-08-09 11:54:19 INFO  Keywords:305 - Element found...financialdetails.totalpremium
2024-08-09 11:54:19 INFO  Keywords:301 - Waiting for webElement...financialdetails.anticipatedchanges
2024-08-09 11:54:19 INFO  Keywords:305 - Element found...financialdetails.anticipatedchanges
2024-08-09 11:54:20 INFO  Keywords:301 - Waiting for webElement...financialdetails.nonguaranteedelement
2024-08-09 11:54:20 INFO  Keywords:305 - Element found...financialdetails.nonguaranteedelement
2024-08-09 11:54:20 INFO  Keywords:301 - Waiting for webElement...financialdetails.reversemortgage
2024-08-09 11:54:20 INFO  Keywords:305 - Element found...financialdetails.reversemortgage
2024-08-09 11:54:20 INFO  Keywords:141 - ClickOnLink is called
2024-08-09 11:54:20 INFO  Keywords:301 - Waiting for webElement...next
2024-08-09 11:54:20 INFO  Keywords:305 - Element found...next
2024-08-09 11:54:39 INFO  Keywords:301 - Waiting for webElement...payment.modal
2024-08-09 11:54:39 INFO  Keywords:305 - Element found...payment.modal
2024-08-09 11:54:55 INFO  Keywords:301 - Waiting for webElement...payment.method
2024-08-09 11:54:55 INFO  Keywords:305 - Element found...payment.method
2024-08-09 11:54:55 INFO  Keywords:130 - InputText is called
2024-08-09 11:54:55 INFO  Keywords:301 - Waiting for webElement...payment.premium
2024-08-09 11:54:55 INFO  Keywords:305 - Element found...payment.premium
2024-08-09 11:54:55 INFO  Keywords:141 - ClickOnLink is called
2024-08-09 11:54:55 INFO  Keywords:301 - Waiting for webElement...next
2024-08-09 11:54:55 INFO  Keywords:305 - Element found...next
2024-08-09 11:55:15 INFO  Keywords:301 - Waiting for webElement...existinginsurance.borrowingfunds
2024-08-09 11:55:15 INFO  Keywords:305 - Element found...existinginsurance.borrowingfunds
2024-08-09 11:55:15 INFO  Keywords:301 - Waiting for webElement...existinginsurance.terminatingexistinglifepolicy
2024-08-09 11:55:15 INFO  Keywords:305 - Element found...existinginsurance.terminatingexistinglifepolicy
2024-08-09 11:55:15 INFO  Keywords:301 - Waiting for webElement...existinginsurance.longtermcoverage
2024-08-09 11:55:15 INFO  Keywords:305 - Element found...existinginsurance.longtermcoverage
2024-08-09 11:55:16 INFO  Keywords:301 - Waiting for webElement...existanceterminating.InsuranceCompanyName
2024-08-09 11:55:16 INFO  Keywords:305 - Element found...existanceterminating.InsuranceCompanyName
2024-08-09 11:55:16 INFO  Keywords:130 - InputText is called
2024-08-09 11:55:16 INFO  Keywords:301 - Waiting for webElement...existanceterminating.ProductName
2024-08-09 11:55:16 INFO  Keywords:305 - Element found...existanceterminating.ProductName
2024-08-09 11:55:16 INFO  Keywords:130 - InputText is called
2024-08-09 11:55:16 INFO  Keywords:301 - Waiting for webElement...existanceterminating.Insured
2024-08-09 11:55:16 INFO  Keywords:305 - Element found...existanceterminating.Insured
2024-08-09 11:55:16 INFO  Keywords:301 - Waiting for webElement...existanceterminating.InsuredAnnuitant
2024-08-09 11:55:16 INFO  Keywords:305 - Element found...existanceterminating.InsuredAnnuitant
2024-08-09 11:55:17 INFO  Keywords:130 - InputText is called
2024-08-09 11:55:17 INFO  Keywords:301 - Waiting for webElement...existanceterminating.InsuredAnnuitantDOB
2024-08-09 11:55:17 INFO  Keywords:301 - Waiting for webElement...existanceterminating.NumberOfInsured
2024-08-09 11:55:17 INFO  Keywords:130 - InputText is called
2024-08-09 11:55:17 INFO  Keywords:301 - Waiting for webElement...existanceterminating.Owner
2024-08-09 11:55:17 INFO  Keywords:305 - Element found...existanceterminating.Owner
2024-08-09 11:55:17 INFO  Keywords:130 - InputText is called
2024-08-09 11:55:17 INFO  Keywords:301 - Waiting for webElement...existanceterminating.DateIssued
2024-08-09 11:55:17 INFO  Keywords:305 - Element found...existanceterminating.DateIssued
2024-08-09 11:55:17 INFO  Keywords:130 - InputText is called
2024-08-09 11:55:17 INFO  Keywords:301 - Waiting for webElement...existanceterminating.AmountOfInsurance
2024-08-09 11:55:17 INFO  Keywords:305 - Element found...existanceterminating.AmountOfInsurance
2024-08-09 11:55:17 INFO  Keywords:301 - Waiting for webElement...existanceterminating.ExistingInsuranceType
2024-08-09 11:55:17 INFO  Keywords:305 - Element found...existanceterminating.ExistingInsuranceType
2024-08-09 11:55:17 INFO  Keywords:301 - Waiting for webElement...existanceterminating.ProductType
2024-08-09 11:55:17 INFO  Keywords:305 - Element found...existanceterminating.ProductType
2024-08-09 11:55:17 INFO  Keywords:301 - Waiting for webElement...existanceterminating.LifeProductType
2024-08-09 11:55:17 INFO  Keywords:305 - Element found...existanceterminating.LifeProductType
2024-08-09 11:55:18 INFO  Keywords:130 - InputText is called
2024-08-09 11:55:18 INFO  Keywords:301 - Waiting for webElement...existanceterminating.PolicyNo
2024-08-09 11:55:18 INFO  Keywords:305 - Element found...existanceterminating.PolicyNo
2024-08-09 11:55:18 INFO  Keywords:301 - Waiting for webElement...existanceterminating.PurposeOfPolicy
2024-08-09 11:55:18 INFO  Keywords:305 - Element found...existanceterminating.PurposeOfPolicy
2024-08-09 11:55:18 INFO  Keywords:130 - InputText is called
2024-08-09 11:55:18 INFO  Keywords:301 - Waiting for webElement...existance.FaceAmtRiders
2024-08-09 11:55:25 INFO  Keywords:305 - Element found...existance.FaceAmtRiders
2024-08-09 11:55:25 INFO  Keywords:301 - Waiting for webElement...existanceterminating.FundsNewPolicy
2024-08-09 11:55:25 INFO  Keywords:305 - Element found...existanceterminating.FundsNewPolicy
2024-08-09 11:55:25 INFO  Keywords:301 - Waiting for webElement...existanceterminating.ReplacingNewPolicy
2024-08-09 11:55:25 INFO  Keywords:305 - Element found...existanceterminating.ReplacingNewPolicy
2024-08-09 11:55:25 INFO  Keywords:301 - Waiting for webElement...existance.suvivorship
2024-08-09 11:55:25 INFO  Keywords:305 - Element found...existance.suvivorship
2024-08-09 11:55:25 INFO  Keywords:301 - Waiting for webElement...existnace.soldSettled
2024-08-09 11:55:25 INFO  Keywords:305 - Element found...existnace.soldSettled
2024-08-09 11:55:25 INFO  Keywords:301 - Waiting for webElement...existanceterminating.ReplacementThType
2024-08-09 11:55:25 INFO  Keywords:305 - Element found...existanceterminating.ReplacementThType
2024-08-09 11:55:26 INFO  Keywords:301 - Waiting for webElement...existanceterminating.1035ThExchange
2024-08-09 11:55:26 INFO  Keywords:305 - Element found...existanceterminating.1035ThExchange
2024-08-09 11:55:26 INFO  Keywords:130 - InputText is called
2024-08-09 11:55:26 INFO  Keywords:301 - Waiting for webElement...existing.OwnerSSN
2024-08-09 11:55:26 INFO  Keywords:305 - Element found...existing.OwnerSSN
2024-08-09 11:55:26 INFO  Keywords:301 - Waiting for webElement...existing.loanPolicy
2024-08-09 11:55:26 INFO  Keywords:301 - Waiting for webElement...existing.Transfer
2024-08-09 11:55:35 INFO  Keywords:305 - Element found...existing.Transfer
2024-08-09 11:55:36 INFO  Keywords:130 - InputText is called
2024-08-09 11:55:36 INFO  Keywords:301 - Waiting for webElement...existanceterminating.ReasonReplacement
2024-08-09 11:55:36 INFO  Keywords:305 - Element found...existanceterminating.ReasonReplacement
2024-08-09 11:55:36 INFO  Keywords:130 - InputText is called
2024-08-09 11:55:36 INFO  Keywords:301 - Waiting for webElement...existanceterminating.NoOfPolicy
2024-08-09 11:55:36 INFO  Keywords:305 - Element found...existanceterminating.NoOfPolicy
2024-08-09 11:55:36 INFO  Keywords:130 - InputText is called
2024-08-09 11:55:36 INFO  Keywords:301 - Waiting for webElement...existanceterminating.PremiumPayment
2024-08-09 11:55:36 INFO  Keywords:305 - Element found...existanceterminating.PremiumPayment
2024-08-09 11:55:36 INFO  Keywords:130 - InputText is called
2024-08-09 11:55:36 INFO  Keywords:301 - Waiting for webElement...existanceterminating.FrequencyPremium
2024-08-09 11:55:36 INFO  Keywords:305 - Element found...existanceterminating.FrequencyPremium
2024-08-09 11:55:36 INFO  Keywords:130 - InputText is called
2024-08-09 11:55:36 INFO  Keywords:301 - Waiting for webElement...existanceterminating.AmountBeingExchanged
2024-08-09 11:55:36 INFO  Keywords:305 - Element found...existanceterminating.AmountBeingExchanged
2024-08-09 11:55:36 INFO  Keywords:130 - InputText is called
2024-08-09 11:55:36 INFO  Keywords:301 - Waiting for webElement...existanceterminating.SurrenderCharge
2024-08-09 11:55:36 INFO  Keywords:305 - Element found...existanceterminating.SurrenderCharge
2024-08-09 11:55:36 INFO  Keywords:130 - InputText is called
2024-08-09 11:55:36 INFO  Keywords:301 - Waiting for webElement...existanceterminating.DeathBenefit
2024-08-09 11:55:36 INFO  Keywords:305 - Element found...existanceterminating.DeathBenefit
2024-08-09 11:55:36 INFO  Keywords:130 - InputText is called
2024-08-09 11:55:36 INFO  Keywords:301 - Waiting for webElement...existanceterminating.SpecialFeatures
2024-08-09 11:55:36 INFO  Keywords:305 - Element found...existanceterminating.SpecialFeatures
2024-08-09 11:55:36 INFO  Keywords:301 - Waiting for webElement...existance.WillReplaceCoverage
2024-08-09 11:56:26 INFO  Keywords:301 - Waiting for webElement...existinginsurance.longtermpolicyYes
2024-08-09 11:56:26 INFO  Keywords:305 - Element found...existinginsurance.longtermpolicyYes
2024-08-09 11:56:26 INFO  Keywords:130 - InputText is called
2024-08-09 11:56:26 INFO  Keywords:301 - Waiting for webElement...existinglongtermpolicy.InsuranceName
2024-08-09 11:56:26 INFO  Keywords:305 - Element found...existinglongtermpolicy.InsuranceName
2024-08-09 11:56:26 INFO  Keywords:130 - InputText is called
2024-08-09 11:56:26 INFO  Keywords:301 - Waiting for webElement...existinglongtermpolicy.policyCertificateNumber
2024-08-09 11:56:26 INFO  Keywords:305 - Element found...existinglongtermpolicy.policyCertificateNumber
2024-08-09 11:56:26 INFO  Keywords:130 - InputText is called
2024-08-09 11:56:26 INFO  Keywords:301 - Waiting for webElement...existinglongtermpolicy.ProductName
2024-08-09 11:56:26 INFO  Keywords:305 - Element found...existinglongtermpolicy.ProductName
2024-08-09 11:56:26 INFO  Keywords:301 - Waiting for webElement...existinglongtermpolicy.ProductType
2024-08-09 11:56:26 INFO  Keywords:305 - Element found...existinglongtermpolicy.ProductType
2024-08-09 11:56:27 INFO  Keywords:130 - InputText is called
2024-08-09 11:56:27 INFO  Keywords:301 - Waiting for webElement...existinglongtermpolicy.Insured
2024-08-09 11:56:27 INFO  Keywords:305 - Element found...existinglongtermpolicy.Insured
2024-08-09 11:56:27 INFO  Keywords:130 - InputText is called
2024-08-09 11:56:27 INFO  Keywords:301 - Waiting for webElement...existinglongtermpolicy.Owner
2024-08-09 11:56:27 INFO  Keywords:305 - Element found...existinglongtermpolicy.Owner
2024-08-09 11:56:27 INFO  Keywords:130 - InputText is called
2024-08-09 11:56:27 INFO  Keywords:301 - Waiting for webElement...existinglongtermpolicy.DailyBenefit
2024-08-09 11:56:27 INFO  Keywords:305 - Element found...existinglongtermpolicy.DailyBenefit
2024-08-09 11:56:27 INFO  Keywords:130 - InputText is called
2024-08-09 11:56:27 INFO  Keywords:301 - Waiting for webElement...existinglongtermpolicy.AmountOfInsurance
2024-08-09 11:56:27 INFO  Keywords:305 - Element found...existinglongtermpolicy.AmountOfInsurance
2024-08-09 11:56:27 INFO  Keywords:130 - InputText is called
2024-08-09 11:56:27 INFO  Keywords:301 - Waiting for webElement...existinglongtermpolicy.benefitAmount
2024-08-09 11:56:27 INFO  Keywords:305 - Element found...existinglongtermpolicy.benefitAmount
2024-08-09 11:56:27 INFO  Keywords:130 - InputText is called
2024-08-09 11:56:27 INFO  Keywords:301 - Waiting for webElement...existinglongtermpolicy.benefitPeriod
2024-08-09 11:56:27 INFO  Keywords:305 - Element found...existinglongtermpolicy.benefitPeriod
2024-08-09 11:56:27 INFO  Keywords:301 - Waiting for webElement...existinginsurance.longterminsuranceYes
2024-08-09 11:56:27 INFO  Keywords:305 - Element found...existinginsurance.longterminsuranceYes
2024-08-09 11:56:27 INFO  Keywords:130 - InputText is called
2024-08-09 11:56:27 INFO  Keywords:301 - Waiting for webElement...existinglongterminsurance.InsuranceCompany
2024-08-09 11:56:27 INFO  Keywords:305 - Element found...existinglongterminsurance.InsuranceCompany
2024-08-09 11:56:27 INFO  Keywords:130 - InputText is called
2024-08-09 11:56:27 INFO  Keywords:301 - Waiting for webElement...existinglongterminsurance.Certificate
2024-08-09 11:56:27 INFO  Keywords:305 - Element found...existinglongterminsurance.Certificate
2024-08-09 11:56:27 INFO  Keywords:130 - InputText is called
2024-08-09 11:56:27 INFO  Keywords:301 - Waiting for webElement...existinglongterminsurance.LTCBenefit
2024-08-09 11:56:27 INFO  Keywords:305 - Element found...existinglongterminsurance.LTCBenefit
2024-08-09 11:56:27 INFO  Keywords:130 - InputText is called
2024-08-09 11:56:27 INFO  Keywords:301 - Waiting for webElement...existinglongterminsurance.IssueDate
2024-08-09 11:56:27 INFO  Keywords:305 - Element found...existinglongterminsurance.IssueDate
2024-08-09 11:56:27 INFO  Keywords:130 - InputText is called
2024-08-09 11:56:27 INFO  Keywords:301 - Waiting for webElement...existinglongterminsurance.LapseDate
2024-08-09 11:56:27 INFO  Keywords:305 - Element found...existinglongterminsurance.LapseDate
2024-08-09 11:56:27 INFO  Keywords:301 - Waiting for webElement...existance.AgentReadNotice
2024-08-09 11:57:18 INFO  Keywords:141 - ClickOnLink is called
2024-08-09 11:57:18 INFO  Keywords:301 - Waiting for webElement...next
2024-08-09 11:57:18 INFO  Keywords:305 - Element found...next
2024-08-09 11:57:36 INFO  Keywords:301 - Waiting for webElement...AgentCertify
2024-08-09 11:57:36 INFO  Keywords:305 - Element found...AgentCertify
2024-08-09 11:57:37 INFO  Keywords:141 - ClickOnLink is called
2024-08-09 11:57:37 INFO  Keywords:301 - Waiting for webElement...next
2024-08-09 11:57:37 INFO  Keywords:305 - Element found...next
2024-08-09 11:57:56 INFO  Keywords:130 - InputText is called
2024-08-09 11:57:56 INFO  Keywords:301 - Waiting for webElement...additionalclientquestion.q1
2024-08-09 11:57:56 INFO  Keywords:305 - Element found...additionalclientquestion.q1
2024-08-09 11:57:57 INFO  Keywords:130 - InputText is called
2024-08-09 11:57:57 INFO  Keywords:301 - Waiting for webElement...additionalclientquestion.q2
2024-08-09 11:57:57 INFO  Keywords:305 - Element found...additionalclientquestion.q2
2024-08-09 11:57:57 INFO  Keywords:130 - InputText is called
2024-08-09 11:57:57 INFO  Keywords:301 - Waiting for webElement...additionalclientquestion.q3
2024-08-09 11:57:57 INFO  Keywords:305 - Element found...additionalclientquestion.q3
2024-08-09 11:57:57 INFO  Keywords:130 - InputText is called
2024-08-09 11:57:57 INFO  Keywords:301 - Waiting for webElement...additionalclientquestion.q4
2024-08-09 11:58:47 INFO  Keywords:130 - InputText is called
2024-08-09 11:58:47 INFO  Keywords:301 - Waiting for webElement...additionalclientquestion.q5
2024-08-09 11:59:07 INFO  Keywords:506 - GetText is called
2024-08-09 11:59:07 INFO  Keywords:301 - Waiting for webElement...ebixTxnID
2024-08-09 11:59:08 INFO  Keywords:305 - Element found...ebixTxnID
2024-08-09 11:59:08 INFO  Keywords:510 - LinkId: 534362
2024-08-09 11:59:08 INFO  Keywords:554 - LinkId: 534362
2024-08-09 11:59:08 INFO  Keywords:506 - GetText is called
2024-08-09 11:59:08 INFO  Keywords:301 - Waiting for webElement...ebixTxnID
2024-08-09 11:59:09 INFO  Keywords:305 - Element found...ebixTxnID
2024-08-09 11:59:09 INFO  Keywords:510 - LinkId: 534362
2024-08-09 11:59:09 INFO  Keywords:141 - ClickOnLink is called
2024-08-09 11:59:09 INFO  Keywords:301 - Waiting for webElement...next
2024-08-09 11:59:09 INFO  Keywords:305 - Element found...next
2024-08-09 11:59:10 INFO  Keywords:301 - Waiting for webElement...AnnuitiesCompany
2024-08-09 11:59:14 INFO  Keywords:305 - Element found...AnnuitiesCompany
2024-08-09 11:59:15 INFO  Keywords:301 - Waiting for webElement...InsuranceReplace
2024-08-09 11:59:15 INFO  Keywords:305 - Element found...InsuranceReplace
2024-08-09 11:59:15 INFO  Keywords:301 - Waiting for webElement...Carrier.ReplacingJH
2024-08-09 11:59:15 INFO  Keywords:305 - Element found...Carrier.ReplacingJH
2024-08-09 11:59:15 INFO  Keywords:301 - Waiting for webElement...Carrier.InterestIssue
2024-08-09 11:59:15 INFO  Keywords:305 - Element found...Carrier.InterestIssue
2024-08-09 11:59:15 INFO  Keywords:301 - Waiting for webElement...Carrier.EntityConnection
2024-08-09 11:59:15 INFO  Keywords:305 - Element found...Carrier.EntityConnection
2024-08-09 11:59:16 INFO  Keywords:130 - InputText is called
2024-08-09 11:59:16 INFO  Keywords:301 - Waiting for webElement...PremiumCollected
2024-08-09 11:59:16 INFO  Keywords:305 - Element found...PremiumCollected
2024-08-09 11:59:16 INFO  Keywords:301 - Waiting for webElement...ResultApplication
2024-08-09 11:59:16 INFO  Keywords:305 - Element found...ResultApplication
2024-08-09 11:59:16 INFO  Keywords:130 - InputText is called
2024-08-09 11:59:16 INFO  Keywords:301 - Waiting for webElement...ResultGiveDetails
2024-08-09 11:59:16 INFO  Keywords:305 - Element found...ResultGiveDetails
2024-08-09 11:59:16 INFO  Keywords:301 - Waiting for webElement...PolicySettlement
2024-08-09 11:59:16 INFO  Keywords:305 - Element found...PolicySettlement
2024-08-09 11:59:16 INFO  Keywords:301 - Waiting for webElement...PremiumLoans
2024-08-09 11:59:16 INFO  Keywords:305 - Element found...PremiumLoans
2024-08-09 11:59:17 INFO  Keywords:301 - Waiting for webElement...EvaluatingFinancing
2024-08-09 11:59:17 INFO  Keywords:305 - Element found...EvaluatingFinancing
2024-08-09 11:59:17 INFO  Keywords:301 - Waiting for webElement...PersonallyInsured
2024-08-09 11:59:17 INFO  Keywords:305 - Element found...PersonallyInsured
2024-08-09 11:59:17 INFO  Keywords:301 - Waiting for webElement...PolicyProposedInsured
2024-08-09 11:59:17 INFO  Keywords:305 - Element found...PolicyProposedInsured
2024-08-09 11:59:17 INFO  Keywords:301 - Waiting for webElement...ProposedInsuredWritten
2024-08-09 11:59:20 INFO  Keywords:305 - Element found...ProposedInsuredWritten
2024-08-09 11:59:20 INFO  Keywords:301 - Waiting for webElement...ConsentRelationshipTerminates
2024-08-09 11:59:20 INFO  Keywords:305 - Element found...ConsentRelationshipTerminates
2024-08-09 11:59:20 INFO  Keywords:130 - InputText is called
2024-08-09 11:59:20 INFO  Keywords:301 - Waiting for webElement...HealthPoliciesForce
2024-08-09 11:59:20 INFO  Keywords:305 - Element found...HealthPoliciesForce
2024-08-09 11:59:20 INFO  Keywords:130 - InputText is called
2024-08-09 11:59:20 INFO  Keywords:301 - Waiting for webElement...SoldForceHP
2024-08-09 11:59:20 INFO  Keywords:305 - Element found...SoldForceHP
2024-08-09 11:59:20 INFO  Keywords:130 - InputText is called
2024-08-09 11:59:20 INFO  Keywords:301 - Waiting for webElement...NameWholeSaler
2024-08-09 11:59:20 INFO  Keywords:305 - Element found...NameWholeSaler
2024-08-09 11:59:20 INFO  Keywords:130 - InputText is called
2024-08-09 11:59:20 INFO  Keywords:301 - Waiting for webElement...ExistingReplacedCarier
2024-08-09 12:00:10 INFO  Keywords:301 - Waiting for webElement...Carrier.LPA
2024-08-09 12:00:10 INFO  Keywords:305 - Element found...Carrier.LPA
2024-08-09 12:00:21 INFO  Keywords:130 - InputText is called
2024-08-09 12:00:21 INFO  Keywords:301 - Waiting for webElement...Carrier.CuurentSurrenderValue
2024-08-09 12:00:21 INFO  Keywords:305 - Element found...Carrier.CuurentSurrenderValue
2024-08-09 12:00:21 INFO  Keywords:301 - Waiting for webElement...Carrier.ArmedReserves
2024-08-09 12:00:21 INFO  Keywords:305 - Element found...Carrier.ArmedReserves
2024-08-09 12:00:21 INFO  Keywords:301 - Waiting for webElement...Carrier.CriticalIllness
2024-08-09 12:00:35 INFO  Keywords:301 - Waiting for webElement...Carrier.DateApplication
2024-08-09 12:00:43 INFO  Keywords:305 - Element found...Carrier.DateApplication
2024-08-09 12:00:43 INFO  Keywords:301 - Waiting for webElement...Carrier.SignedIllustration
2024-08-09 12:00:43 INFO  Keywords:305 - Element found...Carrier.SignedIllustration
2024-08-09 12:00:43 INFO  Keywords:301 - Waiting for webElement...Carrier.PolicyDelivered
2024-08-09 12:00:43 INFO  Keywords:305 - Element found...Carrier.PolicyDelivered
2024-08-09 12:00:53 INFO  Keywords:301 - Waiting for webElement...Carrier.InsuranceCoverage
2024-08-09 12:00:53 INFO  Keywords:305 - Element found...Carrier.InsuranceCoverage
2024-08-09 12:00:53 INFO  Keywords:130 - InputText is called
2024-08-09 12:00:53 INFO  Keywords:301 - Waiting for webElement...Carrier.AcceptPlan
2024-08-09 12:00:53 INFO  Keywords:305 - Element found...Carrier.AcceptPlan
2024-08-09 12:00:53 INFO  Keywords:301 - Waiting for webElement...Carrier.PremiumPaymentSrc
2024-08-09 12:00:53 INFO  Keywords:305 - Element found...Carrier.PremiumPaymentSrc
2024-08-09 12:00:53 INFO  Keywords:301 - Waiting for webElement...Carrier.CriticalIllness
2024-08-09 12:01:44 INFO  Keywords:141 - ClickOnLink is called
2024-08-09 12:01:44 INFO  Keywords:301 - Waiting for webElement...next
2024-08-09 12:01:44 INFO  Keywords:305 - Element found...next
2024-08-09 12:01:46 INFO  Keywords:130 - InputText is called
2024-08-09 12:01:46 INFO  Keywords:301 - Waiting for webElement...NBNameF
2024-08-09 12:01:46 INFO  Keywords:305 - Element found...NBNameF
2024-08-09 12:01:46 INFO  Keywords:130 - InputText is called
2024-08-09 12:01:46 INFO  Keywords:301 - Waiting for webElement...NBNameL
2024-08-09 12:01:46 INFO  Keywords:305 - Element found...NBNameL
2024-08-09 12:01:47 INFO  Keywords:130 - InputText is called
2024-08-09 12:01:47 INFO  Keywords:301 - Waiting for webElement...NBPhoneW
2024-08-09 12:01:47 INFO  Keywords:305 - Element found...NBPhoneW
2024-08-09 12:01:47 INFO  Keywords:130 - InputText is called
2024-08-09 12:01:47 INFO  Keywords:301 - Waiting for webElement...NBEMail
2024-08-09 12:01:47 INFO  Keywords:305 - Element found...NBEMail
2024-08-09 12:01:47 INFO  Keywords:301 - Waiting for webElement...POSYES
2024-08-09 12:01:47 INFO  Keywords:305 - Element found...POSYES
2024-08-09 12:01:48 INFO  Keywords:130 - InputText is called
2024-08-09 12:01:48 INFO  Keywords:301 - Waiting for webElement...POSNAmeF
2024-08-09 12:02:38 INFO  Keywords:130 - InputText is called
2024-08-09 12:02:38 INFO  Keywords:301 - Waiting for webElement...POSNAmeL
2024-08-09 12:03:28 INFO  Keywords:130 - InputText is called
2024-08-09 12:03:28 INFO  Keywords:301 - Waiting for webElement...POSWork
2024-08-09 12:04:19 INFO  Keywords:130 - InputText is called
2024-08-09 12:04:19 INFO  Keywords:301 - Waiting for webElement...POSEmail
2024-08-09 12:05:25 INFO  Keywords:141 - ClickOnLink is called
2024-08-09 12:05:25 INFO  Keywords:301 - Waiting for webElement...validate.button
2024-08-09 12:06:07 INFO  Keywords:141 - ClickOnLink is called
2024-08-09 12:06:07 INFO  Keywords:301 - Waiting for webElement...notification.continue
2024-08-09 12:06:33 INFO  Keywords:141 - ClickOnLink is called
2024-08-09 12:06:33 INFO  Keywords:301 - Waiting for webElement...esignature.optout
2024-08-09 12:08:14 INFO  Keywords:153 - VerifyText is called
2024-08-09 12:08:14 INFO  Keywords:301 - Waiting for webElement...WebElement
2024-08-09 12:08:14 INFO  Keywords:141 - ClickOnLink is called
2024-08-09 12:08:14 INFO  Keywords:301 - Waiting for webElement...attachment
2024-08-09 12:08:14 INFO  Keywords:305 - Element found...attachment
2024-08-09 12:08:14 INFO  Keywords:301 - Waiting for webElement...attachment.documenttype
2024-08-09 12:08:16 INFO  Keywords:305 - Element found...attachment.documenttype
2024-08-09 12:08:16 INFO  Keywords:130 - InputText is called
2024-08-09 12:08:16 INFO  Keywords:301 - Waiting for webElement...attachment.choosefile
2024-08-09 12:08:16 INFO  Keywords:305 - Element found...attachment.choosefile
2024-08-09 12:08:16 INFO  Keywords:141 - ClickOnLink is called
2024-08-09 12:08:16 INFO  Keywords:301 - Waiting for webElement...attachment.upload
2024-08-09 12:08:16 INFO  Keywords:305 - Element found...attachment.upload
2024-08-09 12:08:34 INFO  Keywords:141 - ClickOnLink is called
2024-08-09 12:08:34 INFO  Keywords:301 - Waiting for webElement...RequestSignatures
2024-08-09 12:09:00 INFO  Keywords:301 - Waiting for webElement...attachment.documenttype
2024-08-09 12:09:00 INFO  Keywords:305 - Element found...attachment.documenttype
2024-08-09 12:09:00 INFO  Keywords:130 - InputText is called
2024-08-09 12:09:00 INFO  Keywords:301 - Waiting for webElement...attachment.choosefile
2024-08-09 12:09:00 INFO  Keywords:305 - Element found...attachment.choosefile
2024-08-09 12:09:00 INFO  Keywords:141 - ClickOnLink is called
2024-08-09 12:09:00 INFO  Keywords:301 - Waiting for webElement...attachment.upload
2024-08-09 12:09:00 INFO  Keywords:305 - Element found...attachment.upload
2024-08-09 12:09:16 INFO  Keywords:141 - ClickOnLink is called
2024-08-09 12:09:16 INFO  Keywords:301 - Waiting for webElement...SubmitButton
2024-08-09 12:10:57 INFO  Keywords:451 - switching to parent window...
2024-08-09 12:10:57 INFO  Keywords:104 - Navigate is called
2024-08-09 12:10:57 INFO  Keywords:520 - ClearText is called
2024-08-09 12:10:57 INFO  Keywords:301 - Waiting for webElement...gateway.username
2024-08-09 12:10:57 INFO  Keywords:305 - Element found...gateway.username
2024-08-09 12:10:57 INFO  Keywords:524 - LinkId: 534362
2024-08-09 12:10:57 INFO  Keywords:130 - InputText is called
2024-08-09 12:10:57 INFO  Keywords:301 - Waiting for webElement...gateway.username
2024-08-09 12:10:57 INFO  Keywords:305 - Element found...gateway.username
2024-08-09 12:10:57 INFO  Keywords:520 - ClearText is called
2024-08-09 12:10:57 INFO  Keywords:301 - Waiting for webElement...gateway.password
2024-08-09 12:10:57 INFO  Keywords:305 - Element found...gateway.password
2024-08-09 12:10:57 INFO  Keywords:524 - LinkId: 534362
2024-08-09 12:10:57 INFO  Keywords:130 - InputText is called
2024-08-09 12:10:57 INFO  Keywords:301 - Waiting for webElement...gateway.password
2024-08-09 12:10:57 INFO  Keywords:305 - Element found...gateway.password
2024-08-09 12:10:57 INFO  Keywords:141 - ClickOnLink is called
2024-08-09 12:10:57 INFO  Keywords:301 - Waiting for webElement...gateway.login
2024-08-09 12:10:57 INFO  Keywords:305 - Element found...gateway.login
2024-08-09 12:11:14 INFO  Keywords:141 - ClickOnLink is called
2024-08-09 12:11:14 INFO  Keywords:301 - Waiting for webElement...management
2024-08-09 12:11:14 INFO  Keywords:305 - Element found...management
2024-08-09 12:11:15 INFO  Keywords:301 - Waiting for webElement...managementTools
2024-08-09 12:11:15 INFO  Keywords:305 - Element found...managementTools
2024-08-09 12:11:16 INFO  Keywords:141 - ClickOnLink is called
2024-08-09 12:11:16 INFO  Keywords:301 - Waiting for webElement...feedManagement
2024-08-09 12:11:16 INFO  Keywords:305 - Element found...feedManagement
2024-08-09 12:11:32 INFO  Keywords:141 - ClickOnLink is called
2024-08-09 12:11:32 INFO  Keywords:301 - Waiting for webElement...searchPanel
2024-08-09 12:11:32 INFO  Keywords:305 - Element found...searchPanel
2024-08-09 12:11:32 INFO  Keywords:301 - Waiting for webElement...selectTransactionID
2024-08-09 12:11:32 INFO  Keywords:305 - Element found...selectTransactionID
2024-08-09 12:11:33 INFO  Keywords:130 - InputText is called
2024-08-09 12:11:33 INFO  Keywords:301 - Waiting for webElement...enterTransactioID
2024-08-09 12:11:33 INFO  Keywords:305 - Element found...enterTransactioID
2024-08-09 12:11:33 INFO  Keywords:141 - ClickOnLink is called
2024-08-09 12:11:33 INFO  Keywords:301 - Waiting for webElement...searchbutton
2024-08-09 12:11:33 INFO  Keywords:305 - Element found...searchbutton
2024-08-09 12:11:49 INFO  Keywords:141 - ClickOnLink is called
2024-08-09 12:11:49 INFO  Keywords:301 - Waiting for webElement...transactionSearchmyResult
2024-08-09 12:11:49 INFO  Keywords:305 - Element found...transactionSearchmyResult
2024-08-09 12:12:05 INFO  Keywords:141 - ClickOnLink is called
2024-08-09 12:12:05 INFO  Keywords:301 - Waiting for webElement...onenotThree
2024-08-09 12:12:05 INFO  Keywords:305 - Element found...onenotThree
2024-08-09 12:12:05 INFO  Keywords:301 - Waiting for webElement...103ResponseXML
2024-08-09 12:12:48 INFO  Keywords:451 - switching to parent window...
2024-08-09 12:12:48 INFO  Keywords:104 - Navigate is called
2024-08-09 12:12:48 INFO  Keywords:520 - ClearText is called
2024-08-09 12:12:48 INFO  Keywords:301 - Waiting for webElement...gateway.username
2024-08-09 12:12:48 INFO  Keywords:305 - Element found...gateway.username
2024-08-09 12:12:48 INFO  Keywords:524 - LinkId: 534362
2024-08-09 12:12:48 INFO  Keywords:130 - InputText is called
2024-08-09 12:12:48 INFO  Keywords:301 - Waiting for webElement...gateway.username
2024-08-09 12:12:48 INFO  Keywords:305 - Element found...gateway.username
2024-08-09 12:12:48 INFO  Keywords:520 - ClearText is called
2024-08-09 12:12:48 INFO  Keywords:301 - Waiting for webElement...gateway.password
2024-08-09 12:12:48 INFO  Keywords:305 - Element found...gateway.password
2024-08-09 12:12:48 INFO  Keywords:524 - LinkId: 534362
2024-08-09 12:12:48 INFO  Keywords:130 - InputText is called
2024-08-09 12:12:48 INFO  Keywords:301 - Waiting for webElement...gateway.password
2024-08-09 12:12:48 INFO  Keywords:305 - Element found...gateway.password
2024-08-09 12:12:48 INFO  Keywords:141 - ClickOnLink is called
2024-08-09 12:12:48 INFO  Keywords:301 - Waiting for webElement...gateway.login
2024-08-09 12:12:48 INFO  Keywords:305 - Element found...gateway.login
2024-08-09 12:13:05 INFO  Keywords:141 - ClickOnLink is called
2024-08-09 12:13:05 INFO  Keywords:301 - Waiting for webElement...management
2024-08-09 12:13:05 INFO  Keywords:305 - Element found...management
2024-08-09 12:13:06 INFO  Keywords:301 - Waiting for webElement...managementTools
2024-08-09 12:13:06 INFO  Keywords:305 - Element found...managementTools
2024-08-09 12:13:07 INFO  Keywords:141 - ClickOnLink is called
2024-08-09 12:13:07 INFO  Keywords:301 - Waiting for webElement...feedManagement
2024-08-09 12:13:07 INFO  Keywords:305 - Element found...feedManagement
2024-08-09 12:13:23 INFO  Keywords:141 - ClickOnLink is called
2024-08-09 12:13:23 INFO  Keywords:301 - Waiting for webElement...searchPanel
2024-08-09 12:13:23 INFO  Keywords:305 - Element found...searchPanel
2024-08-09 12:13:23 INFO  Keywords:301 - Waiting for webElement...selectTransactionID
2024-08-09 12:13:23 INFO  Keywords:305 - Element found...selectTransactionID
2024-08-09 12:13:23 INFO  Keywords:130 - InputText is called
2024-08-09 12:13:23 INFO  Keywords:301 - Waiting for webElement...enterTransactioID
2024-08-09 12:13:23 INFO  Keywords:305 - Element found...enterTransactioID
2024-08-09 12:13:23 INFO  Keywords:141 - ClickOnLink is called
2024-08-09 12:13:23 INFO  Keywords:301 - Waiting for webElement...searchbutton
2024-08-09 12:13:23 INFO  Keywords:305 - Element found...searchbutton
2024-08-09 12:13:40 INFO  Keywords:141 - ClickOnLink is called
2024-08-09 12:13:40 INFO  Keywords:301 - Waiting for webElement...transactionSearchmyResult
2024-08-09 12:13:40 INFO  Keywords:305 - Element found...transactionSearchmyResult
2024-08-09 12:13:56 INFO  Keywords:141 - ClickOnLink is called
2024-08-09 12:13:56 INFO  Keywords:301 - Waiting for webElement...RTSMButton
2024-08-09 12:13:56 INFO  Keywords:305 - Element found...RTSMButton
2024-08-09 12:13:56 INFO  Keywords:301 - Waiting for webElement...RTSMResponseXML
2024-08-09 12:14:44 INFO  Keywords:104 - Navigate is called
2024-08-09 12:14:46 INFO  Keywords:130 - InputText is called
2024-08-09 12:14:46 INFO  Keywords:301 - Waiting for webElement...gateway.username
2024-08-09 12:14:46 INFO  Keywords:305 - Element found...gateway.username
2024-08-09 12:14:46 INFO  Keywords:130 - InputText is called
2024-08-09 12:14:46 INFO  Keywords:301 - Waiting for webElement...gateway.password
2024-08-09 12:14:46 INFO  Keywords:305 - Element found...gateway.password
2024-08-09 12:14:46 INFO  Keywords:141 - ClickOnLink is called
2024-08-09 12:14:46 INFO  Keywords:301 - Waiting for webElement...gateway.login
2024-08-09 12:14:46 INFO  Keywords:305 - Element found...gateway.login
2024-08-09 12:15:18 INFO  Keywords:141 - ClickOnLink is called
2024-08-09 12:15:18 INFO  Keywords:301 - Waiting for webElement...postsamldata
