2024-08-26 16:46:35 INFO  Keywords:104 - Navigate is called
2024-08-26 16:46:37 INFO  Keywords:130 - InputText is called
2024-08-26 16:46:37 INFO  Keywords:301 - Waiting for webElement...gateway.username
2024-08-26 16:46:37 INFO  Keywords:305 - Element found...gateway.username
2024-08-26 16:46:37 INFO  Keywords:130 - InputText is called
2024-08-26 16:46:37 INFO  Keywords:301 - Waiting for webElement...gateway.password
2024-08-26 16:46:37 INFO  Keywords:305 - Element found...gateway.password
2024-08-26 16:46:37 INFO  Keywords:141 - ClickOnLink is called
2024-08-26 16:46:37 INFO  Keywords:301 - Waiting for webElement...gateway.login
2024-08-26 16:46:37 INFO  Keywords:305 - Element found...gateway.login
2024-08-26 16:47:13 INFO  Keywords:141 - ClickOnLink is called
2024-08-26 16:47:13 INFO  Keywords:301 - Waiting for webElement...postsamldata
2024-08-26 16:47:13 INFO  Keywords:305 - Element found...postsamldata
2024-08-26 16:47:30 INFO  Keywords:141 - ClickOnLink is called
2024-08-26 16:47:30 INFO  Keywords:301 - Waiting for webElement...next
2024-08-26 16:47:56 INFO  Keywords:130 - InputText is called
2024-08-26 16:47:56 INFO  Keywords:301 - Waiting for webElement...policyConfiguration.insuranceamount
2024-08-26 16:48:06 INFO  Keywords:301 - Waiting for webElement...policyConfiguration.LTC
2024-08-26 16:48:16 INFO  Keywords:301 - Waiting for webElement...policyConfiguration.payors
2024-08-26 16:48:26 INFO  Keywords:301 - Waiting for webElement...policyConfiguration.purposeofpolicy
2024-08-26 16:48:36 INFO  Keywords:141 - ClickOnLink is called
2024-08-26 16:48:36 INFO  Keywords:301 - Waiting for webElement...next
2024-08-26 16:49:02 INFO  Keywords:301 - Waiting for webElement...primaryinsured.birthcountry
2024-08-26 16:49:12 INFO  Keywords:301 - Waiting for webElement...primaryinsured.birthstate
2024-08-26 16:49:22 INFO  Keywords:130 - InputText is called
2024-08-26 16:49:22 INFO  Keywords:301 - Waiting for webElement...primaryinsured.birthcity
2024-08-26 16:49:32 INFO  Keywords:301 - Waiting for webElement...primaryinsured.drivinglicense
2024-08-26 16:49:42 INFO  Keywords:130 - InputText is called
2024-08-26 16:49:42 INFO  Keywords:301 - Waiting for webElement...primaryinsured.dlnumber
2024-08-26 16:50:08 INFO  Keywords:301 - Waiting for webElement...primaryinsured.dlissuestateAL
2024-08-26 16:50:18 INFO  Keywords:141 - ClickOnLink is called
2024-08-26 16:50:18 INFO  Keywords:301 - Waiting for webElement...next
2024-08-26 16:50:28 INFO  Keywords:130 - InputText is called
2024-08-26 16:50:28 INFO  Keywords:301 - Waiting for webElement...TrustOther
2024-08-26 16:50:54 INFO  Keywords:301 - Waiting for webElement...TrustIrres
2024-08-26 16:51:10 INFO  Keywords:141 - ClickOnLink is called
2024-08-26 16:51:10 INFO  Keywords:301 - Waiting for webElement...next
2024-08-26 16:51:37 INFO  Keywords:301 - Waiting for webElement...Trust_Relationship
