2024-01-03 16:57:40 INFO  Keywords:94 - Navigate is called
2024-01-03 16:57:43 INFO  Keywords:122 - InputText is called
2024-01-03 16:57:43 INFO  Keywords:283 - Waiting for webElement...gateway.username
2024-01-03 16:57:44 INFO  Keywords:286 - Element found...gateway.username
2024-01-03 16:57:44 INFO  Keywords:122 - InputText is called
2024-01-03 16:57:44 INFO  Keywords:283 - Waiting for webElement...gateway.password
2024-01-03 16:57:44 INFO  Keywords:286 - Element found...gateway.password
2024-01-03 16:57:44 INFO  Keywords:135 - ClickOnLink is called
2024-01-03 16:57:44 INFO  Keywords:283 - Waiting for webElement...gateway.login
2024-01-03 16:57:44 INFO  Keywords:286 - Element found...gateway.login
2024-01-03 16:58:23 INFO  Keywords:135 - ClickOnLink is called
2024-01-03 16:58:23 INFO  Keywords:283 - Waiting for webElement...postsamldata
2024-01-03 16:58:23 INFO  Keywords:286 - Element found...postsamldata
2024-01-03 16:58:40 INFO  Keywords:135 - ClickOnLink is called
2024-01-03 16:58:40 INFO  Keywords:283 - Waiting for webElement...next
2024-01-03 16:58:40 INFO  Keywords:286 - Element found...next
2024-01-03 16:59:02 INFO  Keywords:122 - InputText is called
2024-01-03 16:59:02 INFO  Keywords:283 - Waiting for webElement...policyConfiguration.insuranceamount
2024-01-03 16:59:02 INFO  Keywords:286 - Element found...policyConfiguration.insuranceamount
2024-01-03 16:59:02 INFO  Keywords:283 - Waiting for webElement...policyConfiguration.LTC
2024-01-03 16:59:12 INFO  Keywords:283 - Waiting for webElement...policyConfiguration.payors
2024-01-03 16:59:12 INFO  Keywords:286 - Element found...policyConfiguration.payors
2024-01-03 16:59:12 INFO  Keywords:283 - Waiting for webElement...policyConfiguration.purposeofpolicy
2024-01-03 16:59:12 INFO  Keywords:286 - Element found...policyConfiguration.purposeofpolicy
2024-01-03 16:59:13 INFO  Keywords:135 - ClickOnLink is called
2024-01-03 16:59:13 INFO  Keywords:283 - Waiting for webElement...next
2024-01-03 16:59:13 INFO  Keywords:286 - Element found...next
2024-01-03 17:00:48 INFO  Keywords:283 - Waiting for webElement...primaryinsured.birthcountry
2024-01-03 17:00:48 INFO  Keywords:286 - Element found...primaryinsured.birthcountry
2024-01-03 17:00:49 INFO  Keywords:283 - Waiting for webElement...primaryinsured.birthstate
2024-01-03 17:00:49 INFO  Keywords:286 - Element found...primaryinsured.birthstate
2024-01-03 17:00:49 INFO  Keywords:122 - InputText is called
2024-01-03 17:00:49 INFO  Keywords:283 - Waiting for webElement...primaryinsured.birthcity
2024-01-03 17:00:49 INFO  Keywords:286 - Element found...primaryinsured.birthcity
2024-01-03 17:00:49 INFO  Keywords:135 - ClickOnLink is called
2024-01-03 17:00:49 INFO  Keywords:283 - Waiting for webElement...next
2024-01-03 17:00:49 INFO  Keywords:286 - Element found...next
2024-01-03 17:01:14 INFO  Keywords:135 - ClickOnLink is called
2024-01-03 17:01:14 INFO  Keywords:283 - Waiting for webElement...next
2024-01-03 17:01:14 INFO  Keywords:286 - Element found...next
2024-01-03 17:01:21 INFO  Keywords:283 - Waiting for webElement...naturalOwner.relationwithInsured
2024-01-03 17:01:21 INFO  Keywords:286 - Element found...naturalOwner.relationwithInsured
2024-01-03 17:01:21 INFO  Keywords:135 - ClickOnLink is called
2024-01-03 17:01:21 INFO  Keywords:283 - Waiting for webElement...next
2024-01-03 17:01:21 INFO  Keywords:286 - Element found...next
2024-01-03 17:01:38 INFO  Keywords:283 - Waiting for webElement...financialDetails.SourceOfFundsLI
2024-01-03 17:01:38 INFO  Keywords:286 - Element found...financialDetails.SourceOfFundsLI
2024-01-03 17:01:38 INFO  Keywords:283 - Waiting for webElement...financialDetails.SurrenderChargeSOFLI
2024-01-03 17:01:38 INFO  Keywords:286 - Element found...financialDetails.SurrenderChargeSOFLI
2024-01-03 17:01:38 INFO  Keywords:283 - Waiting for webElement...financialDetails.envisiontaking
2024-01-03 17:01:38 INFO  Keywords:286 - Element found...financialDetails.envisiontaking
2024-01-03 17:01:39 INFO  Keywords:283 - Waiting for webElement...financialDetails.federalfaxbracket
2024-01-03 17:01:39 INFO  Keywords:286 - Element found...financialDetails.federalfaxbracket
2024-01-03 17:01:39 INFO  Keywords:283 - Waiting for webElement...financialDetails.riskTolerance
2024-01-03 17:01:39 INFO  Keywords:286 - Element found...financialDetails.riskTolerance
2024-01-03 17:01:39 INFO  Keywords:283 - Waiting for webElement...financialDetails.Investmentobjectives
2024-01-03 17:01:39 INFO  Keywords:286 - Element found...financialDetails.Investmentobjectives
2024-01-03 17:01:40 INFO  Keywords:283 - Waiting for webElement...financialDetails.timehorizon
2024-01-03 17:01:40 INFO  Keywords:286 - Element found...financialDetails.timehorizon
2024-01-03 17:01:40 INFO  Keywords:283 - Waiting for webElement...financialDetails.investmentexperienceFA
2024-01-03 17:01:40 INFO  Keywords:286 - Element found...financialDetails.investmentexperienceFA
2024-01-03 17:01:40 INFO  Keywords:122 - InputText is called
2024-01-03 17:01:40 INFO  Keywords:283 - Waiting for webElement...financialDetails.investmentstartyear
2024-01-03 17:01:40 INFO  Keywords:286 - Element found...financialDetails.investmentstartyear
2024-01-03 17:01:40 INFO  Keywords:122 - InputText is called
2024-01-03 17:01:40 INFO  Keywords:283 - Waiting for webElement...financialdetails.wages
2024-01-03 17:01:40 INFO  Keywords:286 - Element found...financialdetails.wages
2024-01-03 17:01:40 INFO  Keywords:122 - InputText is called
2024-01-03 17:01:40 INFO  Keywords:283 - Waiting for webElement...financialdetails.livingexpenses
2024-01-03 17:01:41 INFO  Keywords:286 - Element found...financialdetails.livingexpenses
2024-01-03 17:01:41 INFO  Keywords:122 - InputText is called
2024-01-03 17:01:41 INFO  Keywords:283 - Waiting for webElement...financialdetails.personalinvestment
2024-01-03 17:01:41 INFO  Keywords:286 - Element found...financialdetails.personalinvestment
2024-01-03 17:01:41 INFO  Keywords:122 - InputText is called
2024-01-03 17:01:41 INFO  Keywords:283 - Waiting for webElement...financialdetails.fixeddebtexpenses
2024-01-03 17:01:41 INFO  Keywords:286 - Element found...financialdetails.fixeddebtexpenses
2024-01-03 17:01:41 INFO  Keywords:122 - InputText is called
2024-01-03 17:01:41 INFO  Keywords:283 - Waiting for webElement...financialdetails.rentalincome
2024-01-03 17:01:41 INFO  Keywords:286 - Element found...financialdetails.rentalincome
2024-01-03 17:01:41 INFO  Keywords:122 - InputText is called
2024-01-03 17:01:41 INFO  Keywords:283 - Waiting for webElement...financialdetails.variabledebtexpenses
2024-01-03 17:01:41 INFO  Keywords:286 - Element found...financialdetails.variabledebtexpenses
2024-01-03 17:01:41 INFO  Keywords:122 - InputText is called
2024-01-03 17:01:41 INFO  Keywords:283 - Waiting for webElement...financialdetails.incomepension
2024-01-03 17:01:41 INFO  Keywords:286 - Element found...financialdetails.incomepension
2024-01-03 17:01:41 INFO  Keywords:122 - InputText is called
2024-01-03 17:01:41 INFO  Keywords:283 - Waiting for webElement...financialdetails.discretionaryexpenses
2024-01-03 17:01:41 INFO  Keywords:286 - Element found...financialdetails.discretionaryexpenses
2024-01-03 17:01:41 INFO  Keywords:122 - InputText is called
2024-01-03 17:01:41 INFO  Keywords:283 - Waiting for webElement...financialdetails.socialsecurityincome
2024-01-03 17:01:41 INFO  Keywords:286 - Element found...financialdetails.socialsecurityincome
2024-01-03 17:01:41 INFO  Keywords:122 - InputText is called
2024-01-03 17:01:41 INFO  Keywords:283 - Waiting for webElement...financialdetails.otherincome
2024-01-03 17:01:41 INFO  Keywords:286 - Element found...financialdetails.otherincome
2024-01-03 17:01:41 INFO  Keywords:122 - InputText is called
2024-01-03 17:01:41 INFO  Keywords:283 - Waiting for webElement...financialdetails.bonds
2024-01-03 17:01:41 INFO  Keywords:286 - Element found...financialdetails.bonds
2024-01-03 17:01:41 INFO  Keywords:122 - InputText is called
2024-01-03 17:01:41 INFO  Keywords:283 - Waiting for webElement...financialdetails.businessTrustRealstate
2024-01-03 17:01:41 INFO  Keywords:286 - Element found...financialdetails.businessTrustRealstate
2024-01-03 17:01:41 INFO  Keywords:122 - InputText is called
2024-01-03 17:01:41 INFO  Keywords:283 - Waiting for webElement...financialdetails.retirementplan
2024-01-03 17:01:41 INFO  Keywords:286 - Element found...financialdetails.retirementplan
2024-01-03 17:01:41 INFO  Keywords:122 - InputText is called
2024-01-03 17:01:41 INFO  Keywords:283 - Waiting for webElement...financialdetails.equities
2024-01-03 17:01:41 INFO  Keywords:286 - Element found...financialdetails.equities
2024-01-03 17:01:41 INFO  Keywords:122 - InputText is called
2024-01-03 17:01:41 INFO  Keywords:283 - Waiting for webElement...financialdetails.facevalueilfeinsurance
2024-01-03 17:01:42 INFO  Keywords:286 - Element found...financialdetails.facevalueilfeinsurance
2024-01-03 17:01:42 INFO  Keywords:122 - InputText is called
2024-01-03 17:01:42 INFO  Keywords:283 - Waiting for webElement...financialdetails.fixedannuity
2024-01-03 17:01:42 INFO  Keywords:286 - Element found...financialdetails.fixedannuity
2024-01-03 17:01:42 INFO  Keywords:122 - InputText is called
2024-01-03 17:01:42 INFO  Keywords:283 - Waiting for webElement...financialdetails.indexannuity
2024-01-03 17:01:42 INFO  Keywords:286 - Element found...financialdetails.indexannuity
2024-01-03 17:01:42 INFO  Keywords:122 - InputText is called
2024-01-03 17:01:42 INFO  Keywords:283 - Waiting for webElement...financialdetails.liquidnetworth
2024-01-03 17:01:42 INFO  Keywords:286 - Element found...financialdetails.liquidnetworth
2024-01-03 17:01:42 INFO  Keywords:122 - InputText is called
2024-01-03 17:01:42 INFO  Keywords:283 - Waiting for webElement...financialdetails.mutualfund
2024-01-03 17:01:42 INFO  Keywords:286 - Element found...financialdetails.mutualfund
2024-01-03 17:01:42 INFO  Keywords:122 - InputText is called
2024-01-03 17:01:42 INFO  Keywords:283 - Waiting for webElement...financialdetails.otherbrokerage
2024-01-03 17:01:42 INFO  Keywords:286 - Element found...financialdetails.otherbrokerage
2024-01-03 17:01:42 INFO  Keywords:122 - InputText is called
2024-01-03 17:01:42 INFO  Keywords:283 - Waiting for webElement...financialdetails.policypremium
2024-01-03 17:01:42 INFO  Keywords:286 - Element found...financialdetails.policypremium
2024-01-03 17:01:42 INFO  Keywords:122 - InputText is called
2024-01-03 17:01:42 INFO  Keywords:283 - Waiting for webElement...financialdetails.variableannuity
2024-01-03 17:01:42 INFO  Keywords:286 - Element found...financialdetails.variableannuity
2024-01-03 17:01:42 INFO  Keywords:122 - InputText is called
2024-01-03 17:01:42 INFO  Keywords:283 - Waiting for webElement...financialdetails.totalpremium
2024-01-03 17:01:42 INFO  Keywords:286 - Element found...financialdetails.totalpremium
2024-01-03 17:01:42 INFO  Keywords:283 - Waiting for webElement...financialdetails.anticipatedchanges
2024-01-03 17:01:42 INFO  Keywords:286 - Element found...financialdetails.anticipatedchanges
2024-01-03 17:01:42 INFO  Keywords:283 - Waiting for webElement...financialdetails.nonguaranteedelement
2024-01-03 17:01:43 INFO  Keywords:286 - Element found...financialdetails.nonguaranteedelement
2024-01-03 17:01:43 INFO  Keywords:283 - Waiting for webElement...financialdetails.reversemortgage
2024-01-03 17:01:43 INFO  Keywords:286 - Element found...financialdetails.reversemortgage
2024-01-03 17:01:43 INFO  Keywords:135 - ClickOnLink is called
2024-01-03 17:01:43 INFO  Keywords:283 - Waiting for webElement...next
2024-01-03 17:01:43 INFO  Keywords:286 - Element found...next
2024-01-03 17:02:06 INFO  Keywords:283 - Waiting for webElement...payment.modal
2024-01-03 17:02:06 INFO  Keywords:286 - Element found...payment.modal
2024-01-03 17:02:22 INFO  Keywords:283 - Waiting for webElement...payment.method
2024-01-03 17:02:22 INFO  Keywords:286 - Element found...payment.method
2024-01-03 17:02:23 INFO  Keywords:122 - InputText is called
2024-01-03 17:02:23 INFO  Keywords:283 - Waiting for webElement...payment.premium
2024-01-03 17:02:23 INFO  Keywords:286 - Element found...payment.premium
2024-01-03 17:02:23 INFO  Keywords:135 - ClickOnLink is called
2024-01-03 17:02:23 INFO  Keywords:283 - Waiting for webElement...next
2024-01-03 17:02:23 INFO  Keywords:286 - Element found...next
2024-01-03 17:02:46 INFO  Keywords:283 - Waiting for webElement...existinginsurance.borrowingfunds
2024-01-03 17:02:46 INFO  Keywords:286 - Element found...existinginsurance.borrowingfunds
2024-01-03 17:02:46 INFO  Keywords:283 - Waiting for webElement...existinginsurance.terminatingexistinglifepolicy
2024-01-03 17:02:46 INFO  Keywords:286 - Element found...existinginsurance.terminatingexistinglifepolicy
2024-01-03 17:02:47 INFO  Keywords:283 - Waiting for webElement...existinginsurance.longtermcoverage
2024-01-03 17:02:47 INFO  Keywords:286 - Element found...existinginsurance.longtermcoverage
2024-01-03 17:02:48 INFO  Keywords:283 - Waiting for webElement...existanceterminating.InsuranceCompanyName
2024-01-03 17:02:48 INFO  Keywords:286 - Element found...existanceterminating.InsuranceCompanyName
2024-01-03 17:02:48 INFO  Keywords:122 - InputText is called
2024-01-03 17:02:48 INFO  Keywords:283 - Waiting for webElement...existanceterminating.ProductName
2024-01-03 17:02:48 INFO  Keywords:286 - Element found...existanceterminating.ProductName
2024-01-03 17:02:48 INFO  Keywords:122 - InputText is called
2024-01-03 17:02:48 INFO  Keywords:283 - Waiting for webElement...existanceterminating.Insured
2024-01-03 17:02:48 INFO  Keywords:286 - Element found...existanceterminating.Insured
2024-01-03 17:02:48 INFO  Keywords:122 - InputText is called
2024-01-03 17:02:48 INFO  Keywords:283 - Waiting for webElement...existanceterminating.Owner
2024-01-03 17:02:48 INFO  Keywords:286 - Element found...existanceterminating.Owner
2024-01-03 17:02:48 INFO  Keywords:122 - InputText is called
2024-01-03 17:02:48 INFO  Keywords:283 - Waiting for webElement...existanceterminating.DateIssued
2024-01-03 17:02:48 INFO  Keywords:286 - Element found...existanceterminating.DateIssued
2024-01-03 17:02:48 INFO  Keywords:122 - InputText is called
2024-01-03 17:02:48 INFO  Keywords:283 - Waiting for webElement...existanceterminating.AmountOfInsurance
2024-01-03 17:02:48 INFO  Keywords:286 - Element found...existanceterminating.AmountOfInsurance
2024-01-03 17:02:48 INFO  Keywords:283 - Waiting for webElement...existanceterminating.ExistingInsuranceType
2024-01-03 17:02:48 INFO  Keywords:286 - Element found...existanceterminating.ExistingInsuranceType
2024-01-03 17:02:49 INFO  Keywords:283 - Waiting for webElement...existanceterminating.ProductType
2024-01-03 17:02:49 INFO  Keywords:286 - Element found...existanceterminating.ProductType
2024-01-03 17:02:49 INFO  Keywords:283 - Waiting for webElement...existanceterminating.LifeProductType
2024-01-03 17:02:58 INFO  Keywords:286 - Element found...existanceterminating.LifeProductType
2024-01-03 17:02:58 INFO  Keywords:122 - InputText is called
2024-01-03 17:02:58 INFO  Keywords:283 - Waiting for webElement...existanceterminating.PolicyNo
2024-01-03 17:02:58 INFO  Keywords:286 - Element found...existanceterminating.PolicyNo
2024-01-03 17:02:59 INFO  Keywords:283 - Waiting for webElement...existanceterminating.PurposeOfPolicy
2024-01-03 17:02:59 INFO  Keywords:286 - Element found...existanceterminating.PurposeOfPolicy
2024-01-03 17:02:59 INFO  Keywords:283 - Waiting for webElement...existanceterminating.FundsNewPolicy
2024-01-03 17:02:59 INFO  Keywords:286 - Element found...existanceterminating.FundsNewPolicy
2024-01-03 17:02:59 INFO  Keywords:283 - Waiting for webElement...existanceterminating.ReplacingNewPolicy
2024-01-03 17:02:59 INFO  Keywords:286 - Element found...existanceterminating.ReplacingNewPolicy
2024-01-03 17:02:59 INFO  Keywords:283 - Waiting for webElement...existanceterminating.ReplacementThType
2024-01-03 17:03:00 INFO  Keywords:286 - Element found...existanceterminating.ReplacementThType
2024-01-03 17:03:00 INFO  Keywords:283 - Waiting for webElement...existanceterminating.1035ThExchange
2024-01-03 17:03:00 INFO  Keywords:286 - Element found...existanceterminating.1035ThExchange
2024-01-03 17:03:00 INFO  Keywords:122 - InputText is called
2024-01-03 17:03:00 INFO  Keywords:283 - Waiting for webElement...existanceterminating.ReasonReplacement
2024-01-03 17:03:00 INFO  Keywords:286 - Element found...existanceterminating.ReasonReplacement
2024-01-03 17:03:00 INFO  Keywords:122 - InputText is called
2024-01-03 17:03:00 INFO  Keywords:283 - Waiting for webElement...existanceterminating.NoOfPolicy
2024-01-03 17:03:00 INFO  Keywords:286 - Element found...existanceterminating.NoOfPolicy
2024-01-03 17:03:00 INFO  Keywords:122 - InputText is called
2024-01-03 17:03:00 INFO  Keywords:283 - Waiting for webElement...existanceterminating.PremiumPayment
2024-01-03 17:03:00 INFO  Keywords:286 - Element found...existanceterminating.PremiumPayment
2024-01-03 17:03:00 INFO  Keywords:122 - InputText is called
2024-01-03 17:03:00 INFO  Keywords:283 - Waiting for webElement...existanceterminating.FrequencyPremium
2024-01-03 17:03:00 INFO  Keywords:286 - Element found...existanceterminating.FrequencyPremium
2024-01-03 17:03:00 INFO  Keywords:122 - InputText is called
2024-01-03 17:03:00 INFO  Keywords:283 - Waiting for webElement...existanceterminating.AmountBeingExchanged
2024-01-03 17:03:01 INFO  Keywords:286 - Element found...existanceterminating.AmountBeingExchanged
2024-01-03 17:03:01 INFO  Keywords:122 - InputText is called
2024-01-03 17:03:01 INFO  Keywords:283 - Waiting for webElement...existanceterminating.SurrenderCharge
2024-01-03 17:03:01 INFO  Keywords:286 - Element found...existanceterminating.SurrenderCharge
2024-01-03 17:03:01 INFO  Keywords:122 - InputText is called
2024-01-03 17:03:01 INFO  Keywords:283 - Waiting for webElement...existanceterminating.DeathBenefit
2024-01-03 17:03:01 INFO  Keywords:286 - Element found...existanceterminating.DeathBenefit
2024-01-03 17:03:01 INFO  Keywords:122 - InputText is called
2024-01-03 17:03:01 INFO  Keywords:283 - Waiting for webElement...existanceterminating.SpecialFeatures
2024-01-03 17:03:01 INFO  Keywords:286 - Element found...existanceterminating.SpecialFeatures
2024-01-03 17:03:01 INFO  Keywords:283 - Waiting for webElement...existinginsurance.longtermpolicyYes
2024-01-03 17:03:01 INFO  Keywords:286 - Element found...existinginsurance.longtermpolicyYes
2024-01-03 17:03:01 INFO  Keywords:122 - InputText is called
2024-01-03 17:03:01 INFO  Keywords:283 - Waiting for webElement...existinglongtermpolicy.InsuranceName
2024-01-03 17:03:01 INFO  Keywords:286 - Element found...existinglongtermpolicy.InsuranceName
2024-01-03 17:03:01 INFO  Keywords:122 - InputText is called
2024-01-03 17:03:01 INFO  Keywords:283 - Waiting for webElement...existinglongtermpolicy.policyCertificateNumber
2024-01-03 17:03:01 INFO  Keywords:286 - Element found...existinglongtermpolicy.policyCertificateNumber
2024-01-03 17:03:01 INFO  Keywords:122 - InputText is called
2024-01-03 17:03:01 INFO  Keywords:283 - Waiting for webElement...existinglongtermpolicy.ProductName
2024-01-03 17:03:01 INFO  Keywords:286 - Element found...existinglongtermpolicy.ProductName
2024-01-03 17:03:01 INFO  Keywords:283 - Waiting for webElement...existinglongtermpolicy.ProductType
2024-01-03 17:03:01 INFO  Keywords:286 - Element found...existinglongtermpolicy.ProductType
2024-01-03 17:03:02 INFO  Keywords:122 - InputText is called
2024-01-03 17:03:02 INFO  Keywords:283 - Waiting for webElement...existinglongtermpolicy.Insured
2024-01-03 17:03:02 INFO  Keywords:286 - Element found...existinglongtermpolicy.Insured
2024-01-03 17:03:02 INFO  Keywords:122 - InputText is called
2024-01-03 17:03:02 INFO  Keywords:283 - Waiting for webElement...existinglongtermpolicy.Owner
2024-01-03 17:03:02 INFO  Keywords:286 - Element found...existinglongtermpolicy.Owner
2024-01-03 17:03:02 INFO  Keywords:122 - InputText is called
2024-01-03 17:03:02 INFO  Keywords:283 - Waiting for webElement...existinglongtermpolicy.DailyBenefit
2024-01-03 17:03:02 INFO  Keywords:286 - Element found...existinglongtermpolicy.DailyBenefit
2024-01-03 17:03:02 INFO  Keywords:122 - InputText is called
2024-01-03 17:03:02 INFO  Keywords:283 - Waiting for webElement...existinglongtermpolicy.AmountOfInsurance
2024-01-03 17:03:02 INFO  Keywords:286 - Element found...existinglongtermpolicy.AmountOfInsurance
2024-01-03 17:03:02 INFO  Keywords:122 - InputText is called
2024-01-03 17:03:02 INFO  Keywords:283 - Waiting for webElement...existinglongtermpolicy.benefitAmount
2024-01-03 17:03:02 INFO  Keywords:286 - Element found...existinglongtermpolicy.benefitAmount
2024-01-03 17:03:02 INFO  Keywords:122 - InputText is called
2024-01-03 17:03:02 INFO  Keywords:283 - Waiting for webElement...existinglongtermpolicy.benefitPeriod
2024-01-03 17:03:02 INFO  Keywords:286 - Element found...existinglongtermpolicy.benefitPeriod
2024-01-03 17:03:02 INFO  Keywords:283 - Waiting for webElement...existinginsurance.longterminsuranceYes
2024-01-03 17:03:02 INFO  Keywords:286 - Element found...existinginsurance.longterminsuranceYes
2024-01-03 17:03:02 INFO  Keywords:122 - InputText is called
2024-01-03 17:03:02 INFO  Keywords:283 - Waiting for webElement...existinglongterminsurance.InsuranceCompany
2024-01-03 17:03:03 INFO  Keywords:286 - Element found...existinglongterminsurance.InsuranceCompany
2024-01-03 17:03:03 INFO  Keywords:122 - InputText is called
2024-01-03 17:03:03 INFO  Keywords:283 - Waiting for webElement...existinglongterminsurance.Certificate
2024-01-03 17:03:03 INFO  Keywords:286 - Element found...existinglongterminsurance.Certificate
2024-01-03 17:03:03 INFO  Keywords:122 - InputText is called
2024-01-03 17:03:03 INFO  Keywords:283 - Waiting for webElement...existinglongterminsurance.LTCBenefit
2024-01-03 17:03:03 INFO  Keywords:286 - Element found...existinglongterminsurance.LTCBenefit
2024-01-03 17:03:03 INFO  Keywords:122 - InputText is called
2024-01-03 17:03:03 INFO  Keywords:283 - Waiting for webElement...existinglongterminsurance.IssueDate
2024-01-03 17:03:03 INFO  Keywords:286 - Element found...existinglongterminsurance.IssueDate
2024-01-03 17:03:03 INFO  Keywords:122 - InputText is called
2024-01-03 17:03:03 INFO  Keywords:283 - Waiting for webElement...existinglongterminsurance.LapseDate
2024-01-03 17:03:03 INFO  Keywords:286 - Element found...existinglongterminsurance.LapseDate
2024-01-03 17:03:03 INFO  Keywords:135 - ClickOnLink is called
2024-01-03 17:03:03 INFO  Keywords:283 - Waiting for webElement...next
2024-01-03 17:03:03 INFO  Keywords:286 - Element found...next
2024-01-03 17:03:25 INFO  Keywords:135 - ClickOnLink is called
2024-01-03 17:03:25 INFO  Keywords:283 - Waiting for webElement...next
2024-01-03 17:03:25 INFO  Keywords:286 - Element found...next
2024-01-03 17:03:47 INFO  Keywords:122 - InputText is called
2024-01-03 17:03:47 INFO  Keywords:283 - Waiting for webElement...additionalclientquestion.q1
2024-01-03 17:03:47 INFO  Keywords:286 - Element found...additionalclientquestion.q1
2024-01-03 17:03:47 INFO  Keywords:122 - InputText is called
2024-01-03 17:03:47 INFO  Keywords:283 - Waiting for webElement...additionalclientquestion.q2
2024-01-03 17:03:47 INFO  Keywords:286 - Element found...additionalclientquestion.q2
2024-01-03 17:03:47 INFO  Keywords:122 - InputText is called
2024-01-03 17:03:47 INFO  Keywords:283 - Waiting for webElement...additionalclientquestion.q3
2024-01-03 17:04:38 INFO  Keywords:122 - InputText is called
2024-01-03 17:04:38 INFO  Keywords:283 - Waiting for webElement...additionalclientquestion.q4
2024-01-03 17:05:28 INFO  Keywords:122 - InputText is called
2024-01-03 17:05:28 INFO  Keywords:283 - Waiting for webElement...additionalclientquestion.q5
2024-01-03 17:06:18 INFO  Keywords:513 - GetText is called
2024-01-03 17:06:18 INFO  Keywords:283 - Waiting for webElement...ebixTxnID
2024-01-03 17:06:18 INFO  Keywords:286 - Element found...ebixTxnID
2024-01-03 17:06:18 INFO  Keywords:517 - LinkId: 520733
2024-01-03 17:06:18 INFO  Keywords:568 - LinkId: 520733
2024-01-03 17:06:19 INFO  Keywords:513 - GetText is called
2024-01-03 17:06:19 INFO  Keywords:283 - Waiting for webElement...ebixTxnID
2024-01-03 17:06:19 INFO  Keywords:286 - Element found...ebixTxnID
2024-01-03 17:06:19 INFO  Keywords:517 - LinkId: 520733
2024-01-03 17:06:19 INFO  Keywords:135 - ClickOnLink is called
2024-01-03 17:06:19 INFO  Keywords:283 - Waiting for webElement...next
2024-01-03 17:06:19 INFO  Keywords:286 - Element found...next
2024-01-03 17:06:26 INFO  Keywords:283 - Waiting for webElement...AnnuitiesCompany
2024-01-03 17:06:27 INFO  Keywords:286 - Element found...AnnuitiesCompany
2024-01-03 17:06:27 INFO  Keywords:283 - Waiting for webElement...InsuranceReplace
2024-01-03 17:06:27 INFO  Keywords:286 - Element found...InsuranceReplace
2024-01-03 17:06:27 INFO  Keywords:122 - InputText is called
2024-01-03 17:06:27 INFO  Keywords:283 - Waiting for webElement...PremiumCollected
2024-01-03 17:06:27 INFO  Keywords:286 - Element found...PremiumCollected
2024-01-03 17:06:27 INFO  Keywords:283 - Waiting for webElement...ResultApplication
2024-01-03 17:06:27 INFO  Keywords:286 - Element found...ResultApplication
2024-01-03 17:06:27 INFO  Keywords:122 - InputText is called
2024-01-03 17:06:27 INFO  Keywords:283 - Waiting for webElement...ResultGiveDetails
2024-01-03 17:06:28 INFO  Keywords:286 - Element found...ResultGiveDetails
2024-01-03 17:06:28 INFO  Keywords:283 - Waiting for webElement...PolicySettlement
2024-01-03 17:06:28 INFO  Keywords:286 - Element found...PolicySettlement
2024-01-03 17:06:28 INFO  Keywords:283 - Waiting for webElement...PremiumLoans
2024-01-03 17:06:28 INFO  Keywords:286 - Element found...PremiumLoans
2024-01-03 17:06:28 INFO  Keywords:283 - Waiting for webElement...EvaluatingFinancing
2024-01-03 17:06:28 INFO  Keywords:286 - Element found...EvaluatingFinancing
2024-01-03 17:06:28 INFO  Keywords:283 - Waiting for webElement...PersonallyInsured
2024-01-03 17:06:28 INFO  Keywords:286 - Element found...PersonallyInsured
2024-01-03 17:06:28 INFO  Keywords:283 - Waiting for webElement...PolicyProposedInsured
2024-01-03 17:06:28 INFO  Keywords:286 - Element found...PolicyProposedInsured
2024-01-03 17:06:29 INFO  Keywords:283 - Waiting for webElement...ProposedInsuredWritten
