2024-07-04 15:18:58 INFO  Keywords:102 - Navigate is called
2024-07-04 15:19:00 INFO  Keywords:128 - InputText is called
2024-07-04 15:19:00 INFO  Keywords:286 - Waiting for webElement...gateway.username
2024-07-04 15:19:00 INFO  Keywords:289 - Element found...gateway.username
2024-07-04 15:19:00 INFO  Keywords:128 - InputText is called
2024-07-04 15:19:00 INFO  Keywords:286 - Waiting for webElement...gateway.password
2024-07-04 15:19:01 INFO  Keywords:289 - Element found...gateway.password
2024-07-04 15:19:01 INFO  Keywords:139 - ClickOnLink is called
2024-07-04 15:19:01 INFO  Keywords:286 - Waiting for webElement...gateway.login
2024-07-04 15:19:01 INFO  Keywords:289 - Element found...gateway.login
2024-07-04 15:19:37 INFO  Keywords:139 - ClickOnLink is called
2024-07-04 15:19:37 INFO  Keywords:286 - Waiting for webElement...postsamldata
2024-07-04 15:19:37 INFO  Keywords:289 - Element found...postsamldata
2024-07-04 15:19:54 INFO  Keywords:139 - ClickOnLink is called
2024-07-04 15:19:54 INFO  Keywords:286 - Waiting for webElement...next
2024-07-04 15:20:20 INFO  Keywords:128 - InputText is called
2024-07-04 15:20:20 INFO  Keywords:286 - Waiting for webElement...policyConfiguration.insuranceamount
2024-07-04 15:20:30 INFO  Keywords:286 - Waiting for webElement...policyConfiguration.LTC
2024-07-04 15:20:40 INFO  Keywords:286 - Waiting for webElement...policyConfiguration.Benefit
2024-07-04 15:20:50 INFO  Keywords:286 - Waiting for webElement...policyConfiguration.payors
2024-07-04 15:21:00 INFO  Keywords:286 - Waiting for webElement...policyConfiguration.purposeofpolicy
2024-07-04 15:21:10 INFO  Keywords:139 - ClickOnLink is called
2024-07-04 15:21:10 INFO  Keywords:286 - Waiting for webElement...next
2024-07-04 15:22:50 INFO  Keywords:286 - Waiting for webElement...primaryinsured.birthcountry
2024-07-04 15:23:00 INFO  Keywords:286 - Waiting for webElement...primaryinsured.birthstate
2024-07-04 15:23:10 INFO  Keywords:128 - InputText is called
2024-07-04 15:23:10 INFO  Keywords:286 - Waiting for webElement...primaryinsured.birthcity
2024-07-04 15:23:20 INFO  Keywords:139 - ClickOnLink is called
2024-07-04 15:23:20 INFO  Keywords:286 - Waiting for webElement...next
2024-07-04 15:23:46 INFO  Keywords:139 - ClickOnLink is called
2024-07-04 15:23:46 INFO  Keywords:286 - Waiting for webElement...next
2024-07-04 15:24:12 INFO  Keywords:286 - Waiting for webElement...naturalOwner.relationwithInsured
2024-07-04 15:24:22 INFO  Keywords:286 - Waiting for webElement...naturalOwner.relationwithJointInsured
2024-07-04 15:24:32 INFO  Keywords:286 - Waiting for webElement...naturalOwner.PermamentResidentCard
2024-07-04 15:24:43 INFO  Keywords:128 - InputText is called
2024-07-04 15:24:43 INFO  Keywords:286 - Waiting for webElement...naturalOwner.ResidentCardIssueDAte
2024-07-04 15:24:53 INFO  Keywords:128 - InputText is called
2024-07-04 15:24:53 INFO  Keywords:286 - Waiting for webElement...naturalOwner.ResidentCardExpireationDAte
