2024-11-12 14:45:15 INFO  Keywords:106 - Navigate is called
2024-11-12 14:45:17 INFO  Keywords:132 - InputText is called
2024-11-12 14:45:17 INFO  Keywords:309 - Waiting for webElement...gateway.username
2024-11-12 14:45:17 INFO  Keywords:313 - Element found...gateway.username
2024-11-12 14:45:17 INFO  Keywords:132 - InputText is called
2024-11-12 14:45:17 INFO  Keywords:309 - Waiting for webElement...gateway.password
2024-11-12 14:45:18 INFO  Keywords:313 - Element found...gateway.password
2024-11-12 14:45:18 INFO  Keywords:143 - ClickOnLink is called
2024-11-12 14:45:18 INFO  Keywords:309 - Waiting for webElement...gateway.login
2024-11-12 14:45:18 INFO  Keywords:313 - Element found...gateway.login
2024-11-12 14:45:54 INFO  Keywords:143 - ClickOnLink is called
2024-11-12 14:45:54 INFO  Keywords:309 - Waiting for webElement...postsamldata
2024-11-12 14:45:54 INFO  Keywords:313 - Element found...postsamldata
2024-11-12 14:46:11 INFO  Keywords:143 - ClickOnLink is called
2024-11-12 14:46:11 INFO  Keywords:309 - Waiting for webElement...next
2024-11-12 14:46:37 INFO  Keywords:132 - InputText is called
2024-11-12 14:46:37 INFO  Keywords:309 - Waiting for webElement...policyConfiguration.insuranceamount
2024-11-12 14:46:47 INFO  Keywords:309 - Waiting for webElement...policyConfiguration.LTC
2024-11-12 14:46:57 INFO  Keywords:309 - Waiting for webElement...policyConfiguration.payors
2024-11-12 14:47:07 INFO  Keywords:309 - Waiting for webElement...policyConfiguration.purposeofpolicy
2024-11-12 14:47:17 INFO  Keywords:143 - ClickOnLink is called
2024-11-12 14:47:17 INFO  Keywords:309 - Waiting for webElement...next
2024-11-12 14:48:57 INFO  Keywords:309 - Waiting for webElement...primaryinsured.birthcountry
2024-11-12 14:49:07 INFO  Keywords:309 - Waiting for webElement...primaryinsured.birthstate
2024-11-12 14:49:17 INFO  Keywords:132 - InputText is called
2024-11-12 14:49:17 INFO  Keywords:309 - Waiting for webElement...primaryinsured.birthcity
2024-11-12 14:49:27 INFO  Keywords:143 - ClickOnLink is called
2024-11-12 14:49:27 INFO  Keywords:309 - Waiting for webElement...next
2024-11-12 14:49:53 INFO  Keywords:143 - ClickOnLink is called
2024-11-12 14:49:53 INFO  Keywords:309 - Waiting for webElement...next
2024-11-12 14:50:03 INFO  Keywords:309 - Waiting for webElement...naturalOwner.relationwithInsured
2024-11-12 14:50:14 INFO  Keywords:143 - ClickOnLink is called
2024-11-12 14:50:14 INFO  Keywords:309 - Waiting for webElement...next
2024-11-12 14:50:40 INFO  Keywords:309 - Waiting for webElement...financialDetails.SourceOfFundsLI
2024-11-12 14:50:50 INFO  Keywords:309 - Waiting for webElement...financialDetails.SurrenderChargeSOFLI
2024-11-12 14:51:00 INFO  Keywords:309 - Waiting for webElement...financialDetails.envisiontaking
2024-11-12 14:51:10 INFO  Keywords:309 - Waiting for webElement...financialDetails.federalfaxbracket
2024-11-12 14:51:20 INFO  Keywords:309 - Waiting for webElement...financialDetails.riskTolerance
2024-11-12 14:51:30 INFO  Keywords:309 - Waiting for webElement...financialDetails.Investmentobjectives
2024-11-12 14:51:40 INFO  Keywords:309 - Waiting for webElement...financialDetails.timehorizon
2024-11-12 14:51:50 INFO  Keywords:309 - Waiting for webElement...financialDetails.investmentexperienceFA
2024-11-12 14:52:00 INFO  Keywords:132 - InputText is called
2024-11-12 14:52:00 INFO  Keywords:309 - Waiting for webElement...financialDetails.investmentstartyear
2024-11-12 14:52:10 INFO  Keywords:132 - InputText is called
2024-11-12 14:52:10 INFO  Keywords:309 - Waiting for webElement...financialdetails.wages
2024-11-12 14:52:20 INFO  Keywords:132 - InputText is called
2024-11-12 14:52:20 INFO  Keywords:309 - Waiting for webElement...financialdetails.livingexpenses
2024-11-12 14:52:30 INFO  Keywords:132 - InputText is called
2024-11-12 14:52:30 INFO  Keywords:309 - Waiting for webElement...financialdetails.personalinvestment
2024-11-12 14:52:40 INFO  Keywords:132 - InputText is called
2024-11-12 14:52:40 INFO  Keywords:309 - Waiting for webElement...financialdetails.fixeddebtexpenses
2024-11-12 14:52:50 INFO  Keywords:132 - InputText is called
2024-11-12 14:52:50 INFO  Keywords:309 - Waiting for webElement...financialdetails.rentalincome
2024-11-12 14:53:00 INFO  Keywords:132 - InputText is called
2024-11-12 14:53:00 INFO  Keywords:309 - Waiting for webElement...financialdetails.variabledebtexpenses
2024-11-12 14:53:10 INFO  Keywords:132 - InputText is called
2024-11-12 14:53:10 INFO  Keywords:309 - Waiting for webElement...financialdetails.incomepension
2024-11-12 14:53:20 INFO  Keywords:132 - InputText is called
2024-11-12 14:53:20 INFO  Keywords:309 - Waiting for webElement...financialdetails.discretionaryexpenses
2024-11-12 14:53:31 INFO  Keywords:132 - InputText is called
2024-11-12 14:53:31 INFO  Keywords:309 - Waiting for webElement...financialdetails.socialsecurityincome
2024-11-12 14:53:41 INFO  Keywords:132 - InputText is called
2024-11-12 14:53:41 INFO  Keywords:309 - Waiting for webElement...financialdetails.otherincome
2024-11-12 14:53:51 INFO  Keywords:132 - InputText is called
2024-11-12 14:53:51 INFO  Keywords:309 - Waiting for webElement...financialdetails.bonds
2024-11-12 14:54:01 INFO  Keywords:132 - InputText is called
2024-11-12 14:54:01 INFO  Keywords:309 - Waiting for webElement...financialdetails.businessTrustRealstate
2024-11-12 14:54:11 INFO  Keywords:132 - InputText is called
2024-11-12 14:54:11 INFO  Keywords:309 - Waiting for webElement...financialdetails.retirementplan
2024-11-12 14:54:21 INFO  Keywords:132 - InputText is called
2024-11-12 14:54:21 INFO  Keywords:309 - Waiting for webElement...financialdetails.equities
2024-11-12 14:54:31 INFO  Keywords:132 - InputText is called
2024-11-12 14:54:31 INFO  Keywords:309 - Waiting for webElement...financialdetails.facevalueilfeinsurance
2024-11-12 14:54:41 INFO  Keywords:132 - InputText is called
2024-11-12 14:54:41 INFO  Keywords:309 - Waiting for webElement...financialdetails.fixedannuity
2024-11-12 14:54:51 INFO  Keywords:132 - InputText is called
2024-11-12 14:54:51 INFO  Keywords:309 - Waiting for webElement...financialdetails.indexannuity
2024-11-12 14:55:01 INFO  Keywords:132 - InputText is called
2024-11-12 14:55:01 INFO  Keywords:309 - Waiting for webElement...financialdetails.liquidnetworth
2024-11-12 14:55:11 INFO  Keywords:132 - InputText is called
2024-11-12 14:55:11 INFO  Keywords:309 - Waiting for webElement...financialdetails.AlerternativeInvetment
2024-11-12 14:55:21 INFO  Keywords:132 - InputText is called
2024-11-12 14:55:21 INFO  Keywords:309 - Waiting for webElement...financialdetails.mutualfund
2024-11-12 14:55:31 INFO  Keywords:132 - InputText is called
2024-11-12 14:55:31 INFO  Keywords:309 - Waiting for webElement...financialdetails.otherbrokerage
