2024-05-16 11:24:52 INFO  Keywords:98 - Navigate is called
2024-05-16 11:24:55 INFO  Keywords:124 - InputText is called
2024-05-16 11:24:55 INFO  Keywords:282 - Waiting for webElement...gateway.username
2024-05-16 11:24:56 INFO  Keywords:285 - Element found...gateway.username
2024-05-16 11:24:56 INFO  Keywords:124 - InputText is called
2024-05-16 11:24:56 INFO  Keywords:282 - Waiting for webElement...gateway.password
2024-05-16 11:24:56 INFO  Keywords:285 - Element found...gateway.password
2024-05-16 11:24:56 INFO  Keywords:135 - ClickOnLink is called
2024-05-16 11:24:56 INFO  Keywords:282 - Waiting for webElement...gateway.login
2024-05-16 11:24:56 INFO  Keywords:285 - Element found...gateway.login
2024-05-16 11:25:37 INFO  Keywords:135 - ClickOnLink is called
2024-05-16 11:25:37 INFO  Keywords:282 - Waiting for webElement...postsamldata
2024-05-16 11:25:37 INFO  Keywords:285 - Element found...postsamldata
2024-05-16 11:25:54 INFO  Keywords:135 - ClickOnLink is called
2024-05-16 11:25:54 INFO  Keywords:282 - Waiting for webElement...next
2024-05-16 11:25:54 INFO  Keywords:285 - Element found...next
2024-05-16 11:26:17 INFO  Keywords:124 - InputText is called
2024-05-16 11:26:17 INFO  Keywords:282 - Waiting for webElement...policyConfiguration.insuranceamount
2024-05-16 11:26:17 INFO  Keywords:285 - Element found...policyConfiguration.insuranceamount
2024-05-16 11:26:17 INFO  Keywords:282 - Waiting for webElement...policyConfiguration.LTC
2024-05-16 11:26:17 INFO  Keywords:285 - Element found...policyConfiguration.LTC
2024-05-16 11:26:17 INFO  Keywords:282 - Waiting for webElement...policyConfiguration.payors
2024-05-16 11:26:18 INFO  Keywords:285 - Element found...policyConfiguration.payors
2024-05-16 11:26:18 INFO  Keywords:282 - Waiting for webElement...policyConfiguration.purposeofpolicy
2024-05-16 11:26:18 INFO  Keywords:285 - Element found...policyConfiguration.purposeofpolicy
2024-05-16 11:26:18 INFO  Keywords:135 - ClickOnLink is called
2024-05-16 11:26:18 INFO  Keywords:282 - Waiting for webElement...next
2024-05-16 11:26:18 INFO  Keywords:285 - Element found...next
2024-05-16 11:27:53 INFO  Keywords:282 - Waiting for webElement...primaryinsured.birthcountry
2024-05-16 11:27:54 INFO  Keywords:285 - Element found...primaryinsured.birthcountry
2024-05-16 11:27:54 INFO  Keywords:282 - Waiting for webElement...primaryinsured.birthstate
2024-05-16 11:27:54 INFO  Keywords:285 - Element found...primaryinsured.birthstate
2024-05-16 11:27:54 INFO  Keywords:124 - InputText is called
2024-05-16 11:27:54 INFO  Keywords:282 - Waiting for webElement...primaryinsured.birthcity
2024-05-16 11:28:04 INFO  Keywords:135 - ClickOnLink is called
2024-05-16 11:28:04 INFO  Keywords:282 - Waiting for webElement...next
2024-05-16 11:28:04 INFO  Keywords:285 - Element found...next
2024-05-16 11:28:29 INFO  Keywords:135 - ClickOnLink is called
2024-05-16 11:28:29 INFO  Keywords:282 - Waiting for webElement...next
2024-05-16 11:28:29 INFO  Keywords:285 - Element found...next
2024-05-16 11:28:53 INFO  Keywords:282 - Waiting for webElement...EntityRelationship
2024-05-16 11:28:53 INFO  Keywords:285 - Element found...EntityRelationship
2024-05-16 11:28:54 INFO  Keywords:135 - ClickOnLink is called
2024-05-16 11:28:54 INFO  Keywords:282 - Waiting for webElement...next
2024-05-16 11:28:54 INFO  Keywords:285 - Element found...next
2024-05-16 11:29:15 INFO  Keywords:282 - Waiting for webElement...financialDetails.SourceOfFundsLI
2024-05-16 11:29:15 INFO  Keywords:285 - Element found...financialDetails.SourceOfFundsLI
2024-05-16 11:29:15 INFO  Keywords:282 - Waiting for webElement...financialDetails.SurrenderChargeSOFLI
2024-05-16 11:29:15 INFO  Keywords:285 - Element found...financialDetails.SurrenderChargeSOFLI
2024-05-16 11:29:16 INFO  Keywords:282 - Waiting for webElement...financialDetails.envisiontaking
2024-05-16 11:29:16 INFO  Keywords:285 - Element found...financialDetails.envisiontaking
2024-05-16 11:29:16 INFO  Keywords:282 - Waiting for webElement...financialDetails.federalfaxbracket
2024-05-16 11:29:16 INFO  Keywords:285 - Element found...financialDetails.federalfaxbracket
2024-05-16 11:29:16 INFO  Keywords:282 - Waiting for webElement...financialDetails.riskTolerance
2024-05-16 11:29:16 INFO  Keywords:285 - Element found...financialDetails.riskTolerance
2024-05-16 11:29:17 INFO  Keywords:282 - Waiting for webElement...financialDetails.Investmentobjectives
2024-05-16 11:29:17 INFO  Keywords:285 - Element found...financialDetails.Investmentobjectives
2024-05-16 11:29:17 INFO  Keywords:282 - Waiting for webElement...financialDetails.timehorizon
2024-05-16 11:29:17 INFO  Keywords:285 - Element found...financialDetails.timehorizon
2024-05-16 11:29:17 INFO  Keywords:282 - Waiting for webElement...financialDetails.investmentexperienceFA
2024-05-16 11:29:17 INFO  Keywords:285 - Element found...financialDetails.investmentexperienceFA
2024-05-16 11:29:18 INFO  Keywords:124 - InputText is called
2024-05-16 11:29:18 INFO  Keywords:282 - Waiting for webElement...financialDetails.investmentstartyear
2024-05-16 11:29:18 INFO  Keywords:285 - Element found...financialDetails.investmentstartyear
2024-05-16 11:29:18 INFO  Keywords:124 - InputText is called
2024-05-16 11:29:18 INFO  Keywords:282 - Waiting for webElement...financialdetails.livingexpenses
2024-05-16 11:29:18 INFO  Keywords:285 - Element found...financialdetails.livingexpenses
2024-05-16 11:29:18 INFO  Keywords:124 - InputText is called
2024-05-16 11:29:18 INFO  Keywords:282 - Waiting for webElement...financialdetails.fixeddebtexpenses
2024-05-16 11:29:18 INFO  Keywords:285 - Element found...financialdetails.fixeddebtexpenses
2024-05-16 11:29:18 INFO  Keywords:124 - InputText is called
2024-05-16 11:29:18 INFO  Keywords:282 - Waiting for webElement...financialdetails.variabledebtexpenses
2024-05-16 11:29:18 INFO  Keywords:285 - Element found...financialdetails.variabledebtexpenses
2024-05-16 11:29:18 INFO  Keywords:124 - InputText is called
2024-05-16 11:29:18 INFO  Keywords:282 - Waiting for webElement...financialdetails.discretionaryexpenses
2024-05-16 11:29:18 INFO  Keywords:285 - Element found...financialdetails.discretionaryexpenses
2024-05-16 11:29:18 INFO  Keywords:124 - InputText is called
2024-05-16 11:29:18 INFO  Keywords:282 - Waiting for webElement...financialdetails.Annualrincome
2024-05-16 11:29:18 INFO  Keywords:285 - Element found...financialdetails.Annualrincome
2024-05-16 11:29:18 INFO  Keywords:124 - InputText is called
2024-05-16 11:29:18 INFO  Keywords:282 - Waiting for webElement...financialdetails.businessTrustRealstate
2024-05-16 11:29:18 INFO  Keywords:285 - Element found...financialdetails.businessTrustRealstate
2024-05-16 11:29:18 INFO  Keywords:124 - InputText is called
2024-05-16 11:29:18 INFO  Keywords:282 - Waiting for webElement...financialdetails.liquidnetworth
2024-05-16 11:29:18 INFO  Keywords:285 - Element found...financialdetails.liquidnetworth
2024-05-16 11:29:18 INFO  Keywords:124 - InputText is called
2024-05-16 11:29:18 INFO  Keywords:282 - Waiting for webElement...financialdetails.policypremium
2024-05-16 11:29:18 INFO  Keywords:285 - Element found...financialdetails.policypremium
2024-05-16 11:29:18 INFO  Keywords:124 - InputText is called
2024-05-16 11:29:18 INFO  Keywords:282 - Waiting for webElement...financialdetails.InvestibleAssets
2024-05-16 11:29:18 INFO  Keywords:285 - Element found...financialdetails.InvestibleAssets
2024-05-16 11:29:18 INFO  Keywords:124 - InputText is called
2024-05-16 11:29:18 INFO  Keywords:282 - Waiting for webElement...financialdetails.totalpremium
2024-05-16 11:29:18 INFO  Keywords:285 - Element found...financialdetails.totalpremium
2024-05-16 11:29:18 INFO  Keywords:282 - Waiting for webElement...financialdetails.anticipatedchanges
2024-05-16 11:29:18 INFO  Keywords:285 - Element found...financialdetails.anticipatedchanges
2024-05-16 11:29:19 INFO  Keywords:282 - Waiting for webElement...financialdetails.nonguaranteedelement
2024-05-16 11:29:19 INFO  Keywords:285 - Element found...financialdetails.nonguaranteedelement
2024-05-16 11:29:19 INFO  Keywords:282 - Waiting for webElement...financialdetails.reversemortgage
2024-05-16 11:29:19 INFO  Keywords:285 - Element found...financialdetails.reversemortgage
2024-05-16 11:29:19 INFO  Keywords:135 - ClickOnLink is called
2024-05-16 11:29:19 INFO  Keywords:282 - Waiting for webElement...next
2024-05-16 11:29:19 INFO  Keywords:285 - Element found...next
2024-05-16 11:29:20 INFO  Keywords:282 - Waiting for webElement...jointOwnerInsured
2024-05-16 11:29:30 INFO  Keywords:282 - Waiting for webElement...jointOwnerJointInsured
2024-05-16 11:29:40 INFO  Keywords:135 - ClickOnLink is called
2024-05-16 11:29:40 INFO  Keywords:282 - Waiting for webElement...next
2024-05-16 11:29:40 INFO  Keywords:285 - Element found...next
2024-05-16 11:29:56 INFO  Keywords:282 - Waiting for webElement...payment.modal
2024-05-16 11:30:22 INFO  Keywords:282 - Waiting for webElement...payment.method
2024-05-16 11:30:33 INFO  Keywords:124 - InputText is called
2024-05-16 11:30:33 INFO  Keywords:282 - Waiting for webElement...payment.premium
2024-05-16 11:30:43 INFO  Keywords:135 - ClickOnLink is called
2024-05-16 11:30:43 INFO  Keywords:282 - Waiting for webElement...next
2024-05-16 11:30:43 INFO  Keywords:285 - Element found...next
2024-05-16 11:30:59 INFO  Keywords:282 - Waiting for webElement...existinginsurance.borrowingfunds
2024-05-16 11:31:09 INFO  Keywords:282 - Waiting for webElement...existinginsurance.terminatingexistinglifepolicy
2024-05-16 11:31:19 INFO  Keywords:282 - Waiting for webElement...existinginsurance.longtermcoverage
2024-05-16 11:31:31 INFO  Keywords:282 - Waiting for webElement...existanceterminating.InsuranceCompanyName
2024-05-16 11:31:41 INFO  Keywords:124 - InputText is called
2024-05-16 11:31:41 INFO  Keywords:282 - Waiting for webElement...existanceterminating.ProductName
