2024-07-03 15:01:02 INFO  Keywords:99 - Navigate is called
2024-07-03 15:01:04 INFO  Keywords:125 - InputText is called
2024-07-03 15:01:04 INFO  Keywords:283 - Waiting for webElement...gateway.username
2024-07-03 15:01:05 INFO  Keywords:286 - Element found...gateway.username
2024-07-03 15:01:05 INFO  Keywords:125 - InputText is called
2024-07-03 15:01:05 INFO  Keywords:283 - Waiting for webElement...gateway.password
2024-07-03 15:01:05 INFO  Keywords:286 - Element found...gateway.password
2024-07-03 15:01:05 INFO  Keywords:136 - ClickOnLink is called
2024-07-03 15:01:05 INFO  Keywords:283 - Waiting for webElement...gateway.login
2024-07-03 15:01:05 INFO  Keywords:286 - Element found...gateway.login
2024-07-03 15:01:42 INFO  Keywords:136 - ClickOnLink is called
2024-07-03 15:01:42 INFO  Keywords:283 - Waiting for webElement...postsamldata
2024-07-03 15:01:42 INFO  Keywords:286 - Element found...postsamldata
2024-07-03 15:01:58 INFO  Keywords:136 - ClickOnLink is called
2024-07-03 15:01:58 INFO  Keywords:283 - Waiting for webElement...next
2024-07-03 15:01:58 INFO  Keywords:286 - Element found...next
2024-07-03 15:02:19 INFO  Keywords:125 - InputText is called
2024-07-03 15:02:19 INFO  Keywords:283 - Waiting for webElement...policyConfiguration.insuranceamount
2024-07-03 15:02:19 INFO  Keywords:286 - Element found...policyConfiguration.insuranceamount
2024-07-03 15:02:19 INFO  Keywords:283 - Waiting for webElement...policyConfiguration.LTC
2024-07-03 15:02:19 INFO  Keywords:286 - Element found...policyConfiguration.LTC
2024-07-03 15:02:20 INFO  Keywords:283 - Waiting for webElement...policyConfiguration.Benefit
2024-07-03 15:03:10 INFO  Keywords:283 - Waiting for webElement...policyConfiguration.payors
2024-07-03 15:03:10 INFO  Keywords:286 - Element found...policyConfiguration.payors
2024-07-03 15:03:10 INFO  Keywords:283 - Waiting for webElement...policyConfiguration.purposeofpolicy
2024-07-03 15:03:10 INFO  Keywords:286 - Element found...policyConfiguration.purposeofpolicy
2024-07-03 15:03:10 INFO  Keywords:136 - ClickOnLink is called
2024-07-03 15:03:10 INFO  Keywords:283 - Waiting for webElement...next
2024-07-03 15:03:10 INFO  Keywords:286 - Element found...next
2024-07-03 15:04:46 INFO  Keywords:283 - Waiting for webElement...primaryinsured.birthcountry
2024-07-03 15:04:46 INFO  Keywords:286 - Element found...primaryinsured.birthcountry
2024-07-03 15:04:46 INFO  Keywords:283 - Waiting for webElement...primaryinsured.birthstate
2024-07-03 15:04:46 INFO  Keywords:286 - Element found...primaryinsured.birthstate
2024-07-03 15:04:46 INFO  Keywords:125 - InputText is called
2024-07-03 15:04:46 INFO  Keywords:283 - Waiting for webElement...primaryinsured.birthcity
2024-07-03 15:04:56 INFO  Keywords:136 - ClickOnLink is called
2024-07-03 15:04:56 INFO  Keywords:283 - Waiting for webElement...next
2024-07-03 15:04:56 INFO  Keywords:286 - Element found...next
2024-07-03 15:05:17 INFO  Keywords:136 - ClickOnLink is called
2024-07-03 15:05:17 INFO  Keywords:283 - Waiting for webElement...next
2024-07-03 15:05:17 INFO  Keywords:286 - Element found...next
2024-07-03 15:05:37 INFO  Keywords:283 - Waiting for webElement...naturalOwner.relationwithInsured
2024-07-03 15:05:37 INFO  Keywords:286 - Element found...naturalOwner.relationwithInsured
2024-07-03 15:05:37 INFO  Keywords:283 - Waiting for webElement...naturalOwner.relationwithJointInsured
2024-07-03 15:06:28 INFO  Keywords:283 - Waiting for webElement...naturalOwner.PermamentResidentCard
2024-07-03 15:06:28 INFO  Keywords:286 - Element found...naturalOwner.PermamentResidentCard
2024-07-03 15:06:28 INFO  Keywords:125 - InputText is called
2024-07-03 15:06:28 INFO  Keywords:283 - Waiting for webElement...naturalOwner.ResidentCardIssueDAte
2024-07-03 15:06:28 INFO  Keywords:286 - Element found...naturalOwner.ResidentCardIssueDAte
2024-07-03 15:06:28 INFO  Keywords:125 - InputText is called
2024-07-03 15:06:28 INFO  Keywords:283 - Waiting for webElement...naturalOwner.ResidentCardExpireationDAte
2024-07-03 15:06:28 INFO  Keywords:286 - Element found...naturalOwner.ResidentCardExpireationDAte
2024-07-03 15:06:28 INFO  Keywords:125 - InputText is called
2024-07-03 15:06:28 INFO  Keywords:283 - Waiting for webElement...naturalOwner.USLivingYrs
2024-07-03 15:06:28 INFO  Keywords:286 - Element found...naturalOwner.USLivingYrs
2024-07-03 15:06:28 INFO  Keywords:125 - InputText is called
2024-07-03 15:06:28 INFO  Keywords:283 - Waiting for webElement...naturalOwner.USLivingMonths
2024-07-03 15:06:28 INFO  Keywords:286 - Element found...naturalOwner.USLivingMonths
2024-07-03 15:06:28 INFO  Keywords:136 - ClickOnLink is called
2024-07-03 15:06:28 INFO  Keywords:283 - Waiting for webElement...next
2024-07-03 15:06:28 INFO  Keywords:286 - Element found...next
2024-07-03 15:06:48 INFO  Keywords:283 - Waiting for webElement...financialDetails.SourceOfFundsLI
2024-07-03 15:06:48 INFO  Keywords:286 - Element found...financialDetails.SourceOfFundsLI
2024-07-03 15:06:48 INFO  Keywords:283 - Waiting for webElement...financialDetails.SurrenderChargeSOFLI
2024-07-03 15:06:48 INFO  Keywords:286 - Element found...financialDetails.SurrenderChargeSOFLI
2024-07-03 15:06:49 INFO  Keywords:283 - Waiting for webElement...financialDetails.envisiontaking
2024-07-03 15:06:49 INFO  Keywords:286 - Element found...financialDetails.envisiontaking
2024-07-03 15:06:49 INFO  Keywords:283 - Waiting for webElement...financialDetails.federalfaxbracket
2024-07-03 15:06:49 INFO  Keywords:286 - Element found...financialDetails.federalfaxbracket
2024-07-03 15:06:49 INFO  Keywords:283 - Waiting for webElement...financialDetails.riskTolerance
2024-07-03 15:06:49 INFO  Keywords:286 - Element found...financialDetails.riskTolerance
2024-07-03 15:06:49 INFO  Keywords:283 - Waiting for webElement...financialDetails.Investmentobjectives
2024-07-03 15:06:49 INFO  Keywords:286 - Element found...financialDetails.Investmentobjectives
2024-07-03 15:06:50 INFO  Keywords:283 - Waiting for webElement...financialDetails.timehorizon
2024-07-03 15:06:50 INFO  Keywords:286 - Element found...financialDetails.timehorizon
2024-07-03 15:06:50 INFO  Keywords:283 - Waiting for webElement...financialDetails.investmentexperienceFA
2024-07-03 15:06:50 INFO  Keywords:286 - Element found...financialDetails.investmentexperienceFA
2024-07-03 15:06:50 INFO  Keywords:125 - InputText is called
2024-07-03 15:06:50 INFO  Keywords:283 - Waiting for webElement...financialDetails.investmentstartyear
2024-07-03 15:06:50 INFO  Keywords:286 - Element found...financialDetails.investmentstartyear
2024-07-03 15:06:50 INFO  Keywords:125 - InputText is called
2024-07-03 15:06:50 INFO  Keywords:283 - Waiting for webElement...financialdetails.wages
2024-07-03 15:06:50 INFO  Keywords:286 - Element found...financialdetails.wages
2024-07-03 15:06:50 INFO  Keywords:125 - InputText is called
2024-07-03 15:06:50 INFO  Keywords:283 - Waiting for webElement...financialdetails.livingexpenses
2024-07-03 15:06:50 INFO  Keywords:286 - Element found...financialdetails.livingexpenses
2024-07-03 15:06:50 INFO  Keywords:125 - InputText is called
2024-07-03 15:06:50 INFO  Keywords:283 - Waiting for webElement...financialdetails.personalinvestment
2024-07-03 15:06:50 INFO  Keywords:286 - Element found...financialdetails.personalinvestment
2024-07-03 15:06:50 INFO  Keywords:125 - InputText is called
2024-07-03 15:06:50 INFO  Keywords:283 - Waiting for webElement...financialdetails.fixeddebtexpenses
2024-07-03 15:06:50 INFO  Keywords:286 - Element found...financialdetails.fixeddebtexpenses
2024-07-03 15:06:50 INFO  Keywords:125 - InputText is called
2024-07-03 15:06:50 INFO  Keywords:283 - Waiting for webElement...financialdetails.rentalincome
2024-07-03 15:06:50 INFO  Keywords:286 - Element found...financialdetails.rentalincome
2024-07-03 15:06:50 INFO  Keywords:125 - InputText is called
2024-07-03 15:06:50 INFO  Keywords:283 - Waiting for webElement...financialdetails.variabledebtexpenses
2024-07-03 15:06:50 INFO  Keywords:286 - Element found...financialdetails.variabledebtexpenses
2024-07-03 15:06:50 INFO  Keywords:125 - InputText is called
2024-07-03 15:06:50 INFO  Keywords:283 - Waiting for webElement...financialdetails.incomepension
2024-07-03 15:06:50 INFO  Keywords:286 - Element found...financialdetails.incomepension
2024-07-03 15:06:50 INFO  Keywords:125 - InputText is called
2024-07-03 15:06:50 INFO  Keywords:283 - Waiting for webElement...financialdetails.discretionaryexpenses
2024-07-03 15:06:50 INFO  Keywords:286 - Element found...financialdetails.discretionaryexpenses
2024-07-03 15:06:50 INFO  Keywords:125 - InputText is called
2024-07-03 15:06:50 INFO  Keywords:283 - Waiting for webElement...financialdetails.socialsecurityincome
2024-07-03 15:06:50 INFO  Keywords:286 - Element found...financialdetails.socialsecurityincome
2024-07-03 15:06:50 INFO  Keywords:125 - InputText is called
2024-07-03 15:06:50 INFO  Keywords:283 - Waiting for webElement...financialdetails.otherincome
2024-07-03 15:06:50 INFO  Keywords:286 - Element found...financialdetails.otherincome
2024-07-03 15:06:50 INFO  Keywords:125 - InputText is called
2024-07-03 15:06:50 INFO  Keywords:283 - Waiting for webElement...financialdetails.bonds
2024-07-03 15:06:50 INFO  Keywords:286 - Element found...financialdetails.bonds
2024-07-03 15:06:50 INFO  Keywords:125 - InputText is called
2024-07-03 15:06:50 INFO  Keywords:283 - Waiting for webElement...financialdetails.businessTrustRealstate
2024-07-03 15:06:50 INFO  Keywords:286 - Element found...financialdetails.businessTrustRealstate
2024-07-03 15:06:51 INFO  Keywords:125 - InputText is called
2024-07-03 15:06:51 INFO  Keywords:283 - Waiting for webElement...financialdetails.retirementplan
2024-07-03 15:06:51 INFO  Keywords:286 - Element found...financialdetails.retirementplan
2024-07-03 15:06:51 INFO  Keywords:125 - InputText is called
2024-07-03 15:06:51 INFO  Keywords:283 - Waiting for webElement...financialdetails.equities
2024-07-03 15:06:51 INFO  Keywords:286 - Element found...financialdetails.equities
2024-07-03 15:06:51 INFO  Keywords:125 - InputText is called
2024-07-03 15:06:51 INFO  Keywords:283 - Waiting for webElement...financialdetails.facevalueilfeinsurance
2024-07-03 15:06:51 INFO  Keywords:286 - Element found...financialdetails.facevalueilfeinsurance
2024-07-03 15:06:51 INFO  Keywords:125 - InputText is called
2024-07-03 15:06:51 INFO  Keywords:283 - Waiting for webElement...financialdetails.fixedannuity
2024-07-03 15:06:51 INFO  Keywords:286 - Element found...financialdetails.fixedannuity
2024-07-03 15:06:51 INFO  Keywords:125 - InputText is called
2024-07-03 15:06:51 INFO  Keywords:283 - Waiting for webElement...financialdetails.indexannuity
2024-07-03 15:06:51 INFO  Keywords:286 - Element found...financialdetails.indexannuity
2024-07-03 15:06:51 INFO  Keywords:125 - InputText is called
2024-07-03 15:06:51 INFO  Keywords:283 - Waiting for webElement...financialdetails.liquidnetworth
2024-07-03 15:06:51 INFO  Keywords:286 - Element found...financialdetails.liquidnetworth
2024-07-03 15:06:51 INFO  Keywords:125 - InputText is called
2024-07-03 15:06:51 INFO  Keywords:283 - Waiting for webElement...financialdetails.mutualfund
2024-07-03 15:06:51 INFO  Keywords:286 - Element found...financialdetails.mutualfund
2024-07-03 15:06:51 INFO  Keywords:125 - InputText is called
2024-07-03 15:06:51 INFO  Keywords:283 - Waiting for webElement...financialdetails.otherbrokerage
2024-07-03 15:06:51 INFO  Keywords:286 - Element found...financialdetails.otherbrokerage
2024-07-03 15:06:51 INFO  Keywords:125 - InputText is called
2024-07-03 15:06:51 INFO  Keywords:283 - Waiting for webElement...financialdetails.policypremium
2024-07-03 15:06:51 INFO  Keywords:286 - Element found...financialdetails.policypremium
2024-07-03 15:06:51 INFO  Keywords:125 - InputText is called
2024-07-03 15:06:51 INFO  Keywords:283 - Waiting for webElement...financialdetails.variableannuity
2024-07-03 15:06:51 INFO  Keywords:286 - Element found...financialdetails.variableannuity
2024-07-03 15:06:51 INFO  Keywords:125 - InputText is called
2024-07-03 15:06:51 INFO  Keywords:283 - Waiting for webElement...financialdetails.totalpremium
2024-07-03 15:06:51 INFO  Keywords:286 - Element found...financialdetails.totalpremium
2024-07-03 15:06:51 INFO  Keywords:283 - Waiting for webElement...financialdetails.anticipatedchanges
2024-07-03 15:06:51 INFO  Keywords:286 - Element found...financialdetails.anticipatedchanges
2024-07-03 15:06:51 INFO  Keywords:283 - Waiting for webElement...financialdetails.nonguaranteedelementYes
2024-07-03 15:06:51 INFO  Keywords:286 - Element found...financialdetails.nonguaranteedelementYes
2024-07-03 15:06:51 INFO  Keywords:283 - Waiting for webElement...financialdetails.reversemortgage
2024-07-03 15:06:51 INFO  Keywords:286 - Element found...financialdetails.reversemortgage
2024-07-03 15:06:52 INFO  Keywords:136 - ClickOnLink is called
2024-07-03 15:06:52 INFO  Keywords:283 - Waiting for webElement...next
2024-07-03 15:06:52 INFO  Keywords:286 - Element found...next
2024-07-03 15:07:11 INFO  Keywords:283 - Waiting for webElement...payment.modal
2024-07-03 15:07:11 INFO  Keywords:286 - Element found...payment.modal
2024-07-03 15:07:27 INFO  Keywords:283 - Waiting for webElement...payment.method
2024-07-03 15:07:27 INFO  Keywords:286 - Element found...payment.method
2024-07-03 15:07:27 INFO  Keywords:125 - InputText is called
2024-07-03 15:07:27 INFO  Keywords:283 - Waiting for webElement...payment.premium
2024-07-03 15:07:27 INFO  Keywords:286 - Element found...payment.premium
2024-07-03 15:07:27 INFO  Keywords:125 - InputText is called
2024-07-03 15:07:27 INFO  Keywords:283 - Waiting for webElement...payment.bankRouting
2024-07-03 15:07:27 INFO  Keywords:286 - Element found...payment.bankRouting
2024-07-03 15:07:28 INFO  Keywords:125 - InputText is called
2024-07-03 15:07:28 INFO  Keywords:283 - Waiting for webElement...payment.bankAccountNumber
2024-07-03 15:07:28 INFO  Keywords:286 - Element found...payment.bankAccountNumber
2024-07-03 15:07:28 INFO  Keywords:283 - Waiting for webElement...payment.AccountType
2024-07-03 15:07:28 INFO  Keywords:286 - Element found...payment.AccountType
2024-07-03 15:07:28 INFO  Keywords:136 - ClickOnLink is called
2024-07-03 15:07:28 INFO  Keywords:283 - Waiting for webElement...next
2024-07-03 15:07:28 INFO  Keywords:286 - Element found...next
2024-07-03 15:07:47 INFO  Keywords:283 - Waiting for webElement...existinginsurance.borrowingfunds
2024-07-03 15:07:47 INFO  Keywords:286 - Element found...existinginsurance.borrowingfunds
2024-07-03 15:07:47 INFO  Keywords:283 - Waiting for webElement...existinginsurance.terminatingexistinglifepolicyNo
2024-07-03 15:07:47 INFO  Keywords:286 - Element found...existinginsurance.terminatingexistinglifepolicyNo
2024-07-03 15:07:47 INFO  Keywords:283 - Waiting for webElement...existinginsurance.DisabilityPoliciesNo
2024-07-03 15:07:47 INFO  Keywords:286 - Element found...existinginsurance.DisabilityPoliciesNo
2024-07-03 15:07:48 INFO  Keywords:283 - Waiting for webElement...existinginsurance.longtermpolicyNo
2024-07-03 15:07:48 INFO  Keywords:286 - Element found...existinginsurance.longtermpolicyNo
2024-07-03 15:07:48 INFO  Keywords:283 - Waiting for webElement...existinglongterminsurance.NO
2024-07-03 15:07:48 INFO  Keywords:286 - Element found...existinglongterminsurance.NO
2024-07-03 15:07:48 INFO  Keywords:136 - ClickOnLink is called
2024-07-03 15:07:48 INFO  Keywords:283 - Waiting for webElement...next
2024-07-03 15:07:48 INFO  Keywords:286 - Element found...next
2024-07-03 15:08:07 INFO  Keywords:136 - ClickOnLink is called
2024-07-03 15:08:07 INFO  Keywords:283 - Waiting for webElement...next
2024-07-03 15:08:07 INFO  Keywords:286 - Element found...next
2024-07-03 15:08:26 INFO  Keywords:125 - InputText is called
2024-07-03 15:08:26 INFO  Keywords:283 - Waiting for webElement...additionalclientquestion.q1
2024-07-03 15:08:26 INFO  Keywords:286 - Element found...additionalclientquestion.q1
2024-07-03 15:08:26 INFO  Keywords:125 - InputText is called
2024-07-03 15:08:26 INFO  Keywords:283 - Waiting for webElement...additionalclientquestion.q2
2024-07-03 15:08:26 INFO  Keywords:286 - Element found...additionalclientquestion.q2
2024-07-03 15:08:26 INFO  Keywords:125 - InputText is called
2024-07-03 15:08:26 INFO  Keywords:283 - Waiting for webElement...additionalclientquestion.q3
2024-07-03 15:08:26 INFO  Keywords:286 - Element found...additionalclientquestion.q3
2024-07-03 15:08:26 INFO  Keywords:125 - InputText is called
2024-07-03 15:08:26 INFO  Keywords:283 - Waiting for webElement...additionalclientquestion.q4
2024-07-03 15:09:16 INFO  Keywords:125 - InputText is called
2024-07-03 15:09:16 INFO  Keywords:283 - Waiting for webElement...additionalclientquestion.q5
2024-07-03 15:10:07 INFO  Keywords:125 - InputText is called
2024-07-03 15:10:07 INFO  Keywords:283 - Waiting for webElement...additionalclientquestion.q9
2024-07-03 15:10:07 INFO  Keywords:286 - Element found...additionalclientquestion.q9
2024-07-03 15:10:07 INFO  Keywords:484 - GetText is called
2024-07-03 15:10:07 INFO  Keywords:283 - Waiting for webElement...ebixTxnID
2024-07-03 15:10:07 INFO  Keywords:286 - Element found...ebixTxnID
2024-07-03 15:10:07 INFO  Keywords:488 - LinkId: 532400
2024-07-03 15:10:07 INFO  Keywords:532 - LinkId: 532400
2024-07-03 15:10:07 INFO  Keywords:484 - GetText is called
2024-07-03 15:10:07 INFO  Keywords:283 - Waiting for webElement...ebixTxnID
2024-07-03 15:10:07 INFO  Keywords:286 - Element found...ebixTxnID
2024-07-03 15:10:07 INFO  Keywords:488 - LinkId: 532400
2024-07-03 15:10:07 INFO  Keywords:136 - ClickOnLink is called
2024-07-03 15:10:07 INFO  Keywords:283 - Waiting for webElement...attachment
2024-07-03 15:10:07 INFO  Keywords:286 - Element found...attachment
2024-07-03 15:10:08 INFO  Keywords:283 - Waiting for webElement...attachment.documenttype
2024-07-03 15:10:08 INFO  Keywords:286 - Element found...attachment.documenttype
2024-07-03 15:10:08 INFO  Keywords:125 - InputText is called
2024-07-03 15:10:08 INFO  Keywords:283 - Waiting for webElement...attachment.choosefile
2024-07-03 15:10:09 INFO  Keywords:286 - Element found...attachment.choosefile
2024-07-03 15:10:09 INFO  Keywords:136 - ClickOnLink is called
2024-07-03 15:10:09 INFO  Keywords:283 - Waiting for webElement...attachment.upload
2024-07-03 15:10:09 INFO  Keywords:286 - Element found...attachment.upload
2024-07-03 15:11:40 INFO  Keywords:411 - switching to particular window...
2024-07-03 15:11:40 INFO  Keywords:484 - GetText is called
2024-07-03 15:11:40 INFO  Keywords:283 - Waiting for webElement...ebixTxnID
2024-07-03 15:11:40 INFO  Keywords:286 - Element found...ebixTxnID
2024-07-03 15:11:40 INFO  Keywords:488 - LinkId: 532400
2024-07-03 15:11:40 INFO  Keywords:532 - LinkId: 532400
2024-07-03 15:11:40 INFO  Keywords:484 - GetText is called
2024-07-03 15:11:40 INFO  Keywords:283 - Waiting for webElement...ebixTxnID
2024-07-03 15:11:40 INFO  Keywords:286 - Element found...ebixTxnID
2024-07-03 15:11:40 INFO  Keywords:488 - LinkId: 532400
2024-07-03 15:11:40 INFO  Keywords:136 - ClickOnLink is called
2024-07-03 15:11:40 INFO  Keywords:283 - Waiting for webElement...next
2024-07-03 15:11:40 INFO  Keywords:286 - Element found...next
2024-07-03 15:11:58 INFO  Keywords:136 - ClickOnLink is called
2024-07-03 15:11:58 INFO  Keywords:283 - Waiting for webElement...validate.button
2024-07-03 15:12:40 INFO  Keywords:136 - ClickOnLink is called
2024-07-03 15:12:40 INFO  Keywords:283 - Waiting for webElement...notification.continue
2024-07-03 15:13:06 INFO  Keywords:136 - ClickOnLink is called
2024-07-03 15:13:06 INFO  Keywords:283 - Waiting for webElement...esignature.optout
2024-07-03 15:14:46 INFO  Keywords:148 - VerifyText is called
2024-07-03 15:14:46 INFO  Keywords:283 - Waiting for webElement...WebElement
2024-07-03 15:14:46 INFO  Keywords:136 - ClickOnLink is called
2024-07-03 15:14:46 INFO  Keywords:283 - Waiting for webElement...attachment
2024-07-03 15:14:46 INFO  Keywords:286 - Element found...attachment
2024-07-03 15:14:47 INFO  Keywords:283 - Waiting for webElement...attachment.documenttype
2024-07-03 15:14:47 INFO  Keywords:286 - Element found...attachment.documenttype
2024-07-03 15:14:47 INFO  Keywords:125 - InputText is called
2024-07-03 15:14:47 INFO  Keywords:283 - Waiting for webElement...attachment.choosefile
2024-07-03 15:14:47 INFO  Keywords:286 - Element found...attachment.choosefile
2024-07-03 15:14:47 INFO  Keywords:136 - ClickOnLink is called
2024-07-03 15:14:47 INFO  Keywords:283 - Waiting for webElement...attachment.upload
2024-07-03 15:14:47 INFO  Keywords:286 - Element found...attachment.upload
2024-07-03 15:15:06 INFO  Keywords:136 - ClickOnLink is called
2024-07-03 15:15:06 INFO  Keywords:283 - Waiting for webElement...RequestSignatures
2024-07-03 15:15:32 INFO  Keywords:283 - Waiting for webElement...attachment.documenttype
2024-07-03 15:15:32 INFO  Keywords:286 - Element found...attachment.documenttype
2024-07-03 15:15:32 INFO  Keywords:125 - InputText is called
2024-07-03 15:15:32 INFO  Keywords:283 - Waiting for webElement...attachment.choosefile
2024-07-03 15:15:32 INFO  Keywords:286 - Element found...attachment.choosefile
2024-07-03 15:15:32 INFO  Keywords:136 - ClickOnLink is called
2024-07-03 15:15:32 INFO  Keywords:283 - Waiting for webElement...attachment.upload
2024-07-03 15:15:32 INFO  Keywords:286 - Element found...attachment.upload
2024-07-03 15:15:50 INFO  Keywords:136 - ClickOnLink is called
2024-07-03 15:15:50 INFO  Keywords:283 - Waiting for webElement...SubmitButton
2024-07-03 15:17:30 INFO  Keywords:430 - switching to parent window...
2024-07-03 15:17:30 INFO  Keywords:99 - Navigate is called
2024-07-03 15:17:31 INFO  Keywords:498 - ClearText is called
2024-07-03 15:17:31 INFO  Keywords:283 - Waiting for webElement...gateway.username
2024-07-03 15:17:31 INFO  Keywords:286 - Element found...gateway.username
2024-07-03 15:17:31 INFO  Keywords:502 - LinkId: 532400
2024-07-03 15:17:31 INFO  Keywords:125 - InputText is called
2024-07-03 15:17:31 INFO  Keywords:283 - Waiting for webElement...gateway.username
2024-07-03 15:17:31 INFO  Keywords:286 - Element found...gateway.username
2024-07-03 15:17:31 INFO  Keywords:498 - ClearText is called
2024-07-03 15:17:31 INFO  Keywords:283 - Waiting for webElement...gateway.password
2024-07-03 15:17:31 INFO  Keywords:286 - Element found...gateway.password
2024-07-03 15:17:31 INFO  Keywords:502 - LinkId: 532400
2024-07-03 15:17:31 INFO  Keywords:125 - InputText is called
2024-07-03 15:17:31 INFO  Keywords:283 - Waiting for webElement...gateway.password
2024-07-03 15:17:31 INFO  Keywords:286 - Element found...gateway.password
2024-07-03 15:17:31 INFO  Keywords:136 - ClickOnLink is called
2024-07-03 15:17:31 INFO  Keywords:283 - Waiting for webElement...gateway.login
2024-07-03 15:17:31 INFO  Keywords:286 - Element found...gateway.login
2024-07-03 15:17:48 INFO  Keywords:136 - ClickOnLink is called
2024-07-03 15:17:48 INFO  Keywords:283 - Waiting for webElement...management
2024-07-03 15:17:48 INFO  Keywords:286 - Element found...management
2024-07-03 15:17:48 INFO  Keywords:283 - Waiting for webElement...managementTools
2024-07-03 15:17:48 INFO  Keywords:286 - Element found...managementTools
2024-07-03 15:17:49 INFO  Keywords:136 - ClickOnLink is called
2024-07-03 15:17:49 INFO  Keywords:283 - Waiting for webElement...feedManagement
2024-07-03 15:17:49 INFO  Keywords:286 - Element found...feedManagement
2024-07-03 15:18:06 INFO  Keywords:136 - ClickOnLink is called
2024-07-03 15:18:06 INFO  Keywords:283 - Waiting for webElement...searchPanel
2024-07-03 15:18:06 INFO  Keywords:286 - Element found...searchPanel
2024-07-03 15:18:06 INFO  Keywords:283 - Waiting for webElement...selectTransactionID
2024-07-03 15:18:06 INFO  Keywords:286 - Element found...selectTransactionID
2024-07-03 15:18:06 INFO  Keywords:125 - InputText is called
2024-07-03 15:18:06 INFO  Keywords:283 - Waiting for webElement...enterTransactioID
2024-07-03 15:18:06 INFO  Keywords:286 - Element found...enterTransactioID
2024-07-03 15:18:06 INFO  Keywords:136 - ClickOnLink is called
2024-07-03 15:18:06 INFO  Keywords:283 - Waiting for webElement...searchbutton
2024-07-03 15:18:06 INFO  Keywords:286 - Element found...searchbutton
2024-07-03 15:18:22 INFO  Keywords:136 - ClickOnLink is called
2024-07-03 15:18:22 INFO  Keywords:283 - Waiting for webElement...transactionSearchmyResult
2024-07-03 15:18:22 INFO  Keywords:286 - Element found...transactionSearchmyResult
2024-07-03 15:18:39 INFO  Keywords:136 - ClickOnLink is called
2024-07-03 15:18:39 INFO  Keywords:283 - Waiting for webElement...onenotThree
2024-07-03 15:18:39 INFO  Keywords:286 - Element found...onenotThree
2024-07-03 15:18:55 INFO  Keywords:283 - Waiting for webElement...103ResponseXML
2024-07-03 15:18:55 INFO  Keywords:286 - Element found...103ResponseXML
2024-07-03 15:19:27 INFO  Keywords:430 - switching to parent window...
2024-07-03 15:19:27 INFO  Keywords:99 - Navigate is called
2024-07-03 15:19:27 INFO  Keywords:498 - ClearText is called
2024-07-03 15:19:27 INFO  Keywords:283 - Waiting for webElement...gateway.username
2024-07-03 15:19:28 INFO  Keywords:286 - Element found...gateway.username
2024-07-03 15:19:28 INFO  Keywords:502 - <soap:Envelope xmlns:soap="http://schemas.xmlsoap.org/soap/envelope/" xmlns:xsd="http://www.w3.org/2001/XMLSchema" xmlns:acord="http://ACORD.org/Standards/Life/2" xmlns:finetre="www.finetre.com/webservices" xmlns:user="http://www.annuitynet.com/namespace" xmlns:xsi="http://www.w3.org/2001/XMLSchema-instance"><soap:Header><Header xmlns="www.finetre.com/webservices"><SessionId/><TransactionType>TransactionXML</TransactionType><ServiceVersion>1</ServiceVersion><RequestorId/><RequestorKey xsi:nil="true"/><ResponderId>SO</ResponderId><ResponderKey xsi:nil="true"/><RequestGUID>CB9A7BF6-ED10-49FF-AC69-F77F5C9B772C</RequestGUID><RequestSentDateTime/><RequestReceivedDateTime>2024-7-3T9:33:20</RequestReceivedDateTime><ResponseSentDateTime>2024-7-3T9:33:20</ResponseSentDateTime><ResponseReceivedDateTime>0001-01-01T00:00:00.0000000-05:00</ResponseReceivedDateTime><Extensions xsi:nil="true"/></Header></soap:Header><soap:Body><UploadResponse xmlns="www.finetre.com/webservices"><Data><Status>Success</Status><Errors xsi:nil="false"/><Extensions xsi:nil="true"/></Data></UploadResponse></soap:Body></soap:Envelope>
2024-07-03 15:19:28 INFO  Keywords:125 - InputText is called
2024-07-03 15:19:28 INFO  Keywords:283 - Waiting for webElement...gateway.username
2024-07-03 15:19:28 INFO  Keywords:286 - Element found...gateway.username
2024-07-03 15:19:28 INFO  Keywords:498 - ClearText is called
2024-07-03 15:19:28 INFO  Keywords:283 - Waiting for webElement...gateway.password
2024-07-03 15:19:28 INFO  Keywords:286 - Element found...gateway.password
2024-07-03 15:19:28 INFO  Keywords:502 - <soap:Envelope xmlns:soap="http://schemas.xmlsoap.org/soap/envelope/" xmlns:xsd="http://www.w3.org/2001/XMLSchema" xmlns:acord="http://ACORD.org/Standards/Life/2" xmlns:finetre="www.finetre.com/webservices" xmlns:user="http://www.annuitynet.com/namespace" xmlns:xsi="http://www.w3.org/2001/XMLSchema-instance"><soap:Header><Header xmlns="www.finetre.com/webservices"><SessionId/><TransactionType>TransactionXML</TransactionType><ServiceVersion>1</ServiceVersion><RequestorId/><RequestorKey xsi:nil="true"/><ResponderId>SO</ResponderId><ResponderKey xsi:nil="true"/><RequestGUID>CB9A7BF6-ED10-49FF-AC69-F77F5C9B772C</RequestGUID><RequestSentDateTime/><RequestReceivedDateTime>2024-7-3T9:33:20</RequestReceivedDateTime><ResponseSentDateTime>2024-7-3T9:33:20</ResponseSentDateTime><ResponseReceivedDateTime>0001-01-01T00:00:00.0000000-05:00</ResponseReceivedDateTime><Extensions xsi:nil="true"/></Header></soap:Header><soap:Body><UploadResponse xmlns="www.finetre.com/webservices"><Data><Status>Success</Status><Errors xsi:nil="false"/><Extensions xsi:nil="true"/></Data></UploadResponse></soap:Body></soap:Envelope>
2024-07-03 15:19:28 INFO  Keywords:125 - InputText is called
2024-07-03 15:19:28 INFO  Keywords:283 - Waiting for webElement...gateway.password
2024-07-03 15:19:28 INFO  Keywords:286 - Element found...gateway.password
2024-07-03 15:19:28 INFO  Keywords:136 - ClickOnLink is called
2024-07-03 15:19:28 INFO  Keywords:283 - Waiting for webElement...gateway.login
2024-07-03 15:19:28 INFO  Keywords:286 - Element found...gateway.login
2024-07-03 15:19:45 INFO  Keywords:136 - ClickOnLink is called
2024-07-03 15:19:45 INFO  Keywords:283 - Waiting for webElement...management
2024-07-03 15:19:45 INFO  Keywords:286 - Element found...management
2024-07-03 15:19:45 INFO  Keywords:283 - Waiting for webElement...managementTools
2024-07-03 15:19:45 INFO  Keywords:286 - Element found...managementTools
2024-07-03 15:19:46 INFO  Keywords:136 - ClickOnLink is called
2024-07-03 15:19:46 INFO  Keywords:283 - Waiting for webElement...feedManagement
2024-07-03 15:19:46 INFO  Keywords:286 - Element found...feedManagement
2024-07-03 15:20:02 INFO  Keywords:136 - ClickOnLink is called
2024-07-03 15:20:02 INFO  Keywords:283 - Waiting for webElement...searchPanel
2024-07-03 15:20:02 INFO  Keywords:286 - Element found...searchPanel
2024-07-03 15:20:03 INFO  Keywords:283 - Waiting for webElement...selectTransactionID
2024-07-03 15:20:03 INFO  Keywords:286 - Element found...selectTransactionID
2024-07-03 15:20:03 INFO  Keywords:125 - InputText is called
2024-07-03 15:20:03 INFO  Keywords:283 - Waiting for webElement...enterTransactioID
2024-07-03 15:20:03 INFO  Keywords:286 - Element found...enterTransactioID
2024-07-03 15:20:03 INFO  Keywords:136 - ClickOnLink is called
2024-07-03 15:20:03 INFO  Keywords:283 - Waiting for webElement...searchbutton
2024-07-03 15:20:03 INFO  Keywords:286 - Element found...searchbutton
2024-07-03 15:20:19 INFO  Keywords:136 - ClickOnLink is called
2024-07-03 15:20:19 INFO  Keywords:283 - Waiting for webElement...transactionSearchmyResult
2024-07-03 15:20:19 INFO  Keywords:286 - Element found...transactionSearchmyResult
2024-07-03 15:20:35 INFO  Keywords:136 - ClickOnLink is called
2024-07-03 15:20:35 INFO  Keywords:283 - Waiting for webElement...RTSMButton
2024-07-03 15:20:35 INFO  Keywords:286 - Element found...RTSMButton
2024-07-03 15:20:52 INFO  Keywords:283 - Waiting for webElement...RTSMResponseXML
2024-07-03 15:22:20 INFO  Keywords:99 - Navigate is called
2024-07-03 15:22:23 INFO  Keywords:125 - InputText is called
2024-07-03 15:22:23 INFO  Keywords:283 - Waiting for webElement...gateway.username
2024-07-03 15:22:23 INFO  Keywords:286 - Element found...gateway.username
2024-07-03 15:22:23 INFO  Keywords:125 - InputText is called
2024-07-03 15:22:23 INFO  Keywords:283 - Waiting for webElement...gateway.password
2024-07-03 15:22:23 INFO  Keywords:286 - Element found...gateway.password
2024-07-03 15:22:23 INFO  Keywords:136 - ClickOnLink is called
2024-07-03 15:22:23 INFO  Keywords:283 - Waiting for webElement...gateway.login
2024-07-03 15:22:23 INFO  Keywords:286 - Element found...gateway.login
2024-07-03 15:22:59 INFO  Keywords:136 - ClickOnLink is called
2024-07-03 15:22:59 INFO  Keywords:283 - Waiting for webElement...postsamldata
2024-07-03 15:22:59 INFO  Keywords:286 - Element found...postsamldata
2024-07-03 15:23:16 INFO  Keywords:136 - ClickOnLink is called
2024-07-03 15:23:16 INFO  Keywords:283 - Waiting for webElement...next
2024-07-03 15:23:16 INFO  Keywords:286 - Element found...next
2024-07-03 15:23:35 INFO  Keywords:125 - InputText is called
2024-07-03 15:23:35 INFO  Keywords:283 - Waiting for webElement...policyConfiguration.insuranceamount
2024-07-03 15:23:35 INFO  Keywords:286 - Element found...policyConfiguration.insuranceamount
2024-07-03 15:23:36 INFO  Keywords:283 - Waiting for webElement...policyConfiguration.LTC
2024-07-03 15:23:36 INFO  Keywords:286 - Element found...policyConfiguration.LTC
2024-07-03 15:23:36 INFO  Keywords:283 - Waiting for webElement...policyConfiguration.Benefit
2024-07-03 15:24:26 INFO  Keywords:283 - Waiting for webElement...policyConfiguration.payors
2024-07-03 15:24:26 INFO  Keywords:286 - Element found...policyConfiguration.payors
2024-07-03 15:24:26 INFO  Keywords:283 - Waiting for webElement...policyConfiguration.purposeofpolicy
2024-07-03 15:24:26 INFO  Keywords:286 - Element found...policyConfiguration.purposeofpolicy
2024-07-03 15:24:27 INFO  Keywords:136 - ClickOnLink is called
2024-07-03 15:24:27 INFO  Keywords:283 - Waiting for webElement...next
2024-07-03 15:24:27 INFO  Keywords:286 - Element found...next
2024-07-03 15:26:02 INFO  Keywords:283 - Waiting for webElement...primaryinsured.birthcountry
2024-07-03 15:26:02 INFO  Keywords:286 - Element found...primaryinsured.birthcountry
2024-07-03 15:26:02 INFO  Keywords:283 - Waiting for webElement...primaryinsured.birthstate
2024-07-03 15:26:02 INFO  Keywords:286 - Element found...primaryinsured.birthstate
2024-07-03 15:26:03 INFO  Keywords:125 - InputText is called
2024-07-03 15:26:03 INFO  Keywords:283 - Waiting for webElement...primaryinsured.birthcity
2024-07-03 15:26:13 INFO  Keywords:136 - ClickOnLink is called
2024-07-03 15:26:13 INFO  Keywords:283 - Waiting for webElement...next
2024-07-03 15:26:13 INFO  Keywords:286 - Element found...next
2024-07-03 15:26:32 INFO  Keywords:136 - ClickOnLink is called
2024-07-03 15:26:32 INFO  Keywords:283 - Waiting for webElement...next
2024-07-03 15:26:32 INFO  Keywords:286 - Element found...next
2024-07-03 15:26:52 INFO  Keywords:283 - Waiting for webElement...naturalOwner.relationwithInsured
2024-07-03 15:26:52 INFO  Keywords:286 - Element found...naturalOwner.relationwithInsured
2024-07-03 15:26:52 INFO  Keywords:283 - Waiting for webElement...naturalOwner.relationwithJointInsured
2024-07-03 15:27:42 INFO  Keywords:283 - Waiting for webElement...naturalOwner.PermamentResidentCard
2024-07-03 15:27:42 INFO  Keywords:286 - Element found...naturalOwner.PermamentResidentCard
2024-07-03 15:27:42 INFO  Keywords:125 - InputText is called
2024-07-03 15:27:42 INFO  Keywords:283 - Waiting for webElement...naturalOwner.ResidentCardIssueDAte
2024-07-03 15:27:42 INFO  Keywords:286 - Element found...naturalOwner.ResidentCardIssueDAte
2024-07-03 15:27:43 INFO  Keywords:125 - InputText is called
2024-07-03 15:27:43 INFO  Keywords:283 - Waiting for webElement...naturalOwner.ResidentCardExpireationDAte
2024-07-03 15:27:43 INFO  Keywords:286 - Element found...naturalOwner.ResidentCardExpireationDAte
2024-07-03 15:27:43 INFO  Keywords:125 - InputText is called
2024-07-03 15:27:43 INFO  Keywords:283 - Waiting for webElement...naturalOwner.USLivingYrs
2024-07-03 15:27:43 INFO  Keywords:286 - Element found...naturalOwner.USLivingYrs
2024-07-03 15:27:43 INFO  Keywords:125 - InputText is called
2024-07-03 15:27:43 INFO  Keywords:283 - Waiting for webElement...naturalOwner.USLivingMonths
2024-07-03 15:27:43 INFO  Keywords:286 - Element found...naturalOwner.USLivingMonths
2024-07-03 15:27:43 INFO  Keywords:136 - ClickOnLink is called
2024-07-03 15:27:43 INFO  Keywords:283 - Waiting for webElement...next
2024-07-03 15:27:43 INFO  Keywords:286 - Element found...next
2024-07-03 15:28:02 INFO  Keywords:283 - Waiting for webElement...financialDetails.SourceOfFundsLI
2024-07-03 15:28:02 INFO  Keywords:286 - Element found...financialDetails.SourceOfFundsLI
2024-07-03 15:28:02 INFO  Keywords:283 - Waiting for webElement...financialDetails.SurrenderChargeSOFLI
2024-07-03 15:28:02 INFO  Keywords:286 - Element found...financialDetails.SurrenderChargeSOFLI
2024-07-03 15:28:02 INFO  Keywords:283 - Waiting for webElement...financialDetails.envisiontaking
2024-07-03 15:28:02 INFO  Keywords:286 - Element found...financialDetails.envisiontaking
2024-07-03 15:28:02 INFO  Keywords:283 - Waiting for webElement...financialDetails.federalfaxbracket
2024-07-03 15:28:02 INFO  Keywords:286 - Element found...financialDetails.federalfaxbracket
2024-07-03 15:28:03 INFO  Keywords:283 - Waiting for webElement...financialDetails.riskTolerance
2024-07-03 15:28:03 INFO  Keywords:286 - Element found...financialDetails.riskTolerance
2024-07-03 15:28:03 INFO  Keywords:283 - Waiting for webElement...financialDetails.Investmentobjectives
2024-07-03 15:28:03 INFO  Keywords:286 - Element found...financialDetails.Investmentobjectives
2024-07-03 15:28:03 INFO  Keywords:283 - Waiting for webElement...financialDetails.timehorizon
2024-07-03 15:28:03 INFO  Keywords:286 - Element found...financialDetails.timehorizon
2024-07-03 15:28:03 INFO  Keywords:283 - Waiting for webElement...financialDetails.investmentexperienceFA
2024-07-03 15:28:03 INFO  Keywords:286 - Element found...financialDetails.investmentexperienceFA
2024-07-03 15:28:04 INFO  Keywords:125 - InputText is called
2024-07-03 15:28:04 INFO  Keywords:283 - Waiting for webElement...financialDetails.investmentstartyear
2024-07-03 15:28:04 INFO  Keywords:286 - Element found...financialDetails.investmentstartyear
2024-07-03 15:28:04 INFO  Keywords:125 - InputText is called
2024-07-03 15:28:04 INFO  Keywords:283 - Waiting for webElement...financialdetails.wages
2024-07-03 15:28:04 INFO  Keywords:286 - Element found...financialdetails.wages
2024-07-03 15:28:04 INFO  Keywords:125 - InputText is called
2024-07-03 15:28:04 INFO  Keywords:283 - Waiting for webElement...financialdetails.livingexpenses
2024-07-03 15:28:04 INFO  Keywords:286 - Element found...financialdetails.livingexpenses
2024-07-03 15:28:04 INFO  Keywords:125 - InputText is called
2024-07-03 15:28:04 INFO  Keywords:283 - Waiting for webElement...financialdetails.personalinvestment
2024-07-03 15:28:04 INFO  Keywords:286 - Element found...financialdetails.personalinvestment
2024-07-03 15:28:04 INFO  Keywords:125 - InputText is called
2024-07-03 15:28:04 INFO  Keywords:283 - Waiting for webElement...financialdetails.fixeddebtexpenses
2024-07-03 15:28:04 INFO  Keywords:286 - Element found...financialdetails.fixeddebtexpenses
2024-07-03 15:28:04 INFO  Keywords:125 - InputText is called
2024-07-03 15:28:04 INFO  Keywords:283 - Waiting for webElement...financialdetails.rentalincome
2024-07-03 15:28:04 INFO  Keywords:286 - Element found...financialdetails.rentalincome
2024-07-03 15:28:04 INFO  Keywords:125 - InputText is called
2024-07-03 15:28:04 INFO  Keywords:283 - Waiting for webElement...financialdetails.variabledebtexpenses
2024-07-03 15:28:04 INFO  Keywords:286 - Element found...financialdetails.variabledebtexpenses
2024-07-03 15:28:04 INFO  Keywords:125 - InputText is called
2024-07-03 15:28:04 INFO  Keywords:283 - Waiting for webElement...financialdetails.incomepension
2024-07-03 15:28:04 INFO  Keywords:286 - Element found...financialdetails.incomepension
2024-07-03 15:28:04 INFO  Keywords:125 - InputText is called
2024-07-03 15:28:04 INFO  Keywords:283 - Waiting for webElement...financialdetails.discretionaryexpenses
2024-07-03 15:28:04 INFO  Keywords:286 - Element found...financialdetails.discretionaryexpenses
2024-07-03 15:28:04 INFO  Keywords:125 - InputText is called
2024-07-03 15:28:04 INFO  Keywords:283 - Waiting for webElement...financialdetails.socialsecurityincome
2024-07-03 15:28:04 INFO  Keywords:286 - Element found...financialdetails.socialsecurityincome
2024-07-03 15:28:04 INFO  Keywords:125 - InputText is called
2024-07-03 15:28:04 INFO  Keywords:283 - Waiting for webElement...financialdetails.otherincome
2024-07-03 15:28:04 INFO  Keywords:286 - Element found...financialdetails.otherincome
2024-07-03 15:28:04 INFO  Keywords:125 - InputText is called
2024-07-03 15:28:04 INFO  Keywords:283 - Waiting for webElement...financialdetails.bonds
2024-07-03 15:28:04 INFO  Keywords:286 - Element found...financialdetails.bonds
2024-07-03 15:28:04 INFO  Keywords:125 - InputText is called
2024-07-03 15:28:04 INFO  Keywords:283 - Waiting for webElement...financialdetails.businessTrustRealstate
2024-07-03 15:28:04 INFO  Keywords:286 - Element found...financialdetails.businessTrustRealstate
2024-07-03 15:28:04 INFO  Keywords:125 - InputText is called
2024-07-03 15:28:04 INFO  Keywords:283 - Waiting for webElement...financialdetails.retirementplan
2024-07-03 15:28:04 INFO  Keywords:286 - Element found...financialdetails.retirementplan
2024-07-03 15:28:04 INFO  Keywords:125 - InputText is called
2024-07-03 15:28:04 INFO  Keywords:283 - Waiting for webElement...financialdetails.equities
2024-07-03 15:28:04 INFO  Keywords:286 - Element found...financialdetails.equities
2024-07-03 15:28:04 INFO  Keywords:125 - InputText is called
2024-07-03 15:28:04 INFO  Keywords:283 - Waiting for webElement...financialdetails.facevalueilfeinsurance
2024-07-03 15:28:04 INFO  Keywords:286 - Element found...financialdetails.facevalueilfeinsurance
2024-07-03 15:28:04 INFO  Keywords:125 - InputText is called
2024-07-03 15:28:04 INFO  Keywords:283 - Waiting for webElement...financialdetails.fixedannuity
2024-07-03 15:28:04 INFO  Keywords:286 - Element found...financialdetails.fixedannuity
2024-07-03 15:28:04 INFO  Keywords:125 - InputText is called
2024-07-03 15:28:04 INFO  Keywords:283 - Waiting for webElement...financialdetails.indexannuity
2024-07-03 15:28:04 INFO  Keywords:286 - Element found...financialdetails.indexannuity
2024-07-03 15:28:04 INFO  Keywords:125 - InputText is called
2024-07-03 15:28:04 INFO  Keywords:283 - Waiting for webElement...financialdetails.liquidnetworth
2024-07-03 15:28:04 INFO  Keywords:286 - Element found...financialdetails.liquidnetworth
2024-07-03 15:28:04 INFO  Keywords:125 - InputText is called
2024-07-03 15:28:04 INFO  Keywords:283 - Waiting for webElement...financialdetails.mutualfund
2024-07-03 15:28:04 INFO  Keywords:286 - Element found...financialdetails.mutualfund
2024-07-03 15:28:04 INFO  Keywords:125 - InputText is called
2024-07-03 15:28:04 INFO  Keywords:283 - Waiting for webElement...financialdetails.otherbrokerage
2024-07-03 15:28:04 INFO  Keywords:286 - Element found...financialdetails.otherbrokerage
2024-07-03 15:28:04 INFO  Keywords:125 - InputText is called
2024-07-03 15:28:04 INFO  Keywords:283 - Waiting for webElement...financialdetails.policypremium
2024-07-03 15:28:04 INFO  Keywords:286 - Element found...financialdetails.policypremium
2024-07-03 15:28:04 INFO  Keywords:125 - InputText is called
2024-07-03 15:28:04 INFO  Keywords:283 - Waiting for webElement...financialdetails.variableannuity
2024-07-03 15:28:04 INFO  Keywords:286 - Element found...financialdetails.variableannuity
2024-07-03 15:28:04 INFO  Keywords:125 - InputText is called
2024-07-03 15:28:04 INFO  Keywords:283 - Waiting for webElement...financialdetails.totalpremium
2024-07-03 15:28:04 INFO  Keywords:286 - Element found...financialdetails.totalpremium
2024-07-03 15:28:04 INFO  Keywords:283 - Waiting for webElement...financialdetails.anticipatedchanges
2024-07-03 15:28:04 INFO  Keywords:286 - Element found...financialdetails.anticipatedchanges
2024-07-03 15:28:04 INFO  Keywords:283 - Waiting for webElement...financialdetails.nonguaranteedelementYes
2024-07-03 15:28:05 INFO  Keywords:286 - Element found...financialdetails.nonguaranteedelementYes
2024-07-03 15:28:05 INFO  Keywords:283 - Waiting for webElement...financialdetails.reversemortgage
2024-07-03 15:28:05 INFO  Keywords:286 - Element found...financialdetails.reversemortgage
2024-07-03 15:28:05 INFO  Keywords:136 - ClickOnLink is called
2024-07-03 15:28:05 INFO  Keywords:283 - Waiting for webElement...next
2024-07-03 15:28:05 INFO  Keywords:286 - Element found...next
2024-07-03 15:28:24 INFO  Keywords:283 - Waiting for webElement...payment.modal
2024-07-03 15:28:24 INFO  Keywords:286 - Element found...payment.modal
2024-07-03 15:28:40 INFO  Keywords:283 - Waiting for webElement...payment.method
2024-07-03 15:28:40 INFO  Keywords:286 - Element found...payment.method
2024-07-03 15:28:40 INFO  Keywords:125 - InputText is called
2024-07-03 15:28:40 INFO  Keywords:283 - Waiting for webElement...payment.premium
2024-07-03 15:28:40 INFO  Keywords:286 - Element found...payment.premium
2024-07-03 15:28:40 INFO  Keywords:125 - InputText is called
2024-07-03 15:28:40 INFO  Keywords:283 - Waiting for webElement...payment.bankRouting
2024-07-03 15:28:40 INFO  Keywords:286 - Element found...payment.bankRouting
2024-07-03 15:28:40 INFO  Keywords:125 - InputText is called
2024-07-03 15:28:40 INFO  Keywords:283 - Waiting for webElement...payment.bankAccountNumber
2024-07-03 15:28:40 INFO  Keywords:286 - Element found...payment.bankAccountNumber
2024-07-03 15:28:40 INFO  Keywords:283 - Waiting for webElement...payment.AccountType
2024-07-03 15:28:40 INFO  Keywords:286 - Element found...payment.AccountType
2024-07-03 15:28:41 INFO  Keywords:136 - ClickOnLink is called
2024-07-03 15:28:41 INFO  Keywords:283 - Waiting for webElement...next
2024-07-03 15:28:41 INFO  Keywords:286 - Element found...next
2024-07-03 15:29:00 INFO  Keywords:283 - Waiting for webElement...existinginsurance.borrowingfunds
2024-07-03 15:29:00 INFO  Keywords:286 - Element found...existinginsurance.borrowingfunds
2024-07-03 15:29:00 INFO  Keywords:283 - Waiting for webElement...existinginsurance.terminatingexistinglifepolicyNo
2024-07-03 15:29:00 INFO  Keywords:286 - Element found...existinginsurance.terminatingexistinglifepolicyNo
2024-07-03 15:29:00 INFO  Keywords:283 - Waiting for webElement...existinginsurance.DisabilityPoliciesNo
2024-07-03 15:29:00 INFO  Keywords:286 - Element found...existinginsurance.DisabilityPoliciesNo
2024-07-03 15:29:00 INFO  Keywords:283 - Waiting for webElement...existinginsurance.longtermpolicyNo
2024-07-03 15:29:00 INFO  Keywords:286 - Element found...existinginsurance.longtermpolicyNo
2024-07-03 15:29:01 INFO  Keywords:283 - Waiting for webElement...existinglongterminsurance.NO
2024-07-03 15:29:01 INFO  Keywords:286 - Element found...existinglongterminsurance.NO
2024-07-03 15:29:01 INFO  Keywords:136 - ClickOnLink is called
2024-07-03 15:29:01 INFO  Keywords:283 - Waiting for webElement...next
2024-07-03 15:29:01 INFO  Keywords:286 - Element found...next
2024-07-03 15:29:19 INFO  Keywords:136 - ClickOnLink is called
2024-07-03 15:29:19 INFO  Keywords:283 - Waiting for webElement...next
2024-07-03 15:29:19 INFO  Keywords:286 - Element found...next
2024-07-03 15:29:38 INFO  Keywords:125 - InputText is called
2024-07-03 15:29:38 INFO  Keywords:283 - Waiting for webElement...additionalclientquestion.q1
2024-07-03 15:29:38 INFO  Keywords:286 - Element found...additionalclientquestion.q1
2024-07-03 15:29:38 INFO  Keywords:125 - InputText is called
2024-07-03 15:29:38 INFO  Keywords:283 - Waiting for webElement...additionalclientquestion.q2
2024-07-03 15:29:38 INFO  Keywords:286 - Element found...additionalclientquestion.q2
2024-07-03 15:29:38 INFO  Keywords:125 - InputText is called
2024-07-03 15:29:38 INFO  Keywords:283 - Waiting for webElement...additionalclientquestion.q3
2024-07-03 15:29:38 INFO  Keywords:286 - Element found...additionalclientquestion.q3
2024-07-03 15:29:38 INFO  Keywords:125 - InputText is called
2024-07-03 15:29:38 INFO  Keywords:283 - Waiting for webElement...additionalclientquestion.q4
2024-07-03 15:30:29 INFO  Keywords:125 - InputText is called
2024-07-03 15:30:29 INFO  Keywords:283 - Waiting for webElement...additionalclientquestion.q5
2024-07-03 15:31:19 INFO  Keywords:125 - InputText is called
2024-07-03 15:31:19 INFO  Keywords:283 - Waiting for webElement...additionalclientquestion.q9
2024-07-03 15:31:19 INFO  Keywords:286 - Element found...additionalclientquestion.q9
2024-07-03 15:31:19 INFO  Keywords:484 - GetText is called
2024-07-03 15:31:19 INFO  Keywords:283 - Waiting for webElement...ebixTxnID
2024-07-03 15:31:19 INFO  Keywords:286 - Element found...ebixTxnID
2024-07-03 15:31:19 INFO  Keywords:488 - LinkId: 532404
2024-07-03 15:31:19 INFO  Keywords:532 - LinkId: 532404
2024-07-03 15:31:19 INFO  Keywords:484 - GetText is called
2024-07-03 15:31:19 INFO  Keywords:283 - Waiting for webElement...ebixTxnID
2024-07-03 15:31:19 INFO  Keywords:286 - Element found...ebixTxnID
2024-07-03 15:31:19 INFO  Keywords:488 - LinkId: 532404
2024-07-03 15:31:19 INFO  Keywords:136 - ClickOnLink is called
2024-07-03 15:31:19 INFO  Keywords:283 - Waiting for webElement...attachment
2024-07-03 15:31:19 INFO  Keywords:286 - Element found...attachment
2024-07-03 15:31:20 INFO  Keywords:283 - Waiting for webElement...attachment.documenttype
2024-07-03 15:31:20 INFO  Keywords:286 - Element found...attachment.documenttype
2024-07-03 15:31:21 INFO  Keywords:125 - InputText is called
2024-07-03 15:31:21 INFO  Keywords:283 - Waiting for webElement...attachment.choosefile
2024-07-03 15:31:21 INFO  Keywords:286 - Element found...attachment.choosefile
2024-07-03 15:31:21 INFO  Keywords:136 - ClickOnLink is called
2024-07-03 15:31:21 INFO  Keywords:283 - Waiting for webElement...attachment.upload
2024-07-03 15:31:21 INFO  Keywords:286 - Element found...attachment.upload
2024-07-03 15:32:52 INFO  Keywords:411 - switching to particular window...
2024-07-03 15:32:52 INFO  Keywords:484 - GetText is called
2024-07-03 15:32:52 INFO  Keywords:283 - Waiting for webElement...ebixTxnID
2024-07-03 15:32:52 INFO  Keywords:286 - Element found...ebixTxnID
2024-07-03 15:32:52 INFO  Keywords:488 - LinkId: 532404
2024-07-03 15:32:52 INFO  Keywords:532 - LinkId: 532404
2024-07-03 15:32:52 INFO  Keywords:484 - GetText is called
2024-07-03 15:32:52 INFO  Keywords:283 - Waiting for webElement...ebixTxnID
2024-07-03 15:32:52 INFO  Keywords:286 - Element found...ebixTxnID
2024-07-03 15:32:52 INFO  Keywords:488 - LinkId: 532404
2024-07-03 15:32:52 INFO  Keywords:136 - ClickOnLink is called
2024-07-03 15:32:52 INFO  Keywords:283 - Waiting for webElement...next
2024-07-03 15:32:52 INFO  Keywords:286 - Element found...next
2024-07-03 15:33:11 INFO  Keywords:136 - ClickOnLink is called
2024-07-03 15:33:11 INFO  Keywords:283 - Waiting for webElement...validate.button
2024-07-03 15:33:53 INFO  Keywords:136 - ClickOnLink is called
2024-07-03 15:33:53 INFO  Keywords:283 - Waiting for webElement...notification.continue
2024-07-03 15:34:19 INFO  Keywords:136 - ClickOnLink is called
2024-07-03 15:34:19 INFO  Keywords:283 - Waiting for webElement...esignature.optout
2024-07-03 15:35:59 INFO  Keywords:148 - VerifyText is called
2024-07-03 15:35:59 INFO  Keywords:283 - Waiting for webElement...WebElement
2024-07-03 15:35:59 INFO  Keywords:136 - ClickOnLink is called
2024-07-03 15:35:59 INFO  Keywords:283 - Waiting for webElement...attachment
2024-07-03 15:35:59 INFO  Keywords:286 - Element found...attachment
2024-07-03 15:35:59 INFO  Keywords:283 - Waiting for webElement...attachment.documenttype
2024-07-03 15:35:59 INFO  Keywords:286 - Element found...attachment.documenttype
2024-07-03 15:36:00 INFO  Keywords:125 - InputText is called
2024-07-03 15:36:00 INFO  Keywords:283 - Waiting for webElement...attachment.choosefile
2024-07-03 15:36:00 INFO  Keywords:286 - Element found...attachment.choosefile
2024-07-03 15:36:00 INFO  Keywords:136 - ClickOnLink is called
2024-07-03 15:36:00 INFO  Keywords:283 - Waiting for webElement...attachment.upload
2024-07-03 15:36:00 INFO  Keywords:286 - Element found...attachment.upload
2024-07-03 15:36:21 INFO  Keywords:136 - ClickOnLink is called
2024-07-03 15:36:21 INFO  Keywords:283 - Waiting for webElement...RequestSignatures
2024-07-03 15:36:47 INFO  Keywords:283 - Waiting for webElement...attachment.documenttype
2024-07-03 15:36:47 INFO  Keywords:286 - Element found...attachment.documenttype
2024-07-03 15:36:47 INFO  Keywords:125 - InputText is called
2024-07-03 15:36:47 INFO  Keywords:283 - Waiting for webElement...attachment.choosefile
2024-07-03 15:36:47 INFO  Keywords:286 - Element found...attachment.choosefile
2024-07-03 15:36:47 INFO  Keywords:136 - ClickOnLink is called
2024-07-03 15:36:47 INFO  Keywords:283 - Waiting for webElement...attachment.upload
2024-07-03 15:36:47 INFO  Keywords:286 - Element found...attachment.upload
2024-07-03 15:37:05 INFO  Keywords:136 - ClickOnLink is called
2024-07-03 15:37:05 INFO  Keywords:283 - Waiting for webElement...SubmitButton
2024-07-03 15:38:45 INFO  Keywords:430 - switching to parent window...
2024-07-03 15:38:45 INFO  Keywords:99 - Navigate is called
2024-07-03 15:38:46 INFO  Keywords:498 - ClearText is called
2024-07-03 15:38:46 INFO  Keywords:283 - Waiting for webElement...gateway.username
2024-07-03 15:38:46 INFO  Keywords:286 - Element found...gateway.username
2024-07-03 15:38:46 INFO  Keywords:502 - LinkId: 532404
2024-07-03 15:38:46 INFO  Keywords:125 - InputText is called
2024-07-03 15:38:46 INFO  Keywords:283 - Waiting for webElement...gateway.username
2024-07-03 15:38:46 INFO  Keywords:286 - Element found...gateway.username
2024-07-03 15:38:46 INFO  Keywords:498 - ClearText is called
2024-07-03 15:38:46 INFO  Keywords:283 - Waiting for webElement...gateway.password
2024-07-03 15:38:46 INFO  Keywords:286 - Element found...gateway.password
2024-07-03 15:38:46 INFO  Keywords:502 - LinkId: 532404
2024-07-03 15:38:46 INFO  Keywords:125 - InputText is called
2024-07-03 15:38:46 INFO  Keywords:283 - Waiting for webElement...gateway.password
2024-07-03 15:38:46 INFO  Keywords:286 - Element found...gateway.password
2024-07-03 15:38:46 INFO  Keywords:136 - ClickOnLink is called
2024-07-03 15:38:46 INFO  Keywords:283 - Waiting for webElement...gateway.login
2024-07-03 15:38:46 INFO  Keywords:286 - Element found...gateway.login
2024-07-03 15:39:04 INFO  Keywords:136 - ClickOnLink is called
2024-07-03 15:39:04 INFO  Keywords:283 - Waiting for webElement...management
2024-07-03 15:39:04 INFO  Keywords:286 - Element found...management
2024-07-03 15:39:04 INFO  Keywords:283 - Waiting for webElement...managementTools
2024-07-03 15:39:04 INFO  Keywords:286 - Element found...managementTools
2024-07-03 15:39:05 INFO  Keywords:136 - ClickOnLink is called
2024-07-03 15:39:05 INFO  Keywords:283 - Waiting for webElement...feedManagement
2024-07-03 15:39:05 INFO  Keywords:286 - Element found...feedManagement
2024-07-03 15:39:21 INFO  Keywords:136 - ClickOnLink is called
2024-07-03 15:39:21 INFO  Keywords:283 - Waiting for webElement...searchPanel
2024-07-03 15:39:21 INFO  Keywords:286 - Element found...searchPanel
2024-07-03 15:39:22 INFO  Keywords:283 - Waiting for webElement...selectTransactionID
2024-07-03 15:39:22 INFO  Keywords:286 - Element found...selectTransactionID
2024-07-03 15:39:22 INFO  Keywords:125 - InputText is called
2024-07-03 15:39:22 INFO  Keywords:283 - Waiting for webElement...enterTransactioID
2024-07-03 15:39:22 INFO  Keywords:286 - Element found...enterTransactioID
2024-07-03 15:39:22 INFO  Keywords:136 - ClickOnLink is called
2024-07-03 15:39:22 INFO  Keywords:283 - Waiting for webElement...searchbutton
2024-07-03 15:39:22 INFO  Keywords:286 - Element found...searchbutton
2024-07-03 15:39:38 INFO  Keywords:136 - ClickOnLink is called
2024-07-03 15:39:38 INFO  Keywords:283 - Waiting for webElement...transactionSearchmyResult
2024-07-03 15:39:38 INFO  Keywords:286 - Element found...transactionSearchmyResult
2024-07-03 15:39:54 INFO  Keywords:136 - ClickOnLink is called
2024-07-03 15:39:54 INFO  Keywords:283 - Waiting for webElement...onenotThree
2024-07-03 15:39:54 INFO  Keywords:286 - Element found...onenotThree
2024-07-03 15:40:11 INFO  Keywords:283 - Waiting for webElement...103ResponseXML
2024-07-03 15:40:11 INFO  Keywords:286 - Element found...103ResponseXML
2024-07-03 15:40:43 INFO  Keywords:430 - switching to parent window...
2024-07-03 15:40:43 INFO  Keywords:99 - Navigate is called
2024-07-03 15:40:43 INFO  Keywords:498 - ClearText is called
2024-07-03 15:40:43 INFO  Keywords:283 - Waiting for webElement...gateway.username
2024-07-03 15:40:43 INFO  Keywords:286 - Element found...gateway.username
2024-07-03 15:40:43 INFO  Keywords:502 - <soap:Envelope xmlns:soap="http://schemas.xmlsoap.org/soap/envelope/" xmlns:xsd="http://www.w3.org/2001/XMLSchema" xmlns:acord="http://ACORD.org/Standards/Life/2" xmlns:finetre="www.finetre.com/webservices" xmlns:user="http://www.annuitynet.com/namespace" xmlns:xsi="http://www.w3.org/2001/XMLSchema-instance"><soap:Header><Header xmlns="www.finetre.com/webservices"><SessionId/><TransactionType>TransactionXML</TransactionType><ServiceVersion>1</ServiceVersion><RequestorId/><RequestorKey xsi:nil="true"/><ResponderId>SO</ResponderId><ResponderKey xsi:nil="true"/><RequestGUID>CB9A7BF6-ED10-49FF-AC69-F77F5C9B772C</RequestGUID><RequestSentDateTime/><RequestReceivedDateTime>2024-7-3T9:54:37</RequestReceivedDateTime><ResponseSentDateTime>2024-7-3T9:54:37</ResponseSentDateTime><ResponseReceivedDateTime>0001-01-01T00:00:00.0000000-05:00</ResponseReceivedDateTime><Extensions xsi:nil="true"/></Header></soap:Header><soap:Body><UploadResponse xmlns="www.finetre.com/webservices"><Data><Status>Success</Status><Errors xsi:nil="false"/><Extensions xsi:nil="true"/></Data></UploadResponse></soap:Body></soap:Envelope>
2024-07-03 15:40:43 INFO  Keywords:125 - InputText is called
2024-07-03 15:40:43 INFO  Keywords:283 - Waiting for webElement...gateway.username
2024-07-03 15:40:43 INFO  Keywords:286 - Element found...gateway.username
2024-07-03 15:40:43 INFO  Keywords:498 - ClearText is called
2024-07-03 15:40:43 INFO  Keywords:283 - Waiting for webElement...gateway.password
2024-07-03 15:40:43 INFO  Keywords:286 - Element found...gateway.password
2024-07-03 15:40:43 INFO  Keywords:502 - <soap:Envelope xmlns:soap="http://schemas.xmlsoap.org/soap/envelope/" xmlns:xsd="http://www.w3.org/2001/XMLSchema" xmlns:acord="http://ACORD.org/Standards/Life/2" xmlns:finetre="www.finetre.com/webservices" xmlns:user="http://www.annuitynet.com/namespace" xmlns:xsi="http://www.w3.org/2001/XMLSchema-instance"><soap:Header><Header xmlns="www.finetre.com/webservices"><SessionId/><TransactionType>TransactionXML</TransactionType><ServiceVersion>1</ServiceVersion><RequestorId/><RequestorKey xsi:nil="true"/><ResponderId>SO</ResponderId><ResponderKey xsi:nil="true"/><RequestGUID>CB9A7BF6-ED10-49FF-AC69-F77F5C9B772C</RequestGUID><RequestSentDateTime/><RequestReceivedDateTime>2024-7-3T9:54:37</RequestReceivedDateTime><ResponseSentDateTime>2024-7-3T9:54:37</ResponseSentDateTime><ResponseReceivedDateTime>0001-01-01T00:00:00.0000000-05:00</ResponseReceivedDateTime><Extensions xsi:nil="true"/></Header></soap:Header><soap:Body><UploadResponse xmlns="www.finetre.com/webservices"><Data><Status>Success</Status><Errors xsi:nil="false"/><Extensions xsi:nil="true"/></Data></UploadResponse></soap:Body></soap:Envelope>
2024-07-03 15:40:43 INFO  Keywords:125 - InputText is called
2024-07-03 15:40:43 INFO  Keywords:283 - Waiting for webElement...gateway.password
2024-07-03 15:40:43 INFO  Keywords:286 - Element found...gateway.password
2024-07-03 15:40:43 INFO  Keywords:136 - ClickOnLink is called
2024-07-03 15:40:43 INFO  Keywords:283 - Waiting for webElement...gateway.login
2024-07-03 15:40:43 INFO  Keywords:286 - Element found...gateway.login
2024-07-03 15:41:00 INFO  Keywords:136 - ClickOnLink is called
2024-07-03 15:41:00 INFO  Keywords:283 - Waiting for webElement...management
2024-07-03 15:41:01 INFO  Keywords:286 - Element found...management
2024-07-03 15:41:01 INFO  Keywords:283 - Waiting for webElement...managementTools
2024-07-03 15:41:01 INFO  Keywords:286 - Element found...managementTools
2024-07-03 15:41:02 INFO  Keywords:136 - ClickOnLink is called
2024-07-03 15:41:02 INFO  Keywords:283 - Waiting for webElement...feedManagement
2024-07-03 15:41:02 INFO  Keywords:286 - Element found...feedManagement
2024-07-03 15:41:18 INFO  Keywords:136 - ClickOnLink is called
2024-07-03 15:41:18 INFO  Keywords:283 - Waiting for webElement...searchPanel
2024-07-03 15:41:18 INFO  Keywords:286 - Element found...searchPanel
2024-07-03 15:41:18 INFO  Keywords:283 - Waiting for webElement...selectTransactionID
2024-07-03 15:41:18 INFO  Keywords:286 - Element found...selectTransactionID
2024-07-03 15:41:19 INFO  Keywords:125 - InputText is called
2024-07-03 15:41:19 INFO  Keywords:283 - Waiting for webElement...enterTransactioID
2024-07-03 15:41:19 INFO  Keywords:286 - Element found...enterTransactioID
2024-07-03 15:41:19 INFO  Keywords:136 - ClickOnLink is called
2024-07-03 15:41:19 INFO  Keywords:283 - Waiting for webElement...searchbutton
2024-07-03 15:41:19 INFO  Keywords:286 - Element found...searchbutton
2024-07-03 15:41:35 INFO  Keywords:136 - ClickOnLink is called
2024-07-03 15:41:35 INFO  Keywords:283 - Waiting for webElement...transactionSearchmyResult
2024-07-03 15:41:35 INFO  Keywords:286 - Element found...transactionSearchmyResult
2024-07-03 15:41:51 INFO  Keywords:136 - ClickOnLink is called
2024-07-03 15:41:51 INFO  Keywords:283 - Waiting for webElement...RTSMButton
2024-07-03 15:41:51 INFO  Keywords:286 - Element found...RTSMButton
2024-07-03 15:42:07 INFO  Keywords:283 - Waiting for webElement...RTSMResponseXML
2024-07-03 15:43:35 INFO  Keywords:99 - Navigate is called
2024-07-03 15:43:39 INFO  Keywords:125 - InputText is called
2024-07-03 15:43:39 INFO  Keywords:283 - Waiting for webElement...gateway.username
2024-07-03 15:43:39 INFO  Keywords:286 - Element found...gateway.username
2024-07-03 15:43:39 INFO  Keywords:125 - InputText is called
2024-07-03 15:43:39 INFO  Keywords:283 - Waiting for webElement...gateway.password
2024-07-03 15:43:39 INFO  Keywords:286 - Element found...gateway.password
2024-07-03 15:43:39 INFO  Keywords:136 - ClickOnLink is called
2024-07-03 15:43:39 INFO  Keywords:283 - Waiting for webElement...gateway.login
2024-07-03 15:43:39 INFO  Keywords:286 - Element found...gateway.login
2024-07-03 15:44:15 INFO  Keywords:136 - ClickOnLink is called
2024-07-03 15:44:15 INFO  Keywords:283 - Waiting for webElement...postsamldata
2024-07-03 15:44:15 INFO  Keywords:286 - Element found...postsamldata
2024-07-03 15:44:31 INFO  Keywords:136 - ClickOnLink is called
2024-07-03 15:44:31 INFO  Keywords:283 - Waiting for webElement...next
2024-07-03 15:44:31 INFO  Keywords:286 - Element found...next
2024-07-03 15:44:50 INFO  Keywords:125 - InputText is called
2024-07-03 15:44:50 INFO  Keywords:283 - Waiting for webElement...policyConfiguration.insuranceamount
2024-07-03 15:44:50 INFO  Keywords:286 - Element found...policyConfiguration.insuranceamount
2024-07-03 15:44:50 INFO  Keywords:283 - Waiting for webElement...policyConfiguration.LTC
2024-07-03 15:44:50 INFO  Keywords:286 - Element found...policyConfiguration.LTC
2024-07-03 15:44:51 INFO  Keywords:283 - Waiting for webElement...policyConfiguration.Benefit
2024-07-03 15:45:41 INFO  Keywords:283 - Waiting for webElement...policyConfiguration.payors
2024-07-03 15:45:41 INFO  Keywords:286 - Element found...policyConfiguration.payors
2024-07-03 15:45:41 INFO  Keywords:283 - Waiting for webElement...policyConfiguration.purposeofpolicy
2024-07-03 15:45:41 INFO  Keywords:286 - Element found...policyConfiguration.purposeofpolicy
2024-07-03 15:45:42 INFO  Keywords:136 - ClickOnLink is called
2024-07-03 15:45:42 INFO  Keywords:283 - Waiting for webElement...next
2024-07-03 15:45:42 INFO  Keywords:286 - Element found...next
2024-07-03 15:47:17 INFO  Keywords:283 - Waiting for webElement...primaryinsured.birthcountry
2024-07-03 15:47:17 INFO  Keywords:286 - Element found...primaryinsured.birthcountry
2024-07-03 15:47:17 INFO  Keywords:283 - Waiting for webElement...primaryinsured.birthstate
2024-07-03 15:47:17 INFO  Keywords:286 - Element found...primaryinsured.birthstate
2024-07-03 15:47:17 INFO  Keywords:125 - InputText is called
2024-07-03 15:47:17 INFO  Keywords:283 - Waiting for webElement...primaryinsured.birthcity
2024-07-03 15:47:27 INFO  Keywords:136 - ClickOnLink is called
2024-07-03 15:47:27 INFO  Keywords:283 - Waiting for webElement...next
2024-07-03 15:47:27 INFO  Keywords:286 - Element found...next
2024-07-03 15:47:47 INFO  Keywords:136 - ClickOnLink is called
2024-07-03 15:47:47 INFO  Keywords:283 - Waiting for webElement...next
2024-07-03 15:47:47 INFO  Keywords:286 - Element found...next
2024-07-03 15:48:07 INFO  Keywords:283 - Waiting for webElement...naturalOwner.relationwithInsured
2024-07-03 15:48:07 INFO  Keywords:286 - Element found...naturalOwner.relationwithInsured
2024-07-03 15:48:07 INFO  Keywords:283 - Waiting for webElement...naturalOwner.relationwithJointInsured
2024-07-03 15:48:58 INFO  Keywords:283 - Waiting for webElement...naturalOwner.PermamentResidentCard
2024-07-03 15:48:58 INFO  Keywords:286 - Element found...naturalOwner.PermamentResidentCard
2024-07-03 15:48:58 INFO  Keywords:125 - InputText is called
2024-07-03 15:48:58 INFO  Keywords:283 - Waiting for webElement...naturalOwner.ResidentCardIssueDAte
2024-07-03 15:48:58 INFO  Keywords:286 - Element found...naturalOwner.ResidentCardIssueDAte
2024-07-03 15:48:58 INFO  Keywords:125 - InputText is called
2024-07-03 15:48:58 INFO  Keywords:283 - Waiting for webElement...naturalOwner.ResidentCardExpireationDAte
2024-07-03 15:48:58 INFO  Keywords:286 - Element found...naturalOwner.ResidentCardExpireationDAte
2024-07-03 15:48:58 INFO  Keywords:125 - InputText is called
2024-07-03 15:48:58 INFO  Keywords:283 - Waiting for webElement...naturalOwner.USLivingYrs
2024-07-03 15:48:58 INFO  Keywords:286 - Element found...naturalOwner.USLivingYrs
2024-07-03 15:48:58 INFO  Keywords:125 - InputText is called
2024-07-03 15:48:58 INFO  Keywords:283 - Waiting for webElement...naturalOwner.USLivingMonths
2024-07-03 15:48:58 INFO  Keywords:286 - Element found...naturalOwner.USLivingMonths
2024-07-03 15:48:58 INFO  Keywords:136 - ClickOnLink is called
2024-07-03 15:48:58 INFO  Keywords:283 - Waiting for webElement...next
2024-07-03 15:48:58 INFO  Keywords:286 - Element found...next
2024-07-03 15:49:17 INFO  Keywords:283 - Waiting for webElement...financialDetails.SourceOfFundsLI
2024-07-03 15:49:17 INFO  Keywords:286 - Element found...financialDetails.SourceOfFundsLI
2024-07-03 15:49:17 INFO  Keywords:283 - Waiting for webElement...financialDetails.SurrenderChargeSOFLI
2024-07-03 15:49:18 INFO  Keywords:286 - Element found...financialDetails.SurrenderChargeSOFLI
2024-07-03 15:49:18 INFO  Keywords:283 - Waiting for webElement...financialDetails.envisiontaking
2024-07-03 15:49:18 INFO  Keywords:286 - Element found...financialDetails.envisiontaking
2024-07-03 15:49:18 INFO  Keywords:283 - Waiting for webElement...financialDetails.federalfaxbracket
2024-07-03 15:49:18 INFO  Keywords:286 - Element found...financialDetails.federalfaxbracket
2024-07-03 15:49:18 INFO  Keywords:283 - Waiting for webElement...financialDetails.riskTolerance
2024-07-03 15:49:18 INFO  Keywords:286 - Element found...financialDetails.riskTolerance
2024-07-03 15:49:18 INFO  Keywords:283 - Waiting for webElement...financialDetails.Investmentobjectives
2024-07-03 15:49:18 INFO  Keywords:286 - Element found...financialDetails.Investmentobjectives
2024-07-03 15:49:19 INFO  Keywords:283 - Waiting for webElement...financialDetails.timehorizon
2024-07-03 15:49:19 INFO  Keywords:286 - Element found...financialDetails.timehorizon
2024-07-03 15:49:19 INFO  Keywords:283 - Waiting for webElement...financialDetails.investmentexperienceFA
2024-07-03 15:49:19 INFO  Keywords:286 - Element found...financialDetails.investmentexperienceFA
2024-07-03 15:49:19 INFO  Keywords:125 - InputText is called
2024-07-03 15:49:19 INFO  Keywords:283 - Waiting for webElement...financialDetails.investmentstartyear
2024-07-03 15:49:19 INFO  Keywords:286 - Element found...financialDetails.investmentstartyear
2024-07-03 15:49:19 INFO  Keywords:125 - InputText is called
2024-07-03 15:49:19 INFO  Keywords:283 - Waiting for webElement...financialdetails.wages
2024-07-03 15:49:19 INFO  Keywords:286 - Element found...financialdetails.wages
2024-07-03 15:49:19 INFO  Keywords:125 - InputText is called
2024-07-03 15:49:19 INFO  Keywords:283 - Waiting for webElement...financialdetails.livingexpenses
2024-07-03 15:49:19 INFO  Keywords:286 - Element found...financialdetails.livingexpenses
2024-07-03 15:49:19 INFO  Keywords:125 - InputText is called
2024-07-03 15:49:19 INFO  Keywords:283 - Waiting for webElement...financialdetails.personalinvestment
2024-07-03 15:49:19 INFO  Keywords:286 - Element found...financialdetails.personalinvestment
2024-07-03 15:49:19 INFO  Keywords:125 - InputText is called
2024-07-03 15:49:19 INFO  Keywords:283 - Waiting for webElement...financialdetails.fixeddebtexpenses
2024-07-03 15:49:19 INFO  Keywords:286 - Element found...financialdetails.fixeddebtexpenses
2024-07-03 15:49:19 INFO  Keywords:125 - InputText is called
2024-07-03 15:49:19 INFO  Keywords:283 - Waiting for webElement...financialdetails.rentalincome
2024-07-03 15:49:19 INFO  Keywords:286 - Element found...financialdetails.rentalincome
2024-07-03 15:49:19 INFO  Keywords:125 - InputText is called
2024-07-03 15:49:19 INFO  Keywords:283 - Waiting for webElement...financialdetails.variabledebtexpenses
2024-07-03 15:49:19 INFO  Keywords:286 - Element found...financialdetails.variabledebtexpenses
2024-07-03 15:49:19 INFO  Keywords:125 - InputText is called
2024-07-03 15:49:19 INFO  Keywords:283 - Waiting for webElement...financialdetails.incomepension
2024-07-03 15:49:19 INFO  Keywords:286 - Element found...financialdetails.incomepension
2024-07-03 15:49:19 INFO  Keywords:125 - InputText is called
2024-07-03 15:49:19 INFO  Keywords:283 - Waiting for webElement...financialdetails.discretionaryexpenses
2024-07-03 15:49:19 INFO  Keywords:286 - Element found...financialdetails.discretionaryexpenses
2024-07-03 15:49:19 INFO  Keywords:125 - InputText is called
2024-07-03 15:49:19 INFO  Keywords:283 - Waiting for webElement...financialdetails.socialsecurityincome
2024-07-03 15:49:19 INFO  Keywords:286 - Element found...financialdetails.socialsecurityincome
2024-07-03 15:49:19 INFO  Keywords:125 - InputText is called
2024-07-03 15:49:19 INFO  Keywords:283 - Waiting for webElement...financialdetails.otherincome
2024-07-03 15:49:20 INFO  Keywords:286 - Element found...financialdetails.otherincome
2024-07-03 15:49:20 INFO  Keywords:125 - InputText is called
2024-07-03 15:49:20 INFO  Keywords:283 - Waiting for webElement...financialdetails.bonds
2024-07-03 15:49:20 INFO  Keywords:286 - Element found...financialdetails.bonds
2024-07-03 15:49:20 INFO  Keywords:125 - InputText is called
2024-07-03 15:49:20 INFO  Keywords:283 - Waiting for webElement...financialdetails.businessTrustRealstate
2024-07-03 15:49:20 INFO  Keywords:286 - Element found...financialdetails.businessTrustRealstate
2024-07-03 15:49:20 INFO  Keywords:125 - InputText is called
2024-07-03 15:49:20 INFO  Keywords:283 - Waiting for webElement...financialdetails.retirementplan
2024-07-03 15:49:20 INFO  Keywords:286 - Element found...financialdetails.retirementplan
2024-07-03 15:49:20 INFO  Keywords:125 - InputText is called
2024-07-03 15:49:20 INFO  Keywords:283 - Waiting for webElement...financialdetails.equities
2024-07-03 15:49:20 INFO  Keywords:286 - Element found...financialdetails.equities
2024-07-03 15:49:20 INFO  Keywords:125 - InputText is called
2024-07-03 15:49:20 INFO  Keywords:283 - Waiting for webElement...financialdetails.facevalueilfeinsurance
2024-07-03 15:49:20 INFO  Keywords:286 - Element found...financialdetails.facevalueilfeinsurance
2024-07-03 15:49:20 INFO  Keywords:125 - InputText is called
2024-07-03 15:49:20 INFO  Keywords:283 - Waiting for webElement...financialdetails.fixedannuity
2024-07-03 15:49:20 INFO  Keywords:286 - Element found...financialdetails.fixedannuity
2024-07-03 15:49:20 INFO  Keywords:125 - InputText is called
2024-07-03 15:49:20 INFO  Keywords:283 - Waiting for webElement...financialdetails.indexannuity
2024-07-03 15:49:20 INFO  Keywords:286 - Element found...financialdetails.indexannuity
2024-07-03 15:49:20 INFO  Keywords:125 - InputText is called
2024-07-03 15:49:20 INFO  Keywords:283 - Waiting for webElement...financialdetails.liquidnetworth
2024-07-03 15:49:20 INFO  Keywords:286 - Element found...financialdetails.liquidnetworth
2024-07-03 15:49:20 INFO  Keywords:125 - InputText is called
2024-07-03 15:49:20 INFO  Keywords:283 - Waiting for webElement...financialdetails.mutualfund
2024-07-03 15:49:20 INFO  Keywords:286 - Element found...financialdetails.mutualfund
2024-07-03 15:49:20 INFO  Keywords:125 - InputText is called
2024-07-03 15:49:20 INFO  Keywords:283 - Waiting for webElement...financialdetails.otherbrokerage
2024-07-03 15:49:20 INFO  Keywords:286 - Element found...financialdetails.otherbrokerage
2024-07-03 15:49:20 INFO  Keywords:125 - InputText is called
2024-07-03 15:49:20 INFO  Keywords:283 - Waiting for webElement...financialdetails.policypremium
2024-07-03 15:49:20 INFO  Keywords:286 - Element found...financialdetails.policypremium
2024-07-03 15:49:20 INFO  Keywords:125 - InputText is called
2024-07-03 15:49:20 INFO  Keywords:283 - Waiting for webElement...financialdetails.variableannuity
2024-07-03 15:49:20 INFO  Keywords:286 - Element found...financialdetails.variableannuity
2024-07-03 15:49:20 INFO  Keywords:125 - InputText is called
2024-07-03 15:49:20 INFO  Keywords:283 - Waiting for webElement...financialdetails.totalpremium
2024-07-03 15:49:20 INFO  Keywords:286 - Element found...financialdetails.totalpremium
2024-07-03 15:49:20 INFO  Keywords:283 - Waiting for webElement...financialdetails.anticipatedchanges
2024-07-03 15:49:20 INFO  Keywords:286 - Element found...financialdetails.anticipatedchanges
2024-07-03 15:49:20 INFO  Keywords:283 - Waiting for webElement...financialdetails.nonguaranteedelementYes
2024-07-03 15:49:20 INFO  Keywords:286 - Element found...financialdetails.nonguaranteedelementYes
2024-07-03 15:49:20 INFO  Keywords:283 - Waiting for webElement...financialdetails.reversemortgage
2024-07-03 15:49:20 INFO  Keywords:286 - Element found...financialdetails.reversemortgage
2024-07-03 15:49:21 INFO  Keywords:136 - ClickOnLink is called
2024-07-03 15:49:21 INFO  Keywords:283 - Waiting for webElement...next
2024-07-03 15:49:21 INFO  Keywords:286 - Element found...next
2024-07-03 15:49:40 INFO  Keywords:283 - Waiting for webElement...payment.modal
2024-07-03 15:49:40 INFO  Keywords:286 - Element found...payment.modal
2024-07-03 15:49:56 INFO  Keywords:283 - Waiting for webElement...payment.method
2024-07-03 15:49:56 INFO  Keywords:286 - Element found...payment.method
2024-07-03 15:49:56 INFO  Keywords:125 - InputText is called
2024-07-03 15:49:56 INFO  Keywords:283 - Waiting for webElement...payment.premium
2024-07-03 15:49:56 INFO  Keywords:286 - Element found...payment.premium
2024-07-03 15:49:56 INFO  Keywords:125 - InputText is called
2024-07-03 15:49:56 INFO  Keywords:283 - Waiting for webElement...payment.bankRouting
2024-07-03 15:49:56 INFO  Keywords:286 - Element found...payment.bankRouting
2024-07-03 15:49:56 INFO  Keywords:125 - InputText is called
2024-07-03 15:49:56 INFO  Keywords:283 - Waiting for webElement...payment.bankAccountNumber
2024-07-03 15:49:56 INFO  Keywords:286 - Element found...payment.bankAccountNumber
2024-07-03 15:49:56 INFO  Keywords:283 - Waiting for webElement...payment.AccountType
2024-07-03 15:49:56 INFO  Keywords:286 - Element found...payment.AccountType
2024-07-03 15:49:56 INFO  Keywords:136 - ClickOnLink is called
2024-07-03 15:49:56 INFO  Keywords:283 - Waiting for webElement...next
2024-07-03 15:49:56 INFO  Keywords:286 - Element found...next
2024-07-03 15:50:15 INFO  Keywords:283 - Waiting for webElement...existinginsurance.borrowingfunds
2024-07-03 15:50:16 INFO  Keywords:286 - Element found...existinginsurance.borrowingfunds
2024-07-03 15:50:16 INFO  Keywords:283 - Waiting for webElement...existinginsurance.terminatingexistinglifepolicyNo
2024-07-03 15:50:16 INFO  Keywords:286 - Element found...existinginsurance.terminatingexistinglifepolicyNo
2024-07-03 15:50:16 INFO  Keywords:283 - Waiting for webElement...existinginsurance.DisabilityPoliciesNo
2024-07-03 15:50:16 INFO  Keywords:286 - Element found...existinginsurance.DisabilityPoliciesNo
2024-07-03 15:50:16 INFO  Keywords:283 - Waiting for webElement...existinginsurance.longtermpolicyNo
2024-07-03 15:50:16 INFO  Keywords:286 - Element found...existinginsurance.longtermpolicyNo
2024-07-03 15:50:16 INFO  Keywords:283 - Waiting for webElement...existinglongterminsurance.NO
2024-07-03 15:50:16 INFO  Keywords:286 - Element found...existinglongterminsurance.NO
2024-07-03 15:50:17 INFO  Keywords:136 - ClickOnLink is called
2024-07-03 15:50:17 INFO  Keywords:283 - Waiting for webElement...next
2024-07-03 15:50:17 INFO  Keywords:286 - Element found...next
2024-07-03 15:50:35 INFO  Keywords:136 - ClickOnLink is called
2024-07-03 15:50:35 INFO  Keywords:283 - Waiting for webElement...next
2024-07-03 15:50:35 INFO  Keywords:286 - Element found...next
2024-07-03 15:50:54 INFO  Keywords:125 - InputText is called
2024-07-03 15:50:54 INFO  Keywords:283 - Waiting for webElement...additionalclientquestion.q1
2024-07-03 15:50:54 INFO  Keywords:286 - Element found...additionalclientquestion.q1
2024-07-03 15:50:54 INFO  Keywords:125 - InputText is called
2024-07-03 15:50:54 INFO  Keywords:283 - Waiting for webElement...additionalclientquestion.q2
2024-07-03 15:50:54 INFO  Keywords:286 - Element found...additionalclientquestion.q2
2024-07-03 15:50:54 INFO  Keywords:125 - InputText is called
2024-07-03 15:50:54 INFO  Keywords:283 - Waiting for webElement...additionalclientquestion.q3
2024-07-03 15:50:54 INFO  Keywords:286 - Element found...additionalclientquestion.q3
2024-07-03 15:50:54 INFO  Keywords:125 - InputText is called
2024-07-03 15:50:54 INFO  Keywords:283 - Waiting for webElement...additionalclientquestion.q4
2024-07-03 15:51:45 INFO  Keywords:125 - InputText is called
2024-07-03 15:51:45 INFO  Keywords:283 - Waiting for webElement...additionalclientquestion.q5
2024-07-03 15:52:35 INFO  Keywords:125 - InputText is called
2024-07-03 15:52:35 INFO  Keywords:283 - Waiting for webElement...additionalclientquestion.q9
2024-07-03 15:52:35 INFO  Keywords:286 - Element found...additionalclientquestion.q9
2024-07-03 15:52:35 INFO  Keywords:484 - GetText is called
2024-07-03 15:52:35 INFO  Keywords:283 - Waiting for webElement...ebixTxnID
2024-07-03 15:52:35 INFO  Keywords:286 - Element found...ebixTxnID
2024-07-03 15:52:35 INFO  Keywords:488 - LinkId: 532406
2024-07-03 15:52:35 INFO  Keywords:532 - LinkId: 532406
2024-07-03 15:52:35 INFO  Keywords:484 - GetText is called
2024-07-03 15:52:35 INFO  Keywords:283 - Waiting for webElement...ebixTxnID
2024-07-03 15:52:35 INFO  Keywords:286 - Element found...ebixTxnID
2024-07-03 15:52:35 INFO  Keywords:488 - LinkId: 532406
2024-07-03 15:52:35 INFO  Keywords:136 - ClickOnLink is called
2024-07-03 15:52:35 INFO  Keywords:283 - Waiting for webElement...attachment
2024-07-03 15:52:35 INFO  Keywords:286 - Element found...attachment
2024-07-03 15:52:36 INFO  Keywords:283 - Waiting for webElement...attachment.documenttype
2024-07-03 15:52:36 INFO  Keywords:286 - Element found...attachment.documenttype
2024-07-03 15:52:37 INFO  Keywords:125 - InputText is called
2024-07-03 15:52:37 INFO  Keywords:283 - Waiting for webElement...attachment.choosefile
2024-07-03 15:52:37 INFO  Keywords:286 - Element found...attachment.choosefile
2024-07-03 15:52:37 INFO  Keywords:136 - ClickOnLink is called
2024-07-03 15:52:37 INFO  Keywords:283 - Waiting for webElement...attachment.upload
2024-07-03 15:52:37 INFO  Keywords:286 - Element found...attachment.upload
2024-07-03 15:54:08 INFO  Keywords:411 - switching to particular window...
2024-07-03 15:54:08 INFO  Keywords:484 - GetText is called
2024-07-03 15:54:08 INFO  Keywords:283 - Waiting for webElement...ebixTxnID
2024-07-03 15:54:08 INFO  Keywords:286 - Element found...ebixTxnID
2024-07-03 15:54:08 INFO  Keywords:488 - LinkId: 532406
2024-07-03 15:54:08 INFO  Keywords:532 - LinkId: 532406
2024-07-03 15:54:08 INFO  Keywords:484 - GetText is called
2024-07-03 15:54:08 INFO  Keywords:283 - Waiting for webElement...ebixTxnID
2024-07-03 15:54:08 INFO  Keywords:286 - Element found...ebixTxnID
2024-07-03 15:54:08 INFO  Keywords:488 - LinkId: 532406
2024-07-03 15:54:08 INFO  Keywords:136 - ClickOnLink is called
2024-07-03 15:54:08 INFO  Keywords:283 - Waiting for webElement...next
2024-07-03 15:54:08 INFO  Keywords:286 - Element found...next
2024-07-03 15:54:26 INFO  Keywords:136 - ClickOnLink is called
2024-07-03 15:54:26 INFO  Keywords:283 - Waiting for webElement...validate.button
2024-07-03 15:55:08 INFO  Keywords:136 - ClickOnLink is called
2024-07-03 15:55:08 INFO  Keywords:283 - Waiting for webElement...notification.continue
2024-07-03 15:55:42 INFO  Keywords:136 - ClickOnLink is called
2024-07-03 15:55:42 INFO  Keywords:283 - Waiting for webElement...esignature.optout
2024-07-03 15:55:42 INFO  Keywords:286 - Element found...esignature.optout
2024-07-03 15:57:13 INFO  Keywords:148 - VerifyText is called
2024-07-03 15:57:13 INFO  Keywords:283 - Waiting for webElement...WebElement
2024-07-03 15:57:13 INFO  Keywords:136 - ClickOnLink is called
2024-07-03 15:57:13 INFO  Keywords:283 - Waiting for webElement...attachment
2024-07-03 15:57:13 INFO  Keywords:286 - Element found...attachment
2024-07-03 15:57:13 INFO  Keywords:283 - Waiting for webElement...attachment.documenttype
2024-07-03 15:57:13 INFO  Keywords:286 - Element found...attachment.documenttype
2024-07-03 15:57:13 INFO  Keywords:125 - InputText is called
2024-07-03 15:57:13 INFO  Keywords:283 - Waiting for webElement...attachment.choosefile
2024-07-03 15:57:13 INFO  Keywords:286 - Element found...attachment.choosefile
2024-07-03 15:57:13 INFO  Keywords:136 - ClickOnLink is called
2024-07-03 15:57:13 INFO  Keywords:283 - Waiting for webElement...attachment.upload
2024-07-03 15:57:13 INFO  Keywords:286 - Element found...attachment.upload
2024-07-03 15:57:31 INFO  Keywords:136 - ClickOnLink is called
2024-07-03 15:57:31 INFO  Keywords:283 - Waiting for webElement...RequestSignatures
2024-07-03 15:57:57 INFO  Keywords:283 - Waiting for webElement...attachment.documenttype
