2024-08-26 16:16:18 INFO  Keywords:104 - Navigate is called
2024-08-26 16:16:20 INFO  Keywords:130 - InputText is called
2024-08-26 16:16:20 INFO  Keywords:301 - Waiting for webElement...gateway.username
2024-08-26 16:16:20 INFO  Keywords:305 - Element found...gateway.username
2024-08-26 16:16:20 INFO  Keywords:130 - InputText is called
2024-08-26 16:16:20 INFO  Keywords:301 - Waiting for webElement...gateway.password
2024-08-26 16:16:20 INFO  Keywords:305 - Element found...gateway.password
2024-08-26 16:16:20 INFO  Keywords:141 - ClickOnLink is called
2024-08-26 16:16:20 INFO  Keywords:301 - Waiting for webElement...gateway.login
2024-08-26 16:16:20 INFO  Keywords:305 - Element found...gateway.login
2024-08-26 16:16:56 INFO  Keywords:141 - ClickOnLink is called
2024-08-26 16:16:56 INFO  Keywords:301 - Waiting for webElement...postsamldata
2024-08-26 16:16:56 INFO  Keywords:305 - Element found...postsamldata
2024-08-26 16:17:13 INFO  Keywords:141 - ClickOnLink is called
2024-08-26 16:17:13 INFO  Keywords:301 - Waiting for webElement...next
2024-08-26 16:17:39 INFO  Keywords:130 - InputText is called
2024-08-26 16:17:39 INFO  Keywords:301 - Waiting for webElement...policyConfiguration.insuranceamount
2024-08-26 16:17:49 INFO  Keywords:301 - Waiting for webElement...policyConfiguration.LTC
2024-08-26 16:17:59 INFO  Keywords:301 - Waiting for webElement...policyConfiguration.payors
2024-08-26 16:18:09 INFO  Keywords:301 - Waiting for webElement...policyConfiguration.purposeofpolicy
2024-08-26 16:18:19 INFO  Keywords:141 - ClickOnLink is called
2024-08-26 16:18:19 INFO  Keywords:301 - Waiting for webElement...next
2024-08-26 16:18:45 INFO  Keywords:301 - Waiting for webElement...primaryinsured.birthcountry
2024-08-26 16:18:55 INFO  Keywords:301 - Waiting for webElement...primaryinsured.birthstate
2024-08-26 16:19:05 INFO  Keywords:130 - InputText is called
2024-08-26 16:19:05 INFO  Keywords:301 - Waiting for webElement...primaryinsured.birthcity
2024-08-26 16:19:15 INFO  Keywords:301 - Waiting for webElement...primaryinsured.drivinglicense
2024-08-26 16:19:25 INFO  Keywords:130 - InputText is called
2024-08-26 16:19:25 INFO  Keywords:301 - Waiting for webElement...primaryinsured.dlnumber
2024-08-26 16:19:52 INFO  Keywords:301 - Waiting for webElement...primaryinsured.dlissuestateAL
2024-08-26 16:20:02 INFO  Keywords:141 - ClickOnLink is called
2024-08-26 16:20:02 INFO  Keywords:301 - Waiting for webElement...next
2024-08-26 16:20:12 INFO  Keywords:130 - InputText is called
2024-08-26 16:20:12 INFO  Keywords:301 - Waiting for webElement...TrustOther
2024-08-26 16:20:38 INFO  Keywords:301 - Waiting for webElement...TrustIrres
2024-08-26 16:20:54 INFO  Keywords:141 - ClickOnLink is called
2024-08-26 16:20:54 INFO  Keywords:301 - Waiting for webElement...next
2024-08-26 16:21:20 INFO  Keywords:301 - Waiting for webElement...Trust_Relationship
2024-08-26 16:21:30 INFO  Keywords:141 - ClickOnLink is called
2024-08-26 16:21:30 INFO  Keywords:301 - Waiting for webElement...next
2024-08-26 16:21:56 INFO  Keywords:141 - ClickOnLink is called
2024-08-26 16:21:56 INFO  Keywords:301 - Waiting for webElement...next
