2024-01-03 15:25:38 INFO  Keywords:94 - Navigate is called
2024-01-03 15:25:41 INFO  Keywords:122 - InputText is called
2024-01-03 15:25:41 INFO  Keywords:283 - Waiting for webElement...gateway.username
2024-01-03 15:25:42 INFO  Keywords:286 - Element found...gateway.username
2024-01-03 15:25:42 INFO  Keywords:122 - InputText is called
2024-01-03 15:25:42 INFO  Keywords:283 - Waiting for webElement...gateway.password
2024-01-03 15:25:42 INFO  Keywords:286 - Element found...gateway.password
2024-01-03 15:25:42 INFO  Keywords:135 - ClickOnLink is called
2024-01-03 15:25:42 INFO  Keywords:283 - Waiting for webElement...gateway.login
2024-01-03 15:25:42 INFO  Keywords:286 - Element found...gateway.login
2024-01-03 15:26:22 INFO  Keywords:135 - ClickOnLink is called
2024-01-03 15:26:22 INFO  Keywords:283 - Waiting for webElement...postsamldata
2024-01-03 15:26:22 INFO  Keywords:286 - Element found...postsamldata
2024-01-03 15:26:39 INFO  Keywords:135 - ClickOnLink is called
2024-01-03 15:26:39 INFO  Keywords:283 - Waiting for webElement...next
2024-01-03 15:26:39 INFO  Keywords:286 - Element found...next
2024-01-03 15:27:03 INFO  Keywords:122 - InputText is called
2024-01-03 15:27:03 INFO  Keywords:283 - Waiting for webElement...policyConfiguration.insuranceamount
2024-01-03 15:27:03 INFO  Keywords:286 - Element found...policyConfiguration.insuranceamount
2024-01-03 15:27:03 INFO  Keywords:283 - Waiting for webElement...policyConfiguration.LTC
2024-01-03 15:27:13 INFO  Keywords:283 - Waiting for webElement...policyConfiguration.payors
2024-01-03 15:27:13 INFO  Keywords:286 - Element found...policyConfiguration.payors
2024-01-03 15:27:13 INFO  Keywords:283 - Waiting for webElement...policyConfiguration.purposeofpolicy
2024-01-03 15:27:13 INFO  Keywords:286 - Element found...policyConfiguration.purposeofpolicy
2024-01-03 15:27:13 INFO  Keywords:135 - ClickOnLink is called
2024-01-03 15:27:13 INFO  Keywords:283 - Waiting for webElement...next
2024-01-03 15:27:13 INFO  Keywords:286 - Element found...next
2024-01-03 15:28:49 INFO  Keywords:283 - Waiting for webElement...primaryinsured.birthcountry
2024-01-03 15:28:49 INFO  Keywords:286 - Element found...primaryinsured.birthcountry
2024-01-03 15:28:49 INFO  Keywords:283 - Waiting for webElement...primaryinsured.birthstate
2024-01-03 15:28:49 INFO  Keywords:286 - Element found...primaryinsured.birthstate
2024-01-03 15:28:50 INFO  Keywords:122 - InputText is called
2024-01-03 15:28:50 INFO  Keywords:283 - Waiting for webElement...primaryinsured.birthcity
2024-01-03 15:28:50 INFO  Keywords:286 - Element found...primaryinsured.birthcity
2024-01-03 15:28:50 INFO  Keywords:135 - ClickOnLink is called
2024-01-03 15:28:50 INFO  Keywords:283 - Waiting for webElement...next
2024-01-03 15:28:50 INFO  Keywords:286 - Element found...next
2024-01-03 15:29:14 INFO  Keywords:135 - ClickOnLink is called
2024-01-03 15:29:14 INFO  Keywords:283 - Waiting for webElement...next
2024-01-03 15:29:15 INFO  Keywords:286 - Element found...next
2024-01-03 15:29:22 INFO  Keywords:283 - Waiting for webElement...naturalOwner.relationwithInsured
2024-01-03 15:29:22 INFO  Keywords:286 - Element found...naturalOwner.relationwithInsured
2024-01-03 15:29:22 INFO  Keywords:135 - ClickOnLink is called
2024-01-03 15:29:22 INFO  Keywords:283 - Waiting for webElement...next
2024-01-03 15:29:22 INFO  Keywords:286 - Element found...next
2024-01-03 15:29:38 INFO  Keywords:283 - Waiting for webElement...financialDetails.SourceOfFundsLI
2024-01-03 15:29:38 INFO  Keywords:286 - Element found...financialDetails.SourceOfFundsLI
2024-01-03 15:29:39 INFO  Keywords:283 - Waiting for webElement...financialDetails.SurrenderChargeSOFLI
2024-01-03 15:29:39 INFO  Keywords:286 - Element found...financialDetails.SurrenderChargeSOFLI
2024-01-03 15:29:39 INFO  Keywords:283 - Waiting for webElement...financialDetails.envisiontaking
2024-01-03 15:29:39 INFO  Keywords:286 - Element found...financialDetails.envisiontaking
2024-01-03 15:29:39 INFO  Keywords:283 - Waiting for webElement...financialDetails.federalfaxbracket
2024-01-03 15:29:39 INFO  Keywords:286 - Element found...financialDetails.federalfaxbracket
2024-01-03 15:29:40 INFO  Keywords:283 - Waiting for webElement...financialDetails.riskTolerance
2024-01-03 15:29:40 INFO  Keywords:286 - Element found...financialDetails.riskTolerance
2024-01-03 15:29:40 INFO  Keywords:283 - Waiting for webElement...financialDetails.Investmentobjectives
2024-01-03 15:29:40 INFO  Keywords:286 - Element found...financialDetails.Investmentobjectives
2024-01-03 15:29:40 INFO  Keywords:283 - Waiting for webElement...financialDetails.timehorizon
2024-01-03 15:29:40 INFO  Keywords:286 - Element found...financialDetails.timehorizon
2024-01-03 15:29:41 INFO  Keywords:283 - Waiting for webElement...financialDetails.investmentexperienceFA
2024-01-03 15:29:41 INFO  Keywords:286 - Element found...financialDetails.investmentexperienceFA
2024-01-03 15:29:41 INFO  Keywords:122 - InputText is called
2024-01-03 15:29:41 INFO  Keywords:283 - Waiting for webElement...financialDetails.investmentstartyear
2024-01-03 15:29:41 INFO  Keywords:286 - Element found...financialDetails.investmentstartyear
2024-01-03 15:29:41 INFO  Keywords:122 - InputText is called
2024-01-03 15:29:41 INFO  Keywords:283 - Waiting for webElement...financialdetails.wages
2024-01-03 15:29:41 INFO  Keywords:286 - Element found...financialdetails.wages
2024-01-03 15:29:41 INFO  Keywords:122 - InputText is called
2024-01-03 15:29:41 INFO  Keywords:283 - Waiting for webElement...financialdetails.livingexpenses
2024-01-03 15:29:41 INFO  Keywords:286 - Element found...financialdetails.livingexpenses
2024-01-03 15:29:41 INFO  Keywords:122 - InputText is called
2024-01-03 15:29:41 INFO  Keywords:283 - Waiting for webElement...financialdetails.personalinvestment
2024-01-03 15:29:41 INFO  Keywords:286 - Element found...financialdetails.personalinvestment
2024-01-03 15:29:41 INFO  Keywords:122 - InputText is called
2024-01-03 15:29:41 INFO  Keywords:283 - Waiting for webElement...financialdetails.fixeddebtexpenses
2024-01-03 15:29:41 INFO  Keywords:286 - Element found...financialdetails.fixeddebtexpenses
2024-01-03 15:29:41 INFO  Keywords:122 - InputText is called
2024-01-03 15:29:41 INFO  Keywords:283 - Waiting for webElement...financialdetails.rentalincome
2024-01-03 15:29:41 INFO  Keywords:286 - Element found...financialdetails.rentalincome
2024-01-03 15:29:41 INFO  Keywords:122 - InputText is called
2024-01-03 15:29:41 INFO  Keywords:283 - Waiting for webElement...financialdetails.variabledebtexpenses
2024-01-03 15:29:41 INFO  Keywords:286 - Element found...financialdetails.variabledebtexpenses
2024-01-03 15:29:41 INFO  Keywords:122 - InputText is called
2024-01-03 15:29:41 INFO  Keywords:283 - Waiting for webElement...financialdetails.incomepension
2024-01-03 15:29:41 INFO  Keywords:286 - Element found...financialdetails.incomepension
2024-01-03 15:29:42 INFO  Keywords:122 - InputText is called
2024-01-03 15:29:42 INFO  Keywords:283 - Waiting for webElement...financialdetails.discretionaryexpenses
2024-01-03 15:29:42 INFO  Keywords:286 - Element found...financialdetails.discretionaryexpenses
2024-01-03 15:29:42 INFO  Keywords:122 - InputText is called
2024-01-03 15:29:42 INFO  Keywords:283 - Waiting for webElement...financialdetails.socialsecurityincome
2024-01-03 15:29:42 INFO  Keywords:286 - Element found...financialdetails.socialsecurityincome
2024-01-03 15:29:42 INFO  Keywords:122 - InputText is called
2024-01-03 15:29:42 INFO  Keywords:283 - Waiting for webElement...financialdetails.otherincome
2024-01-03 15:29:42 INFO  Keywords:286 - Element found...financialdetails.otherincome
2024-01-03 15:29:42 INFO  Keywords:122 - InputText is called
2024-01-03 15:29:42 INFO  Keywords:283 - Waiting for webElement...financialdetails.bonds
2024-01-03 15:29:42 INFO  Keywords:286 - Element found...financialdetails.bonds
2024-01-03 15:29:42 INFO  Keywords:122 - InputText is called
2024-01-03 15:29:42 INFO  Keywords:283 - Waiting for webElement...financialdetails.businessTrustRealstate
2024-01-03 15:29:42 INFO  Keywords:286 - Element found...financialdetails.businessTrustRealstate
2024-01-03 15:29:42 INFO  Keywords:122 - InputText is called
2024-01-03 15:29:42 INFO  Keywords:283 - Waiting for webElement...financialdetails.retirementplan
2024-01-03 15:29:42 INFO  Keywords:286 - Element found...financialdetails.retirementplan
2024-01-03 15:29:42 INFO  Keywords:122 - InputText is called
2024-01-03 15:29:42 INFO  Keywords:283 - Waiting for webElement...financialdetails.equities
2024-01-03 15:29:42 INFO  Keywords:286 - Element found...financialdetails.equities
2024-01-03 15:29:42 INFO  Keywords:122 - InputText is called
2024-01-03 15:29:42 INFO  Keywords:283 - Waiting for webElement...financialdetails.facevalueilfeinsurance
2024-01-03 15:29:42 INFO  Keywords:286 - Element found...financialdetails.facevalueilfeinsurance
2024-01-03 15:29:42 INFO  Keywords:122 - InputText is called
2024-01-03 15:29:42 INFO  Keywords:283 - Waiting for webElement...financialdetails.fixedannuity
2024-01-03 15:29:42 INFO  Keywords:286 - Element found...financialdetails.fixedannuity
2024-01-03 15:29:42 INFO  Keywords:122 - InputText is called
2024-01-03 15:29:42 INFO  Keywords:283 - Waiting for webElement...financialdetails.indexannuity
2024-01-03 15:29:42 INFO  Keywords:286 - Element found...financialdetails.indexannuity
2024-01-03 15:29:42 INFO  Keywords:122 - InputText is called
2024-01-03 15:29:42 INFO  Keywords:283 - Waiting for webElement...financialdetails.liquidnetworth
2024-01-03 15:29:42 INFO  Keywords:286 - Element found...financialdetails.liquidnetworth
2024-01-03 15:29:42 INFO  Keywords:122 - InputText is called
2024-01-03 15:29:42 INFO  Keywords:283 - Waiting for webElement...financialdetails.mutualfund
2024-01-03 15:29:42 INFO  Keywords:286 - Element found...financialdetails.mutualfund
2024-01-03 15:29:43 INFO  Keywords:122 - InputText is called
2024-01-03 15:29:43 INFO  Keywords:283 - Waiting for webElement...financialdetails.otherbrokerage
2024-01-03 15:29:43 INFO  Keywords:286 - Element found...financialdetails.otherbrokerage
2024-01-03 15:29:43 INFO  Keywords:122 - InputText is called
2024-01-03 15:29:43 INFO  Keywords:283 - Waiting for webElement...financialdetails.policypremium
2024-01-03 15:29:43 INFO  Keywords:286 - Element found...financialdetails.policypremium
2024-01-03 15:29:43 INFO  Keywords:122 - InputText is called
2024-01-03 15:29:43 INFO  Keywords:283 - Waiting for webElement...financialdetails.variableannuity
2024-01-03 15:29:43 INFO  Keywords:286 - Element found...financialdetails.variableannuity
2024-01-03 15:29:43 INFO  Keywords:122 - InputText is called
2024-01-03 15:29:43 INFO  Keywords:283 - Waiting for webElement...financialdetails.totalpremium
2024-01-03 15:29:43 INFO  Keywords:286 - Element found...financialdetails.totalpremium
2024-01-03 15:29:43 INFO  Keywords:283 - Waiting for webElement...financialdetails.anticipatedchanges
2024-01-03 15:29:43 INFO  Keywords:286 - Element found...financialdetails.anticipatedchanges
2024-01-03 15:29:43 INFO  Keywords:283 - Waiting for webElement...financialdetails.nonguaranteedelement
2024-01-03 15:29:43 INFO  Keywords:286 - Element found...financialdetails.nonguaranteedelement
2024-01-03 15:29:43 INFO  Keywords:283 - Waiting for webElement...financialdetails.reversemortgage
2024-01-03 15:29:43 INFO  Keywords:286 - Element found...financialdetails.reversemortgage
2024-01-03 15:29:44 INFO  Keywords:135 - ClickOnLink is called
2024-01-03 15:29:44 INFO  Keywords:283 - Waiting for webElement...next
2024-01-03 15:29:44 INFO  Keywords:286 - Element found...next
2024-01-03 15:30:07 INFO  Keywords:283 - Waiting for webElement...payment.modal
2024-01-03 15:30:07 INFO  Keywords:286 - Element found...payment.modal
2024-01-03 15:30:23 INFO  Keywords:283 - Waiting for webElement...payment.method
2024-01-03 15:30:23 INFO  Keywords:286 - Element found...payment.method
2024-01-03 15:30:23 INFO  Keywords:122 - InputText is called
2024-01-03 15:30:23 INFO  Keywords:283 - Waiting for webElement...payment.premium
2024-01-03 15:30:23 INFO  Keywords:286 - Element found...payment.premium
2024-01-03 15:30:23 INFO  Keywords:135 - ClickOnLink is called
2024-01-03 15:30:23 INFO  Keywords:283 - Waiting for webElement...next
2024-01-03 15:30:23 INFO  Keywords:286 - Element found...next
2024-01-03 15:30:47 INFO  Keywords:283 - Waiting for webElement...existinginsurance.borrowingfunds
2024-01-03 15:30:47 INFO  Keywords:286 - Element found...existinginsurance.borrowingfunds
2024-01-03 15:30:47 INFO  Keywords:283 - Waiting for webElement...existinginsurance.terminatingexistinglifepolicy
2024-01-03 15:30:47 INFO  Keywords:286 - Element found...existinginsurance.terminatingexistinglifepolicy
2024-01-03 15:30:48 INFO  Keywords:283 - Waiting for webElement...existinginsurance.longtermcoverage
2024-01-03 15:30:48 INFO  Keywords:286 - Element found...existinginsurance.longtermcoverage
2024-01-03 15:30:48 INFO  Keywords:283 - Waiting for webElement...existanceterminating.InsuranceCompanyName
2024-01-03 15:30:49 INFO  Keywords:286 - Element found...existanceterminating.InsuranceCompanyName
2024-01-03 15:30:49 INFO  Keywords:122 - InputText is called
2024-01-03 15:30:49 INFO  Keywords:283 - Waiting for webElement...existanceterminating.ProductName
2024-01-03 15:30:49 INFO  Keywords:286 - Element found...existanceterminating.ProductName
2024-01-03 15:30:49 INFO  Keywords:122 - InputText is called
2024-01-03 15:30:49 INFO  Keywords:283 - Waiting for webElement...existanceterminating.Insured
2024-01-03 15:30:49 INFO  Keywords:286 - Element found...existanceterminating.Insured
2024-01-03 15:30:49 INFO  Keywords:122 - InputText is called
2024-01-03 15:30:49 INFO  Keywords:283 - Waiting for webElement...existanceterminating.Owner
2024-01-03 15:30:49 INFO  Keywords:286 - Element found...existanceterminating.Owner
2024-01-03 15:30:49 INFO  Keywords:122 - InputText is called
2024-01-03 15:30:49 INFO  Keywords:283 - Waiting for webElement...existanceterminating.DateIssued
2024-01-03 15:30:49 INFO  Keywords:286 - Element found...existanceterminating.DateIssued
2024-01-03 15:30:49 INFO  Keywords:122 - InputText is called
2024-01-03 15:30:49 INFO  Keywords:283 - Waiting for webElement...existanceterminating.AmountOfInsurance
2024-01-03 15:30:49 INFO  Keywords:286 - Element found...existanceterminating.AmountOfInsurance
2024-01-03 15:30:49 INFO  Keywords:283 - Waiting for webElement...existanceterminating.ExistingInsuranceType
2024-01-03 15:30:49 INFO  Keywords:286 - Element found...existanceterminating.ExistingInsuranceType
2024-01-03 15:30:50 INFO  Keywords:283 - Waiting for webElement...existanceterminating.ProductType
2024-01-03 15:30:50 INFO  Keywords:286 - Element found...existanceterminating.ProductType
2024-01-03 15:30:50 INFO  Keywords:283 - Waiting for webElement...existanceterminating.LifeProductType
2024-01-03 15:31:40 INFO  Keywords:122 - InputText is called
2024-01-03 15:31:40 INFO  Keywords:283 - Waiting for webElement...existanceterminating.PolicyNo
2024-01-03 15:31:40 INFO  Keywords:286 - Element found...existanceterminating.PolicyNo
2024-01-03 15:31:40 INFO  Keywords:283 - Waiting for webElement...existanceterminating.PurposeOfPolicy
2024-01-03 15:31:40 INFO  Keywords:286 - Element found...existanceterminating.PurposeOfPolicy
2024-01-03 15:31:41 INFO  Keywords:283 - Waiting for webElement...existanceterminating.FundsNewPolicy
2024-01-03 15:31:41 INFO  Keywords:286 - Element found...existanceterminating.FundsNewPolicy
2024-01-03 15:31:41 INFO  Keywords:283 - Waiting for webElement...existanceterminating.ReplacingNewPolicy
2024-01-03 15:31:41 INFO  Keywords:286 - Element found...existanceterminating.ReplacingNewPolicy
2024-01-03 15:31:41 INFO  Keywords:283 - Waiting for webElement...existanceterminating.ReplacementThType
2024-01-03 15:31:41 INFO  Keywords:286 - Element found...existanceterminating.ReplacementThType
2024-01-03 15:31:42 INFO  Keywords:283 - Waiting for webElement...existanceterminating.1035ThExchange
2024-01-03 15:31:42 INFO  Keywords:286 - Element found...existanceterminating.1035ThExchange
2024-01-03 15:31:42 INFO  Keywords:122 - InputText is called
2024-01-03 15:31:42 INFO  Keywords:283 - Waiting for webElement...existanceterminating.ReasonReplacement
2024-01-03 15:31:42 INFO  Keywords:286 - Element found...existanceterminating.ReasonReplacement
2024-01-03 15:31:42 INFO  Keywords:122 - InputText is called
2024-01-03 15:31:42 INFO  Keywords:283 - Waiting for webElement...existanceterminating.NoOfPolicy
2024-01-03 15:31:42 INFO  Keywords:286 - Element found...existanceterminating.NoOfPolicy
2024-01-03 15:31:42 INFO  Keywords:122 - InputText is called
2024-01-03 15:31:42 INFO  Keywords:283 - Waiting for webElement...existanceterminating.PremiumPayment
2024-01-03 15:31:42 INFO  Keywords:286 - Element found...existanceterminating.PremiumPayment
2024-01-03 15:31:42 INFO  Keywords:122 - InputText is called
2024-01-03 15:31:42 INFO  Keywords:283 - Waiting for webElement...existanceterminating.FrequencyPremium
2024-01-03 15:31:42 INFO  Keywords:286 - Element found...existanceterminating.FrequencyPremium
2024-01-03 15:31:42 INFO  Keywords:122 - InputText is called
2024-01-03 15:31:42 INFO  Keywords:283 - Waiting for webElement...existanceterminating.AmountBeingExchanged
2024-01-03 15:31:42 INFO  Keywords:286 - Element found...existanceterminating.AmountBeingExchanged
2024-01-03 15:31:42 INFO  Keywords:122 - InputText is called
2024-01-03 15:31:42 INFO  Keywords:283 - Waiting for webElement...existanceterminating.SurrenderCharge
2024-01-03 15:31:42 INFO  Keywords:286 - Element found...existanceterminating.SurrenderCharge
2024-01-03 15:31:42 INFO  Keywords:122 - InputText is called
2024-01-03 15:31:42 INFO  Keywords:283 - Waiting for webElement...existanceterminating.DeathBenefit
2024-01-03 15:31:42 INFO  Keywords:286 - Element found...existanceterminating.DeathBenefit
2024-01-03 15:31:42 INFO  Keywords:122 - InputText is called
2024-01-03 15:31:42 INFO  Keywords:283 - Waiting for webElement...existanceterminating.SpecialFeatures
2024-01-03 15:31:42 INFO  Keywords:286 - Element found...existanceterminating.SpecialFeatures
2024-01-03 15:31:43 INFO  Keywords:283 - Waiting for webElement...existinginsurance.longtermpolicyYes
2024-01-03 15:31:43 INFO  Keywords:286 - Element found...existinginsurance.longtermpolicyYes
2024-01-03 15:31:43 INFO  Keywords:122 - InputText is called
2024-01-03 15:31:43 INFO  Keywords:283 - Waiting for webElement...existinglongtermpolicy.InsuranceName
2024-01-03 15:31:43 INFO  Keywords:286 - Element found...existinglongtermpolicy.InsuranceName
2024-01-03 15:31:43 INFO  Keywords:122 - InputText is called
2024-01-03 15:31:43 INFO  Keywords:283 - Waiting for webElement...existinglongtermpolicy.policyCertificateNumber
2024-01-03 15:31:43 INFO  Keywords:286 - Element found...existinglongtermpolicy.policyCertificateNumber
2024-01-03 15:31:43 INFO  Keywords:122 - InputText is called
2024-01-03 15:31:43 INFO  Keywords:283 - Waiting for webElement...existinglongtermpolicy.ProductName
2024-01-03 15:31:43 INFO  Keywords:286 - Element found...existinglongtermpolicy.ProductName
2024-01-03 15:31:43 INFO  Keywords:283 - Waiting for webElement...existinglongtermpolicy.ProductType
2024-01-03 15:31:43 INFO  Keywords:286 - Element found...existinglongtermpolicy.ProductType
2024-01-03 15:31:43 INFO  Keywords:122 - InputText is called
2024-01-03 15:31:43 INFO  Keywords:283 - Waiting for webElement...existinglongtermpolicy.Insured
2024-01-03 15:31:43 INFO  Keywords:286 - Element found...existinglongtermpolicy.Insured
2024-01-03 15:31:44 INFO  Keywords:122 - InputText is called
2024-01-03 15:31:44 INFO  Keywords:283 - Waiting for webElement...existinglongtermpolicy.Owner
2024-01-03 15:31:44 INFO  Keywords:286 - Element found...existinglongtermpolicy.Owner
2024-01-03 15:31:44 INFO  Keywords:122 - InputText is called
2024-01-03 15:31:44 INFO  Keywords:283 - Waiting for webElement...existinglongtermpolicy.DailyBenefit
2024-01-03 15:31:44 INFO  Keywords:286 - Element found...existinglongtermpolicy.DailyBenefit
2024-01-03 15:31:44 INFO  Keywords:122 - InputText is called
2024-01-03 15:31:44 INFO  Keywords:283 - Waiting for webElement...existinglongtermpolicy.AmountOfInsurance
2024-01-03 15:31:44 INFO  Keywords:286 - Element found...existinglongtermpolicy.AmountOfInsurance
2024-01-03 15:31:44 INFO  Keywords:122 - InputText is called
2024-01-03 15:31:44 INFO  Keywords:283 - Waiting for webElement...existinglongtermpolicy.benefitAmount
2024-01-03 15:31:44 INFO  Keywords:286 - Element found...existinglongtermpolicy.benefitAmount
2024-01-03 15:31:44 INFO  Keywords:122 - InputText is called
2024-01-03 15:31:44 INFO  Keywords:283 - Waiting for webElement...existinglongtermpolicy.benefitPeriod
2024-01-03 15:31:44 INFO  Keywords:286 - Element found...existinglongtermpolicy.benefitPeriod
2024-01-03 15:31:44 INFO  Keywords:283 - Waiting for webElement...existinginsurance.longterminsuranceYes
2024-01-03 15:31:44 INFO  Keywords:286 - Element found...existinginsurance.longterminsuranceYes
2024-01-03 15:31:44 INFO  Keywords:122 - InputText is called
2024-01-03 15:31:44 INFO  Keywords:283 - Waiting for webElement...existinglongterminsurance.InsuranceCompany
2024-01-03 15:31:44 INFO  Keywords:286 - Element found...existinglongterminsurance.InsuranceCompany
2024-01-03 15:31:44 INFO  Keywords:122 - InputText is called
2024-01-03 15:31:44 INFO  Keywords:283 - Waiting for webElement...existinglongterminsurance.Certificate
2024-01-03 15:31:44 INFO  Keywords:286 - Element found...existinglongterminsurance.Certificate
2024-01-03 15:31:44 INFO  Keywords:122 - InputText is called
2024-01-03 15:31:44 INFO  Keywords:283 - Waiting for webElement...existinglongterminsurance.LTCBenefit
2024-01-03 15:31:44 INFO  Keywords:286 - Element found...existinglongterminsurance.LTCBenefit
2024-01-03 15:31:44 INFO  Keywords:122 - InputText is called
2024-01-03 15:31:44 INFO  Keywords:283 - Waiting for webElement...existinglongterminsurance.IssueDate
2024-01-03 15:31:44 INFO  Keywords:286 - Element found...existinglongterminsurance.IssueDate
2024-01-03 15:31:44 INFO  Keywords:122 - InputText is called
2024-01-03 15:31:44 INFO  Keywords:283 - Waiting for webElement...existinglongterminsurance.LapseDate
2024-01-03 15:31:45 INFO  Keywords:286 - Element found...existinglongterminsurance.LapseDate
2024-01-03 15:31:45 INFO  Keywords:135 - ClickOnLink is called
2024-01-03 15:31:45 INFO  Keywords:283 - Waiting for webElement...next
2024-01-03 15:31:45 INFO  Keywords:286 - Element found...next
2024-01-03 15:32:07 INFO  Keywords:135 - ClickOnLink is called
2024-01-03 15:32:07 INFO  Keywords:283 - Waiting for webElement...next
2024-01-03 15:32:07 INFO  Keywords:286 - Element found...next
2024-01-03 15:32:30 INFO  Keywords:122 - InputText is called
2024-01-03 15:32:30 INFO  Keywords:283 - Waiting for webElement...additionalclientquestion.q1
2024-01-03 15:32:31 INFO  Keywords:286 - Element found...additionalclientquestion.q1
2024-01-03 15:32:31 INFO  Keywords:122 - InputText is called
2024-01-03 15:32:31 INFO  Keywords:283 - Waiting for webElement...additionalclientquestion.q2
2024-01-03 15:32:31 INFO  Keywords:286 - Element found...additionalclientquestion.q2
2024-01-03 15:32:31 INFO  Keywords:122 - InputText is called
2024-01-03 15:32:31 INFO  Keywords:283 - Waiting for webElement...additionalclientquestion.q3
2024-01-03 15:33:21 INFO  Keywords:122 - InputText is called
2024-01-03 15:33:21 INFO  Keywords:283 - Waiting for webElement...additionalclientquestion.q4
2024-01-03 15:34:12 INFO  Keywords:122 - InputText is called
2024-01-03 15:34:12 INFO  Keywords:283 - Waiting for webElement...additionalclientquestion.q5
2024-01-03 15:35:02 INFO  Keywords:513 - GetText is called
2024-01-03 15:35:02 INFO  Keywords:283 - Waiting for webElement...ebixTxnID
2024-01-03 15:35:02 INFO  Keywords:286 - Element found...ebixTxnID
2024-01-03 15:35:02 INFO  Keywords:517 - LinkId: 520722
2024-01-03 15:35:02 INFO  Keywords:568 - LinkId: 520722
2024-01-03 15:35:02 INFO  Keywords:513 - GetText is called
2024-01-03 15:35:02 INFO  Keywords:283 - Waiting for webElement...ebixTxnID
2024-01-03 15:35:02 INFO  Keywords:286 - Element found...ebixTxnID
2024-01-03 15:35:02 INFO  Keywords:517 - LinkId: 520722
2024-01-03 15:35:02 INFO  Keywords:135 - ClickOnLink is called
2024-01-03 15:35:02 INFO  Keywords:283 - Waiting for webElement...next
2024-01-03 15:35:02 INFO  Keywords:286 - Element found...next
2024-01-03 15:35:10 INFO  Keywords:283 - Waiting for webElement...AnnuitiesCompany
2024-01-03 15:35:10 INFO  Keywords:286 - Element found...AnnuitiesCompany
2024-01-03 15:35:10 INFO  Keywords:283 - Waiting for webElement...InsuranceReplace
2024-01-03 15:35:10 INFO  Keywords:286 - Element found...InsuranceReplace
2024-01-03 15:35:10 INFO  Keywords:122 - InputText is called
2024-01-03 15:35:10 INFO  Keywords:283 - Waiting for webElement...PremiumCollected
2024-01-03 15:35:10 INFO  Keywords:286 - Element found...PremiumCollected
2024-01-03 15:35:10 INFO  Keywords:283 - Waiting for webElement...ResultApplication
2024-01-03 15:35:10 INFO  Keywords:286 - Element found...ResultApplication
2024-01-03 15:35:11 INFO  Keywords:122 - InputText is called
2024-01-03 15:35:11 INFO  Keywords:283 - Waiting for webElement...ResultGiveDetails
2024-01-03 15:35:11 INFO  Keywords:286 - Element found...ResultGiveDetails
2024-01-03 15:35:11 INFO  Keywords:283 - Waiting for webElement...PolicySettlement
2024-01-03 15:35:11 INFO  Keywords:286 - Element found...PolicySettlement
2024-01-03 15:35:11 INFO  Keywords:283 - Waiting for webElement...PremiumLoans
2024-01-03 15:35:11 INFO  Keywords:286 - Element found...PremiumLoans
2024-01-03 15:35:11 INFO  Keywords:283 - Waiting for webElement...EvaluatingFinancing
2024-01-03 15:35:11 INFO  Keywords:286 - Element found...EvaluatingFinancing
2024-01-03 15:35:11 INFO  Keywords:283 - Waiting for webElement...PersonallyInsured
2024-01-03 15:35:11 INFO  Keywords:286 - Element found...PersonallyInsured
2024-01-03 15:35:12 INFO  Keywords:283 - Waiting for webElement...PolicyProposedInsured
2024-01-03 15:35:12 INFO  Keywords:286 - Element found...PolicyProposedInsured
2024-01-03 15:35:12 INFO  Keywords:283 - Waiting for webElement...ProposedInsuredWritten
2024-01-03 15:36:02 INFO  Keywords:283 - Waiting for webElement...ConsentRelationshipTerminates
2024-01-03 15:36:10 INFO  Keywords:286 - Element found...ConsentRelationshipTerminates
2024-01-03 15:36:11 INFO  Keywords:122 - InputText is called
2024-01-03 15:36:11 INFO  Keywords:283 - Waiting for webElement...HealthPoliciesForce
2024-01-03 15:36:11 INFO  Keywords:286 - Element found...HealthPoliciesForce
2024-01-03 15:36:11 INFO  Keywords:122 - InputText is called
2024-01-03 15:36:11 INFO  Keywords:283 - Waiting for webElement...SoldForceHP
2024-01-03 15:36:11 INFO  Keywords:286 - Element found...SoldForceHP
2024-01-03 15:36:11 INFO  Keywords:122 - InputText is called
2024-01-03 15:36:11 INFO  Keywords:283 - Waiting for webElement...NameWholeSaler
2024-01-03 15:36:11 INFO  Keywords:286 - Element found...NameWholeSaler
2024-01-03 15:36:11 INFO  Keywords:122 - InputText is called
2024-01-03 15:36:11 INFO  Keywords:283 - Waiting for webElement...ExistingReplacedCarier
2024-01-03 15:36:11 INFO  Keywords:286 - Element found...ExistingReplacedCarier
2024-01-03 15:36:11 INFO  Keywords:135 - ClickOnLink is called
2024-01-03 15:36:11 INFO  Keywords:283 - Waiting for webElement...next
2024-01-03 15:36:11 INFO  Keywords:286 - Element found...next
2024-01-03 15:36:17 INFO  Keywords:122 - InputText is called
2024-01-03 15:36:17 INFO  Keywords:283 - Waiting for webElement...NBNameF
2024-01-03 15:36:17 INFO  Keywords:286 - Element found...NBNameF
2024-01-03 15:36:17 INFO  Keywords:122 - InputText is called
2024-01-03 15:36:17 INFO  Keywords:283 - Waiting for webElement...NBNameL
2024-01-03 15:36:17 INFO  Keywords:286 - Element found...NBNameL
2024-01-03 15:36:17 INFO  Keywords:122 - InputText is called
2024-01-03 15:36:17 INFO  Keywords:283 - Waiting for webElement...NBPhoneW
2024-01-03 15:36:17 INFO  Keywords:286 - Element found...NBPhoneW
2024-01-03 15:36:18 INFO  Keywords:122 - InputText is called
2024-01-03 15:36:18 INFO  Keywords:283 - Waiting for webElement...NBEMail
2024-01-03 15:36:18 INFO  Keywords:286 - Element found...NBEMail
2024-01-03 15:36:18 INFO  Keywords:283 - Waiting for webElement...POSYES
2024-01-03 15:36:18 INFO  Keywords:286 - Element found...POSYES
2024-01-03 15:36:18 INFO  Keywords:122 - InputText is called
2024-01-03 15:36:18 INFO  Keywords:283 - Waiting for webElement...POSNAmeF
2024-01-03 15:36:31 INFO  Keywords:122 - InputText is called
2024-01-03 15:36:31 INFO  Keywords:283 - Waiting for webElement...POSNAmeL
2024-01-03 15:36:41 INFO  Keywords:122 - InputText is called
2024-01-03 15:36:41 INFO  Keywords:283 - Waiting for webElement...POSWork
2024-01-03 15:36:58 INFO  Keywords:122 - InputText is called
2024-01-03 15:36:58 INFO  Keywords:283 - Waiting for webElement...POSEmail
2024-01-03 15:37:24 INFO  Keywords:135 - ClickOnLink is called
2024-01-03 15:37:24 INFO  Keywords:283 - Waiting for webElement...validate.button
2024-01-03 15:38:06 INFO  Keywords:135 - ClickOnLink is called
2024-01-03 15:38:06 INFO  Keywords:283 - Waiting for webElement...notification.continue
2024-01-03 15:38:32 INFO  Keywords:135 - ClickOnLink is called
2024-01-03 15:38:32 INFO  Keywords:283 - Waiting for webElement...esignature.optout
2024-01-03 15:40:12 INFO  Keywords:147 - VerifyText is called
2024-01-03 15:40:12 INFO  Keywords:283 - Waiting for webElement...WebElement
2024-01-03 15:40:12 INFO  Keywords:135 - ClickOnLink is called
2024-01-03 15:40:12 INFO  Keywords:283 - Waiting for webElement...attachment
2024-01-03 15:40:12 INFO  Keywords:286 - Element found...attachment
2024-01-03 15:40:13 INFO  Keywords:283 - Waiting for webElement...attachment.documenttype
2024-01-03 15:40:15 INFO  Keywords:286 - Element found...attachment.documenttype
2024-01-03 15:40:16 INFO  Keywords:122 - InputText is called
2024-01-03 15:40:16 INFO  Keywords:283 - Waiting for webElement...attachment.choosefile
2024-01-03 15:40:16 INFO  Keywords:286 - Element found...attachment.choosefile
2024-01-03 15:40:16 INFO  Keywords:135 - ClickOnLink is called
2024-01-03 15:40:16 INFO  Keywords:283 - Waiting for webElement...attachment.upload
2024-01-03 15:40:16 INFO  Keywords:286 - Element found...attachment.upload
2024-01-03 15:40:37 INFO  Keywords:135 - ClickOnLink is called
2024-01-03 15:40:37 INFO  Keywords:283 - Waiting for webElement...RequestSignatures
2024-01-03 15:41:03 INFO  Keywords:283 - Waiting for webElement...attachment.documenttype
2024-01-03 15:41:03 INFO  Keywords:286 - Element found...attachment.documenttype
2024-01-03 15:41:03 INFO  Keywords:122 - InputText is called
2024-01-03 15:41:03 INFO  Keywords:283 - Waiting for webElement...attachment.choosefile
2024-01-03 15:41:03 INFO  Keywords:286 - Element found...attachment.choosefile
2024-01-03 15:41:03 INFO  Keywords:135 - ClickOnLink is called
2024-01-03 15:41:03 INFO  Keywords:283 - Waiting for webElement...attachment.upload
2024-01-03 15:41:03 INFO  Keywords:286 - Element found...attachment.upload
2024-01-03 15:41:23 INFO  Keywords:135 - ClickOnLink is called
2024-01-03 15:41:23 INFO  Keywords:283 - Waiting for webElement...SubmitButton
2024-01-03 15:43:04 INFO  Keywords:450 - switching to parent window...
2024-01-03 15:43:04 INFO  Keywords:94 - Navigate is called
2024-01-03 15:43:05 INFO  Keywords:528 - ClearText is called
2024-01-03 15:43:05 INFO  Keywords:283 - Waiting for webElement...gateway.username
2024-01-03 15:43:05 INFO  Keywords:286 - Element found...gateway.username
2024-01-03 15:43:05 INFO  Keywords:532 - LinkId: 520722
2024-01-03 15:43:05 INFO  Keywords:122 - InputText is called
2024-01-03 15:43:05 INFO  Keywords:283 - Waiting for webElement...gateway.username
2024-01-03 15:43:05 INFO  Keywords:286 - Element found...gateway.username
2024-01-03 15:43:05 INFO  Keywords:528 - ClearText is called
2024-01-03 15:43:05 INFO  Keywords:283 - Waiting for webElement...gateway.password
2024-01-03 15:43:05 INFO  Keywords:286 - Element found...gateway.password
2024-01-03 15:43:05 INFO  Keywords:532 - LinkId: 520722
2024-01-03 15:43:05 INFO  Keywords:122 - InputText is called
2024-01-03 15:43:05 INFO  Keywords:283 - Waiting for webElement...gateway.password
2024-01-03 15:43:05 INFO  Keywords:286 - Element found...gateway.password
2024-01-03 15:43:05 INFO  Keywords:135 - ClickOnLink is called
2024-01-03 15:43:05 INFO  Keywords:283 - Waiting for webElement...gateway.login
2024-01-03 15:43:05 INFO  Keywords:286 - Element found...gateway.login
2024-01-03 15:43:24 INFO  Keywords:135 - ClickOnLink is called
2024-01-03 15:43:24 INFO  Keywords:283 - Waiting for webElement...management
2024-01-03 15:43:24 INFO  Keywords:286 - Element found...management
2024-01-03 15:43:25 INFO  Keywords:283 - Waiting for webElement...managementTools
2024-01-03 15:43:25 INFO  Keywords:286 - Element found...managementTools
2024-01-03 15:43:26 INFO  Keywords:135 - ClickOnLink is called
2024-01-03 15:43:26 INFO  Keywords:283 - Waiting for webElement...feedManagement
2024-01-03 15:43:26 INFO  Keywords:286 - Element found...feedManagement
2024-01-03 15:43:42 INFO  Keywords:135 - ClickOnLink is called
2024-01-03 15:43:42 INFO  Keywords:283 - Waiting for webElement...searchPanel
2024-01-03 15:43:42 INFO  Keywords:286 - Element found...searchPanel
2024-01-03 15:43:43 INFO  Keywords:283 - Waiting for webElement...selectTransactionID
2024-01-03 15:43:43 INFO  Keywords:286 - Element found...selectTransactionID
2024-01-03 15:43:43 INFO  Keywords:122 - InputText is called
2024-01-03 15:43:43 INFO  Keywords:283 - Waiting for webElement...enterTransactioID
2024-01-03 15:43:43 INFO  Keywords:286 - Element found...enterTransactioID
2024-01-03 15:43:43 INFO  Keywords:135 - ClickOnLink is called
2024-01-03 15:43:43 INFO  Keywords:283 - Waiting for webElement...searchbutton
2024-01-03 15:43:43 INFO  Keywords:286 - Element found...searchbutton
2024-01-03 15:43:59 INFO  Keywords:135 - ClickOnLink is called
2024-01-03 15:43:59 INFO  Keywords:283 - Waiting for webElement...transactionSearchmyResult
2024-01-03 15:43:59 INFO  Keywords:286 - Element found...transactionSearchmyResult
2024-01-03 15:44:16 INFO  Keywords:135 - ClickOnLink is called
2024-01-03 15:44:16 INFO  Keywords:283 - Waiting for webElement...onenotThree
2024-01-03 15:44:16 INFO  Keywords:286 - Element found...onenotThree
2024-01-03 15:44:16 INFO  Keywords:283 - Waiting for webElement...103ResponseXML
2024-01-03 15:44:17 INFO  Keywords:286 - Element found...103ResponseXML
2024-01-03 15:44:49 INFO  Keywords:450 - switching to parent window...
2024-01-03 15:44:49 INFO  Keywords:94 - Navigate is called
2024-01-03 15:44:50 INFO  Keywords:528 - ClearText is called
2024-01-03 15:44:50 INFO  Keywords:283 - Waiting for webElement...gateway.username
2024-01-03 15:44:50 INFO  Keywords:286 - Element found...gateway.username
2024-01-03 15:44:50 INFO  Keywords:532 - <?xml version="1.0" encoding="utf-16"?>
<soap:Envelope xmlns:soap="http://schemas.xmlsoap.org/soap/envelope/" xmlns:xsd="http://www.w3.org/2001/XMLSchema" xmlns:acord="http://ACORD.org/Standards/Life/2" xmlns:finetre="www.finetre.com/webservices" xmlns:user="http://www.annuitynet.com/namespace" xmlns:xsi="http://www.w3.org/2001/XMLSchema-instance">
 <soap:Header>
 <Header xmlns="www.finetre.com/webservices">
 <SessionId />
 <TransactionType>TransactionXML</TransactionType>
 <ServiceVersion>1</ServiceVersion>
 <RequestorId />
 <RequestorKey xsi:nil="true" />
 <ResponderId>SO</ResponderId>
 <ResponderKey xsi:nil="true" />
 <RequestGUID>CB9A7BF6-ED10-49FF-AC69-F77F5C9B772C</RequestGUID>
 <RequestSentDateTime />
 <RequestReceivedDateTime>2024-1-3T9:59:22</RequestReceivedDateTime>
 <ResponseSentDateTime>2024-1-3T9:59:22</ResponseSentDateTime>
 <ResponseReceivedDateTime>0001-01-01T00:00:00.0000000-05:00</ResponseReceivedDateTime>
 <Extensions xsi:nil="true" />
 </Header>
 </soap:Header>
 <soap:Body>
 <UploadResponse xmlns="www.finetre.com/webservices">
 <Data>
 <Status>Success</Status>
 <Errors xsi:nil="false" />
 <Extensions xsi:nil="true" />
 </Data>
 </UploadResponse>
 </soap:Body>
</soap:Envelope>
2024-01-03 15:44:50 INFO  Keywords:122 - InputText is called
2024-01-03 15:44:50 INFO  Keywords:283 - Waiting for webElement...gateway.username
2024-01-03 15:44:50 INFO  Keywords:286 - Element found...gateway.username
2024-01-03 15:44:50 INFO  Keywords:528 - ClearText is called
2024-01-03 15:44:50 INFO  Keywords:283 - Waiting for webElement...gateway.password
2024-01-03 15:44:50 INFO  Keywords:286 - Element found...gateway.password
2024-01-03 15:44:50 INFO  Keywords:532 - <?xml version="1.0" encoding="utf-16"?>
<soap:Envelope xmlns:soap="http://schemas.xmlsoap.org/soap/envelope/" xmlns:xsd="http://www.w3.org/2001/XMLSchema" xmlns:acord="http://ACORD.org/Standards/Life/2" xmlns:finetre="www.finetre.com/webservices" xmlns:user="http://www.annuitynet.com/namespace" xmlns:xsi="http://www.w3.org/2001/XMLSchema-instance">
 <soap:Header>
 <Header xmlns="www.finetre.com/webservices">
 <SessionId />
 <TransactionType>TransactionXML</TransactionType>
 <ServiceVersion>1</ServiceVersion>
 <RequestorId />
 <RequestorKey xsi:nil="true" />
 <ResponderId>SO</ResponderId>
 <ResponderKey xsi:nil="true" />
 <RequestGUID>CB9A7BF6-ED10-49FF-AC69-F77F5C9B772C</RequestGUID>
 <RequestSentDateTime />
 <RequestReceivedDateTime>2024-1-3T9:59:22</RequestReceivedDateTime>
 <ResponseSentDateTime>2024-1-3T9:59:22</ResponseSentDateTime>
 <ResponseReceivedDateTime>0001-01-01T00:00:00.0000000-05:00</ResponseReceivedDateTime>
 <Extensions xsi:nil="true" />
 </Header>
 </soap:Header>
 <soap:Body>
 <UploadResponse xmlns="www.finetre.com/webservices">
 <Data>
 <Status>Success</Status>
 <Errors xsi:nil="false" />
 <Extensions xsi:nil="true" />
 </Data>
 </UploadResponse>
 </soap:Body>
</soap:Envelope>
2024-01-03 15:44:50 INFO  Keywords:122 - InputText is called
2024-01-03 15:44:50 INFO  Keywords:283 - Waiting for webElement...gateway.password
2024-01-03 15:44:50 INFO  Keywords:286 - Element found...gateway.password
2024-01-03 15:44:50 INFO  Keywords:135 - ClickOnLink is called
2024-01-03 15:44:50 INFO  Keywords:283 - Waiting for webElement...gateway.login
2024-01-03 15:44:50 INFO  Keywords:286 - Element found...gateway.login
2024-01-03 15:45:09 INFO  Keywords:135 - ClickOnLink is called
2024-01-03 15:45:09 INFO  Keywords:283 - Waiting for webElement...management
2024-01-03 15:45:09 INFO  Keywords:286 - Element found...management
2024-01-03 15:45:09 INFO  Keywords:283 - Waiting for webElement...managementTools
2024-01-03 15:45:09 INFO  Keywords:286 - Element found...managementTools
2024-01-03 15:45:10 INFO  Keywords:135 - ClickOnLink is called
2024-01-03 15:45:10 INFO  Keywords:283 - Waiting for webElement...feedManagement
2024-01-03 15:45:11 INFO  Keywords:286 - Element found...feedManagement
2024-01-03 15:45:27 INFO  Keywords:135 - ClickOnLink is called
2024-01-03 15:45:27 INFO  Keywords:283 - Waiting for webElement...searchPanel
2024-01-03 15:45:27 INFO  Keywords:286 - Element found...searchPanel
2024-01-03 15:45:27 INFO  Keywords:283 - Waiting for webElement...selectTransactionID
2024-01-03 15:45:27 INFO  Keywords:286 - Element found...selectTransactionID
2024-01-03 15:45:27 INFO  Keywords:122 - InputText is called
2024-01-03 15:45:27 INFO  Keywords:283 - Waiting for webElement...enterTransactioID
2024-01-03 15:45:28 INFO  Keywords:286 - Element found...enterTransactioID
2024-01-03 15:45:28 INFO  Keywords:135 - ClickOnLink is called
2024-01-03 15:45:28 INFO  Keywords:283 - Waiting for webElement...searchbutton
2024-01-03 15:45:28 INFO  Keywords:286 - Element found...searchbutton
2024-01-03 15:45:44 INFO  Keywords:135 - ClickOnLink is called
2024-01-03 15:45:44 INFO  Keywords:283 - Waiting for webElement...transactionSearchmyResult
2024-01-03 15:45:44 INFO  Keywords:286 - Element found...transactionSearchmyResult
2024-01-03 15:46:00 INFO  Keywords:135 - ClickOnLink is called
2024-01-03 15:46:00 INFO  Keywords:283 - Waiting for webElement...RTSMButton
2024-01-03 15:46:00 INFO  Keywords:286 - Element found...RTSMButton
2024-01-03 15:46:01 INFO  Keywords:283 - Waiting for webElement...RTSMResponseXML
