2024-10-23 14:59:03 INFO  Keywords:106 - Navigate is called
2024-10-23 14:59:05 INFO  Keywords:132 - InputText is called
2024-10-23 14:59:05 INFO  Keywords:304 - Waiting for webElement...gateway.username
2024-10-23 14:59:05 INFO  Keywords:308 - Element found...gateway.username
2024-10-23 14:59:05 INFO  Keywords:132 - InputText is called
2024-10-23 14:59:05 INFO  Keywords:304 - Waiting for webElement...gateway.password
2024-10-23 14:59:05 INFO  Keywords:308 - Element found...gateway.password
2024-10-23 14:59:05 INFO  Keywords:143 - ClickOnLink is called
2024-10-23 14:59:05 INFO  Keywords:304 - Waiting for webElement...gateway.login
2024-10-23 14:59:05 INFO  Keywords:308 - Element found...gateway.login
2024-10-23 14:59:42 INFO  Keywords:143 - ClickOnLink is called
2024-10-23 14:59:42 INFO  Keywords:304 - Waiting for webElement...postsamldata
2024-10-23 14:59:42 INFO  Keywords:308 - Element found...postsamldata
2024-10-23 14:59:58 INFO  Keywords:143 - ClickOnLink is called
2024-10-23 14:59:58 INFO  Keywords:304 - Waiting for webElement...next
2024-10-23 15:01:04 INFO  Keywords:304 - Waiting for webElement...policyConfiguration.terms
2024-10-23 15:01:14 INFO  Keywords:132 - InputText is called
2024-10-23 15:01:14 INFO  Keywords:304 - Waiting for webElement...policyConfiguration.insuranceamount
2024-10-23 15:01:24 INFO  Keywords:304 - Waiting for webElement...policyConfiguration.LTC
2024-10-23 15:01:35 INFO  Keywords:304 - Waiting for webElement...policyConfiguration.payors
2024-10-23 15:01:45 INFO  Keywords:304 - Waiting for webElement...policyConfiguration.purposeofpolicy
2024-10-23 15:01:55 INFO  Keywords:143 - ClickOnLink is called
2024-10-23 15:01:55 INFO  Keywords:304 - Waiting for webElement...next
2024-10-23 15:04:15 INFO  Keywords:304 - Waiting for webElement...primaryinsured.anticipatedUnderwritingclass
2024-10-23 15:04:25 INFO  Keywords:304 - Waiting for webElement...primaryinsured.birthcountry
2024-10-23 15:04:35 INFO  Keywords:304 - Waiting for webElement...primaryinsured.birthstate
2024-10-23 15:04:45 INFO  Keywords:143 - ClickOnLink is called
2024-10-23 15:04:45 INFO  Keywords:304 - Waiting for webElement...next
2024-10-23 15:05:51 INFO  Keywords:143 - ClickOnLink is called
2024-10-23 15:05:51 INFO  Keywords:304 - Waiting for webElement...next
2024-10-23 15:06:57 INFO  Keywords:304 - Waiting for webElement...EntityRelationship
2024-10-23 15:07:07 INFO  Keywords:143 - ClickOnLink is called
2024-10-23 15:07:07 INFO  Keywords:304 - Waiting for webElement...next
2024-10-23 15:08:14 INFO  Keywords:304 - Waiting for webElement...financialDetails.SourceOfFundsLI
2024-10-23 15:08:24 INFO  Keywords:304 - Waiting for webElement...financialDetails.SurrenderChargeSOFLI
2024-10-23 15:08:34 INFO  Keywords:304 - Waiting for webElement...financialDetails.envisiontaking
2024-10-23 15:08:44 INFO  Keywords:304 - Waiting for webElement...financialDetails.federalfaxbracket
2024-10-23 15:08:54 INFO  Keywords:304 - Waiting for webElement...financialDetails.riskTolerance
2024-10-23 15:09:04 INFO  Keywords:304 - Waiting for webElement...financialDetails.Investmentobjectives
2024-10-23 15:09:14 INFO  Keywords:304 - Waiting for webElement...financialDetails.timehorizon
2024-10-23 15:09:24 INFO  Keywords:304 - Waiting for webElement...financialDetails.investmentexperienceFA
2024-10-23 15:09:34 INFO  Keywords:132 - InputText is called
2024-10-23 15:09:34 INFO  Keywords:304 - Waiting for webElement...financialDetails.investmentstartyear
2024-10-23 15:09:44 INFO  Keywords:132 - InputText is called
2024-10-23 15:09:44 INFO  Keywords:304 - Waiting for webElement...financialdetails.livingexpenses
2024-10-23 15:09:54 INFO  Keywords:132 - InputText is called
2024-10-23 15:09:54 INFO  Keywords:304 - Waiting for webElement...financialdetails.fixeddebtexpenses
2024-10-23 15:10:05 INFO  Keywords:132 - InputText is called
2024-10-23 15:10:05 INFO  Keywords:304 - Waiting for webElement...financialdetails.variabledebtexpenses
2024-10-23 15:10:15 INFO  Keywords:132 - InputText is called
2024-10-23 15:10:15 INFO  Keywords:304 - Waiting for webElement...financialdetails.discretionaryexpenses
2024-10-23 15:10:25 INFO  Keywords:132 - InputText is called
2024-10-23 15:10:25 INFO  Keywords:304 - Waiting for webElement...financialdetails.Annualrincome
2024-10-23 15:10:35 INFO  Keywords:132 - InputText is called
2024-10-23 15:10:35 INFO  Keywords:304 - Waiting for webElement...financialdetails.businessTrustRealstate
2024-10-23 15:10:45 INFO  Keywords:132 - InputText is called
2024-10-23 15:10:45 INFO  Keywords:304 - Waiting for webElement...financialdetails.liquidnetworth
2024-10-23 15:10:55 INFO  Keywords:132 - InputText is called
2024-10-23 15:10:55 INFO  Keywords:304 - Waiting for webElement...financialdetails.policypremium
2024-10-23 15:11:05 INFO  Keywords:132 - InputText is called
2024-10-23 15:11:05 INFO  Keywords:304 - Waiting for webElement...financialdetails.InvestibleAssets
2024-10-23 15:11:15 INFO  Keywords:132 - InputText is called
2024-10-23 15:11:15 INFO  Keywords:304 - Waiting for webElement...financialdetails.totalpremium
2024-10-23 15:11:25 INFO  Keywords:304 - Waiting for webElement...financialdetails.anticipatedchanges
2024-10-23 15:11:35 INFO  Keywords:304 - Waiting for webElement...financialdetails.nonguaranteedelement
2024-10-23 15:11:45 INFO  Keywords:304 - Waiting for webElement...financialdetails.reversemortgage
2024-10-23 15:11:55 INFO  Keywords:143 - ClickOnLink is called
2024-10-23 15:11:55 INFO  Keywords:304 - Waiting for webElement...next
2024-10-23 15:12:45 INFO  Keywords:304 - Waiting for webElement...jointOwnerInsured
2024-10-23 15:12:55 INFO  Keywords:304 - Waiting for webElement...jointOwnerJointInsured
2024-10-23 15:13:05 INFO  Keywords:143 - ClickOnLink is called
2024-10-23 15:13:05 INFO  Keywords:304 - Waiting for webElement...next
2024-10-23 15:14:12 INFO  Keywords:304 - Waiting for webElement...payment.modal
2024-10-23 15:14:38 INFO  Keywords:304 - Waiting for webElement...payment.method
2024-10-23 15:14:48 INFO  Keywords:132 - InputText is called
2024-10-23 15:14:48 INFO  Keywords:304 - Waiting for webElement...payment.premium
2024-10-23 15:14:58 INFO  Keywords:143 - ClickOnLink is called
2024-10-23 15:14:58 INFO  Keywords:304 - Waiting for webElement...next
2024-10-23 15:15:51 INFO  Keywords:304 - Waiting for webElement...existinginsurance.borrowingfunds
