2024-08-21 11:28:29 INFO  Keywords:104 - Navigate is called
2024-08-21 11:28:32 INFO  Keywords:130 - InputText is called
2024-08-21 11:28:32 INFO  Keywords:301 - Waiting for webElement...gateway.username
2024-08-21 11:28:32 INFO  Keywords:305 - Element found...gateway.username
2024-08-21 11:28:32 INFO  Keywords:130 - InputText is called
2024-08-21 11:28:32 INFO  Keywords:301 - Waiting for webElement...gateway.password
2024-08-21 11:28:32 INFO  Keywords:305 - Element found...gateway.password
2024-08-21 11:28:32 INFO  Keywords:141 - ClickOnLink is called
2024-08-21 11:28:32 INFO  Keywords:301 - Waiting for webElement...gateway.login
2024-08-21 11:28:32 INFO  Keywords:305 - Element found...gateway.login
2024-08-21 11:29:15 INFO  Keywords:141 - ClickOnLink is called
2024-08-21 11:29:15 INFO  Keywords:301 - Waiting for webElement...postsamldata
2024-08-21 11:29:41 INFO  Keywords:141 - ClickOnLink is called
2024-08-21 11:29:41 INFO  Keywords:301 - Waiting for webElement...next
2024-08-21 11:30:07 INFO  Keywords:130 - InputText is called
2024-08-21 11:30:07 INFO  Keywords:301 - Waiting for webElement...policyConfiguration.insuranceamount
2024-08-21 11:30:17 INFO  Keywords:301 - Waiting for webElement...policyConfiguration.LTC
2024-08-21 11:30:27 INFO  Keywords:301 - Waiting for webElement...policyConfiguration.payors
2024-08-21 11:30:37 INFO  Keywords:301 - Waiting for webElement...policyConfiguration.purposeofpolicy
2024-08-21 11:30:47 INFO  Keywords:141 - ClickOnLink is called
2024-08-21 11:30:47 INFO  Keywords:301 - Waiting for webElement...next
2024-08-21 11:31:13 INFO  Keywords:301 - Waiting for webElement...primaryinsured.birthcountry
2024-08-21 11:31:23 INFO  Keywords:301 - Waiting for webElement...primaryinsured.birthstate
2024-08-21 11:31:33 INFO  Keywords:130 - InputText is called
2024-08-21 11:31:33 INFO  Keywords:301 - Waiting for webElement...primaryinsured.birthcity
2024-08-21 11:31:43 INFO  Keywords:301 - Waiting for webElement...primaryinsured.drivinglicense
2024-08-21 11:31:53 INFO  Keywords:130 - InputText is called
2024-08-21 11:31:53 INFO  Keywords:301 - Waiting for webElement...primaryinsured.dlnumber
2024-08-21 11:32:19 INFO  Keywords:301 - Waiting for webElement...primaryinsured.dlissuestateAL
2024-08-21 11:32:30 INFO  Keywords:141 - ClickOnLink is called
2024-08-21 11:32:30 INFO  Keywords:301 - Waiting for webElement...next
2024-08-21 11:32:40 INFO  Keywords:130 - InputText is called
2024-08-21 11:32:40 INFO  Keywords:301 - Waiting for webElement...TrustOther
2024-08-21 11:33:06 INFO  Keywords:301 - Waiting for webElement...TrustIrres
2024-08-21 11:33:22 INFO  Keywords:141 - ClickOnLink is called
2024-08-21 11:33:22 INFO  Keywords:301 - Waiting for webElement...next
