2024-06-14 11:07:15 INFO  Keywords:99 - Navigate is called
2024-06-14 11:07:18 INFO  Keywords:125 - InputText is called
2024-06-14 11:07:18 INFO  Keywords:283 - Waiting for webElement...gateway.username
2024-06-14 11:07:18 INFO  Keywords:286 - Element found...gateway.username
2024-06-14 11:07:18 INFO  Keywords:125 - InputText is called
2024-06-14 11:07:18 INFO  Keywords:283 - Waiting for webElement...gateway.password
2024-06-14 11:07:18 INFO  Keywords:286 - Element found...gateway.password
2024-06-14 11:07:18 INFO  Keywords:136 - ClickOnLink is called
2024-06-14 11:07:18 INFO  Keywords:283 - Waiting for webElement...gateway.login
2024-06-14 11:07:18 INFO  Keywords:286 - Element found...gateway.login
2024-06-14 11:07:55 INFO  Keywords:136 - ClickOnLink is called
2024-06-14 11:07:55 INFO  Keywords:283 - Waiting for webElement...postsamldata
2024-06-14 11:07:55 INFO  Keywords:286 - Element found...postsamldata
2024-06-14 11:08:11 INFO  Keywords:136 - ClickOnLink is called
2024-06-14 11:08:11 INFO  Keywords:283 - Waiting for webElement...next
2024-06-14 11:08:11 INFO  Keywords:286 - Element found...next
2024-06-14 11:08:30 INFO  Keywords:125 - InputText is called
2024-06-14 11:08:30 INFO  Keywords:283 - Waiting for webElement...policyConfiguration.insuranceamount
2024-06-14 11:08:30 INFO  Keywords:286 - Element found...policyConfiguration.insuranceamount
2024-06-14 11:08:30 INFO  Keywords:283 - Waiting for webElement...policyConfiguration.LTC
2024-06-14 11:08:30 INFO  Keywords:286 - Element found...policyConfiguration.LTC
2024-06-14 11:08:30 INFO  Keywords:283 - Waiting for webElement...policyConfiguration.Benefit
2024-06-14 11:08:30 INFO  Keywords:286 - Element found...policyConfiguration.Benefit
2024-06-14 11:08:30 INFO  Keywords:283 - Waiting for webElement...policyConfiguration.payors
2024-06-14 11:08:30 INFO  Keywords:286 - Element found...policyConfiguration.payors
2024-06-14 11:08:31 INFO  Keywords:283 - Waiting for webElement...policyConfiguration.purposeofpolicy
2024-06-14 11:08:31 INFO  Keywords:286 - Element found...policyConfiguration.purposeofpolicy
2024-06-14 11:08:31 INFO  Keywords:136 - ClickOnLink is called
2024-06-14 11:08:31 INFO  Keywords:283 - Waiting for webElement...next
2024-06-14 11:08:31 INFO  Keywords:286 - Element found...next
2024-06-14 11:10:06 INFO  Keywords:283 - Waiting for webElement...primaryinsured.birthcountry
2024-06-14 11:10:06 INFO  Keywords:286 - Element found...primaryinsured.birthcountry
2024-06-14 11:10:07 INFO  Keywords:283 - Waiting for webElement...primaryinsured.birthstate
2024-06-14 11:10:07 INFO  Keywords:286 - Element found...primaryinsured.birthstate
2024-06-14 11:10:07 INFO  Keywords:125 - InputText is called
2024-06-14 11:10:07 INFO  Keywords:283 - Waiting for webElement...primaryinsured.birthcity
2024-06-14 11:10:17 INFO  Keywords:136 - ClickOnLink is called
2024-06-14 11:10:17 INFO  Keywords:283 - Waiting for webElement...next
2024-06-14 11:10:17 INFO  Keywords:286 - Element found...next
2024-06-14 11:10:36 INFO  Keywords:136 - ClickOnLink is called
2024-06-14 11:10:36 INFO  Keywords:283 - Waiting for webElement...next
2024-06-14 11:10:36 INFO  Keywords:286 - Element found...next
2024-06-14 11:10:56 INFO  Keywords:283 - Waiting for webElement...naturalOwner.relationwithInsured
2024-06-14 11:10:56 INFO  Keywords:286 - Element found...naturalOwner.relationwithInsured
2024-06-14 11:10:56 INFO  Keywords:283 - Waiting for webElement...naturalOwner.relationwithJointInsured
2024-06-14 11:11:47 INFO  Keywords:283 - Waiting for webElement...naturalOwner.PermamentResidentCard
2024-06-14 11:11:47 INFO  Keywords:286 - Element found...naturalOwner.PermamentResidentCard
2024-06-14 11:11:47 INFO  Keywords:125 - InputText is called
2024-06-14 11:11:47 INFO  Keywords:283 - Waiting for webElement...naturalOwner.ResidentCardIssueDAte
2024-06-14 11:11:47 INFO  Keywords:286 - Element found...naturalOwner.ResidentCardIssueDAte
2024-06-14 11:11:47 INFO  Keywords:125 - InputText is called
2024-06-14 11:11:47 INFO  Keywords:283 - Waiting for webElement...naturalOwner.ResidentCardExpireationDAte
2024-06-14 11:11:47 INFO  Keywords:286 - Element found...naturalOwner.ResidentCardExpireationDAte
2024-06-14 11:11:47 INFO  Keywords:125 - InputText is called
2024-06-14 11:11:47 INFO  Keywords:283 - Waiting for webElement...naturalOwner.USLivingYrs
2024-06-14 11:11:47 INFO  Keywords:286 - Element found...naturalOwner.USLivingYrs
2024-06-14 11:11:47 INFO  Keywords:125 - InputText is called
2024-06-14 11:11:47 INFO  Keywords:283 - Waiting for webElement...naturalOwner.USLivingMonths
2024-06-14 11:11:47 INFO  Keywords:286 - Element found...naturalOwner.USLivingMonths
2024-06-14 11:11:47 INFO  Keywords:136 - ClickOnLink is called
2024-06-14 11:11:47 INFO  Keywords:283 - Waiting for webElement...next
2024-06-14 11:11:47 INFO  Keywords:286 - Element found...next
2024-06-14 11:12:07 INFO  Keywords:283 - Waiting for webElement...financialDetails.SourceOfFundsLI
2024-06-14 11:12:07 INFO  Keywords:286 - Element found...financialDetails.SourceOfFundsLI
2024-06-14 11:12:07 INFO  Keywords:283 - Waiting for webElement...financialDetails.SurrenderChargeSOFLI
2024-06-14 11:12:07 INFO  Keywords:286 - Element found...financialDetails.SurrenderChargeSOFLI
2024-06-14 11:12:08 INFO  Keywords:283 - Waiting for webElement...financialDetails.envisiontaking
2024-06-14 11:12:08 INFO  Keywords:286 - Element found...financialDetails.envisiontaking
2024-06-14 11:12:08 INFO  Keywords:283 - Waiting for webElement...financialDetails.federalfaxbracket
2024-06-14 11:12:08 INFO  Keywords:286 - Element found...financialDetails.federalfaxbracket
2024-06-14 11:12:08 INFO  Keywords:283 - Waiting for webElement...financialDetails.riskTolerance
2024-06-14 11:12:08 INFO  Keywords:286 - Element found...financialDetails.riskTolerance
2024-06-14 11:12:08 INFO  Keywords:283 - Waiting for webElement...financialDetails.Investmentobjectives
2024-06-14 11:12:08 INFO  Keywords:286 - Element found...financialDetails.Investmentobjectives
2024-06-14 11:12:09 INFO  Keywords:283 - Waiting for webElement...financialDetails.timehorizon
2024-06-14 11:12:09 INFO  Keywords:286 - Element found...financialDetails.timehorizon
2024-06-14 11:12:09 INFO  Keywords:283 - Waiting for webElement...financialDetails.investmentexperienceFA
2024-06-14 11:12:09 INFO  Keywords:286 - Element found...financialDetails.investmentexperienceFA
2024-06-14 11:12:09 INFO  Keywords:125 - InputText is called
2024-06-14 11:12:09 INFO  Keywords:283 - Waiting for webElement...financialDetails.investmentstartyear
2024-06-14 11:12:09 INFO  Keywords:286 - Element found...financialDetails.investmentstartyear
2024-06-14 11:12:09 INFO  Keywords:125 - InputText is called
2024-06-14 11:12:09 INFO  Keywords:283 - Waiting for webElement...financialdetails.wages
2024-06-14 11:12:09 INFO  Keywords:286 - Element found...financialdetails.wages
2024-06-14 11:12:09 INFO  Keywords:125 - InputText is called
2024-06-14 11:12:09 INFO  Keywords:283 - Waiting for webElement...financialdetails.livingexpenses
2024-06-14 11:12:09 INFO  Keywords:286 - Element found...financialdetails.livingexpenses
2024-06-14 11:12:09 INFO  Keywords:125 - InputText is called
2024-06-14 11:12:09 INFO  Keywords:283 - Waiting for webElement...financialdetails.personalinvestment
2024-06-14 11:12:09 INFO  Keywords:286 - Element found...financialdetails.personalinvestment
2024-06-14 11:12:09 INFO  Keywords:125 - InputText is called
2024-06-14 11:12:09 INFO  Keywords:283 - Waiting for webElement...financialdetails.fixeddebtexpenses
2024-06-14 11:12:09 INFO  Keywords:286 - Element found...financialdetails.fixeddebtexpenses
2024-06-14 11:12:09 INFO  Keywords:125 - InputText is called
2024-06-14 11:12:09 INFO  Keywords:283 - Waiting for webElement...financialdetails.rentalincome
2024-06-14 11:12:09 INFO  Keywords:286 - Element found...financialdetails.rentalincome
2024-06-14 11:12:09 INFO  Keywords:125 - InputText is called
2024-06-14 11:12:09 INFO  Keywords:283 - Waiting for webElement...financialdetails.variabledebtexpenses
2024-06-14 11:12:09 INFO  Keywords:286 - Element found...financialdetails.variabledebtexpenses
2024-06-14 11:12:09 INFO  Keywords:125 - InputText is called
2024-06-14 11:12:09 INFO  Keywords:283 - Waiting for webElement...financialdetails.incomepension
2024-06-14 11:12:09 INFO  Keywords:286 - Element found...financialdetails.incomepension
2024-06-14 11:12:09 INFO  Keywords:125 - InputText is called
2024-06-14 11:12:09 INFO  Keywords:283 - Waiting for webElement...financialdetails.discretionaryexpenses
2024-06-14 11:12:09 INFO  Keywords:286 - Element found...financialdetails.discretionaryexpenses
2024-06-14 11:12:09 INFO  Keywords:125 - InputText is called
2024-06-14 11:12:09 INFO  Keywords:283 - Waiting for webElement...financialdetails.socialsecurityincome
2024-06-14 11:12:09 INFO  Keywords:286 - Element found...financialdetails.socialsecurityincome
2024-06-14 11:12:09 INFO  Keywords:125 - InputText is called
2024-06-14 11:12:09 INFO  Keywords:283 - Waiting for webElement...financialdetails.otherincome
2024-06-14 11:12:09 INFO  Keywords:286 - Element found...financialdetails.otherincome
2024-06-14 11:12:09 INFO  Keywords:125 - InputText is called
2024-06-14 11:12:09 INFO  Keywords:283 - Waiting for webElement...financialdetails.bonds
2024-06-14 11:12:09 INFO  Keywords:286 - Element found...financialdetails.bonds
2024-06-14 11:12:09 INFO  Keywords:125 - InputText is called
2024-06-14 11:12:09 INFO  Keywords:283 - Waiting for webElement...financialdetails.businessTrustRealstate
2024-06-14 11:12:09 INFO  Keywords:286 - Element found...financialdetails.businessTrustRealstate
2024-06-14 11:12:09 INFO  Keywords:125 - InputText is called
2024-06-14 11:12:09 INFO  Keywords:283 - Waiting for webElement...financialdetails.retirementplan
2024-06-14 11:12:09 INFO  Keywords:286 - Element found...financialdetails.retirementplan
2024-06-14 11:12:09 INFO  Keywords:125 - InputText is called
2024-06-14 11:12:09 INFO  Keywords:283 - Waiting for webElement...financialdetails.equities
2024-06-14 11:12:10 INFO  Keywords:286 - Element found...financialdetails.equities
2024-06-14 11:12:10 INFO  Keywords:125 - InputText is called
2024-06-14 11:12:10 INFO  Keywords:283 - Waiting for webElement...financialdetails.facevalueilfeinsurance
2024-06-14 11:12:10 INFO  Keywords:286 - Element found...financialdetails.facevalueilfeinsurance
2024-06-14 11:12:10 INFO  Keywords:125 - InputText is called
2024-06-14 11:12:10 INFO  Keywords:283 - Waiting for webElement...financialdetails.fixedannuity
2024-06-14 11:12:10 INFO  Keywords:286 - Element found...financialdetails.fixedannuity
2024-06-14 11:12:10 INFO  Keywords:125 - InputText is called
2024-06-14 11:12:10 INFO  Keywords:283 - Waiting for webElement...financialdetails.indexannuity
2024-06-14 11:12:10 INFO  Keywords:286 - Element found...financialdetails.indexannuity
2024-06-14 11:12:10 INFO  Keywords:125 - InputText is called
2024-06-14 11:12:10 INFO  Keywords:283 - Waiting for webElement...financialdetails.liquidnetworth
2024-06-14 11:12:10 INFO  Keywords:286 - Element found...financialdetails.liquidnetworth
2024-06-14 11:12:10 INFO  Keywords:125 - InputText is called
2024-06-14 11:12:10 INFO  Keywords:283 - Waiting for webElement...financialdetails.mutualfund
2024-06-14 11:12:10 INFO  Keywords:286 - Element found...financialdetails.mutualfund
2024-06-14 11:12:10 INFO  Keywords:125 - InputText is called
2024-06-14 11:12:10 INFO  Keywords:283 - Waiting for webElement...financialdetails.otherbrokerage
2024-06-14 11:12:10 INFO  Keywords:286 - Element found...financialdetails.otherbrokerage
2024-06-14 11:12:10 INFO  Keywords:125 - InputText is called
2024-06-14 11:12:10 INFO  Keywords:283 - Waiting for webElement...financialdetails.policypremium
2024-06-14 11:12:10 INFO  Keywords:286 - Element found...financialdetails.policypremium
2024-06-14 11:12:10 INFO  Keywords:125 - InputText is called
2024-06-14 11:12:10 INFO  Keywords:283 - Waiting for webElement...financialdetails.variableannuity
2024-06-14 11:12:10 INFO  Keywords:286 - Element found...financialdetails.variableannuity
2024-06-14 11:12:10 INFO  Keywords:125 - InputText is called
2024-06-14 11:12:10 INFO  Keywords:283 - Waiting for webElement...financialdetails.totalpremium
2024-06-14 11:12:10 INFO  Keywords:286 - Element found...financialdetails.totalpremium
2024-06-14 11:12:10 INFO  Keywords:283 - Waiting for webElement...financialdetails.anticipatedchanges
2024-06-14 11:12:10 INFO  Keywords:286 - Element found...financialdetails.anticipatedchanges
2024-06-14 11:12:10 INFO  Keywords:283 - Waiting for webElement...financialdetails.nonguaranteedelementYes
2024-06-14 11:12:10 INFO  Keywords:286 - Element found...financialdetails.nonguaranteedelementYes
2024-06-14 11:12:10 INFO  Keywords:283 - Waiting for webElement...financialdetails.reversemortgage
2024-06-14 11:12:10 INFO  Keywords:286 - Element found...financialdetails.reversemortgage
2024-06-14 11:12:11 INFO  Keywords:136 - ClickOnLink is called
2024-06-14 11:12:11 INFO  Keywords:283 - Waiting for webElement...next
2024-06-14 11:12:11 INFO  Keywords:286 - Element found...next
2024-06-14 11:12:30 INFO  Keywords:283 - Waiting for webElement...payment.modal
2024-06-14 11:12:30 INFO  Keywords:286 - Element found...payment.modal
2024-06-14 11:12:46 INFO  Keywords:283 - Waiting for webElement...payment.method
2024-06-14 11:12:46 INFO  Keywords:286 - Element found...payment.method
2024-06-14 11:12:56 INFO  Keywords:125 - InputText is called
2024-06-14 11:12:56 INFO  Keywords:283 - Waiting for webElement...payment.premium
2024-06-14 11:12:56 INFO  Keywords:286 - Element found...payment.premium
2024-06-14 11:12:56 INFO  Keywords:136 - ClickOnLink is called
2024-06-14 11:12:56 INFO  Keywords:283 - Waiting for webElement...next
2024-06-14 11:12:56 INFO  Keywords:286 - Element found...next
2024-06-14 11:13:15 INFO  Keywords:283 - Waiting for webElement...existinginsurance.borrowingfunds
2024-06-14 11:13:15 INFO  Keywords:286 - Element found...existinginsurance.borrowingfunds
2024-06-14 11:13:16 INFO  Keywords:283 - Waiting for webElement...existinginsurance.terminatingexistinglifepolicyNo
2024-06-14 11:13:16 INFO  Keywords:286 - Element found...existinginsurance.terminatingexistinglifepolicyNo
2024-06-14 11:13:16 INFO  Keywords:283 - Waiting for webElement...existinginsurance.DisabilityPoliciesNo
2024-06-14 11:13:16 INFO  Keywords:286 - Element found...existinginsurance.DisabilityPoliciesNo
2024-06-14 11:13:16 INFO  Keywords:283 - Waiting for webElement...existinginsurance.longtermpolicyNo
2024-06-14 11:13:16 INFO  Keywords:286 - Element found...existinginsurance.longtermpolicyNo
2024-06-14 11:13:16 INFO  Keywords:283 - Waiting for webElement...existinglongterminsurance.NO
2024-06-14 11:13:16 INFO  Keywords:286 - Element found...existinglongterminsurance.NO
2024-06-14 11:13:17 INFO  Keywords:136 - ClickOnLink is called
2024-06-14 11:13:17 INFO  Keywords:283 - Waiting for webElement...next
2024-06-14 11:13:17 INFO  Keywords:286 - Element found...next
2024-06-14 11:13:35 INFO  Keywords:136 - ClickOnLink is called
2024-06-14 11:13:35 INFO  Keywords:283 - Waiting for webElement...next
2024-06-14 11:13:35 INFO  Keywords:286 - Element found...next
2024-06-14 11:13:54 INFO  Keywords:125 - InputText is called
2024-06-14 11:13:54 INFO  Keywords:283 - Waiting for webElement...additionalclientquestion.q1
2024-06-14 11:13:54 INFO  Keywords:286 - Element found...additionalclientquestion.q1
2024-06-14 11:13:54 INFO  Keywords:125 - InputText is called
2024-06-14 11:13:54 INFO  Keywords:283 - Waiting for webElement...additionalclientquestion.q2
2024-06-14 11:13:54 INFO  Keywords:286 - Element found...additionalclientquestion.q2
2024-06-14 11:13:54 INFO  Keywords:125 - InputText is called
2024-06-14 11:13:54 INFO  Keywords:283 - Waiting for webElement...additionalclientquestion.q3
2024-06-14 11:13:54 INFO  Keywords:286 - Element found...additionalclientquestion.q3
2024-06-14 11:13:54 INFO  Keywords:125 - InputText is called
2024-06-14 11:13:54 INFO  Keywords:283 - Waiting for webElement...additionalclientquestion.q4
2024-06-14 11:14:44 INFO  Keywords:125 - InputText is called
2024-06-14 11:14:44 INFO  Keywords:283 - Waiting for webElement...additionalclientquestion.q5
2024-06-14 11:15:35 INFO  Keywords:484 - GetText is called
2024-06-14 11:15:35 INFO  Keywords:283 - Waiting for webElement...ebixTxnID
2024-06-14 11:15:35 INFO  Keywords:286 - Element found...ebixTxnID
2024-06-14 11:15:35 INFO  Keywords:488 - LinkId: 531192
2024-06-14 11:15:35 INFO  Keywords:532 - LinkId: 531192
2024-06-14 11:15:35 INFO  Keywords:484 - GetText is called
2024-06-14 11:15:35 INFO  Keywords:283 - Waiting for webElement...ebixTxnID
2024-06-14 11:15:35 INFO  Keywords:286 - Element found...ebixTxnID
2024-06-14 11:15:35 INFO  Keywords:488 - LinkId: 531192
2024-06-14 11:15:35 INFO  Keywords:136 - ClickOnLink is called
2024-06-14 11:15:35 INFO  Keywords:283 - Waiting for webElement...attachment
2024-06-14 11:15:35 INFO  Keywords:286 - Element found...attachment
2024-06-14 11:15:36 INFO  Keywords:283 - Waiting for webElement...attachment.documenttype
2024-06-14 11:15:37 INFO  Keywords:286 - Element found...attachment.documenttype
2024-06-14 11:15:37 INFO  Keywords:125 - InputText is called
2024-06-14 11:15:37 INFO  Keywords:283 - Waiting for webElement...attachment.choosefile
2024-06-14 11:15:37 INFO  Keywords:286 - Element found...attachment.choosefile
2024-06-14 11:15:37 INFO  Keywords:136 - ClickOnLink is called
2024-06-14 11:15:37 INFO  Keywords:283 - Waiting for webElement...attachment.upload
2024-06-14 11:15:37 INFO  Keywords:286 - Element found...attachment.upload
2024-06-14 11:17:08 INFO  Keywords:411 - switching to particular window...
2024-06-14 11:17:08 INFO  Keywords:484 - GetText is called
2024-06-14 11:17:08 INFO  Keywords:283 - Waiting for webElement...ebixTxnID
2024-06-14 11:17:08 INFO  Keywords:286 - Element found...ebixTxnID
2024-06-14 11:17:08 INFO  Keywords:488 - LinkId: 531192
2024-06-14 11:17:08 INFO  Keywords:532 - LinkId: 531192
2024-06-14 11:17:08 INFO  Keywords:484 - GetText is called
2024-06-14 11:17:08 INFO  Keywords:283 - Waiting for webElement...ebixTxnID
2024-06-14 11:17:08 INFO  Keywords:286 - Element found...ebixTxnID
2024-06-14 11:17:08 INFO  Keywords:488 - LinkId: 531192
2024-06-14 11:17:08 INFO  Keywords:136 - ClickOnLink is called
2024-06-14 11:17:08 INFO  Keywords:283 - Waiting for webElement...next
2024-06-14 11:17:08 INFO  Keywords:286 - Element found...next
2024-06-14 11:17:26 INFO  Keywords:136 - ClickOnLink is called
2024-06-14 11:17:26 INFO  Keywords:283 - Waiting for webElement...validate.button
2024-06-14 11:18:08 INFO  Keywords:136 - ClickOnLink is called
2024-06-14 11:18:08 INFO  Keywords:283 - Waiting for webElement...notification.continue
2024-06-14 11:18:34 INFO  Keywords:136 - ClickOnLink is called
2024-06-14 11:18:34 INFO  Keywords:283 - Waiting for webElement...esignature.optout
2024-06-14 11:20:14 INFO  Keywords:148 - VerifyText is called
2024-06-14 11:20:14 INFO  Keywords:283 - Waiting for webElement...WebElement
2024-06-14 11:20:15 INFO  Keywords:136 - ClickOnLink is called
2024-06-14 11:20:15 INFO  Keywords:283 - Waiting for webElement...attachment
2024-06-14 11:20:15 INFO  Keywords:286 - Element found...attachment
2024-06-14 11:20:15 INFO  Keywords:283 - Waiting for webElement...attachment.documenttype
2024-06-14 11:20:15 INFO  Keywords:286 - Element found...attachment.documenttype
2024-06-14 11:20:15 INFO  Keywords:125 - InputText is called
2024-06-14 11:20:15 INFO  Keywords:283 - Waiting for webElement...attachment.choosefile
2024-06-14 11:20:15 INFO  Keywords:286 - Element found...attachment.choosefile
2024-06-14 11:20:15 INFO  Keywords:136 - ClickOnLink is called
2024-06-14 11:20:15 INFO  Keywords:283 - Waiting for webElement...attachment.upload
2024-06-14 11:20:15 INFO  Keywords:286 - Element found...attachment.upload
2024-06-14 11:20:34 INFO  Keywords:136 - ClickOnLink is called
2024-06-14 11:20:34 INFO  Keywords:283 - Waiting for webElement...RequestSignatures
2024-06-14 11:21:00 INFO  Keywords:283 - Waiting for webElement...attachment.documenttype
2024-06-14 11:21:00 INFO  Keywords:286 - Element found...attachment.documenttype
2024-06-14 11:21:00 INFO  Keywords:125 - InputText is called
2024-06-14 11:21:00 INFO  Keywords:283 - Waiting for webElement...attachment.choosefile
2024-06-14 11:21:00 INFO  Keywords:286 - Element found...attachment.choosefile
2024-06-14 11:21:00 INFO  Keywords:136 - ClickOnLink is called
2024-06-14 11:21:00 INFO  Keywords:283 - Waiting for webElement...attachment.upload
2024-06-14 11:21:00 INFO  Keywords:286 - Element found...attachment.upload
2024-06-14 11:21:19 INFO  Keywords:136 - ClickOnLink is called
2024-06-14 11:21:19 INFO  Keywords:283 - Waiting for webElement...SubmitButton
2024-06-14 11:22:59 INFO  Keywords:430 - switching to parent window...
2024-06-14 11:22:59 INFO  Keywords:99 - Navigate is called
2024-06-14 11:23:00 INFO  Keywords:498 - ClearText is called
2024-06-14 11:23:00 INFO  Keywords:283 - Waiting for webElement...gateway.username
2024-06-14 11:23:00 INFO  Keywords:286 - Element found...gateway.username
2024-06-14 11:23:00 INFO  Keywords:502 - LinkId: 531192
2024-06-14 11:23:00 INFO  Keywords:125 - InputText is called
2024-06-14 11:23:00 INFO  Keywords:283 - Waiting for webElement...gateway.username
2024-06-14 11:23:00 INFO  Keywords:286 - Element found...gateway.username
2024-06-14 11:23:00 INFO  Keywords:498 - ClearText is called
2024-06-14 11:23:00 INFO  Keywords:283 - Waiting for webElement...gateway.password
2024-06-14 11:23:00 INFO  Keywords:286 - Element found...gateway.password
2024-06-14 11:23:00 INFO  Keywords:502 - LinkId: 531192
2024-06-14 11:23:00 INFO  Keywords:125 - InputText is called
2024-06-14 11:23:00 INFO  Keywords:283 - Waiting for webElement...gateway.password
2024-06-14 11:23:00 INFO  Keywords:286 - Element found...gateway.password
2024-06-14 11:23:00 INFO  Keywords:136 - ClickOnLink is called
2024-06-14 11:23:00 INFO  Keywords:283 - Waiting for webElement...gateway.login
2024-06-14 11:23:00 INFO  Keywords:286 - Element found...gateway.login
2024-06-14 11:23:17 INFO  Keywords:136 - ClickOnLink is called
2024-06-14 11:23:17 INFO  Keywords:283 - Waiting for webElement...management
2024-06-14 11:23:17 INFO  Keywords:286 - Element found...management
2024-06-14 11:23:18 INFO  Keywords:283 - Waiting for webElement...managementTools
2024-06-14 11:23:18 INFO  Keywords:286 - Element found...managementTools
2024-06-14 11:23:19 INFO  Keywords:136 - ClickOnLink is called
2024-06-14 11:23:19 INFO  Keywords:283 - Waiting for webElement...feedManagement
2024-06-14 11:23:19 INFO  Keywords:286 - Element found...feedManagement
2024-06-14 11:23:35 INFO  Keywords:136 - ClickOnLink is called
2024-06-14 11:23:35 INFO  Keywords:283 - Waiting for webElement...searchPanel
2024-06-14 11:23:35 INFO  Keywords:286 - Element found...searchPanel
2024-06-14 11:23:35 INFO  Keywords:283 - Waiting for webElement...selectTransactionID
2024-06-14 11:23:35 INFO  Keywords:286 - Element found...selectTransactionID
2024-06-14 11:23:35 INFO  Keywords:125 - InputText is called
2024-06-14 11:23:35 INFO  Keywords:283 - Waiting for webElement...enterTransactioID
2024-06-14 11:23:36 INFO  Keywords:286 - Element found...enterTransactioID
2024-06-14 11:23:36 INFO  Keywords:136 - ClickOnLink is called
2024-06-14 11:23:36 INFO  Keywords:283 - Waiting for webElement...searchbutton
2024-06-14 11:23:36 INFO  Keywords:286 - Element found...searchbutton
2024-06-14 11:23:52 INFO  Keywords:136 - ClickOnLink is called
2024-06-14 11:23:52 INFO  Keywords:283 - Waiting for webElement...transactionSearchmyResult
2024-06-14 11:23:52 INFO  Keywords:286 - Element found...transactionSearchmyResult
2024-06-14 11:24:08 INFO  Keywords:136 - ClickOnLink is called
2024-06-14 11:24:08 INFO  Keywords:283 - Waiting for webElement...onenotThree
2024-06-14 11:24:08 INFO  Keywords:286 - Element found...onenotThree
2024-06-14 11:24:24 INFO  Keywords:283 - Waiting for webElement...103ResponseXML
2024-06-14 11:24:24 INFO  Keywords:286 - Element found...103ResponseXML
2024-06-14 11:24:57 INFO  Keywords:430 - switching to parent window...
2024-06-14 11:24:57 INFO  Keywords:99 - Navigate is called
2024-06-14 11:24:57 INFO  Keywords:498 - ClearText is called
2024-06-14 11:24:57 INFO  Keywords:283 - Waiting for webElement...gateway.username
2024-06-14 11:24:57 INFO  Keywords:286 - Element found...gateway.username
2024-06-14 11:24:57 INFO  Keywords:502 - <soap:Envelope xmlns:soap="http://schemas.xmlsoap.org/soap/envelope/" xmlns:xsd="http://www.w3.org/2001/XMLSchema" xmlns:acord="http://ACORD.org/Standards/Life/2" xmlns:finetre="www.finetre.com/webservices" xmlns:user="http://www.annuitynet.com/namespace" xmlns:xsi="http://www.w3.org/2001/XMLSchema-instance"><soap:Header><Header xmlns="www.finetre.com/webservices"><SessionId/><TransactionType>TransactionXML</TransactionType><ServiceVersion>1</ServiceVersion><RequestorId/><RequestorKey xsi:nil="true"/><ResponderId>SO</ResponderId><ResponderKey xsi:nil="true"/><RequestGUID>CB9A7BF6-ED10-49FF-AC69-F77F5C9B772C</RequestGUID><RequestSentDateTime/><RequestReceivedDateTime>2024-6-14T5:38:40</RequestReceivedDateTime><ResponseSentDateTime>2024-6-14T5:38:40</ResponseSentDateTime><ResponseReceivedDateTime>0001-01-01T00:00:00.0000000-05:00</ResponseReceivedDateTime><Extensions xsi:nil="true"/></Header></soap:Header><soap:Body><UploadResponse xmlns="www.finetre.com/webservices"><Data><Status>Success</Status><Errors xsi:nil="false"/><Extensions xsi:nil="true"/></Data></UploadResponse></soap:Body></soap:Envelope>
2024-06-14 11:24:57 INFO  Keywords:125 - InputText is called
2024-06-14 11:24:57 INFO  Keywords:283 - Waiting for webElement...gateway.username
2024-06-14 11:24:57 INFO  Keywords:286 - Element found...gateway.username
2024-06-14 11:24:57 INFO  Keywords:498 - ClearText is called
2024-06-14 11:24:57 INFO  Keywords:283 - Waiting for webElement...gateway.password
2024-06-14 11:24:57 INFO  Keywords:286 - Element found...gateway.password
2024-06-14 11:24:57 INFO  Keywords:502 - <soap:Envelope xmlns:soap="http://schemas.xmlsoap.org/soap/envelope/" xmlns:xsd="http://www.w3.org/2001/XMLSchema" xmlns:acord="http://ACORD.org/Standards/Life/2" xmlns:finetre="www.finetre.com/webservices" xmlns:user="http://www.annuitynet.com/namespace" xmlns:xsi="http://www.w3.org/2001/XMLSchema-instance"><soap:Header><Header xmlns="www.finetre.com/webservices"><SessionId/><TransactionType>TransactionXML</TransactionType><ServiceVersion>1</ServiceVersion><RequestorId/><RequestorKey xsi:nil="true"/><ResponderId>SO</ResponderId><ResponderKey xsi:nil="true"/><RequestGUID>CB9A7BF6-ED10-49FF-AC69-F77F5C9B772C</RequestGUID><RequestSentDateTime/><RequestReceivedDateTime>2024-6-14T5:38:40</RequestReceivedDateTime><ResponseSentDateTime>2024-6-14T5:38:40</ResponseSentDateTime><ResponseReceivedDateTime>0001-01-01T00:00:00.0000000-05:00</ResponseReceivedDateTime><Extensions xsi:nil="true"/></Header></soap:Header><soap:Body><UploadResponse xmlns="www.finetre.com/webservices"><Data><Status>Success</Status><Errors xsi:nil="false"/><Extensions xsi:nil="true"/></Data></UploadResponse></soap:Body></soap:Envelope>
2024-06-14 11:24:57 INFO  Keywords:125 - InputText is called
2024-06-14 11:24:57 INFO  Keywords:283 - Waiting for webElement...gateway.password
2024-06-14 11:24:57 INFO  Keywords:286 - Element found...gateway.password
2024-06-14 11:24:57 INFO  Keywords:136 - ClickOnLink is called
2024-06-14 11:24:57 INFO  Keywords:283 - Waiting for webElement...gateway.login
2024-06-14 11:24:57 INFO  Keywords:286 - Element found...gateway.login
2024-06-14 11:25:14 INFO  Keywords:136 - ClickOnLink is called
2024-06-14 11:25:14 INFO  Keywords:283 - Waiting for webElement...management
2024-06-14 11:25:14 INFO  Keywords:286 - Element found...management
2024-06-14 11:25:14 INFO  Keywords:283 - Waiting for webElement...managementTools
2024-06-14 11:25:14 INFO  Keywords:286 - Element found...managementTools
2024-06-14 11:25:15 INFO  Keywords:136 - ClickOnLink is called
2024-06-14 11:25:15 INFO  Keywords:283 - Waiting for webElement...feedManagement
2024-06-14 11:25:16 INFO  Keywords:286 - Element found...feedManagement
2024-06-14 11:25:32 INFO  Keywords:136 - ClickOnLink is called
2024-06-14 11:25:32 INFO  Keywords:283 - Waiting for webElement...searchPanel
2024-06-14 11:25:32 INFO  Keywords:286 - Element found...searchPanel
2024-06-14 11:25:32 INFO  Keywords:283 - Waiting for webElement...selectTransactionID
2024-06-14 11:25:32 INFO  Keywords:286 - Element found...selectTransactionID
2024-06-14 11:25:32 INFO  Keywords:125 - InputText is called
2024-06-14 11:25:32 INFO  Keywords:283 - Waiting for webElement...enterTransactioID
2024-06-14 11:25:32 INFO  Keywords:286 - Element found...enterTransactioID
2024-06-14 11:25:32 INFO  Keywords:136 - ClickOnLink is called
2024-06-14 11:25:32 INFO  Keywords:283 - Waiting for webElement...searchbutton
2024-06-14 11:25:32 INFO  Keywords:286 - Element found...searchbutton
2024-06-14 11:25:49 INFO  Keywords:136 - ClickOnLink is called
2024-06-14 11:25:49 INFO  Keywords:283 - Waiting for webElement...transactionSearchmyResult
2024-06-14 11:25:49 INFO  Keywords:286 - Element found...transactionSearchmyResult
2024-06-14 11:26:05 INFO  Keywords:136 - ClickOnLink is called
2024-06-14 11:26:05 INFO  Keywords:283 - Waiting for webElement...RTSMButton
2024-06-14 11:26:05 INFO  Keywords:286 - Element found...RTSMButton
2024-06-14 11:26:21 INFO  Keywords:283 - Waiting for webElement...RTSMResponseXML
2024-06-14 11:27:49 INFO  Keywords:99 - Navigate is called
2024-06-14 11:27:51 INFO  Keywords:125 - InputText is called
2024-06-14 11:27:51 INFO  Keywords:283 - Waiting for webElement...gateway.username
2024-06-14 11:27:52 INFO  Keywords:286 - Element found...gateway.username
2024-06-14 11:27:52 INFO  Keywords:125 - InputText is called
2024-06-14 11:27:52 INFO  Keywords:283 - Waiting for webElement...gateway.password
2024-06-14 11:27:52 INFO  Keywords:286 - Element found...gateway.password
2024-06-14 11:27:52 INFO  Keywords:136 - ClickOnLink is called
2024-06-14 11:27:52 INFO  Keywords:283 - Waiting for webElement...gateway.login
2024-06-14 11:27:52 INFO  Keywords:286 - Element found...gateway.login
2024-06-14 11:28:28 INFO  Keywords:136 - ClickOnLink is called
2024-06-14 11:28:28 INFO  Keywords:283 - Waiting for webElement...postsamldata
2024-06-14 11:28:28 INFO  Keywords:286 - Element found...postsamldata
2024-06-14 11:28:45 INFO  Keywords:136 - ClickOnLink is called
2024-06-14 11:28:45 INFO  Keywords:283 - Waiting for webElement...next
2024-06-14 11:28:45 INFO  Keywords:286 - Element found...next
2024-06-14 11:29:03 INFO  Keywords:125 - InputText is called
2024-06-14 11:29:03 INFO  Keywords:283 - Waiting for webElement...policyConfiguration.insuranceamount
2024-06-14 11:29:03 INFO  Keywords:286 - Element found...policyConfiguration.insuranceamount
2024-06-14 11:29:03 INFO  Keywords:283 - Waiting for webElement...policyConfiguration.LTC
2024-06-14 11:29:03 INFO  Keywords:286 - Element found...policyConfiguration.LTC
2024-06-14 11:29:04 INFO  Keywords:283 - Waiting for webElement...policyConfiguration.Benefit
2024-06-14 11:29:04 INFO  Keywords:286 - Element found...policyConfiguration.Benefit
2024-06-14 11:29:04 INFO  Keywords:283 - Waiting for webElement...policyConfiguration.payors
2024-06-14 11:29:04 INFO  Keywords:286 - Element found...policyConfiguration.payors
2024-06-14 11:29:04 INFO  Keywords:283 - Waiting for webElement...policyConfiguration.purposeofpolicy
2024-06-14 11:29:04 INFO  Keywords:286 - Element found...policyConfiguration.purposeofpolicy
2024-06-14 11:29:04 INFO  Keywords:136 - ClickOnLink is called
2024-06-14 11:29:04 INFO  Keywords:283 - Waiting for webElement...next
2024-06-14 11:29:04 INFO  Keywords:286 - Element found...next
2024-06-14 11:30:40 INFO  Keywords:283 - Waiting for webElement...primaryinsured.birthcountry
2024-06-14 11:30:40 INFO  Keywords:286 - Element found...primaryinsured.birthcountry
2024-06-14 11:30:40 INFO  Keywords:283 - Waiting for webElement...primaryinsured.birthstate
2024-06-14 11:30:40 INFO  Keywords:286 - Element found...primaryinsured.birthstate
2024-06-14 11:30:40 INFO  Keywords:125 - InputText is called
2024-06-14 11:30:40 INFO  Keywords:283 - Waiting for webElement...primaryinsured.birthcity
2024-06-14 11:30:50 INFO  Keywords:136 - ClickOnLink is called
2024-06-14 11:30:50 INFO  Keywords:283 - Waiting for webElement...next
2024-06-14 11:30:50 INFO  Keywords:286 - Element found...next
2024-06-14 11:31:12 INFO  Keywords:136 - ClickOnLink is called
2024-06-14 11:31:12 INFO  Keywords:283 - Waiting for webElement...next
2024-06-14 11:31:12 INFO  Keywords:286 - Element found...next
2024-06-14 11:31:28 INFO  Keywords:283 - Waiting for webElement...naturalOwner.relationwithInsured
2024-06-14 11:31:46 INFO  Keywords:283 - Waiting for webElement...naturalOwner.relationwithJointInsured
2024-06-14 11:31:56 INFO  Keywords:283 - Waiting for webElement...naturalOwner.PermamentResidentCard
2024-06-14 11:32:06 INFO  Keywords:125 - InputText is called
2024-06-14 11:32:06 INFO  Keywords:283 - Waiting for webElement...naturalOwner.ResidentCardIssueDAte
2024-06-14 11:32:17 INFO  Keywords:125 - InputText is called
2024-06-14 11:32:17 INFO  Keywords:283 - Waiting for webElement...naturalOwner.ResidentCardExpireationDAte
2024-06-14 11:32:27 INFO  Keywords:125 - InputText is called
2024-06-14 11:32:27 INFO  Keywords:283 - Waiting for webElement...naturalOwner.USLivingYrs
2024-06-14 11:32:37 INFO  Keywords:125 - InputText is called
2024-06-14 11:32:37 INFO  Keywords:283 - Waiting for webElement...naturalOwner.USLivingMonths
2024-06-14 11:32:47 INFO  Keywords:136 - ClickOnLink is called
2024-06-14 11:32:47 INFO  Keywords:283 - Waiting for webElement...next
2024-06-14 11:32:47 INFO  Keywords:286 - Element found...next
2024-06-14 11:33:08 INFO  Keywords:283 - Waiting for webElement...financialDetails.SourceOfFundsLI
2024-06-14 11:33:18 INFO  Keywords:283 - Waiting for webElement...financialDetails.SurrenderChargeSOFLI
2024-06-14 11:33:28 INFO  Keywords:283 - Waiting for webElement...financialDetails.envisiontaking
2024-06-14 11:33:38 INFO  Keywords:283 - Waiting for webElement...financialDetails.federalfaxbracket
2024-06-14 11:33:49 INFO  Keywords:283 - Waiting for webElement...financialDetails.riskTolerance
2024-06-14 11:33:59 INFO  Keywords:283 - Waiting for webElement...financialDetails.Investmentobjectives
2024-06-14 11:34:09 INFO  Keywords:283 - Waiting for webElement...financialDetails.timehorizon
2024-06-14 11:34:19 INFO  Keywords:283 - Waiting for webElement...financialDetails.investmentexperienceFA
2024-06-14 11:34:29 INFO  Keywords:125 - InputText is called
2024-06-14 11:34:29 INFO  Keywords:283 - Waiting for webElement...financialDetails.investmentstartyear
2024-06-14 11:34:39 INFO  Keywords:125 - InputText is called
2024-06-14 11:34:39 INFO  Keywords:283 - Waiting for webElement...financialdetails.wages
2024-06-14 11:34:49 INFO  Keywords:125 - InputText is called
2024-06-14 11:34:49 INFO  Keywords:283 - Waiting for webElement...financialdetails.livingexpenses
2024-06-14 11:34:59 INFO  Keywords:125 - InputText is called
2024-06-14 11:34:59 INFO  Keywords:283 - Waiting for webElement...financialdetails.personalinvestment
2024-06-14 11:35:09 INFO  Keywords:125 - InputText is called
2024-06-14 11:35:09 INFO  Keywords:283 - Waiting for webElement...financialdetails.fixeddebtexpenses
2024-06-14 11:35:20 INFO  Keywords:125 - InputText is called
2024-06-14 11:35:20 INFO  Keywords:283 - Waiting for webElement...financialdetails.rentalincome
2024-06-14 11:35:30 INFO  Keywords:125 - InputText is called
2024-06-14 11:35:30 INFO  Keywords:283 - Waiting for webElement...financialdetails.variabledebtexpenses
2024-06-14 11:35:40 INFO  Keywords:125 - InputText is called
2024-06-14 11:35:40 INFO  Keywords:283 - Waiting for webElement...financialdetails.incomepension
2024-06-14 11:35:50 INFO  Keywords:125 - InputText is called
2024-06-14 11:35:50 INFO  Keywords:283 - Waiting for webElement...financialdetails.discretionaryexpenses
2024-06-14 11:36:00 INFO  Keywords:125 - InputText is called
2024-06-14 11:36:00 INFO  Keywords:283 - Waiting for webElement...financialdetails.socialsecurityincome
2024-06-14 11:36:10 INFO  Keywords:125 - InputText is called
2024-06-14 11:36:10 INFO  Keywords:283 - Waiting for webElement...financialdetails.otherincome
2024-06-14 11:36:20 INFO  Keywords:125 - InputText is called
2024-06-14 11:36:20 INFO  Keywords:283 - Waiting for webElement...financialdetails.bonds
2024-06-14 11:36:30 INFO  Keywords:125 - InputText is called
2024-06-14 11:36:30 INFO  Keywords:283 - Waiting for webElement...financialdetails.businessTrustRealstate
2024-06-14 11:36:40 INFO  Keywords:125 - InputText is called
2024-06-14 11:36:40 INFO  Keywords:283 - Waiting for webElement...financialdetails.retirementplan
2024-06-14 11:36:57 INFO  Keywords:125 - InputText is called
2024-06-14 11:36:57 INFO  Keywords:283 - Waiting for webElement...financialdetails.equities
2024-06-14 11:37:07 INFO  Keywords:125 - InputText is called
2024-06-14 11:37:07 INFO  Keywords:283 - Waiting for webElement...financialdetails.facevalueilfeinsurance
2024-06-14 11:37:17 INFO  Keywords:125 - InputText is called
2024-06-14 11:37:17 INFO  Keywords:283 - Waiting for webElement...financialdetails.fixedannuity
2024-06-14 11:37:27 INFO  Keywords:125 - InputText is called
2024-06-14 11:37:27 INFO  Keywords:283 - Waiting for webElement...financialdetails.indexannuity
2024-06-14 11:37:37 INFO  Keywords:125 - InputText is called
2024-06-14 11:37:37 INFO  Keywords:283 - Waiting for webElement...financialdetails.liquidnetworth
2024-06-14 11:37:47 INFO  Keywords:125 - InputText is called
2024-06-14 11:37:47 INFO  Keywords:283 - Waiting for webElement...financialdetails.mutualfund
2024-06-14 11:37:57 INFO  Keywords:125 - InputText is called
2024-06-14 11:37:57 INFO  Keywords:283 - Waiting for webElement...financialdetails.otherbrokerage
2024-06-14 11:38:07 INFO  Keywords:125 - InputText is called
2024-06-14 11:38:07 INFO  Keywords:283 - Waiting for webElement...financialdetails.policypremium
2024-06-14 11:38:17 INFO  Keywords:125 - InputText is called
2024-06-14 11:38:17 INFO  Keywords:283 - Waiting for webElement...financialdetails.variableannuity
2024-06-14 11:38:28 INFO  Keywords:125 - InputText is called
2024-06-14 11:38:28 INFO  Keywords:283 - Waiting for webElement...financialdetails.totalpremium
2024-06-14 11:38:38 INFO  Keywords:283 - Waiting for webElement...financialdetails.anticipatedchanges
2024-06-14 11:38:48 INFO  Keywords:283 - Waiting for webElement...financialdetails.nonguaranteedelementYes
2024-06-14 11:38:58 INFO  Keywords:283 - Waiting for webElement...financialdetails.reversemortgage
2024-06-14 11:39:08 INFO  Keywords:136 - ClickOnLink is called
2024-06-14 11:39:08 INFO  Keywords:283 - Waiting for webElement...next
2024-06-14 11:39:08 INFO  Keywords:286 - Element found...next
2024-06-14 11:39:29 INFO  Keywords:283 - Waiting for webElement...payment.modal
2024-06-14 11:39:55 INFO  Keywords:283 - Waiting for webElement...payment.method
2024-06-14 11:40:05 INFO  Keywords:125 - InputText is called
2024-06-14 11:40:05 INFO  Keywords:283 - Waiting for webElement...payment.premium
2024-06-14 11:40:16 INFO  Keywords:136 - ClickOnLink is called
2024-06-14 11:40:16 INFO  Keywords:283 - Waiting for webElement...next
2024-06-14 11:40:16 INFO  Keywords:286 - Element found...next
2024-06-14 11:40:35 INFO  Keywords:283 - Waiting for webElement...existinginsurance.borrowingfunds
2024-06-14 11:40:45 INFO  Keywords:283 - Waiting for webElement...existinginsurance.terminatingexistinglifepolicyNo
2024-06-14 11:40:55 INFO  Keywords:283 - Waiting for webElement...existinginsurance.DisabilityPoliciesNo
2024-06-14 11:41:05 INFO  Keywords:283 - Waiting for webElement...existinginsurance.longtermpolicyNo
2024-06-14 11:41:15 INFO  Keywords:283 - Waiting for webElement...existinglongterminsurance.NO
2024-06-14 11:41:25 INFO  Keywords:136 - ClickOnLink is called
2024-06-14 11:41:25 INFO  Keywords:283 - Waiting for webElement...next
2024-06-14 11:41:25 INFO  Keywords:286 - Element found...next
2024-06-14 11:41:44 INFO  Keywords:136 - ClickOnLink is called
2024-06-14 11:41:44 INFO  Keywords:283 - Waiting for webElement...next
2024-06-14 11:41:44 INFO  Keywords:286 - Element found...next
2024-06-14 11:42:03 INFO  Keywords:125 - InputText is called
2024-06-14 11:42:03 INFO  Keywords:283 - Waiting for webElement...additionalclientquestion.q1
2024-06-14 11:42:13 INFO  Keywords:125 - InputText is called
2024-06-14 11:42:13 INFO  Keywords:283 - Waiting for webElement...additionalclientquestion.q2
2024-06-14 11:42:23 INFO  Keywords:125 - InputText is called
2024-06-14 11:42:23 INFO  Keywords:283 - Waiting for webElement...additionalclientquestion.q3
2024-06-14 11:42:33 INFO  Keywords:125 - InputText is called
2024-06-14 11:42:33 INFO  Keywords:283 - Waiting for webElement...additionalclientquestion.q4
2024-06-14 11:42:43 INFO  Keywords:125 - InputText is called
2024-06-14 11:42:43 INFO  Keywords:283 - Waiting for webElement...additionalclientquestion.q5
2024-06-14 11:42:53 INFO  Keywords:484 - GetText is called
2024-06-14 11:42:53 INFO  Keywords:283 - Waiting for webElement...ebixTxnID
2024-06-14 11:42:53 INFO  Keywords:286 - Element found...ebixTxnID
2024-06-14 11:42:53 INFO  Keywords:488 - LinkId: 531194
2024-06-14 11:42:53 INFO  Keywords:532 - LinkId: 531194
2024-06-14 11:42:53 INFO  Keywords:484 - GetText is called
2024-06-14 11:42:53 INFO  Keywords:283 - Waiting for webElement...ebixTxnID
2024-06-14 11:42:53 INFO  Keywords:286 - Element found...ebixTxnID
2024-06-14 11:42:53 INFO  Keywords:488 - LinkId: 531194
2024-06-14 11:42:53 INFO  Keywords:136 - ClickOnLink is called
2024-06-14 11:42:53 INFO  Keywords:283 - Waiting for webElement...attachment
2024-06-14 11:42:53 INFO  Keywords:286 - Element found...attachment
2024-06-14 11:42:54 INFO  Keywords:283 - Waiting for webElement...attachment.documenttype
2024-06-14 11:42:55 INFO  Keywords:286 - Element found...attachment.documenttype
2024-06-14 11:42:55 INFO  Keywords:125 - InputText is called
2024-06-14 11:42:55 INFO  Keywords:283 - Waiting for webElement...attachment.choosefile
2024-06-14 11:42:55 INFO  Keywords:286 - Element found...attachment.choosefile
2024-06-14 11:42:55 INFO  Keywords:136 - ClickOnLink is called
2024-06-14 11:42:55 INFO  Keywords:283 - Waiting for webElement...attachment.upload
2024-06-14 11:42:55 INFO  Keywords:286 - Element found...attachment.upload
2024-06-14 11:44:26 INFO  Keywords:411 - switching to particular window...
2024-06-14 11:44:26 INFO  Keywords:484 - GetText is called
2024-06-14 11:44:26 INFO  Keywords:283 - Waiting for webElement...ebixTxnID
2024-06-14 11:44:26 INFO  Keywords:286 - Element found...ebixTxnID
2024-06-14 11:44:26 INFO  Keywords:488 - LinkId: 531194
2024-06-14 11:44:26 INFO  Keywords:532 - LinkId: 531194
2024-06-14 11:44:26 INFO  Keywords:484 - GetText is called
2024-06-14 11:44:26 INFO  Keywords:283 - Waiting for webElement...ebixTxnID
2024-06-14 11:44:26 INFO  Keywords:286 - Element found...ebixTxnID
2024-06-14 11:44:26 INFO  Keywords:488 - LinkId: 531194
2024-06-14 11:44:26 INFO  Keywords:136 - ClickOnLink is called
2024-06-14 11:44:26 INFO  Keywords:283 - Waiting for webElement...next
2024-06-14 11:44:26 INFO  Keywords:286 - Element found...next
2024-06-14 11:44:45 INFO  Keywords:136 - ClickOnLink is called
2024-06-14 11:44:45 INFO  Keywords:283 - Waiting for webElement...validate.button
2024-06-14 11:45:27 INFO  Keywords:136 - ClickOnLink is called
2024-06-14 11:45:27 INFO  Keywords:283 - Waiting for webElement...notification.continue
2024-06-14 11:45:53 INFO  Keywords:136 - ClickOnLink is called
2024-06-14 11:45:53 INFO  Keywords:283 - Waiting for webElement...esignature.optout
2024-06-14 11:47:33 INFO  Keywords:148 - VerifyText is called
2024-06-14 11:47:33 INFO  Keywords:283 - Waiting for webElement...WebElement
2024-06-14 11:47:33 INFO  Keywords:136 - ClickOnLink is called
2024-06-14 11:47:33 INFO  Keywords:283 - Waiting for webElement...attachment
2024-06-14 11:47:33 INFO  Keywords:286 - Element found...attachment
2024-06-14 11:47:34 INFO  Keywords:283 - Waiting for webElement...attachment.documenttype
2024-06-14 11:47:34 INFO  Keywords:286 - Element found...attachment.documenttype
2024-06-14 11:47:34 INFO  Keywords:125 - InputText is called
2024-06-14 11:47:34 INFO  Keywords:283 - Waiting for webElement...attachment.choosefile
2024-06-14 11:47:34 INFO  Keywords:286 - Element found...attachment.choosefile
2024-06-14 11:47:34 INFO  Keywords:136 - ClickOnLink is called
2024-06-14 11:47:34 INFO  Keywords:283 - Waiting for webElement...attachment.upload
2024-06-14 11:47:34 INFO  Keywords:286 - Element found...attachment.upload
2024-06-14 11:47:53 INFO  Keywords:136 - ClickOnLink is called
2024-06-14 11:47:53 INFO  Keywords:283 - Waiting for webElement...RequestSignatures
2024-06-14 11:48:19 INFO  Keywords:283 - Waiting for webElement...attachment.documenttype
2024-06-14 11:48:19 INFO  Keywords:286 - Element found...attachment.documenttype
2024-06-14 11:48:19 INFO  Keywords:125 - InputText is called
2024-06-14 11:48:19 INFO  Keywords:283 - Waiting for webElement...attachment.choosefile
2024-06-14 11:48:19 INFO  Keywords:286 - Element found...attachment.choosefile
2024-06-14 11:48:19 INFO  Keywords:136 - ClickOnLink is called
2024-06-14 11:48:19 INFO  Keywords:283 - Waiting for webElement...attachment.upload
2024-06-14 11:48:19 INFO  Keywords:286 - Element found...attachment.upload
2024-06-14 11:48:37 INFO  Keywords:136 - ClickOnLink is called
2024-06-14 11:48:37 INFO  Keywords:283 - Waiting for webElement...SubmitButton
2024-06-14 11:50:17 INFO  Keywords:430 - switching to parent window...
2024-06-14 11:50:17 INFO  Keywords:99 - Navigate is called
2024-06-14 11:50:18 INFO  Keywords:498 - ClearText is called
2024-06-14 11:50:18 INFO  Keywords:283 - Waiting for webElement...gateway.username
2024-06-14 11:50:18 INFO  Keywords:286 - Element found...gateway.username
2024-06-14 11:50:18 INFO  Keywords:502 - LinkId: 531194
2024-06-14 11:50:18 INFO  Keywords:125 - InputText is called
2024-06-14 11:50:18 INFO  Keywords:283 - Waiting for webElement...gateway.username
2024-06-14 11:50:18 INFO  Keywords:286 - Element found...gateway.username
2024-06-14 11:50:18 INFO  Keywords:498 - ClearText is called
2024-06-14 11:50:18 INFO  Keywords:283 - Waiting for webElement...gateway.password
2024-06-14 11:50:18 INFO  Keywords:286 - Element found...gateway.password
2024-06-14 11:50:18 INFO  Keywords:502 - LinkId: 531194
2024-06-14 11:50:18 INFO  Keywords:125 - InputText is called
2024-06-14 11:50:18 INFO  Keywords:283 - Waiting for webElement...gateway.password
2024-06-14 11:50:18 INFO  Keywords:286 - Element found...gateway.password
2024-06-14 11:50:18 INFO  Keywords:136 - ClickOnLink is called
2024-06-14 11:50:18 INFO  Keywords:283 - Waiting for webElement...gateway.login
2024-06-14 11:50:18 INFO  Keywords:286 - Element found...gateway.login
2024-06-14 11:50:35 INFO  Keywords:136 - ClickOnLink is called
2024-06-14 11:50:35 INFO  Keywords:283 - Waiting for webElement...management
2024-06-14 11:50:35 INFO  Keywords:286 - Element found...management
2024-06-14 11:50:35 INFO  Keywords:283 - Waiting for webElement...managementTools
2024-06-14 11:50:35 INFO  Keywords:286 - Element found...managementTools
2024-06-14 11:50:36 INFO  Keywords:136 - ClickOnLink is called
2024-06-14 11:50:36 INFO  Keywords:283 - Waiting for webElement...feedManagement
2024-06-14 11:50:36 INFO  Keywords:286 - Element found...feedManagement
2024-06-14 11:50:52 INFO  Keywords:136 - ClickOnLink is called
2024-06-14 11:50:52 INFO  Keywords:283 - Waiting for webElement...searchPanel
2024-06-14 11:50:52 INFO  Keywords:286 - Element found...searchPanel
2024-06-14 11:50:53 INFO  Keywords:283 - Waiting for webElement...selectTransactionID
2024-06-14 11:50:53 INFO  Keywords:286 - Element found...selectTransactionID
2024-06-14 11:50:53 INFO  Keywords:125 - InputText is called
2024-06-14 11:50:53 INFO  Keywords:283 - Waiting for webElement...enterTransactioID
2024-06-14 11:50:53 INFO  Keywords:286 - Element found...enterTransactioID
2024-06-14 11:50:53 INFO  Keywords:136 - ClickOnLink is called
2024-06-14 11:50:53 INFO  Keywords:283 - Waiting for webElement...searchbutton
2024-06-14 11:50:53 INFO  Keywords:286 - Element found...searchbutton
2024-06-14 11:51:09 INFO  Keywords:136 - ClickOnLink is called
2024-06-14 11:51:09 INFO  Keywords:283 - Waiting for webElement...transactionSearchmyResult
2024-06-14 11:51:09 INFO  Keywords:286 - Element found...transactionSearchmyResult
2024-06-14 11:51:25 INFO  Keywords:136 - ClickOnLink is called
2024-06-14 11:51:25 INFO  Keywords:283 - Waiting for webElement...onenotThree
2024-06-14 11:51:26 INFO  Keywords:286 - Element found...onenotThree
2024-06-14 11:51:42 INFO  Keywords:283 - Waiting for webElement...103ResponseXML
2024-06-14 11:51:42 INFO  Keywords:286 - Element found...103ResponseXML
2024-06-14 11:52:14 INFO  Keywords:430 - switching to parent window...
2024-06-14 11:52:14 INFO  Keywords:99 - Navigate is called
2024-06-14 11:52:14 INFO  Keywords:498 - ClearText is called
2024-06-14 11:52:14 INFO  Keywords:283 - Waiting for webElement...gateway.username
2024-06-14 11:52:14 INFO  Keywords:286 - Element found...gateway.username
2024-06-14 11:52:14 INFO  Keywords:502 - <soap:Envelope xmlns:soap="http://schemas.xmlsoap.org/soap/envelope/" xmlns:xsd="http://www.w3.org/2001/XMLSchema" xmlns:acord="http://ACORD.org/Standards/Life/2" xmlns:finetre="www.finetre.com/webservices" xmlns:user="http://www.annuitynet.com/namespace" xmlns:xsi="http://www.w3.org/2001/XMLSchema-instance"><soap:Header><Header xmlns="www.finetre.com/webservices"><SessionId/><TransactionType>TransactionXML</TransactionType><ServiceVersion>1</ServiceVersion><RequestorId/><RequestorKey xsi:nil="true"/><ResponderId>SO</ResponderId><ResponderKey xsi:nil="true"/><RequestGUID>CB9A7BF6-ED10-49FF-AC69-F77F5C9B772C</RequestGUID><RequestSentDateTime/><RequestReceivedDateTime>2024-6-6T9:58:20</RequestReceivedDateTime><ResponseSentDateTime>2024-6-6T9:58:20</ResponseSentDateTime><ResponseReceivedDateTime>0001-01-01T00:00:00.0000000-05:00</ResponseReceivedDateTime><Extensions xsi:nil="true"/></Header></soap:Header><soap:Body><UploadResponse xmlns="www.finetre.com/webservices"><Data><Status>Success</Status><Errors xsi:nil="false"/><Extensions xsi:nil="true"/></Data></UploadResponse></soap:Body></soap:Envelope>
2024-06-14 11:52:14 INFO  Keywords:125 - InputText is called
2024-06-14 11:52:14 INFO  Keywords:283 - Waiting for webElement...gateway.username
2024-06-14 11:52:14 INFO  Keywords:286 - Element found...gateway.username
2024-06-14 11:52:14 INFO  Keywords:498 - ClearText is called
2024-06-14 11:52:14 INFO  Keywords:283 - Waiting for webElement...gateway.password
2024-06-14 11:52:14 INFO  Keywords:286 - Element found...gateway.password
2024-06-14 11:52:14 INFO  Keywords:502 - <soap:Envelope xmlns:soap="http://schemas.xmlsoap.org/soap/envelope/" xmlns:xsd="http://www.w3.org/2001/XMLSchema" xmlns:acord="http://ACORD.org/Standards/Life/2" xmlns:finetre="www.finetre.com/webservices" xmlns:user="http://www.annuitynet.com/namespace" xmlns:xsi="http://www.w3.org/2001/XMLSchema-instance"><soap:Header><Header xmlns="www.finetre.com/webservices"><SessionId/><TransactionType>TransactionXML</TransactionType><ServiceVersion>1</ServiceVersion><RequestorId/><RequestorKey xsi:nil="true"/><ResponderId>SO</ResponderId><ResponderKey xsi:nil="true"/><RequestGUID>CB9A7BF6-ED10-49FF-AC69-F77F5C9B772C</RequestGUID><RequestSentDateTime/><RequestReceivedDateTime>2024-6-6T9:58:20</RequestReceivedDateTime><ResponseSentDateTime>2024-6-6T9:58:20</ResponseSentDateTime><ResponseReceivedDateTime>0001-01-01T00:00:00.0000000-05:00</ResponseReceivedDateTime><Extensions xsi:nil="true"/></Header></soap:Header><soap:Body><UploadResponse xmlns="www.finetre.com/webservices"><Data><Status>Success</Status><Errors xsi:nil="false"/><Extensions xsi:nil="true"/></Data></UploadResponse></soap:Body></soap:Envelope>
2024-06-14 11:52:14 INFO  Keywords:125 - InputText is called
2024-06-14 11:52:14 INFO  Keywords:283 - Waiting for webElement...gateway.password
2024-06-14 11:52:14 INFO  Keywords:286 - Element found...gateway.password
2024-06-14 11:52:14 INFO  Keywords:136 - ClickOnLink is called
2024-06-14 11:52:14 INFO  Keywords:283 - Waiting for webElement...gateway.login
2024-06-14 11:52:14 INFO  Keywords:286 - Element found...gateway.login
2024-06-14 11:52:31 INFO  Keywords:136 - ClickOnLink is called
2024-06-14 11:52:31 INFO  Keywords:283 - Waiting for webElement...management
2024-06-14 11:52:31 INFO  Keywords:286 - Element found...management
2024-06-14 11:52:32 INFO  Keywords:283 - Waiting for webElement...managementTools
2024-06-14 11:52:32 INFO  Keywords:286 - Element found...managementTools
2024-06-14 11:52:33 INFO  Keywords:136 - ClickOnLink is called
2024-06-14 11:52:33 INFO  Keywords:283 - Waiting for webElement...feedManagement
2024-06-14 11:52:33 INFO  Keywords:286 - Element found...feedManagement
2024-06-14 11:52:49 INFO  Keywords:136 - ClickOnLink is called
2024-06-14 11:52:49 INFO  Keywords:283 - Waiting for webElement...searchPanel
2024-06-14 11:52:49 INFO  Keywords:286 - Element found...searchPanel
2024-06-14 11:52:49 INFO  Keywords:283 - Waiting for webElement...selectTransactionID
2024-06-14 11:52:49 INFO  Keywords:286 - Element found...selectTransactionID
2024-06-14 11:52:50 INFO  Keywords:125 - InputText is called
2024-06-14 11:52:50 INFO  Keywords:283 - Waiting for webElement...enterTransactioID
2024-06-14 11:52:50 INFO  Keywords:286 - Element found...enterTransactioID
2024-06-14 11:52:50 INFO  Keywords:136 - ClickOnLink is called
2024-06-14 11:52:50 INFO  Keywords:283 - Waiting for webElement...searchbutton
2024-06-14 11:52:50 INFO  Keywords:286 - Element found...searchbutton
2024-06-14 11:53:06 INFO  Keywords:136 - ClickOnLink is called
2024-06-14 11:53:06 INFO  Keywords:283 - Waiting for webElement...transactionSearchmyResult
2024-06-14 11:53:06 INFO  Keywords:286 - Element found...transactionSearchmyResult
2024-06-14 11:53:22 INFO  Keywords:136 - ClickOnLink is called
2024-06-14 11:53:22 INFO  Keywords:283 - Waiting for webElement...RTSMButton
2024-06-14 11:53:22 INFO  Keywords:286 - Element found...RTSMButton
2024-06-14 11:53:38 INFO  Keywords:283 - Waiting for webElement...RTSMResponseXML
