2024-11-12 11:09:32 INFO  Keywords:106 - Navigate is called
2024-11-12 11:09:36 INFO  Keywords:132 - InputText is called
2024-11-12 11:09:36 INFO  Keywords:309 - Waiting for webElement...gateway.username
2024-11-12 11:09:36 INFO  Keywords:313 - Element found...gateway.username
2024-11-12 11:09:36 INFO  Keywords:132 - InputText is called
2024-11-12 11:09:36 INFO  Keywords:309 - Waiting for webElement...gateway.password
2024-11-12 11:09:36 INFO  Keywords:313 - Element found...gateway.password
2024-11-12 11:09:36 INFO  Keywords:143 - ClickOnLink is called
2024-11-12 11:09:36 INFO  Keywords:309 - Waiting for webElement...gateway.login
2024-11-12 11:09:36 INFO  Keywords:313 - Element found...gateway.login
2024-11-12 11:10:12 INFO  Keywords:143 - ClickOnLink is called
2024-11-12 11:10:12 INFO  Keywords:309 - Waiting for webElement...postsamldata
2024-11-12 11:10:12 INFO  Keywords:313 - Element found...postsamldata
2024-11-12 11:10:29 INFO  Keywords:143 - ClickOnLink is called
2024-11-12 11:10:29 INFO  Keywords:309 - Waiting for webElement...next
2024-11-12 11:10:55 INFO  Keywords:309 - Waiting for webElement...policyConfiguration.terms
2024-11-12 11:11:05 INFO  Keywords:132 - InputText is called
2024-11-12 11:11:05 INFO  Keywords:309 - Waiting for webElement...policyConfiguration.insuranceamount
2024-11-12 11:11:15 INFO  Keywords:309 - Waiting for webElement...policyConfiguration.LTC
2024-11-12 11:11:25 INFO  Keywords:309 - Waiting for webElement...policyConfiguration.payors
2024-11-12 11:11:35 INFO  Keywords:309 - Waiting for webElement...policyConfiguration.purposeofpolicy
2024-11-12 11:11:45 INFO  Keywords:143 - ClickOnLink is called
2024-11-12 11:11:45 INFO  Keywords:309 - Waiting for webElement...next
2024-11-12 11:13:25 INFO  Keywords:309 - Waiting for webElement...primaryinsured.anticipatedUnderwritingclass
2024-11-12 11:13:35 INFO  Keywords:309 - Waiting for webElement...primaryinsured.birthcountry
2024-11-12 11:13:45 INFO  Keywords:309 - Waiting for webElement...primaryinsured.birthstate
2024-11-12 11:13:56 INFO  Keywords:143 - ClickOnLink is called
2024-11-12 11:13:56 INFO  Keywords:309 - Waiting for webElement...next
2024-11-12 11:14:22 INFO  Keywords:143 - ClickOnLink is called
2024-11-12 11:14:22 INFO  Keywords:309 - Waiting for webElement...next
2024-11-12 11:14:48 INFO  Keywords:309 - Waiting for webElement...EntityRelationship
2024-11-12 11:14:59 INFO  Keywords:143 - ClickOnLink is called
2024-11-12 11:14:59 INFO  Keywords:309 - Waiting for webElement...next
2024-11-12 11:15:26 INFO  Keywords:309 - Waiting for webElement...financialDetails.SourceOfFundsLI
2024-11-12 11:15:36 INFO  Keywords:309 - Waiting for webElement...financialDetails.SurrenderChargeSOFLI
2024-11-12 11:15:48 INFO  Keywords:309 - Waiting for webElement...financialDetails.envisiontaking
2024-11-12 11:15:59 INFO  Keywords:309 - Waiting for webElement...financialDetails.federalfaxbracket
2024-11-12 11:16:11 INFO  Keywords:309 - Waiting for webElement...financialDetails.riskTolerance
2024-11-12 11:16:22 INFO  Keywords:309 - Waiting for webElement...financialDetails.Investmentobjectives
2024-11-12 11:16:33 INFO  Keywords:309 - Waiting for webElement...financialDetails.timehorizon
2024-11-12 11:16:43 INFO  Keywords:309 - Waiting for webElement...financialDetails.investmentexperienceFA
2024-11-12 11:16:54 INFO  Keywords:132 - InputText is called
2024-11-12 11:16:54 INFO  Keywords:309 - Waiting for webElement...financialDetails.investmentstartyear
2024-11-12 11:17:06 INFO  Keywords:132 - InputText is called
2024-11-12 11:17:06 INFO  Keywords:309 - Waiting for webElement...financialdetails.livingexpenses
2024-11-12 11:17:17 INFO  Keywords:132 - InputText is called
2024-11-12 11:17:17 INFO  Keywords:309 - Waiting for webElement...financialdetails.fixeddebtexpenses
2024-11-12 11:17:28 INFO  Keywords:132 - InputText is called
2024-11-12 11:17:28 INFO  Keywords:309 - Waiting for webElement...financialdetails.variabledebtexpenses
2024-11-12 11:17:39 INFO  Keywords:132 - InputText is called
2024-11-12 11:17:39 INFO  Keywords:309 - Waiting for webElement...financialdetails.discretionaryexpenses
2024-11-12 11:17:51 INFO  Keywords:132 - InputText is called
2024-11-12 11:17:51 INFO  Keywords:309 - Waiting for webElement...financialdetails.Annualrincome
2024-11-12 11:18:01 INFO  Keywords:132 - InputText is called
2024-11-12 11:18:01 INFO  Keywords:309 - Waiting for webElement...financialdetails.businessTrustRealstate
2024-11-12 11:18:11 INFO  Keywords:132 - InputText is called
2024-11-12 11:18:11 INFO  Keywords:309 - Waiting for webElement...financialdetails.liquidnetworth
2024-11-12 11:18:21 INFO  Keywords:132 - InputText is called
2024-11-12 11:18:21 INFO  Keywords:309 - Waiting for webElement...financialdetails.policypremium
2024-11-12 11:18:31 INFO  Keywords:132 - InputText is called
2024-11-12 11:18:31 INFO  Keywords:309 - Waiting for webElement...financialdetails.InvestibleAssets
2024-11-12 11:18:41 INFO  Keywords:132 - InputText is called
2024-11-12 11:18:41 INFO  Keywords:309 - Waiting for webElement...financialdetails.totalpremium
2024-11-12 11:18:51 INFO  Keywords:309 - Waiting for webElement...financialdetails.anticipatedchanges
2024-11-12 11:19:01 INFO  Keywords:309 - Waiting for webElement...financialdetails.nonguaranteedelement
2024-11-12 11:19:11 INFO  Keywords:309 - Waiting for webElement...financialdetails.reversemortgage
2024-11-12 11:19:21 INFO  Keywords:143 - ClickOnLink is called
2024-11-12 11:19:21 INFO  Keywords:309 - Waiting for webElement...next
2024-11-12 11:19:31 INFO  Keywords:309 - Waiting for webElement...jointOwnerInsured
2024-11-12 11:19:42 INFO  Keywords:309 - Waiting for webElement...jointOwnerJointInsured
2024-11-12 11:19:52 INFO  Keywords:143 - ClickOnLink is called
2024-11-12 11:19:52 INFO  Keywords:309 - Waiting for webElement...next
2024-11-12 11:20:18 INFO  Keywords:309 - Waiting for webElement...payment.modal
2024-11-12 11:20:44 INFO  Keywords:309 - Waiting for webElement...payment.method
2024-11-12 11:20:54 INFO  Keywords:132 - InputText is called
2024-11-12 11:20:54 INFO  Keywords:309 - Waiting for webElement...payment.premium
2024-11-12 11:21:04 INFO  Keywords:143 - ClickOnLink is called
2024-11-12 11:21:04 INFO  Keywords:309 - Waiting for webElement...next
2024-11-12 11:21:30 INFO  Keywords:309 - Waiting for webElement...existinginsurance.borrowingfunds
2024-11-12 11:21:40 INFO  Keywords:309 - Waiting for webElement...existinginsurance.terminatingexistinglifepolicy
2024-11-12 11:21:50 INFO  Keywords:309 - Waiting for webElement...existinginsurance.longtermcoverage
2024-11-12 11:22:00 INFO  Keywords:309 - Waiting for webElement...existanceterminating.InsuranceCompanyName
