2024-01-03 10:35:46 INFO  Keywords:94 - Navigate is called
2024-01-03 10:35:49 INFO  Keywords:122 - InputText is called
2024-01-03 10:35:49 INFO  Keywords:283 - Waiting for webElement...gateway.username
2024-01-03 10:35:49 INFO  Keywords:286 - Element found...gateway.username
2024-01-03 10:35:49 INFO  Keywords:122 - InputText is called
2024-01-03 10:35:49 INFO  Keywords:283 - Waiting for webElement...gateway.password
2024-01-03 10:35:49 INFO  Keywords:286 - Element found...gateway.password
2024-01-03 10:35:49 INFO  Keywords:135 - ClickOnLink is called
2024-01-03 10:35:49 INFO  Keywords:283 - Waiting for webElement...gateway.login
2024-01-03 10:35:49 INFO  Keywords:286 - Element found...gateway.login
2024-01-03 10:36:29 INFO  Keywords:135 - ClickOnLink is called
2024-01-03 10:36:29 INFO  Keywords:283 - Waiting for webElement...postsamldata
2024-01-03 10:36:29 INFO  Keywords:286 - Element found...postsamldata
2024-01-03 10:36:45 INFO  Keywords:135 - ClickOnLink is called
2024-01-03 10:36:45 INFO  Keywords:283 - Waiting for webElement...next
2024-01-03 10:37:11 INFO  Keywords:122 - InputText is called
2024-01-03 10:37:11 INFO  Keywords:283 - Waiting for webElement...policyConfiguration.insuranceamount
2024-01-03 10:37:21 INFO  Keywords:283 - Waiting for webElement...policyConfiguration.LTC
2024-01-03 10:37:31 INFO  Keywords:283 - Waiting for webElement...policyConfiguration.payors
2024-01-03 10:37:42 INFO  Keywords:283 - Waiting for webElement...policyConfiguration.purposeofpolicy
2024-01-03 10:37:52 INFO  Keywords:135 - ClickOnLink is called
2024-01-03 10:37:52 INFO  Keywords:283 - Waiting for webElement...next
2024-01-03 10:39:32 INFO  Keywords:283 - Waiting for webElement...primaryinsured.birthcountry
2024-01-03 10:39:42 INFO  Keywords:283 - Waiting for webElement...primaryinsured.birthstate
2024-01-03 10:39:52 INFO  Keywords:122 - InputText is called
2024-01-03 10:39:52 INFO  Keywords:283 - Waiting for webElement...primaryinsured.birthcity
2024-01-03 10:40:02 INFO  Keywords:135 - ClickOnLink is called
2024-01-03 10:40:02 INFO  Keywords:283 - Waiting for webElement...next
2024-01-03 10:40:28 INFO  Keywords:135 - ClickOnLink is called
2024-01-03 10:40:28 INFO  Keywords:283 - Waiting for webElement...next
2024-01-03 10:40:54 INFO  Keywords:283 - Waiting for webElement...financialDetails.SourceOfFundsLI
2024-01-03 10:41:04 INFO  Keywords:283 - Waiting for webElement...financialDetails.SurrenderChargeSOFLI
2024-01-03 10:41:14 INFO  Keywords:283 - Waiting for webElement...financialDetails.envisiontaking
2024-01-03 10:41:25 INFO  Keywords:283 - Waiting for webElement...financialDetails.federalfaxbracket
2024-01-03 10:41:35 INFO  Keywords:283 - Waiting for webElement...financialDetails.riskTolerance
2024-01-03 10:41:45 INFO  Keywords:283 - Waiting for webElement...financialDetails.Investmentobjectives
2024-01-03 10:41:55 INFO  Keywords:283 - Waiting for webElement...financialDetails.timehorizon
2024-01-03 10:42:05 INFO  Keywords:283 - Waiting for webElement...financialDetails.investmentexperienceFA
2024-01-03 10:42:15 INFO  Keywords:122 - InputText is called
2024-01-03 10:42:15 INFO  Keywords:283 - Waiting for webElement...financialDetails.investmentstartyear
2024-01-03 10:42:25 INFO  Keywords:122 - InputText is called
2024-01-03 10:42:25 INFO  Keywords:283 - Waiting for webElement...financialdetails.wages
2024-01-03 10:42:35 INFO  Keywords:122 - InputText is called
2024-01-03 10:42:35 INFO  Keywords:283 - Waiting for webElement...financialdetails.livingexpenses
2024-01-03 10:42:45 INFO  Keywords:122 - InputText is called
2024-01-03 10:42:45 INFO  Keywords:283 - Waiting for webElement...financialdetails.personalinvestment
2024-01-03 10:42:55 INFO  Keywords:122 - InputText is called
2024-01-03 10:42:55 INFO  Keywords:283 - Waiting for webElement...financialdetails.fixeddebtexpenses
2024-01-03 10:43:05 INFO  Keywords:122 - InputText is called
2024-01-03 10:43:05 INFO  Keywords:283 - Waiting for webElement...financialdetails.rentalincome
2024-01-03 10:43:15 INFO  Keywords:122 - InputText is called
2024-01-03 10:43:15 INFO  Keywords:283 - Waiting for webElement...financialdetails.variabledebtexpenses
2024-01-03 10:43:26 INFO  Keywords:122 - InputText is called
2024-01-03 10:43:26 INFO  Keywords:283 - Waiting for webElement...financialdetails.incomepension
2024-01-03 10:43:36 INFO  Keywords:122 - InputText is called
2024-01-03 10:43:36 INFO  Keywords:283 - Waiting for webElement...financialdetails.discretionaryexpenses
2024-01-03 10:43:46 INFO  Keywords:122 - InputText is called
2024-01-03 10:43:46 INFO  Keywords:283 - Waiting for webElement...financialdetails.socialsecurityincome
2024-01-03 10:43:56 INFO  Keywords:122 - InputText is called
2024-01-03 10:43:56 INFO  Keywords:283 - Waiting for webElement...financialdetails.otherincome
2024-01-03 10:44:06 INFO  Keywords:122 - InputText is called
2024-01-03 10:44:06 INFO  Keywords:283 - Waiting for webElement...financialdetails.bonds
2024-01-03 10:44:16 INFO  Keywords:122 - InputText is called
2024-01-03 10:44:16 INFO  Keywords:283 - Waiting for webElement...financialdetails.businessTrustRealstate
2024-01-03 10:44:26 INFO  Keywords:122 - InputText is called
2024-01-03 10:44:26 INFO  Keywords:283 - Waiting for webElement...financialdetails.retirementplan
2024-01-03 10:44:36 INFO  Keywords:122 - InputText is called
2024-01-03 10:44:36 INFO  Keywords:283 - Waiting for webElement...financialdetails.equities
2024-01-03 10:44:46 INFO  Keywords:122 - InputText is called
2024-01-03 10:44:46 INFO  Keywords:283 - Waiting for webElement...financialdetails.facevalueilfeinsurance
2024-01-03 10:44:56 INFO  Keywords:122 - InputText is called
2024-01-03 10:44:56 INFO  Keywords:283 - Waiting for webElement...financialdetails.fixedannuity
2024-01-03 10:45:06 INFO  Keywords:122 - InputText is called
2024-01-03 10:45:06 INFO  Keywords:283 - Waiting for webElement...financialdetails.indexannuity
2024-01-03 10:45:16 INFO  Keywords:122 - InputText is called
2024-01-03 10:45:16 INFO  Keywords:283 - Waiting for webElement...financialdetails.liquidnetworth
2024-01-03 10:45:26 INFO  Keywords:122 - InputText is called
2024-01-03 10:45:26 INFO  Keywords:283 - Waiting for webElement...financialdetails.mutualfund
2024-01-03 10:45:36 INFO  Keywords:122 - InputText is called
2024-01-03 10:45:36 INFO  Keywords:283 - Waiting for webElement...financialdetails.otherbrokerage
2024-01-03 10:45:47 INFO  Keywords:122 - InputText is called
2024-01-03 10:45:47 INFO  Keywords:283 - Waiting for webElement...financialdetails.policypremium
2024-01-03 10:45:57 INFO  Keywords:122 - InputText is called
2024-01-03 10:45:57 INFO  Keywords:283 - Waiting for webElement...financialdetails.variableannuity
2024-01-03 10:46:07 INFO  Keywords:122 - InputText is called
2024-01-03 10:46:07 INFO  Keywords:283 - Waiting for webElement...financialdetails.totalpremium
2024-01-03 10:46:17 INFO  Keywords:283 - Waiting for webElement...financialdetails.anticipatedchanges
2024-01-03 10:46:27 INFO  Keywords:283 - Waiting for webElement...financialdetails.nonguaranteedelement
2024-01-03 10:46:37 INFO  Keywords:283 - Waiting for webElement...financialdetails.reversemortgage
2024-01-03 10:46:47 INFO  Keywords:135 - ClickOnLink is called
2024-01-03 10:46:47 INFO  Keywords:283 - Waiting for webElement...next
2024-01-03 10:47:13 INFO  Keywords:283 - Waiting for webElement...payment.modal
2024-01-03 10:47:39 INFO  Keywords:283 - Waiting for webElement...payment.method
2024-01-03 10:47:49 INFO  Keywords:122 - InputText is called
2024-01-03 10:47:49 INFO  Keywords:283 - Waiting for webElement...payment.premium
2024-01-03 10:47:59 INFO  Keywords:135 - ClickOnLink is called
2024-01-03 10:47:59 INFO  Keywords:283 - Waiting for webElement...next
2024-01-03 10:48:25 INFO  Keywords:283 - Waiting for webElement...existinginsurance.borrowingfunds
2024-01-03 10:48:36 INFO  Keywords:283 - Waiting for webElement...existinginsurance.terminatingexistinglifepolicy
2024-01-03 10:48:46 INFO  Keywords:283 - Waiting for webElement...existinginsurance.longtermcoverage
2024-01-03 10:48:56 INFO  Keywords:283 - Waiting for webElement...existanceterminating.InsuranceCompanyName
2024-01-03 10:49:06 INFO  Keywords:122 - InputText is called
2024-01-03 10:49:06 INFO  Keywords:283 - Waiting for webElement...existanceterminating.ProductName
2024-01-03 10:49:16 INFO  Keywords:122 - InputText is called
2024-01-03 10:49:16 INFO  Keywords:283 - Waiting for webElement...existanceterminating.Insured
2024-01-03 10:49:26 INFO  Keywords:122 - InputText is called
2024-01-03 10:49:26 INFO  Keywords:283 - Waiting for webElement...existanceterminating.Owner
2024-01-03 10:49:36 INFO  Keywords:122 - InputText is called
2024-01-03 10:49:36 INFO  Keywords:283 - Waiting for webElement...existanceterminating.DateIssued
2024-01-03 10:49:46 INFO  Keywords:122 - InputText is called
2024-01-03 10:49:46 INFO  Keywords:283 - Waiting for webElement...existanceterminating.AmountOfInsurance
2024-01-03 10:49:56 INFO  Keywords:283 - Waiting for webElement...existanceterminating.ExistingInsuranceType
2024-01-03 10:50:06 INFO  Keywords:283 - Waiting for webElement...existanceterminating.ProductType
2024-01-03 10:50:16 INFO  Keywords:283 - Waiting for webElement...existanceterminating.LifeProductType
2024-01-03 10:50:26 INFO  Keywords:122 - InputText is called
2024-01-03 10:50:26 INFO  Keywords:283 - Waiting for webElement...existanceterminating.PolicyNo
2024-01-03 10:50:36 INFO  Keywords:283 - Waiting for webElement...existanceterminating.PurposeOfPolicy
2024-01-03 10:50:47 INFO  Keywords:283 - Waiting for webElement...existanceterminating.FundsNewPolicy
2024-01-03 10:50:57 INFO  Keywords:283 - Waiting for webElement...existanceterminating.ReplacingNewPolicy
2024-01-03 10:51:07 INFO  Keywords:283 - Waiting for webElement...existanceterminating.ReplacementThType
2024-01-03 10:51:17 INFO  Keywords:283 - Waiting for webElement...existanceterminating.1035ThExchange
2024-01-03 10:51:27 INFO  Keywords:122 - InputText is called
2024-01-03 10:51:27 INFO  Keywords:283 - Waiting for webElement...existanceterminating.ReasonReplacement
2024-01-03 10:51:37 INFO  Keywords:122 - InputText is called
2024-01-03 10:51:37 INFO  Keywords:283 - Waiting for webElement...existanceterminating.NoOfPolicy
2024-01-03 10:51:47 INFO  Keywords:122 - InputText is called
2024-01-03 10:51:47 INFO  Keywords:283 - Waiting for webElement...existanceterminating.PremiumPayment
2024-01-03 10:51:57 INFO  Keywords:122 - InputText is called
2024-01-03 10:51:57 INFO  Keywords:283 - Waiting for webElement...existanceterminating.FrequencyPremium
2024-01-03 10:52:07 INFO  Keywords:122 - InputText is called
2024-01-03 10:52:07 INFO  Keywords:283 - Waiting for webElement...existanceterminating.AmountBeingExchanged
2024-01-03 10:52:17 INFO  Keywords:122 - InputText is called
2024-01-03 10:52:17 INFO  Keywords:283 - Waiting for webElement...existanceterminating.SurrenderCharge
2024-01-03 10:52:27 INFO  Keywords:122 - InputText is called
2024-01-03 10:52:27 INFO  Keywords:283 - Waiting for webElement...existanceterminating.DeathBenefit
2024-01-03 10:52:38 INFO  Keywords:122 - InputText is called
2024-01-03 10:52:38 INFO  Keywords:283 - Waiting for webElement...existanceterminating.SpecialFeatures
2024-01-03 10:52:48 INFO  Keywords:283 - Waiting for webElement...existinginsurance.longtermpolicyYes
2024-01-03 10:52:58 INFO  Keywords:122 - InputText is called
2024-01-03 10:52:58 INFO  Keywords:283 - Waiting for webElement...existinglongtermpolicy.InsuranceName
2024-01-03 10:53:08 INFO  Keywords:122 - InputText is called
2024-01-03 10:53:08 INFO  Keywords:283 - Waiting for webElement...existinglongtermpolicy.policyCertificateNumber
2024-01-03 10:53:18 INFO  Keywords:122 - InputText is called
2024-01-03 10:53:18 INFO  Keywords:283 - Waiting for webElement...existinglongtermpolicy.ProductName
2024-01-03 10:53:28 INFO  Keywords:283 - Waiting for webElement...existinglongtermpolicy.ProductType
2024-01-03 10:53:38 INFO  Keywords:122 - InputText is called
2024-01-03 10:53:38 INFO  Keywords:283 - Waiting for webElement...existinglongtermpolicy.Insured
2024-01-03 10:53:48 INFO  Keywords:122 - InputText is called
2024-01-03 10:53:48 INFO  Keywords:283 - Waiting for webElement...existinglongtermpolicy.Owner
2024-01-03 10:53:58 INFO  Keywords:122 - InputText is called
2024-01-03 10:53:58 INFO  Keywords:283 - Waiting for webElement...existinglongtermpolicy.DailyBenefit
2024-01-03 10:54:08 INFO  Keywords:122 - InputText is called
2024-01-03 10:54:08 INFO  Keywords:283 - Waiting for webElement...existinglongtermpolicy.AmountOfInsurance
2024-01-03 10:54:18 INFO  Keywords:122 - InputText is called
2024-01-03 10:54:18 INFO  Keywords:283 - Waiting for webElement...existinglongtermpolicy.benefitAmount
2024-01-03 10:54:28 INFO  Keywords:122 - InputText is called
2024-01-03 10:54:28 INFO  Keywords:283 - Waiting for webElement...existinglongtermpolicy.benefitPeriod
2024-01-03 10:54:39 INFO  Keywords:283 - Waiting for webElement...existinginsurance.longterminsuranceYes
2024-01-03 10:54:49 INFO  Keywords:122 - InputText is called
2024-01-03 10:54:49 INFO  Keywords:283 - Waiting for webElement...existinglongterminsurance.InsuranceCompany
2024-01-03 10:54:59 INFO  Keywords:122 - InputText is called
2024-01-03 10:54:59 INFO  Keywords:283 - Waiting for webElement...existinglongterminsurance.Certificate
2024-01-03 10:55:09 INFO  Keywords:122 - InputText is called
2024-01-03 10:55:09 INFO  Keywords:283 - Waiting for webElement...existinglongterminsurance.LTCBenefit
2024-01-03 10:55:19 INFO  Keywords:122 - InputText is called
2024-01-03 10:55:19 INFO  Keywords:283 - Waiting for webElement...existinglongterminsurance.IssueDate
2024-01-03 10:55:29 INFO  Keywords:122 - InputText is called
2024-01-03 10:55:29 INFO  Keywords:283 - Waiting for webElement...existinglongterminsurance.LapseDate
2024-01-03 10:55:39 INFO  Keywords:135 - ClickOnLink is called
2024-01-03 10:55:39 INFO  Keywords:283 - Waiting for webElement...next
2024-01-03 10:56:05 INFO  Keywords:135 - ClickOnLink is called
2024-01-03 10:56:05 INFO  Keywords:283 - Waiting for webElement...next
2024-01-03 10:56:31 INFO  Keywords:122 - InputText is called
2024-01-03 10:56:31 INFO  Keywords:283 - Waiting for webElement...additionalclientquestion.q1
2024-01-03 10:56:41 INFO  Keywords:122 - InputText is called
2024-01-03 10:56:41 INFO  Keywords:283 - Waiting for webElement...additionalclientquestion.q2
2024-01-03 10:56:51 INFO  Keywords:122 - InputText is called
2024-01-03 10:56:51 INFO  Keywords:283 - Waiting for webElement...additionalclientquestion.q3
2024-01-03 10:57:02 INFO  Keywords:122 - InputText is called
2024-01-03 10:57:02 INFO  Keywords:283 - Waiting for webElement...additionalclientquestion.q4
2024-01-03 10:57:12 INFO  Keywords:122 - InputText is called
2024-01-03 10:57:12 INFO  Keywords:283 - Waiting for webElement...additionalclientquestion.q5
2024-01-03 10:57:22 INFO  Keywords:513 - GetText is called
2024-01-03 10:57:22 INFO  Keywords:283 - Waiting for webElement...ebixTxnID
