2024-05-22 11:50:18 INFO  Keywords:98 - Navigate is called
2024-05-22 11:50:21 INFO  Keywords:124 - InputText is called
2024-05-22 11:50:21 INFO  Keywords:282 - Waiting for webElement...gateway.username
2024-05-22 11:50:21 INFO  Keywords:285 - Element found...gateway.username
2024-05-22 11:50:21 INFO  Keywords:124 - InputText is called
2024-05-22 11:50:21 INFO  Keywords:282 - Waiting for webElement...gateway.password
2024-05-22 11:50:21 INFO  Keywords:285 - Element found...gateway.password
2024-05-22 11:50:21 INFO  Keywords:135 - ClickOnLink is called
2024-05-22 11:50:21 INFO  Keywords:282 - Waiting for webElement...gateway.login
2024-05-22 11:50:21 INFO  Keywords:285 - Element found...gateway.login
2024-05-22 11:51:02 INFO  Keywords:135 - ClickOnLink is called
2024-05-22 11:51:02 INFO  Keywords:282 - Waiting for webElement...postsamldata
2024-05-22 11:51:02 INFO  Keywords:285 - Element found...postsamldata
2024-05-22 11:51:18 INFO  Keywords:135 - ClickOnLink is called
2024-05-22 11:51:18 INFO  Keywords:282 - Waiting for webElement...next
2024-05-22 11:51:24 INFO  Keywords:285 - Element found...next
2024-05-22 11:51:48 INFO  Keywords:124 - InputText is called
2024-05-22 11:51:48 INFO  Keywords:282 - Waiting for webElement...policyConfiguration.insuranceamount
2024-05-22 11:51:58 INFO  Keywords:282 - Waiting for webElement...policyConfiguration.LTC
2024-05-22 11:52:08 INFO  Keywords:282 - Waiting for webElement...policyConfiguration.payors
2024-05-22 11:52:18 INFO  Keywords:282 - Waiting for webElement...policyConfiguration.purposeofpolicy
2024-05-22 11:52:28 INFO  Keywords:135 - ClickOnLink is called
2024-05-22 11:52:28 INFO  Keywords:282 - Waiting for webElement...next
2024-05-22 11:52:28 INFO  Keywords:285 - Element found...next
2024-05-22 11:52:44 INFO  Keywords:282 - Waiting for webElement...primaryinsured.birthcountry
2024-05-22 11:52:55 INFO  Keywords:282 - Waiting for webElement...primaryinsured.birthstate
2024-05-22 11:53:05 INFO  Keywords:124 - InputText is called
2024-05-22 11:53:05 INFO  Keywords:282 - Waiting for webElement...primaryinsured.birthcity
2024-05-22 11:53:15 INFO  Keywords:135 - ClickOnLink is called
2024-05-22 11:53:15 INFO  Keywords:282 - Waiting for webElement...next
2024-05-22 11:53:15 INFO  Keywords:285 - Element found...next
2024-05-22 11:53:31 INFO  Keywords:282 - Waiting for webElement...PrimaryTrustIrr
2024-05-22 11:53:57 INFO  Keywords:135 - ClickOnLink is called
2024-05-22 11:53:57 INFO  Keywords:282 - Waiting for webElement...next
2024-05-22 11:53:57 INFO  Keywords:285 - Element found...next
2024-05-22 11:54:13 INFO  Keywords:282 - Waiting for webElement...Trust_Relationship
2024-05-22 11:54:23 INFO  Keywords:135 - ClickOnLink is called
2024-05-22 11:54:23 INFO  Keywords:282 - Waiting for webElement...next
2024-05-22 11:54:23 INFO  Keywords:285 - Element found...next
2024-05-22 11:54:40 INFO  Keywords:135 - ClickOnLink is called
2024-05-22 11:54:40 INFO  Keywords:282 - Waiting for webElement...next
2024-05-22 11:54:40 INFO  Keywords:285 - Element found...next
2024-05-22 11:54:56 INFO  Keywords:282 - Waiting for webElement...financialDetails.SourceOfWealthLI
2024-05-22 11:55:06 INFO  Keywords:282 - Waiting for webElement...financialDetails.SourceOfFundsLI
2024-05-22 11:55:16 INFO  Keywords:282 - Waiting for webElement...financialDetails.SurrenderChargeSOFLI
2024-05-22 11:55:26 INFO  Keywords:282 - Waiting for webElement...financialDetails.envisiontaking
2024-05-22 11:55:36 INFO  Keywords:282 - Waiting for webElement...financialDetails.federalfaxbracket
2024-05-22 11:55:46 INFO  Keywords:282 - Waiting for webElement...financialDetails.riskTolerance
2024-05-22 11:55:56 INFO  Keywords:282 - Waiting for webElement...financialDetails.Investmentobjectives
2024-05-22 11:56:07 INFO  Keywords:282 - Waiting for webElement...financialDetails.timehorizon
2024-05-22 11:56:17 INFO  Keywords:282 - Waiting for webElement...financialDetails.investmentexperienceFA
2024-05-22 11:56:27 INFO  Keywords:124 - InputText is called
2024-05-22 11:56:27 INFO  Keywords:282 - Waiting for webElement...financialDetails.investmentstartyear
2024-05-22 11:56:37 INFO  Keywords:124 - InputText is called
2024-05-22 11:56:37 INFO  Keywords:282 - Waiting for webElement...financialdetails.wages
2024-05-22 11:56:47 INFO  Keywords:124 - InputText is called
2024-05-22 11:56:47 INFO  Keywords:282 - Waiting for webElement...financialdetails.livingexpenses
2024-05-22 11:56:57 INFO  Keywords:124 - InputText is called
2024-05-22 11:56:57 INFO  Keywords:282 - Waiting for webElement...financialdetails.personalinvestment
2024-05-22 11:57:07 INFO  Keywords:124 - InputText is called
2024-05-22 11:57:07 INFO  Keywords:282 - Waiting for webElement...financialdetails.fixeddebtexpenses
2024-05-22 11:57:17 INFO  Keywords:124 - InputText is called
2024-05-22 11:57:17 INFO  Keywords:282 - Waiting for webElement...financialdetails.rentalincome
2024-05-22 11:57:28 INFO  Keywords:124 - InputText is called
2024-05-22 11:57:28 INFO  Keywords:282 - Waiting for webElement...financialdetails.variabledebtexpenses
2024-05-22 11:57:38 INFO  Keywords:124 - InputText is called
2024-05-22 11:57:38 INFO  Keywords:282 - Waiting for webElement...financialdetails.incomepension
2024-05-22 11:57:48 INFO  Keywords:124 - InputText is called
2024-05-22 11:57:48 INFO  Keywords:282 - Waiting for webElement...financialdetails.discretionaryexpenses
2024-05-22 11:57:58 INFO  Keywords:124 - InputText is called
2024-05-22 11:57:58 INFO  Keywords:282 - Waiting for webElement...financialdetails.socialsecurityincome
2024-05-22 11:58:08 INFO  Keywords:124 - InputText is called
2024-05-22 11:58:08 INFO  Keywords:282 - Waiting for webElement...financialdetails.otherincome
2024-05-22 11:58:18 INFO  Keywords:124 - InputText is called
2024-05-22 11:58:18 INFO  Keywords:282 - Waiting for webElement...financialdetails.bonds
2024-05-22 11:58:28 INFO  Keywords:124 - InputText is called
2024-05-22 11:58:28 INFO  Keywords:282 - Waiting for webElement...financialdetails.businessTrustRealstate
2024-05-22 11:58:38 INFO  Keywords:124 - InputText is called
2024-05-22 11:58:38 INFO  Keywords:282 - Waiting for webElement...financialdetails.retirementplan
2024-05-22 11:58:48 INFO  Keywords:124 - InputText is called
2024-05-22 11:58:48 INFO  Keywords:282 - Waiting for webElement...financialdetails.equities
2024-05-22 11:58:59 INFO  Keywords:124 - InputText is called
2024-05-22 11:58:59 INFO  Keywords:282 - Waiting for webElement...financialdetails.facevalueilfeinsurance
2024-05-22 11:59:09 INFO  Keywords:124 - InputText is called
2024-05-22 11:59:09 INFO  Keywords:282 - Waiting for webElement...financialdetails.fixedannuity
2024-05-22 11:59:19 INFO  Keywords:124 - InputText is called
2024-05-22 11:59:19 INFO  Keywords:282 - Waiting for webElement...financialdetails.indexannuity
2024-05-22 11:59:29 INFO  Keywords:124 - InputText is called
2024-05-22 11:59:29 INFO  Keywords:282 - Waiting for webElement...financialdetails.liquidnetworth
2024-05-22 11:59:39 INFO  Keywords:124 - InputText is called
2024-05-22 11:59:39 INFO  Keywords:282 - Waiting for webElement...financialdetails.mutualfund
2024-05-22 11:59:49 INFO  Keywords:124 - InputText is called
2024-05-22 11:59:49 INFO  Keywords:282 - Waiting for webElement...financialdetails.otherbrokerage
2024-05-22 11:59:59 INFO  Keywords:124 - InputText is called
2024-05-22 11:59:59 INFO  Keywords:282 - Waiting for webElement...financialdetails.policypremium
2024-05-22 12:00:09 INFO  Keywords:124 - InputText is called
2024-05-22 12:00:09 INFO  Keywords:282 - Waiting for webElement...financialdetails.variableannuity
2024-05-22 12:00:19 INFO  Keywords:124 - InputText is called
2024-05-22 12:00:19 INFO  Keywords:282 - Waiting for webElement...financialdetails.totalpremium
2024-05-22 12:00:30 INFO  Keywords:282 - Waiting for webElement...financialdetails.anticipatedchanges
2024-05-22 12:00:40 INFO  Keywords:282 - Waiting for webElement...financialdetails.nonguaranteedelement
2024-05-22 12:00:50 INFO  Keywords:282 - Waiting for webElement...financialdetails.reversemortgage
2024-05-22 12:01:00 INFO  Keywords:135 - ClickOnLink is called
2024-05-22 12:01:00 INFO  Keywords:282 - Waiting for webElement...next
2024-05-22 12:01:00 INFO  Keywords:285 - Element found...next
2024-05-22 12:01:16 INFO  Keywords:282 - Waiting for webElement...payment.modal
2024-05-22 12:01:42 INFO  Keywords:282 - Waiting for webElement...payment.method
2024-05-22 12:01:52 INFO  Keywords:124 - InputText is called
2024-05-22 12:01:52 INFO  Keywords:282 - Waiting for webElement...payment.premium
2024-05-22 12:02:02 INFO  Keywords:135 - ClickOnLink is called
2024-05-22 12:02:02 INFO  Keywords:282 - Waiting for webElement...next
2024-05-22 12:02:02 INFO  Keywords:285 - Element found...next
2024-05-22 12:02:19 INFO  Keywords:282 - Waiting for webElement...existinginsurance.borrowingfunds
2024-05-22 12:02:29 INFO  Keywords:282 - Waiting for webElement...existinginsurance.terminatingexistinglifepolicy
2024-05-22 12:02:39 INFO  Keywords:282 - Waiting for webElement...existinginsurance.longtermcoverage
2024-05-22 12:02:49 INFO  Keywords:282 - Waiting for webElement...existanceterminating.InsuranceCompanyName
2024-05-22 12:02:59 INFO  Keywords:124 - InputText is called
2024-05-22 12:02:59 INFO  Keywords:282 - Waiting for webElement...existanceterminating.ProductName
2024-05-22 12:03:09 INFO  Keywords:124 - InputText is called
2024-05-22 12:03:09 INFO  Keywords:282 - Waiting for webElement...existanceterminating.Insured
2024-05-22 12:03:19 INFO  Keywords:124 - InputText is called
2024-05-22 12:03:19 INFO  Keywords:282 - Waiting for webElement...existanceterminating.Owner
2024-05-22 12:03:29 INFO  Keywords:124 - InputText is called
2024-05-22 12:03:29 INFO  Keywords:282 - Waiting for webElement...existanceterminating.DateIssued
2024-05-22 12:03:40 INFO  Keywords:124 - InputText is called
2024-05-22 12:03:40 INFO  Keywords:282 - Waiting for webElement...existanceterminating.AmountOfInsurance
2024-05-22 12:03:50 INFO  Keywords:282 - Waiting for webElement...existanceterminating.ExistingInsuranceType
2024-05-22 12:04:00 INFO  Keywords:282 - Waiting for webElement...existanceterminating.ProductType
2024-05-22 12:04:10 INFO  Keywords:282 - Waiting for webElement...existanceterminating.LifeProductType
2024-05-22 12:04:20 INFO  Keywords:124 - InputText is called
2024-05-22 12:04:20 INFO  Keywords:282 - Waiting for webElement...existanceterminating.PolicyNo
2024-05-22 12:04:30 INFO  Keywords:282 - Waiting for webElement...existanceterminating.PurposeOfPolicy
2024-05-22 12:04:40 INFO  Keywords:282 - Waiting for webElement...existanceterminating.FundsNewPolicy
2024-05-22 12:04:50 INFO  Keywords:282 - Waiting for webElement...existanceterminating.ReplacingNewPolicy
2024-05-22 12:05:00 INFO  Keywords:282 - Waiting for webElement...existanceterminating.ReplacementThType
2024-05-22 12:05:11 INFO  Keywords:282 - Waiting for webElement...existanceterminating.1035ThExchange
2024-05-22 12:05:21 INFO  Keywords:124 - InputText is called
2024-05-22 12:05:21 INFO  Keywords:282 - Waiting for webElement...existanceterminating.ReasonReplacement
2024-05-22 12:05:31 INFO  Keywords:124 - InputText is called
2024-05-22 12:05:31 INFO  Keywords:282 - Waiting for webElement...existanceterminating.NoOfPolicy
2024-05-22 12:05:41 INFO  Keywords:124 - InputText is called
2024-05-22 12:05:41 INFO  Keywords:282 - Waiting for webElement...existanceterminating.PremiumPayment
2024-05-22 12:05:51 INFO  Keywords:124 - InputText is called
2024-05-22 12:05:51 INFO  Keywords:282 - Waiting for webElement...existanceterminating.FrequencyPremium
2024-05-22 12:06:01 INFO  Keywords:124 - InputText is called
2024-05-22 12:06:01 INFO  Keywords:282 - Waiting for webElement...existanceterminating.AmountBeingExchanged
2024-05-22 12:06:11 INFO  Keywords:124 - InputText is called
2024-05-22 12:06:11 INFO  Keywords:282 - Waiting for webElement...existanceterminating.SurrenderCharge
2024-05-22 12:06:21 INFO  Keywords:124 - InputText is called
2024-05-22 12:06:21 INFO  Keywords:282 - Waiting for webElement...existanceterminating.DeathBenefit
2024-05-22 12:06:32 INFO  Keywords:124 - InputText is called
2024-05-22 12:06:32 INFO  Keywords:282 - Waiting for webElement...existanceterminating.SpecialFeatures
2024-05-22 12:06:42 INFO  Keywords:135 - ClickOnLink is called
2024-05-22 12:06:42 INFO  Keywords:282 - Waiting for webElement...existanceterminating1.AddInstance
2024-05-22 12:06:52 INFO  Keywords:282 - Waiting for webElement...existanceterminating1.InsuranceCompanyName
2024-05-22 12:07:02 INFO  Keywords:124 - InputText is called
2024-05-22 12:07:02 INFO  Keywords:282 - Waiting for webElement...existanceterminating1.ProductName
2024-05-22 12:07:12 INFO  Keywords:124 - InputText is called
2024-05-22 12:07:12 INFO  Keywords:282 - Waiting for webElement...existanceterminating1.Insured
2024-05-22 12:07:22 INFO  Keywords:124 - InputText is called
2024-05-22 12:07:22 INFO  Keywords:282 - Waiting for webElement...existanceterminating1.Owner
2024-05-22 12:07:32 INFO  Keywords:124 - InputText is called
2024-05-22 12:07:32 INFO  Keywords:282 - Waiting for webElement...existanceterminating1.DateIssued
2024-05-22 12:07:42 INFO  Keywords:124 - InputText is called
2024-05-22 12:07:42 INFO  Keywords:282 - Waiting for webElement...existanceterminating1.AmountOfInsurance
2024-05-22 12:07:53 INFO  Keywords:282 - Waiting for webElement...existanceterminating1.ExistingInsuranceType
2024-05-22 12:08:03 INFO  Keywords:282 - Waiting for webElement...existanceterminating1.ProductType
2024-05-22 12:08:13 INFO  Keywords:282 - Waiting for webElement...existanceterminating1.LifeProductType
2024-05-22 12:08:23 INFO  Keywords:124 - InputText is called
2024-05-22 12:08:23 INFO  Keywords:282 - Waiting for webElement...existanceterminating1.PolicyNo
2024-05-22 12:08:33 INFO  Keywords:282 - Waiting for webElement...existanceterminating1.PurposeOfPolicy
2024-05-22 12:08:43 INFO  Keywords:282 - Waiting for webElement...existanceterminating1.FundsNewPolicy
2024-05-22 12:08:53 INFO  Keywords:282 - Waiting for webElement...existanceterminating1.ReplacingNewPolicy
2024-05-22 12:09:03 INFO  Keywords:282 - Waiting for webElement...existanceterminating1.ReplacementThType
2024-05-22 12:09:13 INFO  Keywords:282 - Waiting for webElement...existanceterminating1.1035ThExchange
2024-05-22 12:09:24 INFO  Keywords:124 - InputText is called
2024-05-22 12:09:24 INFO  Keywords:282 - Waiting for webElement...existanceterminating1.ReasonReplacement
2024-05-22 12:09:34 INFO  Keywords:124 - InputText is called
2024-05-22 12:09:34 INFO  Keywords:282 - Waiting for webElement...existanceterminating1.NoOfPolicy
2024-05-22 12:09:44 INFO  Keywords:124 - InputText is called
2024-05-22 12:09:44 INFO  Keywords:282 - Waiting for webElement...existanceterminating1.PremiumPayment
2024-05-22 12:09:54 INFO  Keywords:124 - InputText is called
2024-05-22 12:09:54 INFO  Keywords:282 - Waiting for webElement...existanceterminating1.FrequencyPremium
2024-05-22 12:10:04 INFO  Keywords:124 - InputText is called
2024-05-22 12:10:04 INFO  Keywords:282 - Waiting for webElement...existanceterminating1.AmountBeingExchanged
2024-05-22 12:10:14 INFO  Keywords:124 - InputText is called
2024-05-22 12:10:14 INFO  Keywords:282 - Waiting for webElement...existanceterminating1.SurrenderCharge
2024-05-22 12:10:24 INFO  Keywords:124 - InputText is called
2024-05-22 12:10:24 INFO  Keywords:282 - Waiting for webElement...existanceterminating1.DeathBenefit
2024-05-22 12:10:34 INFO  Keywords:124 - InputText is called
2024-05-22 12:10:34 INFO  Keywords:282 - Waiting for webElement...existanceterminating1.SpecialFeatures
2024-05-22 12:10:45 INFO  Keywords:282 - Waiting for webElement...existinginsurance.longtermpolicyYes
2024-05-22 12:10:55 INFO  Keywords:124 - InputText is called
2024-05-22 12:10:55 INFO  Keywords:282 - Waiting for webElement...existinglongtermpolicy.InsuranceName
2024-05-22 12:11:05 INFO  Keywords:124 - InputText is called
2024-05-22 12:11:05 INFO  Keywords:282 - Waiting for webElement...existinglongtermpolicy.policyCertificateNumber
2024-05-22 12:11:15 INFO  Keywords:124 - InputText is called
2024-05-22 12:11:15 INFO  Keywords:282 - Waiting for webElement...existinglongtermpolicy.ProductName
2024-05-22 12:11:25 INFO  Keywords:282 - Waiting for webElement...existinglongtermpolicy.ProductType
2024-05-22 12:11:35 INFO  Keywords:124 - InputText is called
2024-05-22 12:11:35 INFO  Keywords:282 - Waiting for webElement...existinglongtermpolicy.Insured
2024-05-22 12:11:45 INFO  Keywords:124 - InputText is called
2024-05-22 12:11:45 INFO  Keywords:282 - Waiting for webElement...existinglongtermpolicy.Owner
2024-05-22 12:11:55 INFO  Keywords:124 - InputText is called
2024-05-22 12:11:55 INFO  Keywords:282 - Waiting for webElement...existinglongtermpolicy.DailyBenefit
2024-05-22 12:12:06 INFO  Keywords:124 - InputText is called
2024-05-22 12:12:06 INFO  Keywords:282 - Waiting for webElement...existinglongtermpolicy.AmountOfInsurance
2024-05-22 12:12:16 INFO  Keywords:124 - InputText is called
2024-05-22 12:12:16 INFO  Keywords:282 - Waiting for webElement...existinglongtermpolicy.benefitAmount
2024-05-22 12:12:26 INFO  Keywords:124 - InputText is called
2024-05-22 12:12:26 INFO  Keywords:282 - Waiting for webElement...existinglongtermpolicy.benefitPeriod
2024-05-22 12:12:36 INFO  Keywords:135 - ClickOnLink is called
2024-05-22 12:12:36 INFO  Keywords:282 - Waiting for webElement...existinglongtermpolicy1.AddInstance
2024-05-22 12:12:46 INFO  Keywords:124 - InputText is called
2024-05-22 12:12:46 INFO  Keywords:282 - Waiting for webElement...existinglongtermpolicy1.InsuranceName
2024-05-22 12:12:56 INFO  Keywords:124 - InputText is called
2024-05-22 12:12:56 INFO  Keywords:282 - Waiting for webElement...existinglongtermpolicy1.policyCertificateNumber
2024-05-22 12:13:06 INFO  Keywords:124 - InputText is called
2024-05-22 12:13:06 INFO  Keywords:282 - Waiting for webElement...existinglongtermpolicy1.ProductName
2024-05-22 12:13:16 INFO  Keywords:282 - Waiting for webElement...existinglongtermpolicy1.ProductType
2024-05-22 12:13:26 INFO  Keywords:124 - InputText is called
2024-05-22 12:13:26 INFO  Keywords:282 - Waiting for webElement...existinglongtermpolicy1.Insured
2024-05-22 12:13:37 INFO  Keywords:124 - InputText is called
2024-05-22 12:13:37 INFO  Keywords:282 - Waiting for webElement...existinglongtermpolicy1.Owner
2024-05-22 12:13:47 INFO  Keywords:124 - InputText is called
2024-05-22 12:13:47 INFO  Keywords:282 - Waiting for webElement...existinglongtermpolicy1.DailyBenefit
2024-05-22 12:13:57 INFO  Keywords:124 - InputText is called
2024-05-22 12:13:57 INFO  Keywords:282 - Waiting for webElement...existinglongtermpolicy1.AmountOfInsurance
2024-05-22 12:14:07 INFO  Keywords:124 - InputText is called
2024-05-22 12:14:07 INFO  Keywords:282 - Waiting for webElement...existinglongtermpolicy1.benefitAmount
2024-05-22 12:14:17 INFO  Keywords:124 - InputText is called
2024-05-22 12:14:17 INFO  Keywords:282 - Waiting for webElement...existinglongtermpolicy1.benefitPeriod
2024-05-22 12:14:27 INFO  Keywords:282 - Waiting for webElement...existinginsurance.longterminsuranceYes
2024-05-22 12:14:37 INFO  Keywords:124 - InputText is called
2024-05-22 12:14:37 INFO  Keywords:282 - Waiting for webElement...existinglongterminsurance.InsuranceCompany
2024-05-22 12:14:48 INFO  Keywords:124 - InputText is called
2024-05-22 12:14:48 INFO  Keywords:282 - Waiting for webElement...existinglongterminsurance.Certificate
2024-05-22 12:14:58 INFO  Keywords:124 - InputText is called
2024-05-22 12:14:58 INFO  Keywords:282 - Waiting for webElement...existinglongterminsurance.LTCBenefit
2024-05-22 12:15:08 INFO  Keywords:124 - InputText is called
2024-05-22 12:15:08 INFO  Keywords:282 - Waiting for webElement...existinglongterminsurance.IssueDate
2024-05-22 12:15:18 INFO  Keywords:124 - InputText is called
2024-05-22 12:15:18 INFO  Keywords:282 - Waiting for webElement...existinglongterminsurance.LapseDate
2024-05-22 12:15:28 INFO  Keywords:135 - ClickOnLink is called
2024-05-22 12:15:28 INFO  Keywords:282 - Waiting for webElement...existinglongterminsurance1.AddInstance
2024-05-22 12:15:38 INFO  Keywords:124 - InputText is called
2024-05-22 12:15:38 INFO  Keywords:282 - Waiting for webElement...existinglongterminsurance1.InsuranceCompany
2024-05-22 12:15:48 INFO  Keywords:124 - InputText is called
2024-05-22 12:15:48 INFO  Keywords:282 - Waiting for webElement...existinglongterminsurance1.Certificate
2024-05-22 12:15:58 INFO  Keywords:124 - InputText is called
2024-05-22 12:15:58 INFO  Keywords:282 - Waiting for webElement...existinglongterminsurance1.LTCBenefit
2024-05-22 12:16:08 INFO  Keywords:124 - InputText is called
2024-05-22 12:16:08 INFO  Keywords:282 - Waiting for webElement...existinglongterminsurance1.IssueDate
2024-05-22 12:16:19 INFO  Keywords:124 - InputText is called
2024-05-22 12:16:19 INFO  Keywords:282 - Waiting for webElement...existinglongterminsurance1.LapseDate
2024-05-22 12:16:19 INFO  Keywords:135 - ClickOnLink is called
2024-05-22 12:16:19 INFO  Keywords:282 - Waiting for webElement...next
2024-05-22 12:16:19 INFO  Keywords:285 - Element found...next
2024-05-22 12:16:35 INFO  Keywords:135 - ClickOnLink is called
2024-05-22 12:16:35 INFO  Keywords:282 - Waiting for webElement...next
2024-05-22 12:16:35 INFO  Keywords:285 - Element found...next
2024-05-22 12:16:51 INFO  Keywords:124 - InputText is called
2024-05-22 12:16:51 INFO  Keywords:282 - Waiting for webElement...additionalclientquestion.q1
2024-05-22 12:17:01 INFO  Keywords:124 - InputText is called
2024-05-22 12:17:01 INFO  Keywords:282 - Waiting for webElement...additionalclientquestion.q2
2024-05-22 12:17:11 INFO  Keywords:124 - InputText is called
2024-05-22 12:17:11 INFO  Keywords:282 - Waiting for webElement...additionalclientquestion.q3
2024-05-22 12:17:21 INFO  Keywords:124 - InputText is called
2024-05-22 12:17:21 INFO  Keywords:282 - Waiting for webElement...additionalclientquestion.q4
2024-05-22 12:17:31 INFO  Keywords:124 - InputText is called
2024-05-22 12:17:31 INFO  Keywords:282 - Waiting for webElement...additionalclientquestion.q5
2024-05-22 12:17:41 INFO  Keywords:135 - ClickOnLink is called
2024-05-22 12:17:41 INFO  Keywords:282 - Waiting for webElement...attachment
2024-05-22 12:17:42 INFO  Keywords:285 - Element found...attachment
2024-05-22 12:17:42 INFO  Keywords:282 - Waiting for webElement...attachment.documenttype
2024-05-22 12:17:52 INFO  Keywords:124 - InputText is called
2024-05-22 12:17:52 INFO  Keywords:282 - Waiting for webElement...attachment.choosefile
2024-05-22 12:18:02 INFO  Keywords:135 - ClickOnLink is called
2024-05-22 12:18:02 INFO  Keywords:282 - Waiting for webElement...attachment.upload
2024-05-22 12:19:42 INFO  Keywords:409 - switching to particular window...
