2024-02-29 10:49:32 INFO  Keywords:94 - Navigate is called
2024-02-29 10:49:35 INFO  Keywords:533 - ClearText is called
2024-02-29 10:49:35 INFO  Keywords:288 - Waiting for webElement...gateway.username
2024-02-29 10:49:35 INFO  Keywords:291 - Element found...gateway.username
2024-02-29 10:49:35 INFO  Keywords:537 - 
2024-02-29 10:49:35 INFO  Keywords:122 - InputText is called
2024-02-29 10:49:35 INFO  Keywords:288 - Waiting for webElement...gateway.username
2024-02-29 10:49:35 INFO  Keywords:291 - Element found...gateway.username
2024-02-29 10:49:35 INFO  Keywords:533 - ClearText is called
2024-02-29 10:49:35 INFO  Keywords:288 - Waiting for webElement...gateway.password
2024-02-29 10:49:35 INFO  Keywords:291 - Element found...gateway.password
2024-02-29 10:49:36 INFO  Keywords:537 - 
2024-02-29 10:49:36 INFO  Keywords:122 - InputText is called
2024-02-29 10:49:36 INFO  Keywords:288 - Waiting for webElement...gateway.password
2024-02-29 10:49:36 INFO  Keywords:291 - Element found...gateway.password
2024-02-29 10:49:36 INFO  Keywords:135 - ClickOnLink is called
2024-02-29 10:49:36 INFO  Keywords:288 - Waiting for webElement...gateway.login
2024-02-29 10:49:36 INFO  Keywords:291 - Element found...gateway.login
2024-02-29 10:49:57 INFO  Keywords:135 - ClickOnLink is called
2024-02-29 10:49:57 INFO  Keywords:288 - Waiting for webElement...management
2024-02-29 10:49:57 INFO  Keywords:291 - Element found...management
2024-02-29 10:49:57 INFO  Keywords:288 - Waiting for webElement...managementTools
2024-02-29 10:49:57 INFO  Keywords:291 - Element found...managementTools
2024-02-29 10:49:58 INFO  Keywords:135 - ClickOnLink is called
2024-02-29 10:49:58 INFO  Keywords:288 - Waiting for webElement...feedManagement
2024-02-29 10:49:58 INFO  Keywords:291 - Element found...feedManagement
2024-02-29 10:50:14 INFO  Keywords:135 - ClickOnLink is called
2024-02-29 10:50:14 INFO  Keywords:288 - Waiting for webElement...searchPanel
2024-02-29 10:50:15 INFO  Keywords:291 - Element found...searchPanel
2024-02-29 10:50:15 INFO  Keywords:288 - Waiting for webElement...selectTransactionID
2024-02-29 10:50:15 INFO  Keywords:291 - Element found...selectTransactionID
2024-02-29 10:50:28 INFO  Keywords:122 - InputText is called
2024-02-29 10:50:28 INFO  Keywords:288 - Waiting for webElement...enterTransactioID
2024-02-29 10:50:39 INFO  Keywords:135 - ClickOnLink is called
2024-02-29 10:50:39 INFO  Keywords:288 - Waiting for webElement...searchbutton
2024-02-29 10:50:41 INFO  Keywords:291 - Element found...searchbutton
2024-02-29 10:50:58 INFO  Keywords:135 - ClickOnLink is called
2024-02-29 10:50:58 INFO  Keywords:288 - Waiting for webElement...transactionSearchmyResult
2024-02-29 10:50:58 INFO  Keywords:291 - Element found...transactionSearchmyResult
