2023-12-29 15:08:27 INFO  Keywords:93 - Navigate is called
2023-12-29 15:08:30 INFO  Keywords:121 - InputText is called
2023-12-29 15:08:30 INFO  Keywords:282 - Waiting for webElement...gateway.username
2023-12-29 15:08:30 INFO  Keywords:285 - Element found...gateway.username
2023-12-29 15:08:31 INFO  Keywords:121 - InputText is called
2023-12-29 15:08:31 INFO  Keywords:282 - Waiting for webElement...gateway.password
2023-12-29 15:08:31 INFO  Keywords:285 - Element found...gateway.password
2023-12-29 15:08:31 INFO  Keywords:134 - ClickOnLink is called
2023-12-29 15:08:31 INFO  Keywords:282 - Waiting for webElement...gateway.login
2023-12-29 15:08:31 INFO  Keywords:285 - Element found...gateway.login
2023-12-29 15:09:10 INFO  Keywords:134 - ClickOnLink is called
2023-12-29 15:09:10 INFO  Keywords:282 - Waiting for webElement...postsamldata
2023-12-29 15:09:10 INFO  Keywords:285 - Element found...postsamldata
2023-12-29 15:09:26 INFO  Keywords:134 - ClickOnLink is called
2023-12-29 15:09:26 INFO  Keywords:282 - Waiting for webElement...next
2023-12-29 15:09:26 INFO  Keywords:285 - Element found...next
2023-12-29 15:09:48 INFO  Keywords:121 - InputText is called
2023-12-29 15:09:48 INFO  Keywords:282 - Waiting for webElement...policyConfiguration.insuranceamount
2023-12-29 15:09:48 INFO  Keywords:285 - Element found...policyConfiguration.insuranceamount
2023-12-29 15:09:48 INFO  Keywords:282 - Waiting for webElement...policyConfiguration.LTC
2023-12-29 15:09:48 INFO  Keywords:285 - Element found...policyConfiguration.LTC
2023-12-29 15:09:49 INFO  Keywords:282 - Waiting for webElement...policyConfiguration.payors
2023-12-29 15:09:49 INFO  Keywords:285 - Element found...policyConfiguration.payors
2023-12-29 15:09:49 INFO  Keywords:282 - Waiting for webElement...policyConfiguration.purposeofpolicy
2023-12-29 15:09:49 INFO  Keywords:285 - Element found...policyConfiguration.purposeofpolicy
2023-12-29 15:09:49 INFO  Keywords:134 - ClickOnLink is called
2023-12-29 15:09:49 INFO  Keywords:282 - Waiting for webElement...next
2023-12-29 15:09:49 INFO  Keywords:285 - Element found...next
2023-12-29 15:11:27 INFO  Keywords:282 - Waiting for webElement...primaryinsured.birthcountry
2023-12-29 15:11:28 INFO  Keywords:285 - Element found...primaryinsured.birthcountry
2023-12-29 15:11:28 INFO  Keywords:282 - Waiting for webElement...primaryinsured.birthstate
2023-12-29 15:11:28 INFO  Keywords:285 - Element found...primaryinsured.birthstate
2023-12-29 15:11:28 INFO  Keywords:121 - InputText is called
2023-12-29 15:11:28 INFO  Keywords:282 - Waiting for webElement...primaryinsured.birthcity
2023-12-29 15:11:28 INFO  Keywords:285 - Element found...primaryinsured.birthcity
2023-12-29 15:11:28 INFO  Keywords:134 - ClickOnLink is called
2023-12-29 15:11:28 INFO  Keywords:282 - Waiting for webElement...next
2023-12-29 15:11:28 INFO  Keywords:285 - Element found...next
2023-12-29 15:11:53 INFO  Keywords:134 - ClickOnLink is called
2023-12-29 15:11:53 INFO  Keywords:282 - Waiting for webElement...next
2023-12-29 15:11:53 INFO  Keywords:285 - Element found...next
2023-12-29 15:12:17 INFO  Keywords:282 - Waiting for webElement...jointInsured.birthCountry
2023-12-29 15:12:27 INFO  Keywords:282 - Waiting for webElement...jointInsured.birthState
2023-12-29 15:12:37 INFO  Keywords:121 - InputText is called
2023-12-29 15:12:37 INFO  Keywords:282 - Waiting for webElement...jointInsured.birthCity
2023-12-29 15:12:47 INFO  Keywords:134 - ClickOnLink is called
2023-12-29 15:12:47 INFO  Keywords:282 - Waiting for webElement...next
2023-12-29 15:12:47 INFO  Keywords:285 - Element found...next
2023-12-29 15:13:10 INFO  Keywords:282 - Waiting for webElement...naturalOwner.relationwithInsured
2023-12-29 15:13:20 INFO  Keywords:282 - Waiting for webElement...naturalOwner.relationwithJointInsured
2023-12-29 15:13:30 INFO  Keywords:134 - ClickOnLink is called
2023-12-29 15:13:30 INFO  Keywords:282 - Waiting for webElement...next
2023-12-29 15:13:30 INFO  Keywords:285 - Element found...next
2023-12-29 15:13:54 INFO  Keywords:282 - Waiting for webElement...financialDetails.SourceOfFundsLI
2023-12-29 15:14:04 INFO  Keywords:282 - Waiting for webElement...financialDetails.SurrenderChargeSOFLI
2023-12-29 15:14:15 INFO  Keywords:282 - Waiting for webElement...financialDetails.envisiontaking
2023-12-29 15:14:25 INFO  Keywords:282 - Waiting for webElement...financialDetails.federalfaxbracket
2023-12-29 15:14:35 INFO  Keywords:282 - Waiting for webElement...financialDetails.riskTolerance
2023-12-29 15:14:45 INFO  Keywords:282 - Waiting for webElement...financialDetails.Investmentobjectives
2023-12-29 15:14:55 INFO  Keywords:282 - Waiting for webElement...financialDetails.timehorizon
2023-12-29 15:15:05 INFO  Keywords:282 - Waiting for webElement...financialDetails.investmentexperienceFA
2023-12-29 15:15:15 INFO  Keywords:121 - InputText is called
2023-12-29 15:15:15 INFO  Keywords:282 - Waiting for webElement...financialDetails.investmentstartyear
2023-12-29 15:15:25 INFO  Keywords:121 - InputText is called
2023-12-29 15:15:25 INFO  Keywords:282 - Waiting for webElement...financialdetails.wages
2023-12-29 15:15:35 INFO  Keywords:121 - InputText is called
2023-12-29 15:15:35 INFO  Keywords:282 - Waiting for webElement...financialdetails.livingexpenses
2023-12-29 15:15:45 INFO  Keywords:121 - InputText is called
2023-12-29 15:15:45 INFO  Keywords:282 - Waiting for webElement...financialdetails.personalinvestment
2023-12-29 15:15:56 INFO  Keywords:121 - InputText is called
2023-12-29 15:15:56 INFO  Keywords:282 - Waiting for webElement...financialdetails.fixeddebtexpenses
2023-12-29 15:16:06 INFO  Keywords:121 - InputText is called
2023-12-29 15:16:06 INFO  Keywords:282 - Waiting for webElement...financialdetails.rentalincome
2023-12-29 15:16:16 INFO  Keywords:121 - InputText is called
2023-12-29 15:16:16 INFO  Keywords:282 - Waiting for webElement...financialdetails.variabledebtexpenses
2023-12-29 15:16:26 INFO  Keywords:121 - InputText is called
2023-12-29 15:16:26 INFO  Keywords:282 - Waiting for webElement...financialdetails.incomepension
2023-12-29 15:16:36 INFO  Keywords:121 - InputText is called
2023-12-29 15:16:36 INFO  Keywords:282 - Waiting for webElement...financialdetails.discretionaryexpenses
2023-12-29 15:16:46 INFO  Keywords:121 - InputText is called
2023-12-29 15:16:46 INFO  Keywords:282 - Waiting for webElement...financialdetails.socialsecurityincome
2023-12-29 15:16:56 INFO  Keywords:121 - InputText is called
2023-12-29 15:16:56 INFO  Keywords:282 - Waiting for webElement...financialdetails.otherincome
2023-12-29 15:17:06 INFO  Keywords:121 - InputText is called
2023-12-29 15:17:06 INFO  Keywords:282 - Waiting for webElement...financialdetails.bonds
2023-12-29 15:17:16 INFO  Keywords:121 - InputText is called
2023-12-29 15:17:16 INFO  Keywords:282 - Waiting for webElement...financialdetails.businessTrustRealstate
2023-12-29 15:17:26 INFO  Keywords:121 - InputText is called
2023-12-29 15:17:26 INFO  Keywords:282 - Waiting for webElement...financialdetails.retirementplan
2023-12-29 15:17:37 INFO  Keywords:121 - InputText is called
2023-12-29 15:17:37 INFO  Keywords:282 - Waiting for webElement...financialdetails.equities
2023-12-29 15:17:47 INFO  Keywords:121 - InputText is called
2023-12-29 15:17:47 INFO  Keywords:282 - Waiting for webElement...financialdetails.facevalueilfeinsurance
2023-12-29 15:17:57 INFO  Keywords:121 - InputText is called
2023-12-29 15:17:57 INFO  Keywords:282 - Waiting for webElement...financialdetails.fixedannuity
2023-12-29 15:18:07 INFO  Keywords:121 - InputText is called
2023-12-29 15:18:07 INFO  Keywords:282 - Waiting for webElement...financialdetails.indexannuity
2023-12-29 15:18:17 INFO  Keywords:121 - InputText is called
2023-12-29 15:18:17 INFO  Keywords:282 - Waiting for webElement...financialdetails.liquidnetworth
2023-12-29 15:18:27 INFO  Keywords:121 - InputText is called
2023-12-29 15:18:27 INFO  Keywords:282 - Waiting for webElement...financialdetails.mutualfund
2023-12-29 15:18:37 INFO  Keywords:121 - InputText is called
2023-12-29 15:18:37 INFO  Keywords:282 - Waiting for webElement...financialdetails.otherbrokerage
2023-12-29 15:18:47 INFO  Keywords:121 - InputText is called
2023-12-29 15:18:47 INFO  Keywords:282 - Waiting for webElement...financialdetails.policypremium
2023-12-29 15:18:57 INFO  Keywords:121 - InputText is called
2023-12-29 15:18:57 INFO  Keywords:282 - Waiting for webElement...financialdetails.variableannuity
2023-12-29 15:19:07 INFO  Keywords:121 - InputText is called
2023-12-29 15:19:07 INFO  Keywords:282 - Waiting for webElement...financialdetails.totalpremium
2023-12-29 15:19:18 INFO  Keywords:282 - Waiting for webElement...financialdetails.anticipatedchanges
2023-12-29 15:19:28 INFO  Keywords:282 - Waiting for webElement...financialdetails.nonguaranteedelement
2023-12-29 15:19:38 INFO  Keywords:282 - Waiting for webElement...financialdetails.reversemortgage
2023-12-29 15:19:48 INFO  Keywords:134 - ClickOnLink is called
2023-12-29 15:19:48 INFO  Keywords:282 - Waiting for webElement...next
2023-12-29 15:19:48 INFO  Keywords:285 - Element found...next
2023-12-29 15:20:12 INFO  Keywords:282 - Waiting for webElement...payment.modal
2023-12-29 15:20:38 INFO  Keywords:282 - Waiting for webElement...payment.method
2023-12-29 15:20:48 INFO  Keywords:121 - InputText is called
2023-12-29 15:20:48 INFO  Keywords:282 - Waiting for webElement...payment.premium
2023-12-29 15:20:58 INFO  Keywords:134 - ClickOnLink is called
2023-12-29 15:20:58 INFO  Keywords:282 - Waiting for webElement...next
2023-12-29 15:20:58 INFO  Keywords:285 - Element found...next
2023-12-29 15:21:22 INFO  Keywords:282 - Waiting for webElement...existinginsurance.borrowingfunds
2023-12-29 15:21:32 INFO  Keywords:282 - Waiting for webElement...existinginsurance.terminatingexistinglifepolicy
2023-12-29 15:21:42 INFO  Keywords:282 - Waiting for webElement...existinginsurance.longtermcoverage
2023-12-29 15:21:52 INFO  Keywords:282 - Waiting for webElement...existanceterminating.InsuranceCompanyName
2023-12-29 15:22:02 INFO  Keywords:121 - InputText is called
2023-12-29 15:22:02 INFO  Keywords:282 - Waiting for webElement...existanceterminating.ProductName
2023-12-29 15:22:12 INFO  Keywords:121 - InputText is called
2023-12-29 15:22:12 INFO  Keywords:282 - Waiting for webElement...existanceterminating.Insured
2023-12-29 15:22:22 INFO  Keywords:121 - InputText is called
2023-12-29 15:22:22 INFO  Keywords:282 - Waiting for webElement...existanceterminating.Owner
2023-12-29 15:22:32 INFO  Keywords:121 - InputText is called
2023-12-29 15:22:32 INFO  Keywords:282 - Waiting for webElement...existanceterminating.DateIssued
2023-12-29 15:22:43 INFO  Keywords:121 - InputText is called
2023-12-29 15:22:43 INFO  Keywords:282 - Waiting for webElement...existanceterminating.AmountOfInsurance
2023-12-29 15:22:53 INFO  Keywords:282 - Waiting for webElement...existanceterminating.ExistingInsuranceType
2023-12-29 15:23:03 INFO  Keywords:282 - Waiting for webElement...existanceterminating.ProductType
2023-12-29 15:23:13 INFO  Keywords:282 - Waiting for webElement...existanceterminating.LifeProductType
2023-12-29 15:23:23 INFO  Keywords:121 - InputText is called
2023-12-29 15:23:23 INFO  Keywords:282 - Waiting for webElement...existanceterminating.PolicyNo
2023-12-29 15:23:33 INFO  Keywords:282 - Waiting for webElement...existanceterminating.PurposeOfPolicy
2023-12-29 15:23:43 INFO  Keywords:282 - Waiting for webElement...existanceterminating.FundsNewPolicy
2023-12-29 15:23:53 INFO  Keywords:282 - Waiting for webElement...existanceterminating.ReplacingNewPolicy
2023-12-29 15:24:03 INFO  Keywords:282 - Waiting for webElement...existanceterminating.ReplacementThType
2023-12-29 15:24:13 INFO  Keywords:282 - Waiting for webElement...existanceterminating.1035ThExchange
2023-12-29 15:24:24 INFO  Keywords:121 - InputText is called
2023-12-29 15:24:24 INFO  Keywords:282 - Waiting for webElement...existanceterminating.ReasonReplacement
2023-12-29 15:24:34 INFO  Keywords:121 - InputText is called
2023-12-29 15:24:34 INFO  Keywords:282 - Waiting for webElement...existanceterminating.NoOfPolicy
2023-12-29 15:24:44 INFO  Keywords:121 - InputText is called
2023-12-29 15:24:44 INFO  Keywords:282 - Waiting for webElement...existanceterminating.PremiumPayment
2023-12-29 15:24:54 INFO  Keywords:121 - InputText is called
2023-12-29 15:24:54 INFO  Keywords:282 - Waiting for webElement...existanceterminating.FrequencyPremium
2023-12-29 15:25:04 INFO  Keywords:121 - InputText is called
2023-12-29 15:25:04 INFO  Keywords:282 - Waiting for webElement...existanceterminating.AmountBeingExchanged
2023-12-29 15:25:14 INFO  Keywords:121 - InputText is called
2023-12-29 15:25:14 INFO  Keywords:282 - Waiting for webElement...existanceterminating.SurrenderCharge
2023-12-29 15:25:24 INFO  Keywords:121 - InputText is called
2023-12-29 15:25:24 INFO  Keywords:282 - Waiting for webElement...existanceterminating.DeathBenefit
2023-12-29 15:25:34 INFO  Keywords:121 - InputText is called
2023-12-29 15:25:34 INFO  Keywords:282 - Waiting for webElement...existanceterminating.SpecialFeatures
2023-12-29 15:25:44 INFO  Keywords:282 - Waiting for webElement...existinginsurance.longtermpolicyYes
2023-12-29 15:25:54 INFO  Keywords:121 - InputText is called
2023-12-29 15:25:54 INFO  Keywords:282 - Waiting for webElement...existinglongtermpolicy.InsuranceName
2023-12-29 15:26:04 INFO  Keywords:121 - InputText is called
2023-12-29 15:26:04 INFO  Keywords:282 - Waiting for webElement...existinglongtermpolicy.policyCertificateNumber
2023-12-29 15:26:15 INFO  Keywords:121 - InputText is called
2023-12-29 15:26:15 INFO  Keywords:282 - Waiting for webElement...existinglongtermpolicy.ProductName
2023-12-29 15:26:25 INFO  Keywords:282 - Waiting for webElement...existinglongtermpolicy.ProductType
2023-12-29 15:26:35 INFO  Keywords:121 - InputText is called
2023-12-29 15:26:35 INFO  Keywords:282 - Waiting for webElement...existinglongtermpolicy.Insured
2023-12-29 15:26:45 INFO  Keywords:121 - InputText is called
2023-12-29 15:26:45 INFO  Keywords:282 - Waiting for webElement...existinglongtermpolicy.Owner
2023-12-29 15:26:55 INFO  Keywords:121 - InputText is called
2023-12-29 15:26:55 INFO  Keywords:282 - Waiting for webElement...existinglongtermpolicy.DailyBenefit
2023-12-29 15:27:05 INFO  Keywords:121 - InputText is called
2023-12-29 15:27:05 INFO  Keywords:282 - Waiting for webElement...existinglongtermpolicy.AmountOfInsurance
2023-12-29 15:27:15 INFO  Keywords:121 - InputText is called
2023-12-29 15:27:15 INFO  Keywords:282 - Waiting for webElement...existinglongtermpolicy.benefitAmount
2023-12-29 15:27:25 INFO  Keywords:121 - InputText is called
2023-12-29 15:27:25 INFO  Keywords:282 - Waiting for webElement...existinglongtermpolicy.benefitPeriod
2023-12-29 15:27:35 INFO  Keywords:282 - Waiting for webElement...existinginsurance.longterminsuranceYes
2023-12-29 15:27:45 INFO  Keywords:121 - InputText is called
2023-12-29 15:27:45 INFO  Keywords:282 - Waiting for webElement...existinglongterminsurance.InsuranceCompany
2023-12-29 15:27:56 INFO  Keywords:121 - InputText is called
2023-12-29 15:27:56 INFO  Keywords:282 - Waiting for webElement...existinglongterminsurance.Certificate
2023-12-29 15:28:06 INFO  Keywords:121 - InputText is called
2023-12-29 15:28:06 INFO  Keywords:282 - Waiting for webElement...existinglongterminsurance.LTCBenefit
2023-12-29 15:28:16 INFO  Keywords:121 - InputText is called
2023-12-29 15:28:16 INFO  Keywords:282 - Waiting for webElement...existinglongterminsurance.IssueDate
2023-12-29 15:28:26 INFO  Keywords:121 - InputText is called
2023-12-29 15:28:26 INFO  Keywords:282 - Waiting for webElement...existinglongterminsurance.LapseDate
2023-12-29 15:28:36 INFO  Keywords:134 - ClickOnLink is called
2023-12-29 15:28:36 INFO  Keywords:282 - Waiting for webElement...next
2023-12-29 15:28:36 INFO  Keywords:285 - Element found...next
2023-12-29 15:28:59 INFO  Keywords:134 - ClickOnLink is called
2023-12-29 15:28:59 INFO  Keywords:282 - Waiting for webElement...next
2023-12-29 15:28:59 INFO  Keywords:285 - Element found...next
2023-12-29 15:29:20 INFO  Keywords:121 - InputText is called
2023-12-29 15:29:20 INFO  Keywords:282 - Waiting for webElement...additionalclientquestion.q1
2023-12-29 15:29:30 INFO  Keywords:121 - InputText is called
2023-12-29 15:29:30 INFO  Keywords:282 - Waiting for webElement...additionalclientquestion.q2
2023-12-29 15:29:40 INFO  Keywords:121 - InputText is called
2023-12-29 15:29:40 INFO  Keywords:282 - Waiting for webElement...additionalclientquestion.q3
2023-12-29 15:29:50 INFO  Keywords:121 - InputText is called
2023-12-29 15:29:50 INFO  Keywords:282 - Waiting for webElement...additionalclientquestion.q4
2023-12-29 15:30:00 INFO  Keywords:121 - InputText is called
2023-12-29 15:30:00 INFO  Keywords:282 - Waiting for webElement...additionalclientquestion.q5
2023-12-29 15:30:10 INFO  Keywords:512 - GetText is called
2023-12-29 15:30:10 INFO  Keywords:282 - Waiting for webElement...ebixTxnID
2023-12-29 15:30:10 INFO  Keywords:285 - Element found...ebixTxnID
2023-12-29 15:30:10 INFO  Keywords:516 - LinkId: 520437
2023-12-29 15:30:10 INFO  Keywords:567 - LinkId: 520437
2023-12-29 15:30:10 INFO  Keywords:512 - GetText is called
2023-12-29 15:30:10 INFO  Keywords:282 - Waiting for webElement...ebixTxnID
2023-12-29 15:30:11 INFO  Keywords:285 - Element found...ebixTxnID
2023-12-29 15:30:11 INFO  Keywords:516 - LinkId: 520437
2023-12-29 15:30:11 INFO  Keywords:134 - ClickOnLink is called
2023-12-29 15:30:11 INFO  Keywords:282 - Waiting for webElement...next
2023-12-29 15:30:11 INFO  Keywords:285 - Element found...next
2023-12-29 15:30:32 INFO  Keywords:134 - ClickOnLink is called
2023-12-29 15:30:32 INFO  Keywords:282 - Waiting for webElement...validate.button
2023-12-29 15:31:14 INFO  Keywords:134 - ClickOnLink is called
2023-12-29 15:31:14 INFO  Keywords:282 - Waiting for webElement...notification.continue
2023-12-29 15:31:40 INFO  Keywords:134 - ClickOnLink is called
2023-12-29 15:31:40 INFO  Keywords:282 - Waiting for webElement...esignature.optout
2023-12-29 15:33:20 INFO  Keywords:146 - VerifyText is called
2023-12-29 15:33:20 INFO  Keywords:282 - Waiting for webElement...WebElement
2023-12-29 15:33:20 INFO  Keywords:134 - ClickOnLink is called
2023-12-29 15:33:20 INFO  Keywords:282 - Waiting for webElement...attachment
2023-12-29 15:33:20 INFO  Keywords:285 - Element found...attachment
2023-12-29 15:33:21 INFO  Keywords:282 - Waiting for webElement...attachment.documenttype
2023-12-29 15:33:23 INFO  Keywords:285 - Element found...attachment.documenttype
2023-12-29 15:33:23 INFO  Keywords:121 - InputText is called
2023-12-29 15:33:23 INFO  Keywords:282 - Waiting for webElement...attachment.choosefile
2023-12-29 15:33:24 INFO  Keywords:285 - Element found...attachment.choosefile
2023-12-29 15:33:24 INFO  Keywords:134 - ClickOnLink is called
2023-12-29 15:33:24 INFO  Keywords:282 - Waiting for webElement...attachment.upload
2023-12-29 15:33:24 INFO  Keywords:285 - Element found...attachment.upload
2023-12-29 15:33:46 INFO  Keywords:134 - ClickOnLink is called
2023-12-29 15:33:46 INFO  Keywords:282 - Waiting for webElement...RequestSignatures
2023-12-29 15:34:12 INFO  Keywords:282 - Waiting for webElement...attachment.documenttype
2023-12-29 15:34:12 INFO  Keywords:285 - Element found...attachment.documenttype
2023-12-29 15:34:13 INFO  Keywords:121 - InputText is called
2023-12-29 15:34:13 INFO  Keywords:282 - Waiting for webElement...attachment.choosefile
2023-12-29 15:34:13 INFO  Keywords:285 - Element found...attachment.choosefile
2023-12-29 15:34:13 INFO  Keywords:134 - ClickOnLink is called
2023-12-29 15:34:13 INFO  Keywords:282 - Waiting for webElement...attachment.upload
2023-12-29 15:34:13 INFO  Keywords:285 - Element found...attachment.upload
2023-12-29 15:34:33 INFO  Keywords:134 - ClickOnLink is called
2023-12-29 15:34:33 INFO  Keywords:282 - Waiting for webElement...SubmitButton
2023-12-29 15:36:13 INFO  Keywords:449 - switching to parent window...
2023-12-29 15:36:13 INFO  Keywords:93 - Navigate is called
2023-12-29 15:36:15 INFO  Keywords:527 - ClearText is called
2023-12-29 15:36:15 INFO  Keywords:282 - Waiting for webElement...gateway.username
2023-12-29 15:36:15 INFO  Keywords:285 - Element found...gateway.username
2023-12-29 15:36:15 INFO  Keywords:531 - LinkId: 520437
2023-12-29 15:36:15 INFO  Keywords:121 - InputText is called
2023-12-29 15:36:15 INFO  Keywords:282 - Waiting for webElement...gateway.username
2023-12-29 15:36:15 INFO  Keywords:285 - Element found...gateway.username
2023-12-29 15:36:15 INFO  Keywords:527 - ClearText is called
2023-12-29 15:36:15 INFO  Keywords:282 - Waiting for webElement...gateway.password
2023-12-29 15:36:15 INFO  Keywords:285 - Element found...gateway.password
2023-12-29 15:36:15 INFO  Keywords:531 - LinkId: 520437
2023-12-29 15:36:15 INFO  Keywords:121 - InputText is called
2023-12-29 15:36:15 INFO  Keywords:282 - Waiting for webElement...gateway.password
2023-12-29 15:36:15 INFO  Keywords:285 - Element found...gateway.password
2023-12-29 15:36:15 INFO  Keywords:134 - ClickOnLink is called
2023-12-29 15:36:15 INFO  Keywords:282 - Waiting for webElement...gateway.login
2023-12-29 15:36:15 INFO  Keywords:285 - Element found...gateway.login
2023-12-29 15:36:35 INFO  Keywords:134 - ClickOnLink is called
2023-12-29 15:36:35 INFO  Keywords:282 - Waiting for webElement...management
2023-12-29 15:36:35 INFO  Keywords:285 - Element found...management
2023-12-29 15:36:35 INFO  Keywords:282 - Waiting for webElement...managementTools
2023-12-29 15:36:36 INFO  Keywords:285 - Element found...managementTools
2023-12-29 15:36:37 INFO  Keywords:134 - ClickOnLink is called
2023-12-29 15:36:37 INFO  Keywords:282 - Waiting for webElement...feedManagement
2023-12-29 15:36:37 INFO  Keywords:285 - Element found...feedManagement
2023-12-29 15:36:53 INFO  Keywords:134 - ClickOnLink is called
2023-12-29 15:36:53 INFO  Keywords:282 - Waiting for webElement...searchPanel
2023-12-29 15:36:53 INFO  Keywords:285 - Element found...searchPanel
2023-12-29 15:36:53 INFO  Keywords:282 - Waiting for webElement...selectTransactionID
2023-12-29 15:36:53 INFO  Keywords:285 - Element found...selectTransactionID
2023-12-29 15:36:54 INFO  Keywords:121 - InputText is called
2023-12-29 15:36:54 INFO  Keywords:282 - Waiting for webElement...enterTransactioID
2023-12-29 15:36:54 INFO  Keywords:285 - Element found...enterTransactioID
2023-12-29 15:36:54 INFO  Keywords:134 - ClickOnLink is called
2023-12-29 15:36:54 INFO  Keywords:282 - Waiting for webElement...searchbutton
2023-12-29 15:36:54 INFO  Keywords:285 - Element found...searchbutton
2023-12-29 15:37:10 INFO  Keywords:134 - ClickOnLink is called
2023-12-29 15:37:10 INFO  Keywords:282 - Waiting for webElement...transactionSearchmyResult
2023-12-29 15:37:10 INFO  Keywords:285 - Element found...transactionSearchmyResult
2023-12-29 15:37:27 INFO  Keywords:134 - ClickOnLink is called
2023-12-29 15:37:27 INFO  Keywords:282 - Waiting for webElement...onenotThree
2023-12-29 15:37:27 INFO  Keywords:285 - Element found...onenotThree
2023-12-29 15:37:27 INFO  Keywords:282 - Waiting for webElement...103ResponseXML
2023-12-29 15:37:28 INFO  Keywords:285 - Element found...103ResponseXML
2023-12-29 15:38:00 INFO  Keywords:449 - switching to parent window...
2023-12-29 15:38:00 INFO  Keywords:93 - Navigate is called
2023-12-29 15:38:01 INFO  Keywords:527 - ClearText is called
2023-12-29 15:38:01 INFO  Keywords:282 - Waiting for webElement...gateway.username
2023-12-29 15:38:01 INFO  Keywords:285 - Element found...gateway.username
2023-12-29 15:38:01 INFO  Keywords:531 - <?xml version="1.0" encoding="utf-16"?>
<soap:Envelope xmlns:soap="http://schemas.xmlsoap.org/soap/envelope/" xmlns:xsd="http://www.w3.org/2001/XMLSchema" xmlns:acord="http://ACORD.org/Standards/Life/2" xmlns:finetre="www.finetre.com/webservices" xmlns:user="http://www.annuitynet.com/namespace" xmlns:xsi="http://www.w3.org/2001/XMLSchema-instance">
 <soap:Header>
 <Header xmlns="www.finetre.com/webservices">
 <SessionId />
 <TransactionType>TransactionXML</TransactionType>
 <ServiceVersion>1</ServiceVersion>
 <RequestorId />
 <RequestorKey xsi:nil="true" />
 <ResponderId>SO</ResponderId>
 <ResponderKey xsi:nil="true" />
 <RequestGUID>CB9A7BF6-ED10-49FF-AC69-F77F5C9B772C</RequestGUID>
 <RequestSentDateTime />
 <RequestReceivedDateTime>2023-12-29T9:41:42</RequestReceivedDateTime>
 <ResponseSentDateTime>2023-12-29T9:41:42</ResponseSentDateTime>
 <ResponseReceivedDateTime>0001-01-01T00:00:00.0000000-05:00</ResponseReceivedDateTime>
 <Extensions xsi:nil="true" />
 </Header>
 </soap:Header>
 <soap:Body>
 <UploadResponse xmlns="www.finetre.com/webservices">
 <Data>
 <Status>Error</Status>
 <Errors xsi:nil="true">
 <errorCode>3000</errorCode>
 <Description>DXOUSER not found</Description>
 <Message>DXOUSER not found and hence system was unable to Insert/Update the Presale and Pending Case in SmartOffice.</Message>
 </Errors>
 <Extensions xsi:nil="true" />
 </Data>
 </UploadResponse>
 </soap:Body>
</soap:Envelope>
2023-12-29 15:38:01 INFO  Keywords:121 - InputText is called
2023-12-29 15:38:01 INFO  Keywords:282 - Waiting for webElement...gateway.username
2023-12-29 15:38:01 INFO  Keywords:285 - Element found...gateway.username
2023-12-29 15:38:01 INFO  Keywords:527 - ClearText is called
2023-12-29 15:38:01 INFO  Keywords:282 - Waiting for webElement...gateway.password
2023-12-29 15:38:01 INFO  Keywords:285 - Element found...gateway.password
2023-12-29 15:38:01 INFO  Keywords:531 - <?xml version="1.0" encoding="utf-16"?>
<soap:Envelope xmlns:soap="http://schemas.xmlsoap.org/soap/envelope/" xmlns:xsd="http://www.w3.org/2001/XMLSchema" xmlns:acord="http://ACORD.org/Standards/Life/2" xmlns:finetre="www.finetre.com/webservices" xmlns:user="http://www.annuitynet.com/namespace" xmlns:xsi="http://www.w3.org/2001/XMLSchema-instance">
 <soap:Header>
 <Header xmlns="www.finetre.com/webservices">
 <SessionId />
 <TransactionType>TransactionXML</TransactionType>
 <ServiceVersion>1</ServiceVersion>
 <RequestorId />
 <RequestorKey xsi:nil="true" />
 <ResponderId>SO</ResponderId>
 <ResponderKey xsi:nil="true" />
 <RequestGUID>CB9A7BF6-ED10-49FF-AC69-F77F5C9B772C</RequestGUID>
 <RequestSentDateTime />
 <RequestReceivedDateTime>2023-12-29T9:41:42</RequestReceivedDateTime>
 <ResponseSentDateTime>2023-12-29T9:41:42</ResponseSentDateTime>
 <ResponseReceivedDateTime>0001-01-01T00:00:00.0000000-05:00</ResponseReceivedDateTime>
 <Extensions xsi:nil="true" />
 </Header>
 </soap:Header>
 <soap:Body>
 <UploadResponse xmlns="www.finetre.com/webservices">
 <Data>
 <Status>Error</Status>
 <Errors xsi:nil="true">
 <errorCode>3000</errorCode>
 <Description>DXOUSER not found</Description>
 <Message>DXOUSER not found and hence system was unable to Insert/Update the Presale and Pending Case in SmartOffice.</Message>
 </Errors>
 <Extensions xsi:nil="true" />
 </Data>
 </UploadResponse>
 </soap:Body>
</soap:Envelope>
2023-12-29 15:38:01 INFO  Keywords:121 - InputText is called
2023-12-29 15:38:01 INFO  Keywords:282 - Waiting for webElement...gateway.password
2023-12-29 15:38:01 INFO  Keywords:285 - Element found...gateway.password
2023-12-29 15:38:01 INFO  Keywords:134 - ClickOnLink is called
2023-12-29 15:38:01 INFO  Keywords:282 - Waiting for webElement...gateway.login
2023-12-29 15:38:01 INFO  Keywords:285 - Element found...gateway.login
2023-12-29 15:38:20 INFO  Keywords:134 - ClickOnLink is called
2023-12-29 15:38:20 INFO  Keywords:282 - Waiting for webElement...management
2023-12-29 15:38:20 INFO  Keywords:285 - Element found...management
2023-12-29 15:38:20 INFO  Keywords:282 - Waiting for webElement...managementTools
2023-12-29 15:38:20 INFO  Keywords:285 - Element found...managementTools
2023-12-29 15:38:22 INFO  Keywords:134 - ClickOnLink is called
2023-12-29 15:38:22 INFO  Keywords:282 - Waiting for webElement...feedManagement
2023-12-29 15:38:22 INFO  Keywords:285 - Element found...feedManagement
2023-12-29 15:38:38 INFO  Keywords:134 - ClickOnLink is called
2023-12-29 15:38:38 INFO  Keywords:282 - Waiting for webElement...searchPanel
2023-12-29 15:38:38 INFO  Keywords:285 - Element found...searchPanel
2023-12-29 15:38:38 INFO  Keywords:282 - Waiting for webElement...selectTransactionID
2023-12-29 15:38:38 INFO  Keywords:285 - Element found...selectTransactionID
2023-12-29 15:38:39 INFO  Keywords:121 - InputText is called
2023-12-29 15:38:39 INFO  Keywords:282 - Waiting for webElement...enterTransactioID
2023-12-29 15:38:39 INFO  Keywords:285 - Element found...enterTransactioID
2023-12-29 15:38:39 INFO  Keywords:134 - ClickOnLink is called
2023-12-29 15:38:39 INFO  Keywords:282 - Waiting for webElement...searchbutton
2023-12-29 15:38:39 INFO  Keywords:285 - Element found...searchbutton
2023-12-29 15:38:55 INFO  Keywords:134 - ClickOnLink is called
2023-12-29 15:38:55 INFO  Keywords:282 - Waiting for webElement...transactionSearchmyResult
2023-12-29 15:38:55 INFO  Keywords:285 - Element found...transactionSearchmyResult
2023-12-29 15:39:11 INFO  Keywords:134 - ClickOnLink is called
2023-12-29 15:39:11 INFO  Keywords:282 - Waiting for webElement...RTSMButton
2023-12-29 15:39:11 INFO  Keywords:285 - Element found...RTSMButton
2023-12-29 15:39:12 INFO  Keywords:282 - Waiting for webElement...RTSMResponseXML
