2024-11-18 14:52:32 INFO  Keywords:106 - Navigate is called
2024-11-18 14:52:35 INFO  Keywords:132 - InputText is called
2024-11-18 14:52:35 INFO  Keywords:309 - Waiting for webElement...gateway.username
2024-11-18 14:52:35 INFO  Keywords:313 - Element found...gateway.username
2024-11-18 14:52:35 INFO  Keywords:132 - InputText is called
2024-11-18 14:52:35 INFO  Keywords:309 - Waiting for webElement...gateway.password
2024-11-18 14:52:35 INFO  Keywords:313 - Element found...gateway.password
2024-11-18 14:52:35 INFO  Keywords:143 - ClickOnLink is called
2024-11-18 14:52:35 INFO  Keywords:309 - Waiting for webElement...gateway.login
2024-11-18 14:52:35 INFO  Keywords:313 - Element found...gateway.login
2024-11-18 14:53:11 INFO  Keywords:143 - ClickOnLink is called
2024-11-18 14:53:11 INFO  Keywords:309 - Waiting for webElement...postsamldata
2024-11-18 14:53:11 INFO  Keywords:313 - Element found...postsamldata
2024-11-18 14:53:28 INFO  Keywords:143 - ClickOnLink is called
2024-11-18 14:53:28 INFO  Keywords:309 - Waiting for webElement...next
2024-11-18 14:53:28 INFO  Keywords:313 - Element found...next
2024-11-18 14:53:46 INFO  Keywords:132 - InputText is called
2024-11-18 14:53:46 INFO  Keywords:309 - Waiting for webElement...policyConfiguration.insuranceamount
2024-11-18 14:53:46 INFO  Keywords:313 - Element found...policyConfiguration.insuranceamount
2024-11-18 14:53:47 INFO  Keywords:309 - Waiting for webElement...policyConfiguration.LTC
2024-11-18 14:53:57 INFO  Keywords:309 - Waiting for webElement...policyConfiguration.payors
2024-11-18 14:53:57 INFO  Keywords:313 - Element found...policyConfiguration.payors
2024-11-18 14:53:57 INFO  Keywords:309 - Waiting for webElement...policyConfiguration.purposeofpolicy
2024-11-18 14:53:57 INFO  Keywords:313 - Element found...policyConfiguration.purposeofpolicy
2024-11-18 14:53:57 INFO  Keywords:143 - ClickOnLink is called
2024-11-18 14:53:57 INFO  Keywords:309 - Waiting for webElement...next
2024-11-18 14:53:57 INFO  Keywords:313 - Element found...next
2024-11-18 14:54:18 INFO  Keywords:309 - Waiting for webElement...primaryinsured.birthcountry
2024-11-18 14:54:18 INFO  Keywords:313 - Element found...primaryinsured.birthcountry
2024-11-18 14:54:19 INFO  Keywords:309 - Waiting for webElement...primaryinsured.birthstate
2024-11-18 14:54:19 INFO  Keywords:313 - Element found...primaryinsured.birthstate
2024-11-18 14:54:19 INFO  Keywords:132 - InputText is called
2024-11-18 14:54:19 INFO  Keywords:309 - Waiting for webElement...primaryinsured.birthcity
2024-11-18 14:54:29 INFO  Keywords:143 - ClickOnLink is called
2024-11-18 14:54:29 INFO  Keywords:309 - Waiting for webElement...next
2024-11-18 14:54:29 INFO  Keywords:313 - Element found...next
2024-11-18 14:54:48 INFO  Keywords:143 - ClickOnLink is called
2024-11-18 14:54:48 INFO  Keywords:309 - Waiting for webElement...next
2024-11-18 14:54:48 INFO  Keywords:313 - Element found...next
2024-11-18 14:54:51 INFO  Keywords:309 - Waiting for webElement...naturalOwner.relationwithInsured
2024-11-18 14:54:51 INFO  Keywords:313 - Element found...naturalOwner.relationwithInsured
2024-11-18 14:54:51 INFO  Keywords:143 - ClickOnLink is called
2024-11-18 14:54:51 INFO  Keywords:309 - Waiting for webElement...next
2024-11-18 14:54:51 INFO  Keywords:313 - Element found...next
2024-11-18 14:55:07 INFO  Keywords:309 - Waiting for webElement...financialDetails.SourceOfFundsLI
2024-11-18 14:55:07 INFO  Keywords:313 - Element found...financialDetails.SourceOfFundsLI
2024-11-18 14:55:08 INFO  Keywords:309 - Waiting for webElement...financialDetails.SurrenderChargeSOFLI
2024-11-18 14:55:08 INFO  Keywords:313 - Element found...financialDetails.SurrenderChargeSOFLI
2024-11-18 14:55:08 INFO  Keywords:309 - Waiting for webElement...financialDetails.envisiontaking
2024-11-18 14:55:08 INFO  Keywords:313 - Element found...financialDetails.envisiontaking
2024-11-18 14:55:08 INFO  Keywords:309 - Waiting for webElement...financialDetails.federalfaxbracket
2024-11-18 14:55:08 INFO  Keywords:313 - Element found...financialDetails.federalfaxbracket
2024-11-18 14:55:08 INFO  Keywords:309 - Waiting for webElement...financialDetails.riskTolerance
2024-11-18 14:55:08 INFO  Keywords:313 - Element found...financialDetails.riskTolerance
2024-11-18 14:55:09 INFO  Keywords:309 - Waiting for webElement...financialDetails.Investmentobjectives
2024-11-18 14:55:09 INFO  Keywords:313 - Element found...financialDetails.Investmentobjectives
2024-11-18 14:55:09 INFO  Keywords:309 - Waiting for webElement...financialDetails.timehorizon
2024-11-18 14:55:09 INFO  Keywords:313 - Element found...financialDetails.timehorizon
2024-11-18 14:55:09 INFO  Keywords:309 - Waiting for webElement...financialDetails.investmentexperienceFA
2024-11-18 14:55:09 INFO  Keywords:313 - Element found...financialDetails.investmentexperienceFA
2024-11-18 14:55:09 INFO  Keywords:132 - InputText is called
2024-11-18 14:55:09 INFO  Keywords:309 - Waiting for webElement...financialDetails.investmentstartyear
2024-11-18 14:55:09 INFO  Keywords:313 - Element found...financialDetails.investmentstartyear
2024-11-18 14:55:09 INFO  Keywords:132 - InputText is called
2024-11-18 14:55:09 INFO  Keywords:309 - Waiting for webElement...financialdetails.wages
2024-11-18 14:55:09 INFO  Keywords:313 - Element found...financialdetails.wages
2024-11-18 14:55:09 INFO  Keywords:132 - InputText is called
2024-11-18 14:55:09 INFO  Keywords:309 - Waiting for webElement...financialdetails.livingexpenses
2024-11-18 14:55:09 INFO  Keywords:313 - Element found...financialdetails.livingexpenses
2024-11-18 14:55:09 INFO  Keywords:132 - InputText is called
2024-11-18 14:55:09 INFO  Keywords:309 - Waiting for webElement...financialdetails.personalinvestment
2024-11-18 14:55:09 INFO  Keywords:313 - Element found...financialdetails.personalinvestment
2024-11-18 14:55:09 INFO  Keywords:132 - InputText is called
2024-11-18 14:55:09 INFO  Keywords:309 - Waiting for webElement...financialdetails.fixeddebtexpenses
2024-11-18 14:55:10 INFO  Keywords:313 - Element found...financialdetails.fixeddebtexpenses
2024-11-18 14:55:10 INFO  Keywords:132 - InputText is called
2024-11-18 14:55:10 INFO  Keywords:309 - Waiting for webElement...financialdetails.rentalincome
2024-11-18 14:55:20 INFO  Keywords:132 - InputText is called
2024-11-18 14:55:20 INFO  Keywords:309 - Waiting for webElement...financialdetails.variabledebtexpenses
2024-11-18 14:55:30 INFO  Keywords:132 - InputText is called
2024-11-18 14:55:30 INFO  Keywords:309 - Waiting for webElement...financialdetails.incomepension
2024-11-18 14:55:40 INFO  Keywords:132 - InputText is called
2024-11-18 14:55:40 INFO  Keywords:309 - Waiting for webElement...financialdetails.discretionaryexpenses
2024-11-18 14:55:50 INFO  Keywords:132 - InputText is called
2024-11-18 14:55:50 INFO  Keywords:309 - Waiting for webElement...financialdetails.socialsecurityincome
2024-11-18 14:56:00 INFO  Keywords:132 - InputText is called
2024-11-18 14:56:00 INFO  Keywords:309 - Waiting for webElement...financialdetails.otherincome
2024-11-18 14:56:10 INFO  Keywords:132 - InputText is called
2024-11-18 14:56:10 INFO  Keywords:309 - Waiting for webElement...financialdetails.bonds
2024-11-18 14:56:10 INFO  Keywords:313 - Element found...financialdetails.bonds
2024-11-18 14:56:10 INFO  Keywords:132 - InputText is called
2024-11-18 14:56:10 INFO  Keywords:309 - Waiting for webElement...financialdetails.businessTrustRealstate
2024-11-18 14:56:10 INFO  Keywords:313 - Element found...financialdetails.businessTrustRealstate
2024-11-18 14:56:10 INFO  Keywords:132 - InputText is called
2024-11-18 14:56:10 INFO  Keywords:309 - Waiting for webElement...financialdetails.retirementplan
2024-11-18 14:56:10 INFO  Keywords:313 - Element found...financialdetails.retirementplan
2024-11-18 14:56:10 INFO  Keywords:132 - InputText is called
2024-11-18 14:56:10 INFO  Keywords:309 - Waiting for webElement...financialdetails.equities
2024-11-18 14:56:10 INFO  Keywords:313 - Element found...financialdetails.equities
2024-11-18 14:56:10 INFO  Keywords:132 - InputText is called
2024-11-18 14:56:10 INFO  Keywords:309 - Waiting for webElement...financialdetails.facevalueilfeinsurance
2024-11-18 14:56:10 INFO  Keywords:313 - Element found...financialdetails.facevalueilfeinsurance
2024-11-18 14:56:10 INFO  Keywords:132 - InputText is called
2024-11-18 14:56:10 INFO  Keywords:309 - Waiting for webElement...financialdetails.fixedannuity
2024-11-18 14:56:10 INFO  Keywords:313 - Element found...financialdetails.fixedannuity
2024-11-18 14:56:10 INFO  Keywords:132 - InputText is called
2024-11-18 14:56:10 INFO  Keywords:309 - Waiting for webElement...financialdetails.indexannuity
2024-11-18 14:56:10 INFO  Keywords:313 - Element found...financialdetails.indexannuity
2024-11-18 14:56:10 INFO  Keywords:132 - InputText is called
2024-11-18 14:56:10 INFO  Keywords:309 - Waiting for webElement...financialdetails.liquidnetworth
2024-11-18 14:56:10 INFO  Keywords:313 - Element found...financialdetails.liquidnetworth
2024-11-18 14:56:10 INFO  Keywords:132 - InputText is called
2024-11-18 14:56:10 INFO  Keywords:309 - Waiting for webElement...financialdetails.AlerternativeInvetment
2024-11-18 14:56:10 INFO  Keywords:313 - Element found...financialdetails.AlerternativeInvetment
2024-11-18 14:56:10 INFO  Keywords:132 - InputText is called
2024-11-18 14:56:10 INFO  Keywords:309 - Waiting for webElement...financialdetails.mutualfund
2024-11-18 14:56:10 INFO  Keywords:313 - Element found...financialdetails.mutualfund
2024-11-18 14:56:10 INFO  Keywords:132 - InputText is called
2024-11-18 14:56:10 INFO  Keywords:309 - Waiting for webElement...financialdetails.otherbrokerage
2024-11-18 14:56:10 INFO  Keywords:313 - Element found...financialdetails.otherbrokerage
2024-11-18 14:56:10 INFO  Keywords:132 - InputText is called
2024-11-18 14:56:10 INFO  Keywords:309 - Waiting for webElement...financialdetails.policypremium
2024-11-18 14:56:11 INFO  Keywords:313 - Element found...financialdetails.policypremium
2024-11-18 14:56:11 INFO  Keywords:132 - InputText is called
2024-11-18 14:56:11 INFO  Keywords:309 - Waiting for webElement...financialdetails.variableannuity
2024-11-18 14:56:11 INFO  Keywords:313 - Element found...financialdetails.variableannuity
2024-11-18 14:56:11 INFO  Keywords:132 - InputText is called
2024-11-18 14:56:11 INFO  Keywords:309 - Waiting for webElement...financialdetails.totalpremium
2024-11-18 14:56:11 INFO  Keywords:313 - Element found...financialdetails.totalpremium
2024-11-18 14:56:11 INFO  Keywords:309 - Waiting for webElement...financialdetails.anticipatedchanges
2024-11-18 14:56:11 INFO  Keywords:313 - Element found...financialdetails.anticipatedchanges
2024-11-18 14:56:11 INFO  Keywords:309 - Waiting for webElement...financialdetails.nonguaranteedelement
2024-11-18 14:57:01 INFO  Keywords:309 - Waiting for webElement...financialdetails.reversemortgage
2024-11-18 14:57:01 INFO  Keywords:313 - Element found...financialdetails.reversemortgage
2024-11-18 14:57:01 INFO  Keywords:143 - ClickOnLink is called
2024-11-18 14:57:01 INFO  Keywords:309 - Waiting for webElement...next
2024-11-18 14:57:01 INFO  Keywords:313 - Element found...next
2024-11-18 14:57:20 INFO  Keywords:309 - Waiting for webElement...payment.modal
2024-11-18 14:57:20 INFO  Keywords:313 - Element found...payment.modal
2024-11-18 14:57:36 INFO  Keywords:309 - Waiting for webElement...payment.method
2024-11-18 14:57:36 INFO  Keywords:313 - Element found...payment.method
2024-11-18 14:57:36 INFO  Keywords:132 - InputText is called
2024-11-18 14:57:36 INFO  Keywords:309 - Waiting for webElement...payment.premium
2024-11-18 14:57:36 INFO  Keywords:313 - Element found...payment.premium
2024-11-18 14:57:37 INFO  Keywords:143 - ClickOnLink is called
2024-11-18 14:57:37 INFO  Keywords:309 - Waiting for webElement...next
2024-11-18 14:57:37 INFO  Keywords:313 - Element found...next
2024-11-18 14:57:55 INFO  Keywords:309 - Waiting for webElement...existinginsurance.borrowingfunds
2024-11-18 14:57:55 INFO  Keywords:313 - Element found...existinginsurance.borrowingfunds
2024-11-18 14:57:56 INFO  Keywords:309 - Waiting for webElement...existinginsurance.terminatingexistinglifepolicy
2024-11-18 14:57:56 INFO  Keywords:313 - Element found...existinginsurance.terminatingexistinglifepolicy
2024-11-18 14:57:56 INFO  Keywords:309 - Waiting for webElement...existinginsurance.longtermcoverage
2024-11-18 14:57:56 INFO  Keywords:313 - Element found...existinginsurance.longtermcoverage
2024-11-18 14:57:57 INFO  Keywords:309 - Waiting for webElement...existanceterminating.InsuranceCompanyName
2024-11-18 14:57:57 INFO  Keywords:313 - Element found...existanceterminating.InsuranceCompanyName
2024-11-18 14:57:57 INFO  Keywords:132 - InputText is called
2024-11-18 14:57:57 INFO  Keywords:309 - Waiting for webElement...existanceterminating.ProductName
2024-11-18 14:57:57 INFO  Keywords:313 - Element found...existanceterminating.ProductName
2024-11-18 14:57:57 INFO  Keywords:132 - InputText is called
2024-11-18 14:57:57 INFO  Keywords:309 - Waiting for webElement...existanceterminating.Insured
2024-11-18 14:57:57 INFO  Keywords:313 - Element found...existanceterminating.Insured
2024-11-18 14:57:57 INFO  Keywords:132 - InputText is called
2024-11-18 14:57:57 INFO  Keywords:309 - Waiting for webElement...existanceterminating.Owner
2024-11-18 14:57:57 INFO  Keywords:313 - Element found...existanceterminating.Owner
2024-11-18 14:57:57 INFO  Keywords:132 - InputText is called
2024-11-18 14:57:57 INFO  Keywords:309 - Waiting for webElement...existanceterminating.DateIssued
2024-11-18 14:57:57 INFO  Keywords:313 - Element found...existanceterminating.DateIssued
2024-11-18 14:57:57 INFO  Keywords:132 - InputText is called
2024-11-18 14:57:57 INFO  Keywords:309 - Waiting for webElement...existanceterminating.AmountOfInsurance
2024-11-18 14:57:57 INFO  Keywords:313 - Element found...existanceterminating.AmountOfInsurance
2024-11-18 14:57:57 INFO  Keywords:309 - Waiting for webElement...existanceterminating.ExistingInsuranceType
2024-11-18 14:57:57 INFO  Keywords:313 - Element found...existanceterminating.ExistingInsuranceType
2024-11-18 14:57:57 INFO  Keywords:309 - Waiting for webElement...existanceterminating.ProductType
2024-11-18 14:57:57 INFO  Keywords:313 - Element found...existanceterminating.ProductType
2024-11-18 14:57:58 INFO  Keywords:309 - Waiting for webElement...existanceterminating.LifeProductType
2024-11-18 14:57:58 INFO  Keywords:313 - Element found...existanceterminating.LifeProductType
2024-11-18 14:57:58 INFO  Keywords:132 - InputText is called
2024-11-18 14:57:58 INFO  Keywords:309 - Waiting for webElement...existanceterminating.PolicyNo
2024-11-18 14:57:58 INFO  Keywords:313 - Element found...existanceterminating.PolicyNo
2024-11-18 14:57:58 INFO  Keywords:309 - Waiting for webElement...existanceterminating.PurposeOfPolicy
2024-11-18 14:57:58 INFO  Keywords:313 - Element found...existanceterminating.PurposeOfPolicy
2024-11-18 14:57:58 INFO  Keywords:309 - Waiting for webElement...existanceterminating.FundsNewPolicy
2024-11-18 14:57:58 INFO  Keywords:313 - Element found...existanceterminating.FundsNewPolicy
2024-11-18 14:57:59 INFO  Keywords:309 - Waiting for webElement...existanceterminating.ReplacingNewPolicy
2024-11-18 14:57:59 INFO  Keywords:313 - Element found...existanceterminating.ReplacingNewPolicy
2024-11-18 14:57:59 INFO  Keywords:309 - Waiting for webElement...existanceterminating.ReplacementThType
2024-11-18 14:57:59 INFO  Keywords:313 - Element found...existanceterminating.ReplacementThType
2024-11-18 14:57:59 INFO  Keywords:309 - Waiting for webElement...existance.suvivorship
2024-11-18 14:57:59 INFO  Keywords:313 - Element found...existance.suvivorship
2024-11-18 14:57:59 INFO  Keywords:309 - Waiting for webElement...existnace.soldSettled
2024-11-18 14:57:59 INFO  Keywords:313 - Element found...existnace.soldSettled
2024-11-18 14:58:00 INFO  Keywords:309 - Waiting for webElement...existanceterminating.1035ThExchange
2024-11-18 14:58:00 INFO  Keywords:313 - Element found...existanceterminating.1035ThExchange
2024-11-18 14:58:00 INFO  Keywords:132 - InputText is called
2024-11-18 14:58:00 INFO  Keywords:309 - Waiting for webElement...existanceterminating.ReasonReplacement
2024-11-18 14:58:00 INFO  Keywords:313 - Element found...existanceterminating.ReasonReplacement
2024-11-18 14:58:00 INFO  Keywords:132 - InputText is called
2024-11-18 14:58:00 INFO  Keywords:309 - Waiting for webElement...existanceterminating.NoOfPolicy
2024-11-18 14:58:00 INFO  Keywords:313 - Element found...existanceterminating.NoOfPolicy
2024-11-18 14:58:00 INFO  Keywords:132 - InputText is called
2024-11-18 14:58:00 INFO  Keywords:309 - Waiting for webElement...existanceterminating.PremiumPayment
2024-11-18 14:58:00 INFO  Keywords:313 - Element found...existanceterminating.PremiumPayment
2024-11-18 14:58:00 INFO  Keywords:132 - InputText is called
2024-11-18 14:58:00 INFO  Keywords:309 - Waiting for webElement...existanceterminating.FrequencyPremium
2024-11-18 14:58:00 INFO  Keywords:313 - Element found...existanceterminating.FrequencyPremium
2024-11-18 14:58:00 INFO  Keywords:132 - InputText is called
2024-11-18 14:58:00 INFO  Keywords:309 - Waiting for webElement...existanceterminating.AmountBeingExchanged
2024-11-18 14:58:00 INFO  Keywords:313 - Element found...existanceterminating.AmountBeingExchanged
2024-11-18 14:58:00 INFO  Keywords:132 - InputText is called
2024-11-18 14:58:00 INFO  Keywords:309 - Waiting for webElement...existanceterminating.SurrenderCharge
2024-11-18 14:58:00 INFO  Keywords:313 - Element found...existanceterminating.SurrenderCharge
2024-11-18 14:58:00 INFO  Keywords:132 - InputText is called
2024-11-18 14:58:00 INFO  Keywords:309 - Waiting for webElement...existanceterminating.DeathBenefit
2024-11-18 14:58:00 INFO  Keywords:313 - Element found...existanceterminating.DeathBenefit
2024-11-18 14:58:00 INFO  Keywords:132 - InputText is called
2024-11-18 14:58:00 INFO  Keywords:309 - Waiting for webElement...existanceterminating.SpecialFeatures
2024-11-18 14:58:00 INFO  Keywords:313 - Element found...existanceterminating.SpecialFeatures
2024-11-18 14:58:00 INFO  Keywords:309 - Waiting for webElement...existinginsurance.longtermpolicyYes
2024-11-18 14:58:00 INFO  Keywords:313 - Element found...existinginsurance.longtermpolicyYes
2024-11-18 14:58:00 INFO  Keywords:132 - InputText is called
2024-11-18 14:58:00 INFO  Keywords:309 - Waiting for webElement...existinglongtermpolicy.InsuranceName
2024-11-18 14:58:00 INFO  Keywords:313 - Element found...existinglongtermpolicy.InsuranceName
2024-11-18 14:58:00 INFO  Keywords:132 - InputText is called
2024-11-18 14:58:00 INFO  Keywords:309 - Waiting for webElement...existinglongtermpolicy.policyCertificateNumber
2024-11-18 14:58:00 INFO  Keywords:313 - Element found...existinglongtermpolicy.policyCertificateNumber
2024-11-18 14:58:00 INFO  Keywords:132 - InputText is called
2024-11-18 14:58:00 INFO  Keywords:309 - Waiting for webElement...existinglongtermpolicy.ProductName
2024-11-18 14:58:00 INFO  Keywords:313 - Element found...existinglongtermpolicy.ProductName
2024-11-18 14:58:00 INFO  Keywords:309 - Waiting for webElement...existinglongtermpolicy.ProductType
2024-11-18 14:58:00 INFO  Keywords:313 - Element found...existinglongtermpolicy.ProductType
2024-11-18 14:58:01 INFO  Keywords:132 - InputText is called
2024-11-18 14:58:01 INFO  Keywords:309 - Waiting for webElement...existinglongtermpolicy.Insured
2024-11-18 14:58:01 INFO  Keywords:313 - Element found...existinglongtermpolicy.Insured
2024-11-18 14:58:01 INFO  Keywords:132 - InputText is called
2024-11-18 14:58:01 INFO  Keywords:309 - Waiting for webElement...existinglongtermpolicy.Owner
2024-11-18 14:58:01 INFO  Keywords:313 - Element found...existinglongtermpolicy.Owner
2024-11-18 14:58:01 INFO  Keywords:132 - InputText is called
2024-11-18 14:58:01 INFO  Keywords:309 - Waiting for webElement...existinglongtermpolicy.DailyBenefit
2024-11-18 14:58:01 INFO  Keywords:313 - Element found...existinglongtermpolicy.DailyBenefit
2024-11-18 14:58:01 INFO  Keywords:132 - InputText is called
2024-11-18 14:58:01 INFO  Keywords:309 - Waiting for webElement...existinglongtermpolicy.AmountOfInsurance
2024-11-18 14:58:01 INFO  Keywords:313 - Element found...existinglongtermpolicy.AmountOfInsurance
2024-11-18 14:58:01 INFO  Keywords:132 - InputText is called
2024-11-18 14:58:01 INFO  Keywords:309 - Waiting for webElement...existinglongtermpolicy.benefitAmount
2024-11-18 14:58:01 INFO  Keywords:313 - Element found...existinglongtermpolicy.benefitAmount
2024-11-18 14:58:01 INFO  Keywords:132 - InputText is called
2024-11-18 14:58:01 INFO  Keywords:309 - Waiting for webElement...existinglongtermpolicy.benefitPeriod
2024-11-18 14:58:01 INFO  Keywords:313 - Element found...existinglongtermpolicy.benefitPeriod
2024-11-18 14:58:01 INFO  Keywords:309 - Waiting for webElement...existinginsurance.longterminsuranceYes
2024-11-18 14:58:01 INFO  Keywords:313 - Element found...existinginsurance.longterminsuranceYes
2024-11-18 14:58:01 INFO  Keywords:132 - InputText is called
2024-11-18 14:58:01 INFO  Keywords:309 - Waiting for webElement...existinglongterminsurance.InsuranceCompany
2024-11-18 14:58:01 INFO  Keywords:313 - Element found...existinglongterminsurance.InsuranceCompany
2024-11-18 14:58:01 INFO  Keywords:132 - InputText is called
2024-11-18 14:58:01 INFO  Keywords:309 - Waiting for webElement...existinglongterminsurance.Certificate
2024-11-18 14:58:01 INFO  Keywords:313 - Element found...existinglongterminsurance.Certificate
2024-11-18 14:58:01 INFO  Keywords:132 - InputText is called
2024-11-18 14:58:01 INFO  Keywords:309 - Waiting for webElement...existinglongterminsurance.LTCBenefit
2024-11-18 14:58:01 INFO  Keywords:313 - Element found...existinglongterminsurance.LTCBenefit
2024-11-18 14:58:01 INFO  Keywords:132 - InputText is called
2024-11-18 14:58:01 INFO  Keywords:309 - Waiting for webElement...existinglongterminsurance.IssueDate
2024-11-18 14:58:01 INFO  Keywords:313 - Element found...existinglongterminsurance.IssueDate
2024-11-18 14:58:01 INFO  Keywords:309 - Waiting for webElement...existinglongterminsurance.LapseDate
2024-11-18 14:58:01 INFO  Keywords:313 - Element found...existinglongterminsurance.LapseDate
2024-11-18 14:58:01 INFO  Keywords:309 - Waiting for webElement...existance.AgentReadNotice
2024-11-18 14:58:11 INFO  Keywords:143 - ClickOnLink is called
2024-11-18 14:58:11 INFO  Keywords:309 - Waiting for webElement...next
2024-11-18 14:58:11 INFO  Keywords:313 - Element found...next
2024-11-18 14:58:30 INFO  Keywords:143 - ClickOnLink is called
2024-11-18 14:58:30 INFO  Keywords:309 - Waiting for webElement...next
2024-11-18 14:58:30 INFO  Keywords:313 - Element found...next
2024-11-18 14:58:49 INFO  Keywords:132 - InputText is called
2024-11-18 14:58:49 INFO  Keywords:309 - Waiting for webElement...additionalclientquestion.q1
2024-11-18 14:58:49 INFO  Keywords:313 - Element found...additionalclientquestion.q1
2024-11-18 14:58:49 INFO  Keywords:132 - InputText is called
2024-11-18 14:58:49 INFO  Keywords:309 - Waiting for webElement...additionalclientquestion.q2
2024-11-18 14:58:49 INFO  Keywords:313 - Element found...additionalclientquestion.q2
2024-11-18 14:58:49 INFO  Keywords:132 - InputText is called
2024-11-18 14:58:49 INFO  Keywords:309 - Waiting for webElement...additionalclientquestion.q3
2024-11-18 14:59:39 INFO  Keywords:132 - InputText is called
2024-11-18 14:59:39 INFO  Keywords:309 - Waiting for webElement...additionalclientquestion.q4
2024-11-18 15:00:29 INFO  Keywords:132 - InputText is called
2024-11-18 15:00:29 INFO  Keywords:309 - Waiting for webElement...additionalclientquestion.q5
2024-11-18 15:01:19 INFO  Keywords:132 - InputText is called
2024-11-18 15:01:19 INFO  Keywords:309 - Waiting for webElement...additionalclientquestion.q6
2024-11-18 15:01:19 INFO  Keywords:313 - Element found...additionalclientquestion.q6
2024-11-18 15:01:19 INFO  Keywords:524 - GetText is called
2024-11-18 15:01:19 INFO  Keywords:309 - Waiting for webElement...ebixTxnID
2024-11-18 15:01:19 INFO  Keywords:313 - Element found...ebixTxnID
2024-11-18 15:01:19 INFO  Keywords:528 - LinkId: 548479
2024-11-18 15:01:19 INFO  Keywords:572 - LinkId: 548479
2024-11-18 15:01:20 INFO  Keywords:524 - GetText is called
2024-11-18 15:01:20 INFO  Keywords:309 - Waiting for webElement...ebixTxnID
2024-11-18 15:01:20 INFO  Keywords:313 - Element found...ebixTxnID
2024-11-18 15:01:20 INFO  Keywords:528 - LinkId: 548479
2024-11-18 15:01:20 INFO  Keywords:143 - ClickOnLink is called
2024-11-18 15:01:20 INFO  Keywords:309 - Waiting for webElement...next
2024-11-18 15:01:20 INFO  Keywords:313 - Element found...next
2024-11-18 15:01:40 INFO  Keywords:143 - ClickOnLink is called
2024-11-18 15:01:40 INFO  Keywords:309 - Waiting for webElement...BGAPopUp
2024-11-18 15:01:40 INFO  Keywords:313 - Element found...BGAPopUp
2024-11-18 15:01:56 INFO  Keywords:143 - ClickOnLink is called
2024-11-18 15:01:56 INFO  Keywords:309 - Waiting for webElement...AssignButton
2024-11-18 15:01:56 INFO  Keywords:313 - Element found...AssignButton
2024-11-18 15:02:14 INFO  Keywords:143 - ClickOnLink is called
2024-11-18 15:02:14 INFO  Keywords:309 - Waiting for webElement...BGA2PopUp
2024-11-18 15:02:14 INFO  Keywords:313 - Element found...BGA2PopUp
2024-11-18 15:02:31 INFO  Keywords:143 - ClickOnLink is called
2024-11-18 15:02:31 INFO  Keywords:309 - Waiting for webElement...CloseButtonBGA
2024-11-18 15:02:31 INFO  Keywords:313 - Element found...CloseButtonBGA
2024-11-18 15:03:03 INFO  Keywords:469 - switching to parent window...
2024-11-18 15:03:19 INFO  Keywords:538 - ClearText is called
2024-11-18 15:03:19 INFO  Keywords:309 - Waiting for webElement...samlTextArea
2024-11-18 15:03:19 INFO  Keywords:313 - Element found...samlTextArea
2024-11-18 15:03:19 INFO  Keywords:542 - LinkId: 548479
2024-11-18 15:03:40 INFO  Keywords:143 - ClickOnLink is called
2024-11-18 15:03:40 INFO  Keywords:309 - Waiting for webElement...postsamldata
2024-11-18 15:03:40 INFO  Keywords:313 - Element found...postsamldata
2024-11-18 15:03:56 INFO  Keywords:143 - ClickOnLink is called
2024-11-18 15:03:56 INFO  Keywords:309 - Waiting for webElement...CarrierAdditional
2024-11-18 15:04:06 INFO  Keywords:309 - Waiting for webElement...AnnuitiesCompany
2024-11-18 15:04:16 INFO  Keywords:309 - Waiting for webElement...InsuranceReplace
2024-11-18 15:04:27 INFO  Keywords:309 - Waiting for webElement...Carrier.ReplacingJH
2024-11-18 15:04:37 INFO  Keywords:309 - Waiting for webElement...Carrier.InterestIssue
2024-11-18 15:04:47 INFO  Keywords:309 - Waiting for webElement...Carrier.EntityConnection
2024-11-18 15:04:57 INFO  Keywords:132 - InputText is called
2024-11-18 15:04:57 INFO  Keywords:309 - Waiting for webElement...PremiumCollected
2024-11-18 15:05:07 INFO  Keywords:309 - Waiting for webElement...ResultApplication
2024-11-18 15:05:17 INFO  Keywords:132 - InputText is called
2024-11-18 15:05:17 INFO  Keywords:309 - Waiting for webElement...ResultGiveDetails
2024-11-18 15:05:27 INFO  Keywords:309 - Waiting for webElement...PolicySettlement
2024-11-18 15:05:37 INFO  Keywords:309 - Waiting for webElement...PremiumLoans
2024-11-18 15:05:47 INFO  Keywords:309 - Waiting for webElement...EvaluatingFinancing
2024-11-18 15:05:57 INFO  Keywords:309 - Waiting for webElement...PersonallyInsured
2024-11-18 15:06:07 INFO  Keywords:309 - Waiting for webElement...PolicyProposedInsured
2024-11-18 15:06:17 INFO  Keywords:309 - Waiting for webElement...ProposedInsuredWritten
2024-11-18 15:06:27 INFO  Keywords:309 - Waiting for webElement...ConsentRelationshipTerminates
2024-11-18 15:06:37 INFO  Keywords:132 - InputText is called
2024-11-18 15:06:37 INFO  Keywords:309 - Waiting for webElement...HealthPoliciesForce
2024-11-18 15:06:47 INFO  Keywords:132 - InputText is called
2024-11-18 15:06:47 INFO  Keywords:309 - Waiting for webElement...SoldForceHP
2024-11-18 15:06:57 INFO  Keywords:132 - InputText is called
2024-11-18 15:06:57 INFO  Keywords:309 - Waiting for webElement...NameWholeSaler
2024-11-18 15:07:07 INFO  Keywords:132 - InputText is called
2024-11-18 15:07:07 INFO  Keywords:309 - Waiting for webElement...ExistingReplacedCarier
2024-11-18 15:07:18 INFO  Keywords:309 - Waiting for webElement...Carrier.SignedIllustration
2024-11-18 15:07:28 INFO  Keywords:309 - Waiting for webElement...Carrier.PolicyDelivered
2024-11-18 15:07:38 INFO  Keywords:309 - Waiting for webElement...Carrier.InsuranceCoverage
2024-11-18 15:07:48 INFO  Keywords:132 - InputText is called
2024-11-18 15:07:48 INFO  Keywords:309 - Waiting for webElement...Carrier.AcceptPlan
2024-11-18 15:07:58 INFO  Keywords:309 - Waiting for webElement...Carrier.PremiumPaymentSrc
2024-11-18 15:08:08 INFO  Keywords:309 - Waiting for webElement...Carrier.CriticalIllness
2024-11-18 15:08:18 INFO  Keywords:143 - ClickOnLink is called
2024-11-18 15:08:18 INFO  Keywords:309 - Waiting for webElement...next
2024-11-18 15:08:28 INFO  Keywords:132 - InputText is called
2024-11-18 15:08:28 INFO  Keywords:309 - Waiting for webElement...NBNameF
2024-11-18 15:08:38 INFO  Keywords:132 - InputText is called
2024-11-18 15:08:38 INFO  Keywords:309 - Waiting for webElement...NBNameL
2024-11-18 15:08:48 INFO  Keywords:132 - InputText is called
2024-11-18 15:08:48 INFO  Keywords:309 - Waiting for webElement...NBPhoneW
2024-11-18 15:08:58 INFO  Keywords:132 - InputText is called
2024-11-18 15:08:58 INFO  Keywords:309 - Waiting for webElement...NBEMail
2024-11-18 15:09:08 INFO  Keywords:309 - Waiting for webElement...POSYES
2024-11-18 15:09:18 INFO  Keywords:132 - InputText is called
2024-11-18 15:09:18 INFO  Keywords:309 - Waiting for webElement...POSNAmeF
2024-11-18 15:09:28 INFO  Keywords:132 - InputText is called
2024-11-18 15:09:28 INFO  Keywords:309 - Waiting for webElement...POSNAmeL
2024-11-18 15:09:38 INFO  Keywords:132 - InputText is called
2024-11-18 15:09:38 INFO  Keywords:309 - Waiting for webElement...POSWork
2024-11-18 15:09:48 INFO  Keywords:132 - InputText is called
2024-11-18 15:09:48 INFO  Keywords:309 - Waiting for webElement...POSEmail
2024-11-18 15:10:14 INFO  Keywords:143 - ClickOnLink is called
2024-11-18 15:10:14 INFO  Keywords:309 - Waiting for webElement...validate.button
2024-11-18 15:10:57 INFO  Keywords:143 - ClickOnLink is called
2024-11-18 15:10:57 INFO  Keywords:309 - Waiting for webElement...notification.continue
2024-11-18 15:11:23 INFO  Keywords:143 - ClickOnLink is called
2024-11-18 15:11:23 INFO  Keywords:309 - Waiting for webElement...esignature.optout
2024-11-18 15:13:03 INFO  Keywords:160 - VerifyText is called
2024-11-18 15:13:03 INFO  Keywords:309 - Waiting for webElement...WebElement
2024-11-18 15:13:03 INFO  Keywords:143 - ClickOnLink is called
2024-11-18 15:13:03 INFO  Keywords:309 - Waiting for webElement...attachment
2024-11-18 15:13:13 INFO  Keywords:309 - Waiting for webElement...attachment.documenttype
2024-11-18 15:13:23 INFO  Keywords:132 - InputText is called
2024-11-18 15:13:23 INFO  Keywords:309 - Waiting for webElement...attachment.choosefile
2024-11-18 15:13:33 INFO  Keywords:143 - ClickOnLink is called
2024-11-18 15:13:33 INFO  Keywords:309 - Waiting for webElement...attachment.upload
2024-11-18 15:13:59 INFO  Keywords:143 - ClickOnLink is called
2024-11-18 15:13:59 INFO  Keywords:309 - Waiting for webElement...RequestSignatures
2024-11-18 15:14:25 INFO  Keywords:309 - Waiting for webElement...attachment.documenttype
2024-11-18 15:14:35 INFO  Keywords:132 - InputText is called
2024-11-18 15:14:35 INFO  Keywords:309 - Waiting for webElement...attachment.choosefile
2024-11-18 15:14:45 INFO  Keywords:143 - ClickOnLink is called
2024-11-18 15:14:45 INFO  Keywords:309 - Waiting for webElement...attachment.upload
2024-11-18 15:15:11 INFO  Keywords:143 - ClickOnLink is called
2024-11-18 15:15:11 INFO  Keywords:309 - Waiting for webElement...SubmitButton
2024-11-18 15:16:51 INFO  Keywords:469 - switching to parent window...
2024-11-18 15:16:51 INFO  Keywords:106 - Navigate is called
2024-11-18 15:16:55 INFO  Keywords:538 - ClearText is called
2024-11-18 15:16:55 INFO  Keywords:309 - Waiting for webElement...gateway.username
2024-11-18 15:16:55 INFO  Keywords:313 - Element found...gateway.username
2024-11-18 15:16:55 INFO  Keywords:542 - LinkId: 548479
2024-11-18 15:16:55 INFO  Keywords:132 - InputText is called
2024-11-18 15:16:55 INFO  Keywords:309 - Waiting for webElement...gateway.username
2024-11-18 15:16:55 INFO  Keywords:313 - Element found...gateway.username
2024-11-18 15:16:55 INFO  Keywords:538 - ClearText is called
2024-11-18 15:16:55 INFO  Keywords:309 - Waiting for webElement...gateway.password
2024-11-18 15:16:55 INFO  Keywords:313 - Element found...gateway.password
2024-11-18 15:16:55 INFO  Keywords:542 - LinkId: 548479
2024-11-18 15:16:55 INFO  Keywords:132 - InputText is called
2024-11-18 15:16:55 INFO  Keywords:309 - Waiting for webElement...gateway.password
2024-11-18 15:16:55 INFO  Keywords:313 - Element found...gateway.password
2024-11-18 15:16:55 INFO  Keywords:143 - ClickOnLink is called
2024-11-18 15:16:55 INFO  Keywords:309 - Waiting for webElement...gateway.login
2024-11-18 15:16:55 INFO  Keywords:313 - Element found...gateway.login
2024-11-18 15:17:13 INFO  Keywords:143 - ClickOnLink is called
2024-11-18 15:17:13 INFO  Keywords:309 - Waiting for webElement...management
2024-11-18 15:17:13 INFO  Keywords:313 - Element found...management
2024-11-18 15:17:13 INFO  Keywords:309 - Waiting for webElement...managementTools
2024-11-18 15:17:13 INFO  Keywords:313 - Element found...managementTools
2024-11-18 15:17:14 INFO  Keywords:143 - ClickOnLink is called
2024-11-18 15:17:14 INFO  Keywords:309 - Waiting for webElement...feedManagement
2024-11-18 15:17:14 INFO  Keywords:313 - Element found...feedManagement
2024-11-18 15:17:31 INFO  Keywords:143 - ClickOnLink is called
2024-11-18 15:17:31 INFO  Keywords:309 - Waiting for webElement...searchPanel
2024-11-18 15:17:31 INFO  Keywords:313 - Element found...searchPanel
2024-11-18 15:17:31 INFO  Keywords:309 - Waiting for webElement...selectTransactionID
2024-11-18 15:17:31 INFO  Keywords:313 - Element found...selectTransactionID
2024-11-18 15:17:31 INFO  Keywords:132 - InputText is called
2024-11-18 15:17:31 INFO  Keywords:309 - Waiting for webElement...enterTransactioID
2024-11-18 15:17:31 INFO  Keywords:313 - Element found...enterTransactioID
2024-11-18 15:17:31 INFO  Keywords:143 - ClickOnLink is called
2024-11-18 15:17:31 INFO  Keywords:309 - Waiting for webElement...searchbutton
2024-11-18 15:17:31 INFO  Keywords:313 - Element found...searchbutton
2024-11-18 15:17:47 INFO  Keywords:143 - ClickOnLink is called
2024-11-18 15:17:47 INFO  Keywords:309 - Waiting for webElement...transactionSearchmyResult
2024-11-18 15:17:47 INFO  Keywords:313 - Element found...transactionSearchmyResult
