2024-01-04 12:59:39 INFO  Keywords:94 - Navigate is called
2024-01-04 12:59:43 INFO  Keywords:122 - InputText is called
2024-01-04 12:59:43 INFO  Keywords:283 - Waiting for webElement...gateway.username
2024-01-04 12:59:43 INFO  Keywords:286 - Element found...gateway.username
2024-01-04 12:59:43 INFO  Keywords:122 - InputText is called
2024-01-04 12:59:43 INFO  Keywords:283 - Waiting for webElement...gateway.password
2024-01-04 12:59:43 INFO  Keywords:286 - Element found...gateway.password
2024-01-04 12:59:43 INFO  Keywords:135 - ClickOnLink is called
2024-01-04 12:59:43 INFO  Keywords:283 - Waiting for webElement...gateway.login
2024-01-04 12:59:43 INFO  Keywords:286 - Element found...gateway.login
2024-01-04 13:00:22 INFO  Keywords:135 - ClickOnLink is called
2024-01-04 13:00:22 INFO  Keywords:283 - Waiting for webElement...postsamldata
2024-01-04 13:00:22 INFO  Keywords:286 - Element found...postsamldata
2024-01-04 13:00:39 INFO  Keywords:135 - ClickOnLink is called
2024-01-04 13:00:39 INFO  Keywords:283 - Waiting for webElement...next
2024-01-04 13:00:39 INFO  Keywords:286 - Element found...next
2024-01-04 13:01:01 INFO  Keywords:283 - Waiting for webElement...policyConfiguration.DeathBenefit
2024-01-04 13:01:01 INFO  Keywords:286 - Element found...policyConfiguration.DeathBenefit
2024-01-04 13:01:02 INFO  Keywords:283 - Waiting for webElement...policyConfiguration.LTCOption
2024-01-04 13:01:02 INFO  Keywords:286 - Element found...policyConfiguration.LTCOption
2024-01-04 13:01:02 INFO  Keywords:283 - Waiting for webElement...policyConfiguration.MonthPercentage
2024-01-04 13:01:02 INFO  Keywords:286 - Element found...policyConfiguration.MonthPercentage
2024-01-04 13:01:02 INFO  Keywords:122 - InputText is called
2024-01-04 13:01:02 INFO  Keywords:283 - Waiting for webElement...policyConfiguration.ABPercentage
2024-01-04 13:01:02 INFO  Keywords:286 - Element found...policyConfiguration.ABPercentage
2024-01-04 13:01:03 INFO  Keywords:283 - Waiting for webElement...policyConfiguration.payors
2024-01-04 13:01:03 INFO  Keywords:286 - Element found...policyConfiguration.payors
2024-01-04 13:01:03 INFO  Keywords:283 - Waiting for webElement...policyConfiguration.purposeofpolicy
2024-01-04 13:01:03 INFO  Keywords:286 - Element found...policyConfiguration.purposeofpolicy
2024-01-04 13:01:03 INFO  Keywords:135 - ClickOnLink is called
2024-01-04 13:01:03 INFO  Keywords:283 - Waiting for webElement...next
2024-01-04 13:01:03 INFO  Keywords:286 - Element found...next
2024-01-04 13:02:39 INFO  Keywords:283 - Waiting for webElement...primaryinsured.birthcountry
2024-01-04 13:02:39 INFO  Keywords:286 - Element found...primaryinsured.birthcountry
2024-01-04 13:02:39 INFO  Keywords:283 - Waiting for webElement...primaryinsured.birthstate
2024-01-04 13:02:39 INFO  Keywords:286 - Element found...primaryinsured.birthstate
2024-01-04 13:02:39 INFO  Keywords:122 - InputText is called
2024-01-04 13:02:39 INFO  Keywords:283 - Waiting for webElement...primaryinsured.birthcity
2024-01-04 13:02:39 INFO  Keywords:286 - Element found...primaryinsured.birthcity
2024-01-04 13:02:39 INFO  Keywords:135 - ClickOnLink is called
2024-01-04 13:02:39 INFO  Keywords:283 - Waiting for webElement...next
2024-01-04 13:02:39 INFO  Keywords:286 - Element found...next
2024-01-04 13:03:04 INFO  Keywords:135 - ClickOnLink is called
2024-01-04 13:03:04 INFO  Keywords:283 - Waiting for webElement...next
2024-01-04 13:03:04 INFO  Keywords:286 - Element found...next
2024-01-04 13:03:28 INFO  Keywords:283 - Waiting for webElement...financialDetails.SourceOfFundsLI
2024-01-04 13:03:28 INFO  Keywords:286 - Element found...financialDetails.SourceOfFundsLI
2024-01-04 13:03:29 INFO  Keywords:283 - Waiting for webElement...financialDetails.SurrenderChargeSOFLI
2024-01-04 13:03:29 INFO  Keywords:286 - Element found...financialDetails.SurrenderChargeSOFLI
2024-01-04 13:03:29 INFO  Keywords:283 - Waiting for webElement...financialDetails.envisiontaking
2024-01-04 13:03:29 INFO  Keywords:286 - Element found...financialDetails.envisiontaking
2024-01-04 13:03:29 INFO  Keywords:283 - Waiting for webElement...financialDetails.federalfaxbracket
2024-01-04 13:03:29 INFO  Keywords:286 - Element found...financialDetails.federalfaxbracket
2024-01-04 13:03:30 INFO  Keywords:283 - Waiting for webElement...financialDetails.riskTolerance
2024-01-04 13:03:30 INFO  Keywords:286 - Element found...financialDetails.riskTolerance
2024-01-04 13:03:30 INFO  Keywords:283 - Waiting for webElement...financialDetails.Investmentobjectives
2024-01-04 13:03:30 INFO  Keywords:286 - Element found...financialDetails.Investmentobjectives
2024-01-04 13:03:30 INFO  Keywords:283 - Waiting for webElement...financialDetails.timehorizon
2024-01-04 13:03:30 INFO  Keywords:286 - Element found...financialDetails.timehorizon
2024-01-04 13:03:31 INFO  Keywords:283 - Waiting for webElement...financialDetails.investmentexperienceFA
2024-01-04 13:03:31 INFO  Keywords:286 - Element found...financialDetails.investmentexperienceFA
2024-01-04 13:03:31 INFO  Keywords:122 - InputText is called
2024-01-04 13:03:31 INFO  Keywords:283 - Waiting for webElement...financialDetails.investmentstartyear
2024-01-04 13:03:31 INFO  Keywords:286 - Element found...financialDetails.investmentstartyear
2024-01-04 13:03:31 INFO  Keywords:122 - InputText is called
2024-01-04 13:03:31 INFO  Keywords:283 - Waiting for webElement...financialdetails.wages
2024-01-04 13:03:31 INFO  Keywords:286 - Element found...financialdetails.wages
2024-01-04 13:03:31 INFO  Keywords:122 - InputText is called
2024-01-04 13:03:31 INFO  Keywords:283 - Waiting for webElement...financialdetails.livingexpenses
2024-01-04 13:03:31 INFO  Keywords:286 - Element found...financialdetails.livingexpenses
2024-01-04 13:03:31 INFO  Keywords:122 - InputText is called
2024-01-04 13:03:31 INFO  Keywords:283 - Waiting for webElement...financialdetails.personalinvestment
2024-01-04 13:03:31 INFO  Keywords:286 - Element found...financialdetails.personalinvestment
2024-01-04 13:03:31 INFO  Keywords:122 - InputText is called
2024-01-04 13:03:31 INFO  Keywords:283 - Waiting for webElement...financialdetails.fixeddebtexpenses
2024-01-04 13:03:31 INFO  Keywords:286 - Element found...financialdetails.fixeddebtexpenses
2024-01-04 13:03:31 INFO  Keywords:122 - InputText is called
2024-01-04 13:03:31 INFO  Keywords:283 - Waiting for webElement...financialdetails.rentalincome
2024-01-04 13:03:31 INFO  Keywords:286 - Element found...financialdetails.rentalincome
2024-01-04 13:03:31 INFO  Keywords:122 - InputText is called
2024-01-04 13:03:31 INFO  Keywords:283 - Waiting for webElement...financialdetails.variabledebtexpenses
2024-01-04 13:03:31 INFO  Keywords:286 - Element found...financialdetails.variabledebtexpenses
2024-01-04 13:03:31 INFO  Keywords:122 - InputText is called
2024-01-04 13:03:31 INFO  Keywords:283 - Waiting for webElement...financialdetails.incomepension
2024-01-04 13:03:32 INFO  Keywords:286 - Element found...financialdetails.incomepension
2024-01-04 13:03:32 INFO  Keywords:122 - InputText is called
2024-01-04 13:03:32 INFO  Keywords:283 - Waiting for webElement...financialdetails.discretionaryexpenses
2024-01-04 13:03:32 INFO  Keywords:286 - Element found...financialdetails.discretionaryexpenses
2024-01-04 13:03:32 INFO  Keywords:122 - InputText is called
2024-01-04 13:03:32 INFO  Keywords:283 - Waiting for webElement...financialdetails.socialsecurityincome
2024-01-04 13:03:32 INFO  Keywords:286 - Element found...financialdetails.socialsecurityincome
2024-01-04 13:03:32 INFO  Keywords:122 - InputText is called
2024-01-04 13:03:32 INFO  Keywords:283 - Waiting for webElement...financialdetails.otherincome
2024-01-04 13:03:32 INFO  Keywords:286 - Element found...financialdetails.otherincome
2024-01-04 13:03:32 INFO  Keywords:122 - InputText is called
2024-01-04 13:03:32 INFO  Keywords:283 - Waiting for webElement...financialdetails.bonds
2024-01-04 13:03:32 INFO  Keywords:286 - Element found...financialdetails.bonds
2024-01-04 13:03:32 INFO  Keywords:122 - InputText is called
2024-01-04 13:03:32 INFO  Keywords:283 - Waiting for webElement...financialdetails.businessTrustRealstate
2024-01-04 13:03:32 INFO  Keywords:286 - Element found...financialdetails.businessTrustRealstate
2024-01-04 13:03:32 INFO  Keywords:122 - InputText is called
2024-01-04 13:03:32 INFO  Keywords:283 - Waiting for webElement...financialdetails.retirementplan
2024-01-04 13:03:32 INFO  Keywords:286 - Element found...financialdetails.retirementplan
2024-01-04 13:03:32 INFO  Keywords:122 - InputText is called
2024-01-04 13:03:32 INFO  Keywords:283 - Waiting for webElement...financialdetails.equities
2024-01-04 13:03:32 INFO  Keywords:286 - Element found...financialdetails.equities
2024-01-04 13:03:32 INFO  Keywords:122 - InputText is called
2024-01-04 13:03:32 INFO  Keywords:283 - Waiting for webElement...financialdetails.facevalueilfeinsurance
2024-01-04 13:03:32 INFO  Keywords:286 - Element found...financialdetails.facevalueilfeinsurance
2024-01-04 13:03:32 INFO  Keywords:122 - InputText is called
2024-01-04 13:03:32 INFO  Keywords:283 - Waiting for webElement...financialdetails.fixedannuity
2024-01-04 13:03:32 INFO  Keywords:286 - Element found...financialdetails.fixedannuity
2024-01-04 13:03:32 INFO  Keywords:122 - InputText is called
2024-01-04 13:03:32 INFO  Keywords:283 - Waiting for webElement...financialdetails.indexannuity
2024-01-04 13:03:32 INFO  Keywords:286 - Element found...financialdetails.indexannuity
2024-01-04 13:03:32 INFO  Keywords:122 - InputText is called
2024-01-04 13:03:32 INFO  Keywords:283 - Waiting for webElement...financialdetails.liquidnetworth
2024-01-04 13:03:32 INFO  Keywords:286 - Element found...financialdetails.liquidnetworth
2024-01-04 13:03:32 INFO  Keywords:122 - InputText is called
2024-01-04 13:03:32 INFO  Keywords:283 - Waiting for webElement...financialdetails.mutualfund
2024-01-04 13:03:33 INFO  Keywords:286 - Element found...financialdetails.mutualfund
2024-01-04 13:03:33 INFO  Keywords:122 - InputText is called
2024-01-04 13:03:33 INFO  Keywords:283 - Waiting for webElement...financialdetails.otherbrokerage
2024-01-04 13:03:33 INFO  Keywords:286 - Element found...financialdetails.otherbrokerage
2024-01-04 13:03:33 INFO  Keywords:122 - InputText is called
2024-01-04 13:03:33 INFO  Keywords:283 - Waiting for webElement...financialdetails.policypremium
2024-01-04 13:03:33 INFO  Keywords:286 - Element found...financialdetails.policypremium
2024-01-04 13:03:33 INFO  Keywords:122 - InputText is called
2024-01-04 13:03:33 INFO  Keywords:283 - Waiting for webElement...financialdetails.variableannuity
2024-01-04 13:03:33 INFO  Keywords:286 - Element found...financialdetails.variableannuity
2024-01-04 13:03:33 INFO  Keywords:122 - InputText is called
2024-01-04 13:03:33 INFO  Keywords:283 - Waiting for webElement...financialdetails.totalpremium
2024-01-04 13:03:33 INFO  Keywords:286 - Element found...financialdetails.totalpremium
2024-01-04 13:03:33 INFO  Keywords:283 - Waiting for webElement...financialdetails.anticipatedchanges
2024-01-04 13:03:33 INFO  Keywords:286 - Element found...financialdetails.anticipatedchanges
2024-01-04 13:03:33 INFO  Keywords:283 - Waiting for webElement...financialdetails.nonguaranteedelement
2024-01-04 13:03:33 INFO  Keywords:286 - Element found...financialdetails.nonguaranteedelement
2024-01-04 13:03:33 INFO  Keywords:283 - Waiting for webElement...financialdetails.reversemortgage
2024-01-04 13:03:33 INFO  Keywords:286 - Element found...financialdetails.reversemortgage
2024-01-04 13:03:34 INFO  Keywords:135 - ClickOnLink is called
2024-01-04 13:03:34 INFO  Keywords:283 - Waiting for webElement...next
2024-01-04 13:03:34 INFO  Keywords:286 - Element found...next
2024-01-04 13:03:57 INFO  Keywords:283 - Waiting for webElement...payment.modal
2024-01-04 13:03:57 INFO  Keywords:286 - Element found...payment.modal
2024-01-04 13:04:13 INFO  Keywords:283 - Waiting for webElement...payment.method
2024-01-04 13:04:13 INFO  Keywords:286 - Element found...payment.method
2024-01-04 13:04:13 INFO  Keywords:122 - InputText is called
2024-01-04 13:04:13 INFO  Keywords:283 - Waiting for webElement...payment.premium
2024-01-04 13:04:13 INFO  Keywords:286 - Element found...payment.premium
2024-01-04 13:04:13 INFO  Keywords:135 - ClickOnLink is called
2024-01-04 13:04:13 INFO  Keywords:283 - Waiting for webElement...next
2024-01-04 13:04:13 INFO  Keywords:286 - Element found...next
2024-01-04 13:04:38 INFO  Keywords:283 - Waiting for webElement...existinginsurance.borrowingfunds
2024-01-04 13:04:38 INFO  Keywords:286 - Element found...existinginsurance.borrowingfunds
2024-01-04 13:04:38 INFO  Keywords:283 - Waiting for webElement...existinginsurance.terminatingexistinglifepolicy
2024-01-04 13:04:38 INFO  Keywords:286 - Element found...existinginsurance.terminatingexistinglifepolicy
2024-01-04 13:04:39 INFO  Keywords:283 - Waiting for webElement...existinginsurance.longtermcoverage
2024-01-04 13:04:39 INFO  Keywords:286 - Element found...existinginsurance.longtermcoverage
2024-01-04 13:04:39 INFO  Keywords:283 - Waiting for webElement...existanceterminating.InsuranceCompanyName
2024-01-04 13:04:39 INFO  Keywords:286 - Element found...existanceterminating.InsuranceCompanyName
2024-01-04 13:04:40 INFO  Keywords:122 - InputText is called
2024-01-04 13:04:40 INFO  Keywords:283 - Waiting for webElement...existanceterminating.ProductName
2024-01-04 13:04:40 INFO  Keywords:286 - Element found...existanceterminating.ProductName
2024-01-04 13:04:40 INFO  Keywords:122 - InputText is called
2024-01-04 13:04:40 INFO  Keywords:283 - Waiting for webElement...existanceterminating.Insured
2024-01-04 13:04:40 INFO  Keywords:286 - Element found...existanceterminating.Insured
2024-01-04 13:04:40 INFO  Keywords:283 - Waiting for webElement...existanceterminating.InsuredAnnuitant
2024-01-04 13:04:40 INFO  Keywords:122 - InputText is called
2024-01-04 13:04:40 INFO  Keywords:283 - Waiting for webElement...existanceterminating.InsuredAnnuitantDOB
2024-01-04 13:04:40 INFO  Keywords:283 - Waiting for webElement...existanceterminating.NumberOfInsured
2024-01-04 13:04:40 INFO  Keywords:122 - InputText is called
2024-01-04 13:04:40 INFO  Keywords:283 - Waiting for webElement...existanceterminating.Owner
2024-01-04 13:04:40 INFO  Keywords:286 - Element found...existanceterminating.Owner
2024-01-04 13:04:40 INFO  Keywords:122 - InputText is called
2024-01-04 13:04:40 INFO  Keywords:283 - Waiting for webElement...existanceterminating.DateIssued
2024-01-04 13:04:40 INFO  Keywords:286 - Element found...existanceterminating.DateIssued
2024-01-04 13:04:40 INFO  Keywords:122 - InputText is called
2024-01-04 13:04:40 INFO  Keywords:283 - Waiting for webElement...existanceterminating.AmountOfInsurance
2024-01-04 13:04:40 INFO  Keywords:286 - Element found...existanceterminating.AmountOfInsurance
2024-01-04 13:04:40 INFO  Keywords:283 - Waiting for webElement...existanceterminating.ExistingInsuranceType
2024-01-04 13:04:40 INFO  Keywords:286 - Element found...existanceterminating.ExistingInsuranceType
2024-01-04 13:04:40 INFO  Keywords:283 - Waiting for webElement...existanceterminating.ProductType
2024-01-04 13:04:40 INFO  Keywords:286 - Element found...existanceterminating.ProductType
2024-01-04 13:04:41 INFO  Keywords:283 - Waiting for webElement...existanceterminating.LifeProductType
2024-01-04 13:05:02 INFO  Keywords:286 - Element found...existanceterminating.LifeProductType
2024-01-04 13:05:03 INFO  Keywords:122 - InputText is called
2024-01-04 13:05:03 INFO  Keywords:283 - Waiting for webElement...existanceterminating.PolicyNo
2024-01-04 13:05:03 INFO  Keywords:286 - Element found...existanceterminating.PolicyNo
2024-01-04 13:05:03 INFO  Keywords:283 - Waiting for webElement...existanceterminating.PurposeOfPolicy
2024-01-04 13:05:03 INFO  Keywords:286 - Element found...existanceterminating.PurposeOfPolicy
2024-01-04 13:05:03 INFO  Keywords:283 - Waiting for webElement...existanceterminating.FundsNewPolicy
2024-01-04 13:05:03 INFO  Keywords:286 - Element found...existanceterminating.FundsNewPolicy
2024-01-04 13:05:03 INFO  Keywords:283 - Waiting for webElement...existanceterminating.ReplacingNewPolicy
2024-01-04 13:05:03 INFO  Keywords:286 - Element found...existanceterminating.ReplacingNewPolicy
2024-01-04 13:05:03 INFO  Keywords:283 - Waiting for webElement...existanceterminating.ReplacementThType
2024-01-04 13:05:04 INFO  Keywords:286 - Element found...existanceterminating.ReplacementThType
2024-01-04 13:05:04 INFO  Keywords:283 - Waiting for webElement...existanceterminating.1035ThExchange
2024-01-04 13:05:04 INFO  Keywords:286 - Element found...existanceterminating.1035ThExchange
2024-01-04 13:05:04 INFO  Keywords:122 - InputText is called
2024-01-04 13:05:04 INFO  Keywords:283 - Waiting for webElement...existanceterminating.ReasonReplacement
2024-01-04 13:05:04 INFO  Keywords:286 - Element found...existanceterminating.ReasonReplacement
2024-01-04 13:05:04 INFO  Keywords:122 - InputText is called
2024-01-04 13:05:04 INFO  Keywords:283 - Waiting for webElement...existanceterminating.NoOfPolicy
2024-01-04 13:05:04 INFO  Keywords:286 - Element found...existanceterminating.NoOfPolicy
2024-01-04 13:05:04 INFO  Keywords:122 - InputText is called
2024-01-04 13:05:04 INFO  Keywords:283 - Waiting for webElement...existanceterminating.PremiumPayment
2024-01-04 13:05:04 INFO  Keywords:286 - Element found...existanceterminating.PremiumPayment
2024-01-04 13:05:04 INFO  Keywords:122 - InputText is called
2024-01-04 13:05:04 INFO  Keywords:283 - Waiting for webElement...existanceterminating.FrequencyPremium
2024-01-04 13:05:04 INFO  Keywords:286 - Element found...existanceterminating.FrequencyPremium
2024-01-04 13:05:04 INFO  Keywords:122 - InputText is called
2024-01-04 13:05:04 INFO  Keywords:283 - Waiting for webElement...existanceterminating.AmountBeingExchanged
2024-01-04 13:05:05 INFO  Keywords:286 - Element found...existanceterminating.AmountBeingExchanged
2024-01-04 13:05:05 INFO  Keywords:122 - InputText is called
2024-01-04 13:05:05 INFO  Keywords:283 - Waiting for webElement...existanceterminating.SurrenderCharge
2024-01-04 13:05:05 INFO  Keywords:286 - Element found...existanceterminating.SurrenderCharge
2024-01-04 13:05:05 INFO  Keywords:122 - InputText is called
2024-01-04 13:05:05 INFO  Keywords:283 - Waiting for webElement...existanceterminating.DeathBenefit
2024-01-04 13:05:05 INFO  Keywords:286 - Element found...existanceterminating.DeathBenefit
2024-01-04 13:05:05 INFO  Keywords:122 - InputText is called
2024-01-04 13:05:05 INFO  Keywords:283 - Waiting for webElement...existanceterminating.SpecialFeatures
2024-01-04 13:05:05 INFO  Keywords:286 - Element found...existanceterminating.SpecialFeatures
2024-01-04 13:05:05 INFO  Keywords:283 - Waiting for webElement...existinginsurance.longtermpolicyYes
2024-01-04 13:05:05 INFO  Keywords:286 - Element found...existinginsurance.longtermpolicyYes
2024-01-04 13:05:05 INFO  Keywords:122 - InputText is called
2024-01-04 13:05:05 INFO  Keywords:283 - Waiting for webElement...existinglongtermpolicy.InsuranceName
2024-01-04 13:05:05 INFO  Keywords:286 - Element found...existinglongtermpolicy.InsuranceName
2024-01-04 13:05:05 INFO  Keywords:122 - InputText is called
2024-01-04 13:05:05 INFO  Keywords:283 - Waiting for webElement...existinglongtermpolicy.policyCertificateNumber
2024-01-04 13:05:05 INFO  Keywords:286 - Element found...existinglongtermpolicy.policyCertificateNumber
2024-01-04 13:05:05 INFO  Keywords:122 - InputText is called
2024-01-04 13:05:05 INFO  Keywords:283 - Waiting for webElement...existinglongtermpolicy.ProductName
2024-01-04 13:05:05 INFO  Keywords:286 - Element found...existinglongtermpolicy.ProductName
2024-01-04 13:05:05 INFO  Keywords:283 - Waiting for webElement...existinglongtermpolicy.ProductType
2024-01-04 13:05:05 INFO  Keywords:286 - Element found...existinglongtermpolicy.ProductType
2024-01-04 13:05:06 INFO  Keywords:122 - InputText is called
2024-01-04 13:05:06 INFO  Keywords:283 - Waiting for webElement...existinglongtermpolicy.Insured
2024-01-04 13:05:06 INFO  Keywords:286 - Element found...existinglongtermpolicy.Insured
2024-01-04 13:05:06 INFO  Keywords:122 - InputText is called
2024-01-04 13:05:06 INFO  Keywords:283 - Waiting for webElement...existinglongtermpolicy.Owner
2024-01-04 13:05:06 INFO  Keywords:286 - Element found...existinglongtermpolicy.Owner
2024-01-04 13:05:06 INFO  Keywords:122 - InputText is called
2024-01-04 13:05:06 INFO  Keywords:283 - Waiting for webElement...existinglongtermpolicy.DailyBenefit
2024-01-04 13:05:06 INFO  Keywords:286 - Element found...existinglongtermpolicy.DailyBenefit
2024-01-04 13:05:06 INFO  Keywords:122 - InputText is called
2024-01-04 13:05:06 INFO  Keywords:283 - Waiting for webElement...existinglongtermpolicy.AmountOfInsurance
2024-01-04 13:05:06 INFO  Keywords:286 - Element found...existinglongtermpolicy.AmountOfInsurance
2024-01-04 13:05:06 INFO  Keywords:122 - InputText is called
2024-01-04 13:05:06 INFO  Keywords:283 - Waiting for webElement...existinglongtermpolicy.benefitAmount
2024-01-04 13:05:06 INFO  Keywords:286 - Element found...existinglongtermpolicy.benefitAmount
2024-01-04 13:05:06 INFO  Keywords:122 - InputText is called
2024-01-04 13:05:06 INFO  Keywords:283 - Waiting for webElement...existinglongtermpolicy.benefitPeriod
2024-01-04 13:05:06 INFO  Keywords:286 - Element found...existinglongtermpolicy.benefitPeriod
2024-01-04 13:05:06 INFO  Keywords:283 - Waiting for webElement...existinginsurance.longterminsuranceYes
2024-01-04 13:05:06 INFO  Keywords:286 - Element found...existinginsurance.longterminsuranceYes
2024-01-04 13:05:06 INFO  Keywords:122 - InputText is called
2024-01-04 13:05:06 INFO  Keywords:283 - Waiting for webElement...existinglongterminsurance.InsuranceCompany
2024-01-04 13:05:06 INFO  Keywords:286 - Element found...existinglongterminsurance.InsuranceCompany
2024-01-04 13:05:06 INFO  Keywords:122 - InputText is called
2024-01-04 13:05:06 INFO  Keywords:283 - Waiting for webElement...existinglongterminsurance.Certificate
2024-01-04 13:05:07 INFO  Keywords:286 - Element found...existinglongterminsurance.Certificate
2024-01-04 13:05:07 INFO  Keywords:122 - InputText is called
2024-01-04 13:05:07 INFO  Keywords:283 - Waiting for webElement...existinglongterminsurance.LTCBenefit
2024-01-04 13:05:07 INFO  Keywords:286 - Element found...existinglongterminsurance.LTCBenefit
2024-01-04 13:05:07 INFO  Keywords:122 - InputText is called
2024-01-04 13:05:07 INFO  Keywords:283 - Waiting for webElement...existinglongterminsurance.IssueDate
2024-01-04 13:05:07 INFO  Keywords:286 - Element found...existinglongterminsurance.IssueDate
2024-01-04 13:05:07 INFO  Keywords:122 - InputText is called
2024-01-04 13:05:07 INFO  Keywords:283 - Waiting for webElement...existinglongterminsurance.LapseDate
2024-01-04 13:05:07 INFO  Keywords:286 - Element found...existinglongterminsurance.LapseDate
2024-01-04 13:05:07 INFO  Keywords:135 - ClickOnLink is called
2024-01-04 13:05:07 INFO  Keywords:283 - Waiting for webElement...next
2024-01-04 13:05:07 INFO  Keywords:286 - Element found...next
2024-01-04 13:05:29 INFO  Keywords:135 - ClickOnLink is called
2024-01-04 13:05:29 INFO  Keywords:283 - Waiting for webElement...next
2024-01-04 13:05:29 INFO  Keywords:286 - Element found...next
2024-01-04 13:05:52 INFO  Keywords:122 - InputText is called
2024-01-04 13:05:52 INFO  Keywords:283 - Waiting for webElement...additionalclientquestion.q1
2024-01-04 13:05:52 INFO  Keywords:286 - Element found...additionalclientquestion.q1
2024-01-04 13:05:52 INFO  Keywords:122 - InputText is called
2024-01-04 13:05:52 INFO  Keywords:283 - Waiting for webElement...additionalclientquestion.q2
2024-01-04 13:05:52 INFO  Keywords:286 - Element found...additionalclientquestion.q2
2024-01-04 13:05:52 INFO  Keywords:122 - InputText is called
2024-01-04 13:05:52 INFO  Keywords:283 - Waiting for webElement...additionalclientquestion.q3
2024-01-04 13:05:52 INFO  Keywords:286 - Element found...additionalclientquestion.q3
2024-01-04 13:05:52 INFO  Keywords:122 - InputText is called
2024-01-04 13:05:52 INFO  Keywords:283 - Waiting for webElement...additionalclientquestion.q4
2024-01-04 13:06:42 INFO  Keywords:122 - InputText is called
2024-01-04 13:06:42 INFO  Keywords:283 - Waiting for webElement...additionalclientquestion.q5
2024-01-04 13:07:33 INFO  Keywords:513 - GetText is called
2024-01-04 13:07:33 INFO  Keywords:283 - Waiting for webElement...ebixTxnID
2024-01-04 13:07:33 INFO  Keywords:286 - Element found...ebixTxnID
2024-01-04 13:07:33 INFO  Keywords:517 - LinkId: 520764
2024-01-04 13:07:33 INFO  Keywords:568 - LinkId: 520764
2024-01-04 13:07:33 INFO  Keywords:513 - GetText is called
2024-01-04 13:07:33 INFO  Keywords:283 - Waiting for webElement...ebixTxnID
2024-01-04 13:07:33 INFO  Keywords:286 - Element found...ebixTxnID
2024-01-04 13:07:33 INFO  Keywords:517 - LinkId: 520764
2024-01-04 13:07:33 INFO  Keywords:135 - ClickOnLink is called
2024-01-04 13:07:33 INFO  Keywords:283 - Waiting for webElement...next
2024-01-04 13:07:33 INFO  Keywords:286 - Element found...next
2024-01-04 13:07:40 INFO  Keywords:283 - Waiting for webElement...AnnuitiesCompany
2024-01-04 13:07:40 INFO  Keywords:286 - Element found...AnnuitiesCompany
2024-01-04 13:07:40 INFO  Keywords:283 - Waiting for webElement...InsuranceReplace
2024-01-04 13:07:40 INFO  Keywords:286 - Element found...InsuranceReplace
2024-01-04 13:07:40 INFO  Keywords:122 - InputText is called
2024-01-04 13:07:40 INFO  Keywords:283 - Waiting for webElement...PremiumCollected
2024-01-04 13:07:40 INFO  Keywords:286 - Element found...PremiumCollected
2024-01-04 13:07:40 INFO  Keywords:283 - Waiting for webElement...ResultApplication
2024-01-04 13:07:41 INFO  Keywords:286 - Element found...ResultApplication
2024-01-04 13:07:41 INFO  Keywords:122 - InputText is called
2024-01-04 13:07:41 INFO  Keywords:283 - Waiting for webElement...ResultGiveDetails
2024-01-04 13:07:41 INFO  Keywords:286 - Element found...ResultGiveDetails
2024-01-04 13:07:41 INFO  Keywords:283 - Waiting for webElement...PolicySettlement
2024-01-04 13:07:41 INFO  Keywords:286 - Element found...PolicySettlement
2024-01-04 13:07:41 INFO  Keywords:283 - Waiting for webElement...PremiumLoans
2024-01-04 13:07:41 INFO  Keywords:286 - Element found...PremiumLoans
2024-01-04 13:07:41 INFO  Keywords:283 - Waiting for webElement...EvaluatingFinancing
2024-01-04 13:07:41 INFO  Keywords:286 - Element found...EvaluatingFinancing
2024-01-04 13:07:41 INFO  Keywords:283 - Waiting for webElement...PersonallyInsured
2024-01-04 13:07:41 INFO  Keywords:286 - Element found...PersonallyInsured
2024-01-04 13:07:41 INFO  Keywords:283 - Waiting for webElement...PolicyProposedInsured
2024-01-04 13:07:41 INFO  Keywords:286 - Element found...PolicyProposedInsured
2024-01-04 13:07:41 INFO  Keywords:283 - Waiting for webElement...ProposedInsuredWritten
2024-01-04 13:08:32 INFO  Keywords:283 - Waiting for webElement...ConsentRelationshipTerminates
2024-01-04 13:09:23 INFO  Keywords:122 - InputText is called
2024-01-04 13:09:23 INFO  Keywords:283 - Waiting for webElement...HealthPoliciesForce
2024-01-04 13:09:23 INFO  Keywords:286 - Element found...HealthPoliciesForce
2024-01-04 13:09:23 INFO  Keywords:122 - InputText is called
2024-01-04 13:09:23 INFO  Keywords:283 - Waiting for webElement...SoldForceHP
2024-01-04 13:09:23 INFO  Keywords:286 - Element found...SoldForceHP
2024-01-04 13:09:23 INFO  Keywords:122 - InputText is called
2024-01-04 13:09:23 INFO  Keywords:283 - Waiting for webElement...NameWholeSaler
2024-01-04 13:09:23 INFO  Keywords:286 - Element found...NameWholeSaler
2024-01-04 13:09:23 INFO  Keywords:122 - InputText is called
2024-01-04 13:09:23 INFO  Keywords:283 - Waiting for webElement...ExistingReplacedCarier
2024-01-04 13:10:13 INFO  Keywords:135 - ClickOnLink is called
2024-01-04 13:10:13 INFO  Keywords:283 - Waiting for webElement...next
2024-01-04 13:10:13 INFO  Keywords:286 - Element found...next
2024-01-04 13:10:14 INFO  Keywords:122 - InputText is called
2024-01-04 13:10:14 INFO  Keywords:283 - Waiting for webElement...NBNameF
2024-01-04 13:10:24 INFO  Keywords:122 - InputText is called
2024-01-04 13:10:24 INFO  Keywords:283 - Waiting for webElement...NBNameL
2024-01-04 13:10:34 INFO  Keywords:122 - InputText is called
2024-01-04 13:10:34 INFO  Keywords:283 - Waiting for webElement...NBPhoneW
2024-01-04 13:10:44 INFO  Keywords:122 - InputText is called
2024-01-04 13:10:44 INFO  Keywords:283 - Waiting for webElement...NBEMail
2024-01-04 13:10:54 INFO  Keywords:283 - Waiting for webElement...POSYES
2024-01-04 13:11:04 INFO  Keywords:122 - InputText is called
2024-01-04 13:11:04 INFO  Keywords:283 - Waiting for webElement...POSNAmeF
2024-01-04 13:11:14 INFO  Keywords:122 - InputText is called
2024-01-04 13:11:14 INFO  Keywords:283 - Waiting for webElement...POSNAmeL
2024-01-04 13:11:24 INFO  Keywords:122 - InputText is called
2024-01-04 13:11:24 INFO  Keywords:283 - Waiting for webElement...POSWork
2024-01-04 13:11:35 INFO  Keywords:122 - InputText is called
2024-01-04 13:11:35 INFO  Keywords:283 - Waiting for webElement...POSEmail
2024-01-04 13:12:01 INFO  Keywords:135 - ClickOnLink is called
2024-01-04 13:12:01 INFO  Keywords:283 - Waiting for webElement...validate.button
2024-01-04 13:12:43 INFO  Keywords:135 - ClickOnLink is called
2024-01-04 13:12:43 INFO  Keywords:283 - Waiting for webElement...notification.continue
2024-01-04 13:13:09 INFO  Keywords:135 - ClickOnLink is called
2024-01-04 13:13:09 INFO  Keywords:283 - Waiting for webElement...esignature.optout
2024-01-04 13:14:49 INFO  Keywords:147 - VerifyText is called
2024-01-04 13:14:49 INFO  Keywords:283 - Waiting for webElement...WebElement
2024-01-04 13:14:49 INFO  Keywords:135 - ClickOnLink is called
2024-01-04 13:14:49 INFO  Keywords:283 - Waiting for webElement...attachment
2024-01-04 13:14:49 INFO  Keywords:286 - Element found...attachment
2024-01-04 13:14:50 INFO  Keywords:283 - Waiting for webElement...attachment.documenttype
2024-01-04 13:15:00 INFO  Keywords:122 - InputText is called
2024-01-04 13:15:00 INFO  Keywords:283 - Waiting for webElement...attachment.choosefile
2024-01-04 13:15:10 INFO  Keywords:135 - ClickOnLink is called
2024-01-04 13:15:10 INFO  Keywords:283 - Waiting for webElement...attachment.upload
2024-01-04 13:15:36 INFO  Keywords:135 - ClickOnLink is called
2024-01-04 13:15:36 INFO  Keywords:283 - Waiting for webElement...RequestSignatures
2024-01-04 13:16:02 INFO  Keywords:283 - Waiting for webElement...attachment.documenttype
2024-01-04 13:16:12 INFO  Keywords:122 - InputText is called
2024-01-04 13:16:12 INFO  Keywords:283 - Waiting for webElement...attachment.choosefile
2024-01-04 13:16:22 INFO  Keywords:135 - ClickOnLink is called
2024-01-04 13:16:22 INFO  Keywords:283 - Waiting for webElement...attachment.upload
2024-01-04 13:16:48 INFO  Keywords:135 - ClickOnLink is called
2024-01-04 13:16:48 INFO  Keywords:283 - Waiting for webElement...SubmitButton
2024-01-04 13:18:29 INFO  Keywords:450 - switching to parent window...
2024-01-04 13:18:29 INFO  Keywords:94 - Navigate is called
2024-01-04 13:18:31 INFO  Keywords:528 - ClearText is called
2024-01-04 13:18:31 INFO  Keywords:283 - Waiting for webElement...gateway.username
2024-01-04 13:18:31 INFO  Keywords:286 - Element found...gateway.username
2024-01-04 13:18:31 INFO  Keywords:532 - LinkId: 520764
2024-01-04 13:18:31 INFO  Keywords:122 - InputText is called
2024-01-04 13:18:31 INFO  Keywords:283 - Waiting for webElement...gateway.username
2024-01-04 13:18:31 INFO  Keywords:286 - Element found...gateway.username
2024-01-04 13:18:31 INFO  Keywords:528 - ClearText is called
2024-01-04 13:18:31 INFO  Keywords:283 - Waiting for webElement...gateway.password
2024-01-04 13:18:31 INFO  Keywords:286 - Element found...gateway.password
2024-01-04 13:18:31 INFO  Keywords:532 - LinkId: 520764
2024-01-04 13:18:31 INFO  Keywords:122 - InputText is called
2024-01-04 13:18:31 INFO  Keywords:283 - Waiting for webElement...gateway.password
2024-01-04 13:18:31 INFO  Keywords:286 - Element found...gateway.password
2024-01-04 13:18:31 INFO  Keywords:135 - ClickOnLink is called
2024-01-04 13:18:31 INFO  Keywords:283 - Waiting for webElement...gateway.login
2024-01-04 13:18:31 INFO  Keywords:286 - Element found...gateway.login
2024-01-04 13:18:51 INFO  Keywords:135 - ClickOnLink is called
2024-01-04 13:18:51 INFO  Keywords:283 - Waiting for webElement...management
2024-01-04 13:18:51 INFO  Keywords:286 - Element found...management
2024-01-04 13:18:51 INFO  Keywords:283 - Waiting for webElement...managementTools
2024-01-04 13:18:51 INFO  Keywords:286 - Element found...managementTools
2024-01-04 13:18:52 INFO  Keywords:135 - ClickOnLink is called
2024-01-04 13:18:52 INFO  Keywords:283 - Waiting for webElement...feedManagement
2024-01-04 13:18:53 INFO  Keywords:286 - Element found...feedManagement
2024-01-04 13:19:09 INFO  Keywords:135 - ClickOnLink is called
2024-01-04 13:19:09 INFO  Keywords:283 - Waiting for webElement...searchPanel
2024-01-04 13:19:09 INFO  Keywords:286 - Element found...searchPanel
2024-01-04 13:19:09 INFO  Keywords:283 - Waiting for webElement...selectTransactionID
2024-01-04 13:19:09 INFO  Keywords:286 - Element found...selectTransactionID
2024-01-04 13:19:09 INFO  Keywords:122 - InputText is called
2024-01-04 13:19:09 INFO  Keywords:283 - Waiting for webElement...enterTransactioID
2024-01-04 13:19:10 INFO  Keywords:286 - Element found...enterTransactioID
2024-01-04 13:19:10 INFO  Keywords:135 - ClickOnLink is called
2024-01-04 13:19:10 INFO  Keywords:283 - Waiting for webElement...searchbutton
2024-01-04 13:19:10 INFO  Keywords:286 - Element found...searchbutton
2024-01-04 13:19:26 INFO  Keywords:135 - ClickOnLink is called
2024-01-04 13:19:26 INFO  Keywords:283 - Waiting for webElement...transactionSearchmyResult
2024-01-04 13:19:26 INFO  Keywords:286 - Element found...transactionSearchmyResult
2024-01-04 13:19:42 INFO  Keywords:135 - ClickOnLink is called
2024-01-04 13:19:42 INFO  Keywords:283 - Waiting for webElement...onenotThree
2024-01-04 13:19:42 INFO  Keywords:286 - Element found...onenotThree
2024-01-04 13:19:43 INFO  Keywords:283 - Waiting for webElement...103ResponseXML
2024-01-04 13:21:05 INFO  Keywords:450 - switching to parent window...
2024-01-04 13:21:05 INFO  Keywords:94 - Navigate is called
2024-01-04 13:21:06 INFO  Keywords:528 - ClearText is called
2024-01-04 13:21:06 INFO  Keywords:283 - Waiting for webElement...gateway.username
2024-01-04 13:21:06 INFO  Keywords:286 - Element found...gateway.username
2024-01-04 13:21:06 INFO  Keywords:532 - LinkId: 520764
2024-01-04 13:21:06 INFO  Keywords:122 - InputText is called
2024-01-04 13:21:06 INFO  Keywords:283 - Waiting for webElement...gateway.username
2024-01-04 13:21:06 INFO  Keywords:286 - Element found...gateway.username
2024-01-04 13:21:06 INFO  Keywords:528 - ClearText is called
2024-01-04 13:21:06 INFO  Keywords:283 - Waiting for webElement...gateway.password
2024-01-04 13:21:06 INFO  Keywords:286 - Element found...gateway.password
2024-01-04 13:21:06 INFO  Keywords:532 - LinkId: 520764
2024-01-04 13:21:06 INFO  Keywords:122 - InputText is called
2024-01-04 13:21:06 INFO  Keywords:283 - Waiting for webElement...gateway.password
2024-01-04 13:21:06 INFO  Keywords:286 - Element found...gateway.password
2024-01-04 13:21:06 INFO  Keywords:135 - ClickOnLink is called
2024-01-04 13:21:06 INFO  Keywords:283 - Waiting for webElement...gateway.login
2024-01-04 13:21:06 INFO  Keywords:286 - Element found...gateway.login
2024-01-04 13:21:25 INFO  Keywords:135 - ClickOnLink is called
2024-01-04 13:21:25 INFO  Keywords:283 - Waiting for webElement...management
2024-01-04 13:21:26 INFO  Keywords:286 - Element found...management
2024-01-04 13:21:26 INFO  Keywords:283 - Waiting for webElement...managementTools
2024-01-04 13:21:26 INFO  Keywords:286 - Element found...managementTools
2024-01-04 13:21:27 INFO  Keywords:135 - ClickOnLink is called
2024-01-04 13:21:27 INFO  Keywords:283 - Waiting for webElement...feedManagement
2024-01-04 13:21:27 INFO  Keywords:286 - Element found...feedManagement
2024-01-04 13:21:43 INFO  Keywords:135 - ClickOnLink is called
2024-01-04 13:21:43 INFO  Keywords:283 - Waiting for webElement...searchPanel
2024-01-04 13:21:43 INFO  Keywords:286 - Element found...searchPanel
2024-01-04 13:21:44 INFO  Keywords:283 - Waiting for webElement...selectTransactionID
2024-01-04 13:21:44 INFO  Keywords:286 - Element found...selectTransactionID
2024-01-04 13:21:44 INFO  Keywords:122 - InputText is called
2024-01-04 13:21:44 INFO  Keywords:283 - Waiting for webElement...enterTransactioID
2024-01-04 13:21:44 INFO  Keywords:286 - Element found...enterTransactioID
2024-01-04 13:21:44 INFO  Keywords:135 - ClickOnLink is called
2024-01-04 13:21:44 INFO  Keywords:283 - Waiting for webElement...searchbutton
2024-01-04 13:21:44 INFO  Keywords:286 - Element found...searchbutton
2024-01-04 13:22:00 INFO  Keywords:135 - ClickOnLink is called
2024-01-04 13:22:01 INFO  Keywords:283 - Waiting for webElement...transactionSearchmyResult
2024-01-04 13:22:01 INFO  Keywords:286 - Element found...transactionSearchmyResult
2024-01-04 13:22:17 INFO  Keywords:135 - ClickOnLink is called
2024-01-04 13:22:17 INFO  Keywords:283 - Waiting for webElement...RTSMButton
2024-01-04 13:22:17 INFO  Keywords:286 - Element found...RTSMButton
2024-01-04 13:22:17 INFO  Keywords:283 - Waiting for webElement...RTSMResponseXML
2024-01-04 13:23:01 INFO  Keywords:94 - Navigate is called
