2024-10-04 11:31:39 INFO  Keywords:104 - Navigate is called
2024-10-04 11:31:42 INFO  Keywords:130 - InputText is called
2024-10-04 11:31:42 INFO  Keywords:301 - Waiting for webElement...gateway.username
2024-10-04 11:31:42 INFO  Keywords:305 - Element found...gateway.username
2024-10-04 11:31:42 INFO  Keywords:130 - InputText is called
2024-10-04 11:31:42 INFO  Keywords:301 - Waiting for webElement...gateway.password
2024-10-04 11:31:42 INFO  Keywords:305 - Element found...gateway.password
2024-10-04 11:31:42 INFO  Keywords:141 - ClickOnLink is called
2024-10-04 11:31:42 INFO  Keywords:301 - Waiting for webElement...gateway.login
2024-10-04 11:31:42 INFO  Keywords:305 - Element found...gateway.login
2024-10-04 11:32:20 INFO  Keywords:141 - ClickOnLink is called
2024-10-04 11:32:20 INFO  Keywords:301 - Waiting for webElement...postsamldata
2024-10-04 11:32:20 INFO  Keywords:305 - Element found...postsamldata
2024-10-04 11:32:36 INFO  Keywords:141 - ClickOnLink is called
2024-10-04 11:32:36 INFO  Keywords:301 - Waiting for webElement...next
2024-10-04 11:33:02 INFO  Keywords:130 - InputText is called
2024-10-04 11:33:02 INFO  Keywords:301 - Waiting for webElement...policyConfiguration.insuranceamount
2024-10-04 11:33:12 INFO  Keywords:301 - Waiting for webElement...policyConfiguration.LTC
2024-10-04 11:33:22 INFO  Keywords:301 - Waiting for webElement...policyConfiguration.payors
2024-10-04 11:33:33 INFO  Keywords:301 - Waiting for webElement...policyConfiguration.purposeofpolicy
2024-10-04 11:33:43 INFO  Keywords:141 - ClickOnLink is called
2024-10-04 11:33:43 INFO  Keywords:301 - Waiting for webElement...next
2024-10-04 11:35:24 INFO  Keywords:301 - Waiting for webElement...primaryinsured.birthcountry
2024-10-04 11:35:34 INFO  Keywords:301 - Waiting for webElement...primaryinsured.birthstate
2024-10-04 11:35:44 INFO  Keywords:130 - InputText is called
2024-10-04 11:35:44 INFO  Keywords:301 - Waiting for webElement...primaryinsured.birthcity
2024-10-04 11:35:54 INFO  Keywords:141 - ClickOnLink is called
2024-10-04 11:35:54 INFO  Keywords:301 - Waiting for webElement...next
2024-10-04 11:36:20 INFO  Keywords:141 - ClickOnLink is called
2024-10-04 11:36:20 INFO  Keywords:301 - Waiting for webElement...next
2024-10-04 11:36:20 INFO  Keywords:305 - Element found...next
2024-10-04 11:36:25 INFO  Keywords:301 - Waiting for webElement...naturalOwner.relationwithInsured
2024-10-04 11:36:35 INFO  Keywords:141 - ClickOnLink is called
2024-10-04 11:36:35 INFO  Keywords:301 - Waiting for webElement...next
2024-10-04 11:36:35 INFO  Keywords:305 - Element found...next
2024-10-04 11:36:51 INFO  Keywords:301 - Waiting for webElement...financialDetails.SourceOfFundsLI
2024-10-04 11:37:01 INFO  Keywords:301 - Waiting for webElement...financialDetails.SurrenderChargeSOFLI
2024-10-04 11:37:11 INFO  Keywords:301 - Waiting for webElement...financialDetails.envisiontaking
2024-10-04 11:37:22 INFO  Keywords:301 - Waiting for webElement...financialDetails.federalfaxbracket
2024-10-04 11:37:41 INFO  Keywords:301 - Waiting for webElement...financialDetails.riskTolerance
2024-10-04 11:37:51 INFO  Keywords:301 - Waiting for webElement...financialDetails.Investmentobjectives
2024-10-04 11:38:01 INFO  Keywords:301 - Waiting for webElement...financialDetails.timehorizon
2024-10-04 11:38:11 INFO  Keywords:301 - Waiting for webElement...financialDetails.investmentexperienceFA
2024-10-04 11:38:21 INFO  Keywords:130 - InputText is called
2024-10-04 11:38:21 INFO  Keywords:301 - Waiting for webElement...financialDetails.investmentstartyear
2024-10-04 11:38:31 INFO  Keywords:130 - InputText is called
2024-10-04 11:38:31 INFO  Keywords:301 - Waiting for webElement...financialdetails.wages
2024-10-04 11:38:41 INFO  Keywords:130 - InputText is called
2024-10-04 11:38:41 INFO  Keywords:301 - Waiting for webElement...financialdetails.livingexpenses
2024-10-04 11:38:51 INFO  Keywords:130 - InputText is called
2024-10-04 11:38:51 INFO  Keywords:301 - Waiting for webElement...financialdetails.personalinvestment
2024-10-04 11:39:02 INFO  Keywords:130 - InputText is called
2024-10-04 11:39:02 INFO  Keywords:301 - Waiting for webElement...financialdetails.fixeddebtexpenses
2024-10-04 11:39:12 INFO  Keywords:130 - InputText is called
2024-10-04 11:39:12 INFO  Keywords:301 - Waiting for webElement...financialdetails.rentalincome
2024-10-04 11:39:22 INFO  Keywords:130 - InputText is called
2024-10-04 11:39:22 INFO  Keywords:301 - Waiting for webElement...financialdetails.variabledebtexpenses
2024-10-04 11:39:32 INFO  Keywords:130 - InputText is called
2024-10-04 11:39:32 INFO  Keywords:301 - Waiting for webElement...financialdetails.incomepension
2024-10-04 11:39:42 INFO  Keywords:130 - InputText is called
2024-10-04 11:39:42 INFO  Keywords:301 - Waiting for webElement...financialdetails.discretionaryexpenses
2024-10-04 11:39:52 INFO  Keywords:130 - InputText is called
2024-10-04 11:39:52 INFO  Keywords:301 - Waiting for webElement...financialdetails.socialsecurityincome
2024-10-04 11:40:02 INFO  Keywords:130 - InputText is called
2024-10-04 11:40:02 INFO  Keywords:301 - Waiting for webElement...financialdetails.otherincome
2024-10-04 11:40:12 INFO  Keywords:130 - InputText is called
2024-10-04 11:40:12 INFO  Keywords:301 - Waiting for webElement...financialdetails.bonds
2024-10-04 11:40:22 INFO  Keywords:130 - InputText is called
2024-10-04 11:40:22 INFO  Keywords:301 - Waiting for webElement...financialdetails.businessTrustRealstate
2024-10-04 11:40:32 INFO  Keywords:130 - InputText is called
2024-10-04 11:40:32 INFO  Keywords:301 - Waiting for webElement...financialdetails.retirementplan
2024-10-04 11:40:42 INFO  Keywords:130 - InputText is called
2024-10-04 11:40:42 INFO  Keywords:301 - Waiting for webElement...financialdetails.equities
2024-10-04 11:40:52 INFO  Keywords:130 - InputText is called
2024-10-04 11:40:52 INFO  Keywords:301 - Waiting for webElement...financialdetails.facevalueilfeinsurance
2024-10-04 11:41:02 INFO  Keywords:130 - InputText is called
2024-10-04 11:41:02 INFO  Keywords:301 - Waiting for webElement...financialdetails.fixedannuity
2024-10-04 11:41:13 INFO  Keywords:130 - InputText is called
2024-10-04 11:41:13 INFO  Keywords:301 - Waiting for webElement...financialdetails.indexannuity
2024-10-04 11:41:23 INFO  Keywords:130 - InputText is called
2024-10-04 11:41:23 INFO  Keywords:301 - Waiting for webElement...financialdetails.liquidnetworth
2024-10-04 11:41:33 INFO  Keywords:130 - InputText is called
2024-10-04 11:41:33 INFO  Keywords:301 - Waiting for webElement...financialdetails.mutualfund
