2024-10-04 15:54:19 INFO  Keywords:104 - Navigate is called
2024-10-04 15:54:21 INFO  Keywords:130 - InputText is called
2024-10-04 15:54:21 INFO  Keywords:301 - Waiting for webElement...gateway.username
2024-10-04 15:54:21 INFO  Keywords:305 - Element found...gateway.username
2024-10-04 15:54:21 INFO  Keywords:130 - InputText is called
2024-10-04 15:54:21 INFO  Keywords:301 - Waiting for webElement...gateway.password
2024-10-04 15:54:21 INFO  Keywords:305 - Element found...gateway.password
2024-10-04 15:54:21 INFO  Keywords:141 - ClickOnLink is called
2024-10-04 15:54:21 INFO  Keywords:301 - Waiting for webElement...gateway.login
2024-10-04 15:54:21 INFO  Keywords:305 - Element found...gateway.login
2024-10-04 15:54:58 INFO  Keywords:141 - ClickOnLink is called
2024-10-04 15:54:58 INFO  Keywords:301 - Waiting for webElement...postsamldata
2024-10-04 15:54:58 INFO  Keywords:305 - Element found...postsamldata
2024-10-04 15:55:14 INFO  Keywords:141 - ClickOnLink is called
2024-10-04 15:55:14 INFO  Keywords:301 - Waiting for webElement...next
2024-10-04 15:55:14 INFO  Keywords:305 - Element found...next
2024-10-04 15:55:33 INFO  Keywords:130 - InputText is called
2024-10-04 15:55:33 INFO  Keywords:301 - Waiting for webElement...policyConfiguration.insuranceamount
2024-10-04 15:55:33 INFO  Keywords:305 - Element found...policyConfiguration.insuranceamount
2024-10-04 15:55:33 INFO  Keywords:301 - Waiting for webElement...policyConfiguration.LTC
2024-10-04 15:55:43 INFO  Keywords:301 - Waiting for webElement...policyConfiguration.payors
2024-10-04 15:55:43 INFO  Keywords:305 - Element found...policyConfiguration.payors
2024-10-04 15:55:43 INFO  Keywords:301 - Waiting for webElement...policyConfiguration.purposeofpolicy
2024-10-04 15:55:43 INFO  Keywords:305 - Element found...policyConfiguration.purposeofpolicy
2024-10-04 15:55:43 INFO  Keywords:141 - ClickOnLink is called
2024-10-04 15:55:43 INFO  Keywords:301 - Waiting for webElement...next
2024-10-04 15:55:43 INFO  Keywords:305 - Element found...next
2024-10-04 15:56:01 INFO  Keywords:301 - Waiting for webElement...primaryinsured.birthcountry
2024-10-04 15:56:11 INFO  Keywords:301 - Waiting for webElement...primaryinsured.birthstate
2024-10-04 15:56:21 INFO  Keywords:130 - InputText is called
2024-10-04 15:56:21 INFO  Keywords:301 - Waiting for webElement...primaryinsured.birthcity
2024-10-04 15:56:32 INFO  Keywords:301 - Waiting for webElement...primaryinsured.drivinglicense
2024-10-04 15:56:42 INFO  Keywords:130 - InputText is called
2024-10-04 15:56:42 INFO  Keywords:301 - Waiting for webElement...primaryinsured.dlnumber
2024-10-04 15:57:08 INFO  Keywords:301 - Waiting for webElement...primaryinsured.dlissuestateAL
2024-10-04 15:57:18 INFO  Keywords:141 - ClickOnLink is called
2024-10-04 15:57:18 INFO  Keywords:301 - Waiting for webElement...next
2024-10-04 15:57:18 INFO  Keywords:305 - Element found...next
2024-10-04 15:57:18 INFO  Keywords:130 - InputText is called
2024-10-04 15:57:18 INFO  Keywords:301 - Waiting for webElement...TrustOther
2024-10-04 15:57:44 INFO  Keywords:301 - Waiting for webElement...TrustIrres
2024-10-04 15:58:00 INFO  Keywords:141 - ClickOnLink is called
2024-10-04 15:58:00 INFO  Keywords:301 - Waiting for webElement...next
2024-10-04 15:58:00 INFO  Keywords:305 - Element found...next
2024-10-04 15:58:16 INFO  Keywords:301 - Waiting for webElement...Trust_Relationship
2024-10-04 15:58:26 INFO  Keywords:141 - ClickOnLink is called
2024-10-04 15:58:26 INFO  Keywords:301 - Waiting for webElement...next
2024-10-04 15:58:26 INFO  Keywords:305 - Element found...next
2024-10-04 15:58:42 INFO  Keywords:141 - ClickOnLink is called
2024-10-04 15:58:42 INFO  Keywords:301 - Waiting for webElement...next
2024-10-04 15:58:42 INFO  Keywords:305 - Element found...next
2024-10-04 15:58:58 INFO  Keywords:301 - Waiting for webElement...financialDetails.SourceOfWealthLI
2024-10-04 15:59:09 INFO  Keywords:301 - Waiting for webElement...financialDetails.SourceOfFundsLI
2024-10-04 15:59:19 INFO  Keywords:301 - Waiting for webElement...financialDetails.SurrenderChargeSOFLI
2024-10-04 15:59:29 INFO  Keywords:301 - Waiting for webElement...financialDetails.envisiontaking
2024-10-04 15:59:39 INFO  Keywords:301 - Waiting for webElement...financialDetails.federalfaxbracket
2024-10-04 15:59:49 INFO  Keywords:301 - Waiting for webElement...financialDetails.riskTolerance
2024-10-04 15:59:59 INFO  Keywords:301 - Waiting for webElement...financialDetails.Investmentobjectives
2024-10-04 16:00:09 INFO  Keywords:301 - Waiting for webElement...financialDetails.timehorizon
2024-10-04 16:00:19 INFO  Keywords:301 - Waiting for webElement...financialDetails.investmentexperienceFA
2024-10-04 16:00:29 INFO  Keywords:130 - InputText is called
2024-10-04 16:00:29 INFO  Keywords:301 - Waiting for webElement...financialDetails.investmentstartyear
2024-10-04 16:00:39 INFO  Keywords:130 - InputText is called
2024-10-04 16:00:39 INFO  Keywords:301 - Waiting for webElement...financialdetails.wages
2024-10-04 16:00:49 INFO  Keywords:130 - InputText is called
2024-10-04 16:00:49 INFO  Keywords:301 - Waiting for webElement...financialdetails.livingexpenses
2024-10-04 16:01:00 INFO  Keywords:130 - InputText is called
2024-10-04 16:01:00 INFO  Keywords:301 - Waiting for webElement...financialdetails.personalinvestment
2024-10-04 16:01:10 INFO  Keywords:130 - InputText is called
2024-10-04 16:01:10 INFO  Keywords:301 - Waiting for webElement...financialdetails.fixeddebtexpenses
2024-10-04 16:01:20 INFO  Keywords:130 - InputText is called
2024-10-04 16:01:20 INFO  Keywords:301 - Waiting for webElement...financialdetails.rentalincome
2024-10-04 16:01:30 INFO  Keywords:130 - InputText is called
2024-10-04 16:01:30 INFO  Keywords:301 - Waiting for webElement...financialdetails.variabledebtexpenses
2024-10-04 16:01:40 INFO  Keywords:130 - InputText is called
2024-10-04 16:01:40 INFO  Keywords:301 - Waiting for webElement...financialdetails.incomepension
2024-10-04 16:01:50 INFO  Keywords:130 - InputText is called
2024-10-04 16:01:50 INFO  Keywords:301 - Waiting for webElement...financialdetails.discretionaryexpenses
2024-10-04 16:02:00 INFO  Keywords:130 - InputText is called
2024-10-04 16:02:00 INFO  Keywords:301 - Waiting for webElement...financialdetails.socialsecurityincome
2024-10-04 16:02:10 INFO  Keywords:130 - InputText is called
2024-10-04 16:02:10 INFO  Keywords:301 - Waiting for webElement...financialdetails.otherincome
2024-10-04 16:02:20 INFO  Keywords:130 - InputText is called
2024-10-04 16:02:20 INFO  Keywords:301 - Waiting for webElement...financialdetails.bonds
2024-10-04 16:02:30 INFO  Keywords:130 - InputText is called
2024-10-04 16:02:30 INFO  Keywords:301 - Waiting for webElement...financialdetails.businessTrustRealstate
2024-10-04 16:02:40 INFO  Keywords:130 - InputText is called
2024-10-04 16:02:40 INFO  Keywords:301 - Waiting for webElement...financialdetails.retirementplan
2024-10-04 16:02:50 INFO  Keywords:130 - InputText is called
2024-10-04 16:02:50 INFO  Keywords:301 - Waiting for webElement...financialdetails.equities
2024-10-04 16:03:00 INFO  Keywords:130 - InputText is called
2024-10-04 16:03:00 INFO  Keywords:301 - Waiting for webElement...financialdetails.facevalueilfeinsurance
2024-10-04 16:03:11 INFO  Keywords:130 - InputText is called
2024-10-04 16:03:11 INFO  Keywords:301 - Waiting for webElement...financialdetails.fixedannuity
2024-10-04 16:03:21 INFO  Keywords:130 - InputText is called
2024-10-04 16:03:21 INFO  Keywords:301 - Waiting for webElement...financialdetails.indexannuity
2024-10-04 16:03:31 INFO  Keywords:130 - InputText is called
2024-10-04 16:03:31 INFO  Keywords:301 - Waiting for webElement...financialdetails.liquidnetworth
2024-10-04 16:03:41 INFO  Keywords:130 - InputText is called
2024-10-04 16:03:41 INFO  Keywords:301 - Waiting for webElement...financialdetails.mutualfund
2024-10-04 16:03:51 INFO  Keywords:130 - InputText is called
2024-10-04 16:03:51 INFO  Keywords:301 - Waiting for webElement...financialdetails.otherbrokerage
2024-10-04 16:04:01 INFO  Keywords:130 - InputText is called
2024-10-04 16:04:01 INFO  Keywords:301 - Waiting for webElement...financialdetails.policypremium
2024-10-04 16:04:11 INFO  Keywords:130 - InputText is called
2024-10-04 16:04:11 INFO  Keywords:301 - Waiting for webElement...financialdetails.variableannuity
2024-10-04 16:04:21 INFO  Keywords:130 - InputText is called
2024-10-04 16:04:21 INFO  Keywords:301 - Waiting for webElement...financialdetails.totalpremium
2024-10-04 16:04:31 INFO  Keywords:301 - Waiting for webElement...financialdetails.anticipatedchanges
2024-10-04 16:04:41 INFO  Keywords:301 - Waiting for webElement...financialdetails.nonguaranteedelement
2024-10-04 16:04:51 INFO  Keywords:301 - Waiting for webElement...financialdetails.reversemortgage
2024-10-04 16:05:01 INFO  Keywords:141 - ClickOnLink is called
2024-10-04 16:05:01 INFO  Keywords:301 - Waiting for webElement...next
2024-10-04 16:05:01 INFO  Keywords:305 - Element found...next
2024-10-04 16:05:18 INFO  Keywords:301 - Waiting for webElement...payment.modal
2024-10-04 16:05:44 INFO  Keywords:301 - Waiting for webElement...payment.method
2024-10-04 16:05:54 INFO  Keywords:130 - InputText is called
2024-10-04 16:05:54 INFO  Keywords:301 - Waiting for webElement...payment.premium
2024-10-04 16:06:04 INFO  Keywords:141 - ClickOnLink is called
2024-10-04 16:06:04 INFO  Keywords:301 - Waiting for webElement...next
2024-10-04 16:06:04 INFO  Keywords:305 - Element found...next
2024-10-04 16:06:20 INFO  Keywords:301 - Waiting for webElement...existinginsurance.borrowingfunds
2024-10-04 16:06:30 INFO  Keywords:301 - Waiting for webElement...existinginsurance.terminatingexistinglifepolicy
2024-10-04 16:06:40 INFO  Keywords:301 - Waiting for webElement...existinginsurance.longtermcoverage
2024-10-04 16:06:50 INFO  Keywords:301 - Waiting for webElement...existanceterminating.InsuranceCompanyName
2024-10-04 16:07:00 INFO  Keywords:130 - InputText is called
2024-10-04 16:07:00 INFO  Keywords:301 - Waiting for webElement...existanceterminating.ProductName
2024-10-04 16:07:10 INFO  Keywords:130 - InputText is called
2024-10-04 16:07:10 INFO  Keywords:301 - Waiting for webElement...existanceterminating.Insured
2024-10-04 16:07:20 INFO  Keywords:130 - InputText is called
2024-10-04 16:07:20 INFO  Keywords:301 - Waiting for webElement...existanceterminating.Owner
2024-10-04 16:07:31 INFO  Keywords:130 - InputText is called
2024-10-04 16:07:31 INFO  Keywords:301 - Waiting for webElement...existanceterminating.DateIssued
2024-10-04 16:07:41 INFO  Keywords:130 - InputText is called
2024-10-04 16:07:41 INFO  Keywords:301 - Waiting for webElement...existanceterminating.AmountOfInsurance
2024-10-04 16:07:51 INFO  Keywords:301 - Waiting for webElement...existanceterminating.ExistingInsuranceType
2024-10-04 16:08:01 INFO  Keywords:301 - Waiting for webElement...existanceterminating.ProductType
2024-10-04 16:08:11 INFO  Keywords:301 - Waiting for webElement...existanceterminating.LifeProductType
2024-10-04 16:08:21 INFO  Keywords:130 - InputText is called
2024-10-04 16:08:21 INFO  Keywords:301 - Waiting for webElement...existanceterminating.PolicyNo
2024-10-04 16:08:31 INFO  Keywords:301 - Waiting for webElement...existanceterminating.PurposeOfPolicy
2024-10-04 16:08:41 INFO  Keywords:301 - Waiting for webElement...existanceterminating.FundsNewPolicy
2024-10-04 16:08:51 INFO  Keywords:301 - Waiting for webElement...existanceterminating.ReplacingNewPolicy
2024-10-04 16:09:01 INFO  Keywords:301 - Waiting for webElement...existanceterminating.ReplacementThType
2024-10-04 16:09:11 INFO  Keywords:301 - Waiting for webElement...existanceterminating.1035ThExchange
2024-10-04 16:09:21 INFO  Keywords:130 - InputText is called
2024-10-04 16:09:21 INFO  Keywords:301 - Waiting for webElement...existanceterminating.ReasonReplacement
2024-10-04 16:09:32 INFO  Keywords:130 - InputText is called
2024-10-04 16:09:32 INFO  Keywords:301 - Waiting for webElement...existanceterminating.NoOfPolicy
2024-10-04 16:09:42 INFO  Keywords:130 - InputText is called
2024-10-04 16:09:42 INFO  Keywords:301 - Waiting for webElement...existanceterminating.PremiumPayment
2024-10-04 16:09:52 INFO  Keywords:130 - InputText is called
2024-10-04 16:09:52 INFO  Keywords:301 - Waiting for webElement...existanceterminating.FrequencyPremium
2024-10-04 16:10:02 INFO  Keywords:130 - InputText is called
2024-10-04 16:10:02 INFO  Keywords:301 - Waiting for webElement...existanceterminating.AmountBeingExchanged
2024-10-04 16:10:12 INFO  Keywords:130 - InputText is called
2024-10-04 16:10:12 INFO  Keywords:301 - Waiting for webElement...existanceterminating.SurrenderCharge
2024-10-04 16:10:22 INFO  Keywords:130 - InputText is called
2024-10-04 16:10:22 INFO  Keywords:301 - Waiting for webElement...existanceterminating.DeathBenefit
2024-10-04 16:10:32 INFO  Keywords:130 - InputText is called
2024-10-04 16:10:32 INFO  Keywords:301 - Waiting for webElement...existanceterminating.SpecialFeatures
2024-10-04 16:10:42 INFO  Keywords:301 - Waiting for webElement...existinginsurance.longtermpolicyYes
2024-10-04 16:10:52 INFO  Keywords:130 - InputText is called
2024-10-04 16:10:52 INFO  Keywords:301 - Waiting for webElement...existinglongtermpolicy.InsuranceName
2024-10-04 16:11:02 INFO  Keywords:130 - InputText is called
2024-10-04 16:11:02 INFO  Keywords:301 - Waiting for webElement...existinglongtermpolicy.policyCertificateNumber
2024-10-04 16:11:12 INFO  Keywords:130 - InputText is called
2024-10-04 16:11:12 INFO  Keywords:301 - Waiting for webElement...existinglongtermpolicy.ProductName
2024-10-04 16:11:22 INFO  Keywords:301 - Waiting for webElement...existinglongtermpolicy.ProductType
2024-10-04 16:11:33 INFO  Keywords:130 - InputText is called
2024-10-04 16:11:33 INFO  Keywords:301 - Waiting for webElement...existinglongtermpolicy.Insured
2024-10-04 16:11:43 INFO  Keywords:130 - InputText is called
2024-10-04 16:11:43 INFO  Keywords:301 - Waiting for webElement...existinglongtermpolicy.Owner
2024-10-04 16:11:53 INFO  Keywords:130 - InputText is called
2024-10-04 16:11:53 INFO  Keywords:301 - Waiting for webElement...existinglongtermpolicy.DailyBenefit
2024-10-04 16:12:03 INFO  Keywords:130 - InputText is called
2024-10-04 16:12:03 INFO  Keywords:301 - Waiting for webElement...existinglongtermpolicy.AmountOfInsurance
2024-10-04 16:12:13 INFO  Keywords:130 - InputText is called
2024-10-04 16:12:13 INFO  Keywords:301 - Waiting for webElement...existinglongtermpolicy.benefitAmount
2024-10-04 16:12:23 INFO  Keywords:130 - InputText is called
2024-10-04 16:12:23 INFO  Keywords:301 - Waiting for webElement...existinglongtermpolicy.benefitPeriod
2024-10-04 16:12:33 INFO  Keywords:301 - Waiting for webElement...existinginsurance.longterminsuranceYes
2024-10-04 16:12:43 INFO  Keywords:130 - InputText is called
2024-10-04 16:12:43 INFO  Keywords:301 - Waiting for webElement...existinglongterminsurance.InsuranceCompany
2024-10-04 16:12:53 INFO  Keywords:130 - InputText is called
2024-10-04 16:12:53 INFO  Keywords:301 - Waiting for webElement...existinglongterminsurance.Certificate
2024-10-04 16:13:03 INFO  Keywords:130 - InputText is called
2024-10-04 16:13:03 INFO  Keywords:301 - Waiting for webElement...existinglongterminsurance.LTCBenefit
2024-10-04 16:13:13 INFO  Keywords:130 - InputText is called
2024-10-04 16:13:13 INFO  Keywords:301 - Waiting for webElement...existinglongterminsurance.IssueDate
2024-10-04 16:13:24 INFO  Keywords:130 - InputText is called
2024-10-04 16:13:24 INFO  Keywords:301 - Waiting for webElement...existinglongterminsurance.LapseDate
2024-10-04 16:13:34 INFO  Keywords:141 - ClickOnLink is called
2024-10-04 16:13:34 INFO  Keywords:301 - Waiting for webElement...next
2024-10-04 16:13:34 INFO  Keywords:305 - Element found...next
2024-10-04 16:13:50 INFO  Keywords:141 - ClickOnLink is called
2024-10-04 16:13:50 INFO  Keywords:301 - Waiting for webElement...next
2024-10-04 16:13:50 INFO  Keywords:305 - Element found...next
2024-10-04 16:14:06 INFO  Keywords:130 - InputText is called
2024-10-04 16:14:06 INFO  Keywords:301 - Waiting for webElement...additionalclientquestion.q1
2024-10-04 16:14:16 INFO  Keywords:130 - InputText is called
2024-10-04 16:14:16 INFO  Keywords:301 - Waiting for webElement...additionalclientquestion.q2
2024-10-04 16:14:26 INFO  Keywords:130 - InputText is called
2024-10-04 16:14:26 INFO  Keywords:301 - Waiting for webElement...additionalclientquestion.q3
2024-10-04 16:14:36 INFO  Keywords:130 - InputText is called
2024-10-04 16:14:36 INFO  Keywords:301 - Waiting for webElement...additionalclientquestion.q4
2024-10-04 16:14:46 INFO  Keywords:130 - InputText is called
2024-10-04 16:14:46 INFO  Keywords:301 - Waiting for webElement...additionalclientquestion.q5
2024-10-04 16:14:56 INFO  Keywords:141 - ClickOnLink is called
2024-10-04 16:14:56 INFO  Keywords:301 - Waiting for webElement...attachment
2024-10-04 16:14:56 INFO  Keywords:305 - Element found...attachment
2024-10-04 16:14:57 INFO  Keywords:301 - Waiting for webElement...attachment.documenttype
2024-10-04 16:15:07 INFO  Keywords:130 - InputText is called
2024-10-04 16:15:07 INFO  Keywords:301 - Waiting for webElement...attachment.choosefile
2024-10-04 16:15:17 INFO  Keywords:141 - ClickOnLink is called
2024-10-04 16:15:17 INFO  Keywords:301 - Waiting for webElement...attachment.upload
2024-10-04 16:16:57 INFO  Keywords:431 - switching to particular window...
2024-10-04 16:16:57 INFO  Keywords:506 - GetText is called
2024-10-04 16:16:57 INFO  Keywords:301 - Waiting for webElement...ebixTxnID
2024-10-04 16:16:57 INFO  Keywords:305 - Element found...ebixTxnID
2024-10-04 16:16:57 INFO  Keywords:510 - LinkId: 536582
2024-10-04 16:16:57 INFO  Keywords:554 - LinkId: 536582
2024-10-04 16:16:58 INFO  Keywords:506 - GetText is called
2024-10-04 16:16:58 INFO  Keywords:301 - Waiting for webElement...ebixTxnID
2024-10-04 16:16:58 INFO  Keywords:305 - Element found...ebixTxnID
2024-10-04 16:16:58 INFO  Keywords:510 - LinkId: 536582
2024-10-04 16:16:58 INFO  Keywords:141 - ClickOnLink is called
2024-10-04 16:16:58 INFO  Keywords:301 - Waiting for webElement...next
2024-10-04 16:16:58 INFO  Keywords:305 - Element found...next
2024-10-04 16:17:14 INFO  Keywords:301 - Waiting for webElement...AnnuitiesCompany
2024-10-04 16:17:24 INFO  Keywords:301 - Waiting for webElement...InsuranceReplace
2024-10-04 16:17:34 INFO  Keywords:301 - Waiting for webElement...Carrier.ReplacingJH
2024-10-04 16:17:44 INFO  Keywords:301 - Waiting for webElement...Carrier.InterestIssue
2024-10-04 16:17:54 INFO  Keywords:301 - Waiting for webElement...Carrier.EntityConnection
2024-10-04 16:18:04 INFO  Keywords:130 - InputText is called
2024-10-04 16:18:04 INFO  Keywords:301 - Waiting for webElement...PremiumCollected
2024-10-04 16:18:14 INFO  Keywords:301 - Waiting for webElement...ResultApplication
2024-10-04 16:18:24 INFO  Keywords:130 - InputText is called
2024-10-04 16:18:24 INFO  Keywords:301 - Waiting for webElement...ResultGiveDetails
2024-10-04 16:18:34 INFO  Keywords:301 - Waiting for webElement...PolicySettlement
2024-10-04 16:18:44 INFO  Keywords:301 - Waiting for webElement...PremiumLoans
2024-10-04 16:18:54 INFO  Keywords:301 - Waiting for webElement...EvaluatingFinancing
2024-10-04 16:19:05 INFO  Keywords:301 - Waiting for webElement...PersonallyInsured
2024-10-04 16:19:15 INFO  Keywords:301 - Waiting for webElement...PolicyProposedInsured
2024-10-04 16:19:25 INFO  Keywords:301 - Waiting for webElement...ProposedInsuredWritten
2024-10-04 16:19:35 INFO  Keywords:301 - Waiting for webElement...ConsentRelationshipTerminates
2024-10-04 16:19:45 INFO  Keywords:130 - InputText is called
2024-10-04 16:19:45 INFO  Keywords:301 - Waiting for webElement...HealthPoliciesForce
2024-10-04 16:19:55 INFO  Keywords:130 - InputText is called
2024-10-04 16:19:55 INFO  Keywords:301 - Waiting for webElement...SoldForceHP
2024-10-04 16:20:05 INFO  Keywords:130 - InputText is called
2024-10-04 16:20:05 INFO  Keywords:301 - Waiting for webElement...NameWholeSaler
