2024-10-10 12:42:07 INFO  Keywords:104 - Navigate is called
2024-10-10 12:42:10 INFO  Keywords:130 - InputText is called
2024-10-10 12:42:10 INFO  Keywords:301 - Waiting for webElement...gateway.username
2024-10-10 12:42:10 INFO  Keywords:305 - Element found...gateway.username
2024-10-10 12:42:10 INFO  Keywords:130 - InputText is called
2024-10-10 12:42:10 INFO  Keywords:301 - Waiting for webElement...gateway.password
2024-10-10 12:42:10 INFO  Keywords:305 - Element found...gateway.password
2024-10-10 12:42:10 INFO  Keywords:141 - ClickOnLink is called
2024-10-10 12:42:10 INFO  Keywords:301 - Waiting for webElement...gateway.login
2024-10-10 12:42:10 INFO  Keywords:305 - Element found...gateway.login
2024-10-10 12:42:46 INFO  Keywords:141 - ClickOnLink is called
2024-10-10 12:42:46 INFO  Keywords:301 - Waiting for webElement...postsamldata
2024-10-10 12:42:46 INFO  Keywords:305 - Element found...postsamldata
2024-10-10 12:43:03 INFO  Keywords:141 - ClickOnLink is called
2024-10-10 12:43:03 INFO  Keywords:301 - Waiting for webElement...next
2024-10-10 12:43:03 INFO  Keywords:305 - Element found...next
2024-10-10 12:43:21 INFO  Keywords:130 - InputText is called
2024-10-10 12:43:21 INFO  Keywords:301 - Waiting for webElement...policyConfiguration.insuranceamount
2024-10-10 12:43:21 INFO  Keywords:305 - Element found...policyConfiguration.insuranceamount
2024-10-10 12:43:21 INFO  Keywords:301 - Waiting for webElement...policyConfiguration.DeathBenefit
2024-10-10 12:43:21 INFO  Keywords:305 - Element found...policyConfiguration.DeathBenefit
2024-10-10 12:43:22 INFO  Keywords:301 - Waiting for webElement...policyConfiguration.LTC
2024-10-10 12:43:32 INFO  Keywords:301 - Waiting for webElement...policyConfiguration.payors
2024-10-10 12:43:32 INFO  Keywords:305 - Element found...policyConfiguration.payors
2024-10-10 12:43:32 INFO  Keywords:301 - Waiting for webElement...policyConfiguration.purposeofpolicy
2024-10-10 12:43:32 INFO  Keywords:305 - Element found...policyConfiguration.purposeofpolicy
2024-10-10 12:43:32 INFO  Keywords:141 - ClickOnLink is called
2024-10-10 12:43:32 INFO  Keywords:301 - Waiting for webElement...next
2024-10-10 12:43:32 INFO  Keywords:305 - Element found...next
2024-10-10 12:45:08 INFO  Keywords:301 - Waiting for webElement...primaryinsured.anticipatedUnderwritingclass
2024-10-10 12:45:08 INFO  Keywords:305 - Element found...primaryinsured.anticipatedUnderwritingclass
2024-10-10 12:45:08 INFO  Keywords:301 - Waiting for webElement...primaryinsured.birthcountry
2024-10-10 12:45:08 INFO  Keywords:305 - Element found...primaryinsured.birthcountry
2024-10-10 12:45:08 INFO  Keywords:301 - Waiting for webElement...primaryinsured.birthstate
2024-10-10 12:45:08 INFO  Keywords:305 - Element found...primaryinsured.birthstate
2024-10-10 12:45:08 INFO  Keywords:141 - ClickOnLink is called
2024-10-10 12:45:08 INFO  Keywords:301 - Waiting for webElement...next
2024-10-10 12:45:08 INFO  Keywords:305 - Element found...next
2024-10-10 12:45:26 INFO  Keywords:141 - ClickOnLink is called
2024-10-10 12:45:26 INFO  Keywords:301 - Waiting for webElement...next
2024-10-10 12:45:52 INFO  Keywords:301 - Waiting for webElement...EntityRelationship
2024-10-10 12:46:02 INFO  Keywords:141 - ClickOnLink is called
2024-10-10 12:46:02 INFO  Keywords:301 - Waiting for webElement...next
2024-10-10 12:46:28 INFO  Keywords:301 - Waiting for webElement...financialDetails.SourceOfFundsLI
2024-10-10 12:46:38 INFO  Keywords:301 - Waiting for webElement...financialDetails.SurrenderChargeSOFLI
2024-10-10 12:46:48 INFO  Keywords:301 - Waiting for webElement...financialDetails.envisiontaking
2024-10-10 12:46:58 INFO  Keywords:301 - Waiting for webElement...financialDetails.federalfaxbracket
2024-10-10 12:47:08 INFO  Keywords:301 - Waiting for webElement...financialDetails.riskTolerance
2024-10-10 12:47:18 INFO  Keywords:301 - Waiting for webElement...financialDetails.Investmentobjectives
2024-10-10 12:47:28 INFO  Keywords:301 - Waiting for webElement...financialDetails.timehorizon
2024-10-10 12:47:38 INFO  Keywords:301 - Waiting for webElement...financialDetails.investmentexperienceFA
2024-10-10 12:47:48 INFO  Keywords:130 - InputText is called
2024-10-10 12:47:48 INFO  Keywords:301 - Waiting for webElement...financialDetails.investmentstartyear
2024-10-10 12:47:58 INFO  Keywords:130 - InputText is called
2024-10-10 12:47:58 INFO  Keywords:301 - Waiting for webElement...financialdetails.livingexpenses
2024-10-10 12:48:08 INFO  Keywords:130 - InputText is called
2024-10-10 12:48:08 INFO  Keywords:301 - Waiting for webElement...financialdetails.fixeddebtexpenses
2024-10-10 12:48:18 INFO  Keywords:130 - InputText is called
2024-10-10 12:48:18 INFO  Keywords:301 - Waiting for webElement...financialdetails.variabledebtexpenses
2024-10-10 12:48:28 INFO  Keywords:130 - InputText is called
2024-10-10 12:48:28 INFO  Keywords:301 - Waiting for webElement...financialdetails.discretionaryexpenses
2024-10-10 12:48:39 INFO  Keywords:130 - InputText is called
2024-10-10 12:48:39 INFO  Keywords:301 - Waiting for webElement...financialdetails.Annualrincome
2024-10-10 12:48:49 INFO  Keywords:130 - InputText is called
2024-10-10 12:48:49 INFO  Keywords:301 - Waiting for webElement...financialdetails.businessTrustRealstate
2024-10-10 12:48:59 INFO  Keywords:130 - InputText is called
2024-10-10 12:48:59 INFO  Keywords:301 - Waiting for webElement...financialdetails.liquidnetworth
2024-10-10 12:49:09 INFO  Keywords:130 - InputText is called
2024-10-10 12:49:09 INFO  Keywords:301 - Waiting for webElement...financialdetails.policypremium
2024-10-10 12:49:19 INFO  Keywords:130 - InputText is called
2024-10-10 12:49:19 INFO  Keywords:301 - Waiting for webElement...financialdetails.InvestibleAssets
2024-10-10 12:49:29 INFO  Keywords:130 - InputText is called
2024-10-10 12:49:29 INFO  Keywords:301 - Waiting for webElement...financialdetails.totalpremium
2024-10-10 12:49:39 INFO  Keywords:301 - Waiting for webElement...financialdetails.anticipatedchanges
2024-10-10 12:49:49 INFO  Keywords:301 - Waiting for webElement...financialdetails.nonguaranteedelement
2024-10-10 12:49:59 INFO  Keywords:301 - Waiting for webElement...financialdetails.reversemortgage
2024-10-10 12:50:09 INFO  Keywords:141 - ClickOnLink is called
2024-10-10 12:50:09 INFO  Keywords:301 - Waiting for webElement...next
2024-10-10 12:50:19 INFO  Keywords:301 - Waiting for webElement...jointOwnerInsured
2024-10-10 12:50:29 INFO  Keywords:301 - Waiting for webElement...jointOwnerJointInsured
2024-10-10 12:50:39 INFO  Keywords:141 - ClickOnLink is called
2024-10-10 12:50:39 INFO  Keywords:301 - Waiting for webElement...next
2024-10-10 12:51:05 INFO  Keywords:301 - Waiting for webElement...payment.modal
2024-10-10 12:51:31 INFO  Keywords:301 - Waiting for webElement...payment.method
2024-10-10 12:51:41 INFO  Keywords:130 - InputText is called
2024-10-10 12:51:41 INFO  Keywords:301 - Waiting for webElement...payment.premium
2024-10-10 12:51:51 INFO  Keywords:141 - ClickOnLink is called
2024-10-10 12:51:51 INFO  Keywords:301 - Waiting for webElement...next
2024-10-10 12:52:18 INFO  Keywords:301 - Waiting for webElement...existinginsurance.borrowingfunds
2024-10-10 12:52:28 INFO  Keywords:301 - Waiting for webElement...existinginsurance.terminatingexistinglifepolicy
2024-10-10 12:52:38 INFO  Keywords:301 - Waiting for webElement...existinginsurance.longtermcoverage
2024-10-10 12:52:48 INFO  Keywords:301 - Waiting for webElement...existanceterminating.InsuranceCompanyName
2024-10-10 12:52:58 INFO  Keywords:130 - InputText is called
2024-10-10 12:52:58 INFO  Keywords:301 - Waiting for webElement...existanceterminating.ProductName
2024-10-10 12:53:08 INFO  Keywords:130 - InputText is called
2024-10-10 12:53:08 INFO  Keywords:301 - Waiting for webElement...existanceterminating.Insured
2024-10-10 12:53:18 INFO  Keywords:301 - Waiting for webElement...existanceterminating.InsuredAnnuitant
2024-10-10 12:53:28 INFO  Keywords:130 - InputText is called
2024-10-10 12:53:28 INFO  Keywords:301 - Waiting for webElement...existanceterminating.Owner
2024-10-10 12:53:38 INFO  Keywords:130 - InputText is called
2024-10-10 12:53:38 INFO  Keywords:301 - Waiting for webElement...existanceterminating.DateIssued
2024-10-10 12:53:48 INFO  Keywords:130 - InputText is called
2024-10-10 12:53:48 INFO  Keywords:301 - Waiting for webElement...existanceterminating.AmountOfInsurance
2024-10-10 12:53:58 INFO  Keywords:301 - Waiting for webElement...existanceterminating.ExistingInsuranceType
2024-10-10 12:54:08 INFO  Keywords:301 - Waiting for webElement...existanceterminating.ProductType
2024-10-10 12:54:18 INFO  Keywords:301 - Waiting for webElement...existanceterminating.LifeProductType
2024-10-10 12:54:28 INFO  Keywords:130 - InputText is called
2024-10-10 12:54:28 INFO  Keywords:301 - Waiting for webElement...existanceterminating.PolicyNo
2024-10-10 12:54:39 INFO  Keywords:301 - Waiting for webElement...existanceterminating.PurposeOfPolicy
