2024-07-30 11:28:45 INFO  Keywords:102 - Navigate is called
2024-07-30 11:28:47 INFO  Keywords:128 - InputText is called
2024-07-30 11:28:47 INFO  Keywords:299 - Waiting for webElement...gateway.username
2024-07-30 11:28:47 INFO  Keywords:303 - Element found...gateway.username
2024-07-30 11:28:47 INFO  Keywords:128 - InputText is called
2024-07-30 11:28:47 INFO  Keywords:299 - Waiting for webElement...gateway.password
2024-07-30 11:28:47 INFO  Keywords:303 - Element found...gateway.password
2024-07-30 11:28:47 INFO  Keywords:139 - ClickOnLink is called
2024-07-30 11:28:47 INFO  Keywords:299 - Waiting for webElement...gateway.login
2024-07-30 11:28:47 INFO  Keywords:303 - Element found...gateway.login
2024-07-30 11:29:24 INFO  Keywords:139 - ClickOnLink is called
2024-07-30 11:29:24 INFO  Keywords:299 - Waiting for webElement...postsamldata
2024-07-30 11:29:24 INFO  Keywords:303 - Element found...postsamldata
2024-07-30 11:29:40 INFO  Keywords:139 - ClickOnLink is called
2024-07-30 11:29:40 INFO  Keywords:299 - Waiting for webElement...next
2024-07-30 11:29:40 INFO  Keywords:303 - Element found...next
2024-07-30 11:29:59 INFO  Keywords:128 - InputText is called
2024-07-30 11:29:59 INFO  Keywords:299 - Waiting for webElement...policyConfiguration.insuranceamount
2024-07-30 11:29:59 INFO  Keywords:303 - Element found...policyConfiguration.insuranceamount
2024-07-30 11:29:59 INFO  Keywords:299 - Waiting for webElement...policyConfiguration.LTC
2024-07-30 11:30:09 INFO  Keywords:299 - Waiting for webElement...policyConfiguration.payors
2024-07-30 11:30:09 INFO  Keywords:303 - Element found...policyConfiguration.payors
2024-07-30 11:30:10 INFO  Keywords:299 - Waiting for webElement...policyConfiguration.purposeofpolicy
2024-07-30 11:30:10 INFO  Keywords:303 - Element found...policyConfiguration.purposeofpolicy
2024-07-30 11:30:10 INFO  Keywords:139 - ClickOnLink is called
2024-07-30 11:30:10 INFO  Keywords:299 - Waiting for webElement...next
2024-07-30 11:30:10 INFO  Keywords:303 - Element found...next
2024-07-30 11:31:45 INFO  Keywords:299 - Waiting for webElement...primaryinsured.birthcountry
2024-07-30 11:31:45 INFO  Keywords:303 - Element found...primaryinsured.birthcountry
2024-07-30 11:31:46 INFO  Keywords:299 - Waiting for webElement...primaryinsured.birthstate
2024-07-30 11:31:46 INFO  Keywords:303 - Element found...primaryinsured.birthstate
2024-07-30 11:31:46 INFO  Keywords:128 - InputText is called
2024-07-30 11:31:46 INFO  Keywords:299 - Waiting for webElement...primaryinsured.birthcity
2024-07-30 11:31:56 INFO  Keywords:139 - ClickOnLink is called
2024-07-30 11:31:56 INFO  Keywords:299 - Waiting for webElement...next
2024-07-30 11:31:56 INFO  Keywords:303 - Element found...next
2024-07-30 11:32:17 INFO  Keywords:139 - ClickOnLink is called
2024-07-30 11:32:17 INFO  Keywords:299 - Waiting for webElement...next
2024-07-30 11:32:17 INFO  Keywords:303 - Element found...next
2024-07-30 11:32:17 INFO  Keywords:299 - Waiting for webElement...naturalOwner.relationwithInsured
2024-07-30 11:32:27 INFO  Keywords:139 - ClickOnLink is called
2024-07-30 11:32:27 INFO  Keywords:299 - Waiting for webElement...next
2024-07-30 11:32:27 INFO  Keywords:303 - Element found...next
2024-07-30 11:32:44 INFO  Keywords:299 - Waiting for webElement...financialDetails.SourceOfFundsLI
2024-07-30 11:32:54 INFO  Keywords:299 - Waiting for webElement...financialDetails.SurrenderChargeSOFLI
2024-07-30 11:33:04 INFO  Keywords:299 - Waiting for webElement...financialDetails.envisiontaking
2024-07-30 11:33:14 INFO  Keywords:299 - Waiting for webElement...financialDetails.federalfaxbracket
2024-07-30 11:33:24 INFO  Keywords:299 - Waiting for webElement...financialDetails.riskTolerance
2024-07-30 11:33:34 INFO  Keywords:299 - Waiting for webElement...financialDetails.Investmentobjectives
2024-07-30 11:33:44 INFO  Keywords:299 - Waiting for webElement...financialDetails.timehorizon
2024-07-30 11:33:54 INFO  Keywords:299 - Waiting for webElement...financialDetails.investmentexperienceFA
2024-07-30 11:34:04 INFO  Keywords:128 - InputText is called
2024-07-30 11:34:04 INFO  Keywords:299 - Waiting for webElement...financialDetails.investmentstartyear
2024-07-30 11:34:14 INFO  Keywords:128 - InputText is called
2024-07-30 11:34:14 INFO  Keywords:299 - Waiting for webElement...financialdetails.wages
2024-07-30 11:34:24 INFO  Keywords:128 - InputText is called
2024-07-30 11:34:24 INFO  Keywords:299 - Waiting for webElement...financialdetails.livingexpenses
2024-07-30 11:34:35 INFO  Keywords:128 - InputText is called
2024-07-30 11:34:35 INFO  Keywords:299 - Waiting for webElement...financialdetails.personalinvestment
2024-07-30 11:34:45 INFO  Keywords:128 - InputText is called
2024-07-30 11:34:45 INFO  Keywords:299 - Waiting for webElement...financialdetails.fixeddebtexpenses
2024-07-30 11:34:55 INFO  Keywords:128 - InputText is called
2024-07-30 11:34:55 INFO  Keywords:299 - Waiting for webElement...financialdetails.rentalincome
2024-07-30 11:35:05 INFO  Keywords:128 - InputText is called
2024-07-30 11:35:05 INFO  Keywords:299 - Waiting for webElement...financialdetails.variabledebtexpenses
2024-07-30 11:35:15 INFO  Keywords:128 - InputText is called
2024-07-30 11:35:15 INFO  Keywords:299 - Waiting for webElement...financialdetails.incomepension
2024-07-30 11:35:25 INFO  Keywords:128 - InputText is called
2024-07-30 11:35:25 INFO  Keywords:299 - Waiting for webElement...financialdetails.discretionaryexpenses
2024-07-30 11:35:35 INFO  Keywords:128 - InputText is called
2024-07-30 11:35:35 INFO  Keywords:299 - Waiting for webElement...financialdetails.socialsecurityincome
2024-07-30 11:35:45 INFO  Keywords:128 - InputText is called
2024-07-30 11:35:45 INFO  Keywords:299 - Waiting for webElement...financialdetails.otherincome
2024-07-30 11:35:55 INFO  Keywords:128 - InputText is called
2024-07-30 11:35:55 INFO  Keywords:299 - Waiting for webElement...financialdetails.bonds
2024-07-30 11:36:05 INFO  Keywords:128 - InputText is called
2024-07-30 11:36:05 INFO  Keywords:299 - Waiting for webElement...financialdetails.businessTrustRealstate
2024-07-30 11:36:15 INFO  Keywords:128 - InputText is called
2024-07-30 11:36:15 INFO  Keywords:299 - Waiting for webElement...financialdetails.retirementplan
2024-07-30 11:36:26 INFO  Keywords:128 - InputText is called
2024-07-30 11:36:26 INFO  Keywords:299 - Waiting for webElement...financialdetails.equities
2024-07-30 11:36:36 INFO  Keywords:128 - InputText is called
2024-07-30 11:36:36 INFO  Keywords:299 - Waiting for webElement...financialdetails.facevalueilfeinsurance
2024-07-30 11:36:50 INFO  Keywords:128 - InputText is called
2024-07-30 11:36:50 INFO  Keywords:299 - Waiting for webElement...financialdetails.fixedannuity
2024-07-30 11:37:00 INFO  Keywords:128 - InputText is called
2024-07-30 11:37:00 INFO  Keywords:299 - Waiting for webElement...financialdetails.indexannuity
2024-07-30 11:37:10 INFO  Keywords:128 - InputText is called
2024-07-30 11:37:10 INFO  Keywords:299 - Waiting for webElement...financialdetails.liquidnetworth
2024-07-30 11:37:20 INFO  Keywords:128 - InputText is called
2024-07-30 11:37:20 INFO  Keywords:299 - Waiting for webElement...financialdetails.mutualfund
2024-07-30 11:37:30 INFO  Keywords:128 - InputText is called
2024-07-30 11:37:30 INFO  Keywords:299 - Waiting for webElement...financialdetails.otherbrokerage
2024-07-30 11:37:40 INFO  Keywords:128 - InputText is called
2024-07-30 11:37:40 INFO  Keywords:299 - Waiting for webElement...financialdetails.policypremium
2024-07-30 11:37:50 INFO  Keywords:128 - InputText is called
2024-07-30 11:37:50 INFO  Keywords:299 - Waiting for webElement...financialdetails.variableannuity
2024-07-30 11:38:00 INFO  Keywords:128 - InputText is called
2024-07-30 11:38:00 INFO  Keywords:299 - Waiting for webElement...financialdetails.totalpremium
2024-07-30 11:38:10 INFO  Keywords:299 - Waiting for webElement...financialdetails.anticipatedchanges
2024-07-30 11:38:21 INFO  Keywords:299 - Waiting for webElement...financialdetails.nonguaranteedelement
2024-07-30 11:38:31 INFO  Keywords:299 - Waiting for webElement...financialdetails.reversemortgage
2024-07-30 11:38:41 INFO  Keywords:139 - ClickOnLink is called
2024-07-30 11:38:41 INFO  Keywords:299 - Waiting for webElement...next
2024-07-30 11:38:41 INFO  Keywords:303 - Element found...next
2024-07-30 11:39:02 INFO  Keywords:299 - Waiting for webElement...payment.modal
2024-07-30 11:39:28 INFO  Keywords:299 - Waiting for webElement...payment.method
2024-07-30 11:39:38 INFO  Keywords:128 - InputText is called
2024-07-30 11:39:38 INFO  Keywords:299 - Waiting for webElement...payment.premium
2024-07-30 11:39:51 INFO  Keywords:139 - ClickOnLink is called
2024-07-30 11:39:51 INFO  Keywords:299 - Waiting for webElement...next
2024-07-30 11:39:51 INFO  Keywords:303 - Element found...next
2024-07-30 11:40:13 INFO  Keywords:299 - Waiting for webElement...existinginsurance.borrowingfunds
2024-07-30 11:40:23 INFO  Keywords:299 - Waiting for webElement...existinginsurance.terminatingexistinglifepolicy
2024-07-30 11:40:33 INFO  Keywords:299 - Waiting for webElement...existinginsurance.longtermcoverage
2024-07-30 11:40:43 INFO  Keywords:299 - Waiting for webElement...existanceterminating.InsuranceCompanyName
2024-07-30 11:40:53 INFO  Keywords:128 - InputText is called
2024-07-30 11:40:53 INFO  Keywords:299 - Waiting for webElement...existanceterminating.ProductName
2024-07-30 11:41:03 INFO  Keywords:128 - InputText is called
2024-07-30 11:41:03 INFO  Keywords:299 - Waiting for webElement...existanceterminating.Insured
2024-07-30 11:41:13 INFO  Keywords:128 - InputText is called
2024-07-30 11:41:13 INFO  Keywords:299 - Waiting for webElement...existanceterminating.Owner
2024-07-30 11:41:23 INFO  Keywords:128 - InputText is called
2024-07-30 11:41:23 INFO  Keywords:299 - Waiting for webElement...existanceterminating.DateIssued
2024-07-30 11:41:33 INFO  Keywords:128 - InputText is called
2024-07-30 11:41:33 INFO  Keywords:299 - Waiting for webElement...existanceterminating.AmountOfInsurance
2024-07-30 11:41:44 INFO  Keywords:299 - Waiting for webElement...existanceterminating.ExistingInsuranceType
2024-07-30 11:41:54 INFO  Keywords:299 - Waiting for webElement...existanceterminating.ProductType
2024-07-30 11:42:04 INFO  Keywords:299 - Waiting for webElement...existanceterminating.LifeProductType
2024-07-30 11:42:14 INFO  Keywords:128 - InputText is called
2024-07-30 11:42:14 INFO  Keywords:299 - Waiting for webElement...existanceterminating.PolicyNo
2024-07-30 11:42:24 INFO  Keywords:299 - Waiting for webElement...existanceterminating.PurposeOfPolicy
2024-07-30 11:42:34 INFO  Keywords:299 - Waiting for webElement...existanceterminating.FundsNewPolicy
2024-07-30 11:42:44 INFO  Keywords:299 - Waiting for webElement...existanceterminating.ReplacingNewPolicy
2024-07-30 11:42:54 INFO  Keywords:299 - Waiting for webElement...existanceterminating.ReplacementThType
2024-07-30 11:43:04 INFO  Keywords:299 - Waiting for webElement...existance.suvivorship
2024-07-30 11:43:14 INFO  Keywords:299 - Waiting for webElement...existnace.soldSettled
2024-07-30 11:43:24 INFO  Keywords:299 - Waiting for webElement...existanceterminating.1035ThExchange
2024-07-30 11:43:34 INFO  Keywords:128 - InputText is called
2024-07-30 11:43:34 INFO  Keywords:299 - Waiting for webElement...existanceterminating.ReasonReplacement
2024-07-30 11:43:45 INFO  Keywords:128 - InputText is called
2024-07-30 11:43:45 INFO  Keywords:299 - Waiting for webElement...existanceterminating.NoOfPolicy
2024-07-30 11:43:55 INFO  Keywords:128 - InputText is called
2024-07-30 11:43:55 INFO  Keywords:299 - Waiting for webElement...existanceterminating.PremiumPayment
2024-07-30 11:44:05 INFO  Keywords:128 - InputText is called
2024-07-30 11:44:05 INFO  Keywords:299 - Waiting for webElement...existanceterminating.FrequencyPremium
2024-07-30 11:44:15 INFO  Keywords:128 - InputText is called
2024-07-30 11:44:15 INFO  Keywords:299 - Waiting for webElement...existanceterminating.AmountBeingExchanged
2024-07-30 11:44:25 INFO  Keywords:128 - InputText is called
2024-07-30 11:44:25 INFO  Keywords:299 - Waiting for webElement...existanceterminating.SurrenderCharge
2024-07-30 11:44:35 INFO  Keywords:128 - InputText is called
2024-07-30 11:44:35 INFO  Keywords:299 - Waiting for webElement...existanceterminating.DeathBenefit
2024-07-30 11:44:45 INFO  Keywords:128 - InputText is called
2024-07-30 11:44:45 INFO  Keywords:299 - Waiting for webElement...existanceterminating.SpecialFeatures
2024-07-30 11:44:55 INFO  Keywords:299 - Waiting for webElement...existinginsurance.longtermpolicyYes
2024-07-30 11:45:05 INFO  Keywords:128 - InputText is called
2024-07-30 11:45:05 INFO  Keywords:299 - Waiting for webElement...existinglongtermpolicy.InsuranceName
2024-07-30 11:45:15 INFO  Keywords:128 - InputText is called
2024-07-30 11:45:15 INFO  Keywords:299 - Waiting for webElement...existinglongtermpolicy.policyCertificateNumber
2024-07-30 11:45:25 INFO  Keywords:128 - InputText is called
2024-07-30 11:45:25 INFO  Keywords:299 - Waiting for webElement...existinglongtermpolicy.ProductName
2024-07-30 11:45:35 INFO  Keywords:299 - Waiting for webElement...existinglongtermpolicy.ProductType
2024-07-30 11:45:46 INFO  Keywords:128 - InputText is called
2024-07-30 11:45:46 INFO  Keywords:299 - Waiting for webElement...existinglongtermpolicy.Insured
2024-07-30 11:45:56 INFO  Keywords:128 - InputText is called
2024-07-30 11:45:56 INFO  Keywords:299 - Waiting for webElement...existinglongtermpolicy.Owner
2024-07-30 11:46:06 INFO  Keywords:128 - InputText is called
2024-07-30 11:46:06 INFO  Keywords:299 - Waiting for webElement...existinglongtermpolicy.DailyBenefit
2024-07-30 11:46:16 INFO  Keywords:128 - InputText is called
2024-07-30 11:46:16 INFO  Keywords:299 - Waiting for webElement...existinglongtermpolicy.AmountOfInsurance
2024-07-30 11:46:26 INFO  Keywords:128 - InputText is called
2024-07-30 11:46:26 INFO  Keywords:299 - Waiting for webElement...existinglongtermpolicy.benefitAmount
2024-07-30 11:46:36 INFO  Keywords:128 - InputText is called
2024-07-30 11:46:36 INFO  Keywords:299 - Waiting for webElement...existinglongtermpolicy.benefitPeriod
2024-07-30 11:46:46 INFO  Keywords:299 - Waiting for webElement...existinginsurance.longterminsuranceYes
2024-07-30 11:46:56 INFO  Keywords:128 - InputText is called
2024-07-30 11:46:56 INFO  Keywords:299 - Waiting for webElement...existinglongterminsurance.InsuranceCompany
2024-07-30 11:47:06 INFO  Keywords:128 - InputText is called
2024-07-30 11:47:06 INFO  Keywords:299 - Waiting for webElement...existinglongterminsurance.Certificate
2024-07-30 11:47:16 INFO  Keywords:128 - InputText is called
2024-07-30 11:47:16 INFO  Keywords:299 - Waiting for webElement...existinglongterminsurance.LTCBenefit
2024-07-30 11:47:26 INFO  Keywords:128 - InputText is called
2024-07-30 11:47:26 INFO  Keywords:299 - Waiting for webElement...existinglongterminsurance.IssueDate
2024-07-30 11:47:36 INFO  Keywords:299 - Waiting for webElement...existinglongterminsurance.LapseDate
2024-07-30 11:47:46 INFO  Keywords:139 - ClickOnLink is called
2024-07-30 11:47:46 INFO  Keywords:299 - Waiting for webElement...next
2024-07-30 11:47:46 INFO  Keywords:303 - Element found...next
2024-07-30 11:48:07 INFO  Keywords:139 - ClickOnLink is called
2024-07-30 11:48:07 INFO  Keywords:299 - Waiting for webElement...next
2024-07-30 11:48:07 INFO  Keywords:303 - Element found...next
2024-07-30 11:48:26 INFO  Keywords:128 - InputText is called
2024-07-30 11:48:26 INFO  Keywords:299 - Waiting for webElement...additionalclientquestion.q1
2024-07-30 11:48:36 INFO  Keywords:128 - InputText is called
2024-07-30 11:48:37 INFO  Keywords:299 - Waiting for webElement...additionalclientquestion.q2
2024-07-30 11:48:47 INFO  Keywords:128 - InputText is called
2024-07-30 11:48:47 INFO  Keywords:299 - Waiting for webElement...additionalclientquestion.q3
2024-07-30 11:48:57 INFO  Keywords:128 - InputText is called
2024-07-30 11:48:57 INFO  Keywords:299 - Waiting for webElement...additionalclientquestion.q4
2024-07-30 11:49:07 INFO  Keywords:128 - InputText is called
2024-07-30 11:49:07 INFO  Keywords:299 - Waiting for webElement...additionalclientquestion.q5
2024-07-30 11:49:17 INFO  Keywords:128 - InputText is called
2024-07-30 11:49:17 INFO  Keywords:299 - Waiting for webElement...additionalclientquestion.q6
2024-07-30 11:49:27 INFO  Keywords:502 - GetText is called
2024-07-30 11:49:27 INFO  Keywords:299 - Waiting for webElement...ebixTxnID
2024-07-30 11:49:27 INFO  Keywords:303 - Element found...ebixTxnID
2024-07-30 11:49:27 INFO  Keywords:506 - LinkId: 533813
2024-07-30 11:49:27 INFO  Keywords:550 - LinkId: 533813
2024-07-30 11:49:27 INFO  Keywords:502 - GetText is called
2024-07-30 11:49:27 INFO  Keywords:299 - Waiting for webElement...ebixTxnID
2024-07-30 11:49:27 INFO  Keywords:303 - Element found...ebixTxnID
2024-07-30 11:49:27 INFO  Keywords:506 - LinkId: 533813
2024-07-30 11:49:27 INFO  Keywords:139 - ClickOnLink is called
2024-07-30 11:49:27 INFO  Keywords:299 - Waiting for webElement...next
2024-07-30 11:49:27 INFO  Keywords:303 - Element found...next
2024-07-30 11:49:47 INFO  Keywords:139 - ClickOnLink is called
2024-07-30 11:49:47 INFO  Keywords:299 - Waiting for webElement...BGAPopUp
2024-07-30 11:50:13 INFO  Keywords:139 - ClickOnLink is called
2024-07-30 11:50:13 INFO  Keywords:299 - Waiting for webElement...AssignButton
2024-07-30 11:50:13 INFO  Keywords:303 - Element found...AssignButton
2024-07-30 11:50:29 INFO  Keywords:139 - ClickOnLink is called
2024-07-30 11:50:29 INFO  Keywords:299 - Waiting for webElement...BGA2PopUp
2024-07-30 11:50:55 INFO  Keywords:139 - ClickOnLink is called
2024-07-30 11:50:55 INFO  Keywords:299 - Waiting for webElement...next
2024-07-30 11:50:55 INFO  Keywords:303 - Element found...next
2024-07-30 11:50:58 INFO  Keywords:299 - Waiting for webElement...AnnuitiesCompany
2024-07-30 11:51:08 INFO  Keywords:299 - Waiting for webElement...InsuranceReplace
2024-07-30 11:51:18 INFO  Keywords:128 - InputText is called
2024-07-30 11:51:18 INFO  Keywords:299 - Waiting for webElement...PremiumCollected
2024-07-30 11:51:28 INFO  Keywords:299 - Waiting for webElement...ResultApplication
2024-07-30 11:51:38 INFO  Keywords:128 - InputText is called
2024-07-30 11:51:38 INFO  Keywords:299 - Waiting for webElement...ResultGiveDetails
2024-07-30 11:51:48 INFO  Keywords:299 - Waiting for webElement...PolicySettlement
2024-07-30 11:51:58 INFO  Keywords:299 - Waiting for webElement...PremiumLoans
2024-07-30 11:52:08 INFO  Keywords:299 - Waiting for webElement...EvaluatingFinancing
2024-07-30 11:52:19 INFO  Keywords:299 - Waiting for webElement...PersonallyInsured
2024-07-30 11:52:29 INFO  Keywords:299 - Waiting for webElement...PolicyProposedInsured
2024-07-30 11:52:39 INFO  Keywords:299 - Waiting for webElement...ProposedInsuredWritten
2024-07-30 11:52:49 INFO  Keywords:299 - Waiting for webElement...ConsentRelationshipTerminates
2024-07-30 11:52:59 INFO  Keywords:128 - InputText is called
2024-07-30 11:52:59 INFO  Keywords:299 - Waiting for webElement...HealthPoliciesForce
2024-07-30 11:53:09 INFO  Keywords:128 - InputText is called
2024-07-30 11:53:09 INFO  Keywords:299 - Waiting for webElement...SoldForceHP
2024-07-30 11:53:19 INFO  Keywords:128 - InputText is called
2024-07-30 11:53:19 INFO  Keywords:299 - Waiting for webElement...NameWholeSaler
2024-07-30 11:53:29 INFO  Keywords:128 - InputText is called
2024-07-30 11:53:29 INFO  Keywords:299 - Waiting for webElement...ExistingReplacedCarier
2024-07-30 11:53:39 INFO  Keywords:139 - ClickOnLink is called
2024-07-30 11:53:39 INFO  Keywords:299 - Waiting for webElement...next
2024-07-30 11:53:39 INFO  Keywords:303 - Element found...next
2024-07-30 11:53:44 INFO  Keywords:128 - InputText is called
2024-07-30 11:53:44 INFO  Keywords:299 - Waiting for webElement...NBNameF
2024-07-30 11:53:54 INFO  Keywords:128 - InputText is called
2024-07-30 11:53:54 INFO  Keywords:299 - Waiting for webElement...NBNameL
2024-07-30 11:54:04 INFO  Keywords:128 - InputText is called
2024-07-30 11:54:04 INFO  Keywords:299 - Waiting for webElement...NBPhoneW
2024-07-30 11:54:14 INFO  Keywords:128 - InputText is called
2024-07-30 11:54:14 INFO  Keywords:299 - Waiting for webElement...NBEMail
2024-07-30 11:54:24 INFO  Keywords:299 - Waiting for webElement...POSYES
2024-07-30 11:54:34 INFO  Keywords:128 - InputText is called
2024-07-30 11:54:34 INFO  Keywords:299 - Waiting for webElement...POSNAmeF
2024-07-30 11:54:44 INFO  Keywords:128 - InputText is called
2024-07-30 11:54:44 INFO  Keywords:299 - Waiting for webElement...POSNAmeL
2024-07-30 11:54:54 INFO  Keywords:128 - InputText is called
2024-07-30 11:54:54 INFO  Keywords:299 - Waiting for webElement...POSWork
2024-07-30 11:55:04 INFO  Keywords:128 - InputText is called
2024-07-30 11:55:04 INFO  Keywords:299 - Waiting for webElement...POSEmail
2024-07-30 11:55:30 INFO  Keywords:139 - ClickOnLink is called
2024-07-30 11:55:30 INFO  Keywords:299 - Waiting for webElement...validate.button
2024-07-30 11:56:13 INFO  Keywords:139 - ClickOnLink is called
2024-07-30 11:56:13 INFO  Keywords:299 - Waiting for webElement...notification.continue
2024-07-30 11:56:39 INFO  Keywords:139 - ClickOnLink is called
2024-07-30 11:56:39 INFO  Keywords:299 - Waiting for webElement...esignature.optout
2024-07-30 11:58:19 INFO  Keywords:151 - VerifyText is called
2024-07-30 11:58:19 INFO  Keywords:299 - Waiting for webElement...WebElement
2024-07-30 11:58:19 INFO  Keywords:139 - ClickOnLink is called
2024-07-30 11:58:19 INFO  Keywords:299 - Waiting for webElement...attachment
2024-07-30 11:58:19 INFO  Keywords:303 - Element found...attachment
2024-07-30 11:58:20 INFO  Keywords:299 - Waiting for webElement...attachment.documenttype
2024-07-30 11:58:21 INFO  Keywords:303 - Element found...attachment.documenttype
2024-07-30 11:58:21 INFO  Keywords:128 - InputText is called
2024-07-30 11:58:21 INFO  Keywords:299 - Waiting for webElement...attachment.choosefile
2024-07-30 11:58:21 INFO  Keywords:303 - Element found...attachment.choosefile
2024-07-30 11:58:21 INFO  Keywords:139 - ClickOnLink is called
2024-07-30 11:58:21 INFO  Keywords:299 - Waiting for webElement...attachment.upload
2024-07-30 11:58:21 INFO  Keywords:303 - Element found...attachment.upload
2024-07-30 11:58:39 INFO  Keywords:139 - ClickOnLink is called
2024-07-30 11:58:39 INFO  Keywords:299 - Waiting for webElement...RequestSignatures
2024-07-30 11:59:06 INFO  Keywords:299 - Waiting for webElement...attachment.documenttype
2024-07-30 11:59:06 INFO  Keywords:303 - Element found...attachment.documenttype
2024-07-30 11:59:06 INFO  Keywords:128 - InputText is called
2024-07-30 11:59:06 INFO  Keywords:299 - Waiting for webElement...attachment.choosefile
2024-07-30 11:59:06 INFO  Keywords:303 - Element found...attachment.choosefile
2024-07-30 11:59:06 INFO  Keywords:139 - ClickOnLink is called
2024-07-30 11:59:06 INFO  Keywords:299 - Waiting for webElement...attachment.upload
2024-07-30 11:59:06 INFO  Keywords:303 - Element found...attachment.upload
2024-07-30 11:59:24 INFO  Keywords:139 - ClickOnLink is called
2024-07-30 11:59:24 INFO  Keywords:299 - Waiting for webElement...SubmitButton
2024-07-30 12:01:04 INFO  Keywords:448 - switching to parent window...
2024-07-30 12:01:04 INFO  Keywords:102 - Navigate is called
2024-07-30 12:01:04 INFO  Keywords:516 - ClearText is called
2024-07-30 12:01:04 INFO  Keywords:299 - Waiting for webElement...gateway.username
2024-07-30 12:01:04 INFO  Keywords:303 - Element found...gateway.username
2024-07-30 12:01:04 INFO  Keywords:520 - LinkId: 533813
2024-07-30 12:01:04 INFO  Keywords:128 - InputText is called
2024-07-30 12:01:04 INFO  Keywords:299 - Waiting for webElement...gateway.username
2024-07-30 12:01:04 INFO  Keywords:303 - Element found...gateway.username
2024-07-30 12:01:04 INFO  Keywords:516 - ClearText is called
2024-07-30 12:01:04 INFO  Keywords:299 - Waiting for webElement...gateway.password
2024-07-30 12:01:04 INFO  Keywords:303 - Element found...gateway.password
2024-07-30 12:01:04 INFO  Keywords:520 - LinkId: 533813
2024-07-30 12:01:04 INFO  Keywords:128 - InputText is called
2024-07-30 12:01:04 INFO  Keywords:299 - Waiting for webElement...gateway.password
2024-07-30 12:01:04 INFO  Keywords:303 - Element found...gateway.password
2024-07-30 12:01:04 INFO  Keywords:139 - ClickOnLink is called
2024-07-30 12:01:04 INFO  Keywords:299 - Waiting for webElement...gateway.login
2024-07-30 12:01:04 INFO  Keywords:303 - Element found...gateway.login
2024-07-30 12:01:22 INFO  Keywords:139 - ClickOnLink is called
2024-07-30 12:01:22 INFO  Keywords:299 - Waiting for webElement...management
2024-07-30 12:01:22 INFO  Keywords:303 - Element found...management
2024-07-30 12:01:22 INFO  Keywords:299 - Waiting for webElement...managementTools
2024-07-30 12:01:22 INFO  Keywords:303 - Element found...managementTools
2024-07-30 12:01:23 INFO  Keywords:139 - ClickOnLink is called
2024-07-30 12:01:23 INFO  Keywords:299 - Waiting for webElement...feedManagement
2024-07-30 12:01:23 INFO  Keywords:303 - Element found...feedManagement
2024-07-30 12:01:39 INFO  Keywords:139 - ClickOnLink is called
2024-07-30 12:01:39 INFO  Keywords:299 - Waiting for webElement...searchPanel
2024-07-30 12:01:39 INFO  Keywords:303 - Element found...searchPanel
2024-07-30 12:01:40 INFO  Keywords:299 - Waiting for webElement...selectTransactionID
2024-07-30 12:01:40 INFO  Keywords:303 - Element found...selectTransactionID
2024-07-30 12:01:40 INFO  Keywords:128 - InputText is called
2024-07-30 12:01:40 INFO  Keywords:299 - Waiting for webElement...enterTransactioID
2024-07-30 12:01:40 INFO  Keywords:303 - Element found...enterTransactioID
2024-07-30 12:01:40 INFO  Keywords:139 - ClickOnLink is called
2024-07-30 12:01:40 INFO  Keywords:299 - Waiting for webElement...searchbutton
2024-07-30 12:01:40 INFO  Keywords:303 - Element found...searchbutton
2024-07-30 12:01:56 INFO  Keywords:139 - ClickOnLink is called
2024-07-30 12:01:56 INFO  Keywords:299 - Waiting for webElement...transactionSearchmyResult
2024-07-30 12:01:56 INFO  Keywords:303 - Element found...transactionSearchmyResult
2024-07-30 12:02:12 INFO  Keywords:139 - ClickOnLink is called
2024-07-30 12:02:12 INFO  Keywords:299 - Waiting for webElement...onenotThree
2024-07-30 12:02:12 INFO  Keywords:303 - Element found...onenotThree
2024-07-30 12:02:13 INFO  Keywords:299 - Waiting for webElement...103ResponseXML
2024-07-30 12:02:55 INFO  Keywords:448 - switching to parent window...
2024-07-30 12:02:55 INFO  Keywords:102 - Navigate is called
2024-07-30 12:02:55 INFO  Keywords:516 - ClearText is called
2024-07-30 12:02:55 INFO  Keywords:299 - Waiting for webElement...gateway.username
2024-07-30 12:02:55 INFO  Keywords:303 - Element found...gateway.username
2024-07-30 12:02:55 INFO  Keywords:520 - LinkId: 533813
2024-07-30 12:02:55 INFO  Keywords:128 - InputText is called
2024-07-30 12:02:55 INFO  Keywords:299 - Waiting for webElement...gateway.username
2024-07-30 12:02:55 INFO  Keywords:303 - Element found...gateway.username
2024-07-30 12:02:55 INFO  Keywords:516 - ClearText is called
2024-07-30 12:02:55 INFO  Keywords:299 - Waiting for webElement...gateway.password
2024-07-30 12:02:55 INFO  Keywords:303 - Element found...gateway.password
2024-07-30 12:02:55 INFO  Keywords:520 - LinkId: 533813
2024-07-30 12:02:55 INFO  Keywords:128 - InputText is called
2024-07-30 12:02:55 INFO  Keywords:299 - Waiting for webElement...gateway.password
2024-07-30 12:02:55 INFO  Keywords:303 - Element found...gateway.password
2024-07-30 12:02:55 INFO  Keywords:139 - ClickOnLink is called
2024-07-30 12:02:55 INFO  Keywords:299 - Waiting for webElement...gateway.login
2024-07-30 12:02:55 INFO  Keywords:303 - Element found...gateway.login
2024-07-30 12:03:12 INFO  Keywords:139 - ClickOnLink is called
2024-07-30 12:03:12 INFO  Keywords:299 - Waiting for webElement...management
2024-07-30 12:03:12 INFO  Keywords:303 - Element found...management
2024-07-30 12:03:13 INFO  Keywords:299 - Waiting for webElement...managementTools
2024-07-30 12:03:13 INFO  Keywords:303 - Element found...managementTools
2024-07-30 12:03:14 INFO  Keywords:139 - ClickOnLink is called
2024-07-30 12:03:14 INFO  Keywords:299 - Waiting for webElement...feedManagement
2024-07-30 12:03:14 INFO  Keywords:303 - Element found...feedManagement
2024-07-30 12:03:30 INFO  Keywords:139 - ClickOnLink is called
2024-07-30 12:03:30 INFO  Keywords:299 - Waiting for webElement...searchPanel
2024-07-30 12:03:30 INFO  Keywords:303 - Element found...searchPanel
2024-07-30 12:03:30 INFO  Keywords:299 - Waiting for webElement...selectTransactionID
2024-07-30 12:03:30 INFO  Keywords:303 - Element found...selectTransactionID
2024-07-30 12:03:31 INFO  Keywords:128 - InputText is called
2024-07-30 12:03:31 INFO  Keywords:299 - Waiting for webElement...enterTransactioID
2024-07-30 12:03:31 INFO  Keywords:303 - Element found...enterTransactioID
2024-07-30 12:03:31 INFO  Keywords:139 - ClickOnLink is called
2024-07-30 12:03:31 INFO  Keywords:299 - Waiting for webElement...searchbutton
2024-07-30 12:03:31 INFO  Keywords:303 - Element found...searchbutton
2024-07-30 12:03:47 INFO  Keywords:139 - ClickOnLink is called
2024-07-30 12:03:47 INFO  Keywords:299 - Waiting for webElement...transactionSearchmyResult
2024-07-30 12:03:47 INFO  Keywords:303 - Element found...transactionSearchmyResult
2024-07-30 12:04:03 INFO  Keywords:139 - ClickOnLink is called
2024-07-30 12:04:03 INFO  Keywords:299 - Waiting for webElement...RTSMButton
2024-07-30 12:04:03 INFO  Keywords:303 - Element found...RTSMButton
2024-07-30 12:04:03 INFO  Keywords:299 - Waiting for webElement...RTSMResponseXML
