2024-02-14 15:11:04 INFO  Keywords:94 - Navigate is called
2024-02-14 15:11:08 INFO  Keywords:122 - InputText is called
2024-02-14 15:11:08 INFO  Keywords:288 - Waiting for webElement...gateway.username
2024-02-14 15:11:09 INFO  Keywords:291 - Element found...gateway.username
2024-02-14 15:11:09 INFO  Keywords:122 - InputText is called
2024-02-14 15:11:09 INFO  Keywords:288 - Waiting for webElement...gateway.password
2024-02-14 15:11:09 INFO  Keywords:291 - Element found...gateway.password
2024-02-14 15:11:09 INFO  Keywords:135 - ClickOnLink is called
2024-02-14 15:11:09 INFO  Keywords:288 - Waiting for webElement...gateway.login
2024-02-14 15:11:09 INFO  Keywords:291 - Element found...gateway.login
2024-02-14 15:11:49 INFO  Keywords:135 - ClickOnLink is called
2024-02-14 15:11:49 INFO  Keywords:288 - Waiting for webElement...postsamldata
2024-02-14 15:11:49 INFO  Keywords:291 - Element found...postsamldata
2024-02-14 15:12:05 INFO  Keywords:135 - ClickOnLink is called
2024-02-14 15:12:05 INFO  Keywords:288 - Waiting for webElement...next
2024-02-14 15:12:05 INFO  Keywords:291 - Element found...next
2024-02-14 15:12:28 INFO  Keywords:288 - Waiting for webElement...policyConfiguration.DeathBenefit
2024-02-14 15:12:28 INFO  Keywords:291 - Element found...policyConfiguration.DeathBenefit
2024-02-14 15:12:28 INFO  Keywords:288 - Waiting for webElement...policyConfiguration.LTCOption
2024-02-14 15:12:28 INFO  Keywords:291 - Element found...policyConfiguration.LTCOption
2024-02-14 15:12:28 INFO  Keywords:288 - Waiting for webElement...policyConfiguration.MonthPercentage
2024-02-14 15:12:29 INFO  Keywords:291 - Element found...policyConfiguration.MonthPercentage
2024-02-14 15:12:29 INFO  Keywords:122 - InputText is called
2024-02-14 15:12:29 INFO  Keywords:288 - Waiting for webElement...policyConfiguration.ABPercentage
2024-02-14 15:12:29 INFO  Keywords:291 - Element found...policyConfiguration.ABPercentage
2024-02-14 15:12:29 INFO  Keywords:288 - Waiting for webElement...policyConfiguration.payors
2024-02-14 15:12:29 INFO  Keywords:291 - Element found...policyConfiguration.payors
2024-02-14 15:12:29 INFO  Keywords:288 - Waiting for webElement...policyConfiguration.purposeofpolicy
2024-02-14 15:12:29 INFO  Keywords:291 - Element found...policyConfiguration.purposeofpolicy
2024-02-14 15:12:30 INFO  Keywords:135 - ClickOnLink is called
2024-02-14 15:12:30 INFO  Keywords:288 - Waiting for webElement...next
2024-02-14 15:14:50 INFO  Keywords:288 - Waiting for webElement...primaryinsured.birthcountry
2024-02-14 15:15:00 INFO  Keywords:288 - Waiting for webElement...primaryinsured.birthstate
2024-02-14 15:15:10 INFO  Keywords:122 - InputText is called
2024-02-14 15:15:10 INFO  Keywords:288 - Waiting for webElement...primaryinsured.birthcity
2024-02-14 15:15:20 INFO  Keywords:135 - ClickOnLink is called
2024-02-14 15:15:20 INFO  Keywords:288 - Waiting for webElement...next
2024-02-14 15:15:38 INFO  Keywords:135 - ClickOnLink is called
2024-02-14 15:15:38 INFO  Keywords:288 - Waiting for webElement...next
2024-02-14 15:16:45 INFO  Keywords:288 - Waiting for webElement...financialDetails.SourceOfFundsLI
2024-02-14 15:16:59 INFO  Keywords:288 - Waiting for webElement...financialDetails.SurrenderChargeSOFLI
2024-02-14 15:17:09 INFO  Keywords:288 - Waiting for webElement...financialDetails.envisiontaking
2024-02-14 15:17:18 INFO  Keywords:291 - Element found...financialDetails.envisiontaking
2024-02-14 15:17:18 INFO  Keywords:288 - Waiting for webElement...financialDetails.federalfaxbracket
2024-02-14 15:17:18 INFO  Keywords:291 - Element found...financialDetails.federalfaxbracket
2024-02-14 15:17:18 INFO  Keywords:288 - Waiting for webElement...financialDetails.riskTolerance
2024-02-14 15:17:18 INFO  Keywords:291 - Element found...financialDetails.riskTolerance
2024-02-14 15:17:19 INFO  Keywords:288 - Waiting for webElement...financialDetails.Investmentobjectives
2024-02-14 15:17:19 INFO  Keywords:291 - Element found...financialDetails.Investmentobjectives
2024-02-14 15:17:19 INFO  Keywords:288 - Waiting for webElement...financialDetails.timehorizon
2024-02-14 15:17:19 INFO  Keywords:291 - Element found...financialDetails.timehorizon
2024-02-14 15:17:19 INFO  Keywords:288 - Waiting for webElement...financialDetails.investmentexperienceFA
2024-02-14 15:17:19 INFO  Keywords:291 - Element found...financialDetails.investmentexperienceFA
2024-02-14 15:17:19 INFO  Keywords:122 - InputText is called
2024-02-14 15:17:19 INFO  Keywords:288 - Waiting for webElement...financialDetails.investmentstartyear
2024-02-14 15:18:09 INFO  Keywords:122 - InputText is called
2024-02-14 15:18:09 INFO  Keywords:288 - Waiting for webElement...financialdetails.wages
2024-02-14 15:18:09 INFO  Keywords:291 - Element found...financialdetails.wages
2024-02-14 15:18:09 INFO  Keywords:122 - InputText is called
2024-02-14 15:18:09 INFO  Keywords:288 - Waiting for webElement...financialdetails.livingexpenses
2024-02-14 15:18:09 INFO  Keywords:291 - Element found...financialdetails.livingexpenses
2024-02-14 15:18:09 INFO  Keywords:122 - InputText is called
2024-02-14 15:18:09 INFO  Keywords:288 - Waiting for webElement...financialdetails.personalinvestment
2024-02-14 15:18:09 INFO  Keywords:291 - Element found...financialdetails.personalinvestment
2024-02-14 15:18:09 INFO  Keywords:122 - InputText is called
2024-02-14 15:18:09 INFO  Keywords:288 - Waiting for webElement...financialdetails.fixeddebtexpenses
2024-02-14 15:18:09 INFO  Keywords:291 - Element found...financialdetails.fixeddebtexpenses
2024-02-14 15:18:09 INFO  Keywords:122 - InputText is called
2024-02-14 15:18:09 INFO  Keywords:288 - Waiting for webElement...financialdetails.rentalincome
2024-02-14 15:18:09 INFO  Keywords:291 - Element found...financialdetails.rentalincome
2024-02-14 15:18:09 INFO  Keywords:122 - InputText is called
2024-02-14 15:18:09 INFO  Keywords:288 - Waiting for webElement...financialdetails.variabledebtexpenses
2024-02-14 15:18:10 INFO  Keywords:291 - Element found...financialdetails.variabledebtexpenses
2024-02-14 15:18:10 INFO  Keywords:122 - InputText is called
2024-02-14 15:18:10 INFO  Keywords:288 - Waiting for webElement...financialdetails.incomepension
2024-02-14 15:18:10 INFO  Keywords:291 - Element found...financialdetails.incomepension
2024-02-14 15:18:10 INFO  Keywords:122 - InputText is called
2024-02-14 15:18:10 INFO  Keywords:288 - Waiting for webElement...financialdetails.discretionaryexpenses
2024-02-14 15:18:10 INFO  Keywords:291 - Element found...financialdetails.discretionaryexpenses
2024-02-14 15:18:10 INFO  Keywords:122 - InputText is called
2024-02-14 15:18:10 INFO  Keywords:288 - Waiting for webElement...financialdetails.socialsecurityincome
2024-02-14 15:18:10 INFO  Keywords:291 - Element found...financialdetails.socialsecurityincome
2024-02-14 15:18:10 INFO  Keywords:122 - InputText is called
2024-02-14 15:18:10 INFO  Keywords:288 - Waiting for webElement...financialdetails.otherincome
2024-02-14 15:18:10 INFO  Keywords:291 - Element found...financialdetails.otherincome
2024-02-14 15:18:10 INFO  Keywords:122 - InputText is called
2024-02-14 15:18:10 INFO  Keywords:288 - Waiting for webElement...financialdetails.bonds
2024-02-14 15:18:10 INFO  Keywords:291 - Element found...financialdetails.bonds
2024-02-14 15:18:10 INFO  Keywords:122 - InputText is called
2024-02-14 15:18:10 INFO  Keywords:288 - Waiting for webElement...financialdetails.businessTrustRealstate
2024-02-14 15:18:10 INFO  Keywords:291 - Element found...financialdetails.businessTrustRealstate
2024-02-14 15:18:10 INFO  Keywords:122 - InputText is called
2024-02-14 15:18:10 INFO  Keywords:288 - Waiting for webElement...financialdetails.retirementplan
2024-02-14 15:18:10 INFO  Keywords:291 - Element found...financialdetails.retirementplan
2024-02-14 15:18:10 INFO  Keywords:122 - InputText is called
2024-02-14 15:18:10 INFO  Keywords:288 - Waiting for webElement...financialdetails.equities
2024-02-14 15:18:10 INFO  Keywords:291 - Element found...financialdetails.equities
2024-02-14 15:18:10 INFO  Keywords:122 - InputText is called
2024-02-14 15:18:10 INFO  Keywords:288 - Waiting for webElement...financialdetails.facevalueilfeinsurance
2024-02-14 15:18:10 INFO  Keywords:291 - Element found...financialdetails.facevalueilfeinsurance
2024-02-14 15:18:10 INFO  Keywords:122 - InputText is called
2024-02-14 15:18:10 INFO  Keywords:288 - Waiting for webElement...financialdetails.fixedannuity
2024-02-14 15:18:10 INFO  Keywords:291 - Element found...financialdetails.fixedannuity
2024-02-14 15:18:10 INFO  Keywords:122 - InputText is called
2024-02-14 15:18:10 INFO  Keywords:288 - Waiting for webElement...financialdetails.indexannuity
2024-02-14 15:18:10 INFO  Keywords:291 - Element found...financialdetails.indexannuity
2024-02-14 15:18:10 INFO  Keywords:122 - InputText is called
2024-02-14 15:18:10 INFO  Keywords:288 - Waiting for webElement...financialdetails.liquidnetworth
2024-02-14 15:18:11 INFO  Keywords:291 - Element found...financialdetails.liquidnetworth
2024-02-14 15:18:11 INFO  Keywords:122 - InputText is called
2024-02-14 15:18:11 INFO  Keywords:288 - Waiting for webElement...financialdetails.mutualfund
2024-02-14 15:18:11 INFO  Keywords:291 - Element found...financialdetails.mutualfund
2024-02-14 15:18:11 INFO  Keywords:122 - InputText is called
2024-02-14 15:18:11 INFO  Keywords:288 - Waiting for webElement...financialdetails.otherbrokerage
2024-02-14 15:18:11 INFO  Keywords:291 - Element found...financialdetails.otherbrokerage
2024-02-14 15:18:11 INFO  Keywords:122 - InputText is called
2024-02-14 15:18:11 INFO  Keywords:288 - Waiting for webElement...financialdetails.policypremium
2024-02-14 15:18:11 INFO  Keywords:291 - Element found...financialdetails.policypremium
2024-02-14 15:18:11 INFO  Keywords:122 - InputText is called
2024-02-14 15:18:11 INFO  Keywords:288 - Waiting for webElement...financialdetails.variableannuity
2024-02-14 15:18:11 INFO  Keywords:291 - Element found...financialdetails.variableannuity
2024-02-14 15:18:11 INFO  Keywords:122 - InputText is called
2024-02-14 15:18:11 INFO  Keywords:288 - Waiting for webElement...financialdetails.totalpremium
2024-02-14 15:18:11 INFO  Keywords:291 - Element found...financialdetails.totalpremium
2024-02-14 15:18:11 INFO  Keywords:288 - Waiting for webElement...financialdetails.anticipatedchanges
2024-02-14 15:18:11 INFO  Keywords:291 - Element found...financialdetails.anticipatedchanges
2024-02-14 15:18:11 INFO  Keywords:288 - Waiting for webElement...financialdetails.nonguaranteedelement
2024-02-14 15:18:11 INFO  Keywords:291 - Element found...financialdetails.nonguaranteedelement
2024-02-14 15:18:12 INFO  Keywords:288 - Waiting for webElement...financialdetails.reversemortgage
2024-02-14 15:18:12 INFO  Keywords:291 - Element found...financialdetails.reversemortgage
2024-02-14 15:18:12 INFO  Keywords:135 - ClickOnLink is called
2024-02-14 15:18:12 INFO  Keywords:288 - Waiting for webElement...next
2024-02-14 15:18:41 INFO  Keywords:288 - Waiting for webElement...payment.modal
2024-02-14 15:18:41 INFO  Keywords:291 - Element found...payment.modal
2024-02-14 15:18:57 INFO  Keywords:288 - Waiting for webElement...payment.method
2024-02-14 15:18:57 INFO  Keywords:291 - Element found...payment.method
2024-02-14 15:18:57 INFO  Keywords:122 - InputText is called
2024-02-14 15:18:57 INFO  Keywords:288 - Waiting for webElement...payment.premium
2024-02-14 15:18:57 INFO  Keywords:291 - Element found...payment.premium
2024-02-14 15:18:57 INFO  Keywords:135 - ClickOnLink is called
2024-02-14 15:18:57 INFO  Keywords:288 - Waiting for webElement...next
2024-02-14 15:18:58 INFO  Keywords:291 - Element found...next
2024-02-14 15:19:22 INFO  Keywords:288 - Waiting for webElement...existinginsurance.borrowingfunds
2024-02-14 15:19:22 INFO  Keywords:291 - Element found...existinginsurance.borrowingfunds
2024-02-14 15:19:22 INFO  Keywords:288 - Waiting for webElement...existinginsurance.terminatingexistinglifepolicy
2024-02-14 15:19:22 INFO  Keywords:291 - Element found...existinginsurance.terminatingexistinglifepolicy
2024-02-14 15:19:23 INFO  Keywords:288 - Waiting for webElement...existinginsurance.longtermcoverage
2024-02-14 15:19:23 INFO  Keywords:291 - Element found...existinginsurance.longtermcoverage
2024-02-14 15:19:24 INFO  Keywords:288 - Waiting for webElement...existanceterminating.InsuranceCompanyName
2024-02-14 15:19:24 INFO  Keywords:291 - Element found...existanceterminating.InsuranceCompanyName
2024-02-14 15:19:24 INFO  Keywords:122 - InputText is called
2024-02-14 15:19:24 INFO  Keywords:288 - Waiting for webElement...existanceterminating.ProductName
2024-02-14 15:19:24 INFO  Keywords:291 - Element found...existanceterminating.ProductName
2024-02-14 15:19:24 INFO  Keywords:122 - InputText is called
2024-02-14 15:19:24 INFO  Keywords:288 - Waiting for webElement...existanceterminating.Insured
2024-02-14 15:19:24 INFO  Keywords:291 - Element found...existanceterminating.Insured
2024-02-14 15:19:24 INFO  Keywords:288 - Waiting for webElement...existanceterminating.InsuredAnnuitant
2024-02-14 15:19:24 INFO  Keywords:122 - InputText is called
2024-02-14 15:19:24 INFO  Keywords:288 - Waiting for webElement...existanceterminating.InsuredAnnuitantDOB
2024-02-14 15:19:24 INFO  Keywords:288 - Waiting for webElement...existanceterminating.NumberOfInsured
2024-02-14 15:19:24 INFO  Keywords:122 - InputText is called
2024-02-14 15:19:24 INFO  Keywords:288 - Waiting for webElement...existanceterminating.Owner
2024-02-14 15:19:24 INFO  Keywords:291 - Element found...existanceterminating.Owner
2024-02-14 15:19:24 INFO  Keywords:122 - InputText is called
2024-02-14 15:19:24 INFO  Keywords:288 - Waiting for webElement...existanceterminating.DateIssued
2024-02-14 15:19:24 INFO  Keywords:291 - Element found...existanceterminating.DateIssued
2024-02-14 15:19:24 INFO  Keywords:122 - InputText is called
2024-02-14 15:19:24 INFO  Keywords:288 - Waiting for webElement...existanceterminating.AmountOfInsurance
2024-02-14 15:19:24 INFO  Keywords:291 - Element found...existanceterminating.AmountOfInsurance
2024-02-14 15:19:24 INFO  Keywords:288 - Waiting for webElement...existanceterminating.ExistingInsuranceType
2024-02-14 15:19:24 INFO  Keywords:291 - Element found...existanceterminating.ExistingInsuranceType
2024-02-14 15:19:25 INFO  Keywords:288 - Waiting for webElement...existanceterminating.ProductType
2024-02-14 15:19:25 INFO  Keywords:291 - Element found...existanceterminating.ProductType
2024-02-14 15:19:25 INFO  Keywords:288 - Waiting for webElement...existanceterminating.LifeProductType
2024-02-14 15:19:45 INFO  Keywords:291 - Element found...existanceterminating.LifeProductType
2024-02-14 15:19:46 INFO  Keywords:122 - InputText is called
2024-02-14 15:19:46 INFO  Keywords:288 - Waiting for webElement...existanceterminating.PolicyNo
2024-02-14 15:19:46 INFO  Keywords:291 - Element found...existanceterminating.PolicyNo
2024-02-14 15:19:46 INFO  Keywords:288 - Waiting for webElement...existanceterminating.PurposeOfPolicy
2024-02-14 15:19:46 INFO  Keywords:291 - Element found...existanceterminating.PurposeOfPolicy
2024-02-14 15:19:46 INFO  Keywords:288 - Waiting for webElement...existanceterminating.FundsNewPolicy
2024-02-14 15:19:46 INFO  Keywords:291 - Element found...existanceterminating.FundsNewPolicy
2024-02-14 15:19:46 INFO  Keywords:288 - Waiting for webElement...existanceterminating.ReplacingNewPolicy
2024-02-14 15:19:46 INFO  Keywords:291 - Element found...existanceterminating.ReplacingNewPolicy
2024-02-14 15:19:46 INFO  Keywords:288 - Waiting for webElement...existanceterminating.ReplacementThType
2024-02-14 15:19:47 INFO  Keywords:291 - Element found...existanceterminating.ReplacementThType
2024-02-14 15:19:47 INFO  Keywords:288 - Waiting for webElement...existanceterminating.1035ThExchange
2024-02-14 15:19:47 INFO  Keywords:291 - Element found...existanceterminating.1035ThExchange
2024-02-14 15:19:47 INFO  Keywords:122 - InputText is called
2024-02-14 15:19:47 INFO  Keywords:288 - Waiting for webElement...existanceterminating.ReasonReplacement
2024-02-14 15:19:47 INFO  Keywords:291 - Element found...existanceterminating.ReasonReplacement
2024-02-14 15:19:47 INFO  Keywords:122 - InputText is called
2024-02-14 15:19:47 INFO  Keywords:288 - Waiting for webElement...existanceterminating.NoOfPolicy
2024-02-14 15:19:47 INFO  Keywords:291 - Element found...existanceterminating.NoOfPolicy
2024-02-14 15:19:47 INFO  Keywords:122 - InputText is called
2024-02-14 15:19:47 INFO  Keywords:288 - Waiting for webElement...existanceterminating.PremiumPayment
2024-02-14 15:19:47 INFO  Keywords:291 - Element found...existanceterminating.PremiumPayment
2024-02-14 15:19:47 INFO  Keywords:122 - InputText is called
2024-02-14 15:19:47 INFO  Keywords:288 - Waiting for webElement...existanceterminating.FrequencyPremium
2024-02-14 15:19:47 INFO  Keywords:291 - Element found...existanceterminating.FrequencyPremium
2024-02-14 15:19:47 INFO  Keywords:122 - InputText is called
2024-02-14 15:19:47 INFO  Keywords:288 - Waiting for webElement...existanceterminating.AmountBeingExchanged
2024-02-14 15:19:47 INFO  Keywords:291 - Element found...existanceterminating.AmountBeingExchanged
2024-02-14 15:19:48 INFO  Keywords:122 - InputText is called
2024-02-14 15:19:48 INFO  Keywords:288 - Waiting for webElement...existanceterminating.SurrenderCharge
2024-02-14 15:19:48 INFO  Keywords:291 - Element found...existanceterminating.SurrenderCharge
2024-02-14 15:19:48 INFO  Keywords:122 - InputText is called
2024-02-14 15:19:48 INFO  Keywords:288 - Waiting for webElement...existanceterminating.DeathBenefit
2024-02-14 15:19:48 INFO  Keywords:291 - Element found...existanceterminating.DeathBenefit
2024-02-14 15:19:48 INFO  Keywords:122 - InputText is called
2024-02-14 15:19:48 INFO  Keywords:288 - Waiting for webElement...existanceterminating.SpecialFeatures
2024-02-14 15:19:48 INFO  Keywords:291 - Element found...existanceterminating.SpecialFeatures
2024-02-14 15:19:48 INFO  Keywords:288 - Waiting for webElement...existinginsurance.longtermpolicyYes
2024-02-14 15:19:48 INFO  Keywords:291 - Element found...existinginsurance.longtermpolicyYes
2024-02-14 15:19:48 INFO  Keywords:122 - InputText is called
2024-02-14 15:19:48 INFO  Keywords:288 - Waiting for webElement...existinglongtermpolicy.InsuranceName
2024-02-14 15:19:48 INFO  Keywords:291 - Element found...existinglongtermpolicy.InsuranceName
2024-02-14 15:19:48 INFO  Keywords:122 - InputText is called
2024-02-14 15:19:48 INFO  Keywords:288 - Waiting for webElement...existinglongtermpolicy.policyCertificateNumber
2024-02-14 15:19:48 INFO  Keywords:291 - Element found...existinglongtermpolicy.policyCertificateNumber
2024-02-14 15:19:48 INFO  Keywords:122 - InputText is called
2024-02-14 15:19:48 INFO  Keywords:288 - Waiting for webElement...existinglongtermpolicy.ProductName
2024-02-14 15:19:48 INFO  Keywords:291 - Element found...existinglongtermpolicy.ProductName
2024-02-14 15:19:48 INFO  Keywords:288 - Waiting for webElement...existinglongtermpolicy.ProductType
2024-02-14 15:19:48 INFO  Keywords:291 - Element found...existinglongtermpolicy.ProductType
2024-02-14 15:19:49 INFO  Keywords:122 - InputText is called
2024-02-14 15:19:49 INFO  Keywords:288 - Waiting for webElement...existinglongtermpolicy.Insured
2024-02-14 15:19:49 INFO  Keywords:291 - Element found...existinglongtermpolicy.Insured
2024-02-14 15:19:49 INFO  Keywords:122 - InputText is called
2024-02-14 15:19:49 INFO  Keywords:288 - Waiting for webElement...existinglongtermpolicy.Owner
2024-02-14 15:19:49 INFO  Keywords:291 - Element found...existinglongtermpolicy.Owner
2024-02-14 15:19:49 INFO  Keywords:122 - InputText is called
2024-02-14 15:19:49 INFO  Keywords:288 - Waiting for webElement...existinglongtermpolicy.DailyBenefit
2024-02-14 15:19:49 INFO  Keywords:291 - Element found...existinglongtermpolicy.DailyBenefit
2024-02-14 15:19:49 INFO  Keywords:122 - InputText is called
2024-02-14 15:19:49 INFO  Keywords:288 - Waiting for webElement...existinglongtermpolicy.AmountOfInsurance
2024-02-14 15:19:49 INFO  Keywords:291 - Element found...existinglongtermpolicy.AmountOfInsurance
2024-02-14 15:19:49 INFO  Keywords:122 - InputText is called
2024-02-14 15:19:49 INFO  Keywords:288 - Waiting for webElement...existinglongtermpolicy.benefitAmount
2024-02-14 15:19:49 INFO  Keywords:291 - Element found...existinglongtermpolicy.benefitAmount
2024-02-14 15:19:49 INFO  Keywords:122 - InputText is called
2024-02-14 15:19:49 INFO  Keywords:288 - Waiting for webElement...existinglongtermpolicy.benefitPeriod
2024-02-14 15:19:49 INFO  Keywords:291 - Element found...existinglongtermpolicy.benefitPeriod
2024-02-14 15:19:49 INFO  Keywords:288 - Waiting for webElement...existinginsurance.longterminsuranceYes
2024-02-14 15:19:49 INFO  Keywords:291 - Element found...existinginsurance.longterminsuranceYes
2024-02-14 15:19:49 INFO  Keywords:122 - InputText is called
2024-02-14 15:19:49 INFO  Keywords:288 - Waiting for webElement...existinglongterminsurance.InsuranceCompany
2024-02-14 15:19:49 INFO  Keywords:291 - Element found...existinglongterminsurance.InsuranceCompany
2024-02-14 15:19:50 INFO  Keywords:122 - InputText is called
2024-02-14 15:19:50 INFO  Keywords:288 - Waiting for webElement...existinglongterminsurance.Certificate
2024-02-14 15:19:50 INFO  Keywords:291 - Element found...existinglongterminsurance.Certificate
2024-02-14 15:19:50 INFO  Keywords:122 - InputText is called
2024-02-14 15:19:50 INFO  Keywords:288 - Waiting for webElement...existinglongterminsurance.LTCBenefit
2024-02-14 15:19:50 INFO  Keywords:291 - Element found...existinglongterminsurance.LTCBenefit
2024-02-14 15:19:50 INFO  Keywords:122 - InputText is called
2024-02-14 15:19:50 INFO  Keywords:288 - Waiting for webElement...existinglongterminsurance.IssueDate
2024-02-14 15:19:50 INFO  Keywords:291 - Element found...existinglongterminsurance.IssueDate
2024-02-14 15:19:50 INFO  Keywords:122 - InputText is called
2024-02-14 15:19:50 INFO  Keywords:288 - Waiting for webElement...existinglongterminsurance.LapseDate
2024-02-14 15:19:50 INFO  Keywords:291 - Element found...existinglongterminsurance.LapseDate
2024-02-14 15:19:50 INFO  Keywords:135 - ClickOnLink is called
2024-02-14 15:19:50 INFO  Keywords:288 - Waiting for webElement...next
2024-02-14 15:20:34 INFO  Keywords:135 - ClickOnLink is called
2024-02-14 15:20:34 INFO  Keywords:288 - Waiting for webElement...next
2024-02-14 15:20:37 INFO  Keywords:291 - Element found...next
2024-02-14 15:21:00 INFO  Keywords:122 - InputText is called
2024-02-14 15:21:00 INFO  Keywords:288 - Waiting for webElement...additionalclientquestion.q1
2024-02-14 15:21:10 INFO  Keywords:122 - InputText is called
2024-02-14 15:21:10 INFO  Keywords:288 - Waiting for webElement...additionalclientquestion.q2
2024-02-14 15:21:20 INFO  Keywords:122 - InputText is called
2024-02-14 15:21:20 INFO  Keywords:288 - Waiting for webElement...additionalclientquestion.q3
2024-02-14 15:21:30 INFO  Keywords:122 - InputText is called
2024-02-14 15:21:30 INFO  Keywords:288 - Waiting for webElement...additionalclientquestion.q4
2024-02-14 15:21:40 INFO  Keywords:122 - InputText is called
2024-02-14 15:21:40 INFO  Keywords:288 - Waiting for webElement...additionalclientquestion.q5
2024-02-14 15:21:51 INFO  Keywords:518 - GetText is called
2024-02-14 15:21:51 INFO  Keywords:288 - Waiting for webElement...ebixTxnID
2024-02-14 15:21:51 INFO  Keywords:291 - Element found...ebixTxnID
2024-02-14 15:21:51 INFO  Keywords:522 - LinkId: 523428
2024-02-14 15:21:51 INFO  Keywords:573 - LinkId: 523428
2024-02-14 15:21:51 INFO  Keywords:518 - GetText is called
2024-02-14 15:21:51 INFO  Keywords:288 - Waiting for webElement...ebixTxnID
2024-02-14 15:21:51 INFO  Keywords:291 - Element found...ebixTxnID
2024-02-14 15:21:51 INFO  Keywords:522 - LinkId: 523428
2024-02-14 15:21:51 INFO  Keywords:135 - ClickOnLink is called
2024-02-14 15:21:51 INFO  Keywords:288 - Waiting for webElement...next
2024-02-14 15:21:59 INFO  Keywords:288 - Waiting for webElement...AnnuitiesCompany
2024-02-14 15:22:09 INFO  Keywords:288 - Waiting for webElement...InsuranceReplace
2024-02-14 15:22:22 INFO  Keywords:122 - InputText is called
2024-02-14 15:22:22 INFO  Keywords:288 - Waiting for webElement...PremiumCollected
2024-02-14 15:22:38 INFO  Keywords:288 - Waiting for webElement...ResultApplication
2024-02-14 15:22:43 INFO  Keywords:291 - Element found...ResultApplication
2024-02-14 15:22:43 INFO  Keywords:122 - InputText is called
2024-02-14 15:22:43 INFO  Keywords:288 - Waiting for webElement...ResultGiveDetails
2024-02-14 15:23:08 INFO  Keywords:288 - Waiting for webElement...PolicySettlement
2024-02-14 15:23:18 INFO  Keywords:288 - Waiting for webElement...PremiumLoans
2024-02-14 15:23:36 INFO  Keywords:288 - Waiting for webElement...EvaluatingFinancing
2024-02-14 15:24:20 INFO  Keywords:288 - Waiting for webElement...PersonallyInsured
2024-02-14 15:24:30 INFO  Keywords:288 - Waiting for webElement...PolicyProposedInsured
2024-02-14 15:24:47 INFO  Keywords:291 - Element found...PolicyProposedInsured
2024-02-14 15:24:48 INFO  Keywords:288 - Waiting for webElement...ProposedInsuredWritten
2024-02-14 15:24:48 INFO  Keywords:291 - Element found...ProposedInsuredWritten
2024-02-14 15:24:48 INFO  Keywords:288 - Waiting for webElement...ConsentRelationshipTerminates
2024-02-14 15:24:48 INFO  Keywords:291 - Element found...ConsentRelationshipTerminates
2024-02-14 15:24:48 INFO  Keywords:122 - InputText is called
2024-02-14 15:24:48 INFO  Keywords:288 - Waiting for webElement...HealthPoliciesForce
2024-02-14 15:24:48 INFO  Keywords:291 - Element found...HealthPoliciesForce
2024-02-14 15:24:48 INFO  Keywords:122 - InputText is called
2024-02-14 15:24:48 INFO  Keywords:288 - Waiting for webElement...SoldForceHP
2024-02-14 15:24:48 INFO  Keywords:291 - Element found...SoldForceHP
2024-02-14 15:24:48 INFO  Keywords:122 - InputText is called
2024-02-14 15:24:48 INFO  Keywords:288 - Waiting for webElement...NameWholeSaler
2024-02-14 15:24:48 INFO  Keywords:291 - Element found...NameWholeSaler
2024-02-14 15:24:48 INFO  Keywords:122 - InputText is called
2024-02-14 15:24:48 INFO  Keywords:288 - Waiting for webElement...ExistingReplacedCarier
2024-02-14 15:24:55 INFO  Keywords:135 - ClickOnLink is called
2024-02-14 15:24:55 INFO  Keywords:288 - Waiting for webElement...next
2024-02-14 15:24:58 INFO  Keywords:291 - Element found...next
2024-02-14 15:24:58 INFO  Keywords:122 - InputText is called
2024-02-14 15:24:58 INFO  Keywords:288 - Waiting for webElement...NBNameF
2024-02-14 15:24:58 INFO  Keywords:291 - Element found...NBNameF
2024-02-14 15:24:58 INFO  Keywords:122 - InputText is called
2024-02-14 15:24:58 INFO  Keywords:288 - Waiting for webElement...NBNameL
2024-02-14 15:24:58 INFO  Keywords:291 - Element found...NBNameL
2024-02-14 15:24:58 INFO  Keywords:122 - InputText is called
2024-02-14 15:24:58 INFO  Keywords:288 - Waiting for webElement...NBPhoneW
2024-02-14 15:24:58 INFO  Keywords:291 - Element found...NBPhoneW
2024-02-14 15:24:59 INFO  Keywords:122 - InputText is called
2024-02-14 15:24:59 INFO  Keywords:288 - Waiting for webElement...NBEMail
2024-02-14 15:24:59 INFO  Keywords:291 - Element found...NBEMail
2024-02-14 15:24:59 INFO  Keywords:288 - Waiting for webElement...POSYES
2024-02-14 15:24:59 INFO  Keywords:291 - Element found...POSYES
2024-02-14 15:24:59 INFO  Keywords:122 - InputText is called
2024-02-14 15:24:59 INFO  Keywords:288 - Waiting for webElement...POSNAmeF
2024-02-14 15:25:00 INFO  Keywords:122 - InputText is called
2024-02-14 15:25:00 INFO  Keywords:288 - Waiting for webElement...POSNAmeL
2024-02-14 15:25:20 INFO  Keywords:122 - InputText is called
2024-02-14 15:25:20 INFO  Keywords:288 - Waiting for webElement...POSWork
2024-02-14 15:25:30 INFO  Keywords:122 - InputText is called
2024-02-14 15:25:30 INFO  Keywords:288 - Waiting for webElement...POSEmail
2024-02-14 15:25:57 INFO  Keywords:135 - ClickOnLink is called
2024-02-14 15:25:57 INFO  Keywords:288 - Waiting for webElement...validate.button
2024-02-14 15:25:57 INFO  Keywords:291 - Element found...validate.button
2024-02-14 15:26:29 INFO  Keywords:135 - ClickOnLink is called
2024-02-14 15:26:29 INFO  Keywords:288 - Waiting for webElement...notification.continue
2024-02-14 15:26:55 INFO  Keywords:135 - ClickOnLink is called
2024-02-14 15:26:55 INFO  Keywords:288 - Waiting for webElement...esignature.optout
2024-02-14 15:28:35 INFO  Keywords:152 - VerifyText is called
2024-02-14 15:28:35 INFO  Keywords:288 - Waiting for webElement...WebElement
2024-02-14 15:28:35 INFO  Keywords:135 - ClickOnLink is called
2024-02-14 15:28:35 INFO  Keywords:288 - Waiting for webElement...attachment
2024-02-14 15:28:35 INFO  Keywords:291 - Element found...attachment
2024-02-14 15:28:36 INFO  Keywords:288 - Waiting for webElement...attachment.documenttype
2024-02-14 15:28:37 INFO  Keywords:291 - Element found...attachment.documenttype
2024-02-14 15:28:37 INFO  Keywords:122 - InputText is called
2024-02-14 15:28:37 INFO  Keywords:288 - Waiting for webElement...attachment.choosefile
2024-02-14 15:28:37 INFO  Keywords:291 - Element found...attachment.choosefile
2024-02-14 15:28:37 INFO  Keywords:135 - ClickOnLink is called
2024-02-14 15:28:37 INFO  Keywords:288 - Waiting for webElement...attachment.upload
2024-02-14 15:28:38 INFO  Keywords:291 - Element found...attachment.upload
2024-02-14 15:28:58 INFO  Keywords:135 - ClickOnLink is called
2024-02-14 15:28:58 INFO  Keywords:288 - Waiting for webElement...RequestSignatures
2024-02-14 15:29:24 INFO  Keywords:288 - Waiting for webElement...attachment.documenttype
2024-02-14 15:29:24 INFO  Keywords:291 - Element found...attachment.documenttype
2024-02-14 15:29:24 INFO  Keywords:122 - InputText is called
2024-02-14 15:29:24 INFO  Keywords:288 - Waiting for webElement...attachment.choosefile
2024-02-14 15:29:24 INFO  Keywords:291 - Element found...attachment.choosefile
2024-02-14 15:29:25 INFO  Keywords:135 - ClickOnLink is called
2024-02-14 15:29:25 INFO  Keywords:288 - Waiting for webElement...attachment.upload
2024-02-14 15:29:25 INFO  Keywords:291 - Element found...attachment.upload
2024-02-14 15:29:45 INFO  Keywords:135 - ClickOnLink is called
2024-02-14 15:29:45 INFO  Keywords:288 - Waiting for webElement...SubmitButton
2024-02-14 15:29:45 INFO  Keywords:291 - Element found...SubmitButton
2024-02-14 15:31:20 INFO  Keywords:455 - switching to parent window...
2024-02-14 15:31:20 INFO  Keywords:94 - Navigate is called
2024-02-14 15:31:21 INFO  Keywords:533 - ClearText is called
2024-02-14 15:31:21 INFO  Keywords:288 - Waiting for webElement...gateway.username
2024-02-14 15:31:22 INFO  Keywords:291 - Element found...gateway.username
2024-02-14 15:31:22 INFO  Keywords:537 - LinkId: 523428
2024-02-14 15:31:22 INFO  Keywords:122 - InputText is called
2024-02-14 15:31:22 INFO  Keywords:288 - Waiting for webElement...gateway.username
2024-02-14 15:31:22 INFO  Keywords:291 - Element found...gateway.username
2024-02-14 15:31:22 INFO  Keywords:533 - ClearText is called
2024-02-14 15:31:22 INFO  Keywords:288 - Waiting for webElement...gateway.password
2024-02-14 15:31:22 INFO  Keywords:291 - Element found...gateway.password
2024-02-14 15:31:22 INFO  Keywords:537 - LinkId: 523428
2024-02-14 15:31:22 INFO  Keywords:122 - InputText is called
2024-02-14 15:31:22 INFO  Keywords:288 - Waiting for webElement...gateway.password
2024-02-14 15:31:22 INFO  Keywords:291 - Element found...gateway.password
2024-02-14 15:31:22 INFO  Keywords:135 - ClickOnLink is called
2024-02-14 15:31:22 INFO  Keywords:288 - Waiting for webElement...gateway.login
2024-02-14 15:31:22 INFO  Keywords:291 - Element found...gateway.login
2024-02-14 15:31:41 INFO  Keywords:135 - ClickOnLink is called
2024-02-14 15:31:41 INFO  Keywords:288 - Waiting for webElement...management
2024-02-14 15:32:31 INFO  Keywords:288 - Waiting for webElement...managementTools
2024-02-14 15:33:20 INFO  Keywords:291 - Element found...managementTools
2024-02-14 15:33:22 INFO  Keywords:135 - ClickOnLink is called
2024-02-14 15:33:22 INFO  Keywords:288 - Waiting for webElement...feedManagement
2024-02-14 15:33:22 INFO  Keywords:291 - Element found...feedManagement
2024-02-14 15:33:38 INFO  Keywords:135 - ClickOnLink is called
2024-02-14 15:33:38 INFO  Keywords:288 - Waiting for webElement...searchPanel
2024-02-14 15:33:48 INFO  Keywords:288 - Waiting for webElement...selectTransactionID
2024-02-14 15:33:58 INFO  Keywords:122 - InputText is called
2024-02-14 15:33:58 INFO  Keywords:288 - Waiting for webElement...enterTransactioID
2024-02-14 15:34:08 INFO  Keywords:135 - ClickOnLink is called
2024-02-14 15:34:08 INFO  Keywords:288 - Waiting for webElement...searchbutton
2024-02-14 15:34:34 INFO  Keywords:135 - ClickOnLink is called
2024-02-14 15:34:34 INFO  Keywords:288 - Waiting for webElement...transactionSearchmyResult
2024-02-14 15:35:00 INFO  Keywords:135 - ClickOnLink is called
2024-02-14 15:35:00 INFO  Keywords:288 - Waiting for webElement...onenotThree
2024-02-14 15:35:11 INFO  Keywords:288 - Waiting for webElement...103ResponseXML
2024-02-14 15:35:53 INFO  Keywords:455 - switching to parent window...
2024-02-14 15:35:53 INFO  Keywords:94 - Navigate is called
2024-02-14 15:35:55 INFO  Keywords:533 - ClearText is called
2024-02-14 15:35:55 INFO  Keywords:288 - Waiting for webElement...gateway.username
2024-02-14 15:35:55 INFO  Keywords:291 - Element found...gateway.username
2024-02-14 15:35:55 INFO  Keywords:537 - LinkId: 523428
2024-02-14 15:35:55 INFO  Keywords:122 - InputText is called
2024-02-14 15:35:55 INFO  Keywords:288 - Waiting for webElement...gateway.username
2024-02-14 15:35:55 INFO  Keywords:291 - Element found...gateway.username
2024-02-14 15:35:55 INFO  Keywords:533 - ClearText is called
2024-02-14 15:35:55 INFO  Keywords:288 - Waiting for webElement...gateway.password
2024-02-14 15:35:55 INFO  Keywords:291 - Element found...gateway.password
2024-02-14 15:35:55 INFO  Keywords:537 - LinkId: 523428
2024-02-14 15:35:55 INFO  Keywords:122 - InputText is called
2024-02-14 15:35:55 INFO  Keywords:288 - Waiting for webElement...gateway.password
2024-02-14 15:35:55 INFO  Keywords:291 - Element found...gateway.password
2024-02-14 15:35:55 INFO  Keywords:135 - ClickOnLink is called
2024-02-14 15:35:55 INFO  Keywords:288 - Waiting for webElement...gateway.login
2024-02-14 15:35:55 INFO  Keywords:291 - Element found...gateway.login
2024-02-14 15:36:14 INFO  Keywords:135 - ClickOnLink is called
2024-02-14 15:36:14 INFO  Keywords:288 - Waiting for webElement...management
2024-02-14 15:36:14 INFO  Keywords:291 - Element found...management
2024-02-14 15:36:14 INFO  Keywords:288 - Waiting for webElement...managementTools
2024-02-14 15:36:14 INFO  Keywords:291 - Element found...managementTools
2024-02-14 15:36:16 INFO  Keywords:135 - ClickOnLink is called
2024-02-14 15:36:16 INFO  Keywords:288 - Waiting for webElement...feedManagement
2024-02-14 15:36:16 INFO  Keywords:291 - Element found...feedManagement
2024-02-14 15:36:32 INFO  Keywords:135 - ClickOnLink is called
2024-02-14 15:36:32 INFO  Keywords:288 - Waiting for webElement...searchPanel
2024-02-14 15:36:32 INFO  Keywords:291 - Element found...searchPanel
2024-02-14 15:36:32 INFO  Keywords:288 - Waiting for webElement...selectTransactionID
2024-02-14 15:36:32 INFO  Keywords:291 - Element found...selectTransactionID
2024-02-14 15:36:33 INFO  Keywords:122 - InputText is called
2024-02-14 15:36:33 INFO  Keywords:288 - Waiting for webElement...enterTransactioID
2024-02-14 15:36:33 INFO  Keywords:291 - Element found...enterTransactioID
2024-02-14 15:36:33 INFO  Keywords:135 - ClickOnLink is called
2024-02-14 15:36:33 INFO  Keywords:288 - Waiting for webElement...searchbutton
2024-02-14 15:36:33 INFO  Keywords:291 - Element found...searchbutton
2024-02-14 15:36:49 INFO  Keywords:135 - ClickOnLink is called
2024-02-14 15:36:49 INFO  Keywords:288 - Waiting for webElement...transactionSearchmyResult
2024-02-14 15:36:49 INFO  Keywords:291 - Element found...transactionSearchmyResult
2024-02-14 15:37:05 INFO  Keywords:135 - ClickOnLink is called
2024-02-14 15:37:05 INFO  Keywords:288 - Waiting for webElement...RTSMButton
2024-02-14 15:37:05 INFO  Keywords:291 - Element found...RTSMButton
2024-02-14 15:37:06 INFO  Keywords:288 - Waiting for webElement...RTSMResponseXML
2024-02-14 15:37:50 INFO  Keywords:94 - Navigate is called
