2024-08-08 16:42:22 INFO  Keywords:104 - Navigate is called
2024-08-08 16:42:24 INFO  Keywords:130 - InputText is called
2024-08-08 16:42:24 INFO  Keywords:301 - Waiting for webElement...gateway.username
2024-08-08 16:42:24 INFO  Keywords:305 - Element found...gateway.username
2024-08-08 16:42:24 INFO  Keywords:130 - InputText is called
2024-08-08 16:42:24 INFO  Keywords:301 - Waiting for webElement...gateway.password
2024-08-08 16:42:24 INFO  Keywords:305 - Element found...gateway.password
2024-08-08 16:42:24 INFO  Keywords:141 - ClickOnLink is called
2024-08-08 16:42:24 INFO  Keywords:301 - Waiting for webElement...gateway.login
2024-08-08 16:42:24 INFO  Keywords:305 - Element found...gateway.login
2024-08-08 16:43:01 INFO  Keywords:141 - ClickOnLink is called
2024-08-08 16:43:01 INFO  Keywords:301 - Waiting for webElement...postsamldata
2024-08-08 16:43:01 INFO  Keywords:305 - Element found...postsamldata
2024-08-08 16:43:17 INFO  Keywords:141 - ClickOnLink is called
2024-08-08 16:43:17 INFO  Keywords:301 - Waiting for webElement...next
2024-08-08 16:43:17 INFO  Keywords:305 - Element found...next
2024-08-08 16:43:36 INFO  Keywords:301 - Waiting for webElement...policyConfiguration.DeathBenefit
2024-08-08 16:43:36 INFO  Keywords:305 - Element found...policyConfiguration.DeathBenefit
2024-08-08 16:43:36 INFO  Keywords:301 - Waiting for webElement...policyConfiguration.LTCOption
2024-08-08 16:43:36 INFO  Keywords:305 - Element found...policyConfiguration.LTCOption
2024-08-08 16:43:37 INFO  Keywords:301 - Waiting for webElement...policyConfiguration.MonthPercentage
2024-08-08 16:43:37 INFO  Keywords:305 - Element found...policyConfiguration.MonthPercentage
2024-08-08 16:43:37 INFO  Keywords:130 - InputText is called
2024-08-08 16:43:37 INFO  Keywords:301 - Waiting for webElement...policyConfiguration.ABPercentage
2024-08-08 16:43:37 INFO  Keywords:305 - Element found...policyConfiguration.ABPercentage
2024-08-08 16:43:37 INFO  Keywords:301 - Waiting for webElement...policyConfiguration.payors
2024-08-08 16:43:37 INFO  Keywords:305 - Element found...policyConfiguration.payors
2024-08-08 16:43:37 INFO  Keywords:301 - Waiting for webElement...policyConfiguration.purposeofpolicy
2024-08-08 16:43:37 INFO  Keywords:305 - Element found...policyConfiguration.purposeofpolicy
2024-08-08 16:43:37 INFO  Keywords:141 - ClickOnLink is called
2024-08-08 16:43:37 INFO  Keywords:301 - Waiting for webElement...next
2024-08-08 16:43:37 INFO  Keywords:305 - Element found...next
2024-08-08 16:45:13 INFO  Keywords:301 - Waiting for webElement...primaryinsured.birthcountry
2024-08-08 16:45:13 INFO  Keywords:305 - Element found...primaryinsured.birthcountry
2024-08-08 16:45:13 INFO  Keywords:301 - Waiting for webElement...primaryinsured.birthstate
2024-08-08 16:45:13 INFO  Keywords:305 - Element found...primaryinsured.birthstate
2024-08-08 16:45:13 INFO  Keywords:130 - InputText is called
2024-08-08 16:45:13 INFO  Keywords:301 - Waiting for webElement...primaryinsured.birthcity
2024-08-08 16:45:23 INFO  Keywords:141 - ClickOnLink is called
2024-08-08 16:45:23 INFO  Keywords:301 - Waiting for webElement...next
2024-08-08 16:45:23 INFO  Keywords:305 - Element found...next
2024-08-08 16:45:44 INFO  Keywords:141 - ClickOnLink is called
2024-08-08 16:45:44 INFO  Keywords:301 - Waiting for webElement...next
2024-08-08 16:45:44 INFO  Keywords:305 - Element found...next
2024-08-08 16:46:05 INFO  Keywords:301 - Waiting for webElement...financialDetails.SourceOfFundsLI
2024-08-08 16:46:05 INFO  Keywords:305 - Element found...financialDetails.SourceOfFundsLI
2024-08-08 16:46:05 INFO  Keywords:301 - Waiting for webElement...financialDetails.SurrenderChargeSOFLI
2024-08-08 16:46:05 INFO  Keywords:305 - Element found...financialDetails.SurrenderChargeSOFLI
2024-08-08 16:46:05 INFO  Keywords:301 - Waiting for webElement...financialDetails.envisiontaking
2024-08-08 16:46:05 INFO  Keywords:305 - Element found...financialDetails.envisiontaking
2024-08-08 16:46:05 INFO  Keywords:301 - Waiting for webElement...financialDetails.federalfaxbracket
2024-08-08 16:46:05 INFO  Keywords:305 - Element found...financialDetails.federalfaxbracket
2024-08-08 16:46:05 INFO  Keywords:301 - Waiting for webElement...financialDetails.riskTolerance
2024-08-08 16:46:06 INFO  Keywords:305 - Element found...financialDetails.riskTolerance
2024-08-08 16:46:06 INFO  Keywords:301 - Waiting for webElement...financialDetails.Investmentobjectives
2024-08-08 16:46:06 INFO  Keywords:305 - Element found...financialDetails.Investmentobjectives
2024-08-08 16:46:06 INFO  Keywords:301 - Waiting for webElement...financialDetails.timehorizon
2024-08-08 16:46:06 INFO  Keywords:305 - Element found...financialDetails.timehorizon
2024-08-08 16:46:06 INFO  Keywords:301 - Waiting for webElement...financialDetails.investmentexperienceFA
2024-08-08 16:46:06 INFO  Keywords:305 - Element found...financialDetails.investmentexperienceFA
2024-08-08 16:46:06 INFO  Keywords:130 - InputText is called
2024-08-08 16:46:06 INFO  Keywords:301 - Waiting for webElement...financialDetails.investmentstartyear
2024-08-08 16:46:06 INFO  Keywords:305 - Element found...financialDetails.investmentstartyear
2024-08-08 16:46:07 INFO  Keywords:130 - InputText is called
2024-08-08 16:46:07 INFO  Keywords:301 - Waiting for webElement...financialdetails.wages
2024-08-08 16:46:07 INFO  Keywords:305 - Element found...financialdetails.wages
2024-08-08 16:46:07 INFO  Keywords:130 - InputText is called
2024-08-08 16:46:07 INFO  Keywords:301 - Waiting for webElement...financialdetails.livingexpenses
2024-08-08 16:46:07 INFO  Keywords:305 - Element found...financialdetails.livingexpenses
2024-08-08 16:46:07 INFO  Keywords:130 - InputText is called
2024-08-08 16:46:07 INFO  Keywords:301 - Waiting for webElement...financialdetails.personalinvestment
2024-08-08 16:46:07 INFO  Keywords:305 - Element found...financialdetails.personalinvestment
2024-08-08 16:46:07 INFO  Keywords:130 - InputText is called
2024-08-08 16:46:07 INFO  Keywords:301 - Waiting for webElement...financialdetails.fixeddebtexpenses
2024-08-08 16:46:07 INFO  Keywords:305 - Element found...financialdetails.fixeddebtexpenses
2024-08-08 16:46:07 INFO  Keywords:130 - InputText is called
2024-08-08 16:46:07 INFO  Keywords:301 - Waiting for webElement...financialdetails.rentalincome
2024-08-08 16:46:07 INFO  Keywords:305 - Element found...financialdetails.rentalincome
2024-08-08 16:46:07 INFO  Keywords:130 - InputText is called
2024-08-08 16:46:07 INFO  Keywords:301 - Waiting for webElement...financialdetails.variabledebtexpenses
2024-08-08 16:46:07 INFO  Keywords:305 - Element found...financialdetails.variabledebtexpenses
2024-08-08 16:46:07 INFO  Keywords:130 - InputText is called
2024-08-08 16:46:07 INFO  Keywords:301 - Waiting for webElement...financialdetails.incomepension
2024-08-08 16:46:07 INFO  Keywords:305 - Element found...financialdetails.incomepension
2024-08-08 16:46:07 INFO  Keywords:130 - InputText is called
2024-08-08 16:46:07 INFO  Keywords:301 - Waiting for webElement...financialdetails.discretionaryexpenses
2024-08-08 16:46:07 INFO  Keywords:305 - Element found...financialdetails.discretionaryexpenses
2024-08-08 16:46:07 INFO  Keywords:130 - InputText is called
2024-08-08 16:46:07 INFO  Keywords:301 - Waiting for webElement...financialdetails.socialsecurityincome
2024-08-08 16:46:07 INFO  Keywords:305 - Element found...financialdetails.socialsecurityincome
2024-08-08 16:46:07 INFO  Keywords:130 - InputText is called
2024-08-08 16:46:07 INFO  Keywords:301 - Waiting for webElement...financialdetails.otherincome
2024-08-08 16:46:07 INFO  Keywords:305 - Element found...financialdetails.otherincome
2024-08-08 16:46:07 INFO  Keywords:130 - InputText is called
2024-08-08 16:46:07 INFO  Keywords:301 - Waiting for webElement...financialdetails.bonds
2024-08-08 16:46:07 INFO  Keywords:305 - Element found...financialdetails.bonds
2024-08-08 16:46:07 INFO  Keywords:130 - InputText is called
2024-08-08 16:46:07 INFO  Keywords:301 - Waiting for webElement...financialdetails.businessTrustRealstate
2024-08-08 16:46:07 INFO  Keywords:305 - Element found...financialdetails.businessTrustRealstate
2024-08-08 16:46:07 INFO  Keywords:130 - InputText is called
2024-08-08 16:46:07 INFO  Keywords:301 - Waiting for webElement...financialdetails.retirementplan
2024-08-08 16:46:07 INFO  Keywords:305 - Element found...financialdetails.retirementplan
2024-08-08 16:46:07 INFO  Keywords:130 - InputText is called
2024-08-08 16:46:07 INFO  Keywords:301 - Waiting for webElement...financialdetails.equities
2024-08-08 16:46:07 INFO  Keywords:305 - Element found...financialdetails.equities
2024-08-08 16:46:07 INFO  Keywords:130 - InputText is called
2024-08-08 16:46:07 INFO  Keywords:301 - Waiting for webElement...financialdetails.facevalueilfeinsurance
2024-08-08 16:46:07 INFO  Keywords:305 - Element found...financialdetails.facevalueilfeinsurance
2024-08-08 16:46:07 INFO  Keywords:130 - InputText is called
2024-08-08 16:46:07 INFO  Keywords:301 - Waiting for webElement...financialdetails.fixedannuity
2024-08-08 16:46:07 INFO  Keywords:305 - Element found...financialdetails.fixedannuity
2024-08-08 16:46:07 INFO  Keywords:130 - InputText is called
2024-08-08 16:46:07 INFO  Keywords:301 - Waiting for webElement...financialdetails.indexannuity
2024-08-08 16:46:07 INFO  Keywords:305 - Element found...financialdetails.indexannuity
2024-08-08 16:46:07 INFO  Keywords:130 - InputText is called
2024-08-08 16:46:07 INFO  Keywords:301 - Waiting for webElement...financialdetails.liquidnetworth
2024-08-08 16:46:07 INFO  Keywords:305 - Element found...financialdetails.liquidnetworth
2024-08-08 16:46:07 INFO  Keywords:130 - InputText is called
2024-08-08 16:46:07 INFO  Keywords:301 - Waiting for webElement...financialdetails.mutualfund
2024-08-08 16:46:07 INFO  Keywords:305 - Element found...financialdetails.mutualfund
2024-08-08 16:46:07 INFO  Keywords:130 - InputText is called
2024-08-08 16:46:07 INFO  Keywords:301 - Waiting for webElement...financialdetails.otherbrokerage
2024-08-08 16:46:07 INFO  Keywords:305 - Element found...financialdetails.otherbrokerage
2024-08-08 16:46:07 INFO  Keywords:130 - InputText is called
2024-08-08 16:46:07 INFO  Keywords:301 - Waiting for webElement...financialdetails.policypremium
2024-08-08 16:46:07 INFO  Keywords:305 - Element found...financialdetails.policypremium
2024-08-08 16:46:07 INFO  Keywords:130 - InputText is called
2024-08-08 16:46:07 INFO  Keywords:301 - Waiting for webElement...financialdetails.variableannuity
2024-08-08 16:46:07 INFO  Keywords:305 - Element found...financialdetails.variableannuity
2024-08-08 16:46:07 INFO  Keywords:130 - InputText is called
2024-08-08 16:46:07 INFO  Keywords:301 - Waiting for webElement...financialdetails.totalpremium
2024-08-08 16:46:07 INFO  Keywords:305 - Element found...financialdetails.totalpremium
2024-08-08 16:46:07 INFO  Keywords:301 - Waiting for webElement...financialdetails.anticipatedchanges
2024-08-08 16:46:07 INFO  Keywords:305 - Element found...financialdetails.anticipatedchanges
2024-08-08 16:46:08 INFO  Keywords:301 - Waiting for webElement...financialdetails.nonguaranteedelement
2024-08-08 16:46:08 INFO  Keywords:305 - Element found...financialdetails.nonguaranteedelement
2024-08-08 16:46:08 INFO  Keywords:301 - Waiting for webElement...financialdetails.reversemortgage
2024-08-08 16:46:08 INFO  Keywords:305 - Element found...financialdetails.reversemortgage
2024-08-08 16:46:08 INFO  Keywords:141 - ClickOnLink is called
2024-08-08 16:46:08 INFO  Keywords:301 - Waiting for webElement...next
2024-08-08 16:46:08 INFO  Keywords:305 - Element found...next
2024-08-08 16:46:28 INFO  Keywords:301 - Waiting for webElement...payment.modal
2024-08-08 16:46:28 INFO  Keywords:305 - Element found...payment.modal
2024-08-08 16:46:44 INFO  Keywords:301 - Waiting for webElement...payment.method
2024-08-08 16:46:44 INFO  Keywords:305 - Element found...payment.method
2024-08-08 16:46:44 INFO  Keywords:130 - InputText is called
2024-08-08 16:46:44 INFO  Keywords:301 - Waiting for webElement...payment.premium
2024-08-08 16:46:44 INFO  Keywords:305 - Element found...payment.premium
2024-08-08 16:46:44 INFO  Keywords:141 - ClickOnLink is called
2024-08-08 16:46:44 INFO  Keywords:301 - Waiting for webElement...next
2024-08-08 16:46:44 INFO  Keywords:305 - Element found...next
2024-08-08 16:47:04 INFO  Keywords:301 - Waiting for webElement...existinginsurance.borrowingfunds
2024-08-08 16:47:04 INFO  Keywords:305 - Element found...existinginsurance.borrowingfunds
2024-08-08 16:47:05 INFO  Keywords:301 - Waiting for webElement...existinginsurance.terminatingexistinglifepolicy
2024-08-08 16:47:05 INFO  Keywords:305 - Element found...existinginsurance.terminatingexistinglifepolicy
2024-08-08 16:47:05 INFO  Keywords:301 - Waiting for webElement...existinginsurance.longtermcoverage
2024-08-08 16:47:05 INFO  Keywords:305 - Element found...existinginsurance.longtermcoverage
2024-08-08 16:47:06 INFO  Keywords:301 - Waiting for webElement...existanceterminating.InsuranceCompanyName
2024-08-08 16:47:06 INFO  Keywords:305 - Element found...existanceterminating.InsuranceCompanyName
2024-08-08 16:47:06 INFO  Keywords:130 - InputText is called
2024-08-08 16:47:06 INFO  Keywords:301 - Waiting for webElement...existanceterminating.ProductName
2024-08-08 16:47:06 INFO  Keywords:305 - Element found...existanceterminating.ProductName
2024-08-08 16:47:06 INFO  Keywords:130 - InputText is called
2024-08-08 16:47:06 INFO  Keywords:301 - Waiting for webElement...existanceterminating.Insured
2024-08-08 16:47:06 INFO  Keywords:305 - Element found...existanceterminating.Insured
2024-08-08 16:47:06 INFO  Keywords:301 - Waiting for webElement...existanceterminating.InsuredAnnuitant
2024-08-08 16:47:06 INFO  Keywords:305 - Element found...existanceterminating.InsuredAnnuitant
2024-08-08 16:47:06 INFO  Keywords:130 - InputText is called
2024-08-08 16:47:06 INFO  Keywords:301 - Waiting for webElement...existanceterminating.InsuredAnnuitantDOB
2024-08-08 16:47:06 INFO  Keywords:301 - Waiting for webElement...existanceterminating.NumberOfInsured
2024-08-08 16:47:06 INFO  Keywords:130 - InputText is called
2024-08-08 16:47:06 INFO  Keywords:301 - Waiting for webElement...existanceterminating.Owner
2024-08-08 16:47:06 INFO  Keywords:305 - Element found...existanceterminating.Owner
2024-08-08 16:47:06 INFO  Keywords:130 - InputText is called
2024-08-08 16:47:06 INFO  Keywords:301 - Waiting for webElement...existanceterminating.DateIssued
2024-08-08 16:47:06 INFO  Keywords:305 - Element found...existanceterminating.DateIssued
2024-08-08 16:47:06 INFO  Keywords:130 - InputText is called
2024-08-08 16:47:06 INFO  Keywords:301 - Waiting for webElement...existanceterminating.AmountOfInsurance
2024-08-08 16:47:06 INFO  Keywords:305 - Element found...existanceterminating.AmountOfInsurance
2024-08-08 16:47:06 INFO  Keywords:301 - Waiting for webElement...existanceterminating.ExistingInsuranceType
2024-08-08 16:47:06 INFO  Keywords:305 - Element found...existanceterminating.ExistingInsuranceType
2024-08-08 16:47:07 INFO  Keywords:301 - Waiting for webElement...existanceterminating.ProductType
2024-08-08 16:47:07 INFO  Keywords:305 - Element found...existanceterminating.ProductType
2024-08-08 16:47:07 INFO  Keywords:301 - Waiting for webElement...existanceterminating.LifeProductType
2024-08-08 16:47:07 INFO  Keywords:305 - Element found...existanceterminating.LifeProductType
2024-08-08 16:47:07 INFO  Keywords:130 - InputText is called
2024-08-08 16:47:07 INFO  Keywords:301 - Waiting for webElement...existanceterminating.PolicyNo
2024-08-08 16:47:07 INFO  Keywords:305 - Element found...existanceterminating.PolicyNo
2024-08-08 16:47:07 INFO  Keywords:301 - Waiting for webElement...existanceterminating.PurposeOfPolicy
2024-08-08 16:47:07 INFO  Keywords:305 - Element found...existanceterminating.PurposeOfPolicy
2024-08-08 16:47:07 INFO  Keywords:130 - InputText is called
2024-08-08 16:47:07 INFO  Keywords:301 - Waiting for webElement...existance.FaceAmtRiders
2024-08-08 16:47:58 INFO  Keywords:301 - Waiting for webElement...existanceterminating.FundsNewPolicy
2024-08-08 16:47:58 INFO  Keywords:305 - Element found...existanceterminating.FundsNewPolicy
2024-08-08 16:47:58 INFO  Keywords:301 - Waiting for webElement...existanceterminating.ReplacingNewPolicy
2024-08-08 16:47:58 INFO  Keywords:305 - Element found...existanceterminating.ReplacingNewPolicy
2024-08-08 16:47:58 INFO  Keywords:301 - Waiting for webElement...existance.suvivorship
2024-08-08 16:47:58 INFO  Keywords:305 - Element found...existance.suvivorship
2024-08-08 16:47:58 INFO  Keywords:301 - Waiting for webElement...existnace.soldSettled
2024-08-08 16:47:58 INFO  Keywords:305 - Element found...existnace.soldSettled
2024-08-08 16:47:58 INFO  Keywords:301 - Waiting for webElement...existanceterminating.ReplacementThType
2024-08-08 16:48:49 INFO  Keywords:301 - Waiting for webElement...existanceterminating.1035ThExchange
2024-08-08 16:49:39 INFO  Keywords:130 - InputText is called
2024-08-08 16:49:39 INFO  Keywords:301 - Waiting for webElement...existing.OwnerSSN
2024-08-08 16:50:29 INFO  Keywords:301 - Waiting for webElement...existing.loanPolicy
2024-08-08 16:50:29 INFO  Keywords:301 - Waiting for webElement...existing.Transfer
2024-08-08 16:51:20 INFO  Keywords:130 - InputText is called
2024-08-08 16:51:20 INFO  Keywords:301 - Waiting for webElement...existanceterminating.ReasonReplacement
2024-08-08 16:52:10 INFO  Keywords:130 - InputText is called
2024-08-08 16:52:10 INFO  Keywords:301 - Waiting for webElement...existanceterminating.NoOfPolicy
2024-08-08 16:53:00 INFO  Keywords:130 - InputText is called
2024-08-08 16:53:00 INFO  Keywords:301 - Waiting for webElement...existanceterminating.PremiumPayment
2024-08-08 16:53:50 INFO  Keywords:130 - InputText is called
2024-08-08 16:53:50 INFO  Keywords:301 - Waiting for webElement...existanceterminating.FrequencyPremium
2024-08-08 16:54:41 INFO  Keywords:130 - InputText is called
2024-08-08 16:54:41 INFO  Keywords:301 - Waiting for webElement...existanceterminating.AmountBeingExchanged
2024-08-08 16:55:31 INFO  Keywords:130 - InputText is called
2024-08-08 16:55:31 INFO  Keywords:301 - Waiting for webElement...existanceterminating.SurrenderCharge
2024-08-08 16:56:22 INFO  Keywords:130 - InputText is called
2024-08-08 16:56:22 INFO  Keywords:301 - Waiting for webElement...existanceterminating.DeathBenefit
2024-08-08 16:57:12 INFO  Keywords:130 - InputText is called
2024-08-08 16:57:12 INFO  Keywords:301 - Waiting for webElement...existanceterminating.SpecialFeatures
2024-08-08 16:58:03 INFO  Keywords:301 - Waiting for webElement...existance.WillReplaceCoverage
2024-08-08 16:58:53 INFO  Keywords:301 - Waiting for webElement...existinginsurance.longtermpolicyYes
2024-08-08 16:58:53 INFO  Keywords:305 - Element found...existinginsurance.longtermpolicyYes
2024-08-08 16:58:53 INFO  Keywords:130 - InputText is called
2024-08-08 16:58:53 INFO  Keywords:301 - Waiting for webElement...existinglongtermpolicy.InsuranceName
2024-08-08 16:58:53 INFO  Keywords:305 - Element found...existinglongtermpolicy.InsuranceName
2024-08-08 16:58:53 INFO  Keywords:130 - InputText is called
2024-08-08 16:58:53 INFO  Keywords:301 - Waiting for webElement...existinglongtermpolicy.policyCertificateNumber
2024-08-08 16:58:53 INFO  Keywords:305 - Element found...existinglongtermpolicy.policyCertificateNumber
2024-08-08 16:58:53 INFO  Keywords:130 - InputText is called
2024-08-08 16:58:53 INFO  Keywords:301 - Waiting for webElement...existinglongtermpolicy.ProductName
2024-08-08 16:58:53 INFO  Keywords:305 - Element found...existinglongtermpolicy.ProductName
2024-08-08 16:58:53 INFO  Keywords:301 - Waiting for webElement...existinglongtermpolicy.ProductType
2024-08-08 16:58:53 INFO  Keywords:305 - Element found...existinglongtermpolicy.ProductType
2024-08-08 16:58:54 INFO  Keywords:130 - InputText is called
2024-08-08 16:58:54 INFO  Keywords:301 - Waiting for webElement...existinglongtermpolicy.Insured
2024-08-08 16:58:54 INFO  Keywords:305 - Element found...existinglongtermpolicy.Insured
2024-08-08 16:58:54 INFO  Keywords:130 - InputText is called
2024-08-08 16:58:54 INFO  Keywords:301 - Waiting for webElement...existinglongtermpolicy.Owner
2024-08-08 16:58:54 INFO  Keywords:305 - Element found...existinglongtermpolicy.Owner
2024-08-08 16:58:54 INFO  Keywords:130 - InputText is called
2024-08-08 16:58:54 INFO  Keywords:301 - Waiting for webElement...existinglongtermpolicy.DailyBenefit
2024-08-08 16:58:54 INFO  Keywords:305 - Element found...existinglongtermpolicy.DailyBenefit
2024-08-08 16:58:54 INFO  Keywords:130 - InputText is called
2024-08-08 16:58:54 INFO  Keywords:301 - Waiting for webElement...existinglongtermpolicy.AmountOfInsurance
2024-08-08 16:58:54 INFO  Keywords:305 - Element found...existinglongtermpolicy.AmountOfInsurance
2024-08-08 16:58:54 INFO  Keywords:130 - InputText is called
2024-08-08 16:58:54 INFO  Keywords:301 - Waiting for webElement...existinglongtermpolicy.benefitAmount
2024-08-08 16:58:54 INFO  Keywords:305 - Element found...existinglongtermpolicy.benefitAmount
2024-08-08 16:58:54 INFO  Keywords:130 - InputText is called
2024-08-08 16:58:54 INFO  Keywords:301 - Waiting for webElement...existinglongtermpolicy.benefitPeriod
2024-08-08 16:58:54 INFO  Keywords:305 - Element found...existinglongtermpolicy.benefitPeriod
2024-08-08 16:58:54 INFO  Keywords:301 - Waiting for webElement...existinginsurance.longterminsuranceYes
2024-08-08 16:58:54 INFO  Keywords:305 - Element found...existinginsurance.longterminsuranceYes
2024-08-08 16:58:54 INFO  Keywords:130 - InputText is called
2024-08-08 16:58:54 INFO  Keywords:301 - Waiting for webElement...existinglongterminsurance.InsuranceCompany
2024-08-08 16:58:54 INFO  Keywords:305 - Element found...existinglongterminsurance.InsuranceCompany
2024-08-08 16:58:54 INFO  Keywords:130 - InputText is called
2024-08-08 16:58:54 INFO  Keywords:301 - Waiting for webElement...existinglongterminsurance.Certificate
2024-08-08 16:58:54 INFO  Keywords:305 - Element found...existinglongterminsurance.Certificate
2024-08-08 16:58:54 INFO  Keywords:130 - InputText is called
2024-08-08 16:58:54 INFO  Keywords:301 - Waiting for webElement...existinglongterminsurance.LTCBenefit
2024-08-08 16:58:54 INFO  Keywords:305 - Element found...existinglongterminsurance.LTCBenefit
2024-08-08 16:58:54 INFO  Keywords:130 - InputText is called
2024-08-08 16:58:54 INFO  Keywords:301 - Waiting for webElement...existinglongterminsurance.IssueDate
2024-08-08 16:58:54 INFO  Keywords:305 - Element found...existinglongterminsurance.IssueDate
2024-08-08 16:58:54 INFO  Keywords:130 - InputText is called
2024-08-08 16:58:54 INFO  Keywords:301 - Waiting for webElement...existinglongterminsurance.LapseDate
2024-08-08 16:58:54 INFO  Keywords:305 - Element found...existinglongterminsurance.LapseDate
2024-08-08 16:58:54 INFO  Keywords:301 - Waiting for webElement...existance.AgentReadNotice
2024-08-08 16:59:45 INFO  Keywords:141 - ClickOnLink is called
2024-08-08 16:59:45 INFO  Keywords:301 - Waiting for webElement...next
2024-08-08 16:59:45 INFO  Keywords:305 - Element found...next
2024-08-08 17:00:04 INFO  Keywords:301 - Waiting for webElement...AgentCertify
2024-08-08 17:00:04 INFO  Keywords:305 - Element found...AgentCertify
2024-08-08 17:00:04 INFO  Keywords:141 - ClickOnLink is called
2024-08-08 17:00:04 INFO  Keywords:301 - Waiting for webElement...next
2024-08-08 17:00:04 INFO  Keywords:305 - Element found...next
2024-08-08 17:00:23 INFO  Keywords:130 - InputText is called
2024-08-08 17:00:23 INFO  Keywords:301 - Waiting for webElement...additionalclientquestion.q1
2024-08-08 17:00:23 INFO  Keywords:305 - Element found...additionalclientquestion.q1
2024-08-08 17:00:23 INFO  Keywords:130 - InputText is called
2024-08-08 17:00:23 INFO  Keywords:301 - Waiting for webElement...additionalclientquestion.q2
2024-08-08 17:00:23 INFO  Keywords:305 - Element found...additionalclientquestion.q2
2024-08-08 17:00:23 INFO  Keywords:130 - InputText is called
2024-08-08 17:00:23 INFO  Keywords:301 - Waiting for webElement...additionalclientquestion.q3
2024-08-08 17:00:23 INFO  Keywords:305 - Element found...additionalclientquestion.q3
2024-08-08 17:00:23 INFO  Keywords:130 - InputText is called
2024-08-08 17:00:23 INFO  Keywords:301 - Waiting for webElement...additionalclientquestion.q4
2024-08-08 17:01:13 INFO  Keywords:130 - InputText is called
2024-08-08 17:01:13 INFO  Keywords:301 - Waiting for webElement...additionalclientquestion.q5
2024-08-08 17:02:04 INFO  Keywords:506 - GetText is called
2024-08-08 17:02:04 INFO  Keywords:301 - Waiting for webElement...ebixTxnID
2024-08-08 17:02:04 INFO  Keywords:305 - Element found...ebixTxnID
2024-08-08 17:02:04 INFO  Keywords:510 - LinkId: 534318
2024-08-08 17:02:04 INFO  Keywords:554 - LinkId: 534318
2024-08-08 17:02:04 INFO  Keywords:506 - GetText is called
2024-08-08 17:02:04 INFO  Keywords:301 - Waiting for webElement...ebixTxnID
2024-08-08 17:02:04 INFO  Keywords:305 - Element found...ebixTxnID
2024-08-08 17:02:04 INFO  Keywords:510 - LinkId: 534318
2024-08-08 17:02:04 INFO  Keywords:141 - ClickOnLink is called
2024-08-08 17:02:04 INFO  Keywords:301 - Waiting for webElement...next
2024-08-08 17:02:04 INFO  Keywords:305 - Element found...next
2024-08-08 17:02:07 INFO  Keywords:301 - Waiting for webElement...AnnuitiesCompany
2024-08-08 17:02:07 INFO  Keywords:305 - Element found...AnnuitiesCompany
2024-08-08 17:02:07 INFO  Keywords:301 - Waiting for webElement...InsuranceReplace
2024-08-08 17:02:07 INFO  Keywords:305 - Element found...InsuranceReplace
2024-08-08 17:02:08 INFO  Keywords:301 - Waiting for webElement...Carrier.ReplacingJH
2024-08-08 17:02:08 INFO  Keywords:305 - Element found...Carrier.ReplacingJH
2024-08-08 17:02:08 INFO  Keywords:301 - Waiting for webElement...Carrier.InterestIssue
2024-08-08 17:02:08 INFO  Keywords:305 - Element found...Carrier.InterestIssue
2024-08-08 17:02:08 INFO  Keywords:301 - Waiting for webElement...Carrier.EntityConnection
2024-08-08 17:02:08 INFO  Keywords:305 - Element found...Carrier.EntityConnection
2024-08-08 17:02:08 INFO  Keywords:130 - InputText is called
2024-08-08 17:02:08 INFO  Keywords:301 - Waiting for webElement...PremiumCollected
2024-08-08 17:02:08 INFO  Keywords:305 - Element found...PremiumCollected
2024-08-08 17:02:08 INFO  Keywords:301 - Waiting for webElement...ResultApplication
2024-08-08 17:02:08 INFO  Keywords:305 - Element found...ResultApplication
2024-08-08 17:02:09 INFO  Keywords:130 - InputText is called
2024-08-08 17:02:09 INFO  Keywords:301 - Waiting for webElement...ResultGiveDetails
2024-08-08 17:02:09 INFO  Keywords:305 - Element found...ResultGiveDetails
2024-08-08 17:02:09 INFO  Keywords:301 - Waiting for webElement...PolicySettlement
2024-08-08 17:02:09 INFO  Keywords:305 - Element found...PolicySettlement
2024-08-08 17:02:09 INFO  Keywords:301 - Waiting for webElement...PremiumLoans
2024-08-08 17:02:09 INFO  Keywords:305 - Element found...PremiumLoans
2024-08-08 17:02:09 INFO  Keywords:301 - Waiting for webElement...EvaluatingFinancing
2024-08-08 17:02:09 INFO  Keywords:305 - Element found...EvaluatingFinancing
2024-08-08 17:02:09 INFO  Keywords:301 - Waiting for webElement...PersonallyInsured
2024-08-08 17:02:09 INFO  Keywords:305 - Element found...PersonallyInsured
2024-08-08 17:02:10 INFO  Keywords:301 - Waiting for webElement...PolicyProposedInsured
2024-08-08 17:02:10 INFO  Keywords:305 - Element found...PolicyProposedInsured
2024-08-08 17:02:10 INFO  Keywords:301 - Waiting for webElement...ProposedInsuredWritten
2024-08-08 17:03:00 INFO  Keywords:301 - Waiting for webElement...ConsentRelationshipTerminates
2024-08-08 17:03:51 INFO  Keywords:130 - InputText is called
2024-08-08 17:03:51 INFO  Keywords:301 - Waiting for webElement...HealthPoliciesForce
2024-08-08 17:03:51 INFO  Keywords:305 - Element found...HealthPoliciesForce
2024-08-08 17:03:51 INFO  Keywords:130 - InputText is called
2024-08-08 17:03:51 INFO  Keywords:301 - Waiting for webElement...SoldForceHP
2024-08-08 17:03:51 INFO  Keywords:305 - Element found...SoldForceHP
2024-08-08 17:03:51 INFO  Keywords:130 - InputText is called
2024-08-08 17:03:51 INFO  Keywords:301 - Waiting for webElement...NameWholeSaler
2024-08-08 17:03:51 INFO  Keywords:305 - Element found...NameWholeSaler
2024-08-08 17:03:51 INFO  Keywords:130 - InputText is called
2024-08-08 17:03:51 INFO  Keywords:301 - Waiting for webElement...ExistingReplacedCarier
2024-08-08 17:04:41 INFO  Keywords:301 - Waiting for webElement...Carrier.LPA
2024-08-08 17:04:41 INFO  Keywords:305 - Element found...Carrier.LPA
2024-08-08 17:04:51 INFO  Keywords:130 - InputText is called
2024-08-08 17:04:51 INFO  Keywords:301 - Waiting for webElement...Carrier.CuurentSurrenderValue
2024-08-08 17:04:51 INFO  Keywords:305 - Element found...Carrier.CuurentSurrenderValue
2024-08-08 17:04:51 INFO  Keywords:301 - Waiting for webElement...Carrier.ArmedReserves
2024-08-08 17:04:51 INFO  Keywords:305 - Element found...Carrier.ArmedReserves
2024-08-08 17:04:51 INFO  Keywords:301 - Waiting for webElement...Carrier.CriticalIllness
2024-08-08 17:05:42 INFO  Keywords:301 - Waiting for webElement...Carrier.DateApplication
2024-08-08 17:06:32 INFO  Keywords:301 - Waiting for webElement...Carrier.SignedIllustration
2024-08-08 17:06:32 INFO  Keywords:305 - Element found...Carrier.SignedIllustration
2024-08-08 17:06:32 INFO  Keywords:301 - Waiting for webElement...Carrier.PolicyDelivered
2024-08-08 17:06:32 INFO  Keywords:305 - Element found...Carrier.PolicyDelivered
2024-08-08 17:06:43 INFO  Keywords:301 - Waiting for webElement...Carrier.InsuranceCoverage
2024-08-08 17:06:43 INFO  Keywords:305 - Element found...Carrier.InsuranceCoverage
2024-08-08 17:06:43 INFO  Keywords:130 - InputText is called
2024-08-08 17:06:43 INFO  Keywords:301 - Waiting for webElement...Carrier.AcceptPlan
2024-08-08 17:06:43 INFO  Keywords:305 - Element found...Carrier.AcceptPlan
2024-08-08 17:06:43 INFO  Keywords:301 - Waiting for webElement...Carrier.PremiumPaymentSrc
2024-08-08 17:06:43 INFO  Keywords:305 - Element found...Carrier.PremiumPaymentSrc
2024-08-08 17:06:43 INFO  Keywords:301 - Waiting for webElement...Carrier.CriticalIllness
2024-08-08 17:07:33 INFO  Keywords:141 - ClickOnLink is called
2024-08-08 17:07:33 INFO  Keywords:301 - Waiting for webElement...next
2024-08-08 17:07:33 INFO  Keywords:305 - Element found...next
2024-08-08 17:07:37 INFO  Keywords:130 - InputText is called
2024-08-08 17:07:37 INFO  Keywords:301 - Waiting for webElement...NBNameF
2024-08-08 17:07:38 INFO  Keywords:305 - Element found...NBNameF
2024-08-08 17:07:38 INFO  Keywords:130 - InputText is called
2024-08-08 17:07:38 INFO  Keywords:301 - Waiting for webElement...NBNameL
2024-08-08 17:07:38 INFO  Keywords:305 - Element found...NBNameL
2024-08-08 17:07:38 INFO  Keywords:130 - InputText is called
2024-08-08 17:07:38 INFO  Keywords:301 - Waiting for webElement...NBPhoneW
2024-08-08 17:07:38 INFO  Keywords:305 - Element found...NBPhoneW
2024-08-08 17:07:38 INFO  Keywords:130 - InputText is called
2024-08-08 17:07:38 INFO  Keywords:301 - Waiting for webElement...NBEMail
2024-08-08 17:07:38 INFO  Keywords:305 - Element found...NBEMail
2024-08-08 17:07:38 INFO  Keywords:301 - Waiting for webElement...POSYES
2024-08-08 17:07:38 INFO  Keywords:305 - Element found...POSYES
2024-08-08 17:07:39 INFO  Keywords:130 - InputText is called
2024-08-08 17:07:39 INFO  Keywords:301 - Waiting for webElement...POSNAmeF
2024-08-08 17:08:29 INFO  Keywords:130 - InputText is called
2024-08-08 17:08:29 INFO  Keywords:301 - Waiting for webElement...POSNAmeL
2024-08-08 17:09:19 INFO  Keywords:130 - InputText is called
2024-08-08 17:09:19 INFO  Keywords:301 - Waiting for webElement...POSWork
2024-08-08 17:10:10 INFO  Keywords:130 - InputText is called
2024-08-08 17:10:10 INFO  Keywords:301 - Waiting for webElement...POSEmail
2024-08-08 17:11:16 INFO  Keywords:141 - ClickOnLink is called
2024-08-08 17:11:16 INFO  Keywords:301 - Waiting for webElement...validate.button
2024-08-08 17:11:58 INFO  Keywords:141 - ClickOnLink is called
2024-08-08 17:11:58 INFO  Keywords:301 - Waiting for webElement...notification.continue
2024-08-08 17:12:24 INFO  Keywords:141 - ClickOnLink is called
2024-08-08 17:12:24 INFO  Keywords:301 - Waiting for webElement...esignature.optout
2024-08-08 17:14:05 INFO  Keywords:153 - VerifyText is called
2024-08-08 17:14:05 INFO  Keywords:301 - Waiting for webElement...WebElement
2024-08-08 17:14:05 INFO  Keywords:141 - ClickOnLink is called
2024-08-08 17:14:05 INFO  Keywords:301 - Waiting for webElement...attachment
2024-08-08 17:14:05 INFO  Keywords:305 - Element found...attachment
2024-08-08 17:14:05 INFO  Keywords:301 - Waiting for webElement...attachment.documenttype
2024-08-08 17:14:07 INFO  Keywords:305 - Element found...attachment.documenttype
2024-08-08 17:14:07 INFO  Keywords:130 - InputText is called
2024-08-08 17:14:07 INFO  Keywords:301 - Waiting for webElement...attachment.choosefile
2024-08-08 17:14:07 INFO  Keywords:305 - Element found...attachment.choosefile
2024-08-08 17:14:07 INFO  Keywords:141 - ClickOnLink is called
2024-08-08 17:14:07 INFO  Keywords:301 - Waiting for webElement...attachment.upload
2024-08-08 17:14:07 INFO  Keywords:305 - Element found...attachment.upload
2024-08-08 17:14:25 INFO  Keywords:141 - ClickOnLink is called
2024-08-08 17:14:25 INFO  Keywords:301 - Waiting for webElement...RequestSignatures
2024-08-08 17:14:51 INFO  Keywords:301 - Waiting for webElement...attachment.documenttype
2024-08-08 17:14:51 INFO  Keywords:305 - Element found...attachment.documenttype
2024-08-08 17:14:51 INFO  Keywords:130 - InputText is called
2024-08-08 17:14:51 INFO  Keywords:301 - Waiting for webElement...attachment.choosefile
2024-08-08 17:14:51 INFO  Keywords:305 - Element found...attachment.choosefile
2024-08-08 17:14:51 INFO  Keywords:141 - ClickOnLink is called
2024-08-08 17:14:51 INFO  Keywords:301 - Waiting for webElement...attachment.upload
2024-08-08 17:14:51 INFO  Keywords:305 - Element found...attachment.upload
2024-08-08 17:15:07 INFO  Keywords:141 - ClickOnLink is called
2024-08-08 17:15:07 INFO  Keywords:301 - Waiting for webElement...SubmitButton
2024-08-08 17:16:48 INFO  Keywords:451 - switching to parent window...
2024-08-08 17:16:48 INFO  Keywords:104 - Navigate is called
2024-08-08 17:16:49 INFO  Keywords:520 - ClearText is called
2024-08-08 17:16:49 INFO  Keywords:301 - Waiting for webElement...gateway.username
2024-08-08 17:16:49 INFO  Keywords:305 - Element found...gateway.username
2024-08-08 17:16:49 INFO  Keywords:524 - LinkId: 534318
2024-08-08 17:16:49 INFO  Keywords:130 - InputText is called
2024-08-08 17:16:49 INFO  Keywords:301 - Waiting for webElement...gateway.username
2024-08-08 17:16:49 INFO  Keywords:305 - Element found...gateway.username
2024-08-08 17:16:49 INFO  Keywords:520 - ClearText is called
2024-08-08 17:16:49 INFO  Keywords:301 - Waiting for webElement...gateway.password
2024-08-08 17:16:49 INFO  Keywords:305 - Element found...gateway.password
2024-08-08 17:16:49 INFO  Keywords:524 - LinkId: 534318
2024-08-08 17:16:49 INFO  Keywords:130 - InputText is called
2024-08-08 17:16:49 INFO  Keywords:301 - Waiting for webElement...gateway.password
2024-08-08 17:16:49 INFO  Keywords:305 - Element found...gateway.password
2024-08-08 17:16:49 INFO  Keywords:141 - ClickOnLink is called
2024-08-08 17:16:49 INFO  Keywords:301 - Waiting for webElement...gateway.login
2024-08-08 17:16:49 INFO  Keywords:305 - Element found...gateway.login
2024-08-08 17:17:07 INFO  Keywords:141 - ClickOnLink is called
2024-08-08 17:17:07 INFO  Keywords:301 - Waiting for webElement...management
2024-08-08 17:17:07 INFO  Keywords:305 - Element found...management
2024-08-08 17:17:07 INFO  Keywords:301 - Waiting for webElement...managementTools
2024-08-08 17:17:07 INFO  Keywords:305 - Element found...managementTools
2024-08-08 17:17:08 INFO  Keywords:141 - ClickOnLink is called
2024-08-08 17:17:08 INFO  Keywords:301 - Waiting for webElement...feedManagement
2024-08-08 17:17:08 INFO  Keywords:305 - Element found...feedManagement
2024-08-08 17:17:25 INFO  Keywords:141 - ClickOnLink is called
2024-08-08 17:17:25 INFO  Keywords:301 - Waiting for webElement...searchPanel
2024-08-08 17:17:25 INFO  Keywords:305 - Element found...searchPanel
2024-08-08 17:17:25 INFO  Keywords:301 - Waiting for webElement...selectTransactionID
2024-08-08 17:17:25 INFO  Keywords:305 - Element found...selectTransactionID
2024-08-08 17:17:25 INFO  Keywords:130 - InputText is called
2024-08-08 17:17:25 INFO  Keywords:301 - Waiting for webElement...enterTransactioID
2024-08-08 17:17:25 INFO  Keywords:305 - Element found...enterTransactioID
2024-08-08 17:17:25 INFO  Keywords:141 - ClickOnLink is called
2024-08-08 17:17:25 INFO  Keywords:301 - Waiting for webElement...searchbutton
2024-08-08 17:17:25 INFO  Keywords:305 - Element found...searchbutton
2024-08-08 17:17:41 INFO  Keywords:141 - ClickOnLink is called
2024-08-08 17:17:41 INFO  Keywords:301 - Waiting for webElement...transactionSearchmyResult
2024-08-08 17:17:41 INFO  Keywords:305 - Element found...transactionSearchmyResult
2024-08-08 17:17:58 INFO  Keywords:141 - ClickOnLink is called
2024-08-08 17:17:58 INFO  Keywords:301 - Waiting for webElement...onenotThree
2024-08-08 17:17:58 INFO  Keywords:305 - Element found...onenotThree
2024-08-08 17:17:58 INFO  Keywords:301 - Waiting for webElement...103ResponseXML
2024-08-08 17:18:40 INFO  Keywords:451 - switching to parent window...
2024-08-08 17:18:40 INFO  Keywords:104 - Navigate is called
2024-08-08 17:18:40 INFO  Keywords:520 - ClearText is called
2024-08-08 17:18:40 INFO  Keywords:301 - Waiting for webElement...gateway.username
2024-08-08 17:18:40 INFO  Keywords:305 - Element found...gateway.username
2024-08-08 17:18:40 INFO  Keywords:524 - LinkId: 534318
2024-08-08 17:18:40 INFO  Keywords:130 - InputText is called
2024-08-08 17:18:40 INFO  Keywords:301 - Waiting for webElement...gateway.username
2024-08-08 17:18:40 INFO  Keywords:305 - Element found...gateway.username
2024-08-08 17:18:41 INFO  Keywords:520 - ClearText is called
2024-08-08 17:18:41 INFO  Keywords:301 - Waiting for webElement...gateway.password
2024-08-08 17:18:41 INFO  Keywords:305 - Element found...gateway.password
2024-08-08 17:18:41 INFO  Keywords:524 - LinkId: 534318
2024-08-08 17:18:41 INFO  Keywords:130 - InputText is called
2024-08-08 17:18:41 INFO  Keywords:301 - Waiting for webElement...gateway.password
2024-08-08 17:18:41 INFO  Keywords:305 - Element found...gateway.password
2024-08-08 17:18:41 INFO  Keywords:141 - ClickOnLink is called
2024-08-08 17:18:41 INFO  Keywords:301 - Waiting for webElement...gateway.login
2024-08-08 17:18:41 INFO  Keywords:305 - Element found...gateway.login
2024-08-08 17:18:58 INFO  Keywords:141 - ClickOnLink is called
2024-08-08 17:18:58 INFO  Keywords:301 - Waiting for webElement...management
2024-08-08 17:18:58 INFO  Keywords:305 - Element found...management
2024-08-08 17:18:58 INFO  Keywords:301 - Waiting for webElement...managementTools
2024-08-08 17:18:58 INFO  Keywords:305 - Element found...managementTools
2024-08-08 17:18:59 INFO  Keywords:141 - ClickOnLink is called
2024-08-08 17:18:59 INFO  Keywords:301 - Waiting for webElement...feedManagement
2024-08-08 17:18:59 INFO  Keywords:305 - Element found...feedManagement
2024-08-08 17:19:15 INFO  Keywords:141 - ClickOnLink is called
2024-08-08 17:19:15 INFO  Keywords:301 - Waiting for webElement...searchPanel
2024-08-08 17:19:15 INFO  Keywords:305 - Element found...searchPanel
2024-08-08 17:19:16 INFO  Keywords:301 - Waiting for webElement...selectTransactionID
2024-08-08 17:19:16 INFO  Keywords:305 - Element found...selectTransactionID
2024-08-08 17:19:16 INFO  Keywords:130 - InputText is called
2024-08-08 17:19:16 INFO  Keywords:301 - Waiting for webElement...enterTransactioID
2024-08-08 17:19:16 INFO  Keywords:305 - Element found...enterTransactioID
2024-08-08 17:19:16 INFO  Keywords:141 - ClickOnLink is called
2024-08-08 17:19:16 INFO  Keywords:301 - Waiting for webElement...searchbutton
2024-08-08 17:19:16 INFO  Keywords:305 - Element found...searchbutton
2024-08-08 17:19:32 INFO  Keywords:141 - ClickOnLink is called
2024-08-08 17:19:32 INFO  Keywords:301 - Waiting for webElement...transactionSearchmyResult
2024-08-08 17:19:32 INFO  Keywords:305 - Element found...transactionSearchmyResult
2024-08-08 17:19:48 INFO  Keywords:141 - ClickOnLink is called
2024-08-08 17:19:48 INFO  Keywords:301 - Waiting for webElement...RTSMButton
2024-08-08 17:19:48 INFO  Keywords:305 - Element found...RTSMButton
2024-08-08 17:19:49 INFO  Keywords:301 - Waiting for webElement...RTSMResponseXML
2024-08-08 17:20:39 INFO  Keywords:104 - Navigate is called
2024-08-08 17:20:41 INFO  Keywords:130 - InputText is called
2024-08-08 17:20:41 INFO  Keywords:301 - Waiting for webElement...gateway.username
2024-08-08 17:20:41 INFO  Keywords:305 - Element found...gateway.username
2024-08-08 17:20:41 INFO  Keywords:130 - InputText is called
2024-08-08 17:20:41 INFO  Keywords:301 - Waiting for webElement...gateway.password
2024-08-08 17:20:41 INFO  Keywords:305 - Element found...gateway.password
2024-08-08 17:20:41 INFO  Keywords:141 - ClickOnLink is called
2024-08-08 17:20:41 INFO  Keywords:301 - Waiting for webElement...gateway.login
2024-08-08 17:20:41 INFO  Keywords:305 - Element found...gateway.login
2024-08-08 17:21:23 INFO  Keywords:141 - ClickOnLink is called
2024-08-08 17:21:23 INFO  Keywords:301 - Waiting for webElement...postsamldata
2024-08-08 17:21:49 INFO  Keywords:141 - ClickOnLink is called
2024-08-08 17:21:49 INFO  Keywords:301 - Waiting for webElement...next
2024-08-08 17:22:15 INFO  Keywords:301 - Waiting for webElement...policyConfiguration.DeathBenefit
2024-08-08 17:22:25 INFO  Keywords:301 - Waiting for webElement...policyConfiguration.LTCOption
2024-08-08 17:22:35 INFO  Keywords:301 - Waiting for webElement...policyConfiguration.MonthPercentage
2024-08-08 17:22:46 INFO  Keywords:130 - InputText is called
2024-08-08 17:22:46 INFO  Keywords:301 - Waiting for webElement...policyConfiguration.ABPercentage
2024-08-08 17:22:56 INFO  Keywords:301 - Waiting for webElement...policyConfiguration.payors
2024-08-08 17:23:06 INFO  Keywords:301 - Waiting for webElement...policyConfiguration.purposeofpolicy
2024-08-08 17:23:16 INFO  Keywords:141 - ClickOnLink is called
2024-08-08 17:23:16 INFO  Keywords:301 - Waiting for webElement...next
2024-08-08 17:24:56 INFO  Keywords:301 - Waiting for webElement...primaryinsured.birthcountry
2024-08-08 17:25:06 INFO  Keywords:301 - Waiting for webElement...primaryinsured.birthstate
2024-08-08 17:25:16 INFO  Keywords:130 - InputText is called
2024-08-08 17:25:16 INFO  Keywords:301 - Waiting for webElement...primaryinsured.birthcity
2024-08-08 17:25:26 INFO  Keywords:141 - ClickOnLink is called
2024-08-08 17:25:26 INFO  Keywords:301 - Waiting for webElement...next
2024-08-08 17:25:52 INFO  Keywords:141 - ClickOnLink is called
2024-08-08 17:25:52 INFO  Keywords:301 - Waiting for webElement...next
2024-08-08 17:26:18 INFO  Keywords:301 - Waiting for webElement...financialDetails.SourceOfFundsLI
2024-08-08 17:26:28 INFO  Keywords:301 - Waiting for webElement...financialDetails.SurrenderChargeSOFLI
2024-08-08 17:26:38 INFO  Keywords:301 - Waiting for webElement...financialDetails.envisiontaking
2024-08-08 17:26:48 INFO  Keywords:301 - Waiting for webElement...financialDetails.federalfaxbracket
2024-08-08 17:26:58 INFO  Keywords:301 - Waiting for webElement...financialDetails.riskTolerance
2024-08-08 17:27:08 INFO  Keywords:301 - Waiting for webElement...financialDetails.Investmentobjectives
2024-08-08 17:27:18 INFO  Keywords:301 - Waiting for webElement...financialDetails.timehorizon
2024-08-08 17:27:28 INFO  Keywords:301 - Waiting for webElement...financialDetails.investmentexperienceFA
2024-08-08 17:27:39 INFO  Keywords:130 - InputText is called
2024-08-08 17:27:39 INFO  Keywords:301 - Waiting for webElement...financialDetails.investmentstartyear
2024-08-08 17:27:49 INFO  Keywords:130 - InputText is called
2024-08-08 17:27:49 INFO  Keywords:301 - Waiting for webElement...financialdetails.wages
2024-08-08 17:27:59 INFO  Keywords:130 - InputText is called
2024-08-08 17:27:59 INFO  Keywords:301 - Waiting for webElement...financialdetails.livingexpenses
2024-08-08 17:28:09 INFO  Keywords:130 - InputText is called
2024-08-08 17:28:09 INFO  Keywords:301 - Waiting for webElement...financialdetails.personalinvestment
2024-08-08 17:28:19 INFO  Keywords:130 - InputText is called
2024-08-08 17:28:19 INFO  Keywords:301 - Waiting for webElement...financialdetails.fixeddebtexpenses
2024-08-08 17:28:29 INFO  Keywords:130 - InputText is called
2024-08-08 17:28:29 INFO  Keywords:301 - Waiting for webElement...financialdetails.rentalincome
2024-08-08 17:28:39 INFO  Keywords:130 - InputText is called
2024-08-08 17:28:39 INFO  Keywords:301 - Waiting for webElement...financialdetails.variabledebtexpenses
2024-08-08 17:28:49 INFO  Keywords:130 - InputText is called
2024-08-08 17:28:49 INFO  Keywords:301 - Waiting for webElement...financialdetails.incomepension
2024-08-08 17:28:59 INFO  Keywords:130 - InputText is called
2024-08-08 17:28:59 INFO  Keywords:301 - Waiting for webElement...financialdetails.discretionaryexpenses
2024-08-08 17:29:09 INFO  Keywords:130 - InputText is called
2024-08-08 17:29:09 INFO  Keywords:301 - Waiting for webElement...financialdetails.socialsecurityincome
2024-08-08 17:29:19 INFO  Keywords:130 - InputText is called
2024-08-08 17:29:19 INFO  Keywords:301 - Waiting for webElement...financialdetails.otherincome
2024-08-08 17:29:29 INFO  Keywords:130 - InputText is called
2024-08-08 17:29:29 INFO  Keywords:301 - Waiting for webElement...financialdetails.bonds
2024-08-08 17:29:39 INFO  Keywords:130 - InputText is called
2024-08-08 17:29:39 INFO  Keywords:301 - Waiting for webElement...financialdetails.businessTrustRealstate
2024-08-08 17:29:49 INFO  Keywords:130 - InputText is called
2024-08-08 17:29:49 INFO  Keywords:301 - Waiting for webElement...financialdetails.retirementplan
2024-08-08 17:29:59 INFO  Keywords:130 - InputText is called
2024-08-08 17:29:59 INFO  Keywords:301 - Waiting for webElement...financialdetails.equities
2024-08-08 17:30:10 INFO  Keywords:130 - InputText is called
2024-08-08 17:30:10 INFO  Keywords:301 - Waiting for webElement...financialdetails.facevalueilfeinsurance
2024-08-08 17:30:20 INFO  Keywords:130 - InputText is called
2024-08-08 17:30:20 INFO  Keywords:301 - Waiting for webElement...financialdetails.fixedannuity
2024-08-08 17:30:30 INFO  Keywords:130 - InputText is called
2024-08-08 17:30:30 INFO  Keywords:301 - Waiting for webElement...financialdetails.indexannuity
2024-08-08 17:30:40 INFO  Keywords:130 - InputText is called
2024-08-08 17:30:40 INFO  Keywords:301 - Waiting for webElement...financialdetails.liquidnetworth
2024-08-08 17:30:50 INFO  Keywords:130 - InputText is called
2024-08-08 17:30:50 INFO  Keywords:301 - Waiting for webElement...financialdetails.mutualfund
2024-08-08 17:31:00 INFO  Keywords:130 - InputText is called
2024-08-08 17:31:00 INFO  Keywords:301 - Waiting for webElement...financialdetails.otherbrokerage
2024-08-08 17:31:10 INFO  Keywords:130 - InputText is called
2024-08-08 17:31:10 INFO  Keywords:301 - Waiting for webElement...financialdetails.policypremium
2024-08-08 17:31:20 INFO  Keywords:130 - InputText is called
2024-08-08 17:31:20 INFO  Keywords:301 - Waiting for webElement...financialdetails.variableannuity
2024-08-08 17:31:30 INFO  Keywords:130 - InputText is called
2024-08-08 17:31:30 INFO  Keywords:301 - Waiting for webElement...financialdetails.totalpremium
2024-08-08 17:31:40 INFO  Keywords:301 - Waiting for webElement...financialdetails.anticipatedchanges
2024-08-08 17:31:50 INFO  Keywords:301 - Waiting for webElement...financialdetails.nonguaranteedelement
2024-08-08 17:32:00 INFO  Keywords:301 - Waiting for webElement...financialdetails.reversemortgage
2024-08-08 17:32:10 INFO  Keywords:141 - ClickOnLink is called
2024-08-08 17:32:10 INFO  Keywords:301 - Waiting for webElement...next
2024-08-08 17:32:36 INFO  Keywords:301 - Waiting for webElement...payment.modal
2024-08-08 17:33:02 INFO  Keywords:301 - Waiting for webElement...payment.method
2024-08-08 17:33:12 INFO  Keywords:130 - InputText is called
2024-08-08 17:33:12 INFO  Keywords:301 - Waiting for webElement...payment.premium
2024-08-08 17:33:23 INFO  Keywords:141 - ClickOnLink is called
2024-08-08 17:33:23 INFO  Keywords:301 - Waiting for webElement...next
2024-08-08 17:33:49 INFO  Keywords:301 - Waiting for webElement...existinginsurance.borrowingfunds
2024-08-08 17:33:59 INFO  Keywords:301 - Waiting for webElement...existinginsurance.terminatingexistinglifepolicy
2024-08-08 17:34:09 INFO  Keywords:301 - Waiting for webElement...existinginsurance.longtermcoverage
2024-08-08 17:34:19 INFO  Keywords:301 - Waiting for webElement...existanceterminating.InsuranceCompanyName
2024-08-08 17:34:29 INFO  Keywords:130 - InputText is called
2024-08-08 17:34:29 INFO  Keywords:301 - Waiting for webElement...existanceterminating.ProductName
2024-08-08 17:34:39 INFO  Keywords:130 - InputText is called
2024-08-08 17:34:39 INFO  Keywords:301 - Waiting for webElement...existanceterminating.Insured
2024-08-08 17:34:49 INFO  Keywords:301 - Waiting for webElement...existanceterminating.InsuredAnnuitant
2024-08-08 17:34:59 INFO  Keywords:130 - InputText is called
2024-08-08 17:34:59 INFO  Keywords:301 - Waiting for webElement...existanceterminating.InsuredAnnuitantDOB
2024-08-08 17:34:59 INFO  Keywords:301 - Waiting for webElement...existanceterminating.NumberOfInsured
2024-08-08 17:34:59 INFO  Keywords:130 - InputText is called
2024-08-08 17:34:59 INFO  Keywords:301 - Waiting for webElement...existanceterminating.Owner
2024-08-08 17:35:09 INFO  Keywords:130 - InputText is called
2024-08-08 17:35:09 INFO  Keywords:301 - Waiting for webElement...existanceterminating.DateIssued
2024-08-08 17:35:19 INFO  Keywords:130 - InputText is called
2024-08-08 17:35:19 INFO  Keywords:301 - Waiting for webElement...existanceterminating.AmountOfInsurance
2024-08-08 17:35:29 INFO  Keywords:301 - Waiting for webElement...existanceterminating.ExistingInsuranceType
2024-08-08 17:35:39 INFO  Keywords:301 - Waiting for webElement...existanceterminating.ProductType
2024-08-08 17:35:49 INFO  Keywords:301 - Waiting for webElement...existanceterminating.LifeProductType
2024-08-08 17:35:59 INFO  Keywords:130 - InputText is called
2024-08-08 17:35:59 INFO  Keywords:301 - Waiting for webElement...existanceterminating.PolicyNo
2024-08-08 17:36:09 INFO  Keywords:301 - Waiting for webElement...existanceterminating.PurposeOfPolicy
2024-08-08 17:36:20 INFO  Keywords:130 - InputText is called
2024-08-08 17:36:20 INFO  Keywords:301 - Waiting for webElement...existance.FaceAmtRiders
2024-08-08 17:36:30 INFO  Keywords:301 - Waiting for webElement...existanceterminating.FundsNewPolicy
2024-08-08 17:36:40 INFO  Keywords:301 - Waiting for webElement...existanceterminating.ReplacingNewPolicy
2024-08-08 17:36:50 INFO  Keywords:301 - Waiting for webElement...existance.suvivorship
2024-08-08 17:37:00 INFO  Keywords:301 - Waiting for webElement...existnace.soldSettled
2024-08-08 17:37:10 INFO  Keywords:301 - Waiting for webElement...existanceterminating.ReplacementThType
2024-08-08 17:37:20 INFO  Keywords:301 - Waiting for webElement...existanceterminating.1035ThExchange
2024-08-08 17:37:30 INFO  Keywords:130 - InputText is called
2024-08-08 17:37:30 INFO  Keywords:301 - Waiting for webElement...existing.OwnerSSN
2024-08-08 17:37:40 INFO  Keywords:301 - Waiting for webElement...existing.loanPolicy
2024-08-08 17:37:40 INFO  Keywords:301 - Waiting for webElement...existing.Transfer
2024-08-08 17:37:50 INFO  Keywords:130 - InputText is called
2024-08-08 17:37:50 INFO  Keywords:301 - Waiting for webElement...existanceterminating.ReasonReplacement
2024-08-08 17:38:00 INFO  Keywords:130 - InputText is called
2024-08-08 17:38:00 INFO  Keywords:301 - Waiting for webElement...existanceterminating.NoOfPolicy
2024-08-08 17:38:10 INFO  Keywords:130 - InputText is called
2024-08-08 17:38:10 INFO  Keywords:301 - Waiting for webElement...existanceterminating.PremiumPayment
2024-08-08 17:38:20 INFO  Keywords:130 - InputText is called
2024-08-08 17:38:20 INFO  Keywords:301 - Waiting for webElement...existanceterminating.FrequencyPremium
2024-08-08 17:38:30 INFO  Keywords:130 - InputText is called
2024-08-08 17:38:30 INFO  Keywords:301 - Waiting for webElement...existanceterminating.AmountBeingExchanged
2024-08-08 17:38:40 INFO  Keywords:130 - InputText is called
2024-08-08 17:38:40 INFO  Keywords:301 - Waiting for webElement...existanceterminating.SurrenderCharge
2024-08-08 17:38:50 INFO  Keywords:130 - InputText is called
2024-08-08 17:38:50 INFO  Keywords:301 - Waiting for webElement...existanceterminating.DeathBenefit
2024-08-08 17:39:01 INFO  Keywords:130 - InputText is called
2024-08-08 17:39:01 INFO  Keywords:301 - Waiting for webElement...existanceterminating.SpecialFeatures
2024-08-08 17:39:11 INFO  Keywords:301 - Waiting for webElement...existance.WillReplaceCoverage
2024-08-08 17:39:21 INFO  Keywords:301 - Waiting for webElement...existinginsurance.longtermpolicyYes
2024-08-08 17:39:31 INFO  Keywords:130 - InputText is called
2024-08-08 17:39:31 INFO  Keywords:301 - Waiting for webElement...existinglongtermpolicy.InsuranceName
2024-08-08 17:39:41 INFO  Keywords:130 - InputText is called
2024-08-08 17:39:41 INFO  Keywords:301 - Waiting for webElement...existinglongtermpolicy.policyCertificateNumber
2024-08-08 17:39:51 INFO  Keywords:130 - InputText is called
2024-08-08 17:39:51 INFO  Keywords:301 - Waiting for webElement...existinglongtermpolicy.ProductName
2024-08-08 17:40:01 INFO  Keywords:301 - Waiting for webElement...existinglongtermpolicy.ProductType
2024-08-08 17:40:11 INFO  Keywords:130 - InputText is called
2024-08-08 17:40:11 INFO  Keywords:301 - Waiting for webElement...existinglongtermpolicy.Insured
2024-08-08 17:40:21 INFO  Keywords:130 - InputText is called
2024-08-08 17:40:21 INFO  Keywords:301 - Waiting for webElement...existinglongtermpolicy.Owner
2024-08-08 17:40:31 INFO  Keywords:130 - InputText is called
2024-08-08 17:40:31 INFO  Keywords:301 - Waiting for webElement...existinglongtermpolicy.DailyBenefit
2024-08-08 17:40:41 INFO  Keywords:130 - InputText is called
2024-08-08 17:40:41 INFO  Keywords:301 - Waiting for webElement...existinglongtermpolicy.AmountOfInsurance
2024-08-08 17:40:51 INFO  Keywords:130 - InputText is called
2024-08-08 17:40:51 INFO  Keywords:301 - Waiting for webElement...existinglongtermpolicy.benefitAmount
2024-08-08 17:41:01 INFO  Keywords:130 - InputText is called
2024-08-08 17:41:01 INFO  Keywords:301 - Waiting for webElement...existinglongtermpolicy.benefitPeriod
2024-08-08 17:41:11 INFO  Keywords:301 - Waiting for webElement...existinginsurance.longterminsuranceYes
2024-08-08 17:41:22 INFO  Keywords:130 - InputText is called
2024-08-08 17:41:22 INFO  Keywords:301 - Waiting for webElement...existinglongterminsurance.InsuranceCompany
2024-08-08 17:41:32 INFO  Keywords:130 - InputText is called
2024-08-08 17:41:32 INFO  Keywords:301 - Waiting for webElement...existinglongterminsurance.Certificate
2024-08-08 17:41:42 INFO  Keywords:130 - InputText is called
2024-08-08 17:41:42 INFO  Keywords:301 - Waiting for webElement...existinglongterminsurance.LTCBenefit
2024-08-08 17:41:52 INFO  Keywords:130 - InputText is called
2024-08-08 17:41:52 INFO  Keywords:301 - Waiting for webElement...existinglongterminsurance.IssueDate
2024-08-08 17:42:02 INFO  Keywords:130 - InputText is called
2024-08-08 17:42:02 INFO  Keywords:301 - Waiting for webElement...existinglongterminsurance.LapseDate
2024-08-08 17:42:12 INFO  Keywords:301 - Waiting for webElement...existance.AgentReadNotice
2024-08-08 17:42:22 INFO  Keywords:141 - ClickOnLink is called
2024-08-08 17:42:22 INFO  Keywords:301 - Waiting for webElement...next
2024-08-08 17:42:48 INFO  Keywords:301 - Waiting for webElement...AgentCertify
2024-08-08 17:42:58 INFO  Keywords:141 - ClickOnLink is called
2024-08-08 17:42:58 INFO  Keywords:301 - Waiting for webElement...next
2024-08-08 17:43:24 INFO  Keywords:130 - InputText is called
2024-08-08 17:43:24 INFO  Keywords:301 - Waiting for webElement...additionalclientquestion.q1
2024-08-08 17:43:34 INFO  Keywords:130 - InputText is called
2024-08-08 17:43:34 INFO  Keywords:301 - Waiting for webElement...additionalclientquestion.q2
2024-08-08 17:43:44 INFO  Keywords:130 - InputText is called
2024-08-08 17:43:44 INFO  Keywords:301 - Waiting for webElement...additionalclientquestion.q3
2024-08-08 17:43:54 INFO  Keywords:130 - InputText is called
2024-08-08 17:43:54 INFO  Keywords:301 - Waiting for webElement...additionalclientquestion.q4
2024-08-08 17:44:04 INFO  Keywords:130 - InputText is called
2024-08-08 17:44:04 INFO  Keywords:301 - Waiting for webElement...additionalclientquestion.q5
2024-08-08 17:44:14 INFO  Keywords:506 - GetText is called
2024-08-08 17:44:14 INFO  Keywords:301 - Waiting for webElement...ebixTxnID
2024-08-08 17:44:24 INFO  Keywords:554 - LinkId: 534318
2024-08-08 17:44:25 INFO  Keywords:506 - GetText is called
2024-08-08 17:44:25 INFO  Keywords:301 - Waiting for webElement...ebixTxnID
2024-08-08 17:44:35 INFO  Keywords:141 - ClickOnLink is called
2024-08-08 17:44:35 INFO  Keywords:301 - Waiting for webElement...next
2024-08-08 17:44:45 INFO  Keywords:301 - Waiting for webElement...AnnuitiesCompany
2024-08-08 17:44:55 INFO  Keywords:301 - Waiting for webElement...InsuranceReplace
2024-08-08 17:45:05 INFO  Keywords:301 - Waiting for webElement...Carrier.ReplacingJH
2024-08-08 17:45:15 INFO  Keywords:301 - Waiting for webElement...Carrier.InterestIssue
2024-08-08 17:45:25 INFO  Keywords:301 - Waiting for webElement...Carrier.EntityConnection
2024-08-08 17:45:35 INFO  Keywords:130 - InputText is called
2024-08-08 17:45:35 INFO  Keywords:301 - Waiting for webElement...PremiumCollected
2024-08-08 17:45:45 INFO  Keywords:301 - Waiting for webElement...ResultApplication
2024-08-08 17:45:55 INFO  Keywords:130 - InputText is called
2024-08-08 17:45:55 INFO  Keywords:301 - Waiting for webElement...ResultGiveDetails
2024-08-08 17:46:05 INFO  Keywords:301 - Waiting for webElement...PolicySettlement
2024-08-08 17:46:15 INFO  Keywords:301 - Waiting for webElement...PremiumLoans
2024-08-08 17:46:25 INFO  Keywords:301 - Waiting for webElement...EvaluatingFinancing
2024-08-08 17:46:35 INFO  Keywords:301 - Waiting for webElement...PersonallyInsured
2024-08-08 17:46:45 INFO  Keywords:301 - Waiting for webElement...PolicyProposedInsured
2024-08-08 17:46:56 INFO  Keywords:301 - Waiting for webElement...ProposedInsuredWritten
2024-08-08 17:47:06 INFO  Keywords:301 - Waiting for webElement...ConsentRelationshipTerminates
2024-08-08 17:47:16 INFO  Keywords:130 - InputText is called
2024-08-08 17:47:16 INFO  Keywords:301 - Waiting for webElement...HealthPoliciesForce
2024-08-08 17:47:26 INFO  Keywords:130 - InputText is called
2024-08-08 17:47:26 INFO  Keywords:301 - Waiting for webElement...SoldForceHP
2024-08-08 17:47:36 INFO  Keywords:130 - InputText is called
2024-08-08 17:47:36 INFO  Keywords:301 - Waiting for webElement...NameWholeSaler
2024-08-08 17:47:46 INFO  Keywords:130 - InputText is called
2024-08-08 17:47:46 INFO  Keywords:301 - Waiting for webElement...ExistingReplacedCarier
2024-08-08 17:47:56 INFO  Keywords:301 - Waiting for webElement...Carrier.LPA
2024-08-08 17:48:06 INFO  Keywords:130 - InputText is called
2024-08-08 17:48:06 INFO  Keywords:301 - Waiting for webElement...Carrier.CuurentSurrenderValue
2024-08-08 17:48:16 INFO  Keywords:301 - Waiting for webElement...Carrier.ArmedReserves
2024-08-08 17:48:26 INFO  Keywords:301 - Waiting for webElement...Carrier.CriticalIllness
2024-08-08 17:48:36 INFO  Keywords:301 - Waiting for webElement...Carrier.DateApplication
2024-08-08 17:48:46 INFO  Keywords:301 - Waiting for webElement...Carrier.SignedIllustration
2024-08-08 17:48:56 INFO  Keywords:301 - Waiting for webElement...Carrier.PolicyDelivered
2024-08-08 17:49:06 INFO  Keywords:301 - Waiting for webElement...Carrier.InsuranceCoverage
2024-08-08 17:49:16 INFO  Keywords:130 - InputText is called
2024-08-08 17:49:16 INFO  Keywords:301 - Waiting for webElement...Carrier.AcceptPlan
2024-08-08 17:49:26 INFO  Keywords:301 - Waiting for webElement...Carrier.PremiumPaymentSrc
2024-08-08 17:49:36 INFO  Keywords:301 - Waiting for webElement...Carrier.CriticalIllness
2024-08-08 17:49:47 INFO  Keywords:141 - ClickOnLink is called
2024-08-08 17:49:47 INFO  Keywords:301 - Waiting for webElement...next
2024-08-08 17:49:57 INFO  Keywords:130 - InputText is called
2024-08-08 17:49:57 INFO  Keywords:301 - Waiting for webElement...NBNameF
2024-08-08 17:50:07 INFO  Keywords:130 - InputText is called
2024-08-08 17:50:07 INFO  Keywords:301 - Waiting for webElement...NBNameL
2024-08-08 17:50:17 INFO  Keywords:130 - InputText is called
2024-08-08 17:50:17 INFO  Keywords:301 - Waiting for webElement...NBPhoneW
2024-08-08 17:50:27 INFO  Keywords:130 - InputText is called
2024-08-08 17:50:27 INFO  Keywords:301 - Waiting for webElement...NBEMail
2024-08-08 17:50:37 INFO  Keywords:301 - Waiting for webElement...POSYES
2024-08-08 17:50:47 INFO  Keywords:130 - InputText is called
2024-08-08 17:50:47 INFO  Keywords:301 - Waiting for webElement...POSNAmeF
2024-08-08 17:50:57 INFO  Keywords:130 - InputText is called
2024-08-08 17:50:57 INFO  Keywords:301 - Waiting for webElement...POSNAmeL
2024-08-08 17:51:07 INFO  Keywords:130 - InputText is called
2024-08-08 17:51:07 INFO  Keywords:301 - Waiting for webElement...POSWork
2024-08-08 17:51:17 INFO  Keywords:130 - InputText is called
2024-08-08 17:51:17 INFO  Keywords:301 - Waiting for webElement...POSEmail
2024-08-08 17:51:43 INFO  Keywords:141 - ClickOnLink is called
2024-08-08 17:51:43 INFO  Keywords:301 - Waiting for webElement...validate.button
2024-08-08 17:52:25 INFO  Keywords:141 - ClickOnLink is called
2024-08-08 17:52:25 INFO  Keywords:301 - Waiting for webElement...notification.continue
2024-08-08 17:52:51 INFO  Keywords:141 - ClickOnLink is called
2024-08-08 17:52:51 INFO  Keywords:301 - Waiting for webElement...esignature.optout
2024-08-08 17:54:31 INFO  Keywords:153 - VerifyText is called
2024-08-08 17:54:31 INFO  Keywords:301 - Waiting for webElement...WebElement
2024-08-08 17:54:31 INFO  Keywords:141 - ClickOnLink is called
2024-08-08 17:54:31 INFO  Keywords:301 - Waiting for webElement...attachment
2024-08-08 17:54:41 INFO  Keywords:301 - Waiting for webElement...attachment.documenttype
2024-08-08 17:54:52 INFO  Keywords:130 - InputText is called
2024-08-08 17:54:52 INFO  Keywords:301 - Waiting for webElement...attachment.choosefile
2024-08-08 17:55:02 INFO  Keywords:141 - ClickOnLink is called
2024-08-08 17:55:02 INFO  Keywords:301 - Waiting for webElement...attachment.upload
2024-08-08 17:55:28 INFO  Keywords:141 - ClickOnLink is called
2024-08-08 17:55:28 INFO  Keywords:301 - Waiting for webElement...RequestSignatures
2024-08-08 17:55:54 INFO  Keywords:301 - Waiting for webElement...attachment.documenttype
2024-08-08 17:56:04 INFO  Keywords:130 - InputText is called
2024-08-08 17:56:04 INFO  Keywords:301 - Waiting for webElement...attachment.choosefile
2024-08-08 17:56:14 INFO  Keywords:141 - ClickOnLink is called
2024-08-08 17:56:14 INFO  Keywords:301 - Waiting for webElement...attachment.upload
2024-08-08 17:56:40 INFO  Keywords:141 - ClickOnLink is called
2024-08-08 17:56:40 INFO  Keywords:301 - Waiting for webElement...SubmitButton
2024-08-08 17:58:20 INFO  Keywords:451 - switching to parent window...
2024-08-08 17:58:20 INFO  Keywords:104 - Navigate is called
2024-08-08 17:58:22 INFO  Keywords:520 - ClearText is called
2024-08-08 17:58:22 INFO  Keywords:301 - Waiting for webElement...gateway.username
2024-08-08 17:58:22 INFO  Keywords:305 - Element found...gateway.username
2024-08-08 17:58:22 INFO  Keywords:524 - LinkId: 534318
2024-08-08 17:58:22 INFO  Keywords:130 - InputText is called
2024-08-08 17:58:22 INFO  Keywords:301 - Waiting for webElement...gateway.username
2024-08-08 17:58:22 INFO  Keywords:305 - Element found...gateway.username
2024-08-08 17:58:22 INFO  Keywords:520 - ClearText is called
2024-08-08 17:58:22 INFO  Keywords:301 - Waiting for webElement...gateway.password
2024-08-08 17:58:22 INFO  Keywords:305 - Element found...gateway.password
2024-08-08 17:58:22 INFO  Keywords:524 - LinkId: 534318
2024-08-08 17:58:22 INFO  Keywords:130 - InputText is called
2024-08-08 17:58:22 INFO  Keywords:301 - Waiting for webElement...gateway.password
2024-08-08 17:58:22 INFO  Keywords:305 - Element found...gateway.password
2024-08-08 17:58:22 INFO  Keywords:141 - ClickOnLink is called
2024-08-08 17:58:22 INFO  Keywords:301 - Waiting for webElement...gateway.login
2024-08-08 17:58:22 INFO  Keywords:305 - Element found...gateway.login
2024-08-08 17:58:38 INFO  Keywords:141 - ClickOnLink is called
2024-08-08 17:58:38 INFO  Keywords:301 - Waiting for webElement...management
2024-08-08 17:58:48 INFO  Keywords:301 - Waiting for webElement...managementTools
2024-08-08 17:58:58 INFO  Keywords:141 - ClickOnLink is called
2024-08-08 17:58:58 INFO  Keywords:301 - Waiting for webElement...feedManagement
2024-08-08 17:59:24 INFO  Keywords:141 - ClickOnLink is called
2024-08-08 17:59:24 INFO  Keywords:301 - Waiting for webElement...searchPanel
2024-08-08 17:59:34 INFO  Keywords:301 - Waiting for webElement...selectTransactionID
2024-08-08 17:59:44 INFO  Keywords:130 - InputText is called
2024-08-08 17:59:44 INFO  Keywords:301 - Waiting for webElement...enterTransactioID
2024-08-08 17:59:54 INFO  Keywords:141 - ClickOnLink is called
2024-08-08 17:59:54 INFO  Keywords:301 - Waiting for webElement...searchbutton
2024-08-08 18:00:21 INFO  Keywords:141 - ClickOnLink is called
2024-08-08 18:00:21 INFO  Keywords:301 - Waiting for webElement...transactionSearchmyResult
2024-08-08 18:00:47 INFO  Keywords:141 - ClickOnLink is called
2024-08-08 18:00:47 INFO  Keywords:301 - Waiting for webElement...onenotThree
2024-08-08 18:00:57 INFO  Keywords:301 - Waiting for webElement...103ResponseXML
2024-08-08 18:01:39 INFO  Keywords:451 - switching to parent window...
2024-08-08 18:01:39 INFO  Keywords:104 - Navigate is called
2024-08-08 18:01:40 INFO  Keywords:520 - ClearText is called
2024-08-08 18:01:40 INFO  Keywords:301 - Waiting for webElement...gateway.username
2024-08-08 18:01:40 INFO  Keywords:305 - Element found...gateway.username
2024-08-08 18:01:40 INFO  Keywords:524 - LinkId: 534318
2024-08-08 18:01:40 INFO  Keywords:130 - InputText is called
2024-08-08 18:01:40 INFO  Keywords:301 - Waiting for webElement...gateway.username
2024-08-08 18:01:40 INFO  Keywords:305 - Element found...gateway.username
2024-08-08 18:01:40 INFO  Keywords:520 - ClearText is called
2024-08-08 18:01:40 INFO  Keywords:301 - Waiting for webElement...gateway.password
2024-08-08 18:01:40 INFO  Keywords:305 - Element found...gateway.password
2024-08-08 18:01:40 INFO  Keywords:524 - LinkId: 534318
2024-08-08 18:01:40 INFO  Keywords:130 - InputText is called
2024-08-08 18:01:40 INFO  Keywords:301 - Waiting for webElement...gateway.password
2024-08-08 18:01:40 INFO  Keywords:305 - Element found...gateway.password
2024-08-08 18:01:40 INFO  Keywords:141 - ClickOnLink is called
2024-08-08 18:01:40 INFO  Keywords:301 - Waiting for webElement...gateway.login
2024-08-08 18:01:40 INFO  Keywords:305 - Element found...gateway.login
2024-08-08 18:01:56 INFO  Keywords:141 - ClickOnLink is called
2024-08-08 18:01:56 INFO  Keywords:301 - Waiting for webElement...management
2024-08-08 18:02:06 INFO  Keywords:301 - Waiting for webElement...managementTools
2024-08-08 18:02:16 INFO  Keywords:141 - ClickOnLink is called
2024-08-08 18:02:16 INFO  Keywords:301 - Waiting for webElement...feedManagement
2024-08-08 18:02:42 INFO  Keywords:141 - ClickOnLink is called
2024-08-08 18:02:42 INFO  Keywords:301 - Waiting for webElement...searchPanel
2024-08-08 18:02:52 INFO  Keywords:301 - Waiting for webElement...selectTransactionID
2024-08-08 18:03:03 INFO  Keywords:130 - InputText is called
2024-08-08 18:03:03 INFO  Keywords:301 - Waiting for webElement...enterTransactioID
2024-08-08 18:03:13 INFO  Keywords:141 - ClickOnLink is called
2024-08-08 18:03:13 INFO  Keywords:301 - Waiting for webElement...searchbutton
2024-08-08 18:03:39 INFO  Keywords:141 - ClickOnLink is called
2024-08-08 18:03:39 INFO  Keywords:301 - Waiting for webElement...transactionSearchmyResult
2024-08-08 18:04:05 INFO  Keywords:141 - ClickOnLink is called
2024-08-08 18:04:05 INFO  Keywords:301 - Waiting for webElement...RTSMButton
2024-08-08 18:04:15 INFO  Keywords:301 - Waiting for webElement...RTSMResponseXML
