2024-06-05 16:06:06 INFO  Keywords:98 - Navigate is called
2024-06-05 16:06:08 INFO  Keywords:124 - InputText is called
2024-06-05 16:06:08 INFO  Keywords:282 - Waiting for webElement...gateway.username
2024-06-05 16:06:09 INFO  Keywords:285 - Element found...gateway.username
2024-06-05 16:06:09 INFO  Keywords:124 - InputText is called
2024-06-05 16:06:09 INFO  Keywords:282 - Waiting for webElement...gateway.password
2024-06-05 16:06:09 INFO  Keywords:285 - Element found...gateway.password
2024-06-05 16:06:09 INFO  Keywords:135 - ClickOnLink is called
2024-06-05 16:06:09 INFO  Keywords:282 - Waiting for webElement...gateway.login
2024-06-05 16:06:09 INFO  Keywords:285 - Element found...gateway.login
2024-06-05 16:06:46 INFO  Keywords:135 - ClickOnLink is called
2024-06-05 16:06:46 INFO  Keywords:282 - Waiting for webElement...postsamldata
2024-06-05 16:06:46 INFO  Keywords:285 - Element found...postsamldata
2024-06-05 16:07:02 INFO  Keywords:135 - ClickOnLink is called
2024-06-05 16:07:02 INFO  Keywords:282 - Waiting for webElement...next
2024-06-05 16:07:02 INFO  Keywords:285 - Element found...next
2024-06-05 16:07:21 INFO  Keywords:124 - InputText is called
2024-06-05 16:07:21 INFO  Keywords:282 - Waiting for webElement...policyConfiguration.insuranceamount
2024-06-05 16:07:21 INFO  Keywords:285 - Element found...policyConfiguration.insuranceamount
2024-06-05 16:07:21 INFO  Keywords:282 - Waiting for webElement...policyConfiguration.LTC
2024-06-05 16:07:21 INFO  Keywords:285 - Element found...policyConfiguration.LTC
2024-06-05 16:07:21 INFO  Keywords:282 - Waiting for webElement...policyConfiguration.payors
2024-06-05 16:07:21 INFO  Keywords:285 - Element found...policyConfiguration.payors
2024-06-05 16:07:21 INFO  Keywords:282 - Waiting for webElement...policyConfiguration.purposeofpolicy
2024-06-05 16:07:21 INFO  Keywords:285 - Element found...policyConfiguration.purposeofpolicy
2024-06-05 16:07:22 INFO  Keywords:135 - ClickOnLink is called
2024-06-05 16:07:22 INFO  Keywords:282 - Waiting for webElement...next
2024-06-05 16:07:22 INFO  Keywords:285 - Element found...next
2024-06-05 16:07:43 INFO  Keywords:282 - Waiting for webElement...primaryinsured.birthcountry
2024-06-05 16:07:43 INFO  Keywords:285 - Element found...primaryinsured.birthcountry
2024-06-05 16:07:43 INFO  Keywords:282 - Waiting for webElement...primaryinsured.birthstate
2024-06-05 16:07:43 INFO  Keywords:285 - Element found...primaryinsured.birthstate
2024-06-05 16:07:44 INFO  Keywords:124 - InputText is called
2024-06-05 16:07:44 INFO  Keywords:282 - Waiting for webElement...primaryinsured.birthcity
2024-06-05 16:07:54 INFO  Keywords:282 - Waiting for webElement...primaryinsured.drivinglicense
2024-06-05 16:07:54 INFO  Keywords:285 - Element found...primaryinsured.drivinglicense
2024-06-05 16:07:54 INFO  Keywords:124 - InputText is called
2024-06-05 16:07:54 INFO  Keywords:282 - Waiting for webElement...primaryinsured.dlnumber
2024-06-05 16:07:54 INFO  Keywords:285 - Element found...primaryinsured.dlnumber
2024-06-05 16:08:10 INFO  Keywords:282 - Waiting for webElement...primaryinsured.dlissuestateAL
2024-06-05 16:08:10 INFO  Keywords:285 - Element found...primaryinsured.dlissuestateAL
2024-06-05 16:08:20 INFO  Keywords:135 - ClickOnLink is called
2024-06-05 16:08:20 INFO  Keywords:282 - Waiting for webElement...next
2024-06-05 16:08:20 INFO  Keywords:285 - Element found...next
2024-06-05 16:08:25 INFO  Keywords:124 - InputText is called
2024-06-05 16:08:25 INFO  Keywords:282 - Waiting for webElement...TrustOther
2024-06-05 16:09:31 INFO  Keywords:282 - Waiting for webElement...TrustIrres
2024-06-05 16:09:47 INFO  Keywords:135 - ClickOnLink is called
2024-06-05 16:09:47 INFO  Keywords:282 - Waiting for webElement...next
2024-06-05 16:09:47 INFO  Keywords:285 - Element found...next
2024-06-05 16:10:06 INFO  Keywords:282 - Waiting for webElement...Trust_Relationship
2024-06-05 16:10:17 INFO  Keywords:135 - ClickOnLink is called
2024-06-05 16:10:17 INFO  Keywords:282 - Waiting for webElement...next
2024-06-05 16:10:17 INFO  Keywords:285 - Element found...next
2024-06-05 16:10:35 INFO  Keywords:135 - ClickOnLink is called
2024-06-05 16:10:35 INFO  Keywords:282 - Waiting for webElement...next
2024-06-05 16:10:35 INFO  Keywords:285 - Element found...next
2024-06-05 16:10:55 INFO  Keywords:282 - Waiting for webElement...financialDetails.SourceOfWealthLI
2024-06-05 16:11:05 INFO  Keywords:282 - Waiting for webElement...financialDetails.SourceOfFundsLI
2024-06-05 16:11:16 INFO  Keywords:282 - Waiting for webElement...financialDetails.SurrenderChargeSOFLI
2024-06-05 16:11:26 INFO  Keywords:282 - Waiting for webElement...financialDetails.envisiontaking
2024-06-05 16:11:36 INFO  Keywords:282 - Waiting for webElement...financialDetails.federalfaxbracket
2024-06-05 16:11:46 INFO  Keywords:282 - Waiting for webElement...financialDetails.riskTolerance
2024-06-05 16:11:56 INFO  Keywords:282 - Waiting for webElement...financialDetails.Investmentobjectives
2024-06-05 16:12:06 INFO  Keywords:282 - Waiting for webElement...financialDetails.timehorizon
2024-06-05 16:12:16 INFO  Keywords:282 - Waiting for webElement...financialDetails.investmentexperienceFA
2024-06-05 16:12:26 INFO  Keywords:124 - InputText is called
2024-06-05 16:12:26 INFO  Keywords:282 - Waiting for webElement...financialDetails.investmentstartyear
2024-06-05 16:12:36 INFO  Keywords:124 - InputText is called
2024-06-05 16:12:36 INFO  Keywords:282 - Waiting for webElement...financialdetails.wages
2024-06-05 16:12:47 INFO  Keywords:124 - InputText is called
2024-06-05 16:12:47 INFO  Keywords:282 - Waiting for webElement...financialdetails.livingexpenses
2024-06-05 16:12:57 INFO  Keywords:124 - InputText is called
2024-06-05 16:12:57 INFO  Keywords:282 - Waiting for webElement...financialdetails.personalinvestment
2024-06-05 16:13:07 INFO  Keywords:124 - InputText is called
2024-06-05 16:13:07 INFO  Keywords:282 - Waiting for webElement...financialdetails.fixeddebtexpenses
2024-06-05 16:13:17 INFO  Keywords:124 - InputText is called
2024-06-05 16:13:17 INFO  Keywords:282 - Waiting for webElement...financialdetails.rentalincome
2024-06-05 16:13:27 INFO  Keywords:124 - InputText is called
2024-06-05 16:13:27 INFO  Keywords:282 - Waiting for webElement...financialdetails.variabledebtexpenses
2024-06-05 16:13:37 INFO  Keywords:124 - InputText is called
2024-06-05 16:13:37 INFO  Keywords:282 - Waiting for webElement...financialdetails.incomepension
2024-06-05 16:13:47 INFO  Keywords:124 - InputText is called
2024-06-05 16:13:47 INFO  Keywords:282 - Waiting for webElement...financialdetails.discretionaryexpenses
2024-06-05 16:13:57 INFO  Keywords:124 - InputText is called
2024-06-05 16:13:57 INFO  Keywords:282 - Waiting for webElement...financialdetails.socialsecurityincome
2024-06-05 16:14:07 INFO  Keywords:124 - InputText is called
2024-06-05 16:14:07 INFO  Keywords:282 - Waiting for webElement...financialdetails.otherincome
2024-06-05 16:14:18 INFO  Keywords:124 - InputText is called
2024-06-05 16:14:18 INFO  Keywords:282 - Waiting for webElement...financialdetails.bonds
2024-06-05 16:14:28 INFO  Keywords:124 - InputText is called
2024-06-05 16:14:28 INFO  Keywords:282 - Waiting for webElement...financialdetails.businessTrustRealstate
2024-06-05 16:14:38 INFO  Keywords:124 - InputText is called
2024-06-05 16:14:38 INFO  Keywords:282 - Waiting for webElement...financialdetails.retirementplan
2024-06-05 16:14:48 INFO  Keywords:124 - InputText is called
2024-06-05 16:14:48 INFO  Keywords:282 - Waiting for webElement...financialdetails.equities
2024-06-05 16:14:58 INFO  Keywords:124 - InputText is called
2024-06-05 16:14:58 INFO  Keywords:282 - Waiting for webElement...financialdetails.facevalueilfeinsurance
2024-06-05 16:15:08 INFO  Keywords:124 - InputText is called
2024-06-05 16:15:08 INFO  Keywords:282 - Waiting for webElement...financialdetails.fixedannuity
2024-06-05 16:15:18 INFO  Keywords:124 - InputText is called
2024-06-05 16:15:18 INFO  Keywords:282 - Waiting for webElement...financialdetails.indexannuity
2024-06-05 16:15:28 INFO  Keywords:124 - InputText is called
2024-06-05 16:15:28 INFO  Keywords:282 - Waiting for webElement...financialdetails.liquidnetworth
2024-06-05 16:15:39 INFO  Keywords:124 - InputText is called
2024-06-05 16:15:39 INFO  Keywords:282 - Waiting for webElement...financialdetails.mutualfund
2024-06-05 16:15:49 INFO  Keywords:124 - InputText is called
2024-06-05 16:15:49 INFO  Keywords:282 - Waiting for webElement...financialdetails.otherbrokerage
2024-06-05 16:15:59 INFO  Keywords:124 - InputText is called
2024-06-05 16:15:59 INFO  Keywords:282 - Waiting for webElement...financialdetails.policypremium
2024-06-05 16:16:09 INFO  Keywords:124 - InputText is called
2024-06-05 16:16:09 INFO  Keywords:282 - Waiting for webElement...financialdetails.variableannuity
2024-06-05 16:16:19 INFO  Keywords:124 - InputText is called
2024-06-05 16:16:19 INFO  Keywords:282 - Waiting for webElement...financialdetails.totalpremium
2024-06-05 16:16:29 INFO  Keywords:282 - Waiting for webElement...financialdetails.anticipatedchanges
2024-06-05 16:16:39 INFO  Keywords:282 - Waiting for webElement...financialdetails.nonguaranteedelement
2024-06-05 16:16:49 INFO  Keywords:282 - Waiting for webElement...financialdetails.reversemortgage
2024-06-05 16:16:59 INFO  Keywords:135 - ClickOnLink is called
2024-06-05 16:16:59 INFO  Keywords:282 - Waiting for webElement...next
2024-06-05 16:17:00 INFO  Keywords:285 - Element found...next
2024-06-05 16:17:20 INFO  Keywords:282 - Waiting for webElement...payment.modal
2024-06-05 16:17:46 INFO  Keywords:282 - Waiting for webElement...payment.method
2024-06-05 16:17:56 INFO  Keywords:124 - InputText is called
2024-06-05 16:17:56 INFO  Keywords:282 - Waiting for webElement...payment.premium
2024-06-05 16:18:06 INFO  Keywords:135 - ClickOnLink is called
2024-06-05 16:18:06 INFO  Keywords:282 - Waiting for webElement...next
2024-06-05 16:18:06 INFO  Keywords:285 - Element found...next
2024-06-05 16:18:26 INFO  Keywords:282 - Waiting for webElement...existinginsurance.borrowingfunds
2024-06-05 16:18:36 INFO  Keywords:282 - Waiting for webElement...existinginsurance.terminatingexistinglifepolicy
2024-06-05 16:18:46 INFO  Keywords:282 - Waiting for webElement...existinginsurance.longtermcoverage
2024-06-05 16:18:56 INFO  Keywords:282 - Waiting for webElement...existanceterminating.InsuranceCompanyName
2024-06-05 16:19:07 INFO  Keywords:124 - InputText is called
2024-06-05 16:19:07 INFO  Keywords:282 - Waiting for webElement...existanceterminating.ProductName
2024-06-05 16:19:17 INFO  Keywords:124 - InputText is called
2024-06-05 16:19:17 INFO  Keywords:282 - Waiting for webElement...existanceterminating.Insured
2024-06-05 16:19:27 INFO  Keywords:124 - InputText is called
2024-06-05 16:19:27 INFO  Keywords:282 - Waiting for webElement...existanceterminating.Owner
2024-06-05 16:19:37 INFO  Keywords:124 - InputText is called
2024-06-05 16:19:37 INFO  Keywords:282 - Waiting for webElement...existanceterminating.DateIssued
2024-06-05 16:19:47 INFO  Keywords:124 - InputText is called
2024-06-05 16:19:47 INFO  Keywords:282 - Waiting for webElement...existanceterminating.AmountOfInsurance
2024-06-05 16:19:57 INFO  Keywords:282 - Waiting for webElement...existanceterminating.ExistingInsuranceType
2024-06-05 16:20:07 INFO  Keywords:282 - Waiting for webElement...existanceterminating.ProductType
2024-06-05 16:20:17 INFO  Keywords:282 - Waiting for webElement...existanceterminating.LifeProductType
2024-06-05 16:20:27 INFO  Keywords:124 - InputText is called
2024-06-05 16:20:27 INFO  Keywords:282 - Waiting for webElement...existanceterminating.PolicyNo
2024-06-05 16:20:37 INFO  Keywords:282 - Waiting for webElement...existanceterminating.PurposeOfPolicy
2024-06-05 16:20:47 INFO  Keywords:282 - Waiting for webElement...existanceterminating.FundsNewPolicy
2024-06-05 16:20:57 INFO  Keywords:282 - Waiting for webElement...existanceterminating.ReplacingNewPolicy
2024-06-05 16:21:08 INFO  Keywords:282 - Waiting for webElement...existanceterminating.ReplacementThType
2024-06-05 16:21:18 INFO  Keywords:282 - Waiting for webElement...existanceterminating.1035ThExchange
2024-06-05 16:21:28 INFO  Keywords:124 - InputText is called
2024-06-05 16:21:28 INFO  Keywords:282 - Waiting for webElement...existanceterminating.ReasonReplacement
2024-06-05 16:21:38 INFO  Keywords:124 - InputText is called
2024-06-05 16:21:38 INFO  Keywords:282 - Waiting for webElement...existanceterminating.NoOfPolicy
2024-06-05 16:21:48 INFO  Keywords:124 - InputText is called
2024-06-05 16:21:48 INFO  Keywords:282 - Waiting for webElement...existanceterminating.PremiumPayment
2024-06-05 16:21:58 INFO  Keywords:124 - InputText is called
2024-06-05 16:21:58 INFO  Keywords:282 - Waiting for webElement...existanceterminating.FrequencyPremium
2024-06-05 16:22:08 INFO  Keywords:124 - InputText is called
2024-06-05 16:22:08 INFO  Keywords:282 - Waiting for webElement...existanceterminating.AmountBeingExchanged
2024-06-05 16:22:18 INFO  Keywords:124 - InputText is called
2024-06-05 16:22:18 INFO  Keywords:282 - Waiting for webElement...existanceterminating.SurrenderCharge
2024-06-05 16:22:28 INFO  Keywords:124 - InputText is called
2024-06-05 16:22:28 INFO  Keywords:282 - Waiting for webElement...existanceterminating.DeathBenefit
2024-06-05 16:22:38 INFO  Keywords:124 - InputText is called
2024-06-05 16:22:38 INFO  Keywords:282 - Waiting for webElement...existanceterminating.SpecialFeatures
2024-06-05 16:22:48 INFO  Keywords:282 - Waiting for webElement...existinginsurance.longtermpolicyYes
2024-06-05 16:22:59 INFO  Keywords:124 - InputText is called
2024-06-05 16:22:59 INFO  Keywords:282 - Waiting for webElement...existinglongtermpolicy.InsuranceName
2024-06-05 16:23:09 INFO  Keywords:124 - InputText is called
2024-06-05 16:23:09 INFO  Keywords:282 - Waiting for webElement...existinglongtermpolicy.policyCertificateNumber
2024-06-05 16:23:19 INFO  Keywords:124 - InputText is called
2024-06-05 16:23:19 INFO  Keywords:282 - Waiting for webElement...existinglongtermpolicy.ProductName
2024-06-05 16:23:29 INFO  Keywords:282 - Waiting for webElement...existinglongtermpolicy.ProductType
2024-06-05 16:23:39 INFO  Keywords:124 - InputText is called
2024-06-05 16:23:39 INFO  Keywords:282 - Waiting for webElement...existinglongtermpolicy.Insured
2024-06-05 16:23:49 INFO  Keywords:124 - InputText is called
2024-06-05 16:23:49 INFO  Keywords:282 - Waiting for webElement...existinglongtermpolicy.Owner
2024-06-05 16:23:59 INFO  Keywords:124 - InputText is called
2024-06-05 16:23:59 INFO  Keywords:282 - Waiting for webElement...existinglongtermpolicy.DailyBenefit
2024-06-05 16:24:09 INFO  Keywords:124 - InputText is called
2024-06-05 16:24:09 INFO  Keywords:282 - Waiting for webElement...existinglongtermpolicy.AmountOfInsurance
2024-06-05 16:24:19 INFO  Keywords:124 - InputText is called
2024-06-05 16:24:19 INFO  Keywords:282 - Waiting for webElement...existinglongtermpolicy.benefitAmount
2024-06-05 16:24:29 INFO  Keywords:124 - InputText is called
2024-06-05 16:24:29 INFO  Keywords:282 - Waiting for webElement...existinglongtermpolicy.benefitPeriod
2024-06-05 16:24:39 INFO  Keywords:282 - Waiting for webElement...existinginsurance.longterminsuranceYes
2024-06-05 16:24:49 INFO  Keywords:124 - InputText is called
2024-06-05 16:24:49 INFO  Keywords:282 - Waiting for webElement...existinglongterminsurance.InsuranceCompany
2024-06-05 16:25:00 INFO  Keywords:124 - InputText is called
2024-06-05 16:25:00 INFO  Keywords:282 - Waiting for webElement...existinglongterminsurance.Certificate
2024-06-05 16:25:10 INFO  Keywords:124 - InputText is called
2024-06-05 16:25:10 INFO  Keywords:282 - Waiting for webElement...existinglongterminsurance.LTCBenefit
2024-06-05 16:25:20 INFO  Keywords:124 - InputText is called
2024-06-05 16:25:20 INFO  Keywords:282 - Waiting for webElement...existinglongterminsurance.IssueDate
2024-06-05 16:25:30 INFO  Keywords:124 - InputText is called
2024-06-05 16:25:30 INFO  Keywords:282 - Waiting for webElement...existinglongterminsurance.LapseDate
2024-06-05 16:25:40 INFO  Keywords:135 - ClickOnLink is called
2024-06-05 16:25:40 INFO  Keywords:282 - Waiting for webElement...next
2024-06-05 16:25:40 INFO  Keywords:285 - Element found...next
2024-06-05 16:26:01 INFO  Keywords:135 - ClickOnLink is called
2024-06-05 16:26:01 INFO  Keywords:282 - Waiting for webElement...next
2024-06-05 16:26:01 INFO  Keywords:285 - Element found...next
2024-06-05 16:26:20 INFO  Keywords:124 - InputText is called
2024-06-05 16:26:20 INFO  Keywords:282 - Waiting for webElement...additionalclientquestion.q1
2024-06-05 16:26:30 INFO  Keywords:124 - InputText is called
2024-06-05 16:26:30 INFO  Keywords:282 - Waiting for webElement...additionalclientquestion.q2
2024-06-05 16:26:40 INFO  Keywords:124 - InputText is called
2024-06-05 16:26:40 INFO  Keywords:282 - Waiting for webElement...additionalclientquestion.q3
2024-06-05 16:26:50 INFO  Keywords:124 - InputText is called
2024-06-05 16:26:50 INFO  Keywords:282 - Waiting for webElement...additionalclientquestion.q4
2024-06-05 16:27:00 INFO  Keywords:124 - InputText is called
2024-06-05 16:27:00 INFO  Keywords:282 - Waiting for webElement...additionalclientquestion.q5
2024-06-05 16:27:10 INFO  Keywords:135 - ClickOnLink is called
2024-06-05 16:27:10 INFO  Keywords:282 - Waiting for webElement...attachment
2024-06-05 16:27:10 INFO  Keywords:285 - Element found...attachment
2024-06-05 16:27:11 INFO  Keywords:282 - Waiting for webElement...attachment.documenttype
2024-06-05 16:27:11 INFO  Keywords:285 - Element found...attachment.documenttype
2024-06-05 16:27:22 INFO  Keywords:124 - InputText is called
2024-06-05 16:27:22 INFO  Keywords:282 - Waiting for webElement...attachment.choosefile
2024-06-05 16:27:22 INFO  Keywords:285 - Element found...attachment.choosefile
2024-06-05 16:27:22 INFO  Keywords:135 - ClickOnLink is called
2024-06-05 16:27:22 INFO  Keywords:282 - Waiting for webElement...attachment.upload
2024-06-05 16:27:22 INFO  Keywords:285 - Element found...attachment.upload
2024-06-05 16:28:52 INFO  Keywords:409 - switching to particular window...
2024-06-05 16:28:52 INFO  Keywords:482 - GetText is called
2024-06-05 16:28:52 INFO  Keywords:282 - Waiting for webElement...ebixTxnID
2024-06-05 16:28:52 INFO  Keywords:285 - Element found...ebixTxnID
2024-06-05 16:28:52 INFO  Keywords:486 - LinkId: 530664
2024-06-05 16:28:52 INFO  Keywords:530 - LinkId: 530664
2024-06-05 16:28:52 INFO  Keywords:482 - GetText is called
2024-06-05 16:28:52 INFO  Keywords:282 - Waiting for webElement...ebixTxnID
2024-06-05 16:28:52 INFO  Keywords:285 - Element found...ebixTxnID
2024-06-05 16:28:52 INFO  Keywords:486 - LinkId: 530664
2024-06-05 16:28:52 INFO  Keywords:135 - ClickOnLink is called
2024-06-05 16:28:52 INFO  Keywords:282 - Waiting for webElement...next
2024-06-05 16:28:52 INFO  Keywords:285 - Element found...next
2024-06-05 16:29:11 INFO  Keywords:135 - ClickOnLink is called
2024-06-05 16:29:11 INFO  Keywords:282 - Waiting for webElement...validate.button
2024-06-05 16:29:53 INFO  Keywords:135 - ClickOnLink is called
2024-06-05 16:29:53 INFO  Keywords:282 - Waiting for webElement...notification.continue
2024-06-05 16:30:19 INFO  Keywords:135 - ClickOnLink is called
2024-06-05 16:30:19 INFO  Keywords:282 - Waiting for webElement...esignature.optout
2024-06-05 16:31:59 INFO  Keywords:147 - VerifyText is called
2024-06-05 16:31:59 INFO  Keywords:282 - Waiting for webElement...WebElement
2024-06-05 16:31:59 INFO  Keywords:135 - ClickOnLink is called
2024-06-05 16:31:59 INFO  Keywords:282 - Waiting for webElement...attachment
2024-06-05 16:31:59 INFO  Keywords:285 - Element found...attachment
2024-06-05 16:32:00 INFO  Keywords:282 - Waiting for webElement...attachment.documenttype
2024-06-05 16:32:00 INFO  Keywords:285 - Element found...attachment.documenttype
2024-06-05 16:32:00 INFO  Keywords:124 - InputText is called
2024-06-05 16:32:00 INFO  Keywords:282 - Waiting for webElement...attachment.choosefile
2024-06-05 16:32:00 INFO  Keywords:285 - Element found...attachment.choosefile
2024-06-05 16:32:00 INFO  Keywords:135 - ClickOnLink is called
2024-06-05 16:32:00 INFO  Keywords:282 - Waiting for webElement...attachment.upload
2024-06-05 16:32:00 INFO  Keywords:285 - Element found...attachment.upload
2024-06-05 16:32:19 INFO  Keywords:135 - ClickOnLink is called
2024-06-05 16:32:19 INFO  Keywords:282 - Waiting for webElement...RequestSignatures
2024-06-05 16:32:45 INFO  Keywords:282 - Waiting for webElement...attachment.documenttype
2024-06-05 16:32:45 INFO  Keywords:285 - Element found...attachment.documenttype
2024-06-05 16:32:45 INFO  Keywords:124 - InputText is called
2024-06-05 16:32:45 INFO  Keywords:282 - Waiting for webElement...attachment.choosefile
2024-06-05 16:32:45 INFO  Keywords:285 - Element found...attachment.choosefile
2024-06-05 16:32:45 INFO  Keywords:135 - ClickOnLink is called
2024-06-05 16:32:45 INFO  Keywords:282 - Waiting for webElement...attachment.upload
2024-06-05 16:32:45 INFO  Keywords:285 - Element found...attachment.upload
2024-06-05 16:33:03 INFO  Keywords:135 - ClickOnLink is called
2024-06-05 16:33:03 INFO  Keywords:282 - Waiting for webElement...SubmitButton
2024-06-05 16:34:43 INFO  Keywords:428 - switching to parent window...
2024-06-05 16:34:43 INFO  Keywords:98 - Navigate is called
2024-06-05 16:34:44 INFO  Keywords:496 - ClearText is called
2024-06-05 16:34:44 INFO  Keywords:282 - Waiting for webElement...gateway.username
2024-06-05 16:34:44 INFO  Keywords:285 - Element found...gateway.username
2024-06-05 16:34:44 INFO  Keywords:500 - LinkId: 530664
2024-06-05 16:34:44 INFO  Keywords:124 - InputText is called
2024-06-05 16:34:44 INFO  Keywords:282 - Waiting for webElement...gateway.username
2024-06-05 16:34:44 INFO  Keywords:285 - Element found...gateway.username
2024-06-05 16:34:44 INFO  Keywords:496 - ClearText is called
2024-06-05 16:34:44 INFO  Keywords:282 - Waiting for webElement...gateway.password
2024-06-05 16:34:44 INFO  Keywords:285 - Element found...gateway.password
2024-06-05 16:34:44 INFO  Keywords:500 - LinkId: 530664
2024-06-05 16:34:44 INFO  Keywords:124 - InputText is called
2024-06-05 16:34:44 INFO  Keywords:282 - Waiting for webElement...gateway.password
2024-06-05 16:34:44 INFO  Keywords:285 - Element found...gateway.password
2024-06-05 16:34:44 INFO  Keywords:135 - ClickOnLink is called
2024-06-05 16:34:44 INFO  Keywords:282 - Waiting for webElement...gateway.login
2024-06-05 16:34:44 INFO  Keywords:285 - Element found...gateway.login
2024-06-05 16:35:01 INFO  Keywords:135 - ClickOnLink is called
2024-06-05 16:35:01 INFO  Keywords:282 - Waiting for webElement...management
2024-06-05 16:35:01 INFO  Keywords:285 - Element found...management
2024-06-05 16:35:02 INFO  Keywords:282 - Waiting for webElement...managementTools
2024-06-05 16:35:02 INFO  Keywords:285 - Element found...managementTools
2024-06-05 16:35:03 INFO  Keywords:135 - ClickOnLink is called
2024-06-05 16:35:03 INFO  Keywords:282 - Waiting for webElement...feedManagement
2024-06-05 16:35:03 INFO  Keywords:285 - Element found...feedManagement
2024-06-05 16:35:19 INFO  Keywords:135 - ClickOnLink is called
2024-06-05 16:35:19 INFO  Keywords:282 - Waiting for webElement...searchPanel
2024-06-05 16:35:19 INFO  Keywords:285 - Element found...searchPanel
2024-06-05 16:35:19 INFO  Keywords:282 - Waiting for webElement...selectTransactionID
2024-06-05 16:35:19 INFO  Keywords:285 - Element found...selectTransactionID
2024-06-05 16:35:20 INFO  Keywords:124 - InputText is called
2024-06-05 16:35:20 INFO  Keywords:282 - Waiting for webElement...enterTransactioID
2024-06-05 16:35:20 INFO  Keywords:285 - Element found...enterTransactioID
2024-06-05 16:35:20 INFO  Keywords:135 - ClickOnLink is called
2024-06-05 16:35:20 INFO  Keywords:282 - Waiting for webElement...searchbutton
2024-06-05 16:35:20 INFO  Keywords:285 - Element found...searchbutton
2024-06-05 16:35:36 INFO  Keywords:135 - ClickOnLink is called
2024-06-05 16:35:36 INFO  Keywords:282 - Waiting for webElement...transactionSearchmyResult
2024-06-05 16:35:36 INFO  Keywords:285 - Element found...transactionSearchmyResult
2024-06-05 16:35:52 INFO  Keywords:135 - ClickOnLink is called
2024-06-05 16:35:52 INFO  Keywords:282 - Waiting for webElement...onenotThree
2024-06-05 16:35:52 INFO  Keywords:285 - Element found...onenotThree
2024-06-05 16:35:53 INFO  Keywords:282 - Waiting for webElement...103ResponseXML
2024-06-05 16:36:35 INFO  Keywords:428 - switching to parent window...
2024-06-05 16:36:35 INFO  Keywords:98 - Navigate is called
2024-06-05 16:36:35 INFO  Keywords:496 - ClearText is called
2024-06-05 16:36:35 INFO  Keywords:282 - Waiting for webElement...gateway.username
2024-06-05 16:36:35 INFO  Keywords:285 - Element found...gateway.username
2024-06-05 16:36:35 INFO  Keywords:500 - LinkId: 530664
2024-06-05 16:36:35 INFO  Keywords:124 - InputText is called
2024-06-05 16:36:35 INFO  Keywords:282 - Waiting for webElement...gateway.username
2024-06-05 16:36:36 INFO  Keywords:285 - Element found...gateway.username
2024-06-05 16:36:36 INFO  Keywords:496 - ClearText is called
2024-06-05 16:36:36 INFO  Keywords:282 - Waiting for webElement...gateway.password
2024-06-05 16:36:36 INFO  Keywords:285 - Element found...gateway.password
2024-06-05 16:36:36 INFO  Keywords:500 - LinkId: 530664
2024-06-05 16:36:36 INFO  Keywords:124 - InputText is called
2024-06-05 16:36:36 INFO  Keywords:282 - Waiting for webElement...gateway.password
2024-06-05 16:36:36 INFO  Keywords:285 - Element found...gateway.password
2024-06-05 16:36:36 INFO  Keywords:135 - ClickOnLink is called
2024-06-05 16:36:36 INFO  Keywords:282 - Waiting for webElement...gateway.login
2024-06-05 16:36:36 INFO  Keywords:285 - Element found...gateway.login
2024-06-05 16:36:53 INFO  Keywords:135 - ClickOnLink is called
2024-06-05 16:36:53 INFO  Keywords:282 - Waiting for webElement...management
2024-06-05 16:36:53 INFO  Keywords:285 - Element found...management
2024-06-05 16:36:53 INFO  Keywords:282 - Waiting for webElement...managementTools
2024-06-05 16:36:53 INFO  Keywords:285 - Element found...managementTools
2024-06-05 16:36:54 INFO  Keywords:135 - ClickOnLink is called
2024-06-05 16:36:54 INFO  Keywords:282 - Waiting for webElement...feedManagement
2024-06-05 16:36:54 INFO  Keywords:285 - Element found...feedManagement
2024-06-05 16:37:11 INFO  Keywords:135 - ClickOnLink is called
2024-06-05 16:37:11 INFO  Keywords:282 - Waiting for webElement...searchPanel
2024-06-05 16:37:11 INFO  Keywords:285 - Element found...searchPanel
2024-06-05 16:37:11 INFO  Keywords:282 - Waiting for webElement...selectTransactionID
2024-06-05 16:37:11 INFO  Keywords:285 - Element found...selectTransactionID
2024-06-05 16:37:11 INFO  Keywords:124 - InputText is called
2024-06-05 16:37:11 INFO  Keywords:282 - Waiting for webElement...enterTransactioID
2024-06-05 16:37:11 INFO  Keywords:285 - Element found...enterTransactioID
2024-06-05 16:37:11 INFO  Keywords:135 - ClickOnLink is called
2024-06-05 16:37:11 INFO  Keywords:282 - Waiting for webElement...searchbutton
2024-06-05 16:37:11 INFO  Keywords:285 - Element found...searchbutton
2024-06-05 16:37:28 INFO  Keywords:135 - ClickOnLink is called
2024-06-05 16:37:28 INFO  Keywords:282 - Waiting for webElement...transactionSearchmyResult
2024-06-05 16:37:28 INFO  Keywords:285 - Element found...transactionSearchmyResult
2024-06-05 16:37:44 INFO  Keywords:135 - ClickOnLink is called
2024-06-05 16:37:44 INFO  Keywords:282 - Waiting for webElement...RTSMButton
2024-06-05 16:37:44 INFO  Keywords:285 - Element found...RTSMButton
2024-06-05 16:37:44 INFO  Keywords:282 - Waiting for webElement...RTSMResponseXML
