2024-11-12 10:36:14 INFO  Keywords:106 - Navigate is called
2024-11-12 10:36:16 INFO  Keywords:132 - InputText is called
2024-11-12 10:36:16 INFO  Keywords:309 - Waiting for webElement...gateway.username
2024-11-12 10:36:16 INFO  Keywords:313 - Element found...gateway.username
2024-11-12 10:36:16 INFO  Keywords:132 - InputText is called
2024-11-12 10:36:16 INFO  Keywords:309 - Waiting for webElement...gateway.password
2024-11-12 10:36:16 INFO  Keywords:313 - Element found...gateway.password
2024-11-12 10:36:16 INFO  Keywords:143 - ClickOnLink is called
2024-11-12 10:36:16 INFO  Keywords:309 - Waiting for webElement...gateway.login
2024-11-12 10:36:16 INFO  Keywords:313 - Element found...gateway.login
2024-11-12 10:36:53 INFO  Keywords:143 - ClickOnLink is called
2024-11-12 10:36:53 INFO  Keywords:309 - Waiting for webElement...postsamldata
2024-11-12 10:36:53 INFO  Keywords:313 - Element found...postsamldata
2024-11-12 10:37:09 INFO  Keywords:143 - ClickOnLink is called
2024-11-12 10:37:09 INFO  Keywords:309 - Waiting for webElement...next
2024-11-12 10:37:35 INFO  Keywords:309 - Waiting for webElement...policyConfiguration.terms
2024-11-12 10:37:45 INFO  Keywords:132 - InputText is called
2024-11-12 10:37:45 INFO  Keywords:309 - Waiting for webElement...policyConfiguration.insuranceamount
2024-11-12 10:37:55 INFO  Keywords:309 - Waiting for webElement...policyConfiguration.LTC
2024-11-12 10:38:05 INFO  Keywords:309 - Waiting for webElement...policyConfiguration.payors
2024-11-12 10:38:15 INFO  Keywords:309 - Waiting for webElement...policyConfiguration.purposeofpolicy
2024-11-12 10:38:26 INFO  Keywords:143 - ClickOnLink is called
2024-11-12 10:38:26 INFO  Keywords:309 - Waiting for webElement...next
2024-11-12 10:40:06 INFO  Keywords:309 - Waiting for webElement...primaryinsured.anticipatedUnderwritingclass
2024-11-12 10:40:16 INFO  Keywords:309 - Waiting for webElement...primaryinsured.birthcountry
2024-11-12 10:40:26 INFO  Keywords:309 - Waiting for webElement...primaryinsured.birthstate
2024-11-12 10:40:36 INFO  Keywords:143 - ClickOnLink is called
2024-11-12 10:40:36 INFO  Keywords:309 - Waiting for webElement...next
2024-11-12 10:41:02 INFO  Keywords:143 - ClickOnLink is called
2024-11-12 10:41:02 INFO  Keywords:309 - Waiting for webElement...next
2024-11-12 10:41:28 INFO  Keywords:309 - Waiting for webElement...EntityRelationship
2024-11-12 10:41:38 INFO  Keywords:143 - ClickOnLink is called
2024-11-12 10:41:38 INFO  Keywords:309 - Waiting for webElement...next
2024-11-12 10:42:05 INFO  Keywords:309 - Waiting for webElement...financialDetails.SourceOfFundsLI
2024-11-12 10:42:17 INFO  Keywords:309 - Waiting for webElement...financialDetails.SurrenderChargeSOFLI
2024-11-12 10:42:28 INFO  Keywords:309 - Waiting for webElement...financialDetails.envisiontaking
2024-11-12 10:42:40 INFO  Keywords:309 - Waiting for webElement...financialDetails.federalfaxbracket
2024-11-12 10:42:50 INFO  Keywords:309 - Waiting for webElement...financialDetails.riskTolerance
2024-11-12 10:43:00 INFO  Keywords:309 - Waiting for webElement...financialDetails.Investmentobjectives
2024-11-12 10:43:10 INFO  Keywords:309 - Waiting for webElement...financialDetails.timehorizon
2024-11-12 10:43:20 INFO  Keywords:309 - Waiting for webElement...financialDetails.investmentexperienceFA
2024-11-12 10:43:30 INFO  Keywords:132 - InputText is called
2024-11-12 10:43:30 INFO  Keywords:309 - Waiting for webElement...financialDetails.investmentstartyear
2024-11-12 10:43:40 INFO  Keywords:132 - InputText is called
2024-11-12 10:43:40 INFO  Keywords:309 - Waiting for webElement...financialdetails.livingexpenses
2024-11-12 10:43:50 INFO  Keywords:132 - InputText is called
2024-11-12 10:43:50 INFO  Keywords:309 - Waiting for webElement...financialdetails.fixeddebtexpenses
2024-11-12 10:44:00 INFO  Keywords:132 - InputText is called
2024-11-12 10:44:00 INFO  Keywords:309 - Waiting for webElement...financialdetails.variabledebtexpenses
2024-11-12 10:44:10 INFO  Keywords:132 - InputText is called
2024-11-12 10:44:10 INFO  Keywords:309 - Waiting for webElement...financialdetails.discretionaryexpenses
2024-11-12 10:44:20 INFO  Keywords:132 - InputText is called
2024-11-12 10:44:20 INFO  Keywords:309 - Waiting for webElement...financialdetails.Annualrincome
2024-11-12 10:44:30 INFO  Keywords:132 - InputText is called
2024-11-12 10:44:30 INFO  Keywords:309 - Waiting for webElement...financialdetails.businessTrustRealstate
2024-11-12 10:44:40 INFO  Keywords:132 - InputText is called
2024-11-12 10:44:40 INFO  Keywords:309 - Waiting for webElement...financialdetails.liquidnetworth
2024-11-12 10:44:50 INFO  Keywords:132 - InputText is called
2024-11-12 10:44:50 INFO  Keywords:309 - Waiting for webElement...financialdetails.policypremium
2024-11-12 10:45:00 INFO  Keywords:132 - InputText is called
2024-11-12 10:45:00 INFO  Keywords:309 - Waiting for webElement...financialdetails.InvestibleAssets
2024-11-12 10:45:10 INFO  Keywords:132 - InputText is called
2024-11-12 10:45:10 INFO  Keywords:309 - Waiting for webElement...financialdetails.totalpremium
2024-11-12 10:45:20 INFO  Keywords:309 - Waiting for webElement...financialdetails.anticipatedchanges
2024-11-12 10:45:30 INFO  Keywords:309 - Waiting for webElement...financialdetails.nonguaranteedelement
2024-11-12 10:45:41 INFO  Keywords:309 - Waiting for webElement...financialdetails.reversemortgage
2024-11-12 10:45:51 INFO  Keywords:143 - ClickOnLink is called
2024-11-12 10:45:51 INFO  Keywords:309 - Waiting for webElement...next
2024-11-12 10:46:01 INFO  Keywords:309 - Waiting for webElement...jointOwnerInsured
2024-11-12 10:46:11 INFO  Keywords:309 - Waiting for webElement...jointOwnerJointInsured
2024-11-12 10:46:21 INFO  Keywords:143 - ClickOnLink is called
2024-11-12 10:46:21 INFO  Keywords:309 - Waiting for webElement...next
2024-11-12 10:46:47 INFO  Keywords:309 - Waiting for webElement...payment.modal
2024-11-12 10:47:13 INFO  Keywords:309 - Waiting for webElement...payment.method
2024-11-12 10:47:23 INFO  Keywords:132 - InputText is called
2024-11-12 10:47:23 INFO  Keywords:309 - Waiting for webElement...payment.premium
2024-11-12 10:47:33 INFO  Keywords:143 - ClickOnLink is called
2024-11-12 10:47:33 INFO  Keywords:309 - Waiting for webElement...next
2024-11-12 10:47:59 INFO  Keywords:309 - Waiting for webElement...existinginsurance.borrowingfunds
2024-11-12 10:48:11 INFO  Keywords:309 - Waiting for webElement...existinginsurance.terminatingexistinglifepolicy
2024-11-12 10:48:22 INFO  Keywords:309 - Waiting for webElement...existinginsurance.longtermcoverage
2024-11-12 10:48:34 INFO  Keywords:309 - Waiting for webElement...existanceterminating.InsuranceCompanyName
2024-11-12 10:48:45 INFO  Keywords:132 - InputText is called
2024-11-12 10:48:45 INFO  Keywords:309 - Waiting for webElement...existanceterminating.ProductName
2024-11-12 10:48:55 INFO  Keywords:132 - InputText is called
2024-11-12 10:48:55 INFO  Keywords:309 - Waiting for webElement...existanceterminating.Insured
2024-11-12 10:49:05 INFO  Keywords:132 - InputText is called
2024-11-12 10:49:05 INFO  Keywords:309 - Waiting for webElement...existanceterminating.Owner
2024-11-12 10:49:15 INFO  Keywords:132 - InputText is called
2024-11-12 10:49:15 INFO  Keywords:309 - Waiting for webElement...existanceterminating.DateIssued
2024-11-12 10:49:25 INFO  Keywords:132 - InputText is called
2024-11-12 10:49:25 INFO  Keywords:309 - Waiting for webElement...existanceterminating.AmountOfInsurance
2024-11-12 10:49:35 INFO  Keywords:309 - Waiting for webElement...existanceterminating.ExistingInsuranceType
2024-11-12 10:49:45 INFO  Keywords:309 - Waiting for webElement...existanceterminating.ProductType
2024-11-12 10:49:55 INFO  Keywords:309 - Waiting for webElement...existanceterminating.LifeProductType
2024-11-12 10:50:05 INFO  Keywords:132 - InputText is called
2024-11-12 10:50:05 INFO  Keywords:309 - Waiting for webElement...existanceterminating.PolicyNo
2024-11-12 10:50:16 INFO  Keywords:309 - Waiting for webElement...existanceterminating.PurposeOfPolicy
2024-11-12 10:50:27 INFO  Keywords:309 - Waiting for webElement...existanceterminating.FundsNewPolicy
2024-11-12 10:50:38 INFO  Keywords:309 - Waiting for webElement...existanceterminating.ReplacingNewPolicy
2024-11-12 10:50:50 INFO  Keywords:309 - Waiting for webElement...existance.suvivorship
2024-11-12 10:51:01 INFO  Keywords:309 - Waiting for webElement...existnace.soldSettled
2024-11-12 10:51:13 INFO  Keywords:309 - Waiting for webElement...existanceterminating.ReplacementThType
2024-11-12 10:51:24 INFO  Keywords:309 - Waiting for webElement...existanceterminating.1035ThExchange
2024-11-12 10:51:34 INFO  Keywords:132 - InputText is called
2024-11-12 10:51:34 INFO  Keywords:309 - Waiting for webElement...existanceterminating.ReasonReplacement
2024-11-12 10:51:44 INFO  Keywords:132 - InputText is called
2024-11-12 10:51:44 INFO  Keywords:309 - Waiting for webElement...existanceterminating.NoOfPolicy
2024-11-12 10:51:54 INFO  Keywords:132 - InputText is called
2024-11-12 10:51:54 INFO  Keywords:309 - Waiting for webElement...existanceterminating.PremiumPayment
2024-11-12 10:52:05 INFO  Keywords:132 - InputText is called
2024-11-12 10:52:05 INFO  Keywords:309 - Waiting for webElement...existanceterminating.FrequencyPremium
2024-11-12 10:52:17 INFO  Keywords:132 - InputText is called
2024-11-12 10:52:17 INFO  Keywords:309 - Waiting for webElement...existanceterminating.AmountBeingExchanged
2024-11-12 10:52:28 INFO  Keywords:132 - InputText is called
2024-11-12 10:52:28 INFO  Keywords:309 - Waiting for webElement...existanceterminating.SurrenderCharge
2024-11-12 10:52:39 INFO  Keywords:132 - InputText is called
2024-11-12 10:52:39 INFO  Keywords:309 - Waiting for webElement...existanceterminating.DeathBenefit
2024-11-12 10:52:51 INFO  Keywords:132 - InputText is called
2024-11-12 10:52:51 INFO  Keywords:309 - Waiting for webElement...existanceterminating.SpecialFeatures
2024-11-12 10:53:02 INFO  Keywords:143 - ClickOnLink is called
2024-11-12 10:53:02 INFO  Keywords:309 - Waiting for webElement...existanceterminating1.AddInstance
2024-11-12 10:53:12 INFO  Keywords:309 - Waiting for webElement...existanceterminating1.InsuranceCompanyName
2024-11-12 10:53:22 INFO  Keywords:132 - InputText is called
2024-11-12 10:53:22 INFO  Keywords:309 - Waiting for webElement...existanceterminating1.ProductName
2024-11-12 10:53:32 INFO  Keywords:132 - InputText is called
2024-11-12 10:53:32 INFO  Keywords:309 - Waiting for webElement...existanceterminating1.Insured
2024-11-12 10:53:42 INFO  Keywords:132 - InputText is called
2024-11-12 10:53:42 INFO  Keywords:309 - Waiting for webElement...existanceterminating1.Owner
2024-11-12 10:53:54 INFO  Keywords:132 - InputText is called
2024-11-12 10:53:54 INFO  Keywords:309 - Waiting for webElement...existanceterminating1.DateIssued
2024-11-12 10:54:05 INFO  Keywords:132 - InputText is called
2024-11-12 10:54:05 INFO  Keywords:309 - Waiting for webElement...existanceterminating1.AmountOfInsurance
2024-11-12 10:54:17 INFO  Keywords:309 - Waiting for webElement...existanceterminating1.ExistingInsuranceType
2024-11-12 10:54:28 INFO  Keywords:309 - Waiting for webElement...existanceterminating1.ProductType
2024-11-12 10:54:40 INFO  Keywords:309 - Waiting for webElement...existanceterminating1.LifeProductType
2024-11-12 10:54:51 INFO  Keywords:132 - InputText is called
2024-11-12 10:54:51 INFO  Keywords:309 - Waiting for webElement...existanceterminating1.PolicyNo
2024-11-12 10:55:01 INFO  Keywords:309 - Waiting for webElement...existanceterminating1.PurposeOfPolicy
2024-11-12 10:55:11 INFO  Keywords:309 - Waiting for webElement...existanceterminating1.FundsNewPolicy
2024-11-12 10:55:21 INFO  Keywords:309 - Waiting for webElement...existanceterminating1.ReplacingNewPolicy
2024-11-12 10:55:31 INFO  Keywords:309 - Waiting for webElement...existance.suvivorship1
2024-11-12 10:55:41 INFO  Keywords:309 - Waiting for webElement...existnace.soldSettled1
2024-11-12 10:55:51 INFO  Keywords:309 - Waiting for webElement...existanceterminating1.ReplacementThType
2024-11-12 10:56:01 INFO  Keywords:309 - Waiting for webElement...existanceterminating1.1035ThExchange
2024-11-12 10:56:13 INFO  Keywords:132 - InputText is called
2024-11-12 10:56:13 INFO  Keywords:309 - Waiting for webElement...existanceterminating1.ReasonReplacement
2024-11-12 10:56:24 INFO  Keywords:132 - InputText is called
2024-11-12 10:56:24 INFO  Keywords:309 - Waiting for webElement...existanceterminating1.NoOfPolicy
2024-11-12 10:56:35 INFO  Keywords:132 - InputText is called
2024-11-12 10:56:35 INFO  Keywords:309 - Waiting for webElement...existanceterminating1.PremiumPayment
2024-11-12 10:56:47 INFO  Keywords:132 - InputText is called
2024-11-12 10:56:47 INFO  Keywords:309 - Waiting for webElement...existanceterminating1.FrequencyPremium
2024-11-12 10:56:58 INFO  Keywords:132 - InputText is called
2024-11-12 10:56:58 INFO  Keywords:309 - Waiting for webElement...existanceterminating1.AmountBeingExchanged
2024-11-12 10:57:08 INFO  Keywords:132 - InputText is called
2024-11-12 10:57:08 INFO  Keywords:309 - Waiting for webElement...existanceterminating1.SurrenderCharge
2024-11-12 10:57:19 INFO  Keywords:132 - InputText is called
2024-11-12 10:57:19 INFO  Keywords:309 - Waiting for webElement...existanceterminating1.DeathBenefit
2024-11-12 10:57:29 INFO  Keywords:132 - InputText is called
2024-11-12 10:57:29 INFO  Keywords:309 - Waiting for webElement...existanceterminating1.SpecialFeatures
2024-11-12 10:57:39 INFO  Keywords:309 - Waiting for webElement...existinginsurance.longtermpolicyYes
2024-11-12 10:57:49 INFO  Keywords:132 - InputText is called
2024-11-12 10:57:49 INFO  Keywords:309 - Waiting for webElement...existinglongtermpolicy.InsuranceName
2024-11-12 10:57:59 INFO  Keywords:132 - InputText is called
2024-11-12 10:57:59 INFO  Keywords:309 - Waiting for webElement...existinglongtermpolicy.policyCertificateNumber
2024-11-12 10:58:09 INFO  Keywords:132 - InputText is called
2024-11-12 10:58:09 INFO  Keywords:309 - Waiting for webElement...existinglongtermpolicy.ProductName
2024-11-12 10:58:19 INFO  Keywords:309 - Waiting for webElement...existinglongtermpolicy.ProductType
2024-11-12 10:58:29 INFO  Keywords:132 - InputText is called
2024-11-12 10:58:29 INFO  Keywords:309 - Waiting for webElement...existinglongtermpolicy.Insured
2024-11-12 10:58:39 INFO  Keywords:132 - InputText is called
2024-11-12 10:58:39 INFO  Keywords:309 - Waiting for webElement...existinglongtermpolicy.Owner
2024-11-12 10:58:49 INFO  Keywords:132 - InputText is called
2024-11-12 10:58:49 INFO  Keywords:309 - Waiting for webElement...existinglongtermpolicy.DailyBenefit
2024-11-12 10:58:59 INFO  Keywords:132 - InputText is called
2024-11-12 10:58:59 INFO  Keywords:309 - Waiting for webElement...existinglongtermpolicy.AmountOfInsurance
2024-11-12 10:59:09 INFO  Keywords:132 - InputText is called
2024-11-12 10:59:09 INFO  Keywords:309 - Waiting for webElement...existinglongtermpolicy.benefitAmount
2024-11-12 10:59:20 INFO  Keywords:132 - InputText is called
2024-11-12 10:59:20 INFO  Keywords:309 - Waiting for webElement...existinglongtermpolicy.benefitPeriod
2024-11-12 10:59:30 INFO  Keywords:143 - ClickOnLink is called
2024-11-12 10:59:30 INFO  Keywords:309 - Waiting for webElement...existinglongtermpolicy1.AddInstance
2024-11-12 10:59:41 INFO  Keywords:132 - InputText is called
2024-11-12 10:59:41 INFO  Keywords:309 - Waiting for webElement...existinglongtermpolicy1.InsuranceName
2024-11-12 10:59:52 INFO  Keywords:132 - InputText is called
2024-11-12 10:59:52 INFO  Keywords:309 - Waiting for webElement...existinglongtermpolicy1.policyCertificateNumber
2024-11-12 11:00:04 INFO  Keywords:132 - InputText is called
2024-11-12 11:00:04 INFO  Keywords:309 - Waiting for webElement...existinglongtermpolicy1.ProductName
2024-11-12 11:00:15 INFO  Keywords:309 - Waiting for webElement...existinglongtermpolicy1.ProductType
2024-11-12 11:00:26 INFO  Keywords:132 - InputText is called
2024-11-12 11:00:26 INFO  Keywords:309 - Waiting for webElement...existinglongtermpolicy1.Insured
2024-11-12 11:00:38 INFO  Keywords:132 - InputText is called
2024-11-12 11:00:38 INFO  Keywords:309 - Waiting for webElement...existinglongtermpolicy1.Owner
2024-11-12 11:00:48 INFO  Keywords:132 - InputText is called
2024-11-12 11:00:48 INFO  Keywords:309 - Waiting for webElement...existinglongtermpolicy1.DailyBenefit
2024-11-12 11:00:58 INFO  Keywords:132 - InputText is called
2024-11-12 11:00:58 INFO  Keywords:309 - Waiting for webElement...existinglongtermpolicy1.AmountOfInsurance
2024-11-12 11:01:08 INFO  Keywords:132 - InputText is called
2024-11-12 11:01:08 INFO  Keywords:309 - Waiting for webElement...existinglongtermpolicy1.benefitAmount
2024-11-12 11:01:18 INFO  Keywords:132 - InputText is called
2024-11-12 11:01:18 INFO  Keywords:309 - Waiting for webElement...existinglongtermpolicy1.benefitPeriod
2024-11-12 11:01:28 INFO  Keywords:309 - Waiting for webElement...existinginsurance.longterminsuranceYes
