2024-10-10 15:44:52 INFO  Keywords:104 - Navigate is called
2024-10-10 15:44:54 INFO  Keywords:130 - InputText is called
2024-10-10 15:44:54 INFO  Keywords:301 - Waiting for webElement...gateway.username
2024-10-10 15:44:54 INFO  Keywords:305 - Element found...gateway.username
2024-10-10 15:44:54 INFO  Keywords:130 - InputText is called
2024-10-10 15:44:54 INFO  Keywords:301 - Waiting for webElement...gateway.password
2024-10-10 15:44:54 INFO  Keywords:305 - Element found...gateway.password
2024-10-10 15:44:54 INFO  Keywords:141 - ClickOnLink is called
2024-10-10 15:44:54 INFO  Keywords:301 - Waiting for webElement...gateway.login
2024-10-10 15:44:54 INFO  Keywords:305 - Element found...gateway.login
2024-10-10 15:45:31 INFO  Keywords:141 - ClickOnLink is called
2024-10-10 15:45:31 INFO  Keywords:301 - Waiting for webElement...postsamldata
2024-10-10 15:45:31 INFO  Keywords:305 - Element found...postsamldata
2024-10-10 15:45:47 INFO  Keywords:141 - ClickOnLink is called
2024-10-10 15:45:47 INFO  Keywords:301 - Waiting for webElement...next
2024-10-10 15:45:47 INFO  Keywords:305 - Element found...next
2024-10-10 15:46:06 INFO  Keywords:130 - InputText is called
2024-10-10 15:46:06 INFO  Keywords:301 - Waiting for webElement...policyConfiguration.insuranceamount
2024-10-10 15:46:06 INFO  Keywords:305 - Element found...policyConfiguration.insuranceamount
2024-10-10 15:46:06 INFO  Keywords:301 - Waiting for webElement...policyConfiguration.DeathBenefit
2024-10-10 15:46:06 INFO  Keywords:305 - Element found...policyConfiguration.DeathBenefit
2024-10-10 15:46:06 INFO  Keywords:301 - Waiting for webElement...policyConfiguration.LTC
2024-10-10 15:46:17 INFO  Keywords:301 - Waiting for webElement...policyConfiguration.payors
2024-10-10 15:46:17 INFO  Keywords:305 - Element found...policyConfiguration.payors
2024-10-10 15:46:17 INFO  Keywords:301 - Waiting for webElement...policyConfiguration.purposeofpolicy
2024-10-10 15:46:17 INFO  Keywords:305 - Element found...policyConfiguration.purposeofpolicy
2024-10-10 15:46:17 INFO  Keywords:141 - ClickOnLink is called
2024-10-10 15:46:17 INFO  Keywords:301 - Waiting for webElement...next
2024-10-10 15:46:17 INFO  Keywords:305 - Element found...next
2024-10-10 15:47:52 INFO  Keywords:301 - Waiting for webElement...primaryinsured.anticipatedUnderwritingclass
2024-10-10 15:47:52 INFO  Keywords:305 - Element found...primaryinsured.anticipatedUnderwritingclass
2024-10-10 15:47:53 INFO  Keywords:301 - Waiting for webElement...primaryinsured.birthcountry
2024-10-10 15:47:53 INFO  Keywords:305 - Element found...primaryinsured.birthcountry
2024-10-10 15:47:53 INFO  Keywords:301 - Waiting for webElement...primaryinsured.birthstate
2024-10-10 15:47:53 INFO  Keywords:305 - Element found...primaryinsured.birthstate
2024-10-10 15:47:53 INFO  Keywords:141 - ClickOnLink is called
2024-10-10 15:47:53 INFO  Keywords:301 - Waiting for webElement...next
2024-10-10 15:47:53 INFO  Keywords:305 - Element found...next
2024-10-10 15:48:13 INFO  Keywords:141 - ClickOnLink is called
2024-10-10 15:48:13 INFO  Keywords:301 - Waiting for webElement...next
2024-10-10 15:48:13 INFO  Keywords:305 - Element found...next
2024-10-10 15:48:32 INFO  Keywords:301 - Waiting for webElement...EntityRelationship
2024-10-10 15:48:32 INFO  Keywords:305 - Element found...EntityRelationship
2024-10-10 15:48:32 INFO  Keywords:141 - ClickOnLink is called
2024-10-10 15:48:32 INFO  Keywords:301 - Waiting for webElement...next
2024-10-10 15:48:32 INFO  Keywords:305 - Element found...next
2024-10-10 15:48:51 INFO  Keywords:301 - Waiting for webElement...financialDetails.SourceOfFundsLI
2024-10-10 15:48:51 INFO  Keywords:305 - Element found...financialDetails.SourceOfFundsLI
2024-10-10 15:48:51 INFO  Keywords:301 - Waiting for webElement...financialDetails.SurrenderChargeSOFLI
2024-10-10 15:48:51 INFO  Keywords:305 - Element found...financialDetails.SurrenderChargeSOFLI
2024-10-10 15:48:52 INFO  Keywords:301 - Waiting for webElement...financialDetails.envisiontaking
2024-10-10 15:48:52 INFO  Keywords:305 - Element found...financialDetails.envisiontaking
2024-10-10 15:48:52 INFO  Keywords:301 - Waiting for webElement...financialDetails.federalfaxbracket
2024-10-10 15:48:52 INFO  Keywords:305 - Element found...financialDetails.federalfaxbracket
2024-10-10 15:48:52 INFO  Keywords:301 - Waiting for webElement...financialDetails.riskTolerance
2024-10-10 15:48:52 INFO  Keywords:305 - Element found...financialDetails.riskTolerance
2024-10-10 15:48:52 INFO  Keywords:301 - Waiting for webElement...financialDetails.Investmentobjectives
2024-10-10 15:48:52 INFO  Keywords:305 - Element found...financialDetails.Investmentobjectives
2024-10-10 15:48:53 INFO  Keywords:301 - Waiting for webElement...financialDetails.timehorizon
2024-10-10 15:48:53 INFO  Keywords:305 - Element found...financialDetails.timehorizon
2024-10-10 15:48:53 INFO  Keywords:301 - Waiting for webElement...financialDetails.investmentexperienceFA
2024-10-10 15:48:53 INFO  Keywords:305 - Element found...financialDetails.investmentexperienceFA
2024-10-10 15:48:53 INFO  Keywords:130 - InputText is called
2024-10-10 15:48:53 INFO  Keywords:301 - Waiting for webElement...financialDetails.investmentstartyear
2024-10-10 15:48:53 INFO  Keywords:305 - Element found...financialDetails.investmentstartyear
2024-10-10 15:48:53 INFO  Keywords:130 - InputText is called
2024-10-10 15:48:53 INFO  Keywords:301 - Waiting for webElement...financialdetails.livingexpenses
2024-10-10 15:48:53 INFO  Keywords:305 - Element found...financialdetails.livingexpenses
2024-10-10 15:48:53 INFO  Keywords:130 - InputText is called
2024-10-10 15:48:53 INFO  Keywords:301 - Waiting for webElement...financialdetails.fixeddebtexpenses
2024-10-10 15:48:53 INFO  Keywords:305 - Element found...financialdetails.fixeddebtexpenses
2024-10-10 15:48:53 INFO  Keywords:130 - InputText is called
2024-10-10 15:48:53 INFO  Keywords:301 - Waiting for webElement...financialdetails.variabledebtexpenses
2024-10-10 15:48:53 INFO  Keywords:305 - Element found...financialdetails.variabledebtexpenses
2024-10-10 15:48:53 INFO  Keywords:130 - InputText is called
2024-10-10 15:48:53 INFO  Keywords:301 - Waiting for webElement...financialdetails.discretionaryexpenses
2024-10-10 15:48:53 INFO  Keywords:305 - Element found...financialdetails.discretionaryexpenses
2024-10-10 15:48:53 INFO  Keywords:130 - InputText is called
2024-10-10 15:48:53 INFO  Keywords:301 - Waiting for webElement...financialdetails.Annualrincome
2024-10-10 15:48:53 INFO  Keywords:305 - Element found...financialdetails.Annualrincome
2024-10-10 15:48:53 INFO  Keywords:130 - InputText is called
2024-10-10 15:48:53 INFO  Keywords:301 - Waiting for webElement...financialdetails.businessTrustRealstate
2024-10-10 15:48:53 INFO  Keywords:305 - Element found...financialdetails.businessTrustRealstate
2024-10-10 15:48:53 INFO  Keywords:130 - InputText is called
2024-10-10 15:48:53 INFO  Keywords:301 - Waiting for webElement...financialdetails.liquidnetworth
2024-10-10 15:48:53 INFO  Keywords:305 - Element found...financialdetails.liquidnetworth
2024-10-10 15:48:53 INFO  Keywords:130 - InputText is called
2024-10-10 15:48:53 INFO  Keywords:301 - Waiting for webElement...financialdetails.policypremium
2024-10-10 15:48:53 INFO  Keywords:305 - Element found...financialdetails.policypremium
2024-10-10 15:48:53 INFO  Keywords:130 - InputText is called
2024-10-10 15:48:53 INFO  Keywords:301 - Waiting for webElement...financialdetails.InvestibleAssets
2024-10-10 15:48:53 INFO  Keywords:305 - Element found...financialdetails.InvestibleAssets
2024-10-10 15:48:53 INFO  Keywords:130 - InputText is called
2024-10-10 15:48:53 INFO  Keywords:301 - Waiting for webElement...financialdetails.totalpremium
2024-10-10 15:48:53 INFO  Keywords:305 - Element found...financialdetails.totalpremium
2024-10-10 15:48:53 INFO  Keywords:301 - Waiting for webElement...financialdetails.anticipatedchanges
2024-10-10 15:48:53 INFO  Keywords:305 - Element found...financialdetails.anticipatedchanges
2024-10-10 15:48:54 INFO  Keywords:301 - Waiting for webElement...financialdetails.nonguaranteedelement
2024-10-10 15:48:54 INFO  Keywords:305 - Element found...financialdetails.nonguaranteedelement
2024-10-10 15:48:54 INFO  Keywords:301 - Waiting for webElement...financialdetails.reversemortgage
2024-10-10 15:48:54 INFO  Keywords:305 - Element found...financialdetails.reversemortgage
2024-10-10 15:48:54 INFO  Keywords:141 - ClickOnLink is called
2024-10-10 15:48:54 INFO  Keywords:301 - Waiting for webElement...next
2024-10-10 15:48:54 INFO  Keywords:305 - Element found...next
2024-10-10 15:48:57 INFO  Keywords:301 - Waiting for webElement...jointOwnerInsured
2024-10-10 15:48:57 INFO  Keywords:305 - Element found...jointOwnerInsured
2024-10-10 15:48:58 INFO  Keywords:301 - Waiting for webElement...jointOwnerJointInsured
2024-10-10 15:49:48 INFO  Keywords:141 - ClickOnLink is called
2024-10-10 15:49:48 INFO  Keywords:301 - Waiting for webElement...next
2024-10-10 15:49:48 INFO  Keywords:305 - Element found...next
2024-10-10 15:50:10 INFO  Keywords:301 - Waiting for webElement...payment.modal
2024-10-10 15:50:10 INFO  Keywords:305 - Element found...payment.modal
2024-10-10 15:50:26 INFO  Keywords:301 - Waiting for webElement...payment.method
2024-10-10 15:50:26 INFO  Keywords:305 - Element found...payment.method
2024-10-10 15:50:26 INFO  Keywords:130 - InputText is called
2024-10-10 15:50:26 INFO  Keywords:301 - Waiting for webElement...payment.premium
2024-10-10 15:50:26 INFO  Keywords:305 - Element found...payment.premium
2024-10-10 15:50:26 INFO  Keywords:141 - ClickOnLink is called
2024-10-10 15:50:26 INFO  Keywords:301 - Waiting for webElement...next
2024-10-10 15:50:26 INFO  Keywords:305 - Element found...next
2024-10-10 15:50:45 INFO  Keywords:301 - Waiting for webElement...existinginsurance.borrowingfunds
2024-10-10 15:50:45 INFO  Keywords:305 - Element found...existinginsurance.borrowingfunds
2024-10-10 15:50:46 INFO  Keywords:301 - Waiting for webElement...existinginsurance.terminatingexistinglifepolicy
2024-10-10 15:50:46 INFO  Keywords:305 - Element found...existinginsurance.terminatingexistinglifepolicy
2024-10-10 15:50:46 INFO  Keywords:301 - Waiting for webElement...existinginsurance.longtermcoverage
2024-10-10 15:50:46 INFO  Keywords:305 - Element found...existinginsurance.longtermcoverage
2024-10-10 15:50:47 INFO  Keywords:301 - Waiting for webElement...existanceterminating.InsuranceCompanyName
2024-10-10 15:50:47 INFO  Keywords:305 - Element found...existanceterminating.InsuranceCompanyName
2024-10-10 15:50:47 INFO  Keywords:130 - InputText is called
2024-10-10 15:50:47 INFO  Keywords:301 - Waiting for webElement...existanceterminating.ProductName
2024-10-10 15:50:47 INFO  Keywords:305 - Element found...existanceterminating.ProductName
2024-10-10 15:50:47 INFO  Keywords:130 - InputText is called
2024-10-10 15:50:47 INFO  Keywords:301 - Waiting for webElement...existanceterminating.Insured
2024-10-10 15:50:47 INFO  Keywords:305 - Element found...existanceterminating.Insured
2024-10-10 15:50:47 INFO  Keywords:301 - Waiting for webElement...existanceterminating.InsuredAnnuitant
2024-10-10 15:50:47 INFO  Keywords:305 - Element found...existanceterminating.InsuredAnnuitant
2024-10-10 15:50:47 INFO  Keywords:130 - InputText is called
2024-10-10 15:50:47 INFO  Keywords:301 - Waiting for webElement...existanceterminating.Owner
2024-10-10 15:50:47 INFO  Keywords:305 - Element found...existanceterminating.Owner
2024-10-10 15:50:47 INFO  Keywords:130 - InputText is called
2024-10-10 15:50:47 INFO  Keywords:301 - Waiting for webElement...existanceterminating.DateIssued
2024-10-10 15:50:47 INFO  Keywords:305 - Element found...existanceterminating.DateIssued
2024-10-10 15:50:47 INFO  Keywords:130 - InputText is called
2024-10-10 15:50:47 INFO  Keywords:301 - Waiting for webElement...existanceterminating.AmountOfInsurance
2024-10-10 15:50:47 INFO  Keywords:305 - Element found...existanceterminating.AmountOfInsurance
2024-10-10 15:50:47 INFO  Keywords:301 - Waiting for webElement...existanceterminating.ExistingInsuranceType
2024-10-10 15:50:47 INFO  Keywords:305 - Element found...existanceterminating.ExistingInsuranceType
2024-10-10 15:50:48 INFO  Keywords:301 - Waiting for webElement...existanceterminating.ProductType
2024-10-10 15:50:48 INFO  Keywords:305 - Element found...existanceterminating.ProductType
2024-10-10 15:50:48 INFO  Keywords:301 - Waiting for webElement...existanceterminating.LifeProductType
2024-10-10 15:50:48 INFO  Keywords:305 - Element found...existanceterminating.LifeProductType
2024-10-10 15:50:48 INFO  Keywords:130 - InputText is called
2024-10-10 15:50:48 INFO  Keywords:301 - Waiting for webElement...existanceterminating.PolicyNo
2024-10-10 15:50:48 INFO  Keywords:305 - Element found...existanceterminating.PolicyNo
2024-10-10 15:50:48 INFO  Keywords:301 - Waiting for webElement...existanceterminating.PurposeOfPolicy
2024-10-10 15:50:48 INFO  Keywords:305 - Element found...existanceterminating.PurposeOfPolicy
2024-10-10 15:50:49 INFO  Keywords:301 - Waiting for webElement...existanceterminating.FundsNewPolicy
2024-10-10 15:50:49 INFO  Keywords:305 - Element found...existanceterminating.FundsNewPolicy
2024-10-10 15:50:49 INFO  Keywords:130 - InputText is called
2024-10-10 15:50:49 INFO  Keywords:301 - Waiting for webElement...existance.FaceAmtRiders
2024-10-10 15:50:49 INFO  Keywords:305 - Element found...existance.FaceAmtRiders
2024-10-10 15:50:49 INFO  Keywords:301 - Waiting for webElement...existanceterminating.FundsNewPolicy
2024-10-10 15:50:49 INFO  Keywords:305 - Element found...existanceterminating.FundsNewPolicy
2024-10-10 15:50:49 INFO  Keywords:301 - Waiting for webElement...existanceterminating.ReplacingNewPolicy
2024-10-10 15:50:49 INFO  Keywords:305 - Element found...existanceterminating.ReplacingNewPolicy
2024-10-10 15:50:49 INFO  Keywords:301 - Waiting for webElement...existance.suvivorship
2024-10-10 15:50:49 INFO  Keywords:305 - Element found...existance.suvivorship
2024-10-10 15:50:50 INFO  Keywords:301 - Waiting for webElement...existnace.soldSettled
2024-10-10 15:50:50 INFO  Keywords:305 - Element found...existnace.soldSettled
2024-10-10 15:50:50 INFO  Keywords:301 - Waiting for webElement...existanceterminating.ReplacementThType
2024-10-10 15:50:50 INFO  Keywords:305 - Element found...existanceterminating.ReplacementThType
2024-10-10 15:50:50 INFO  Keywords:301 - Waiting for webElement...existanceterminating.1035ThExchange
2024-10-10 15:50:50 INFO  Keywords:305 - Element found...existanceterminating.1035ThExchange
2024-10-10 15:50:50 INFO  Keywords:130 - InputText is called
2024-10-10 15:50:50 INFO  Keywords:301 - Waiting for webElement...existing.OwnerSSN
2024-10-10 15:50:50 INFO  Keywords:305 - Element found...existing.OwnerSSN
2024-10-10 15:50:50 INFO  Keywords:301 - Waiting for webElement...existing.loanPolicy
2024-10-10 15:50:50 INFO  Keywords:301 - Waiting for webElement...existing.Transfer
2024-10-10 15:50:53 INFO  Keywords:305 - Element found...existing.Transfer
2024-10-10 15:50:53 INFO  Keywords:130 - InputText is called
2024-10-10 15:50:53 INFO  Keywords:301 - Waiting for webElement...existanceterminating.ReasonReplacement
2024-10-10 15:50:53 INFO  Keywords:305 - Element found...existanceterminating.ReasonReplacement
2024-10-10 15:50:53 INFO  Keywords:130 - InputText is called
2024-10-10 15:50:53 INFO  Keywords:301 - Waiting for webElement...existanceterminating.NoOfPolicy
2024-10-10 15:50:53 INFO  Keywords:305 - Element found...existanceterminating.NoOfPolicy
2024-10-10 15:50:53 INFO  Keywords:130 - InputText is called
2024-10-10 15:50:53 INFO  Keywords:301 - Waiting for webElement...existanceterminating.PremiumPayment
2024-10-10 15:50:53 INFO  Keywords:305 - Element found...existanceterminating.PremiumPayment
2024-10-10 15:50:53 INFO  Keywords:130 - InputText is called
2024-10-10 15:50:53 INFO  Keywords:301 - Waiting for webElement...existanceterminating.FrequencyPremium
2024-10-10 15:50:53 INFO  Keywords:305 - Element found...existanceterminating.FrequencyPremium
2024-10-10 15:50:53 INFO  Keywords:130 - InputText is called
2024-10-10 15:50:53 INFO  Keywords:301 - Waiting for webElement...existanceterminating.AmountBeingExchanged
2024-10-10 15:50:53 INFO  Keywords:305 - Element found...existanceterminating.AmountBeingExchanged
2024-10-10 15:50:53 INFO  Keywords:130 - InputText is called
2024-10-10 15:50:53 INFO  Keywords:301 - Waiting for webElement...existanceterminating.SurrenderCharge
2024-10-10 15:50:53 INFO  Keywords:305 - Element found...existanceterminating.SurrenderCharge
2024-10-10 15:50:53 INFO  Keywords:130 - InputText is called
2024-10-10 15:50:53 INFO  Keywords:301 - Waiting for webElement...existanceterminating.DeathBenefit
2024-10-10 15:50:53 INFO  Keywords:305 - Element found...existanceterminating.DeathBenefit
2024-10-10 15:50:53 INFO  Keywords:130 - InputText is called
2024-10-10 15:50:53 INFO  Keywords:301 - Waiting for webElement...existanceterminating.SpecialFeatures
2024-10-10 15:50:53 INFO  Keywords:305 - Element found...existanceterminating.SpecialFeatures
2024-10-10 15:50:53 INFO  Keywords:141 - ClickOnLink is called
2024-10-10 15:50:53 INFO  Keywords:301 - Waiting for webElement...existanceterminating1.AddInstance
2024-10-10 15:50:53 INFO  Keywords:305 - Element found...existanceterminating1.AddInstance
2024-10-10 15:50:54 INFO  Keywords:301 - Waiting for webElement...existanceterminating1.InsuranceCompanyName
2024-10-10 15:50:54 INFO  Keywords:305 - Element found...existanceterminating1.InsuranceCompanyName
2024-10-10 15:50:54 INFO  Keywords:130 - InputText is called
2024-10-10 15:50:54 INFO  Keywords:301 - Waiting for webElement...existanceterminating1.ProductName
2024-10-10 15:50:54 INFO  Keywords:305 - Element found...existanceterminating1.ProductName
2024-10-10 15:50:54 INFO  Keywords:130 - InputText is called
2024-10-10 15:50:54 INFO  Keywords:301 - Waiting for webElement...existanceterminating1.Insured
2024-10-10 15:50:54 INFO  Keywords:305 - Element found...existanceterminating1.Insured
2024-10-10 15:50:54 INFO  Keywords:301 - Waiting for webElement...existanceterminating1.InsuredAnnuitant
2024-10-10 15:50:54 INFO  Keywords:305 - Element found...existanceterminating1.InsuredAnnuitant
2024-10-10 15:50:54 INFO  Keywords:130 - InputText is called
2024-10-10 15:50:54 INFO  Keywords:301 - Waiting for webElement...existanceterminating1.Owner
2024-10-10 15:50:54 INFO  Keywords:305 - Element found...existanceterminating1.Owner
2024-10-10 15:50:54 INFO  Keywords:130 - InputText is called
2024-10-10 15:50:54 INFO  Keywords:301 - Waiting for webElement...existanceterminating1.DateIssued
2024-10-10 15:50:54 INFO  Keywords:305 - Element found...existanceterminating1.DateIssued
2024-10-10 15:50:54 INFO  Keywords:130 - InputText is called
2024-10-10 15:50:54 INFO  Keywords:301 - Waiting for webElement...existanceterminating1.AmountOfInsurance
2024-10-10 15:50:54 INFO  Keywords:305 - Element found...existanceterminating1.AmountOfInsurance
2024-10-10 15:50:54 INFO  Keywords:301 - Waiting for webElement...existanceterminating1.ExistingInsuranceType
2024-10-10 15:50:54 INFO  Keywords:305 - Element found...existanceterminating1.ExistingInsuranceType
2024-10-10 15:50:55 INFO  Keywords:301 - Waiting for webElement...existanceterminating1.ProductType
2024-10-10 15:50:55 INFO  Keywords:305 - Element found...existanceterminating1.ProductType
2024-10-10 15:50:55 INFO  Keywords:301 - Waiting for webElement...existanceterminating1.LifeProductType
2024-10-10 15:50:55 INFO  Keywords:305 - Element found...existanceterminating1.LifeProductType
2024-10-10 15:50:55 INFO  Keywords:130 - InputText is called
2024-10-10 15:50:55 INFO  Keywords:301 - Waiting for webElement...existanceterminating1.PolicyNo
2024-10-10 15:50:55 INFO  Keywords:305 - Element found...existanceterminating1.PolicyNo
2024-10-10 15:50:55 INFO  Keywords:301 - Waiting for webElement...existanceterminating1.PurposeOfPolicy
2024-10-10 15:50:55 INFO  Keywords:305 - Element found...existanceterminating1.PurposeOfPolicy
2024-10-10 15:50:56 INFO  Keywords:301 - Waiting for webElement...existanceterminating1.FundsNewPolicy
2024-10-10 15:50:56 INFO  Keywords:305 - Element found...existanceterminating1.FundsNewPolicy
2024-10-10 15:50:56 INFO  Keywords:130 - InputText is called
2024-10-10 15:50:56 INFO  Keywords:301 - Waiting for webElement...existance1.FaceAmtRiders
2024-10-10 15:50:56 INFO  Keywords:305 - Element found...existance1.FaceAmtRiders
2024-10-10 15:50:56 INFO  Keywords:301 - Waiting for webElement...existanceterminating1.ReplacingNewPolicy
2024-10-10 15:50:56 INFO  Keywords:305 - Element found...existanceterminating1.ReplacingNewPolicy
2024-10-10 15:50:56 INFO  Keywords:301 - Waiting for webElement...existance.suvivorship1
2024-10-10 15:50:56 INFO  Keywords:305 - Element found...existance.suvivorship1
2024-10-10 15:50:56 INFO  Keywords:301 - Waiting for webElement...existnace.soldSettled1
2024-10-10 15:50:56 INFO  Keywords:305 - Element found...existnace.soldSettled1
2024-10-10 15:50:57 INFO  Keywords:301 - Waiting for webElement...existanceterminating1.ReplacementThType
2024-10-10 15:50:57 INFO  Keywords:305 - Element found...existanceterminating1.ReplacementThType
2024-10-10 15:50:57 INFO  Keywords:301 - Waiting for webElement...existanceterminating1.1035ThExchange
2024-10-10 15:50:57 INFO  Keywords:305 - Element found...existanceterminating1.1035ThExchange
2024-10-10 15:50:57 INFO  Keywords:130 - InputText is called
2024-10-10 15:50:57 INFO  Keywords:301 - Waiting for webElement...existing1.OwnerSSN
2024-10-10 15:50:57 INFO  Keywords:305 - Element found...existing1.OwnerSSN
2024-10-10 15:50:57 INFO  Keywords:301 - Waiting for webElement...existing1.loanPolicy
2024-10-10 15:50:57 INFO  Keywords:301 - Waiting for webElement...existing1.Transfer
2024-10-10 15:50:58 INFO  Keywords:305 - Element found...existing1.Transfer
2024-10-10 15:50:58 INFO  Keywords:130 - InputText is called
2024-10-10 15:50:58 INFO  Keywords:301 - Waiting for webElement...existanceterminating1.ReasonReplacement
2024-10-10 15:50:59 INFO  Keywords:305 - Element found...existanceterminating1.ReasonReplacement
2024-10-10 15:50:59 INFO  Keywords:130 - InputText is called
2024-10-10 15:50:59 INFO  Keywords:301 - Waiting for webElement...existanceterminating1.NoOfPolicy
2024-10-10 15:50:59 INFO  Keywords:305 - Element found...existanceterminating1.NoOfPolicy
2024-10-10 15:50:59 INFO  Keywords:130 - InputText is called
2024-10-10 15:50:59 INFO  Keywords:301 - Waiting for webElement...existanceterminating1.PremiumPayment
2024-10-10 15:50:59 INFO  Keywords:305 - Element found...existanceterminating1.PremiumPayment
2024-10-10 15:50:59 INFO  Keywords:130 - InputText is called
2024-10-10 15:50:59 INFO  Keywords:301 - Waiting for webElement...existanceterminating1.FrequencyPremium
2024-10-10 15:50:59 INFO  Keywords:305 - Element found...existanceterminating1.FrequencyPremium
2024-10-10 15:50:59 INFO  Keywords:130 - InputText is called
2024-10-10 15:50:59 INFO  Keywords:301 - Waiting for webElement...existanceterminating1.AmountBeingExchanged
2024-10-10 15:50:59 INFO  Keywords:305 - Element found...existanceterminating1.AmountBeingExchanged
2024-10-10 15:50:59 INFO  Keywords:130 - InputText is called
2024-10-10 15:50:59 INFO  Keywords:301 - Waiting for webElement...existanceterminating1.SurrenderCharge
2024-10-10 15:50:59 INFO  Keywords:305 - Element found...existanceterminating1.SurrenderCharge
2024-10-10 15:50:59 INFO  Keywords:130 - InputText is called
2024-10-10 15:50:59 INFO  Keywords:301 - Waiting for webElement...existanceterminating1.DeathBenefit
2024-10-10 15:50:59 INFO  Keywords:305 - Element found...existanceterminating1.DeathBenefit
2024-10-10 15:50:59 INFO  Keywords:130 - InputText is called
2024-10-10 15:50:59 INFO  Keywords:301 - Waiting for webElement...existanceterminating1.SpecialFeatures
2024-10-10 15:50:59 INFO  Keywords:305 - Element found...existanceterminating1.SpecialFeatures
2024-10-10 15:50:59 INFO  Keywords:301 - Waiting for webElement...existinginsurance.longtermpolicyYes
2024-10-10 15:50:59 INFO  Keywords:305 - Element found...existinginsurance.longtermpolicyYes
2024-10-10 15:50:59 INFO  Keywords:130 - InputText is called
2024-10-10 15:50:59 INFO  Keywords:301 - Waiting for webElement...existinglongtermpolicy.InsuranceName
2024-10-10 15:50:59 INFO  Keywords:305 - Element found...existinglongtermpolicy.InsuranceName
2024-10-10 15:50:59 INFO  Keywords:130 - InputText is called
2024-10-10 15:50:59 INFO  Keywords:301 - Waiting for webElement...existinglongtermpolicy.policyCertificateNumber
2024-10-10 15:50:59 INFO  Keywords:305 - Element found...existinglongtermpolicy.policyCertificateNumber
2024-10-10 15:50:59 INFO  Keywords:130 - InputText is called
2024-10-10 15:50:59 INFO  Keywords:301 - Waiting for webElement...existinglongtermpolicy.ProductName
2024-10-10 15:50:59 INFO  Keywords:305 - Element found...existinglongtermpolicy.ProductName
2024-10-10 15:50:59 INFO  Keywords:301 - Waiting for webElement...existinglongtermpolicy.ProductType
2024-10-10 15:50:59 INFO  Keywords:305 - Element found...existinglongtermpolicy.ProductType
2024-10-10 15:50:59 INFO  Keywords:130 - InputText is called
2024-10-10 15:50:59 INFO  Keywords:301 - Waiting for webElement...existinglongtermpolicy.Insured
2024-10-10 15:50:59 INFO  Keywords:305 - Element found...existinglongtermpolicy.Insured
2024-10-10 15:50:59 INFO  Keywords:130 - InputText is called
2024-10-10 15:50:59 INFO  Keywords:301 - Waiting for webElement...existinglongtermpolicy.Owner
2024-10-10 15:50:59 INFO  Keywords:305 - Element found...existinglongtermpolicy.Owner
2024-10-10 15:50:59 INFO  Keywords:130 - InputText is called
2024-10-10 15:50:59 INFO  Keywords:301 - Waiting for webElement...existinglongtermpolicy.DailyBenefit
2024-10-10 15:50:59 INFO  Keywords:305 - Element found...existinglongtermpolicy.DailyBenefit
2024-10-10 15:50:59 INFO  Keywords:130 - InputText is called
2024-10-10 15:50:59 INFO  Keywords:301 - Waiting for webElement...existinglongtermpolicy.AmountOfInsurance
2024-10-10 15:50:59 INFO  Keywords:305 - Element found...existinglongtermpolicy.AmountOfInsurance
2024-10-10 15:50:59 INFO  Keywords:130 - InputText is called
2024-10-10 15:50:59 INFO  Keywords:301 - Waiting for webElement...existinglongtermpolicy.benefitAmount
2024-10-10 15:51:00 INFO  Keywords:305 - Element found...existinglongtermpolicy.benefitAmount
2024-10-10 15:51:00 INFO  Keywords:130 - InputText is called
2024-10-10 15:51:00 INFO  Keywords:301 - Waiting for webElement...existinglongtermpolicy.benefitPeriod
2024-10-10 15:51:00 INFO  Keywords:305 - Element found...existinglongtermpolicy.benefitPeriod
2024-10-10 15:51:00 INFO  Keywords:141 - ClickOnLink is called
2024-10-10 15:51:00 INFO  Keywords:301 - Waiting for webElement...existinglongtermpolicy1.AddInstance
2024-10-10 15:51:00 INFO  Keywords:305 - Element found...existinglongtermpolicy1.AddInstance
2024-10-10 15:51:00 INFO  Keywords:130 - InputText is called
2024-10-10 15:51:00 INFO  Keywords:301 - Waiting for webElement...existinglongtermpolicy1.InsuranceName
2024-10-10 15:51:00 INFO  Keywords:305 - Element found...existinglongtermpolicy1.InsuranceName
2024-10-10 15:51:00 INFO  Keywords:130 - InputText is called
2024-10-10 15:51:00 INFO  Keywords:301 - Waiting for webElement...existinglongtermpolicy1.policyCertificateNumber
2024-10-10 15:51:00 INFO  Keywords:305 - Element found...existinglongtermpolicy1.policyCertificateNumber
2024-10-10 15:51:00 INFO  Keywords:130 - InputText is called
2024-10-10 15:51:00 INFO  Keywords:301 - Waiting for webElement...existinglongtermpolicy1.ProductName
2024-10-10 15:51:00 INFO  Keywords:305 - Element found...existinglongtermpolicy1.ProductName
2024-10-10 15:51:00 INFO  Keywords:301 - Waiting for webElement...existinglongtermpolicy1.ProductType
2024-10-10 15:51:00 INFO  Keywords:305 - Element found...existinglongtermpolicy1.ProductType
2024-10-10 15:51:00 INFO  Keywords:130 - InputText is called
2024-10-10 15:51:00 INFO  Keywords:301 - Waiting for webElement...existinglongtermpolicy1.Insured
2024-10-10 15:51:00 INFO  Keywords:305 - Element found...existinglongtermpolicy1.Insured
2024-10-10 15:51:00 INFO  Keywords:130 - InputText is called
2024-10-10 15:51:00 INFO  Keywords:301 - Waiting for webElement...existinglongtermpolicy1.Owner
2024-10-10 15:51:00 INFO  Keywords:305 - Element found...existinglongtermpolicy1.Owner
2024-10-10 15:51:00 INFO  Keywords:130 - InputText is called
2024-10-10 15:51:00 INFO  Keywords:301 - Waiting for webElement...existinglongtermpolicy1.DailyBenefit
2024-10-10 15:51:00 INFO  Keywords:305 - Element found...existinglongtermpolicy1.DailyBenefit
2024-10-10 15:51:00 INFO  Keywords:130 - InputText is called
2024-10-10 15:51:00 INFO  Keywords:301 - Waiting for webElement...existinglongtermpolicy1.AmountOfInsurance
2024-10-10 15:51:00 INFO  Keywords:305 - Element found...existinglongtermpolicy1.AmountOfInsurance
2024-10-10 15:51:00 INFO  Keywords:130 - InputText is called
2024-10-10 15:51:00 INFO  Keywords:301 - Waiting for webElement...existinglongtermpolicy1.benefitAmount
2024-10-10 15:51:00 INFO  Keywords:305 - Element found...existinglongtermpolicy1.benefitAmount
2024-10-10 15:51:00 INFO  Keywords:130 - InputText is called
2024-10-10 15:51:00 INFO  Keywords:301 - Waiting for webElement...existinglongtermpolicy1.benefitPeriod
2024-10-10 15:51:00 INFO  Keywords:305 - Element found...existinglongtermpolicy1.benefitPeriod
2024-10-10 15:51:00 INFO  Keywords:301 - Waiting for webElement...existinginsurance.longterminsuranceYes
2024-10-10 15:51:00 INFO  Keywords:305 - Element found...existinginsurance.longterminsuranceYes
2024-10-10 15:51:01 INFO  Keywords:130 - InputText is called
2024-10-10 15:51:01 INFO  Keywords:301 - Waiting for webElement...existinglongterminsurance.InsuranceCompany
2024-10-10 15:51:01 INFO  Keywords:305 - Element found...existinglongterminsurance.InsuranceCompany
2024-10-10 15:51:01 INFO  Keywords:130 - InputText is called
2024-10-10 15:51:01 INFO  Keywords:301 - Waiting for webElement...existinglongterminsurance.Certificate
2024-10-10 15:51:01 INFO  Keywords:305 - Element found...existinglongterminsurance.Certificate
2024-10-10 15:51:01 INFO  Keywords:130 - InputText is called
2024-10-10 15:51:01 INFO  Keywords:301 - Waiting for webElement...existinglongterminsurance.LTCBenefit
2024-10-10 15:51:01 INFO  Keywords:305 - Element found...existinglongterminsurance.LTCBenefit
2024-10-10 15:51:01 INFO  Keywords:130 - InputText is called
2024-10-10 15:51:01 INFO  Keywords:301 - Waiting for webElement...existinglongterminsurance.IssueDate
2024-10-10 15:51:01 INFO  Keywords:305 - Element found...existinglongterminsurance.IssueDate
2024-10-10 15:51:01 INFO  Keywords:301 - Waiting for webElement...existinglongterminsurance.LapseDate
2024-10-10 15:51:01 INFO  Keywords:305 - Element found...existinglongterminsurance.LapseDate
2024-10-10 15:51:01 INFO  Keywords:141 - ClickOnLink is called
2024-10-10 15:51:01 INFO  Keywords:301 - Waiting for webElement...existinglongterminsurance1.AddInstance
2024-10-10 15:51:01 INFO  Keywords:305 - Element found...existinglongterminsurance1.AddInstance
2024-10-10 15:51:01 INFO  Keywords:130 - InputText is called
2024-10-10 15:51:01 INFO  Keywords:301 - Waiting for webElement...existinglongterminsurance1.InsuranceCompany
2024-10-10 15:51:01 INFO  Keywords:305 - Element found...existinglongterminsurance1.InsuranceCompany
2024-10-10 15:51:01 INFO  Keywords:130 - InputText is called
2024-10-10 15:51:01 INFO  Keywords:301 - Waiting for webElement...existinglongterminsurance1.Certificate
2024-10-10 15:51:01 INFO  Keywords:305 - Element found...existinglongterminsurance1.Certificate
2024-10-10 15:51:01 INFO  Keywords:130 - InputText is called
2024-10-10 15:51:01 INFO  Keywords:301 - Waiting for webElement...existinglongterminsurance1.LTCBenefit
2024-10-10 15:51:01 INFO  Keywords:305 - Element found...existinglongterminsurance1.LTCBenefit
2024-10-10 15:51:01 INFO  Keywords:130 - InputText is called
2024-10-10 15:51:01 INFO  Keywords:301 - Waiting for webElement...existinglongterminsurance1.IssueDate
2024-10-10 15:51:01 INFO  Keywords:305 - Element found...existinglongterminsurance1.IssueDate
2024-10-10 15:51:01 INFO  Keywords:301 - Waiting for webElement...existinglongterminsurance1.LapseDate
2024-10-10 15:51:01 INFO  Keywords:305 - Element found...existinglongterminsurance1.LapseDate
2024-10-10 15:51:01 INFO  Keywords:141 - ClickOnLink is called
2024-10-10 15:51:01 INFO  Keywords:301 - Waiting for webElement...next
2024-10-10 15:51:01 INFO  Keywords:305 - Element found...next
2024-10-10 15:51:04 INFO  Keywords:301 - Waiting for webElement...AgentCertify
2024-10-10 15:51:05 INFO  Keywords:305 - Element found...AgentCertify
2024-10-10 15:51:21 INFO  Keywords:141 - ClickOnLink is called
2024-10-10 15:51:21 INFO  Keywords:301 - Waiting for webElement...next
2024-10-10 15:51:21 INFO  Keywords:305 - Element found...next
2024-10-10 15:51:39 INFO  Keywords:130 - InputText is called
2024-10-10 15:51:39 INFO  Keywords:301 - Waiting for webElement...additionalclientquestion.q1
2024-10-10 15:51:39 INFO  Keywords:305 - Element found...additionalclientquestion.q1
2024-10-10 15:51:39 INFO  Keywords:130 - InputText is called
2024-10-10 15:51:39 INFO  Keywords:301 - Waiting for webElement...additionalclientquestion.q2
2024-10-10 15:52:30 INFO  Keywords:130 - InputText is called
2024-10-10 15:52:30 INFO  Keywords:301 - Waiting for webElement...additionalclientquestion.q3
2024-10-10 15:53:20 INFO  Keywords:130 - InputText is called
2024-10-10 15:53:20 INFO  Keywords:301 - Waiting for webElement...additionalclientquestion.q4
2024-10-10 15:53:20 INFO  Keywords:305 - Element found...additionalclientquestion.q4
2024-10-10 15:53:20 INFO  Keywords:130 - InputText is called
2024-10-10 15:53:20 INFO  Keywords:301 - Waiting for webElement...additionalclientquestion.q5
2024-10-10 15:53:20 INFO  Keywords:305 - Element found...additionalclientquestion.q5
2024-10-10 15:53:20 INFO  Keywords:506 - GetText is called
2024-10-10 15:53:20 INFO  Keywords:301 - Waiting for webElement...ebixTxnID
2024-10-10 15:53:20 INFO  Keywords:305 - Element found...ebixTxnID
2024-10-10 15:53:20 INFO  Keywords:510 - LinkId: 546801
2024-10-10 15:53:20 INFO  Keywords:554 - LinkId: 546801
2024-10-10 15:53:21 INFO  Keywords:506 - GetText is called
2024-10-10 15:53:21 INFO  Keywords:301 - Waiting for webElement...ebixTxnID
2024-10-10 15:53:21 INFO  Keywords:305 - Element found...ebixTxnID
2024-10-10 15:53:21 INFO  Keywords:510 - LinkId: 546801
2024-10-10 15:53:21 INFO  Keywords:141 - ClickOnLink is called
2024-10-10 15:53:21 INFO  Keywords:301 - Waiting for webElement...next
2024-10-10 15:53:21 INFO  Keywords:305 - Element found...next
2024-10-10 15:53:40 INFO  Keywords:301 - Waiting for webElement...AnnuitiesCompany
2024-10-10 15:53:40 INFO  Keywords:305 - Element found...AnnuitiesCompany
2024-10-10 15:53:40 INFO  Keywords:301 - Waiting for webElement...InsuranceReplace
2024-10-10 15:53:40 INFO  Keywords:305 - Element found...InsuranceReplace
2024-10-10 15:53:40 INFO  Keywords:301 - Waiting for webElement...Carrier.ReplacingJH
2024-10-10 15:54:30 INFO  Keywords:301 - Waiting for webElement...Carrier.InterestIssue
2024-10-10 15:54:30 INFO  Keywords:305 - Element found...Carrier.InterestIssue
2024-10-10 15:54:31 INFO  Keywords:301 - Waiting for webElement...Carrier.EntityConnection
2024-10-10 15:54:31 INFO  Keywords:305 - Element found...Carrier.EntityConnection
2024-10-10 15:54:31 INFO  Keywords:130 - InputText is called
2024-10-10 15:54:31 INFO  Keywords:301 - Waiting for webElement...PremiumCollected
2024-10-10 15:54:31 INFO  Keywords:305 - Element found...PremiumCollected
2024-10-10 15:54:31 INFO  Keywords:301 - Waiting for webElement...ResultApplication
2024-10-10 15:54:31 INFO  Keywords:305 - Element found...ResultApplication
2024-10-10 15:54:31 INFO  Keywords:130 - InputText is called
2024-10-10 15:54:31 INFO  Keywords:301 - Waiting for webElement...ResultGiveDetails
2024-10-10 15:55:21 INFO  Keywords:301 - Waiting for webElement...PolicySettlement
2024-10-10 15:55:21 INFO  Keywords:305 - Element found...PolicySettlement
2024-10-10 15:55:21 INFO  Keywords:301 - Waiting for webElement...PremiumLoans
2024-10-10 15:55:21 INFO  Keywords:305 - Element found...PremiumLoans
2024-10-10 15:55:21 INFO  Keywords:301 - Waiting for webElement...EvaluatingFinancing
2024-10-10 15:55:21 INFO  Keywords:305 - Element found...EvaluatingFinancing
2024-10-10 15:55:22 INFO  Keywords:301 - Waiting for webElement...PersonallyInsured
2024-10-10 15:55:22 INFO  Keywords:305 - Element found...PersonallyInsured
2024-10-10 15:55:22 INFO  Keywords:301 - Waiting for webElement...PolicyProposedInsured
2024-10-10 15:55:22 INFO  Keywords:305 - Element found...PolicyProposedInsured
2024-10-10 15:55:22 INFO  Keywords:301 - Waiting for webElement...ProposedInsuredWritten
2024-10-10 15:56:12 INFO  Keywords:301 - Waiting for webElement...ConsentRelationshipTerminates
2024-10-10 15:57:03 INFO  Keywords:130 - InputText is called
2024-10-10 15:57:03 INFO  Keywords:301 - Waiting for webElement...HealthPoliciesForce
2024-10-10 15:57:03 INFO  Keywords:305 - Element found...HealthPoliciesForce
2024-10-10 15:57:03 INFO  Keywords:130 - InputText is called
2024-10-10 15:57:03 INFO  Keywords:301 - Waiting for webElement...SoldForceHP
2024-10-10 15:57:03 INFO  Keywords:305 - Element found...SoldForceHP
2024-10-10 15:57:03 INFO  Keywords:130 - InputText is called
2024-10-10 15:57:03 INFO  Keywords:301 - Waiting for webElement...NameWholeSaler
2024-10-10 15:57:03 INFO  Keywords:305 - Element found...NameWholeSaler
2024-10-10 15:57:03 INFO  Keywords:130 - InputText is called
2024-10-10 15:57:03 INFO  Keywords:301 - Waiting for webElement...ExistingReplacedCarier
2024-10-10 15:57:03 INFO  Keywords:305 - Element found...ExistingReplacedCarier
2024-10-10 15:57:03 INFO  Keywords:301 - Waiting for webElement...Carrier.SignedIllustration
2024-10-10 15:57:53 INFO  Keywords:301 - Waiting for webElement...Carrier.PolicyDelivered
2024-10-10 15:58:44 INFO  Keywords:301 - Waiting for webElement...Carrier.InsuranceCoverage
2024-10-10 15:58:44 INFO  Keywords:305 - Element found...Carrier.InsuranceCoverage
2024-10-10 15:58:44 INFO  Keywords:130 - InputText is called
2024-10-10 15:58:44 INFO  Keywords:301 - Waiting for webElement...Carrier.AcceptPlan
2024-10-10 15:58:44 INFO  Keywords:305 - Element found...Carrier.AcceptPlan
2024-10-10 15:58:44 INFO  Keywords:301 - Waiting for webElement...Carrier.PremiumPaymentSrc
2024-10-10 15:58:44 INFO  Keywords:305 - Element found...Carrier.PremiumPaymentSrc
2024-10-10 15:58:44 INFO  Keywords:301 - Waiting for webElement...Carrier.CriticalIllness
2024-10-10 15:59:34 INFO  Keywords:141 - ClickOnLink is called
2024-10-10 15:59:34 INFO  Keywords:301 - Waiting for webElement...next
2024-10-10 15:59:34 INFO  Keywords:305 - Element found...next
2024-10-10 15:59:35 INFO  Keywords:141 - ClickOnLink is called
2024-10-10 15:59:35 INFO  Keywords:301 - Waiting for webElement...validate.button
2024-10-10 16:00:17 INFO  Keywords:141 - ClickOnLink is called
2024-10-10 16:00:17 INFO  Keywords:301 - Waiting for webElement...notification.continue
2024-10-10 16:00:17 INFO  Keywords:305 - Element found...notification.continue
2024-10-10 16:00:33 INFO  Keywords:141 - ClickOnLink is called
2024-10-10 16:00:33 INFO  Keywords:301 - Waiting for webElement...esignature.optout
2024-10-10 16:02:13 INFO  Keywords:153 - VerifyText is called
2024-10-10 16:02:13 INFO  Keywords:301 - Waiting for webElement...WebElement
2024-10-10 16:02:13 INFO  Keywords:141 - ClickOnLink is called
2024-10-10 16:02:13 INFO  Keywords:301 - Waiting for webElement...attachment
2024-10-10 16:02:13 INFO  Keywords:305 - Element found...attachment
2024-10-10 16:02:14 INFO  Keywords:301 - Waiting for webElement...attachment.documenttype
2024-10-10 16:02:15 INFO  Keywords:305 - Element found...attachment.documenttype
2024-10-10 16:02:16 INFO  Keywords:130 - InputText is called
2024-10-10 16:02:16 INFO  Keywords:301 - Waiting for webElement...attachment.choosefile
2024-10-10 16:02:16 INFO  Keywords:305 - Element found...attachment.choosefile
2024-10-10 16:02:16 INFO  Keywords:141 - ClickOnLink is called
2024-10-10 16:02:16 INFO  Keywords:301 - Waiting for webElement...attachment.upload
2024-10-10 16:02:16 INFO  Keywords:305 - Element found...attachment.upload
2024-10-10 16:02:34 INFO  Keywords:141 - ClickOnLink is called
2024-10-10 16:02:34 INFO  Keywords:301 - Waiting for webElement...RequestSignatures
2024-10-10 16:03:00 INFO  Keywords:301 - Waiting for webElement...attachment.documenttype
2024-10-10 16:03:00 INFO  Keywords:305 - Element found...attachment.documenttype
2024-10-10 16:03:00 INFO  Keywords:130 - InputText is called
2024-10-10 16:03:00 INFO  Keywords:301 - Waiting for webElement...attachment.choosefile
2024-10-10 16:03:00 INFO  Keywords:305 - Element found...attachment.choosefile
2024-10-10 16:03:00 INFO  Keywords:141 - ClickOnLink is called
2024-10-10 16:03:00 INFO  Keywords:301 - Waiting for webElement...attachment.upload
2024-10-10 16:03:00 INFO  Keywords:305 - Element found...attachment.upload
2024-10-10 16:03:18 INFO  Keywords:141 - ClickOnLink is called
2024-10-10 16:03:18 INFO  Keywords:301 - Waiting for webElement...SubmitButton
2024-10-10 16:04:58 INFO  Keywords:451 - switching to parent window...
2024-10-10 16:04:58 INFO  Keywords:104 - Navigate is called
2024-10-10 16:04:58 INFO  Keywords:520 - ClearText is called
2024-10-10 16:04:58 INFO  Keywords:301 - Waiting for webElement...gateway.username
2024-10-10 16:04:59 INFO  Keywords:305 - Element found...gateway.username
2024-10-10 16:04:59 INFO  Keywords:524 - LinkId: 546801
2024-10-10 16:04:59 INFO  Keywords:130 - InputText is called
2024-10-10 16:04:59 INFO  Keywords:301 - Waiting for webElement...gateway.username
2024-10-10 16:04:59 INFO  Keywords:305 - Element found...gateway.username
2024-10-10 16:04:59 INFO  Keywords:520 - ClearText is called
2024-10-10 16:04:59 INFO  Keywords:301 - Waiting for webElement...gateway.password
2024-10-10 16:04:59 INFO  Keywords:305 - Element found...gateway.password
2024-10-10 16:04:59 INFO  Keywords:524 - LinkId: 546801
2024-10-10 16:04:59 INFO  Keywords:130 - InputText is called
2024-10-10 16:04:59 INFO  Keywords:301 - Waiting for webElement...gateway.password
2024-10-10 16:04:59 INFO  Keywords:305 - Element found...gateway.password
2024-10-10 16:04:59 INFO  Keywords:141 - ClickOnLink is called
2024-10-10 16:04:59 INFO  Keywords:301 - Waiting for webElement...gateway.login
2024-10-10 16:04:59 INFO  Keywords:305 - Element found...gateway.login
2024-10-10 16:05:16 INFO  Keywords:141 - ClickOnLink is called
2024-10-10 16:05:16 INFO  Keywords:301 - Waiting for webElement...management
2024-10-10 16:05:16 INFO  Keywords:305 - Element found...management
2024-10-10 16:05:16 INFO  Keywords:301 - Waiting for webElement...managementTools
2024-10-10 16:05:16 INFO  Keywords:305 - Element found...managementTools
2024-10-10 16:05:17 INFO  Keywords:141 - ClickOnLink is called
2024-10-10 16:05:17 INFO  Keywords:301 - Waiting for webElement...feedManagement
2024-10-10 16:05:17 INFO  Keywords:305 - Element found...feedManagement
2024-10-10 16:05:33 INFO  Keywords:141 - ClickOnLink is called
2024-10-10 16:05:33 INFO  Keywords:301 - Waiting for webElement...searchPanel
2024-10-10 16:05:33 INFO  Keywords:305 - Element found...searchPanel
2024-10-10 16:05:34 INFO  Keywords:301 - Waiting for webElement...selectTransactionID
2024-10-10 16:05:34 INFO  Keywords:305 - Element found...selectTransactionID
2024-10-10 16:05:34 INFO  Keywords:130 - InputText is called
2024-10-10 16:05:34 INFO  Keywords:301 - Waiting for webElement...enterTransactioID
2024-10-10 16:05:34 INFO  Keywords:305 - Element found...enterTransactioID
2024-10-10 16:05:34 INFO  Keywords:141 - ClickOnLink is called
2024-10-10 16:05:34 INFO  Keywords:301 - Waiting for webElement...searchbutton
2024-10-10 16:05:34 INFO  Keywords:305 - Element found...searchbutton
2024-10-10 16:05:50 INFO  Keywords:141 - ClickOnLink is called
2024-10-10 16:05:50 INFO  Keywords:301 - Waiting for webElement...transactionSearchmyResult
2024-10-10 16:05:50 INFO  Keywords:305 - Element found...transactionSearchmyResult
2024-10-10 16:06:06 INFO  Keywords:141 - ClickOnLink is called
2024-10-10 16:06:06 INFO  Keywords:301 - Waiting for webElement...onenotThree
2024-10-10 16:06:06 INFO  Keywords:305 - Element found...onenotThree
2024-10-10 16:06:07 INFO  Keywords:301 - Waiting for webElement...103ResponseXML
2024-10-10 16:06:49 INFO  Keywords:451 - switching to parent window...
2024-10-10 16:06:49 INFO  Keywords:104 - Navigate is called
2024-10-10 16:06:49 INFO  Keywords:520 - ClearText is called
2024-10-10 16:06:49 INFO  Keywords:301 - Waiting for webElement...gateway.username
2024-10-10 16:06:49 INFO  Keywords:305 - Element found...gateway.username
2024-10-10 16:06:49 INFO  Keywords:524 - LinkId: 546801
2024-10-10 16:06:49 INFO  Keywords:130 - InputText is called
2024-10-10 16:06:49 INFO  Keywords:301 - Waiting for webElement...gateway.username
2024-10-10 16:06:49 INFO  Keywords:305 - Element found...gateway.username
2024-10-10 16:06:49 INFO  Keywords:520 - ClearText is called
2024-10-10 16:06:49 INFO  Keywords:301 - Waiting for webElement...gateway.password
2024-10-10 16:06:49 INFO  Keywords:305 - Element found...gateway.password
2024-10-10 16:06:49 INFO  Keywords:524 - LinkId: 546801
2024-10-10 16:06:49 INFO  Keywords:130 - InputText is called
2024-10-10 16:06:49 INFO  Keywords:301 - Waiting for webElement...gateway.password
2024-10-10 16:06:49 INFO  Keywords:305 - Element found...gateway.password
2024-10-10 16:06:49 INFO  Keywords:141 - ClickOnLink is called
2024-10-10 16:06:49 INFO  Keywords:301 - Waiting for webElement...gateway.login
2024-10-10 16:06:49 INFO  Keywords:305 - Element found...gateway.login
2024-10-10 16:07:06 INFO  Keywords:141 - ClickOnLink is called
2024-10-10 16:07:06 INFO  Keywords:301 - Waiting for webElement...management
2024-10-10 16:07:06 INFO  Keywords:305 - Element found...management
2024-10-10 16:07:07 INFO  Keywords:301 - Waiting for webElement...managementTools
2024-10-10 16:07:07 INFO  Keywords:305 - Element found...managementTools
2024-10-10 16:07:08 INFO  Keywords:141 - ClickOnLink is called
2024-10-10 16:07:08 INFO  Keywords:301 - Waiting for webElement...feedManagement
2024-10-10 16:07:08 INFO  Keywords:305 - Element found...feedManagement
2024-10-10 16:07:24 INFO  Keywords:141 - ClickOnLink is called
2024-10-10 16:07:24 INFO  Keywords:301 - Waiting for webElement...searchPanel
2024-10-10 16:07:24 INFO  Keywords:305 - Element found...searchPanel
2024-10-10 16:07:24 INFO  Keywords:301 - Waiting for webElement...selectTransactionID
2024-10-10 16:07:24 INFO  Keywords:305 - Element found...selectTransactionID
2024-10-10 16:07:25 INFO  Keywords:130 - InputText is called
2024-10-10 16:07:25 INFO  Keywords:301 - Waiting for webElement...enterTransactioID
2024-10-10 16:07:25 INFO  Keywords:305 - Element found...enterTransactioID
2024-10-10 16:07:25 INFO  Keywords:141 - ClickOnLink is called
2024-10-10 16:07:25 INFO  Keywords:301 - Waiting for webElement...searchbutton
2024-10-10 16:07:25 INFO  Keywords:305 - Element found...searchbutton
2024-10-10 16:07:41 INFO  Keywords:141 - ClickOnLink is called
2024-10-10 16:07:41 INFO  Keywords:301 - Waiting for webElement...transactionSearchmyResult
2024-10-10 16:07:41 INFO  Keywords:305 - Element found...transactionSearchmyResult
2024-10-10 16:07:57 INFO  Keywords:141 - ClickOnLink is called
2024-10-10 16:07:57 INFO  Keywords:301 - Waiting for webElement...RTSMButton
2024-10-10 16:07:57 INFO  Keywords:305 - Element found...RTSMButton
2024-10-10 16:07:57 INFO  Keywords:301 - Waiting for webElement...RTSMResponseXML
