2024-06-10 14:29:50 INFO  Keywords:98 - Navigate is called
2024-06-10 14:29:52 INFO  Keywords:124 - InputText is called
2024-06-10 14:29:52 INFO  Keywords:282 - Waiting for webElement...gateway.username
2024-06-10 14:29:53 INFO  Keywords:285 - Element found...gateway.username
2024-06-10 14:29:53 INFO  Keywords:124 - InputText is called
2024-06-10 14:29:53 INFO  Keywords:282 - Waiting for webElement...gateway.password
2024-06-10 14:29:53 INFO  Keywords:285 - Element found...gateway.password
2024-06-10 14:29:53 INFO  Keywords:135 - ClickOnLink is called
2024-06-10 14:29:53 INFO  Keywords:282 - Waiting for webElement...gateway.login
2024-06-10 14:29:53 INFO  Keywords:285 - Element found...gateway.login
2024-06-10 14:30:30 INFO  Keywords:135 - ClickOnLink is called
2024-06-10 14:30:30 INFO  Keywords:282 - Waiting for webElement...postsamldata
2024-06-10 14:30:30 INFO  Keywords:285 - Element found...postsamldata
2024-06-10 14:30:46 INFO  Keywords:135 - ClickOnLink is called
2024-06-10 14:30:46 INFO  Keywords:282 - Waiting for webElement...next
2024-06-10 14:30:46 INFO  Keywords:285 - Element found...next
2024-06-10 14:31:05 INFO  Keywords:124 - InputText is called
2024-06-10 14:31:05 INFO  Keywords:282 - Waiting for webElement...policyConfiguration.insuranceamount
2024-06-10 14:31:05 INFO  Keywords:285 - Element found...policyConfiguration.insuranceamount
2024-06-10 14:31:05 INFO  Keywords:282 - Waiting for webElement...policyConfiguration.LTC
2024-06-10 14:31:06 INFO  Keywords:285 - Element found...policyConfiguration.LTC
2024-06-10 14:31:06 INFO  Keywords:282 - Waiting for webElement...policyConfiguration.Benefit
2024-06-10 14:31:06 INFO  Keywords:285 - Element found...policyConfiguration.Benefit
2024-06-10 14:31:06 INFO  Keywords:282 - Waiting for webElement...policyConfiguration.payors
2024-06-10 14:31:06 INFO  Keywords:285 - Element found...policyConfiguration.payors
2024-06-10 14:31:06 INFO  Keywords:282 - Waiting for webElement...policyConfiguration.purposeofpolicy
2024-06-10 14:31:06 INFO  Keywords:285 - Element found...policyConfiguration.purposeofpolicy
2024-06-10 14:31:07 INFO  Keywords:135 - ClickOnLink is called
2024-06-10 14:31:07 INFO  Keywords:282 - Waiting for webElement...next
2024-06-10 14:31:07 INFO  Keywords:285 - Element found...next
2024-06-10 14:32:42 INFO  Keywords:282 - Waiting for webElement...primaryinsured.birthcountry
2024-06-10 14:32:42 INFO  Keywords:285 - Element found...primaryinsured.birthcountry
2024-06-10 14:32:42 INFO  Keywords:282 - Waiting for webElement...primaryinsured.birthstate
2024-06-10 14:32:42 INFO  Keywords:285 - Element found...primaryinsured.birthstate
2024-06-10 14:32:43 INFO  Keywords:124 - InputText is called
2024-06-10 14:32:43 INFO  Keywords:282 - Waiting for webElement...primaryinsured.birthcity
2024-06-10 14:32:53 INFO  Keywords:135 - ClickOnLink is called
2024-06-10 14:32:53 INFO  Keywords:282 - Waiting for webElement...next
2024-06-10 14:32:53 INFO  Keywords:285 - Element found...next
2024-06-10 14:33:13 INFO  Keywords:135 - ClickOnLink is called
2024-06-10 14:33:13 INFO  Keywords:282 - Waiting for webElement...next
2024-06-10 14:33:13 INFO  Keywords:285 - Element found...next
2024-06-10 14:33:33 INFO  Keywords:282 - Waiting for webElement...naturalOwner.relationwithInsured
2024-06-10 14:33:33 INFO  Keywords:285 - Element found...naturalOwner.relationwithInsured
2024-06-10 14:33:33 INFO  Keywords:282 - Waiting for webElement...naturalOwner.relationwithJointInsured
2024-06-10 14:34:23 INFO  Keywords:282 - Waiting for webElement...naturalOwner.PermamentResidentCard
2024-06-10 14:34:23 INFO  Keywords:285 - Element found...naturalOwner.PermamentResidentCard
2024-06-10 14:34:23 INFO  Keywords:124 - InputText is called
2024-06-10 14:34:23 INFO  Keywords:282 - Waiting for webElement...naturalOwner.ResidentCardIssueDAte
2024-06-10 14:34:23 INFO  Keywords:285 - Element found...naturalOwner.ResidentCardIssueDAte
2024-06-10 14:34:23 INFO  Keywords:124 - InputText is called
2024-06-10 14:34:23 INFO  Keywords:282 - Waiting for webElement...naturalOwner.ResidentCardExpireationDAte
2024-06-10 14:34:24 INFO  Keywords:285 - Element found...naturalOwner.ResidentCardExpireationDAte
2024-06-10 14:34:24 INFO  Keywords:124 - InputText is called
2024-06-10 14:34:24 INFO  Keywords:282 - Waiting for webElement...naturalOwner.USLivingYrs
2024-06-10 14:34:24 INFO  Keywords:285 - Element found...naturalOwner.USLivingYrs
2024-06-10 14:34:24 INFO  Keywords:124 - InputText is called
2024-06-10 14:34:24 INFO  Keywords:282 - Waiting for webElement...naturalOwner.USLivingMonths
2024-06-10 14:34:24 INFO  Keywords:285 - Element found...naturalOwner.USLivingMonths
2024-06-10 14:34:24 INFO  Keywords:135 - ClickOnLink is called
2024-06-10 14:34:24 INFO  Keywords:282 - Waiting for webElement...next
2024-06-10 14:34:24 INFO  Keywords:285 - Element found...next
2024-06-10 14:34:43 INFO  Keywords:282 - Waiting for webElement...financialDetails.SourceOfFundsLI
2024-06-10 14:34:43 INFO  Keywords:285 - Element found...financialDetails.SourceOfFundsLI
2024-06-10 14:34:43 INFO  Keywords:282 - Waiting for webElement...financialDetails.SurrenderChargeSOFLI
2024-06-10 14:34:43 INFO  Keywords:285 - Element found...financialDetails.SurrenderChargeSOFLI
2024-06-10 14:34:44 INFO  Keywords:282 - Waiting for webElement...financialDetails.envisiontaking
2024-06-10 14:34:44 INFO  Keywords:285 - Element found...financialDetails.envisiontaking
2024-06-10 14:34:44 INFO  Keywords:282 - Waiting for webElement...financialDetails.federalfaxbracket
2024-06-10 14:34:44 INFO  Keywords:285 - Element found...financialDetails.federalfaxbracket
2024-06-10 14:34:44 INFO  Keywords:282 - Waiting for webElement...financialDetails.riskTolerance
2024-06-10 14:34:44 INFO  Keywords:285 - Element found...financialDetails.riskTolerance
2024-06-10 14:34:44 INFO  Keywords:282 - Waiting for webElement...financialDetails.Investmentobjectives
2024-06-10 14:34:44 INFO  Keywords:285 - Element found...financialDetails.Investmentobjectives
2024-06-10 14:34:45 INFO  Keywords:282 - Waiting for webElement...financialDetails.timehorizon
2024-06-10 14:34:45 INFO  Keywords:285 - Element found...financialDetails.timehorizon
2024-06-10 14:34:45 INFO  Keywords:282 - Waiting for webElement...financialDetails.investmentexperienceFA
2024-06-10 14:34:45 INFO  Keywords:285 - Element found...financialDetails.investmentexperienceFA
2024-06-10 14:34:45 INFO  Keywords:124 - InputText is called
2024-06-10 14:34:45 INFO  Keywords:282 - Waiting for webElement...financialDetails.investmentstartyear
2024-06-10 14:34:45 INFO  Keywords:285 - Element found...financialDetails.investmentstartyear
2024-06-10 14:34:45 INFO  Keywords:124 - InputText is called
2024-06-10 14:34:45 INFO  Keywords:282 - Waiting for webElement...financialdetails.wages
2024-06-10 14:34:45 INFO  Keywords:285 - Element found...financialdetails.wages
2024-06-10 14:34:45 INFO  Keywords:124 - InputText is called
2024-06-10 14:34:45 INFO  Keywords:282 - Waiting for webElement...financialdetails.livingexpenses
2024-06-10 14:34:45 INFO  Keywords:285 - Element found...financialdetails.livingexpenses
2024-06-10 14:34:46 INFO  Keywords:124 - InputText is called
2024-06-10 14:34:46 INFO  Keywords:282 - Waiting for webElement...financialdetails.personalinvestment
2024-06-10 14:34:46 INFO  Keywords:285 - Element found...financialdetails.personalinvestment
2024-06-10 14:34:46 INFO  Keywords:124 - InputText is called
2024-06-10 14:34:46 INFO  Keywords:282 - Waiting for webElement...financialdetails.fixeddebtexpenses
2024-06-10 14:34:46 INFO  Keywords:285 - Element found...financialdetails.fixeddebtexpenses
2024-06-10 14:34:46 INFO  Keywords:124 - InputText is called
2024-06-10 14:34:46 INFO  Keywords:282 - Waiting for webElement...financialdetails.rentalincome
2024-06-10 14:34:46 INFO  Keywords:285 - Element found...financialdetails.rentalincome
2024-06-10 14:34:46 INFO  Keywords:124 - InputText is called
2024-06-10 14:34:46 INFO  Keywords:282 - Waiting for webElement...financialdetails.variabledebtexpenses
2024-06-10 14:34:46 INFO  Keywords:285 - Element found...financialdetails.variabledebtexpenses
2024-06-10 14:34:46 INFO  Keywords:124 - InputText is called
2024-06-10 14:34:46 INFO  Keywords:282 - Waiting for webElement...financialdetails.incomepension
2024-06-10 14:34:46 INFO  Keywords:285 - Element found...financialdetails.incomepension
2024-06-10 14:34:46 INFO  Keywords:124 - InputText is called
2024-06-10 14:34:46 INFO  Keywords:282 - Waiting for webElement...financialdetails.discretionaryexpenses
2024-06-10 14:34:46 INFO  Keywords:285 - Element found...financialdetails.discretionaryexpenses
2024-06-10 14:34:46 INFO  Keywords:124 - InputText is called
2024-06-10 14:34:46 INFO  Keywords:282 - Waiting for webElement...financialdetails.socialsecurityincome
2024-06-10 14:34:46 INFO  Keywords:285 - Element found...financialdetails.socialsecurityincome
2024-06-10 14:34:46 INFO  Keywords:124 - InputText is called
2024-06-10 14:34:46 INFO  Keywords:282 - Waiting for webElement...financialdetails.otherincome
2024-06-10 14:34:46 INFO  Keywords:285 - Element found...financialdetails.otherincome
2024-06-10 14:34:46 INFO  Keywords:124 - InputText is called
2024-06-10 14:34:46 INFO  Keywords:282 - Waiting for webElement...financialdetails.bonds
2024-06-10 14:34:46 INFO  Keywords:285 - Element found...financialdetails.bonds
2024-06-10 14:34:46 INFO  Keywords:124 - InputText is called
2024-06-10 14:34:46 INFO  Keywords:282 - Waiting for webElement...financialdetails.businessTrustRealstate
2024-06-10 14:34:46 INFO  Keywords:285 - Element found...financialdetails.businessTrustRealstate
2024-06-10 14:34:46 INFO  Keywords:124 - InputText is called
2024-06-10 14:34:46 INFO  Keywords:282 - Waiting for webElement...financialdetails.retirementplan
2024-06-10 14:34:46 INFO  Keywords:285 - Element found...financialdetails.retirementplan
2024-06-10 14:34:46 INFO  Keywords:124 - InputText is called
2024-06-10 14:34:46 INFO  Keywords:282 - Waiting for webElement...financialdetails.equities
2024-06-10 14:34:46 INFO  Keywords:285 - Element found...financialdetails.equities
2024-06-10 14:34:46 INFO  Keywords:124 - InputText is called
2024-06-10 14:34:46 INFO  Keywords:282 - Waiting for webElement...financialdetails.facevalueilfeinsurance
2024-06-10 14:34:46 INFO  Keywords:285 - Element found...financialdetails.facevalueilfeinsurance
2024-06-10 14:34:46 INFO  Keywords:124 - InputText is called
2024-06-10 14:34:46 INFO  Keywords:282 - Waiting for webElement...financialdetails.fixedannuity
2024-06-10 14:34:46 INFO  Keywords:285 - Element found...financialdetails.fixedannuity
2024-06-10 14:34:46 INFO  Keywords:124 - InputText is called
2024-06-10 14:34:46 INFO  Keywords:282 - Waiting for webElement...financialdetails.indexannuity
2024-06-10 14:34:46 INFO  Keywords:285 - Element found...financialdetails.indexannuity
2024-06-10 14:34:47 INFO  Keywords:124 - InputText is called
2024-06-10 14:34:47 INFO  Keywords:282 - Waiting for webElement...financialdetails.liquidnetworth
2024-06-10 14:34:47 INFO  Keywords:285 - Element found...financialdetails.liquidnetworth
2024-06-10 14:34:47 INFO  Keywords:124 - InputText is called
2024-06-10 14:34:47 INFO  Keywords:282 - Waiting for webElement...financialdetails.mutualfund
2024-06-10 14:34:47 INFO  Keywords:285 - Element found...financialdetails.mutualfund
2024-06-10 14:34:47 INFO  Keywords:124 - InputText is called
2024-06-10 14:34:47 INFO  Keywords:282 - Waiting for webElement...financialdetails.otherbrokerage
2024-06-10 14:34:47 INFO  Keywords:285 - Element found...financialdetails.otherbrokerage
2024-06-10 14:34:47 INFO  Keywords:124 - InputText is called
2024-06-10 14:34:47 INFO  Keywords:282 - Waiting for webElement...financialdetails.policypremium
2024-06-10 14:34:47 INFO  Keywords:285 - Element found...financialdetails.policypremium
2024-06-10 14:34:47 INFO  Keywords:124 - InputText is called
2024-06-10 14:34:47 INFO  Keywords:282 - Waiting for webElement...financialdetails.variableannuity
2024-06-10 14:34:47 INFO  Keywords:285 - Element found...financialdetails.variableannuity
2024-06-10 14:34:47 INFO  Keywords:124 - InputText is called
2024-06-10 14:34:47 INFO  Keywords:282 - Waiting for webElement...financialdetails.totalpremium
2024-06-10 14:34:47 INFO  Keywords:285 - Element found...financialdetails.totalpremium
2024-06-10 14:34:47 INFO  Keywords:282 - Waiting for webElement...financialdetails.anticipatedchanges
2024-06-10 14:34:47 INFO  Keywords:285 - Element found...financialdetails.anticipatedchanges
2024-06-10 14:34:47 INFO  Keywords:282 - Waiting for webElement...financialdetails.nonguaranteedelementYes
2024-06-10 14:34:47 INFO  Keywords:285 - Element found...financialdetails.nonguaranteedelementYes
2024-06-10 14:34:48 INFO  Keywords:282 - Waiting for webElement...financialdetails.reversemortgage
2024-06-10 14:34:48 INFO  Keywords:285 - Element found...financialdetails.reversemortgage
2024-06-10 14:34:48 INFO  Keywords:135 - ClickOnLink is called
2024-06-10 14:34:48 INFO  Keywords:282 - Waiting for webElement...next
2024-06-10 14:34:48 INFO  Keywords:285 - Element found...next
2024-06-10 14:35:07 INFO  Keywords:282 - Waiting for webElement...payment.modal
2024-06-10 14:35:07 INFO  Keywords:285 - Element found...payment.modal
2024-06-10 14:35:23 INFO  Keywords:282 - Waiting for webElement...payment.method
2024-06-10 14:35:23 INFO  Keywords:285 - Element found...payment.method
2024-06-10 14:35:24 INFO  Keywords:124 - InputText is called
2024-06-10 14:35:24 INFO  Keywords:282 - Waiting for webElement...payment.premium
2024-06-10 14:35:24 INFO  Keywords:285 - Element found...payment.premium
2024-06-10 14:35:24 INFO  Keywords:135 - ClickOnLink is called
2024-06-10 14:35:24 INFO  Keywords:282 - Waiting for webElement...next
2024-06-10 14:35:24 INFO  Keywords:285 - Element found...next
2024-06-10 14:35:43 INFO  Keywords:282 - Waiting for webElement...existinginsurance.borrowingfunds
2024-06-10 14:35:43 INFO  Keywords:285 - Element found...existinginsurance.borrowingfunds
2024-06-10 14:35:43 INFO  Keywords:282 - Waiting for webElement...existinginsurance.terminatingexistinglifepolicyNo
2024-06-10 14:35:43 INFO  Keywords:285 - Element found...existinginsurance.terminatingexistinglifepolicyNo
2024-06-10 14:35:44 INFO  Keywords:282 - Waiting for webElement...existinginsurance.DisabilityPoliciesNo
2024-06-10 14:35:44 INFO  Keywords:285 - Element found...existinginsurance.DisabilityPoliciesNo
2024-06-10 14:35:44 INFO  Keywords:282 - Waiting for webElement...existinginsurance.longtermpolicyNo
2024-06-10 14:35:44 INFO  Keywords:285 - Element found...existinginsurance.longtermpolicyNo
2024-06-10 14:35:44 INFO  Keywords:282 - Waiting for webElement...existinglongterminsurance.NO
2024-06-10 14:35:44 INFO  Keywords:285 - Element found...existinglongterminsurance.NO
2024-06-10 14:35:45 INFO  Keywords:135 - ClickOnLink is called
2024-06-10 14:35:45 INFO  Keywords:282 - Waiting for webElement...next
2024-06-10 14:35:45 INFO  Keywords:285 - Element found...next
2024-06-10 14:36:04 INFO  Keywords:135 - ClickOnLink is called
2024-06-10 14:36:04 INFO  Keywords:282 - Waiting for webElement...next
2024-06-10 14:36:04 INFO  Keywords:285 - Element found...next
2024-06-10 14:36:22 INFO  Keywords:124 - InputText is called
2024-06-10 14:36:22 INFO  Keywords:282 - Waiting for webElement...additionalclientquestion.q1
2024-06-10 14:36:23 INFO  Keywords:285 - Element found...additionalclientquestion.q1
2024-06-10 14:36:23 INFO  Keywords:124 - InputText is called
2024-06-10 14:36:23 INFO  Keywords:282 - Waiting for webElement...additionalclientquestion.q2
2024-06-10 14:36:23 INFO  Keywords:285 - Element found...additionalclientquestion.q2
2024-06-10 14:36:23 INFO  Keywords:124 - InputText is called
2024-06-10 14:36:23 INFO  Keywords:282 - Waiting for webElement...additionalclientquestion.q3
2024-06-10 14:36:23 INFO  Keywords:285 - Element found...additionalclientquestion.q3
2024-06-10 14:36:23 INFO  Keywords:124 - InputText is called
2024-06-10 14:36:23 INFO  Keywords:282 - Waiting for webElement...additionalclientquestion.q4
2024-06-10 14:37:13 INFO  Keywords:124 - InputText is called
2024-06-10 14:37:13 INFO  Keywords:282 - Waiting for webElement...additionalclientquestion.q5
2024-06-10 14:38:04 INFO  Keywords:482 - GetText is called
2024-06-10 14:38:04 INFO  Keywords:282 - Waiting for webElement...ebixTxnID
2024-06-10 14:38:04 INFO  Keywords:285 - Element found...ebixTxnID
2024-06-10 14:38:04 INFO  Keywords:486 - LinkId: 530884
2024-06-10 14:38:04 INFO  Keywords:530 - LinkId: 530884
2024-06-10 14:38:04 INFO  Keywords:482 - GetText is called
2024-06-10 14:38:04 INFO  Keywords:282 - Waiting for webElement...ebixTxnID
2024-06-10 14:38:04 INFO  Keywords:285 - Element found...ebixTxnID
2024-06-10 14:38:04 INFO  Keywords:486 - LinkId: 530884
2024-06-10 14:38:04 INFO  Keywords:135 - ClickOnLink is called
2024-06-10 14:38:04 INFO  Keywords:282 - Waiting for webElement...attachment
2024-06-10 14:38:04 INFO  Keywords:285 - Element found...attachment
2024-06-10 14:38:05 INFO  Keywords:282 - Waiting for webElement...attachment.documenttype
2024-06-10 14:38:06 INFO  Keywords:285 - Element found...attachment.documenttype
2024-06-10 14:38:06 INFO  Keywords:124 - InputText is called
2024-06-10 14:38:06 INFO  Keywords:282 - Waiting for webElement...attachment.choosefile
2024-06-10 14:38:06 INFO  Keywords:285 - Element found...attachment.choosefile
2024-06-10 14:38:06 INFO  Keywords:135 - ClickOnLink is called
2024-06-10 14:38:06 INFO  Keywords:282 - Waiting for webElement...attachment.upload
2024-06-10 14:38:06 INFO  Keywords:285 - Element found...attachment.upload
2024-06-10 14:39:37 INFO  Keywords:409 - switching to particular window...
2024-06-10 14:39:37 INFO  Keywords:482 - GetText is called
2024-06-10 14:39:37 INFO  Keywords:282 - Waiting for webElement...ebixTxnID
2024-06-10 14:39:37 INFO  Keywords:285 - Element found...ebixTxnID
2024-06-10 14:39:37 INFO  Keywords:486 - LinkId: 530884
2024-06-10 14:39:37 INFO  Keywords:530 - LinkId: 530884
2024-06-10 14:39:38 INFO  Keywords:482 - GetText is called
2024-06-10 14:39:38 INFO  Keywords:282 - Waiting for webElement...ebixTxnID
2024-06-10 14:39:38 INFO  Keywords:285 - Element found...ebixTxnID
2024-06-10 14:39:38 INFO  Keywords:486 - LinkId: 530884
2024-06-10 14:39:38 INFO  Keywords:135 - ClickOnLink is called
2024-06-10 14:39:38 INFO  Keywords:282 - Waiting for webElement...next
2024-06-10 14:39:38 INFO  Keywords:285 - Element found...next
2024-06-10 14:39:55 INFO  Keywords:135 - ClickOnLink is called
2024-06-10 14:39:55 INFO  Keywords:282 - Waiting for webElement...validate.button
2024-06-10 14:39:55 INFO  Keywords:285 - Element found...validate.button
2024-06-10 14:40:28 INFO  Keywords:135 - ClickOnLink is called
2024-06-10 14:40:28 INFO  Keywords:282 - Waiting for webElement...notification.continue
2024-06-10 14:40:28 INFO  Keywords:285 - Element found...notification.continue
2024-06-10 14:40:44 INFO  Keywords:135 - ClickOnLink is called
2024-06-10 14:40:44 INFO  Keywords:282 - Waiting for webElement...esignature.optout
2024-06-10 14:40:44 INFO  Keywords:285 - Element found...esignature.optout
2024-06-10 14:42:14 INFO  Keywords:147 - VerifyText is called
2024-06-10 14:42:14 INFO  Keywords:282 - Waiting for webElement...WebElement
2024-06-10 14:42:14 INFO  Keywords:135 - ClickOnLink is called
2024-06-10 14:42:14 INFO  Keywords:282 - Waiting for webElement...attachment
2024-06-10 14:42:14 INFO  Keywords:285 - Element found...attachment
2024-06-10 14:42:15 INFO  Keywords:282 - Waiting for webElement...attachment.documenttype
2024-06-10 14:42:15 INFO  Keywords:285 - Element found...attachment.documenttype
2024-06-10 14:42:15 INFO  Keywords:124 - InputText is called
2024-06-10 14:42:15 INFO  Keywords:282 - Waiting for webElement...attachment.choosefile
2024-06-10 14:42:15 INFO  Keywords:285 - Element found...attachment.choosefile
2024-06-10 14:42:15 INFO  Keywords:135 - ClickOnLink is called
2024-06-10 14:42:15 INFO  Keywords:282 - Waiting for webElement...attachment.upload
2024-06-10 14:42:15 INFO  Keywords:285 - Element found...attachment.upload
2024-06-10 14:42:33 INFO  Keywords:135 - ClickOnLink is called
2024-06-10 14:42:33 INFO  Keywords:282 - Waiting for webElement...RequestSignatures
2024-06-10 14:42:33 INFO  Keywords:285 - Element found...RequestSignatures
2024-06-10 14:42:51 INFO  Keywords:282 - Waiting for webElement...attachment.documenttype
2024-06-10 14:42:51 INFO  Keywords:285 - Element found...attachment.documenttype
2024-06-10 14:42:51 INFO  Keywords:124 - InputText is called
2024-06-10 14:42:51 INFO  Keywords:282 - Waiting for webElement...attachment.choosefile
2024-06-10 14:42:51 INFO  Keywords:285 - Element found...attachment.choosefile
2024-06-10 14:42:52 INFO  Keywords:135 - ClickOnLink is called
2024-06-10 14:42:52 INFO  Keywords:282 - Waiting for webElement...attachment.upload
2024-06-10 14:42:52 INFO  Keywords:285 - Element found...attachment.upload
2024-06-10 14:43:09 INFO  Keywords:135 - ClickOnLink is called
2024-06-10 14:43:09 INFO  Keywords:282 - Waiting for webElement...SubmitButton
2024-06-10 14:43:09 INFO  Keywords:285 - Element found...SubmitButton
2024-06-10 14:44:44 INFO  Keywords:428 - switching to parent window...
2024-06-10 14:44:44 INFO  Keywords:98 - Navigate is called
2024-06-10 14:44:45 INFO  Keywords:496 - ClearText is called
2024-06-10 14:44:45 INFO  Keywords:282 - Waiting for webElement...gateway.username
2024-06-10 14:44:45 INFO  Keywords:285 - Element found...gateway.username
2024-06-10 14:44:45 INFO  Keywords:500 - LinkId: 530884
2024-06-10 14:44:45 INFO  Keywords:124 - InputText is called
2024-06-10 14:44:45 INFO  Keywords:282 - Waiting for webElement...gateway.username
2024-06-10 14:44:45 INFO  Keywords:285 - Element found...gateway.username
2024-06-10 14:44:45 INFO  Keywords:496 - ClearText is called
2024-06-10 14:44:45 INFO  Keywords:282 - Waiting for webElement...gateway.password
2024-06-10 14:44:45 INFO  Keywords:285 - Element found...gateway.password
2024-06-10 14:44:45 INFO  Keywords:500 - LinkId: 530884
2024-06-10 14:44:45 INFO  Keywords:124 - InputText is called
2024-06-10 14:44:45 INFO  Keywords:282 - Waiting for webElement...gateway.password
2024-06-10 14:44:45 INFO  Keywords:285 - Element found...gateway.password
2024-06-10 14:44:45 INFO  Keywords:135 - ClickOnLink is called
2024-06-10 14:44:45 INFO  Keywords:282 - Waiting for webElement...gateway.login
2024-06-10 14:44:45 INFO  Keywords:285 - Element found...gateway.login
2024-06-10 14:45:02 INFO  Keywords:135 - ClickOnLink is called
2024-06-10 14:45:02 INFO  Keywords:282 - Waiting for webElement...management
2024-06-10 14:45:02 INFO  Keywords:285 - Element found...management
2024-06-10 14:45:03 INFO  Keywords:282 - Waiting for webElement...managementTools
2024-06-10 14:45:03 INFO  Keywords:285 - Element found...managementTools
2024-06-10 14:45:04 INFO  Keywords:135 - ClickOnLink is called
2024-06-10 14:45:04 INFO  Keywords:282 - Waiting for webElement...feedManagement
2024-06-10 14:45:04 INFO  Keywords:285 - Element found...feedManagement
2024-06-10 14:45:20 INFO  Keywords:135 - ClickOnLink is called
2024-06-10 14:45:20 INFO  Keywords:282 - Waiting for webElement...searchPanel
2024-06-10 14:45:20 INFO  Keywords:285 - Element found...searchPanel
2024-06-10 14:45:20 INFO  Keywords:282 - Waiting for webElement...selectTransactionID
2024-06-10 14:45:20 INFO  Keywords:285 - Element found...selectTransactionID
2024-06-10 14:45:21 INFO  Keywords:124 - InputText is called
2024-06-10 14:45:21 INFO  Keywords:282 - Waiting for webElement...enterTransactioID
2024-06-10 14:45:21 INFO  Keywords:285 - Element found...enterTransactioID
2024-06-10 14:45:21 INFO  Keywords:135 - ClickOnLink is called
2024-06-10 14:45:21 INFO  Keywords:282 - Waiting for webElement...searchbutton
2024-06-10 14:45:21 INFO  Keywords:285 - Element found...searchbutton
2024-06-10 14:45:37 INFO  Keywords:135 - ClickOnLink is called
2024-06-10 14:45:37 INFO  Keywords:282 - Waiting for webElement...transactionSearchmyResult
2024-06-10 14:45:37 INFO  Keywords:285 - Element found...transactionSearchmyResult
2024-06-10 14:45:53 INFO  Keywords:135 - ClickOnLink is called
2024-06-10 14:45:53 INFO  Keywords:282 - Waiting for webElement...onenotThree
2024-06-10 14:45:53 INFO  Keywords:285 - Element found...onenotThree
2024-06-10 14:45:54 INFO  Keywords:282 - Waiting for webElement...103ResponseXML
2024-06-10 14:46:36 INFO  Keywords:428 - switching to parent window...
2024-06-10 14:46:36 INFO  Keywords:98 - Navigate is called
2024-06-10 14:46:36 INFO  Keywords:496 - ClearText is called
2024-06-10 14:46:36 INFO  Keywords:282 - Waiting for webElement...gateway.username
2024-06-10 14:46:36 INFO  Keywords:285 - Element found...gateway.username
2024-06-10 14:46:36 INFO  Keywords:500 - LinkId: 530884
2024-06-10 14:46:36 INFO  Keywords:124 - InputText is called
2024-06-10 14:46:36 INFO  Keywords:282 - Waiting for webElement...gateway.username
2024-06-10 14:46:36 INFO  Keywords:285 - Element found...gateway.username
2024-06-10 14:46:36 INFO  Keywords:496 - ClearText is called
2024-06-10 14:46:36 INFO  Keywords:282 - Waiting for webElement...gateway.password
2024-06-10 14:46:36 INFO  Keywords:285 - Element found...gateway.password
2024-06-10 14:46:36 INFO  Keywords:500 - LinkId: 530884
2024-06-10 14:46:36 INFO  Keywords:124 - InputText is called
2024-06-10 14:46:36 INFO  Keywords:282 - Waiting for webElement...gateway.password
2024-06-10 14:46:36 INFO  Keywords:285 - Element found...gateway.password
2024-06-10 14:46:36 INFO  Keywords:135 - ClickOnLink is called
2024-06-10 14:46:36 INFO  Keywords:282 - Waiting for webElement...gateway.login
2024-06-10 14:46:37 INFO  Keywords:285 - Element found...gateway.login
2024-06-10 14:46:54 INFO  Keywords:135 - ClickOnLink is called
2024-06-10 14:46:54 INFO  Keywords:282 - Waiting for webElement...management
2024-06-10 14:46:54 INFO  Keywords:285 - Element found...management
2024-06-10 14:46:54 INFO  Keywords:282 - Waiting for webElement...managementTools
2024-06-10 14:46:54 INFO  Keywords:285 - Element found...managementTools
2024-06-10 14:46:55 INFO  Keywords:135 - ClickOnLink is called
2024-06-10 14:46:55 INFO  Keywords:282 - Waiting for webElement...feedManagement
2024-06-10 14:46:55 INFO  Keywords:285 - Element found...feedManagement
2024-06-10 14:47:11 INFO  Keywords:135 - ClickOnLink is called
2024-06-10 14:47:11 INFO  Keywords:282 - Waiting for webElement...searchPanel
2024-06-10 14:47:11 INFO  Keywords:285 - Element found...searchPanel
2024-06-10 14:47:12 INFO  Keywords:282 - Waiting for webElement...selectTransactionID
2024-06-10 14:47:12 INFO  Keywords:285 - Element found...selectTransactionID
2024-06-10 14:47:12 INFO  Keywords:124 - InputText is called
2024-06-10 14:47:12 INFO  Keywords:282 - Waiting for webElement...enterTransactioID
2024-06-10 14:47:12 INFO  Keywords:285 - Element found...enterTransactioID
2024-06-10 14:47:12 INFO  Keywords:135 - ClickOnLink is called
2024-06-10 14:47:12 INFO  Keywords:282 - Waiting for webElement...searchbutton
2024-06-10 14:47:12 INFO  Keywords:285 - Element found...searchbutton
2024-06-10 14:47:28 INFO  Keywords:135 - ClickOnLink is called
2024-06-10 14:47:28 INFO  Keywords:282 - Waiting for webElement...transactionSearchmyResult
2024-06-10 14:47:28 INFO  Keywords:285 - Element found...transactionSearchmyResult
2024-06-10 14:47:45 INFO  Keywords:135 - ClickOnLink is called
2024-06-10 14:47:45 INFO  Keywords:282 - Waiting for webElement...RTSMButton
2024-06-10 14:47:45 INFO  Keywords:285 - Element found...RTSMButton
2024-06-10 14:47:45 INFO  Keywords:282 - Waiting for webElement...RTSMResponseXML
2024-06-10 14:48:27 INFO  Keywords:98 - Navigate is called
2024-06-10 14:48:28 INFO  Keywords:124 - InputText is called
2024-06-10 14:48:28 INFO  Keywords:282 - Waiting for webElement...gateway.username
2024-06-10 14:48:28 INFO  Keywords:285 - Element found...gateway.username
2024-06-10 14:48:28 INFO  Keywords:124 - InputText is called
2024-06-10 14:48:28 INFO  Keywords:282 - Waiting for webElement...gateway.password
2024-06-10 14:48:28 INFO  Keywords:285 - Element found...gateway.password
2024-06-10 14:48:28 INFO  Keywords:135 - ClickOnLink is called
2024-06-10 14:48:28 INFO  Keywords:282 - Waiting for webElement...gateway.login
2024-06-10 14:48:28 INFO  Keywords:285 - Element found...gateway.login
2024-06-10 14:49:05 INFO  Keywords:135 - ClickOnLink is called
2024-06-10 14:49:05 INFO  Keywords:282 - Waiting for webElement...postsamldata
2024-06-10 14:49:05 INFO  Keywords:285 - Element found...postsamldata
2024-06-10 14:49:21 INFO  Keywords:135 - ClickOnLink is called
2024-06-10 14:49:21 INFO  Keywords:282 - Waiting for webElement...next
2024-06-10 14:49:48 INFO  Keywords:124 - InputText is called
2024-06-10 14:49:48 INFO  Keywords:282 - Waiting for webElement...policyConfiguration.insuranceamount
2024-06-10 14:49:58 INFO  Keywords:282 - Waiting for webElement...policyConfiguration.LTC
2024-06-10 14:50:08 INFO  Keywords:282 - Waiting for webElement...policyConfiguration.Benefit
2024-06-10 14:50:18 INFO  Keywords:282 - Waiting for webElement...policyConfiguration.payors
2024-06-10 14:50:28 INFO  Keywords:282 - Waiting for webElement...policyConfiguration.purposeofpolicy
2024-06-10 14:50:38 INFO  Keywords:135 - ClickOnLink is called
2024-06-10 14:50:38 INFO  Keywords:282 - Waiting for webElement...next
2024-06-10 14:52:18 INFO  Keywords:282 - Waiting for webElement...primaryinsured.birthcountry
2024-06-10 14:52:28 INFO  Keywords:282 - Waiting for webElement...primaryinsured.birthstate
2024-06-10 14:52:38 INFO  Keywords:124 - InputText is called
2024-06-10 14:52:38 INFO  Keywords:282 - Waiting for webElement...primaryinsured.birthcity
2024-06-10 14:52:48 INFO  Keywords:135 - ClickOnLink is called
2024-06-10 14:52:48 INFO  Keywords:282 - Waiting for webElement...next
2024-06-10 14:53:14 INFO  Keywords:135 - ClickOnLink is called
2024-06-10 14:53:14 INFO  Keywords:282 - Waiting for webElement...next
2024-06-10 14:53:40 INFO  Keywords:282 - Waiting for webElement...naturalOwner.relationwithInsured
2024-06-10 14:53:50 INFO  Keywords:282 - Waiting for webElement...naturalOwner.relationwithJointInsured
2024-06-10 14:54:00 INFO  Keywords:282 - Waiting for webElement...naturalOwner.PermamentResidentCard
2024-06-10 14:54:11 INFO  Keywords:124 - InputText is called
2024-06-10 14:54:11 INFO  Keywords:282 - Waiting for webElement...naturalOwner.ResidentCardIssueDAte
2024-06-10 14:54:21 INFO  Keywords:124 - InputText is called
2024-06-10 14:54:21 INFO  Keywords:282 - Waiting for webElement...naturalOwner.ResidentCardExpireationDAte
2024-06-10 14:54:31 INFO  Keywords:124 - InputText is called
2024-06-10 14:54:31 INFO  Keywords:282 - Waiting for webElement...naturalOwner.USLivingYrs
2024-06-10 14:54:41 INFO  Keywords:124 - InputText is called
2024-06-10 14:54:41 INFO  Keywords:282 - Waiting for webElement...naturalOwner.USLivingMonths
2024-06-10 14:54:51 INFO  Keywords:135 - ClickOnLink is called
2024-06-10 14:54:51 INFO  Keywords:282 - Waiting for webElement...next
2024-06-10 14:55:17 INFO  Keywords:282 - Waiting for webElement...financialDetails.SourceOfFundsLI
2024-06-10 14:55:27 INFO  Keywords:282 - Waiting for webElement...financialDetails.SurrenderChargeSOFLI
2024-06-10 14:55:37 INFO  Keywords:282 - Waiting for webElement...financialDetails.envisiontaking
2024-06-10 14:55:47 INFO  Keywords:282 - Waiting for webElement...financialDetails.federalfaxbracket
2024-06-10 14:55:57 INFO  Keywords:282 - Waiting for webElement...financialDetails.riskTolerance
2024-06-10 14:56:07 INFO  Keywords:282 - Waiting for webElement...financialDetails.Investmentobjectives
2024-06-10 14:56:17 INFO  Keywords:282 - Waiting for webElement...financialDetails.timehorizon
2024-06-10 14:56:27 INFO  Keywords:282 - Waiting for webElement...financialDetails.investmentexperienceFA
2024-06-10 14:56:37 INFO  Keywords:124 - InputText is called
2024-06-10 14:56:37 INFO  Keywords:282 - Waiting for webElement...financialDetails.investmentstartyear
2024-06-10 14:56:47 INFO  Keywords:124 - InputText is called
2024-06-10 14:56:47 INFO  Keywords:282 - Waiting for webElement...financialdetails.wages
2024-06-10 14:56:58 INFO  Keywords:124 - InputText is called
2024-06-10 14:56:58 INFO  Keywords:282 - Waiting for webElement...financialdetails.livingexpenses
2024-06-10 14:57:08 INFO  Keywords:124 - InputText is called
2024-06-10 14:57:08 INFO  Keywords:282 - Waiting for webElement...financialdetails.personalinvestment
2024-06-10 14:57:18 INFO  Keywords:124 - InputText is called
2024-06-10 14:57:18 INFO  Keywords:282 - Waiting for webElement...financialdetails.fixeddebtexpenses
2024-06-10 14:57:28 INFO  Keywords:124 - InputText is called
2024-06-10 14:57:28 INFO  Keywords:282 - Waiting for webElement...financialdetails.rentalincome
2024-06-10 14:57:38 INFO  Keywords:124 - InputText is called
2024-06-10 14:57:38 INFO  Keywords:282 - Waiting for webElement...financialdetails.variabledebtexpenses
2024-06-10 14:57:48 INFO  Keywords:124 - InputText is called
2024-06-10 14:57:48 INFO  Keywords:282 - Waiting for webElement...financialdetails.incomepension
2024-06-10 14:57:58 INFO  Keywords:124 - InputText is called
2024-06-10 14:57:58 INFO  Keywords:282 - Waiting for webElement...financialdetails.discretionaryexpenses
2024-06-10 14:58:08 INFO  Keywords:124 - InputText is called
2024-06-10 14:58:08 INFO  Keywords:282 - Waiting for webElement...financialdetails.socialsecurityincome
2024-06-10 14:58:18 INFO  Keywords:124 - InputText is called
2024-06-10 14:58:18 INFO  Keywords:282 - Waiting for webElement...financialdetails.otherincome
2024-06-10 14:58:28 INFO  Keywords:124 - InputText is called
2024-06-10 14:58:28 INFO  Keywords:282 - Waiting for webElement...financialdetails.bonds
2024-06-10 14:58:38 INFO  Keywords:124 - InputText is called
2024-06-10 14:58:38 INFO  Keywords:282 - Waiting for webElement...financialdetails.businessTrustRealstate
2024-06-10 14:58:48 INFO  Keywords:124 - InputText is called
2024-06-10 14:58:48 INFO  Keywords:282 - Waiting for webElement...financialdetails.retirementplan
2024-06-10 14:58:58 INFO  Keywords:124 - InputText is called
2024-06-10 14:58:58 INFO  Keywords:282 - Waiting for webElement...financialdetails.equities
2024-06-10 14:59:08 INFO  Keywords:124 - InputText is called
2024-06-10 14:59:08 INFO  Keywords:282 - Waiting for webElement...financialdetails.facevalueilfeinsurance
2024-06-10 14:59:19 INFO  Keywords:124 - InputText is called
2024-06-10 14:59:19 INFO  Keywords:282 - Waiting for webElement...financialdetails.fixedannuity
2024-06-10 14:59:29 INFO  Keywords:124 - InputText is called
2024-06-10 14:59:29 INFO  Keywords:282 - Waiting for webElement...financialdetails.indexannuity
2024-06-10 14:59:39 INFO  Keywords:124 - InputText is called
2024-06-10 14:59:39 INFO  Keywords:282 - Waiting for webElement...financialdetails.liquidnetworth
2024-06-10 14:59:49 INFO  Keywords:124 - InputText is called
2024-06-10 14:59:49 INFO  Keywords:282 - Waiting for webElement...financialdetails.mutualfund
2024-06-10 14:59:59 INFO  Keywords:124 - InputText is called
2024-06-10 14:59:59 INFO  Keywords:282 - Waiting for webElement...financialdetails.otherbrokerage
2024-06-10 15:00:09 INFO  Keywords:124 - InputText is called
2024-06-10 15:00:09 INFO  Keywords:282 - Waiting for webElement...financialdetails.policypremium
2024-06-10 15:00:19 INFO  Keywords:124 - InputText is called
2024-06-10 15:00:19 INFO  Keywords:282 - Waiting for webElement...financialdetails.variableannuity
2024-06-10 15:00:29 INFO  Keywords:124 - InputText is called
2024-06-10 15:00:29 INFO  Keywords:282 - Waiting for webElement...financialdetails.totalpremium
2024-06-10 15:00:39 INFO  Keywords:282 - Waiting for webElement...financialdetails.anticipatedchanges
2024-06-10 15:00:49 INFO  Keywords:282 - Waiting for webElement...financialdetails.nonguaranteedelementYes
