2024-05-23 15:34:14 INFO  Keywords:98 - Navigate is called
2024-05-23 15:34:18 INFO  Keywords:124 - InputText is called
2024-05-23 15:34:18 INFO  Keywords:282 - Waiting for webElement...gateway.username
2024-05-23 15:34:18 INFO  Keywords:285 - Element found...gateway.username
2024-05-23 15:34:18 INFO  Keywords:124 - InputText is called
2024-05-23 15:34:18 INFO  Keywords:282 - Waiting for webElement...gateway.password
2024-05-23 15:34:18 INFO  Keywords:285 - Element found...gateway.password
2024-05-23 15:34:18 INFO  Keywords:135 - ClickOnLink is called
2024-05-23 15:34:18 INFO  Keywords:282 - Waiting for webElement...gateway.login
2024-05-23 15:34:18 INFO  Keywords:285 - Element found...gateway.login
2024-05-23 15:34:58 INFO  Keywords:135 - ClickOnLink is called
2024-05-23 15:34:58 INFO  Keywords:282 - Waiting for webElement...postsamldata
2024-05-23 15:34:58 INFO  Keywords:285 - Element found...postsamldata
2024-05-23 15:35:14 INFO  Keywords:135 - ClickOnLink is called
2024-05-23 15:35:14 INFO  Keywords:282 - Waiting for webElement...next
2024-05-23 15:35:14 INFO  Keywords:285 - Element found...next
2024-05-23 15:35:36 INFO  Keywords:124 - InputText is called
2024-05-23 15:35:36 INFO  Keywords:282 - Waiting for webElement...policyConfiguration.insuranceamount
2024-05-23 15:35:36 INFO  Keywords:285 - Element found...policyConfiguration.insuranceamount
2024-05-23 15:35:36 INFO  Keywords:282 - Waiting for webElement...policyConfiguration.LTC
2024-05-23 15:35:36 INFO  Keywords:285 - Element found...policyConfiguration.LTC
2024-05-23 15:35:37 INFO  Keywords:282 - Waiting for webElement...policyConfiguration.payors
2024-05-23 15:35:37 INFO  Keywords:285 - Element found...policyConfiguration.payors
2024-05-23 15:35:37 INFO  Keywords:282 - Waiting for webElement...policyConfiguration.purposeofpolicy
2024-05-23 15:35:37 INFO  Keywords:285 - Element found...policyConfiguration.purposeofpolicy
2024-05-23 15:35:37 INFO  Keywords:135 - ClickOnLink is called
2024-05-23 15:35:37 INFO  Keywords:282 - Waiting for webElement...next
2024-05-23 15:35:37 INFO  Keywords:285 - Element found...next
2024-05-23 15:37:13 INFO  Keywords:282 - Waiting for webElement...primaryinsured.birthcountry
2024-05-23 15:37:13 INFO  Keywords:285 - Element found...primaryinsured.birthcountry
2024-05-23 15:37:13 INFO  Keywords:282 - Waiting for webElement...primaryinsured.birthstate
2024-05-23 15:37:13 INFO  Keywords:285 - Element found...primaryinsured.birthstate
2024-05-23 15:37:13 INFO  Keywords:124 - InputText is called
2024-05-23 15:37:13 INFO  Keywords:282 - Waiting for webElement...primaryinsured.birthcity
2024-05-23 15:37:24 INFO  Keywords:135 - ClickOnLink is called
2024-05-23 15:37:24 INFO  Keywords:282 - Waiting for webElement...next
2024-05-23 15:37:24 INFO  Keywords:285 - Element found...next
2024-05-23 15:37:48 INFO  Keywords:135 - ClickOnLink is called
2024-05-23 15:37:48 INFO  Keywords:282 - Waiting for webElement...next
2024-05-23 15:37:48 INFO  Keywords:285 - Element found...next
2024-05-23 15:38:12 INFO  Keywords:282 - Waiting for webElement...EntityRelationship
2024-05-23 15:38:12 INFO  Keywords:285 - Element found...EntityRelationship
2024-05-23 15:38:13 INFO  Keywords:135 - ClickOnLink is called
2024-05-23 15:38:13 INFO  Keywords:282 - Waiting for webElement...next
2024-05-23 15:38:13 INFO  Keywords:285 - Element found...next
2024-05-23 15:38:36 INFO  Keywords:282 - Waiting for webElement...financialDetails.SourceOfFundsLI
2024-05-23 15:38:36 INFO  Keywords:285 - Element found...financialDetails.SourceOfFundsLI
2024-05-23 15:38:37 INFO  Keywords:282 - Waiting for webElement...financialDetails.SurrenderChargeSOFLI
2024-05-23 15:38:37 INFO  Keywords:285 - Element found...financialDetails.SurrenderChargeSOFLI
2024-05-23 15:38:37 INFO  Keywords:282 - Waiting for webElement...financialDetails.envisiontaking
2024-05-23 15:38:37 INFO  Keywords:285 - Element found...financialDetails.envisiontaking
2024-05-23 15:38:37 INFO  Keywords:282 - Waiting for webElement...financialDetails.federalfaxbracket
2024-05-23 15:38:37 INFO  Keywords:285 - Element found...financialDetails.federalfaxbracket
2024-05-23 15:38:38 INFO  Keywords:282 - Waiting for webElement...financialDetails.riskTolerance
2024-05-23 15:38:38 INFO  Keywords:285 - Element found...financialDetails.riskTolerance
2024-05-23 15:38:38 INFO  Keywords:282 - Waiting for webElement...financialDetails.Investmentobjectives
2024-05-23 15:38:38 INFO  Keywords:285 - Element found...financialDetails.Investmentobjectives
2024-05-23 15:38:38 INFO  Keywords:282 - Waiting for webElement...financialDetails.timehorizon
2024-05-23 15:38:38 INFO  Keywords:285 - Element found...financialDetails.timehorizon
2024-05-23 15:38:39 INFO  Keywords:282 - Waiting for webElement...financialDetails.investmentexperienceFA
2024-05-23 15:38:39 INFO  Keywords:285 - Element found...financialDetails.investmentexperienceFA
2024-05-23 15:38:39 INFO  Keywords:124 - InputText is called
2024-05-23 15:38:39 INFO  Keywords:282 - Waiting for webElement...financialDetails.investmentstartyear
2024-05-23 15:38:39 INFO  Keywords:285 - Element found...financialDetails.investmentstartyear
2024-05-23 15:38:39 INFO  Keywords:124 - InputText is called
2024-05-23 15:38:39 INFO  Keywords:282 - Waiting for webElement...financialdetails.livingexpenses
2024-05-23 15:38:39 INFO  Keywords:285 - Element found...financialdetails.livingexpenses
2024-05-23 15:38:39 INFO  Keywords:124 - InputText is called
2024-05-23 15:38:39 INFO  Keywords:282 - Waiting for webElement...financialdetails.fixeddebtexpenses
2024-05-23 15:38:39 INFO  Keywords:285 - Element found...financialdetails.fixeddebtexpenses
2024-05-23 15:38:39 INFO  Keywords:124 - InputText is called
2024-05-23 15:38:39 INFO  Keywords:282 - Waiting for webElement...financialdetails.variabledebtexpenses
2024-05-23 15:38:39 INFO  Keywords:285 - Element found...financialdetails.variabledebtexpenses
2024-05-23 15:38:39 INFO  Keywords:124 - InputText is called
2024-05-23 15:38:39 INFO  Keywords:282 - Waiting for webElement...financialdetails.discretionaryexpenses
2024-05-23 15:38:39 INFO  Keywords:285 - Element found...financialdetails.discretionaryexpenses
2024-05-23 15:38:39 INFO  Keywords:124 - InputText is called
2024-05-23 15:38:39 INFO  Keywords:282 - Waiting for webElement...financialdetails.Annualrincome
2024-05-23 15:38:39 INFO  Keywords:285 - Element found...financialdetails.Annualrincome
2024-05-23 15:38:39 INFO  Keywords:124 - InputText is called
2024-05-23 15:38:39 INFO  Keywords:282 - Waiting for webElement...financialdetails.businessTrustRealstate
2024-05-23 15:38:40 INFO  Keywords:285 - Element found...financialdetails.businessTrustRealstate
2024-05-23 15:38:40 INFO  Keywords:124 - InputText is called
2024-05-23 15:38:40 INFO  Keywords:282 - Waiting for webElement...financialdetails.liquidnetworth
2024-05-23 15:38:40 INFO  Keywords:285 - Element found...financialdetails.liquidnetworth
2024-05-23 15:38:40 INFO  Keywords:124 - InputText is called
2024-05-23 15:38:40 INFO  Keywords:282 - Waiting for webElement...financialdetails.policypremium
2024-05-23 15:38:40 INFO  Keywords:285 - Element found...financialdetails.policypremium
2024-05-23 15:38:40 INFO  Keywords:124 - InputText is called
2024-05-23 15:38:40 INFO  Keywords:282 - Waiting for webElement...financialdetails.InvestibleAssets
2024-05-23 15:38:40 INFO  Keywords:285 - Element found...financialdetails.InvestibleAssets
2024-05-23 15:38:40 INFO  Keywords:124 - InputText is called
2024-05-23 15:38:40 INFO  Keywords:282 - Waiting for webElement...financialdetails.totalpremium
2024-05-23 15:38:40 INFO  Keywords:285 - Element found...financialdetails.totalpremium
2024-05-23 15:38:40 INFO  Keywords:282 - Waiting for webElement...financialdetails.anticipatedchanges
2024-05-23 15:38:40 INFO  Keywords:285 - Element found...financialdetails.anticipatedchanges
2024-05-23 15:38:40 INFO  Keywords:282 - Waiting for webElement...financialdetails.nonguaranteedelement
2024-05-23 15:38:40 INFO  Keywords:285 - Element found...financialdetails.nonguaranteedelement
2024-05-23 15:38:40 INFO  Keywords:282 - Waiting for webElement...financialdetails.reversemortgage
2024-05-23 15:38:41 INFO  Keywords:285 - Element found...financialdetails.reversemortgage
2024-05-23 15:38:41 INFO  Keywords:135 - ClickOnLink is called
2024-05-23 15:38:41 INFO  Keywords:282 - Waiting for webElement...next
2024-05-23 15:38:41 INFO  Keywords:285 - Element found...next
2024-05-23 15:38:48 INFO  Keywords:282 - Waiting for webElement...jointOwnerInsured
2024-05-23 15:38:48 INFO  Keywords:285 - Element found...jointOwnerInsured
2024-05-23 15:38:49 INFO  Keywords:282 - Waiting for webElement...jointOwnerJointInsured
2024-05-23 15:39:39 INFO  Keywords:135 - ClickOnLink is called
2024-05-23 15:39:39 INFO  Keywords:282 - Waiting for webElement...next
2024-05-23 15:39:39 INFO  Keywords:285 - Element found...next
2024-05-23 15:40:03 INFO  Keywords:282 - Waiting for webElement...payment.modal
2024-05-23 15:40:03 INFO  Keywords:285 - Element found...payment.modal
2024-05-23 15:40:19 INFO  Keywords:282 - Waiting for webElement...payment.method
2024-05-23 15:40:19 INFO  Keywords:285 - Element found...payment.method
2024-05-23 15:40:20 INFO  Keywords:124 - InputText is called
2024-05-23 15:40:20 INFO  Keywords:282 - Waiting for webElement...payment.premium
2024-05-23 15:40:20 INFO  Keywords:285 - Element found...payment.premium
2024-05-23 15:40:20 INFO  Keywords:135 - ClickOnLink is called
2024-05-23 15:40:20 INFO  Keywords:282 - Waiting for webElement...next
2024-05-23 15:40:20 INFO  Keywords:285 - Element found...next
2024-05-23 15:40:43 INFO  Keywords:282 - Waiting for webElement...existinginsurance.borrowingfunds
2024-05-23 15:40:43 INFO  Keywords:285 - Element found...existinginsurance.borrowingfunds
2024-05-23 15:40:43 INFO  Keywords:282 - Waiting for webElement...existinginsurance.terminatingexistinglifepolicyNo
2024-05-23 15:40:43 INFO  Keywords:285 - Element found...existinginsurance.terminatingexistinglifepolicyNo
2024-05-23 15:40:43 INFO  Keywords:282 - Waiting for webElement...existinginsurance.DisabilityPoliciesNo
2024-05-23 15:40:43 INFO  Keywords:285 - Element found...existinginsurance.DisabilityPoliciesNo
2024-05-23 15:40:44 INFO  Keywords:282 - Waiting for webElement...existinginsurance.longtermpolicyNo
2024-05-23 15:40:44 INFO  Keywords:285 - Element found...existinginsurance.longtermpolicyNo
2024-05-23 15:40:44 INFO  Keywords:282 - Waiting for webElement...existinglongterminsurance.NO
2024-05-23 15:40:44 INFO  Keywords:285 - Element found...existinglongterminsurance.NO
2024-05-23 15:40:44 INFO  Keywords:135 - ClickOnLink is called
2024-05-23 15:40:44 INFO  Keywords:282 - Waiting for webElement...next
2024-05-23 15:40:44 INFO  Keywords:285 - Element found...next
2024-05-23 15:41:06 INFO  Keywords:135 - ClickOnLink is called
2024-05-23 15:41:06 INFO  Keywords:282 - Waiting for webElement...next
2024-05-23 15:41:06 INFO  Keywords:285 - Element found...next
2024-05-23 15:41:29 INFO  Keywords:124 - InputText is called
2024-05-23 15:41:29 INFO  Keywords:282 - Waiting for webElement...additionalclientquestion.q1
2024-05-23 15:41:29 INFO  Keywords:285 - Element found...additionalclientquestion.q1
2024-05-23 15:41:29 INFO  Keywords:124 - InputText is called
2024-05-23 15:41:29 INFO  Keywords:282 - Waiting for webElement...additionalclientquestion.q2
2024-05-23 15:41:29 INFO  Keywords:285 - Element found...additionalclientquestion.q2
2024-05-23 15:41:29 INFO  Keywords:124 - InputText is called
2024-05-23 15:41:29 INFO  Keywords:282 - Waiting for webElement...additionalclientquestion.q3
2024-05-23 15:42:19 INFO  Keywords:124 - InputText is called
2024-05-23 15:42:19 INFO  Keywords:282 - Waiting for webElement...additionalclientquestion.q4
2024-05-23 15:42:19 INFO  Keywords:285 - Element found...additionalclientquestion.q4
2024-05-23 15:42:19 INFO  Keywords:124 - InputText is called
2024-05-23 15:42:19 INFO  Keywords:282 - Waiting for webElement...additionalclientquestion.q5
2024-05-23 15:42:19 INFO  Keywords:285 - Element found...additionalclientquestion.q5
2024-05-23 15:42:19 INFO  Keywords:482 - GetText is called
2024-05-23 15:42:19 INFO  Keywords:282 - Waiting for webElement...ebixTxnID
2024-05-23 15:42:19 INFO  Keywords:285 - Element found...ebixTxnID
2024-05-23 15:42:19 INFO  Keywords:486 - LinkId: 529872
2024-05-23 15:42:19 INFO  Keywords:530 - LinkId: 529872
2024-05-23 15:42:20 INFO  Keywords:482 - GetText is called
2024-05-23 15:42:20 INFO  Keywords:282 - Waiting for webElement...ebixTxnID
2024-05-23 15:42:20 INFO  Keywords:285 - Element found...ebixTxnID
2024-05-23 15:42:20 INFO  Keywords:486 - LinkId: 529872
2024-05-23 15:42:20 INFO  Keywords:135 - ClickOnLink is called
2024-05-23 15:42:20 INFO  Keywords:282 - Waiting for webElement...next
2024-05-23 15:42:20 INFO  Keywords:285 - Element found...next
2024-05-23 15:42:41 INFO  Keywords:135 - ClickOnLink is called
2024-05-23 15:42:41 INFO  Keywords:282 - Waiting for webElement...validate.button
2024-05-23 15:42:42 INFO  Keywords:285 - Element found...validate.button
2024-05-23 15:43:17 INFO  Keywords:135 - ClickOnLink is called
2024-05-23 15:43:17 INFO  Keywords:282 - Waiting for webElement...notification.continue
2024-05-23 15:43:17 INFO  Keywords:285 - Element found...notification.continue
2024-05-23 15:43:33 INFO  Keywords:135 - ClickOnLink is called
2024-05-23 15:43:33 INFO  Keywords:282 - Waiting for webElement...esignature.optout
2024-05-23 15:43:33 INFO  Keywords:285 - Element found...esignature.optout
2024-05-23 15:45:03 INFO  Keywords:147 - VerifyText is called
2024-05-23 15:45:03 INFO  Keywords:282 - Waiting for webElement...WebElement
2024-05-23 15:45:04 INFO  Keywords:135 - ClickOnLink is called
2024-05-23 15:45:04 INFO  Keywords:282 - Waiting for webElement...attachment
2024-05-23 15:45:04 INFO  Keywords:285 - Element found...attachment
2024-05-23 15:45:04 INFO  Keywords:282 - Waiting for webElement...attachment.documenttype
2024-05-23 15:45:05 INFO  Keywords:285 - Element found...attachment.documenttype
2024-05-23 15:45:05 INFO  Keywords:124 - InputText is called
2024-05-23 15:45:05 INFO  Keywords:282 - Waiting for webElement...attachment.choosefile
2024-05-23 15:45:05 INFO  Keywords:285 - Element found...attachment.choosefile
2024-05-23 15:45:06 INFO  Keywords:135 - ClickOnLink is called
2024-05-23 15:45:06 INFO  Keywords:282 - Waiting for webElement...attachment.upload
2024-05-23 15:45:06 INFO  Keywords:285 - Element found...attachment.upload
2024-05-23 15:45:27 INFO  Keywords:135 - ClickOnLink is called
2024-05-23 15:45:27 INFO  Keywords:282 - Waiting for webElement...RequestSignatures
2024-05-23 15:45:27 INFO  Keywords:285 - Element found...RequestSignatures
2024-05-23 15:45:50 INFO  Keywords:282 - Waiting for webElement...attachment.documenttype
2024-05-23 15:45:50 INFO  Keywords:285 - Element found...attachment.documenttype
2024-05-23 15:45:50 INFO  Keywords:124 - InputText is called
2024-05-23 15:45:50 INFO  Keywords:282 - Waiting for webElement...attachment.choosefile
2024-05-23 15:45:50 INFO  Keywords:285 - Element found...attachment.choosefile
2024-05-23 15:45:50 INFO  Keywords:135 - ClickOnLink is called
2024-05-23 15:45:50 INFO  Keywords:282 - Waiting for webElement...attachment.upload
2024-05-23 15:45:50 INFO  Keywords:285 - Element found...attachment.upload
2024-05-23 15:46:10 INFO  Keywords:135 - ClickOnLink is called
2024-05-23 15:46:10 INFO  Keywords:282 - Waiting for webElement...SubmitButton
2024-05-23 15:46:10 INFO  Keywords:285 - Element found...SubmitButton
2024-05-23 15:47:46 INFO  Keywords:428 - switching to parent window...
2024-05-23 15:47:46 INFO  Keywords:98 - Navigate is called
2024-05-23 15:47:47 INFO  Keywords:496 - ClearText is called
2024-05-23 15:47:47 INFO  Keywords:282 - Waiting for webElement...gateway.username
2024-05-23 15:47:47 INFO  Keywords:285 - Element found...gateway.username
2024-05-23 15:47:47 INFO  Keywords:500 - LinkId: 529872
2024-05-23 15:47:47 INFO  Keywords:124 - InputText is called
2024-05-23 15:47:47 INFO  Keywords:282 - Waiting for webElement...gateway.username
2024-05-23 15:47:47 INFO  Keywords:285 - Element found...gateway.username
2024-05-23 15:47:47 INFO  Keywords:496 - ClearText is called
2024-05-23 15:47:47 INFO  Keywords:282 - Waiting for webElement...gateway.password
2024-05-23 15:47:47 INFO  Keywords:285 - Element found...gateway.password
2024-05-23 15:47:47 INFO  Keywords:500 - LinkId: 529872
2024-05-23 15:47:47 INFO  Keywords:124 - InputText is called
2024-05-23 15:47:47 INFO  Keywords:282 - Waiting for webElement...gateway.password
2024-05-23 15:47:47 INFO  Keywords:285 - Element found...gateway.password
2024-05-23 15:47:47 INFO  Keywords:135 - ClickOnLink is called
2024-05-23 15:47:47 INFO  Keywords:282 - Waiting for webElement...gateway.login
2024-05-23 15:47:47 INFO  Keywords:285 - Element found...gateway.login
2024-05-23 15:48:06 INFO  Keywords:135 - ClickOnLink is called
2024-05-23 15:48:06 INFO  Keywords:282 - Waiting for webElement...management
2024-05-23 15:48:06 INFO  Keywords:285 - Element found...management
2024-05-23 15:48:06 INFO  Keywords:282 - Waiting for webElement...managementTools
2024-05-23 15:48:06 INFO  Keywords:285 - Element found...managementTools
2024-05-23 15:48:07 INFO  Keywords:135 - ClickOnLink is called
2024-05-23 15:48:07 INFO  Keywords:282 - Waiting for webElement...feedManagement
2024-05-23 15:48:08 INFO  Keywords:285 - Element found...feedManagement
2024-05-23 15:48:24 INFO  Keywords:135 - ClickOnLink is called
2024-05-23 15:48:24 INFO  Keywords:282 - Waiting for webElement...searchPanel
2024-05-23 15:48:24 INFO  Keywords:285 - Element found...searchPanel
2024-05-23 15:48:24 INFO  Keywords:282 - Waiting for webElement...selectTransactionID
2024-05-23 15:48:24 INFO  Keywords:285 - Element found...selectTransactionID
2024-05-23 15:48:24 INFO  Keywords:124 - InputText is called
2024-05-23 15:48:24 INFO  Keywords:282 - Waiting for webElement...enterTransactioID
2024-05-23 15:48:25 INFO  Keywords:285 - Element found...enterTransactioID
2024-05-23 15:48:25 INFO  Keywords:135 - ClickOnLink is called
2024-05-23 15:48:25 INFO  Keywords:282 - Waiting for webElement...searchbutton
2024-05-23 15:48:25 INFO  Keywords:285 - Element found...searchbutton
2024-05-23 15:48:41 INFO  Keywords:135 - ClickOnLink is called
2024-05-23 15:48:41 INFO  Keywords:282 - Waiting for webElement...transactionSearchmyResult
2024-05-23 15:48:41 INFO  Keywords:285 - Element found...transactionSearchmyResult
2024-05-23 15:48:57 INFO  Keywords:135 - ClickOnLink is called
2024-05-23 15:48:57 INFO  Keywords:282 - Waiting for webElement...onenotThree
2024-05-23 15:48:57 INFO  Keywords:285 - Element found...onenotThree
2024-05-23 15:48:58 INFO  Keywords:282 - Waiting for webElement...103ResponseXML
2024-05-23 15:49:40 INFO  Keywords:428 - switching to parent window...
2024-05-23 15:49:40 INFO  Keywords:98 - Navigate is called
2024-05-23 15:49:40 INFO  Keywords:496 - ClearText is called
2024-05-23 15:49:40 INFO  Keywords:282 - Waiting for webElement...gateway.username
2024-05-23 15:49:41 INFO  Keywords:285 - Element found...gateway.username
2024-05-23 15:49:41 INFO  Keywords:500 - LinkId: 529872
2024-05-23 15:49:41 INFO  Keywords:124 - InputText is called
2024-05-23 15:49:41 INFO  Keywords:282 - Waiting for webElement...gateway.username
2024-05-23 15:49:41 INFO  Keywords:285 - Element found...gateway.username
2024-05-23 15:49:41 INFO  Keywords:496 - ClearText is called
2024-05-23 15:49:41 INFO  Keywords:282 - Waiting for webElement...gateway.password
2024-05-23 15:49:41 INFO  Keywords:285 - Element found...gateway.password
2024-05-23 15:49:41 INFO  Keywords:500 - LinkId: 529872
2024-05-23 15:49:41 INFO  Keywords:124 - InputText is called
2024-05-23 15:49:41 INFO  Keywords:282 - Waiting for webElement...gateway.password
2024-05-23 15:49:41 INFO  Keywords:285 - Element found...gateway.password
2024-05-23 15:49:41 INFO  Keywords:135 - ClickOnLink is called
2024-05-23 15:49:41 INFO  Keywords:282 - Waiting for webElement...gateway.login
2024-05-23 15:49:41 INFO  Keywords:285 - Element found...gateway.login
2024-05-23 15:50:00 INFO  Keywords:135 - ClickOnLink is called
2024-05-23 15:50:00 INFO  Keywords:282 - Waiting for webElement...management
2024-05-23 15:50:00 INFO  Keywords:285 - Element found...management
2024-05-23 15:50:00 INFO  Keywords:282 - Waiting for webElement...managementTools
2024-05-23 15:50:00 INFO  Keywords:285 - Element found...managementTools
2024-05-23 15:50:01 INFO  Keywords:135 - ClickOnLink is called
2024-05-23 15:50:01 INFO  Keywords:282 - Waiting for webElement...feedManagement
2024-05-23 15:50:01 INFO  Keywords:285 - Element found...feedManagement
2024-05-23 15:50:18 INFO  Keywords:135 - ClickOnLink is called
2024-05-23 15:50:18 INFO  Keywords:282 - Waiting for webElement...searchPanel
2024-05-23 15:50:18 INFO  Keywords:285 - Element found...searchPanel
2024-05-23 15:50:18 INFO  Keywords:282 - Waiting for webElement...selectTransactionID
2024-05-23 15:50:18 INFO  Keywords:285 - Element found...selectTransactionID
2024-05-23 15:50:18 INFO  Keywords:124 - InputText is called
2024-05-23 15:50:18 INFO  Keywords:282 - Waiting for webElement...enterTransactioID
2024-05-23 15:50:18 INFO  Keywords:285 - Element found...enterTransactioID
2024-05-23 15:50:18 INFO  Keywords:135 - ClickOnLink is called
2024-05-23 15:50:18 INFO  Keywords:282 - Waiting for webElement...searchbutton
2024-05-23 15:50:18 INFO  Keywords:285 - Element found...searchbutton
2024-05-23 15:50:35 INFO  Keywords:135 - ClickOnLink is called
2024-05-23 15:50:35 INFO  Keywords:282 - Waiting for webElement...transactionSearchmyResult
2024-05-23 15:50:35 INFO  Keywords:285 - Element found...transactionSearchmyResult
2024-05-23 15:50:51 INFO  Keywords:135 - ClickOnLink is called
2024-05-23 15:50:51 INFO  Keywords:282 - Waiting for webElement...RTSMButton
2024-05-23 15:50:51 INFO  Keywords:285 - Element found...RTSMButton
2024-05-23 15:50:51 INFO  Keywords:282 - Waiting for webElement...RTSMResponseXML
