2024-03-11 10:49:29 INFO  Keywords:94 - Navigate is called
2024-03-11 10:49:34 INFO  Keywords:122 - InputText is called
2024-03-11 10:49:34 INFO  Keywords:288 - Waiting for webElement...gateway.username
2024-03-11 10:49:34 INFO  Keywords:291 - Element found...gateway.username
2024-03-11 10:49:34 INFO  Keywords:122 - InputText is called
2024-03-11 10:49:34 INFO  Keywords:288 - Waiting for webElement...gateway.password
2024-03-11 10:49:35 INFO  Keywords:291 - Element found...gateway.password
2024-03-11 10:49:35 INFO  Keywords:135 - ClickOnLink is called
2024-03-11 10:49:35 INFO  Keywords:288 - Waiting for webElement...gateway.login
2024-03-11 10:49:35 INFO  Keywords:291 - Element found...gateway.login
2024-03-11 10:50:15 INFO  Keywords:135 - ClickOnLink is called
2024-03-11 10:50:15 INFO  Keywords:288 - Waiting for webElement...postsamldata
2024-03-11 10:50:15 INFO  Keywords:291 - Element found...postsamldata
2024-03-11 10:50:32 INFO  Keywords:135 - ClickOnLink is called
2024-03-11 10:50:32 INFO  Keywords:288 - Waiting for webElement...next
2024-03-11 10:50:32 INFO  Keywords:291 - Element found...next
2024-03-11 10:50:56 INFO  Keywords:122 - InputText is called
2024-03-11 10:50:56 INFO  Keywords:288 - Waiting for webElement...policyConfiguration.insuranceamount
2024-03-11 10:50:56 INFO  Keywords:291 - Element found...policyConfiguration.insuranceamount
2024-03-11 10:50:56 INFO  Keywords:288 - Waiting for webElement...policyConfiguration.LTC
2024-03-11 10:50:56 INFO  Keywords:291 - Element found...policyConfiguration.LTC
2024-03-11 10:50:56 INFO  Keywords:288 - Waiting for webElement...policyConfiguration.payors
2024-03-11 10:50:56 INFO  Keywords:291 - Element found...policyConfiguration.payors
2024-03-11 10:50:57 INFO  Keywords:288 - Waiting for webElement...policyConfiguration.purposeofpolicy
2024-03-11 10:50:57 INFO  Keywords:291 - Element found...policyConfiguration.purposeofpolicy
2024-03-11 10:50:57 INFO  Keywords:135 - ClickOnLink is called
2024-03-11 10:50:57 INFO  Keywords:288 - Waiting for webElement...next
2024-03-11 10:52:04 INFO  Keywords:288 - Waiting for webElement...primaryinsured.birthcountry
2024-03-11 10:52:14 INFO  Keywords:288 - Waiting for webElement...primaryinsured.birthstate
2024-03-11 10:52:24 INFO  Keywords:122 - InputText is called
2024-03-11 10:52:24 INFO  Keywords:288 - Waiting for webElement...primaryinsured.birthcity
2024-03-11 10:52:34 INFO  Keywords:288 - Waiting for webElement...primaryinsured.drivinglicense
2024-03-11 10:52:44 INFO  Keywords:122 - InputText is called
2024-03-11 10:52:44 INFO  Keywords:288 - Waiting for webElement...primaryinsured.dlnumber
2024-03-11 10:53:10 INFO  Keywords:288 - Waiting for webElement...primaryinsured.dlissuestateAL
2024-03-11 10:53:20 INFO  Keywords:135 - ClickOnLink is called
2024-03-11 10:53:20 INFO  Keywords:288 - Waiting for webElement...next
2024-03-11 10:54:11 INFO  Keywords:122 - InputText is called
2024-03-11 10:54:11 INFO  Keywords:288 - Waiting for webElement...TrustOther
2024-03-11 10:54:37 INFO  Keywords:288 - Waiting for webElement...TrustIrres
2024-03-11 10:55:03 INFO  Keywords:135 - ClickOnLink is called
2024-03-11 10:55:03 INFO  Keywords:288 - Waiting for webElement...next
2024-03-11 10:56:10 INFO  Keywords:288 - Waiting for webElement...Trust_Relationship
2024-03-11 10:56:20 INFO  Keywords:135 - ClickOnLink is called
2024-03-11 10:56:20 INFO  Keywords:288 - Waiting for webElement...next
2024-03-11 10:57:26 INFO  Keywords:135 - ClickOnLink is called
2024-03-11 10:57:26 INFO  Keywords:288 - Waiting for webElement...next
2024-03-11 10:58:32 INFO  Keywords:288 - Waiting for webElement...financialDetails.SourceOfWealthLI
2024-03-11 10:58:43 INFO  Keywords:288 - Waiting for webElement...financialDetails.SourceOfFundsLI
2024-03-11 10:58:53 INFO  Keywords:288 - Waiting for webElement...financialDetails.SurrenderChargeSOFLI
2024-03-11 10:59:03 INFO  Keywords:288 - Waiting for webElement...financialDetails.envisiontaking
2024-03-11 10:59:13 INFO  Keywords:288 - Waiting for webElement...financialDetails.federalfaxbracket
2024-03-11 10:59:23 INFO  Keywords:288 - Waiting for webElement...financialDetails.riskTolerance
2024-03-11 10:59:33 INFO  Keywords:288 - Waiting for webElement...financialDetails.Investmentobjectives
2024-03-11 10:59:43 INFO  Keywords:288 - Waiting for webElement...financialDetails.timehorizon
2024-03-11 10:59:53 INFO  Keywords:288 - Waiting for webElement...financialDetails.investmentexperienceFA
2024-03-11 11:00:03 INFO  Keywords:122 - InputText is called
2024-03-11 11:00:03 INFO  Keywords:288 - Waiting for webElement...financialDetails.investmentstartyear
2024-03-11 11:00:14 INFO  Keywords:122 - InputText is called
2024-03-11 11:00:14 INFO  Keywords:288 - Waiting for webElement...financialdetails.wages
2024-03-11 11:00:24 INFO  Keywords:122 - InputText is called
2024-03-11 11:00:24 INFO  Keywords:288 - Waiting for webElement...financialdetails.livingexpenses
2024-03-11 11:00:34 INFO  Keywords:122 - InputText is called
2024-03-11 11:00:34 INFO  Keywords:288 - Waiting for webElement...financialdetails.personalinvestment
2024-03-11 11:00:44 INFO  Keywords:122 - InputText is called
2024-03-11 11:00:44 INFO  Keywords:288 - Waiting for webElement...financialdetails.fixeddebtexpenses
2024-03-11 11:00:54 INFO  Keywords:122 - InputText is called
2024-03-11 11:00:54 INFO  Keywords:288 - Waiting for webElement...financialdetails.rentalincome
