2024-01-08 12:34:07 INFO  Keywords:94 - Navigate is called
2024-01-08 12:34:10 INFO  Keywords:122 - InputText is called
2024-01-08 12:34:10 INFO  Keywords:283 - Waiting for webElement...gateway.username
2024-01-08 12:34:10 INFO  Keywords:286 - Element found...gateway.username
2024-01-08 12:34:10 INFO  Keywords:122 - InputText is called
2024-01-08 12:34:10 INFO  Keywords:283 - Waiting for webElement...gateway.password
2024-01-08 12:34:10 INFO  Keywords:286 - Element found...gateway.password
2024-01-08 12:34:10 INFO  Keywords:135 - ClickOnLink is called
2024-01-08 12:34:10 INFO  Keywords:283 - Waiting for webElement...gateway.login
2024-01-08 12:34:11 INFO  Keywords:286 - Element found...gateway.login
2024-01-08 12:34:50 INFO  Keywords:135 - ClickOnLink is called
2024-01-08 12:34:50 INFO  Keywords:283 - Waiting for webElement...postsamldata
2024-01-08 12:34:50 INFO  Keywords:286 - Element found...postsamldata
2024-01-08 12:35:07 INFO  Keywords:135 - ClickOnLink is called
2024-01-08 12:35:07 INFO  Keywords:283 - Waiting for webElement...next
2024-01-08 12:35:09 INFO  Keywords:286 - Element found...next
2024-01-08 12:35:31 INFO  Keywords:122 - InputText is called
2024-01-08 12:35:31 INFO  Keywords:283 - Waiting for webElement...policyConfiguration.insuranceamount
2024-01-08 12:35:41 INFO  Keywords:283 - Waiting for webElement...policyConfiguration.LTC
2024-01-08 12:35:51 INFO  Keywords:283 - Waiting for webElement...policyConfiguration.payors
2024-01-08 12:36:01 INFO  Keywords:283 - Waiting for webElement...policyConfiguration.purposeofpolicy
2024-01-08 12:36:11 INFO  Keywords:135 - ClickOnLink is called
2024-01-08 12:36:11 INFO  Keywords:283 - Waiting for webElement...next
2024-01-08 12:36:11 INFO  Keywords:286 - Element found...next
2024-01-08 12:36:28 INFO  Keywords:283 - Waiting for webElement...primaryinsured.birthcountry
2024-01-08 12:36:38 INFO  Keywords:283 - Waiting for webElement...primaryinsured.birthstate
2024-01-08 12:36:48 INFO  Keywords:122 - InputText is called
2024-01-08 12:36:48 INFO  Keywords:283 - Waiting for webElement...primaryinsured.birthcity
2024-01-08 12:36:58 INFO  Keywords:283 - Waiting for webElement...primaryinsured.drivinglicense
2024-01-08 12:37:08 INFO  Keywords:122 - InputText is called
2024-01-08 12:37:08 INFO  Keywords:283 - Waiting for webElement...primaryinsured.dlnumber
2024-01-08 12:37:34 INFO  Keywords:283 - Waiting for webElement...primaryinsured.dlissuestate
2024-01-08 12:37:44 INFO  Keywords:135 - ClickOnLink is called
2024-01-08 12:37:44 INFO  Keywords:283 - Waiting for webElement...next
2024-01-08 12:37:44 INFO  Keywords:286 - Element found...next
2024-01-08 12:37:44 INFO  Keywords:122 - InputText is called
2024-01-08 12:37:44 INFO  Keywords:283 - Waiting for webElement...TrustOther
2024-01-08 12:38:11 INFO  Keywords:283 - Waiting for webElement...TrustIrre
2024-01-08 12:38:37 INFO  Keywords:135 - ClickOnLink is called
2024-01-08 12:38:37 INFO  Keywords:283 - Waiting for webElement...next
2024-01-08 12:38:37 INFO  Keywords:286 - Element found...next
2024-01-08 12:38:53 INFO  Keywords:283 - Waiting for webElement...Trust_Relationship
2024-01-08 12:39:03 INFO  Keywords:135 - ClickOnLink is called
2024-01-08 12:39:03 INFO  Keywords:283 - Waiting for webElement...next
2024-01-08 12:39:03 INFO  Keywords:286 - Element found...next
2024-01-08 12:39:19 INFO  Keywords:135 - ClickOnLink is called
2024-01-08 12:39:19 INFO  Keywords:283 - Waiting for webElement...next
2024-01-08 12:39:19 INFO  Keywords:286 - Element found...next
2024-01-08 12:39:35 INFO  Keywords:283 - Waiting for webElement...financialDetails.SourceOfWealthLI
2024-01-08 12:39:45 INFO  Keywords:283 - Waiting for webElement...financialDetails.SourceOfFundsLI
2024-01-08 12:39:55 INFO  Keywords:283 - Waiting for webElement...financialDetails.SurrenderChargeSOFLI
2024-01-08 12:40:06 INFO  Keywords:283 - Waiting for webElement...financialDetails.envisiontaking
2024-01-08 12:40:16 INFO  Keywords:283 - Waiting for webElement...financialDetails.federalfaxbracket
2024-01-08 12:40:26 INFO  Keywords:283 - Waiting for webElement...financialDetails.riskTolerance
2024-01-08 12:40:36 INFO  Keywords:283 - Waiting for webElement...financialDetails.Investmentobjectives
2024-01-08 12:40:46 INFO  Keywords:283 - Waiting for webElement...financialDetails.timehorizon
2024-01-08 12:40:56 INFO  Keywords:283 - Waiting for webElement...financialDetails.investmentexperienceFA
2024-01-08 12:41:06 INFO  Keywords:122 - InputText is called
2024-01-08 12:41:06 INFO  Keywords:283 - Waiting for webElement...financialDetails.investmentstartyear
2024-01-08 12:41:16 INFO  Keywords:122 - InputText is called
2024-01-08 12:41:16 INFO  Keywords:283 - Waiting for webElement...financialdetails.wages
2024-01-08 12:41:26 INFO  Keywords:122 - InputText is called
2024-01-08 12:41:26 INFO  Keywords:283 - Waiting for webElement...financialdetails.livingexpenses
2024-01-08 12:41:37 INFO  Keywords:122 - InputText is called
2024-01-08 12:41:37 INFO  Keywords:283 - Waiting for webElement...financialdetails.personalinvestment
2024-01-08 12:41:47 INFO  Keywords:122 - InputText is called
2024-01-08 12:41:47 INFO  Keywords:283 - Waiting for webElement...financialdetails.fixeddebtexpenses
2024-01-08 12:41:57 INFO  Keywords:122 - InputText is called
2024-01-08 12:41:57 INFO  Keywords:283 - Waiting for webElement...financialdetails.rentalincome
2024-01-08 12:42:07 INFO  Keywords:122 - InputText is called
2024-01-08 12:42:07 INFO  Keywords:283 - Waiting for webElement...financialdetails.variabledebtexpenses
2024-01-08 12:42:17 INFO  Keywords:122 - InputText is called
2024-01-08 12:42:17 INFO  Keywords:283 - Waiting for webElement...financialdetails.incomepension
2024-01-08 12:42:27 INFO  Keywords:122 - InputText is called
2024-01-08 12:42:27 INFO  Keywords:283 - Waiting for webElement...financialdetails.discretionaryexpenses
2024-01-08 12:42:37 INFO  Keywords:122 - InputText is called
2024-01-08 12:42:37 INFO  Keywords:283 - Waiting for webElement...financialdetails.socialsecurityincome
2024-01-08 12:42:47 INFO  Keywords:122 - InputText is called
2024-01-08 12:42:47 INFO  Keywords:283 - Waiting for webElement...financialdetails.otherincome
2024-01-08 12:42:57 INFO  Keywords:122 - InputText is called
2024-01-08 12:42:57 INFO  Keywords:283 - Waiting for webElement...financialdetails.bonds
2024-01-08 12:43:07 INFO  Keywords:122 - InputText is called
2024-01-08 12:43:07 INFO  Keywords:283 - Waiting for webElement...financialdetails.businessTrustRealstate
2024-01-08 12:43:18 INFO  Keywords:122 - InputText is called
2024-01-08 12:43:18 INFO  Keywords:283 - Waiting for webElement...financialdetails.retirementplan
2024-01-08 12:43:28 INFO  Keywords:122 - InputText is called
2024-01-08 12:43:28 INFO  Keywords:283 - Waiting for webElement...financialdetails.equities
2024-01-08 12:43:38 INFO  Keywords:122 - InputText is called
2024-01-08 12:43:38 INFO  Keywords:283 - Waiting for webElement...financialdetails.facevalueilfeinsurance
2024-01-08 12:43:48 INFO  Keywords:122 - InputText is called
2024-01-08 12:43:48 INFO  Keywords:283 - Waiting for webElement...financialdetails.fixedannuity
2024-01-08 12:43:58 INFO  Keywords:122 - InputText is called
2024-01-08 12:43:58 INFO  Keywords:283 - Waiting for webElement...financialdetails.indexannuity
2024-01-08 12:44:08 INFO  Keywords:122 - InputText is called
2024-01-08 12:44:08 INFO  Keywords:283 - Waiting for webElement...financialdetails.liquidnetworth
2024-01-08 12:44:18 INFO  Keywords:122 - InputText is called
2024-01-08 12:44:18 INFO  Keywords:283 - Waiting for webElement...financialdetails.mutualfund
2024-01-08 12:44:28 INFO  Keywords:122 - InputText is called
2024-01-08 12:44:28 INFO  Keywords:283 - Waiting for webElement...financialdetails.otherbrokerage
2024-01-08 12:44:38 INFO  Keywords:122 - InputText is called
2024-01-08 12:44:38 INFO  Keywords:283 - Waiting for webElement...financialdetails.policypremium
2024-01-08 12:44:49 INFO  Keywords:122 - InputText is called
2024-01-08 12:44:49 INFO  Keywords:283 - Waiting for webElement...financialdetails.variableannuity
2024-01-08 12:44:59 INFO  Keywords:122 - InputText is called
2024-01-08 12:44:59 INFO  Keywords:283 - Waiting for webElement...financialdetails.totalpremium
2024-01-08 12:45:09 INFO  Keywords:283 - Waiting for webElement...financialdetails.anticipatedchanges
2024-01-08 12:45:19 INFO  Keywords:283 - Waiting for webElement...financialdetails.nonguaranteedelement
2024-01-08 12:45:29 INFO  Keywords:283 - Waiting for webElement...financialdetails.reversemortgage
2024-01-08 12:45:39 INFO  Keywords:135 - ClickOnLink is called
2024-01-08 12:45:39 INFO  Keywords:283 - Waiting for webElement...next
2024-01-08 12:45:39 INFO  Keywords:286 - Element found...next
2024-01-08 12:45:55 INFO  Keywords:283 - Waiting for webElement...payment.modal
2024-01-08 12:46:21 INFO  Keywords:283 - Waiting for webElement...payment.method
