2024-08-09 12:25:07 INFO  Keywords:104 - Navigate is called
2024-08-09 12:25:10 INFO  Keywords:130 - InputText is called
2024-08-09 12:25:10 INFO  Keywords:301 - Waiting for webElement...gateway.username
2024-08-09 12:25:10 INFO  Keywords:305 - Element found...gateway.username
2024-08-09 12:25:10 INFO  Keywords:130 - InputText is called
2024-08-09 12:25:10 INFO  Keywords:301 - Waiting for webElement...gateway.password
2024-08-09 12:25:10 INFO  Keywords:305 - Element found...gateway.password
2024-08-09 12:25:10 INFO  Keywords:141 - ClickOnLink is called
2024-08-09 12:25:10 INFO  Keywords:301 - Waiting for webElement...gateway.login
2024-08-09 12:25:10 INFO  Keywords:305 - Element found...gateway.login
2024-08-09 12:25:46 INFO  Keywords:141 - ClickOnLink is called
2024-08-09 12:25:46 INFO  Keywords:301 - Waiting for webElement...postsamldata
2024-08-09 12:25:46 INFO  Keywords:305 - Element found...postsamldata
2024-08-09 12:26:02 INFO  Keywords:141 - ClickOnLink is called
2024-08-09 12:26:02 INFO  Keywords:301 - Waiting for webElement...next
2024-08-09 12:26:02 INFO  Keywords:305 - Element found...next
2024-08-09 12:26:21 INFO  Keywords:301 - Waiting for webElement...policyConfiguration.DeathBenefit
2024-08-09 12:26:21 INFO  Keywords:305 - Element found...policyConfiguration.DeathBenefit
2024-08-09 12:26:21 INFO  Keywords:301 - Waiting for webElement...policyConfiguration.LTCOption
2024-08-09 12:26:21 INFO  Keywords:305 - Element found...policyConfiguration.LTCOption
2024-08-09 12:26:22 INFO  Keywords:301 - Waiting for webElement...policyConfiguration.MonthPercentage
2024-08-09 12:26:22 INFO  Keywords:305 - Element found...policyConfiguration.MonthPercentage
2024-08-09 12:26:22 INFO  Keywords:130 - InputText is called
2024-08-09 12:26:22 INFO  Keywords:301 - Waiting for webElement...policyConfiguration.ABPercentage
2024-08-09 12:26:22 INFO  Keywords:305 - Element found...policyConfiguration.ABPercentage
2024-08-09 12:26:22 INFO  Keywords:301 - Waiting for webElement...policyConfiguration.payors
2024-08-09 12:26:22 INFO  Keywords:305 - Element found...policyConfiguration.payors
2024-08-09 12:26:22 INFO  Keywords:301 - Waiting for webElement...policyConfiguration.purposeofpolicy
2024-08-09 12:26:22 INFO  Keywords:305 - Element found...policyConfiguration.purposeofpolicy
2024-08-09 12:26:23 INFO  Keywords:141 - ClickOnLink is called
2024-08-09 12:26:23 INFO  Keywords:301 - Waiting for webElement...next
2024-08-09 12:26:23 INFO  Keywords:305 - Element found...next
2024-08-09 12:27:58 INFO  Keywords:301 - Waiting for webElement...primaryinsured.birthcountry
2024-08-09 12:27:58 INFO  Keywords:305 - Element found...primaryinsured.birthcountry
2024-08-09 12:27:58 INFO  Keywords:301 - Waiting for webElement...primaryinsured.birthstate
2024-08-09 12:27:58 INFO  Keywords:305 - Element found...primaryinsured.birthstate
2024-08-09 12:27:58 INFO  Keywords:130 - InputText is called
2024-08-09 12:27:58 INFO  Keywords:301 - Waiting for webElement...primaryinsured.birthcity
2024-08-09 12:28:08 INFO  Keywords:141 - ClickOnLink is called
2024-08-09 12:28:08 INFO  Keywords:301 - Waiting for webElement...next
2024-08-09 12:28:09 INFO  Keywords:305 - Element found...next
2024-08-09 12:28:28 INFO  Keywords:141 - ClickOnLink is called
2024-08-09 12:28:28 INFO  Keywords:301 - Waiting for webElement...next
2024-08-09 12:28:28 INFO  Keywords:305 - Element found...next
2024-08-09 12:28:47 INFO  Keywords:301 - Waiting for webElement...financialDetails.SourceOfFundsLI
2024-08-09 12:28:47 INFO  Keywords:305 - Element found...financialDetails.SourceOfFundsLI
2024-08-09 12:28:47 INFO  Keywords:301 - Waiting for webElement...financialDetails.SurrenderChargeSOFLI
2024-08-09 12:28:47 INFO  Keywords:305 - Element found...financialDetails.SurrenderChargeSOFLI
2024-08-09 12:28:47 INFO  Keywords:301 - Waiting for webElement...financialDetails.envisiontaking
2024-08-09 12:28:47 INFO  Keywords:305 - Element found...financialDetails.envisiontaking
2024-08-09 12:28:47 INFO  Keywords:301 - Waiting for webElement...financialDetails.federalfaxbracket
2024-08-09 12:28:47 INFO  Keywords:305 - Element found...financialDetails.federalfaxbracket
2024-08-09 12:28:48 INFO  Keywords:301 - Waiting for webElement...financialDetails.riskTolerance
2024-08-09 12:28:48 INFO  Keywords:305 - Element found...financialDetails.riskTolerance
2024-08-09 12:28:48 INFO  Keywords:301 - Waiting for webElement...financialDetails.Investmentobjectives
2024-08-09 12:28:48 INFO  Keywords:305 - Element found...financialDetails.Investmentobjectives
2024-08-09 12:28:48 INFO  Keywords:301 - Waiting for webElement...financialDetails.timehorizon
2024-08-09 12:28:48 INFO  Keywords:305 - Element found...financialDetails.timehorizon
2024-08-09 12:28:48 INFO  Keywords:301 - Waiting for webElement...financialDetails.investmentexperienceFA
2024-08-09 12:28:48 INFO  Keywords:305 - Element found...financialDetails.investmentexperienceFA
2024-08-09 12:28:49 INFO  Keywords:130 - InputText is called
2024-08-09 12:28:49 INFO  Keywords:301 - Waiting for webElement...financialDetails.investmentstartyear
2024-08-09 12:28:49 INFO  Keywords:305 - Element found...financialDetails.investmentstartyear
2024-08-09 12:28:49 INFO  Keywords:130 - InputText is called
2024-08-09 12:28:49 INFO  Keywords:301 - Waiting for webElement...financialdetails.wages
2024-08-09 12:28:49 INFO  Keywords:305 - Element found...financialdetails.wages
2024-08-09 12:28:49 INFO  Keywords:130 - InputText is called
2024-08-09 12:28:49 INFO  Keywords:301 - Waiting for webElement...financialdetails.livingexpenses
2024-08-09 12:28:49 INFO  Keywords:305 - Element found...financialdetails.livingexpenses
2024-08-09 12:28:49 INFO  Keywords:130 - InputText is called
2024-08-09 12:28:49 INFO  Keywords:301 - Waiting for webElement...financialdetails.personalinvestment
2024-08-09 12:28:49 INFO  Keywords:305 - Element found...financialdetails.personalinvestment
2024-08-09 12:28:49 INFO  Keywords:130 - InputText is called
2024-08-09 12:28:49 INFO  Keywords:301 - Waiting for webElement...financialdetails.fixeddebtexpenses
2024-08-09 12:28:49 INFO  Keywords:305 - Element found...financialdetails.fixeddebtexpenses
2024-08-09 12:28:49 INFO  Keywords:130 - InputText is called
2024-08-09 12:28:49 INFO  Keywords:301 - Waiting for webElement...financialdetails.rentalincome
2024-08-09 12:28:49 INFO  Keywords:305 - Element found...financialdetails.rentalincome
2024-08-09 12:28:49 INFO  Keywords:130 - InputText is called
2024-08-09 12:28:49 INFO  Keywords:301 - Waiting for webElement...financialdetails.variabledebtexpenses
2024-08-09 12:28:49 INFO  Keywords:305 - Element found...financialdetails.variabledebtexpenses
2024-08-09 12:28:49 INFO  Keywords:130 - InputText is called
2024-08-09 12:28:49 INFO  Keywords:301 - Waiting for webElement...financialdetails.incomepension
2024-08-09 12:28:49 INFO  Keywords:305 - Element found...financialdetails.incomepension
2024-08-09 12:28:49 INFO  Keywords:130 - InputText is called
2024-08-09 12:28:49 INFO  Keywords:301 - Waiting for webElement...financialdetails.discretionaryexpenses
2024-08-09 12:28:49 INFO  Keywords:305 - Element found...financialdetails.discretionaryexpenses
2024-08-09 12:28:49 INFO  Keywords:130 - InputText is called
2024-08-09 12:28:49 INFO  Keywords:301 - Waiting for webElement...financialdetails.socialsecurityincome
2024-08-09 12:28:49 INFO  Keywords:305 - Element found...financialdetails.socialsecurityincome
2024-08-09 12:28:49 INFO  Keywords:130 - InputText is called
2024-08-09 12:28:49 INFO  Keywords:301 - Waiting for webElement...financialdetails.otherincome
2024-08-09 12:28:49 INFO  Keywords:305 - Element found...financialdetails.otherincome
2024-08-09 12:28:49 INFO  Keywords:130 - InputText is called
2024-08-09 12:28:49 INFO  Keywords:301 - Waiting for webElement...financialdetails.bonds
2024-08-09 12:28:49 INFO  Keywords:305 - Element found...financialdetails.bonds
2024-08-09 12:28:49 INFO  Keywords:130 - InputText is called
2024-08-09 12:28:49 INFO  Keywords:301 - Waiting for webElement...financialdetails.businessTrustRealstate
2024-08-09 12:28:49 INFO  Keywords:305 - Element found...financialdetails.businessTrustRealstate
2024-08-09 12:28:49 INFO  Keywords:130 - InputText is called
2024-08-09 12:28:49 INFO  Keywords:301 - Waiting for webElement...financialdetails.retirementplan
2024-08-09 12:28:49 INFO  Keywords:305 - Element found...financialdetails.retirementplan
2024-08-09 12:28:49 INFO  Keywords:130 - InputText is called
2024-08-09 12:28:49 INFO  Keywords:301 - Waiting for webElement...financialdetails.equities
2024-08-09 12:28:49 INFO  Keywords:305 - Element found...financialdetails.equities
2024-08-09 12:28:49 INFO  Keywords:130 - InputText is called
2024-08-09 12:28:49 INFO  Keywords:301 - Waiting for webElement...financialdetails.facevalueilfeinsurance
2024-08-09 12:28:49 INFO  Keywords:305 - Element found...financialdetails.facevalueilfeinsurance
2024-08-09 12:28:49 INFO  Keywords:130 - InputText is called
2024-08-09 12:28:49 INFO  Keywords:301 - Waiting for webElement...financialdetails.fixedannuity
2024-08-09 12:28:49 INFO  Keywords:305 - Element found...financialdetails.fixedannuity
2024-08-09 12:28:49 INFO  Keywords:130 - InputText is called
2024-08-09 12:28:49 INFO  Keywords:301 - Waiting for webElement...financialdetails.indexannuity
2024-08-09 12:28:49 INFO  Keywords:305 - Element found...financialdetails.indexannuity
2024-08-09 12:28:49 INFO  Keywords:130 - InputText is called
2024-08-09 12:28:49 INFO  Keywords:301 - Waiting for webElement...financialdetails.liquidnetworth
2024-08-09 12:28:49 INFO  Keywords:305 - Element found...financialdetails.liquidnetworth
2024-08-09 12:28:49 INFO  Keywords:130 - InputText is called
2024-08-09 12:28:49 INFO  Keywords:301 - Waiting for webElement...financialdetails.mutualfund
2024-08-09 12:28:49 INFO  Keywords:305 - Element found...financialdetails.mutualfund
2024-08-09 12:28:49 INFO  Keywords:130 - InputText is called
2024-08-09 12:28:49 INFO  Keywords:301 - Waiting for webElement...financialdetails.otherbrokerage
2024-08-09 12:28:49 INFO  Keywords:305 - Element found...financialdetails.otherbrokerage
2024-08-09 12:28:49 INFO  Keywords:130 - InputText is called
2024-08-09 12:28:49 INFO  Keywords:301 - Waiting for webElement...financialdetails.policypremium
2024-08-09 12:28:49 INFO  Keywords:305 - Element found...financialdetails.policypremium
2024-08-09 12:28:49 INFO  Keywords:130 - InputText is called
2024-08-09 12:28:49 INFO  Keywords:301 - Waiting for webElement...financialdetails.variableannuity
2024-08-09 12:28:49 INFO  Keywords:305 - Element found...financialdetails.variableannuity
2024-08-09 12:28:49 INFO  Keywords:130 - InputText is called
2024-08-09 12:28:49 INFO  Keywords:301 - Waiting for webElement...financialdetails.totalpremium
2024-08-09 12:28:49 INFO  Keywords:305 - Element found...financialdetails.totalpremium
2024-08-09 12:28:49 INFO  Keywords:301 - Waiting for webElement...financialdetails.anticipatedchanges
2024-08-09 12:28:49 INFO  Keywords:305 - Element found...financialdetails.anticipatedchanges
2024-08-09 12:28:50 INFO  Keywords:301 - Waiting for webElement...financialdetails.nonguaranteedelement
2024-08-09 12:28:50 INFO  Keywords:305 - Element found...financialdetails.nonguaranteedelement
2024-08-09 12:28:50 INFO  Keywords:301 - Waiting for webElement...financialdetails.reversemortgage
2024-08-09 12:28:50 INFO  Keywords:305 - Element found...financialdetails.reversemortgage
2024-08-09 12:28:50 INFO  Keywords:141 - ClickOnLink is called
2024-08-09 12:28:50 INFO  Keywords:301 - Waiting for webElement...next
2024-08-09 12:28:50 INFO  Keywords:305 - Element found...next
2024-08-09 12:29:09 INFO  Keywords:301 - Waiting for webElement...payment.modal
2024-08-09 12:29:09 INFO  Keywords:305 - Element found...payment.modal
2024-08-09 12:29:25 INFO  Keywords:301 - Waiting for webElement...payment.method
2024-08-09 12:29:25 INFO  Keywords:305 - Element found...payment.method
2024-08-09 12:29:25 INFO  Keywords:130 - InputText is called
2024-08-09 12:29:25 INFO  Keywords:301 - Waiting for webElement...payment.premium
2024-08-09 12:29:25 INFO  Keywords:305 - Element found...payment.premium
2024-08-09 12:29:25 INFO  Keywords:141 - ClickOnLink is called
2024-08-09 12:29:25 INFO  Keywords:301 - Waiting for webElement...next
2024-08-09 12:29:25 INFO  Keywords:305 - Element found...next
2024-08-09 12:29:44 INFO  Keywords:301 - Waiting for webElement...existinginsurance.borrowingfunds
2024-08-09 12:29:44 INFO  Keywords:305 - Element found...existinginsurance.borrowingfunds
2024-08-09 12:29:44 INFO  Keywords:301 - Waiting for webElement...existinginsurance.terminatingexistinglifepolicy
2024-08-09 12:29:44 INFO  Keywords:305 - Element found...existinginsurance.terminatingexistinglifepolicy
2024-08-09 12:29:45 INFO  Keywords:301 - Waiting for webElement...existinginsurance.longtermcoverage
2024-08-09 12:29:45 INFO  Keywords:305 - Element found...existinginsurance.longtermcoverage
2024-08-09 12:29:45 INFO  Keywords:301 - Waiting for webElement...existanceterminating.InsuranceCompanyName
2024-08-09 12:29:46 INFO  Keywords:305 - Element found...existanceterminating.InsuranceCompanyName
2024-08-09 12:29:46 INFO  Keywords:130 - InputText is called
2024-08-09 12:29:46 INFO  Keywords:301 - Waiting for webElement...existanceterminating.ProductName
2024-08-09 12:29:46 INFO  Keywords:305 - Element found...existanceterminating.ProductName
2024-08-09 12:29:46 INFO  Keywords:130 - InputText is called
2024-08-09 12:29:46 INFO  Keywords:301 - Waiting for webElement...existanceterminating.Insured
2024-08-09 12:29:46 INFO  Keywords:305 - Element found...existanceterminating.Insured
2024-08-09 12:29:46 INFO  Keywords:301 - Waiting for webElement...existanceterminating.InsuredAnnuitant
2024-08-09 12:29:46 INFO  Keywords:305 - Element found...existanceterminating.InsuredAnnuitant
2024-08-09 12:29:46 INFO  Keywords:130 - InputText is called
2024-08-09 12:29:46 INFO  Keywords:301 - Waiting for webElement...existanceterminating.InsuredAnnuitantDOB
2024-08-09 12:29:46 INFO  Keywords:301 - Waiting for webElement...existanceterminating.NumberOfInsured
2024-08-09 12:29:46 INFO  Keywords:130 - InputText is called
2024-08-09 12:29:46 INFO  Keywords:301 - Waiting for webElement...existanceterminating.Owner
2024-08-09 12:29:46 INFO  Keywords:305 - Element found...existanceterminating.Owner
2024-08-09 12:29:46 INFO  Keywords:130 - InputText is called
2024-08-09 12:29:46 INFO  Keywords:301 - Waiting for webElement...existanceterminating.DateIssued
2024-08-09 12:29:46 INFO  Keywords:305 - Element found...existanceterminating.DateIssued
2024-08-09 12:29:46 INFO  Keywords:130 - InputText is called
2024-08-09 12:29:46 INFO  Keywords:301 - Waiting for webElement...existanceterminating.AmountOfInsurance
2024-08-09 12:29:46 INFO  Keywords:305 - Element found...existanceterminating.AmountOfInsurance
2024-08-09 12:29:46 INFO  Keywords:301 - Waiting for webElement...existanceterminating.ExistingInsuranceType
2024-08-09 12:29:46 INFO  Keywords:305 - Element found...existanceterminating.ExistingInsuranceType
2024-08-09 12:29:47 INFO  Keywords:301 - Waiting for webElement...existanceterminating.ProductType
2024-08-09 12:29:47 INFO  Keywords:305 - Element found...existanceterminating.ProductType
2024-08-09 12:29:47 INFO  Keywords:301 - Waiting for webElement...existanceterminating.LifeProductType
2024-08-09 12:29:47 INFO  Keywords:305 - Element found...existanceterminating.LifeProductType
2024-08-09 12:29:47 INFO  Keywords:130 - InputText is called
2024-08-09 12:29:47 INFO  Keywords:301 - Waiting for webElement...existanceterminating.PolicyNo
2024-08-09 12:29:47 INFO  Keywords:305 - Element found...existanceterminating.PolicyNo
2024-08-09 12:29:47 INFO  Keywords:301 - Waiting for webElement...existanceterminating.PurposeOfPolicy
2024-08-09 12:29:47 INFO  Keywords:305 - Element found...existanceterminating.PurposeOfPolicy
2024-08-09 12:29:47 INFO  Keywords:130 - InputText is called
2024-08-09 12:29:47 INFO  Keywords:301 - Waiting for webElement...existance.FaceAmtRiders
2024-08-09 12:29:54 INFO  Keywords:305 - Element found...existance.FaceAmtRiders
2024-08-09 12:29:54 INFO  Keywords:301 - Waiting for webElement...existanceterminating.FundsNewPolicy
2024-08-09 12:29:54 INFO  Keywords:305 - Element found...existanceterminating.FundsNewPolicy
2024-08-09 12:29:54 INFO  Keywords:301 - Waiting for webElement...existanceterminating.ReplacingNewPolicy
2024-08-09 12:29:54 INFO  Keywords:305 - Element found...existanceterminating.ReplacingNewPolicy
2024-08-09 12:29:54 INFO  Keywords:301 - Waiting for webElement...existance.suvivorship
2024-08-09 12:29:54 INFO  Keywords:305 - Element found...existance.suvivorship
2024-08-09 12:29:54 INFO  Keywords:301 - Waiting for webElement...existnace.soldSettled
2024-08-09 12:29:54 INFO  Keywords:305 - Element found...existnace.soldSettled
2024-08-09 12:29:54 INFO  Keywords:301 - Waiting for webElement...existanceterminating.ReplacementThType
2024-08-09 12:29:54 INFO  Keywords:305 - Element found...existanceterminating.ReplacementThType
2024-08-09 12:29:54 INFO  Keywords:301 - Waiting for webElement...existanceterminating.1035ThExchange
2024-08-09 12:29:54 INFO  Keywords:305 - Element found...existanceterminating.1035ThExchange
2024-08-09 12:29:54 INFO  Keywords:130 - InputText is called
2024-08-09 12:29:54 INFO  Keywords:301 - Waiting for webElement...existing.OwnerSSN
2024-08-09 12:29:58 INFO  Keywords:305 - Element found...existing.OwnerSSN
2024-08-09 12:29:58 INFO  Keywords:301 - Waiting for webElement...existing.loanPolicy
2024-08-09 12:29:58 INFO  Keywords:301 - Waiting for webElement...existing.Transfer
2024-08-09 12:30:15 INFO  Keywords:305 - Element found...existing.Transfer
2024-08-09 12:30:15 INFO  Keywords:130 - InputText is called
2024-08-09 12:30:15 INFO  Keywords:301 - Waiting for webElement...existanceterminating.ReasonReplacement
2024-08-09 12:30:15 INFO  Keywords:305 - Element found...existanceterminating.ReasonReplacement
2024-08-09 12:30:15 INFO  Keywords:130 - InputText is called
2024-08-09 12:30:15 INFO  Keywords:301 - Waiting for webElement...existanceterminating.NoOfPolicy
2024-08-09 12:30:15 INFO  Keywords:305 - Element found...existanceterminating.NoOfPolicy
2024-08-09 12:30:15 INFO  Keywords:130 - InputText is called
2024-08-09 12:30:15 INFO  Keywords:301 - Waiting for webElement...existanceterminating.PremiumPayment
2024-08-09 12:30:15 INFO  Keywords:305 - Element found...existanceterminating.PremiumPayment
2024-08-09 12:30:15 INFO  Keywords:130 - InputText is called
2024-08-09 12:30:15 INFO  Keywords:301 - Waiting for webElement...existanceterminating.FrequencyPremium
2024-08-09 12:30:15 INFO  Keywords:305 - Element found...existanceterminating.FrequencyPremium
2024-08-09 12:30:15 INFO  Keywords:130 - InputText is called
2024-08-09 12:30:15 INFO  Keywords:301 - Waiting for webElement...existanceterminating.AmountBeingExchanged
2024-08-09 12:30:15 INFO  Keywords:305 - Element found...existanceterminating.AmountBeingExchanged
2024-08-09 12:30:15 INFO  Keywords:130 - InputText is called
2024-08-09 12:30:15 INFO  Keywords:301 - Waiting for webElement...existanceterminating.SurrenderCharge
2024-08-09 12:30:15 INFO  Keywords:305 - Element found...existanceterminating.SurrenderCharge
2024-08-09 12:30:15 INFO  Keywords:130 - InputText is called
2024-08-09 12:30:15 INFO  Keywords:301 - Waiting for webElement...existanceterminating.DeathBenefit
2024-08-09 12:30:15 INFO  Keywords:305 - Element found...existanceterminating.DeathBenefit
2024-08-09 12:30:15 INFO  Keywords:130 - InputText is called
2024-08-09 12:30:15 INFO  Keywords:301 - Waiting for webElement...existanceterminating.SpecialFeatures
2024-08-09 12:30:15 INFO  Keywords:305 - Element found...existanceterminating.SpecialFeatures
2024-08-09 12:30:15 INFO  Keywords:301 - Waiting for webElement...existance.WillReplaceCoverage
2024-08-09 12:31:05 INFO  Keywords:301 - Waiting for webElement...existinginsurance.longtermpolicyYes
2024-08-09 12:31:05 INFO  Keywords:305 - Element found...existinginsurance.longtermpolicyYes
2024-08-09 12:31:06 INFO  Keywords:130 - InputText is called
2024-08-09 12:31:06 INFO  Keywords:301 - Waiting for webElement...existinglongtermpolicy.InsuranceName
2024-08-09 12:31:06 INFO  Keywords:305 - Element found...existinglongtermpolicy.InsuranceName
2024-08-09 12:31:06 INFO  Keywords:130 - InputText is called
2024-08-09 12:31:06 INFO  Keywords:301 - Waiting for webElement...existinglongtermpolicy.policyCertificateNumber
2024-08-09 12:31:06 INFO  Keywords:305 - Element found...existinglongtermpolicy.policyCertificateNumber
2024-08-09 12:31:06 INFO  Keywords:130 - InputText is called
2024-08-09 12:31:06 INFO  Keywords:301 - Waiting for webElement...existinglongtermpolicy.ProductName
2024-08-09 12:31:06 INFO  Keywords:305 - Element found...existinglongtermpolicy.ProductName
2024-08-09 12:31:06 INFO  Keywords:301 - Waiting for webElement...existinglongtermpolicy.ProductType
2024-08-09 12:31:06 INFO  Keywords:305 - Element found...existinglongtermpolicy.ProductType
2024-08-09 12:31:06 INFO  Keywords:130 - InputText is called
2024-08-09 12:31:06 INFO  Keywords:301 - Waiting for webElement...existinglongtermpolicy.Insured
2024-08-09 12:31:06 INFO  Keywords:305 - Element found...existinglongtermpolicy.Insured
2024-08-09 12:31:06 INFO  Keywords:130 - InputText is called
2024-08-09 12:31:06 INFO  Keywords:301 - Waiting for webElement...existinglongtermpolicy.Owner
2024-08-09 12:31:06 INFO  Keywords:305 - Element found...existinglongtermpolicy.Owner
2024-08-09 12:31:06 INFO  Keywords:130 - InputText is called
2024-08-09 12:31:06 INFO  Keywords:301 - Waiting for webElement...existinglongtermpolicy.DailyBenefit
2024-08-09 12:31:06 INFO  Keywords:305 - Element found...existinglongtermpolicy.DailyBenefit
2024-08-09 12:31:06 INFO  Keywords:130 - InputText is called
2024-08-09 12:31:06 INFO  Keywords:301 - Waiting for webElement...existinglongtermpolicy.AmountOfInsurance
2024-08-09 12:31:06 INFO  Keywords:305 - Element found...existinglongtermpolicy.AmountOfInsurance
2024-08-09 12:31:06 INFO  Keywords:130 - InputText is called
2024-08-09 12:31:06 INFO  Keywords:301 - Waiting for webElement...existinglongtermpolicy.benefitAmount
2024-08-09 12:31:06 INFO  Keywords:305 - Element found...existinglongtermpolicy.benefitAmount
2024-08-09 12:31:06 INFO  Keywords:130 - InputText is called
2024-08-09 12:31:06 INFO  Keywords:301 - Waiting for webElement...existinglongtermpolicy.benefitPeriod
2024-08-09 12:31:06 INFO  Keywords:305 - Element found...existinglongtermpolicy.benefitPeriod
2024-08-09 12:31:06 INFO  Keywords:301 - Waiting for webElement...existinginsurance.longterminsuranceYes
2024-08-09 12:31:06 INFO  Keywords:305 - Element found...existinginsurance.longterminsuranceYes
2024-08-09 12:31:07 INFO  Keywords:130 - InputText is called
2024-08-09 12:31:07 INFO  Keywords:301 - Waiting for webElement...existinglongterminsurance.InsuranceCompany
2024-08-09 12:31:07 INFO  Keywords:305 - Element found...existinglongterminsurance.InsuranceCompany
2024-08-09 12:31:07 INFO  Keywords:130 - InputText is called
2024-08-09 12:31:07 INFO  Keywords:301 - Waiting for webElement...existinglongterminsurance.Certificate
2024-08-09 12:31:07 INFO  Keywords:305 - Element found...existinglongterminsurance.Certificate
2024-08-09 12:31:07 INFO  Keywords:130 - InputText is called
2024-08-09 12:31:07 INFO  Keywords:301 - Waiting for webElement...existinglongterminsurance.LTCBenefit
2024-08-09 12:31:07 INFO  Keywords:305 - Element found...existinglongterminsurance.LTCBenefit
2024-08-09 12:31:07 INFO  Keywords:130 - InputText is called
2024-08-09 12:31:07 INFO  Keywords:301 - Waiting for webElement...existinglongterminsurance.IssueDate
2024-08-09 12:31:07 INFO  Keywords:305 - Element found...existinglongterminsurance.IssueDate
2024-08-09 12:31:07 INFO  Keywords:130 - InputText is called
2024-08-09 12:31:07 INFO  Keywords:301 - Waiting for webElement...existinglongterminsurance.LapseDate
2024-08-09 12:31:07 INFO  Keywords:305 - Element found...existinglongterminsurance.LapseDate
2024-08-09 12:31:07 INFO  Keywords:301 - Waiting for webElement...existance.AgentReadNotice
2024-08-09 12:31:57 INFO  Keywords:141 - ClickOnLink is called
2024-08-09 12:31:57 INFO  Keywords:301 - Waiting for webElement...next
2024-08-09 12:31:57 INFO  Keywords:305 - Element found...next
2024-08-09 12:32:16 INFO  Keywords:301 - Waiting for webElement...AgentCertify
2024-08-09 12:32:16 INFO  Keywords:305 - Element found...AgentCertify
2024-08-09 12:32:16 INFO  Keywords:141 - ClickOnLink is called
2024-08-09 12:32:16 INFO  Keywords:301 - Waiting for webElement...next
2024-08-09 12:32:16 INFO  Keywords:305 - Element found...next
2024-08-09 12:32:35 INFO  Keywords:130 - InputText is called
2024-08-09 12:32:35 INFO  Keywords:301 - Waiting for webElement...additionalclientquestion.q1
2024-08-09 12:32:35 INFO  Keywords:305 - Element found...additionalclientquestion.q1
2024-08-09 12:32:35 INFO  Keywords:130 - InputText is called
2024-08-09 12:32:35 INFO  Keywords:301 - Waiting for webElement...additionalclientquestion.q2
2024-08-09 12:32:35 INFO  Keywords:305 - Element found...additionalclientquestion.q2
2024-08-09 12:32:35 INFO  Keywords:130 - InputText is called
2024-08-09 12:32:35 INFO  Keywords:301 - Waiting for webElement...additionalclientquestion.q3
2024-08-09 12:32:35 INFO  Keywords:305 - Element found...additionalclientquestion.q3
2024-08-09 12:32:35 INFO  Keywords:130 - InputText is called
2024-08-09 12:32:35 INFO  Keywords:301 - Waiting for webElement...additionalclientquestion.q4
2024-08-09 12:32:42 INFO  Keywords:130 - InputText is called
2024-08-09 12:32:42 INFO  Keywords:301 - Waiting for webElement...additionalclientquestion.q5
2024-08-09 12:33:40 INFO  Keywords:506 - GetText is called
2024-08-09 12:33:40 INFO  Keywords:301 - Waiting for webElement...ebixTxnID
2024-08-09 12:33:40 INFO  Keywords:305 - Element found...ebixTxnID
2024-08-09 12:33:40 INFO  Keywords:510 - LinkId: 534363
2024-08-09 12:33:40 INFO  Keywords:554 - LinkId: 534363
2024-08-09 12:33:40 INFO  Keywords:506 - GetText is called
2024-08-09 12:33:40 INFO  Keywords:301 - Waiting for webElement...ebixTxnID
2024-08-09 12:33:40 INFO  Keywords:305 - Element found...ebixTxnID
2024-08-09 12:33:40 INFO  Keywords:510 - LinkId: 534363
2024-08-09 12:33:40 INFO  Keywords:141 - ClickOnLink is called
2024-08-09 12:33:40 INFO  Keywords:301 - Waiting for webElement...next
2024-08-09 12:33:40 INFO  Keywords:305 - Element found...next
2024-08-09 12:33:43 INFO  Keywords:301 - Waiting for webElement...AnnuitiesCompany
2024-08-09 12:33:44 INFO  Keywords:305 - Element found...AnnuitiesCompany
2024-08-09 12:33:44 INFO  Keywords:301 - Waiting for webElement...InsuranceReplace
2024-08-09 12:33:44 INFO  Keywords:305 - Element found...InsuranceReplace
2024-08-09 12:33:44 INFO  Keywords:301 - Waiting for webElement...Carrier.ReplacingJH
2024-08-09 12:33:44 INFO  Keywords:305 - Element found...Carrier.ReplacingJH
2024-08-09 12:33:44 INFO  Keywords:301 - Waiting for webElement...Carrier.InterestIssue
2024-08-09 12:33:44 INFO  Keywords:305 - Element found...Carrier.InterestIssue
2024-08-09 12:33:45 INFO  Keywords:301 - Waiting for webElement...Carrier.EntityConnection
2024-08-09 12:33:45 INFO  Keywords:305 - Element found...Carrier.EntityConnection
2024-08-09 12:33:45 INFO  Keywords:130 - InputText is called
2024-08-09 12:33:45 INFO  Keywords:301 - Waiting for webElement...PremiumCollected
2024-08-09 12:33:45 INFO  Keywords:305 - Element found...PremiumCollected
2024-08-09 12:33:45 INFO  Keywords:301 - Waiting for webElement...ResultApplication
2024-08-09 12:33:45 INFO  Keywords:305 - Element found...ResultApplication
2024-08-09 12:33:45 INFO  Keywords:130 - InputText is called
2024-08-09 12:33:45 INFO  Keywords:301 - Waiting for webElement...ResultGiveDetails
2024-08-09 12:33:45 INFO  Keywords:305 - Element found...ResultGiveDetails
2024-08-09 12:33:45 INFO  Keywords:301 - Waiting for webElement...PolicySettlement
2024-08-09 12:33:45 INFO  Keywords:305 - Element found...PolicySettlement
2024-08-09 12:33:45 INFO  Keywords:301 - Waiting for webElement...PremiumLoans
2024-08-09 12:33:45 INFO  Keywords:305 - Element found...PremiumLoans
2024-08-09 12:33:46 INFO  Keywords:301 - Waiting for webElement...EvaluatingFinancing
2024-08-09 12:33:46 INFO  Keywords:305 - Element found...EvaluatingFinancing
2024-08-09 12:33:46 INFO  Keywords:301 - Waiting for webElement...PersonallyInsured
2024-08-09 12:33:46 INFO  Keywords:305 - Element found...PersonallyInsured
2024-08-09 12:33:46 INFO  Keywords:301 - Waiting for webElement...PolicyProposedInsured
2024-08-09 12:33:46 INFO  Keywords:305 - Element found...PolicyProposedInsured
2024-08-09 12:33:46 INFO  Keywords:301 - Waiting for webElement...ProposedInsuredWritten
2024-08-09 12:33:50 INFO  Keywords:305 - Element found...ProposedInsuredWritten
2024-08-09 12:33:50 INFO  Keywords:301 - Waiting for webElement...ConsentRelationshipTerminates
2024-08-09 12:33:50 INFO  Keywords:305 - Element found...ConsentRelationshipTerminates
2024-08-09 12:33:50 INFO  Keywords:130 - InputText is called
2024-08-09 12:33:50 INFO  Keywords:301 - Waiting for webElement...HealthPoliciesForce
2024-08-09 12:33:50 INFO  Keywords:305 - Element found...HealthPoliciesForce
2024-08-09 12:33:50 INFO  Keywords:130 - InputText is called
2024-08-09 12:33:50 INFO  Keywords:301 - Waiting for webElement...SoldForceHP
2024-08-09 12:33:50 INFO  Keywords:305 - Element found...SoldForceHP
2024-08-09 12:33:50 INFO  Keywords:130 - InputText is called
2024-08-09 12:33:50 INFO  Keywords:301 - Waiting for webElement...NameWholeSaler
2024-08-09 12:33:50 INFO  Keywords:305 - Element found...NameWholeSaler
2024-08-09 12:33:50 INFO  Keywords:130 - InputText is called
2024-08-09 12:33:50 INFO  Keywords:301 - Waiting for webElement...ExistingReplacedCarier
2024-08-09 12:34:41 INFO  Keywords:301 - Waiting for webElement...Carrier.LPA
2024-08-09 12:34:41 INFO  Keywords:305 - Element found...Carrier.LPA
2024-08-09 12:34:51 INFO  Keywords:130 - InputText is called
2024-08-09 12:34:51 INFO  Keywords:301 - Waiting for webElement...Carrier.CuurentSurrenderValue
2024-08-09 12:34:51 INFO  Keywords:305 - Element found...Carrier.CuurentSurrenderValue
2024-08-09 12:34:51 INFO  Keywords:301 - Waiting for webElement...Carrier.ArmedReserves
2024-08-09 12:34:51 INFO  Keywords:305 - Element found...Carrier.ArmedReserves
2024-08-09 12:34:51 INFO  Keywords:301 - Waiting for webElement...Carrier.CriticalIllness
2024-08-09 12:35:41 INFO  Keywords:301 - Waiting for webElement...Carrier.DateApplication
2024-08-09 12:36:32 INFO  Keywords:301 - Waiting for webElement...Carrier.SignedIllustration
2024-08-09 12:36:32 INFO  Keywords:305 - Element found...Carrier.SignedIllustration
2024-08-09 12:36:32 INFO  Keywords:301 - Waiting for webElement...Carrier.PolicyDelivered
2024-08-09 12:36:32 INFO  Keywords:305 - Element found...Carrier.PolicyDelivered
2024-08-09 12:36:42 INFO  Keywords:301 - Waiting for webElement...Carrier.InsuranceCoverage
2024-08-09 12:36:42 INFO  Keywords:305 - Element found...Carrier.InsuranceCoverage
2024-08-09 12:36:42 INFO  Keywords:130 - InputText is called
2024-08-09 12:36:42 INFO  Keywords:301 - Waiting for webElement...Carrier.AcceptPlan
2024-08-09 12:36:42 INFO  Keywords:305 - Element found...Carrier.AcceptPlan
2024-08-09 12:36:42 INFO  Keywords:301 - Waiting for webElement...Carrier.PremiumPaymentSrc
2024-08-09 12:36:42 INFO  Keywords:305 - Element found...Carrier.PremiumPaymentSrc
2024-08-09 12:36:42 INFO  Keywords:301 - Waiting for webElement...Carrier.CriticalIllness
2024-08-09 12:37:32 INFO  Keywords:141 - ClickOnLink is called
2024-08-09 12:37:32 INFO  Keywords:301 - Waiting for webElement...next
2024-08-09 12:37:33 INFO  Keywords:305 - Element found...next
2024-08-09 12:37:37 INFO  Keywords:130 - InputText is called
2024-08-09 12:37:37 INFO  Keywords:301 - Waiting for webElement...NBNameF
2024-08-09 12:37:37 INFO  Keywords:305 - Element found...NBNameF
2024-08-09 12:37:37 INFO  Keywords:130 - InputText is called
2024-08-09 12:37:37 INFO  Keywords:301 - Waiting for webElement...NBNameL
2024-08-09 12:37:37 INFO  Keywords:305 - Element found...NBNameL
2024-08-09 12:37:37 INFO  Keywords:130 - InputText is called
2024-08-09 12:37:37 INFO  Keywords:301 - Waiting for webElement...NBPhoneW
2024-08-09 12:37:37 INFO  Keywords:305 - Element found...NBPhoneW
2024-08-09 12:37:37 INFO  Keywords:130 - InputText is called
2024-08-09 12:37:37 INFO  Keywords:301 - Waiting for webElement...NBEMail
2024-08-09 12:37:37 INFO  Keywords:305 - Element found...NBEMail
2024-08-09 12:37:38 INFO  Keywords:301 - Waiting for webElement...POSYES
2024-08-09 12:37:38 INFO  Keywords:305 - Element found...POSYES
2024-08-09 12:37:38 INFO  Keywords:130 - InputText is called
2024-08-09 12:37:38 INFO  Keywords:301 - Waiting for webElement...POSNAmeF
2024-08-09 12:38:29 INFO  Keywords:130 - InputText is called
2024-08-09 12:38:29 INFO  Keywords:301 - Waiting for webElement...POSNAmeL
2024-08-09 12:39:19 INFO  Keywords:130 - InputText is called
2024-08-09 12:39:19 INFO  Keywords:301 - Waiting for webElement...POSWork
2024-08-09 12:40:10 INFO  Keywords:130 - InputText is called
2024-08-09 12:40:10 INFO  Keywords:301 - Waiting for webElement...POSEmail
2024-08-09 12:41:16 INFO  Keywords:141 - ClickOnLink is called
2024-08-09 12:41:16 INFO  Keywords:301 - Waiting for webElement...validate.button
2024-08-09 12:41:58 INFO  Keywords:141 - ClickOnLink is called
2024-08-09 12:41:58 INFO  Keywords:301 - Waiting for webElement...notification.continue
2024-08-09 12:42:24 INFO  Keywords:141 - ClickOnLink is called
2024-08-09 12:42:24 INFO  Keywords:301 - Waiting for webElement...esignature.optout
2024-08-09 12:44:04 INFO  Keywords:153 - VerifyText is called
2024-08-09 12:44:04 INFO  Keywords:301 - Waiting for webElement...WebElement
2024-08-09 12:44:04 INFO  Keywords:141 - ClickOnLink is called
2024-08-09 12:44:04 INFO  Keywords:301 - Waiting for webElement...attachment
2024-08-09 12:44:04 INFO  Keywords:305 - Element found...attachment
2024-08-09 12:44:05 INFO  Keywords:301 - Waiting for webElement...attachment.documenttype
2024-08-09 12:44:07 INFO  Keywords:305 - Element found...attachment.documenttype
2024-08-09 12:44:07 INFO  Keywords:130 - InputText is called
2024-08-09 12:44:07 INFO  Keywords:301 - Waiting for webElement...attachment.choosefile
2024-08-09 12:44:07 INFO  Keywords:305 - Element found...attachment.choosefile
2024-08-09 12:44:07 INFO  Keywords:141 - ClickOnLink is called
2024-08-09 12:44:07 INFO  Keywords:301 - Waiting for webElement...attachment.upload
2024-08-09 12:44:07 INFO  Keywords:305 - Element found...attachment.upload
2024-08-09 12:44:25 INFO  Keywords:141 - ClickOnLink is called
2024-08-09 12:44:25 INFO  Keywords:301 - Waiting for webElement...RequestSignatures
2024-08-09 12:44:51 INFO  Keywords:301 - Waiting for webElement...attachment.documenttype
2024-08-09 12:44:51 INFO  Keywords:305 - Element found...attachment.documenttype
2024-08-09 12:44:51 INFO  Keywords:130 - InputText is called
2024-08-09 12:44:51 INFO  Keywords:301 - Waiting for webElement...attachment.choosefile
2024-08-09 12:44:51 INFO  Keywords:305 - Element found...attachment.choosefile
2024-08-09 12:44:51 INFO  Keywords:141 - ClickOnLink is called
2024-08-09 12:44:51 INFO  Keywords:301 - Waiting for webElement...attachment.upload
2024-08-09 12:44:51 INFO  Keywords:305 - Element found...attachment.upload
2024-08-09 12:45:07 INFO  Keywords:141 - ClickOnLink is called
2024-08-09 12:45:07 INFO  Keywords:301 - Waiting for webElement...SubmitButton
2024-08-09 12:46:47 INFO  Keywords:451 - switching to parent window...
2024-08-09 12:46:47 INFO  Keywords:104 - Navigate is called
2024-08-09 12:46:48 INFO  Keywords:520 - ClearText is called
2024-08-09 12:46:48 INFO  Keywords:301 - Waiting for webElement...gateway.username
2024-08-09 12:46:48 INFO  Keywords:305 - Element found...gateway.username
2024-08-09 12:46:48 INFO  Keywords:524 - LinkId: 534363
2024-08-09 12:46:48 INFO  Keywords:130 - InputText is called
2024-08-09 12:46:48 INFO  Keywords:301 - Waiting for webElement...gateway.username
2024-08-09 12:46:48 INFO  Keywords:305 - Element found...gateway.username
2024-08-09 12:46:48 INFO  Keywords:520 - ClearText is called
2024-08-09 12:46:48 INFO  Keywords:301 - Waiting for webElement...gateway.password
2024-08-09 12:46:48 INFO  Keywords:305 - Element found...gateway.password
2024-08-09 12:46:48 INFO  Keywords:524 - LinkId: 534363
2024-08-09 12:46:48 INFO  Keywords:130 - InputText is called
2024-08-09 12:46:48 INFO  Keywords:301 - Waiting for webElement...gateway.password
2024-08-09 12:46:48 INFO  Keywords:305 - Element found...gateway.password
2024-08-09 12:46:48 INFO  Keywords:141 - ClickOnLink is called
2024-08-09 12:46:48 INFO  Keywords:301 - Waiting for webElement...gateway.login
2024-08-09 12:46:48 INFO  Keywords:305 - Element found...gateway.login
2024-08-09 12:47:05 INFO  Keywords:141 - ClickOnLink is called
2024-08-09 12:47:05 INFO  Keywords:301 - Waiting for webElement...management
2024-08-09 12:47:05 INFO  Keywords:305 - Element found...management
2024-08-09 12:47:06 INFO  Keywords:301 - Waiting for webElement...managementTools
2024-08-09 12:47:06 INFO  Keywords:305 - Element found...managementTools
2024-08-09 12:47:07 INFO  Keywords:141 - ClickOnLink is called
2024-08-09 12:47:07 INFO  Keywords:301 - Waiting for webElement...feedManagement
2024-08-09 12:47:07 INFO  Keywords:305 - Element found...feedManagement
2024-08-09 12:47:23 INFO  Keywords:141 - ClickOnLink is called
2024-08-09 12:47:23 INFO  Keywords:301 - Waiting for webElement...searchPanel
2024-08-09 12:47:23 INFO  Keywords:305 - Element found...searchPanel
2024-08-09 12:47:23 INFO  Keywords:301 - Waiting for webElement...selectTransactionID
2024-08-09 12:47:23 INFO  Keywords:305 - Element found...selectTransactionID
2024-08-09 12:47:24 INFO  Keywords:130 - InputText is called
2024-08-09 12:47:24 INFO  Keywords:301 - Waiting for webElement...enterTransactioID
2024-08-09 12:47:24 INFO  Keywords:305 - Element found...enterTransactioID
2024-08-09 12:47:24 INFO  Keywords:141 - ClickOnLink is called
2024-08-09 12:47:24 INFO  Keywords:301 - Waiting for webElement...searchbutton
2024-08-09 12:47:24 INFO  Keywords:305 - Element found...searchbutton
2024-08-09 12:47:40 INFO  Keywords:141 - ClickOnLink is called
2024-08-09 12:47:40 INFO  Keywords:301 - Waiting for webElement...transactionSearchmyResult
2024-08-09 12:47:40 INFO  Keywords:305 - Element found...transactionSearchmyResult
2024-08-09 12:47:56 INFO  Keywords:141 - ClickOnLink is called
2024-08-09 12:47:56 INFO  Keywords:301 - Waiting for webElement...onenotThree
2024-08-09 12:47:56 INFO  Keywords:305 - Element found...onenotThree
2024-08-09 12:47:56 INFO  Keywords:301 - Waiting for webElement...103ResponseXML
2024-08-09 12:48:39 INFO  Keywords:451 - switching to parent window...
2024-08-09 12:48:39 INFO  Keywords:104 - Navigate is called
2024-08-09 12:48:39 INFO  Keywords:520 - ClearText is called
2024-08-09 12:48:39 INFO  Keywords:301 - Waiting for webElement...gateway.username
2024-08-09 12:48:39 INFO  Keywords:305 - Element found...gateway.username
2024-08-09 12:48:39 INFO  Keywords:524 - LinkId: 534363
2024-08-09 12:48:39 INFO  Keywords:130 - InputText is called
2024-08-09 12:48:39 INFO  Keywords:301 - Waiting for webElement...gateway.username
2024-08-09 12:48:39 INFO  Keywords:305 - Element found...gateway.username
2024-08-09 12:48:39 INFO  Keywords:520 - ClearText is called
2024-08-09 12:48:39 INFO  Keywords:301 - Waiting for webElement...gateway.password
2024-08-09 12:48:39 INFO  Keywords:305 - Element found...gateway.password
2024-08-09 12:48:39 INFO  Keywords:524 - LinkId: 534363
2024-08-09 12:48:39 INFO  Keywords:130 - InputText is called
2024-08-09 12:48:39 INFO  Keywords:301 - Waiting for webElement...gateway.password
2024-08-09 12:48:39 INFO  Keywords:305 - Element found...gateway.password
2024-08-09 12:48:39 INFO  Keywords:141 - ClickOnLink is called
2024-08-09 12:48:39 INFO  Keywords:301 - Waiting for webElement...gateway.login
2024-08-09 12:48:39 INFO  Keywords:305 - Element found...gateway.login
2024-08-09 12:48:56 INFO  Keywords:141 - ClickOnLink is called
2024-08-09 12:48:56 INFO  Keywords:301 - Waiting for webElement...management
2024-08-09 12:48:56 INFO  Keywords:305 - Element found...management
2024-08-09 12:48:56 INFO  Keywords:301 - Waiting for webElement...managementTools
2024-08-09 12:48:57 INFO  Keywords:305 - Element found...managementTools
2024-08-09 12:48:58 INFO  Keywords:141 - ClickOnLink is called
2024-08-09 12:48:58 INFO  Keywords:301 - Waiting for webElement...feedManagement
2024-08-09 12:48:58 INFO  Keywords:305 - Element found...feedManagement
2024-08-09 12:49:14 INFO  Keywords:141 - ClickOnLink is called
2024-08-09 12:49:14 INFO  Keywords:301 - Waiting for webElement...searchPanel
2024-08-09 12:49:14 INFO  Keywords:305 - Element found...searchPanel
2024-08-09 12:49:14 INFO  Keywords:301 - Waiting for webElement...selectTransactionID
2024-08-09 12:49:14 INFO  Keywords:305 - Element found...selectTransactionID
2024-08-09 12:49:14 INFO  Keywords:130 - InputText is called
2024-08-09 12:49:14 INFO  Keywords:301 - Waiting for webElement...enterTransactioID
2024-08-09 12:49:14 INFO  Keywords:305 - Element found...enterTransactioID
2024-08-09 12:49:14 INFO  Keywords:141 - ClickOnLink is called
2024-08-09 12:49:14 INFO  Keywords:301 - Waiting for webElement...searchbutton
2024-08-09 12:49:14 INFO  Keywords:305 - Element found...searchbutton
2024-08-09 12:49:31 INFO  Keywords:141 - ClickOnLink is called
2024-08-09 12:49:31 INFO  Keywords:301 - Waiting for webElement...transactionSearchmyResult
2024-08-09 12:49:31 INFO  Keywords:305 - Element found...transactionSearchmyResult
2024-08-09 12:49:47 INFO  Keywords:141 - ClickOnLink is called
2024-08-09 12:49:47 INFO  Keywords:301 - Waiting for webElement...RTSMButton
2024-08-09 12:49:47 INFO  Keywords:305 - Element found...RTSMButton
2024-08-09 12:49:47 INFO  Keywords:301 - Waiting for webElement...RTSMResponseXML
2024-08-09 12:50:35 INFO  Keywords:104 - Navigate is called
2024-08-09 12:50:38 INFO  Keywords:130 - InputText is called
2024-08-09 12:50:38 INFO  Keywords:301 - Waiting for webElement...gateway.username
2024-08-09 12:50:38 INFO  Keywords:305 - Element found...gateway.username
2024-08-09 12:50:38 INFO  Keywords:130 - InputText is called
2024-08-09 12:50:38 INFO  Keywords:301 - Waiting for webElement...gateway.password
2024-08-09 12:50:38 INFO  Keywords:305 - Element found...gateway.password
2024-08-09 12:50:38 INFO  Keywords:141 - ClickOnLink is called
2024-08-09 12:50:38 INFO  Keywords:301 - Waiting for webElement...gateway.login
2024-08-09 12:50:38 INFO  Keywords:305 - Element found...gateway.login
2024-08-09 12:51:20 INFO  Keywords:141 - ClickOnLink is called
2024-08-09 12:51:20 INFO  Keywords:301 - Waiting for webElement...postsamldata
2024-08-09 12:51:46 INFO  Keywords:141 - ClickOnLink is called
2024-08-09 12:51:46 INFO  Keywords:301 - Waiting for webElement...next
2024-08-09 12:52:12 INFO  Keywords:301 - Waiting for webElement...policyConfiguration.DeathBenefit
2024-08-09 12:52:22 INFO  Keywords:301 - Waiting for webElement...policyConfiguration.LTCOption
2024-08-09 12:52:32 INFO  Keywords:301 - Waiting for webElement...policyConfiguration.MonthPercentage
2024-08-09 12:52:42 INFO  Keywords:130 - InputText is called
2024-08-09 12:52:42 INFO  Keywords:301 - Waiting for webElement...policyConfiguration.ABPercentage
2024-08-09 12:52:52 INFO  Keywords:301 - Waiting for webElement...policyConfiguration.payors
2024-08-09 12:53:02 INFO  Keywords:301 - Waiting for webElement...policyConfiguration.purposeofpolicy
2024-08-09 12:53:13 INFO  Keywords:141 - ClickOnLink is called
2024-08-09 12:53:13 INFO  Keywords:301 - Waiting for webElement...next
2024-08-09 12:54:53 INFO  Keywords:301 - Waiting for webElement...primaryinsured.birthcountry
2024-08-09 12:55:03 INFO  Keywords:301 - Waiting for webElement...primaryinsured.birthstate
2024-08-09 12:55:13 INFO  Keywords:130 - InputText is called
2024-08-09 12:55:13 INFO  Keywords:301 - Waiting for webElement...primaryinsured.birthcity
2024-08-09 12:55:23 INFO  Keywords:141 - ClickOnLink is called
2024-08-09 12:55:23 INFO  Keywords:301 - Waiting for webElement...next
2024-08-09 12:55:49 INFO  Keywords:141 - ClickOnLink is called
2024-08-09 12:55:49 INFO  Keywords:301 - Waiting for webElement...next
2024-08-09 12:56:15 INFO  Keywords:301 - Waiting for webElement...financialDetails.SourceOfFundsLI
2024-08-09 12:56:25 INFO  Keywords:301 - Waiting for webElement...financialDetails.SurrenderChargeSOFLI
2024-08-09 12:56:35 INFO  Keywords:301 - Waiting for webElement...financialDetails.envisiontaking
2024-08-09 12:56:45 INFO  Keywords:301 - Waiting for webElement...financialDetails.federalfaxbracket
2024-08-09 12:56:55 INFO  Keywords:301 - Waiting for webElement...financialDetails.riskTolerance
2024-08-09 12:57:05 INFO  Keywords:301 - Waiting for webElement...financialDetails.Investmentobjectives
2024-08-09 12:57:15 INFO  Keywords:301 - Waiting for webElement...financialDetails.timehorizon
2024-08-09 12:57:25 INFO  Keywords:301 - Waiting for webElement...financialDetails.investmentexperienceFA
2024-08-09 12:57:35 INFO  Keywords:130 - InputText is called
2024-08-09 12:57:35 INFO  Keywords:301 - Waiting for webElement...financialDetails.investmentstartyear
2024-08-09 12:57:45 INFO  Keywords:130 - InputText is called
2024-08-09 12:57:45 INFO  Keywords:301 - Waiting for webElement...financialdetails.wages
2024-08-09 12:57:56 INFO  Keywords:130 - InputText is called
2024-08-09 12:57:56 INFO  Keywords:301 - Waiting for webElement...financialdetails.livingexpenses
2024-08-09 12:58:06 INFO  Keywords:130 - InputText is called
2024-08-09 12:58:06 INFO  Keywords:301 - Waiting for webElement...financialdetails.personalinvestment
2024-08-09 12:58:16 INFO  Keywords:130 - InputText is called
2024-08-09 12:58:16 INFO  Keywords:301 - Waiting for webElement...financialdetails.fixeddebtexpenses
2024-08-09 12:58:26 INFO  Keywords:130 - InputText is called
2024-08-09 12:58:26 INFO  Keywords:301 - Waiting for webElement...financialdetails.rentalincome
2024-08-09 12:58:36 INFO  Keywords:130 - InputText is called
2024-08-09 12:58:36 INFO  Keywords:301 - Waiting for webElement...financialdetails.variabledebtexpenses
2024-08-09 12:58:46 INFO  Keywords:130 - InputText is called
2024-08-09 12:58:46 INFO  Keywords:301 - Waiting for webElement...financialdetails.incomepension
2024-08-09 12:58:56 INFO  Keywords:130 - InputText is called
2024-08-09 12:58:56 INFO  Keywords:301 - Waiting for webElement...financialdetails.discretionaryexpenses
2024-08-09 12:59:06 INFO  Keywords:130 - InputText is called
2024-08-09 12:59:06 INFO  Keywords:301 - Waiting for webElement...financialdetails.socialsecurityincome
2024-08-09 12:59:16 INFO  Keywords:130 - InputText is called
2024-08-09 12:59:16 INFO  Keywords:301 - Waiting for webElement...financialdetails.otherincome
2024-08-09 12:59:26 INFO  Keywords:130 - InputText is called
2024-08-09 12:59:26 INFO  Keywords:301 - Waiting for webElement...financialdetails.bonds
2024-08-09 12:59:36 INFO  Keywords:130 - InputText is called
2024-08-09 12:59:36 INFO  Keywords:301 - Waiting for webElement...financialdetails.businessTrustRealstate
2024-08-09 12:59:46 INFO  Keywords:130 - InputText is called
2024-08-09 12:59:46 INFO  Keywords:301 - Waiting for webElement...financialdetails.retirementplan
2024-08-09 12:59:56 INFO  Keywords:130 - InputText is called
2024-08-09 12:59:56 INFO  Keywords:301 - Waiting for webElement...financialdetails.equities
2024-08-09 13:00:06 INFO  Keywords:130 - InputText is called
2024-08-09 13:00:06 INFO  Keywords:301 - Waiting for webElement...financialdetails.facevalueilfeinsurance
2024-08-09 13:00:16 INFO  Keywords:130 - InputText is called
2024-08-09 13:00:16 INFO  Keywords:301 - Waiting for webElement...financialdetails.fixedannuity
2024-08-09 13:00:26 INFO  Keywords:130 - InputText is called
2024-08-09 13:00:26 INFO  Keywords:301 - Waiting for webElement...financialdetails.indexannuity
2024-08-09 13:00:36 INFO  Keywords:130 - InputText is called
2024-08-09 13:00:36 INFO  Keywords:301 - Waiting for webElement...financialdetails.liquidnetworth
2024-08-09 13:00:46 INFO  Keywords:130 - InputText is called
2024-08-09 13:00:46 INFO  Keywords:301 - Waiting for webElement...financialdetails.mutualfund
2024-08-09 13:00:57 INFO  Keywords:130 - InputText is called
2024-08-09 13:00:57 INFO  Keywords:301 - Waiting for webElement...financialdetails.otherbrokerage
2024-08-09 13:01:07 INFO  Keywords:130 - InputText is called
2024-08-09 13:01:07 INFO  Keywords:301 - Waiting for webElement...financialdetails.policypremium
2024-08-09 13:01:17 INFO  Keywords:130 - InputText is called
2024-08-09 13:01:17 INFO  Keywords:301 - Waiting for webElement...financialdetails.variableannuity
2024-08-09 13:01:27 INFO  Keywords:130 - InputText is called
2024-08-09 13:01:27 INFO  Keywords:301 - Waiting for webElement...financialdetails.totalpremium
2024-08-09 13:01:37 INFO  Keywords:301 - Waiting for webElement...financialdetails.anticipatedchanges
2024-08-09 13:01:47 INFO  Keywords:301 - Waiting for webElement...financialdetails.nonguaranteedelement
2024-08-09 13:01:57 INFO  Keywords:301 - Waiting for webElement...financialdetails.reversemortgage
2024-08-09 13:02:07 INFO  Keywords:141 - ClickOnLink is called
2024-08-09 13:02:07 INFO  Keywords:301 - Waiting for webElement...next
2024-08-09 13:02:33 INFO  Keywords:301 - Waiting for webElement...payment.modal
2024-08-09 13:02:59 INFO  Keywords:301 - Waiting for webElement...payment.method
2024-08-09 13:03:09 INFO  Keywords:130 - InputText is called
2024-08-09 13:03:09 INFO  Keywords:301 - Waiting for webElement...payment.premium
2024-08-09 13:03:19 INFO  Keywords:141 - ClickOnLink is called
2024-08-09 13:03:19 INFO  Keywords:301 - Waiting for webElement...next
2024-08-09 13:03:45 INFO  Keywords:301 - Waiting for webElement...existinginsurance.borrowingfunds
2024-08-09 13:03:55 INFO  Keywords:301 - Waiting for webElement...existinginsurance.terminatingexistinglifepolicy
2024-08-09 13:04:05 INFO  Keywords:301 - Waiting for webElement...existinginsurance.longtermcoverage
2024-08-09 13:04:15 INFO  Keywords:301 - Waiting for webElement...existanceterminating.InsuranceCompanyName
2024-08-09 13:04:25 INFO  Keywords:130 - InputText is called
2024-08-09 13:04:25 INFO  Keywords:301 - Waiting for webElement...existanceterminating.ProductName
2024-08-09 13:04:36 INFO  Keywords:130 - InputText is called
2024-08-09 13:04:36 INFO  Keywords:301 - Waiting for webElement...existanceterminating.Insured
2024-08-09 13:04:46 INFO  Keywords:301 - Waiting for webElement...existanceterminating.InsuredAnnuitant
2024-08-09 13:04:56 INFO  Keywords:130 - InputText is called
2024-08-09 13:04:56 INFO  Keywords:301 - Waiting for webElement...existanceterminating.InsuredAnnuitantDOB
2024-08-09 13:04:56 INFO  Keywords:301 - Waiting for webElement...existanceterminating.NumberOfInsured
2024-08-09 13:04:56 INFO  Keywords:130 - InputText is called
2024-08-09 13:04:56 INFO  Keywords:301 - Waiting for webElement...existanceterminating.Owner
2024-08-09 13:05:06 INFO  Keywords:130 - InputText is called
2024-08-09 13:05:06 INFO  Keywords:301 - Waiting for webElement...existanceterminating.DateIssued
2024-08-09 13:05:16 INFO  Keywords:130 - InputText is called
2024-08-09 13:05:16 INFO  Keywords:301 - Waiting for webElement...existanceterminating.AmountOfInsurance
2024-08-09 13:05:26 INFO  Keywords:301 - Waiting for webElement...existanceterminating.ExistingInsuranceType
2024-08-09 13:05:36 INFO  Keywords:301 - Waiting for webElement...existanceterminating.ProductType
2024-08-09 13:05:46 INFO  Keywords:301 - Waiting for webElement...existanceterminating.LifeProductType
2024-08-09 13:05:56 INFO  Keywords:130 - InputText is called
2024-08-09 13:05:56 INFO  Keywords:301 - Waiting for webElement...existanceterminating.PolicyNo
2024-08-09 13:06:06 INFO  Keywords:301 - Waiting for webElement...existanceterminating.PurposeOfPolicy
2024-08-09 13:06:16 INFO  Keywords:130 - InputText is called
2024-08-09 13:06:16 INFO  Keywords:301 - Waiting for webElement...existance.FaceAmtRiders
2024-08-09 13:06:26 INFO  Keywords:301 - Waiting for webElement...existanceterminating.FundsNewPolicy
2024-08-09 13:06:36 INFO  Keywords:301 - Waiting for webElement...existanceterminating.ReplacingNewPolicy
2024-08-09 13:06:46 INFO  Keywords:301 - Waiting for webElement...existance.suvivorship
2024-08-09 13:06:56 INFO  Keywords:301 - Waiting for webElement...existnace.soldSettled
2024-08-09 13:07:06 INFO  Keywords:301 - Waiting for webElement...existanceterminating.ReplacementThType
2024-08-09 13:07:17 INFO  Keywords:301 - Waiting for webElement...existanceterminating.1035ThExchange
2024-08-09 13:07:27 INFO  Keywords:130 - InputText is called
2024-08-09 13:07:27 INFO  Keywords:301 - Waiting for webElement...existing.OwnerSSN
2024-08-09 13:07:37 INFO  Keywords:301 - Waiting for webElement...existing.loanPolicy
2024-08-09 13:07:37 INFO  Keywords:301 - Waiting for webElement...existing.Transfer
2024-08-09 13:07:47 INFO  Keywords:130 - InputText is called
2024-08-09 13:07:47 INFO  Keywords:301 - Waiting for webElement...existanceterminating.ReasonReplacement
2024-08-09 13:07:57 INFO  Keywords:130 - InputText is called
2024-08-09 13:07:57 INFO  Keywords:301 - Waiting for webElement...existanceterminating.NoOfPolicy
2024-08-09 13:08:07 INFO  Keywords:130 - InputText is called
2024-08-09 13:08:07 INFO  Keywords:301 - Waiting for webElement...existanceterminating.PremiumPayment
2024-08-09 13:08:17 INFO  Keywords:130 - InputText is called
2024-08-09 13:08:17 INFO  Keywords:301 - Waiting for webElement...existanceterminating.FrequencyPremium
2024-08-09 13:08:27 INFO  Keywords:130 - InputText is called
2024-08-09 13:08:27 INFO  Keywords:301 - Waiting for webElement...existanceterminating.AmountBeingExchanged
2024-08-09 13:08:37 INFO  Keywords:130 - InputText is called
2024-08-09 13:08:37 INFO  Keywords:301 - Waiting for webElement...existanceterminating.SurrenderCharge
2024-08-09 13:08:47 INFO  Keywords:130 - InputText is called
2024-08-09 13:08:47 INFO  Keywords:301 - Waiting for webElement...existanceterminating.DeathBenefit
2024-08-09 13:08:57 INFO  Keywords:130 - InputText is called
2024-08-09 13:08:57 INFO  Keywords:301 - Waiting for webElement...existanceterminating.SpecialFeatures
2024-08-09 13:09:07 INFO  Keywords:301 - Waiting for webElement...existance.WillReplaceCoverage
2024-08-09 13:09:17 INFO  Keywords:301 - Waiting for webElement...existinginsurance.longtermpolicyYes
2024-08-09 13:09:27 INFO  Keywords:130 - InputText is called
2024-08-09 13:09:27 INFO  Keywords:301 - Waiting for webElement...existinglongtermpolicy.InsuranceName
2024-08-09 13:09:37 INFO  Keywords:130 - InputText is called
2024-08-09 13:09:37 INFO  Keywords:301 - Waiting for webElement...existinglongtermpolicy.policyCertificateNumber
2024-08-09 13:09:47 INFO  Keywords:130 - InputText is called
2024-08-09 13:09:47 INFO  Keywords:301 - Waiting for webElement...existinglongtermpolicy.ProductName
2024-08-09 13:09:58 INFO  Keywords:301 - Waiting for webElement...existinglongtermpolicy.ProductType
2024-08-09 13:10:08 INFO  Keywords:130 - InputText is called
2024-08-09 13:10:08 INFO  Keywords:301 - Waiting for webElement...existinglongtermpolicy.Insured
2024-08-09 13:10:18 INFO  Keywords:130 - InputText is called
2024-08-09 13:10:18 INFO  Keywords:301 - Waiting for webElement...existinglongtermpolicy.Owner
2024-08-09 13:10:28 INFO  Keywords:130 - InputText is called
2024-08-09 13:10:28 INFO  Keywords:301 - Waiting for webElement...existinglongtermpolicy.DailyBenefit
2024-08-09 13:10:38 INFO  Keywords:130 - InputText is called
2024-08-09 13:10:38 INFO  Keywords:301 - Waiting for webElement...existinglongtermpolicy.AmountOfInsurance
2024-08-09 13:10:48 INFO  Keywords:130 - InputText is called
2024-08-09 13:10:48 INFO  Keywords:301 - Waiting for webElement...existinglongtermpolicy.benefitAmount
2024-08-09 13:10:58 INFO  Keywords:130 - InputText is called
2024-08-09 13:10:58 INFO  Keywords:301 - Waiting for webElement...existinglongtermpolicy.benefitPeriod
2024-08-09 13:11:08 INFO  Keywords:301 - Waiting for webElement...existinginsurance.longterminsuranceYes
2024-08-09 13:11:18 INFO  Keywords:130 - InputText is called
2024-08-09 13:11:18 INFO  Keywords:301 - Waiting for webElement...existinglongterminsurance.InsuranceCompany
2024-08-09 13:11:28 INFO  Keywords:130 - InputText is called
2024-08-09 13:11:28 INFO  Keywords:301 - Waiting for webElement...existinglongterminsurance.Certificate
2024-08-09 13:11:38 INFO  Keywords:130 - InputText is called
2024-08-09 13:11:38 INFO  Keywords:301 - Waiting for webElement...existinglongterminsurance.LTCBenefit
2024-08-09 13:11:48 INFO  Keywords:130 - InputText is called
2024-08-09 13:11:48 INFO  Keywords:301 - Waiting for webElement...existinglongterminsurance.IssueDate
2024-08-09 13:11:58 INFO  Keywords:130 - InputText is called
2024-08-09 13:11:58 INFO  Keywords:301 - Waiting for webElement...existinglongterminsurance.LapseDate
2024-08-09 13:12:08 INFO  Keywords:301 - Waiting for webElement...existance.AgentReadNotice
2024-08-09 13:12:18 INFO  Keywords:141 - ClickOnLink is called
2024-08-09 13:12:18 INFO  Keywords:301 - Waiting for webElement...next
2024-08-09 13:12:44 INFO  Keywords:301 - Waiting for webElement...AgentCertify
2024-08-09 13:12:55 INFO  Keywords:141 - ClickOnLink is called
2024-08-09 13:12:55 INFO  Keywords:301 - Waiting for webElement...next
2024-08-09 13:13:21 INFO  Keywords:130 - InputText is called
2024-08-09 13:13:21 INFO  Keywords:301 - Waiting for webElement...additionalclientquestion.q1
2024-08-09 13:13:31 INFO  Keywords:130 - InputText is called
2024-08-09 13:13:31 INFO  Keywords:301 - Waiting for webElement...additionalclientquestion.q2
2024-08-09 13:13:41 INFO  Keywords:130 - InputText is called
2024-08-09 13:13:41 INFO  Keywords:301 - Waiting for webElement...additionalclientquestion.q3
2024-08-09 13:13:51 INFO  Keywords:130 - InputText is called
2024-08-09 13:13:51 INFO  Keywords:301 - Waiting for webElement...additionalclientquestion.q4
2024-08-09 13:14:01 INFO  Keywords:130 - InputText is called
2024-08-09 13:14:01 INFO  Keywords:301 - Waiting for webElement...additionalclientquestion.q5
2024-08-09 13:14:11 INFO  Keywords:506 - GetText is called
2024-08-09 13:14:11 INFO  Keywords:301 - Waiting for webElement...ebixTxnID
2024-08-09 13:14:21 INFO  Keywords:554 - LinkId: 534363
2024-08-09 13:14:21 INFO  Keywords:506 - GetText is called
2024-08-09 13:14:21 INFO  Keywords:301 - Waiting for webElement...ebixTxnID
2024-08-09 13:14:31 INFO  Keywords:141 - ClickOnLink is called
2024-08-09 13:14:31 INFO  Keywords:301 - Waiting for webElement...next
2024-08-09 13:14:41 INFO  Keywords:301 - Waiting for webElement...AnnuitiesCompany
2024-08-09 13:14:51 INFO  Keywords:301 - Waiting for webElement...InsuranceReplace
2024-08-09 13:15:01 INFO  Keywords:301 - Waiting for webElement...Carrier.ReplacingJH
2024-08-09 13:15:11 INFO  Keywords:301 - Waiting for webElement...Carrier.InterestIssue
2024-08-09 13:15:21 INFO  Keywords:301 - Waiting for webElement...Carrier.EntityConnection
2024-08-09 13:15:31 INFO  Keywords:130 - InputText is called
2024-08-09 13:15:31 INFO  Keywords:301 - Waiting for webElement...PremiumCollected
2024-08-09 13:15:41 INFO  Keywords:301 - Waiting for webElement...ResultApplication
2024-08-09 13:15:52 INFO  Keywords:130 - InputText is called
2024-08-09 13:15:52 INFO  Keywords:301 - Waiting for webElement...ResultGiveDetails
2024-08-09 13:16:02 INFO  Keywords:301 - Waiting for webElement...PolicySettlement
2024-08-09 13:16:12 INFO  Keywords:301 - Waiting for webElement...PremiumLoans
2024-08-09 13:16:22 INFO  Keywords:301 - Waiting for webElement...EvaluatingFinancing
2024-08-09 13:16:32 INFO  Keywords:301 - Waiting for webElement...PersonallyInsured
2024-08-09 13:16:42 INFO  Keywords:301 - Waiting for webElement...PolicyProposedInsured
2024-08-09 13:16:52 INFO  Keywords:301 - Waiting for webElement...ProposedInsuredWritten
2024-08-09 13:17:02 INFO  Keywords:301 - Waiting for webElement...ConsentRelationshipTerminates
2024-08-09 13:17:12 INFO  Keywords:130 - InputText is called
2024-08-09 13:17:12 INFO  Keywords:301 - Waiting for webElement...HealthPoliciesForce
2024-08-09 13:17:22 INFO  Keywords:130 - InputText is called
2024-08-09 13:17:22 INFO  Keywords:301 - Waiting for webElement...SoldForceHP
2024-08-09 13:17:32 INFO  Keywords:130 - InputText is called
2024-08-09 13:17:32 INFO  Keywords:301 - Waiting for webElement...NameWholeSaler
2024-08-09 13:17:42 INFO  Keywords:130 - InputText is called
2024-08-09 13:17:42 INFO  Keywords:301 - Waiting for webElement...ExistingReplacedCarier
2024-08-09 13:17:52 INFO  Keywords:301 - Waiting for webElement...Carrier.LPA
2024-08-09 13:18:02 INFO  Keywords:130 - InputText is called
2024-08-09 13:18:02 INFO  Keywords:301 - Waiting for webElement...Carrier.CuurentSurrenderValue
2024-08-09 13:18:12 INFO  Keywords:301 - Waiting for webElement...Carrier.ArmedReserves
2024-08-09 13:18:22 INFO  Keywords:301 - Waiting for webElement...Carrier.CriticalIllness
2024-08-09 13:18:33 INFO  Keywords:301 - Waiting for webElement...Carrier.DateApplication
2024-08-09 13:18:43 INFO  Keywords:301 - Waiting for webElement...Carrier.SignedIllustration
2024-08-09 13:18:53 INFO  Keywords:301 - Waiting for webElement...Carrier.PolicyDelivered
2024-08-09 13:19:03 INFO  Keywords:301 - Waiting for webElement...Carrier.InsuranceCoverage
2024-08-09 13:19:13 INFO  Keywords:130 - InputText is called
2024-08-09 13:19:13 INFO  Keywords:301 - Waiting for webElement...Carrier.AcceptPlan
2024-08-09 13:19:23 INFO  Keywords:301 - Waiting for webElement...Carrier.PremiumPaymentSrc
2024-08-09 13:19:33 INFO  Keywords:301 - Waiting for webElement...Carrier.CriticalIllness
2024-08-09 13:19:43 INFO  Keywords:141 - ClickOnLink is called
2024-08-09 13:19:43 INFO  Keywords:301 - Waiting for webElement...next
2024-08-09 13:19:53 INFO  Keywords:130 - InputText is called
2024-08-09 13:19:53 INFO  Keywords:301 - Waiting for webElement...NBNameF
2024-08-09 13:20:03 INFO  Keywords:130 - InputText is called
2024-08-09 13:20:03 INFO  Keywords:301 - Waiting for webElement...NBNameL
2024-08-09 13:20:13 INFO  Keywords:130 - InputText is called
2024-08-09 13:20:13 INFO  Keywords:301 - Waiting for webElement...NBPhoneW
2024-08-09 13:20:23 INFO  Keywords:130 - InputText is called
2024-08-09 13:20:23 INFO  Keywords:301 - Waiting for webElement...NBEMail
2024-08-09 13:20:33 INFO  Keywords:301 - Waiting for webElement...POSYES
2024-08-09 13:20:43 INFO  Keywords:130 - InputText is called
2024-08-09 13:20:43 INFO  Keywords:301 - Waiting for webElement...POSNAmeF
2024-08-09 13:20:53 INFO  Keywords:130 - InputText is called
2024-08-09 13:20:53 INFO  Keywords:301 - Waiting for webElement...POSNAmeL
2024-08-09 13:21:03 INFO  Keywords:130 - InputText is called
2024-08-09 13:21:03 INFO  Keywords:301 - Waiting for webElement...POSWork
2024-08-09 13:21:13 INFO  Keywords:130 - InputText is called
2024-08-09 13:21:13 INFO  Keywords:301 - Waiting for webElement...POSEmail
2024-08-09 13:21:39 INFO  Keywords:141 - ClickOnLink is called
2024-08-09 13:21:39 INFO  Keywords:301 - Waiting for webElement...validate.button
2024-08-09 13:22:22 INFO  Keywords:141 - ClickOnLink is called
2024-08-09 13:22:22 INFO  Keywords:301 - Waiting for webElement...notification.continue
2024-08-09 13:22:48 INFO  Keywords:141 - ClickOnLink is called
2024-08-09 13:22:48 INFO  Keywords:301 - Waiting for webElement...esignature.optout
2024-08-09 13:24:28 INFO  Keywords:153 - VerifyText is called
2024-08-09 13:24:28 INFO  Keywords:301 - Waiting for webElement...WebElement
2024-08-09 13:24:28 INFO  Keywords:141 - ClickOnLink is called
2024-08-09 13:24:28 INFO  Keywords:301 - Waiting for webElement...attachment
2024-08-09 13:24:38 INFO  Keywords:301 - Waiting for webElement...attachment.documenttype
2024-08-09 13:24:48 INFO  Keywords:130 - InputText is called
2024-08-09 13:24:48 INFO  Keywords:301 - Waiting for webElement...attachment.choosefile
2024-08-09 13:24:58 INFO  Keywords:141 - ClickOnLink is called
2024-08-09 13:24:58 INFO  Keywords:301 - Waiting for webElement...attachment.upload
2024-08-09 13:25:24 INFO  Keywords:141 - ClickOnLink is called
2024-08-09 13:25:24 INFO  Keywords:301 - Waiting for webElement...RequestSignatures
2024-08-09 13:25:50 INFO  Keywords:301 - Waiting for webElement...attachment.documenttype
2024-08-09 13:26:00 INFO  Keywords:130 - InputText is called
2024-08-09 13:26:00 INFO  Keywords:301 - Waiting for webElement...attachment.choosefile
2024-08-09 13:26:10 INFO  Keywords:141 - ClickOnLink is called
2024-08-09 13:26:10 INFO  Keywords:301 - Waiting for webElement...attachment.upload
2024-08-09 13:26:36 INFO  Keywords:141 - ClickOnLink is called
2024-08-09 13:26:36 INFO  Keywords:301 - Waiting for webElement...SubmitButton
2024-08-09 13:28:16 INFO  Keywords:451 - switching to parent window...
2024-08-09 13:28:16 INFO  Keywords:104 - Navigate is called
2024-08-09 13:28:18 INFO  Keywords:520 - ClearText is called
2024-08-09 13:28:18 INFO  Keywords:301 - Waiting for webElement...gateway.username
2024-08-09 13:28:18 INFO  Keywords:305 - Element found...gateway.username
2024-08-09 13:28:18 INFO  Keywords:524 - LinkId: 534363
2024-08-09 13:28:18 INFO  Keywords:130 - InputText is called
2024-08-09 13:28:18 INFO  Keywords:301 - Waiting for webElement...gateway.username
2024-08-09 13:28:18 INFO  Keywords:305 - Element found...gateway.username
2024-08-09 13:28:18 INFO  Keywords:520 - ClearText is called
2024-08-09 13:28:18 INFO  Keywords:301 - Waiting for webElement...gateway.password
2024-08-09 13:28:18 INFO  Keywords:305 - Element found...gateway.password
2024-08-09 13:28:18 INFO  Keywords:524 - LinkId: 534363
2024-08-09 13:28:18 INFO  Keywords:130 - InputText is called
2024-08-09 13:28:18 INFO  Keywords:301 - Waiting for webElement...gateway.password
2024-08-09 13:28:18 INFO  Keywords:305 - Element found...gateway.password
2024-08-09 13:28:18 INFO  Keywords:141 - ClickOnLink is called
2024-08-09 13:28:18 INFO  Keywords:301 - Waiting for webElement...gateway.login
2024-08-09 13:28:18 INFO  Keywords:305 - Element found...gateway.login
2024-08-09 13:28:35 INFO  Keywords:141 - ClickOnLink is called
2024-08-09 13:28:35 INFO  Keywords:301 - Waiting for webElement...management
2024-08-09 13:28:45 INFO  Keywords:301 - Waiting for webElement...managementTools
2024-08-09 13:28:55 INFO  Keywords:141 - ClickOnLink is called
2024-08-09 13:28:55 INFO  Keywords:301 - Waiting for webElement...feedManagement
2024-08-09 13:29:21 INFO  Keywords:141 - ClickOnLink is called
2024-08-09 13:29:21 INFO  Keywords:301 - Waiting for webElement...searchPanel
2024-08-09 13:29:31 INFO  Keywords:301 - Waiting for webElement...selectTransactionID
2024-08-09 13:29:41 INFO  Keywords:130 - InputText is called
2024-08-09 13:29:41 INFO  Keywords:301 - Waiting for webElement...enterTransactioID
2024-08-09 13:29:51 INFO  Keywords:141 - ClickOnLink is called
2024-08-09 13:29:51 INFO  Keywords:301 - Waiting for webElement...searchbutton
2024-08-09 13:30:17 INFO  Keywords:141 - ClickOnLink is called
2024-08-09 13:30:17 INFO  Keywords:301 - Waiting for webElement...transactionSearchmyResult
2024-08-09 13:30:43 INFO  Keywords:141 - ClickOnLink is called
2024-08-09 13:30:43 INFO  Keywords:301 - Waiting for webElement...onenotThree
2024-08-09 13:30:53 INFO  Keywords:301 - Waiting for webElement...103ResponseXML
2024-08-09 13:31:35 INFO  Keywords:451 - switching to parent window...
2024-08-09 13:31:35 INFO  Keywords:104 - Navigate is called
2024-08-09 13:31:36 INFO  Keywords:520 - ClearText is called
2024-08-09 13:31:36 INFO  Keywords:301 - Waiting for webElement...gateway.username
2024-08-09 13:31:36 INFO  Keywords:305 - Element found...gateway.username
2024-08-09 13:31:37 INFO  Keywords:524 - LinkId: 534363
2024-08-09 13:31:37 INFO  Keywords:130 - InputText is called
2024-08-09 13:31:37 INFO  Keywords:301 - Waiting for webElement...gateway.username
2024-08-09 13:31:37 INFO  Keywords:305 - Element found...gateway.username
2024-08-09 13:31:37 INFO  Keywords:520 - ClearText is called
2024-08-09 13:31:37 INFO  Keywords:301 - Waiting for webElement...gateway.password
2024-08-09 13:31:37 INFO  Keywords:305 - Element found...gateway.password
2024-08-09 13:31:37 INFO  Keywords:524 - LinkId: 534363
2024-08-09 13:31:37 INFO  Keywords:130 - InputText is called
2024-08-09 13:31:37 INFO  Keywords:301 - Waiting for webElement...gateway.password
2024-08-09 13:31:37 INFO  Keywords:305 - Element found...gateway.password
2024-08-09 13:31:37 INFO  Keywords:141 - ClickOnLink is called
2024-08-09 13:31:37 INFO  Keywords:301 - Waiting for webElement...gateway.login
2024-08-09 13:31:37 INFO  Keywords:305 - Element found...gateway.login
2024-08-09 13:31:53 INFO  Keywords:141 - ClickOnLink is called
2024-08-09 13:31:53 INFO  Keywords:301 - Waiting for webElement...management
2024-08-09 13:32:03 INFO  Keywords:301 - Waiting for webElement...managementTools
2024-08-09 13:32:13 INFO  Keywords:141 - ClickOnLink is called
2024-08-09 13:32:13 INFO  Keywords:301 - Waiting for webElement...feedManagement
2024-08-09 13:32:39 INFO  Keywords:141 - ClickOnLink is called
2024-08-09 13:32:39 INFO  Keywords:301 - Waiting for webElement...searchPanel
2024-08-09 13:32:49 INFO  Keywords:301 - Waiting for webElement...selectTransactionID
2024-08-09 13:32:59 INFO  Keywords:130 - InputText is called
2024-08-09 13:32:59 INFO  Keywords:301 - Waiting for webElement...enterTransactioID
2024-08-09 13:33:09 INFO  Keywords:141 - ClickOnLink is called
2024-08-09 13:33:09 INFO  Keywords:301 - Waiting for webElement...searchbutton
2024-08-09 13:33:35 INFO  Keywords:141 - ClickOnLink is called
2024-08-09 13:33:35 INFO  Keywords:301 - Waiting for webElement...transactionSearchmyResult
2024-08-09 13:34:01 INFO  Keywords:141 - ClickOnLink is called
2024-08-09 13:34:01 INFO  Keywords:301 - Waiting for webElement...RTSMButton
2024-08-09 13:34:11 INFO  Keywords:301 - Waiting for webElement...RTSMResponseXML
