2024-06-05 17:08:49 INFO  Keywords:98 - Navigate is called
2024-06-05 17:08:51 INFO  Keywords:124 - InputText is called
2024-06-05 17:08:51 INFO  Keywords:282 - Waiting for webElement...gateway.username
2024-06-05 17:08:52 INFO  Keywords:285 - Element found...gateway.username
2024-06-05 17:08:52 INFO  Keywords:124 - InputText is called
2024-06-05 17:08:52 INFO  Keywords:282 - Waiting for webElement...gateway.password
2024-06-05 17:08:52 INFO  Keywords:285 - Element found...gateway.password
2024-06-05 17:08:52 INFO  Keywords:135 - ClickOnLink is called
2024-06-05 17:08:52 INFO  Keywords:282 - Waiting for webElement...gateway.login
2024-06-05 17:08:52 INFO  Keywords:285 - Element found...gateway.login
2024-06-05 17:09:29 INFO  Keywords:135 - ClickOnLink is called
2024-06-05 17:09:29 INFO  Keywords:282 - Waiting for webElement...postsamldata
2024-06-05 17:09:29 INFO  Keywords:285 - Element found...postsamldata
2024-06-05 17:09:45 INFO  Keywords:135 - ClickOnLink is called
2024-06-05 17:09:45 INFO  Keywords:282 - Waiting for webElement...next
2024-06-05 17:09:45 INFO  Keywords:285 - Element found...next
2024-06-05 17:10:04 INFO  Keywords:124 - InputText is called
2024-06-05 17:10:04 INFO  Keywords:282 - Waiting for webElement...policyConfiguration.insuranceamount
2024-06-05 17:10:04 INFO  Keywords:285 - Element found...policyConfiguration.insuranceamount
2024-06-05 17:10:04 INFO  Keywords:282 - Waiting for webElement...policyConfiguration.LTC
2024-06-05 17:10:04 INFO  Keywords:285 - Element found...policyConfiguration.LTC
2024-06-05 17:10:04 INFO  Keywords:282 - Waiting for webElement...policyConfiguration.payors
2024-06-05 17:10:04 INFO  Keywords:285 - Element found...policyConfiguration.payors
2024-06-05 17:10:05 INFO  Keywords:282 - Waiting for webElement...policyConfiguration.purposeofpolicy
2024-06-05 17:10:05 INFO  Keywords:285 - Element found...policyConfiguration.purposeofpolicy
2024-06-05 17:10:05 INFO  Keywords:135 - ClickOnLink is called
2024-06-05 17:10:05 INFO  Keywords:282 - Waiting for webElement...next
2024-06-05 17:10:05 INFO  Keywords:285 - Element found...next
2024-06-05 17:10:26 INFO  Keywords:282 - Waiting for webElement...primaryinsured.birthcountry
2024-06-05 17:10:26 INFO  Keywords:285 - Element found...primaryinsured.birthcountry
2024-06-05 17:10:27 INFO  Keywords:282 - Waiting for webElement...primaryinsured.birthstate
2024-06-05 17:10:27 INFO  Keywords:285 - Element found...primaryinsured.birthstate
2024-06-05 17:10:27 INFO  Keywords:124 - InputText is called
2024-06-05 17:10:27 INFO  Keywords:282 - Waiting for webElement...primaryinsured.birthcity
2024-06-05 17:10:37 INFO  Keywords:282 - Waiting for webElement...primaryinsured.drivinglicense
2024-06-05 17:10:37 INFO  Keywords:285 - Element found...primaryinsured.drivinglicense
2024-06-05 17:10:37 INFO  Keywords:124 - InputText is called
2024-06-05 17:10:37 INFO  Keywords:282 - Waiting for webElement...primaryinsured.dlnumber
2024-06-05 17:10:37 INFO  Keywords:285 - Element found...primaryinsured.dlnumber
2024-06-05 17:10:54 INFO  Keywords:282 - Waiting for webElement...primaryinsured.dlissuestateAL
2024-06-05 17:10:54 INFO  Keywords:285 - Element found...primaryinsured.dlissuestateAL
2024-06-05 17:10:54 INFO  Keywords:135 - ClickOnLink is called
2024-06-05 17:10:54 INFO  Keywords:282 - Waiting for webElement...next
2024-06-05 17:10:54 INFO  Keywords:285 - Element found...next
2024-06-05 17:10:58 INFO  Keywords:124 - InputText is called
2024-06-05 17:10:58 INFO  Keywords:282 - Waiting for webElement...TrustOther
2024-06-05 17:12:04 INFO  Keywords:282 - Waiting for webElement...TrustIrres
2024-06-05 17:12:20 INFO  Keywords:135 - ClickOnLink is called
2024-06-05 17:12:20 INFO  Keywords:282 - Waiting for webElement...next
2024-06-05 17:12:20 INFO  Keywords:285 - Element found...next
2024-06-05 17:12:40 INFO  Keywords:282 - Waiting for webElement...Trust_Relationship
2024-06-05 17:12:50 INFO  Keywords:135 - ClickOnLink is called
2024-06-05 17:12:50 INFO  Keywords:282 - Waiting for webElement...next
2024-06-05 17:12:50 INFO  Keywords:285 - Element found...next
2024-06-05 17:13:09 INFO  Keywords:135 - ClickOnLink is called
2024-06-05 17:13:09 INFO  Keywords:282 - Waiting for webElement...next
2024-06-05 17:13:09 INFO  Keywords:285 - Element found...next
2024-06-05 17:13:29 INFO  Keywords:282 - Waiting for webElement...financialDetails.SourceOfWealthLI
2024-06-05 17:13:39 INFO  Keywords:282 - Waiting for webElement...financialDetails.SourceOfFundsLI
2024-06-05 17:13:49 INFO  Keywords:282 - Waiting for webElement...financialDetails.SurrenderChargeSOFLI
2024-06-05 17:13:59 INFO  Keywords:282 - Waiting for webElement...financialDetails.envisiontaking
2024-06-05 17:14:09 INFO  Keywords:282 - Waiting for webElement...financialDetails.federalfaxbracket
2024-06-05 17:14:19 INFO  Keywords:282 - Waiting for webElement...financialDetails.riskTolerance
2024-06-05 17:14:29 INFO  Keywords:282 - Waiting for webElement...financialDetails.Investmentobjectives
2024-06-05 17:14:40 INFO  Keywords:282 - Waiting for webElement...financialDetails.timehorizon
2024-06-05 17:14:50 INFO  Keywords:282 - Waiting for webElement...financialDetails.investmentexperienceFA
2024-06-05 17:15:00 INFO  Keywords:124 - InputText is called
2024-06-05 17:15:00 INFO  Keywords:282 - Waiting for webElement...financialDetails.investmentstartyear
2024-06-05 17:15:10 INFO  Keywords:124 - InputText is called
2024-06-05 17:15:10 INFO  Keywords:282 - Waiting for webElement...financialdetails.wages
2024-06-05 17:15:20 INFO  Keywords:124 - InputText is called
2024-06-05 17:15:20 INFO  Keywords:282 - Waiting for webElement...financialdetails.livingexpenses
2024-06-05 17:15:30 INFO  Keywords:124 - InputText is called
2024-06-05 17:15:30 INFO  Keywords:282 - Waiting for webElement...financialdetails.personalinvestment
2024-06-05 17:15:40 INFO  Keywords:124 - InputText is called
2024-06-05 17:15:40 INFO  Keywords:282 - Waiting for webElement...financialdetails.fixeddebtexpenses
2024-06-05 17:15:50 INFO  Keywords:124 - InputText is called
2024-06-05 17:15:50 INFO  Keywords:282 - Waiting for webElement...financialdetails.rentalincome
2024-06-05 17:16:00 INFO  Keywords:124 - InputText is called
2024-06-05 17:16:00 INFO  Keywords:282 - Waiting for webElement...financialdetails.variabledebtexpenses
2024-06-05 17:16:11 INFO  Keywords:124 - InputText is called
2024-06-05 17:16:11 INFO  Keywords:282 - Waiting for webElement...financialdetails.incomepension
2024-06-05 17:16:21 INFO  Keywords:124 - InputText is called
2024-06-05 17:16:21 INFO  Keywords:282 - Waiting for webElement...financialdetails.discretionaryexpenses
2024-06-05 17:16:31 INFO  Keywords:124 - InputText is called
2024-06-05 17:16:31 INFO  Keywords:282 - Waiting for webElement...financialdetails.socialsecurityincome
2024-06-05 17:16:41 INFO  Keywords:124 - InputText is called
2024-06-05 17:16:41 INFO  Keywords:282 - Waiting for webElement...financialdetails.otherincome
2024-06-05 17:16:51 INFO  Keywords:124 - InputText is called
2024-06-05 17:16:51 INFO  Keywords:282 - Waiting for webElement...financialdetails.bonds
2024-06-05 17:17:01 INFO  Keywords:124 - InputText is called
2024-06-05 17:17:01 INFO  Keywords:282 - Waiting for webElement...financialdetails.businessTrustRealstate
2024-06-05 17:17:11 INFO  Keywords:124 - InputText is called
2024-06-05 17:17:11 INFO  Keywords:282 - Waiting for webElement...financialdetails.retirementplan
2024-06-05 17:17:21 INFO  Keywords:124 - InputText is called
2024-06-05 17:17:21 INFO  Keywords:282 - Waiting for webElement...financialdetails.equities
2024-06-05 17:17:32 INFO  Keywords:124 - InputText is called
2024-06-05 17:17:32 INFO  Keywords:282 - Waiting for webElement...financialdetails.facevalueilfeinsurance
2024-06-05 17:17:42 INFO  Keywords:124 - InputText is called
2024-06-05 17:17:42 INFO  Keywords:282 - Waiting for webElement...financialdetails.fixedannuity
2024-06-05 17:17:52 INFO  Keywords:124 - InputText is called
2024-06-05 17:17:52 INFO  Keywords:282 - Waiting for webElement...financialdetails.indexannuity
2024-06-05 17:18:02 INFO  Keywords:124 - InputText is called
2024-06-05 17:18:02 INFO  Keywords:282 - Waiting for webElement...financialdetails.liquidnetworth
2024-06-05 17:18:12 INFO  Keywords:124 - InputText is called
2024-06-05 17:18:12 INFO  Keywords:282 - Waiting for webElement...financialdetails.mutualfund
2024-06-05 17:18:22 INFO  Keywords:124 - InputText is called
2024-06-05 17:18:22 INFO  Keywords:282 - Waiting for webElement...financialdetails.otherbrokerage
2024-06-05 17:18:32 INFO  Keywords:124 - InputText is called
2024-06-05 17:18:32 INFO  Keywords:282 - Waiting for webElement...financialdetails.policypremium
2024-06-05 17:18:42 INFO  Keywords:124 - InputText is called
2024-06-05 17:18:42 INFO  Keywords:282 - Waiting for webElement...financialdetails.variableannuity
2024-06-05 17:18:53 INFO  Keywords:124 - InputText is called
2024-06-05 17:18:53 INFO  Keywords:282 - Waiting for webElement...financialdetails.totalpremium
2024-06-05 17:19:03 INFO  Keywords:282 - Waiting for webElement...financialdetails.anticipatedchanges
2024-06-05 17:19:13 INFO  Keywords:282 - Waiting for webElement...financialdetails.nonguaranteedelement
2024-06-05 17:19:23 INFO  Keywords:282 - Waiting for webElement...financialdetails.reversemortgage
2024-06-05 17:19:33 INFO  Keywords:135 - ClickOnLink is called
2024-06-05 17:19:33 INFO  Keywords:282 - Waiting for webElement...next
2024-06-05 17:19:33 INFO  Keywords:285 - Element found...next
2024-06-05 17:19:53 INFO  Keywords:282 - Waiting for webElement...payment.modal
2024-06-05 17:20:19 INFO  Keywords:282 - Waiting for webElement...payment.method
2024-06-05 17:20:30 INFO  Keywords:124 - InputText is called
2024-06-05 17:20:30 INFO  Keywords:282 - Waiting for webElement...payment.premium
2024-06-05 17:20:40 INFO  Keywords:135 - ClickOnLink is called
2024-06-05 17:20:40 INFO  Keywords:282 - Waiting for webElement...next
2024-06-05 17:20:40 INFO  Keywords:285 - Element found...next
2024-06-05 17:20:59 INFO  Keywords:282 - Waiting for webElement...existinginsurance.borrowingfunds
2024-06-05 17:21:09 INFO  Keywords:282 - Waiting for webElement...existinginsurance.terminatingexistinglifepolicy
2024-06-05 17:21:19 INFO  Keywords:282 - Waiting for webElement...existinginsurance.longtermcoverage
2024-06-05 17:21:29 INFO  Keywords:282 - Waiting for webElement...existanceterminating.InsuranceCompanyName
2024-06-05 17:21:39 INFO  Keywords:124 - InputText is called
2024-06-05 17:21:39 INFO  Keywords:282 - Waiting for webElement...existanceterminating.ProductName
2024-06-05 17:21:49 INFO  Keywords:124 - InputText is called
2024-06-05 17:21:49 INFO  Keywords:282 - Waiting for webElement...existanceterminating.Insured
2024-06-05 17:22:00 INFO  Keywords:124 - InputText is called
2024-06-05 17:22:00 INFO  Keywords:282 - Waiting for webElement...existanceterminating.Owner
2024-06-05 17:22:10 INFO  Keywords:124 - InputText is called
2024-06-05 17:22:10 INFO  Keywords:282 - Waiting for webElement...existanceterminating.DateIssued
2024-06-05 17:22:20 INFO  Keywords:124 - InputText is called
2024-06-05 17:22:20 INFO  Keywords:282 - Waiting for webElement...existanceterminating.AmountOfInsurance
2024-06-05 17:22:30 INFO  Keywords:282 - Waiting for webElement...existanceterminating.ExistingInsuranceType
2024-06-05 17:22:40 INFO  Keywords:282 - Waiting for webElement...existanceterminating.ProductType
2024-06-05 17:22:50 INFO  Keywords:282 - Waiting for webElement...existanceterminating.LifeProductType
2024-06-05 17:23:00 INFO  Keywords:124 - InputText is called
2024-06-05 17:23:00 INFO  Keywords:282 - Waiting for webElement...existanceterminating.PolicyNo
2024-06-05 17:23:10 INFO  Keywords:282 - Waiting for webElement...existanceterminating.PurposeOfPolicy
2024-06-05 17:23:20 INFO  Keywords:282 - Waiting for webElement...existanceterminating.FundsNewPolicy
2024-06-05 17:23:30 INFO  Keywords:282 - Waiting for webElement...existanceterminating.ReplacingNewPolicy
2024-06-05 17:23:40 INFO  Keywords:282 - Waiting for webElement...existanceterminating.ReplacementThType
2024-06-05 17:23:50 INFO  Keywords:282 - Waiting for webElement...existanceterminating.1035ThExchange
2024-06-05 17:24:00 INFO  Keywords:124 - InputText is called
2024-06-05 17:24:00 INFO  Keywords:282 - Waiting for webElement...existanceterminating.ReasonReplacement
2024-06-05 17:24:11 INFO  Keywords:124 - InputText is called
2024-06-05 17:24:11 INFO  Keywords:282 - Waiting for webElement...existanceterminating.NoOfPolicy
2024-06-05 17:24:21 INFO  Keywords:124 - InputText is called
2024-06-05 17:24:21 INFO  Keywords:282 - Waiting for webElement...existanceterminating.PremiumPayment
2024-06-05 17:24:31 INFO  Keywords:124 - InputText is called
2024-06-05 17:24:31 INFO  Keywords:282 - Waiting for webElement...existanceterminating.FrequencyPremium
2024-06-05 17:24:41 INFO  Keywords:124 - InputText is called
2024-06-05 17:24:41 INFO  Keywords:282 - Waiting for webElement...existanceterminating.AmountBeingExchanged
2024-06-05 17:24:51 INFO  Keywords:124 - InputText is called
2024-06-05 17:24:51 INFO  Keywords:282 - Waiting for webElement...existanceterminating.SurrenderCharge
2024-06-05 17:25:01 INFO  Keywords:124 - InputText is called
2024-06-05 17:25:01 INFO  Keywords:282 - Waiting for webElement...existanceterminating.DeathBenefit
2024-06-05 17:25:11 INFO  Keywords:124 - InputText is called
2024-06-05 17:25:11 INFO  Keywords:282 - Waiting for webElement...existanceterminating.SpecialFeatures
2024-06-05 17:25:21 INFO  Keywords:282 - Waiting for webElement...existinginsurance.longtermpolicyYes
2024-06-05 17:25:31 INFO  Keywords:124 - InputText is called
2024-06-05 17:25:31 INFO  Keywords:282 - Waiting for webElement...existinglongtermpolicy.InsuranceName
2024-06-05 17:25:41 INFO  Keywords:124 - InputText is called
2024-06-05 17:25:41 INFO  Keywords:282 - Waiting for webElement...existinglongtermpolicy.policyCertificateNumber
2024-06-05 17:25:52 INFO  Keywords:124 - InputText is called
2024-06-05 17:25:52 INFO  Keywords:282 - Waiting for webElement...existinglongtermpolicy.ProductName
2024-06-05 17:26:02 INFO  Keywords:282 - Waiting for webElement...existinglongtermpolicy.ProductType
2024-06-05 17:26:12 INFO  Keywords:124 - InputText is called
2024-06-05 17:26:12 INFO  Keywords:282 - Waiting for webElement...existinglongtermpolicy.Insured
2024-06-05 17:26:22 INFO  Keywords:124 - InputText is called
2024-06-05 17:26:22 INFO  Keywords:282 - Waiting for webElement...existinglongtermpolicy.Owner
2024-06-05 17:26:32 INFO  Keywords:124 - InputText is called
2024-06-05 17:26:32 INFO  Keywords:282 - Waiting for webElement...existinglongtermpolicy.DailyBenefit
2024-06-05 17:26:42 INFO  Keywords:124 - InputText is called
2024-06-05 17:26:42 INFO  Keywords:282 - Waiting for webElement...existinglongtermpolicy.AmountOfInsurance
2024-06-05 17:26:52 INFO  Keywords:124 - InputText is called
2024-06-05 17:26:52 INFO  Keywords:282 - Waiting for webElement...existinglongtermpolicy.benefitAmount
2024-06-05 17:27:02 INFO  Keywords:124 - InputText is called
2024-06-05 17:27:02 INFO  Keywords:282 - Waiting for webElement...existinglongtermpolicy.benefitPeriod
2024-06-05 17:27:12 INFO  Keywords:282 - Waiting for webElement...existinginsurance.longterminsuranceYes
2024-06-05 17:27:22 INFO  Keywords:124 - InputText is called
2024-06-05 17:27:22 INFO  Keywords:282 - Waiting for webElement...existinglongterminsurance.InsuranceCompany
2024-06-05 17:27:32 INFO  Keywords:124 - InputText is called
2024-06-05 17:27:32 INFO  Keywords:282 - Waiting for webElement...existinglongterminsurance.Certificate
2024-06-05 17:27:42 INFO  Keywords:124 - InputText is called
2024-06-05 17:27:42 INFO  Keywords:282 - Waiting for webElement...existinglongterminsurance.LTCBenefit
2024-06-05 17:27:53 INFO  Keywords:124 - InputText is called
2024-06-05 17:27:53 INFO  Keywords:282 - Waiting for webElement...existinglongterminsurance.IssueDate
2024-06-05 17:28:03 INFO  Keywords:124 - InputText is called
2024-06-05 17:28:03 INFO  Keywords:282 - Waiting for webElement...existinglongterminsurance.LapseDate
2024-06-05 17:28:13 INFO  Keywords:135 - ClickOnLink is called
2024-06-05 17:28:13 INFO  Keywords:282 - Waiting for webElement...next
2024-06-05 17:28:13 INFO  Keywords:285 - Element found...next
2024-06-05 17:28:35 INFO  Keywords:135 - ClickOnLink is called
2024-06-05 17:28:35 INFO  Keywords:282 - Waiting for webElement...next
2024-06-05 17:28:35 INFO  Keywords:285 - Element found...next
2024-06-05 17:28:53 INFO  Keywords:124 - InputText is called
2024-06-05 17:28:53 INFO  Keywords:282 - Waiting for webElement...additionalclientquestion.q1
2024-06-05 17:29:03 INFO  Keywords:124 - InputText is called
2024-06-05 17:29:03 INFO  Keywords:282 - Waiting for webElement...additionalclientquestion.q2
2024-06-05 17:29:14 INFO  Keywords:124 - InputText is called
2024-06-05 17:29:14 INFO  Keywords:282 - Waiting for webElement...additionalclientquestion.q3
2024-06-05 17:29:24 INFO  Keywords:124 - InputText is called
2024-06-05 17:29:24 INFO  Keywords:282 - Waiting for webElement...additionalclientquestion.q4
2024-06-05 17:29:34 INFO  Keywords:124 - InputText is called
2024-06-05 17:29:34 INFO  Keywords:282 - Waiting for webElement...additionalclientquestion.q5
2024-06-05 17:29:44 INFO  Keywords:135 - ClickOnLink is called
2024-06-05 17:29:44 INFO  Keywords:282 - Waiting for webElement...attachment
2024-06-05 17:29:44 INFO  Keywords:285 - Element found...attachment
2024-06-05 17:29:45 INFO  Keywords:282 - Waiting for webElement...attachment.documenttype
2024-06-05 17:29:45 INFO  Keywords:285 - Element found...attachment.documenttype
2024-06-05 17:29:46 INFO  Keywords:124 - InputText is called
2024-06-05 17:29:46 INFO  Keywords:282 - Waiting for webElement...attachment.choosefile
2024-06-05 17:29:46 INFO  Keywords:285 - Element found...attachment.choosefile
2024-06-05 17:29:46 INFO  Keywords:135 - ClickOnLink is called
2024-06-05 17:29:46 INFO  Keywords:282 - Waiting for webElement...attachment.upload
2024-06-05 17:29:46 INFO  Keywords:285 - Element found...attachment.upload
2024-06-05 17:31:17 INFO  Keywords:409 - switching to particular window...
2024-06-05 17:31:17 INFO  Keywords:482 - GetText is called
2024-06-05 17:31:17 INFO  Keywords:282 - Waiting for webElement...ebixTxnID
2024-06-05 17:31:17 INFO  Keywords:285 - Element found...ebixTxnID
2024-06-05 17:31:17 INFO  Keywords:486 - LinkId: 530669
2024-06-05 17:31:17 INFO  Keywords:530 - LinkId: 530669
2024-06-05 17:31:17 INFO  Keywords:482 - GetText is called
2024-06-05 17:31:17 INFO  Keywords:282 - Waiting for webElement...ebixTxnID
2024-06-05 17:31:17 INFO  Keywords:285 - Element found...ebixTxnID
2024-06-05 17:31:17 INFO  Keywords:486 - LinkId: 530669
2024-06-05 17:31:17 INFO  Keywords:135 - ClickOnLink is called
2024-06-05 17:31:17 INFO  Keywords:282 - Waiting for webElement...next
2024-06-05 17:31:17 INFO  Keywords:285 - Element found...next
2024-06-05 17:31:36 INFO  Keywords:135 - ClickOnLink is called
2024-06-05 17:31:36 INFO  Keywords:282 - Waiting for webElement...validate.button
2024-06-05 17:32:18 INFO  Keywords:135 - ClickOnLink is called
2024-06-05 17:32:18 INFO  Keywords:282 - Waiting for webElement...notification.continue
2024-06-05 17:32:44 INFO  Keywords:135 - ClickOnLink is called
2024-06-05 17:32:44 INFO  Keywords:282 - Waiting for webElement...esignature.optout
2024-06-05 17:34:24 INFO  Keywords:147 - VerifyText is called
2024-06-05 17:34:24 INFO  Keywords:282 - Waiting for webElement...WebElement
2024-06-05 17:34:24 INFO  Keywords:135 - ClickOnLink is called
2024-06-05 17:34:24 INFO  Keywords:282 - Waiting for webElement...attachment
2024-06-05 17:34:25 INFO  Keywords:285 - Element found...attachment
2024-06-05 17:34:25 INFO  Keywords:282 - Waiting for webElement...attachment.documenttype
2024-06-05 17:34:25 INFO  Keywords:285 - Element found...attachment.documenttype
2024-06-05 17:34:25 INFO  Keywords:124 - InputText is called
2024-06-05 17:34:25 INFO  Keywords:282 - Waiting for webElement...attachment.choosefile
2024-06-05 17:34:25 INFO  Keywords:285 - Element found...attachment.choosefile
2024-06-05 17:34:25 INFO  Keywords:135 - ClickOnLink is called
2024-06-05 17:34:25 INFO  Keywords:282 - Waiting for webElement...attachment.upload
2024-06-05 17:34:25 INFO  Keywords:285 - Element found...attachment.upload
2024-06-05 17:34:42 INFO  Keywords:135 - ClickOnLink is called
2024-06-05 17:34:42 INFO  Keywords:282 - Waiting for webElement...RequestSignatures
2024-06-05 17:35:08 INFO  Keywords:282 - Waiting for webElement...attachment.documenttype
2024-06-05 17:35:08 INFO  Keywords:285 - Element found...attachment.documenttype
2024-06-05 17:35:08 INFO  Keywords:124 - InputText is called
2024-06-05 17:35:08 INFO  Keywords:282 - Waiting for webElement...attachment.choosefile
2024-06-05 17:35:08 INFO  Keywords:285 - Element found...attachment.choosefile
2024-06-05 17:35:08 INFO  Keywords:135 - ClickOnLink is called
2024-06-05 17:35:08 INFO  Keywords:282 - Waiting for webElement...attachment.upload
2024-06-05 17:35:08 INFO  Keywords:285 - Element found...attachment.upload
2024-06-05 17:35:24 INFO  Keywords:135 - ClickOnLink is called
2024-06-05 17:35:24 INFO  Keywords:282 - Waiting for webElement...SubmitButton
2024-06-05 17:37:04 INFO  Keywords:428 - switching to parent window...
2024-06-05 17:37:05 INFO  Keywords:98 - Navigate is called
2024-06-05 17:37:06 INFO  Keywords:496 - ClearText is called
2024-06-05 17:37:06 INFO  Keywords:282 - Waiting for webElement...gateway.username
2024-06-05 17:37:06 INFO  Keywords:285 - Element found...gateway.username
2024-06-05 17:37:06 INFO  Keywords:500 - LinkId: 530669
2024-06-05 17:37:06 INFO  Keywords:124 - InputText is called
2024-06-05 17:37:06 INFO  Keywords:282 - Waiting for webElement...gateway.username
2024-06-05 17:37:06 INFO  Keywords:285 - Element found...gateway.username
2024-06-05 17:37:06 INFO  Keywords:496 - ClearText is called
2024-06-05 17:37:06 INFO  Keywords:282 - Waiting for webElement...gateway.password
2024-06-05 17:37:06 INFO  Keywords:285 - Element found...gateway.password
2024-06-05 17:37:06 INFO  Keywords:500 - LinkId: 530669
2024-06-05 17:37:06 INFO  Keywords:124 - InputText is called
2024-06-05 17:37:06 INFO  Keywords:282 - Waiting for webElement...gateway.password
2024-06-05 17:37:06 INFO  Keywords:285 - Element found...gateway.password
2024-06-05 17:37:06 INFO  Keywords:135 - ClickOnLink is called
2024-06-05 17:37:06 INFO  Keywords:282 - Waiting for webElement...gateway.login
2024-06-05 17:37:06 INFO  Keywords:285 - Element found...gateway.login
2024-06-05 17:37:24 INFO  Keywords:135 - ClickOnLink is called
2024-06-05 17:37:24 INFO  Keywords:282 - Waiting for webElement...management
2024-06-05 17:37:24 INFO  Keywords:285 - Element found...management
2024-06-05 17:37:24 INFO  Keywords:282 - Waiting for webElement...managementTools
2024-06-05 17:37:24 INFO  Keywords:285 - Element found...managementTools
2024-06-05 17:37:25 INFO  Keywords:135 - ClickOnLink is called
2024-06-05 17:37:25 INFO  Keywords:282 - Waiting for webElement...feedManagement
2024-06-05 17:37:25 INFO  Keywords:285 - Element found...feedManagement
2024-06-05 17:37:41 INFO  Keywords:135 - ClickOnLink is called
2024-06-05 17:37:41 INFO  Keywords:282 - Waiting for webElement...searchPanel
2024-06-05 17:37:41 INFO  Keywords:285 - Element found...searchPanel
2024-06-05 17:37:42 INFO  Keywords:282 - Waiting for webElement...selectTransactionID
2024-06-05 17:37:42 INFO  Keywords:285 - Element found...selectTransactionID
2024-06-05 17:37:42 INFO  Keywords:124 - InputText is called
2024-06-05 17:37:42 INFO  Keywords:282 - Waiting for webElement...enterTransactioID
2024-06-05 17:37:42 INFO  Keywords:285 - Element found...enterTransactioID
2024-06-05 17:37:42 INFO  Keywords:135 - ClickOnLink is called
2024-06-05 17:37:42 INFO  Keywords:282 - Waiting for webElement...searchbutton
2024-06-05 17:37:42 INFO  Keywords:285 - Element found...searchbutton
2024-06-05 17:37:58 INFO  Keywords:135 - ClickOnLink is called
2024-06-05 17:37:58 INFO  Keywords:282 - Waiting for webElement...transactionSearchmyResult
2024-06-05 17:37:58 INFO  Keywords:285 - Element found...transactionSearchmyResult
2024-06-05 17:38:15 INFO  Keywords:135 - ClickOnLink is called
2024-06-05 17:38:15 INFO  Keywords:282 - Waiting for webElement...onenotThree
2024-06-05 17:38:15 INFO  Keywords:285 - Element found...onenotThree
2024-06-05 17:38:15 INFO  Keywords:282 - Waiting for webElement...103ResponseXML
2024-06-05 17:38:57 INFO  Keywords:428 - switching to parent window...
2024-06-05 17:38:57 INFO  Keywords:98 - Navigate is called
2024-06-05 17:38:57 INFO  Keywords:496 - ClearText is called
2024-06-05 17:38:57 INFO  Keywords:282 - Waiting for webElement...gateway.username
2024-06-05 17:38:58 INFO  Keywords:285 - Element found...gateway.username
2024-06-05 17:38:58 INFO  Keywords:500 - LinkId: 530669
2024-06-05 17:38:58 INFO  Keywords:124 - InputText is called
2024-06-05 17:38:58 INFO  Keywords:282 - Waiting for webElement...gateway.username
2024-06-05 17:38:58 INFO  Keywords:285 - Element found...gateway.username
2024-06-05 17:38:58 INFO  Keywords:496 - ClearText is called
2024-06-05 17:38:58 INFO  Keywords:282 - Waiting for webElement...gateway.password
2024-06-05 17:38:58 INFO  Keywords:285 - Element found...gateway.password
2024-06-05 17:38:58 INFO  Keywords:500 - LinkId: 530669
2024-06-05 17:38:58 INFO  Keywords:124 - InputText is called
2024-06-05 17:38:58 INFO  Keywords:282 - Waiting for webElement...gateway.password
2024-06-05 17:38:58 INFO  Keywords:285 - Element found...gateway.password
2024-06-05 17:38:58 INFO  Keywords:135 - ClickOnLink is called
2024-06-05 17:38:58 INFO  Keywords:282 - Waiting for webElement...gateway.login
2024-06-05 17:38:58 INFO  Keywords:285 - Element found...gateway.login
2024-06-05 17:39:15 INFO  Keywords:135 - ClickOnLink is called
2024-06-05 17:39:15 INFO  Keywords:282 - Waiting for webElement...management
2024-06-05 17:39:15 INFO  Keywords:285 - Element found...management
2024-06-05 17:39:15 INFO  Keywords:282 - Waiting for webElement...managementTools
2024-06-05 17:39:15 INFO  Keywords:285 - Element found...managementTools
2024-06-05 17:39:16 INFO  Keywords:135 - ClickOnLink is called
2024-06-05 17:39:16 INFO  Keywords:282 - Waiting for webElement...feedManagement
2024-06-05 17:39:16 INFO  Keywords:285 - Element found...feedManagement
2024-06-05 17:39:33 INFO  Keywords:135 - ClickOnLink is called
2024-06-05 17:39:33 INFO  Keywords:282 - Waiting for webElement...searchPanel
2024-06-05 17:39:33 INFO  Keywords:285 - Element found...searchPanel
2024-06-05 17:39:33 INFO  Keywords:282 - Waiting for webElement...selectTransactionID
2024-06-05 17:39:33 INFO  Keywords:285 - Element found...selectTransactionID
2024-06-05 17:39:33 INFO  Keywords:124 - InputText is called
2024-06-05 17:39:33 INFO  Keywords:282 - Waiting for webElement...enterTransactioID
2024-06-05 17:39:33 INFO  Keywords:285 - Element found...enterTransactioID
2024-06-05 17:39:33 INFO  Keywords:135 - ClickOnLink is called
2024-06-05 17:39:33 INFO  Keywords:282 - Waiting for webElement...searchbutton
2024-06-05 17:39:33 INFO  Keywords:285 - Element found...searchbutton
2024-06-05 17:39:50 INFO  Keywords:135 - ClickOnLink is called
2024-06-05 17:39:50 INFO  Keywords:282 - Waiting for webElement...transactionSearchmyResult
2024-06-05 17:39:50 INFO  Keywords:285 - Element found...transactionSearchmyResult
2024-06-05 17:40:06 INFO  Keywords:135 - ClickOnLink is called
2024-06-05 17:40:06 INFO  Keywords:282 - Waiting for webElement...RTSMButton
2024-06-05 17:40:06 INFO  Keywords:285 - Element found...RTSMButton
2024-06-05 17:40:06 INFO  Keywords:282 - Waiting for webElement...RTSMResponseXML
