2024-10-24 11:38:08 INFO  Keywords:106 - Navigate is called
2024-10-24 11:38:10 INFO  Keywords:132 - InputText is called
2024-10-24 11:38:10 INFO  Keywords:304 - Waiting for webElement...gateway.username
2024-10-24 11:38:10 INFO  Keywords:308 - Element found...gateway.username
2024-10-24 11:38:10 INFO  Keywords:132 - InputText is called
2024-10-24 11:38:10 INFO  Keywords:304 - Waiting for webElement...gateway.password
2024-10-24 11:38:10 INFO  Keywords:308 - Element found...gateway.password
2024-10-24 11:38:10 INFO  Keywords:143 - ClickOnLink is called
2024-10-24 11:38:10 INFO  Keywords:304 - Waiting for webElement...gateway.login
2024-10-24 11:38:10 INFO  Keywords:308 - Element found...gateway.login
2024-10-24 11:38:47 INFO  Keywords:143 - ClickOnLink is called
2024-10-24 11:38:47 INFO  Keywords:304 - Waiting for webElement...postsamldata
2024-10-24 11:38:47 INFO  Keywords:308 - Element found...postsamldata
2024-10-24 11:39:03 INFO  Keywords:143 - ClickOnLink is called
2024-10-24 11:39:03 INFO  Keywords:304 - Waiting for webElement...next
2024-10-24 11:39:03 INFO  Keywords:308 - Element found...next
2024-10-24 11:39:24 INFO  Keywords:132 - InputText is called
2024-10-24 11:39:24 INFO  Keywords:304 - Waiting for webElement...policyConfiguration.insuranceamount
2024-10-24 11:39:34 INFO  Keywords:304 - Waiting for webElement...policyConfiguration.LTC
2024-10-24 11:39:54 INFO  Keywords:304 - Waiting for webElement...policyConfiguration.payors
2024-10-24 11:39:54 INFO  Keywords:308 - Element found...policyConfiguration.payors
2024-10-24 11:39:55 INFO  Keywords:304 - Waiting for webElement...policyConfiguration.purposeofpolicy
2024-10-24 11:39:55 INFO  Keywords:308 - Element found...policyConfiguration.purposeofpolicy
2024-10-24 11:39:55 INFO  Keywords:143 - ClickOnLink is called
2024-10-24 11:39:55 INFO  Keywords:304 - Waiting for webElement...next
2024-10-24 11:39:55 INFO  Keywords:308 - Element found...next
2024-10-24 11:41:30 INFO  Keywords:304 - Waiting for webElement...primaryinsured.birthcountry
2024-10-24 11:41:30 INFO  Keywords:308 - Element found...primaryinsured.birthcountry
2024-10-24 11:41:30 INFO  Keywords:304 - Waiting for webElement...primaryinsured.birthstate
2024-10-24 11:41:30 INFO  Keywords:308 - Element found...primaryinsured.birthstate
2024-10-24 11:41:31 INFO  Keywords:132 - InputText is called
2024-10-24 11:41:31 INFO  Keywords:304 - Waiting for webElement...primaryinsured.birthcity
2024-10-24 11:41:41 INFO  Keywords:143 - ClickOnLink is called
2024-10-24 11:41:41 INFO  Keywords:304 - Waiting for webElement...next
2024-10-24 11:41:41 INFO  Keywords:308 - Element found...next
2024-10-24 11:42:00 INFO  Keywords:143 - ClickOnLink is called
2024-10-24 11:42:00 INFO  Keywords:304 - Waiting for webElement...next
2024-10-24 11:42:00 INFO  Keywords:308 - Element found...next
2024-10-24 11:42:01 INFO  Keywords:304 - Waiting for webElement...naturalOwner.relationwithInsured
2024-10-24 11:42:11 INFO  Keywords:143 - ClickOnLink is called
2024-10-24 11:42:11 INFO  Keywords:304 - Waiting for webElement...next
2024-10-24 11:42:37 INFO  Keywords:304 - Waiting for webElement...financialDetails.SourceOfFundsLI
2024-10-24 11:42:47 INFO  Keywords:304 - Waiting for webElement...financialDetails.SurrenderChargeSOFLI
2024-10-24 11:42:58 INFO  Keywords:304 - Waiting for webElement...financialDetails.envisiontaking
2024-10-24 11:43:08 INFO  Keywords:304 - Waiting for webElement...financialDetails.federalfaxbracket
2024-10-24 11:43:18 INFO  Keywords:304 - Waiting for webElement...financialDetails.riskTolerance
2024-10-24 11:43:28 INFO  Keywords:304 - Waiting for webElement...financialDetails.Investmentobjectives
2024-10-24 11:43:38 INFO  Keywords:304 - Waiting for webElement...financialDetails.timehorizon
2024-10-24 11:43:48 INFO  Keywords:304 - Waiting for webElement...financialDetails.investmentexperienceFA
2024-10-24 11:43:58 INFO  Keywords:132 - InputText is called
2024-10-24 11:43:58 INFO  Keywords:304 - Waiting for webElement...financialDetails.investmentstartyear
2024-10-24 11:44:08 INFO  Keywords:132 - InputText is called
2024-10-24 11:44:08 INFO  Keywords:304 - Waiting for webElement...financialdetails.wages
2024-10-24 11:44:18 INFO  Keywords:132 - InputText is called
2024-10-24 11:44:18 INFO  Keywords:304 - Waiting for webElement...financialdetails.livingexpenses
2024-10-24 11:44:28 INFO  Keywords:132 - InputText is called
2024-10-24 11:44:28 INFO  Keywords:304 - Waiting for webElement...financialdetails.personalinvestment
2024-10-24 11:44:38 INFO  Keywords:132 - InputText is called
2024-10-24 11:44:38 INFO  Keywords:304 - Waiting for webElement...financialdetails.fixeddebtexpenses
2024-10-24 11:44:48 INFO  Keywords:132 - InputText is called
2024-10-24 11:44:48 INFO  Keywords:304 - Waiting for webElement...financialdetails.rentalincome
2024-10-24 11:44:58 INFO  Keywords:132 - InputText is called
2024-10-24 11:44:58 INFO  Keywords:304 - Waiting for webElement...financialdetails.variabledebtexpenses
2024-10-24 11:45:08 INFO  Keywords:132 - InputText is called
2024-10-24 11:45:08 INFO  Keywords:304 - Waiting for webElement...financialdetails.incomepension
2024-10-24 11:45:18 INFO  Keywords:132 - InputText is called
2024-10-24 11:45:18 INFO  Keywords:304 - Waiting for webElement...financialdetails.discretionaryexpenses
2024-10-24 11:45:28 INFO  Keywords:132 - InputText is called
2024-10-24 11:45:28 INFO  Keywords:304 - Waiting for webElement...financialdetails.socialsecurityincome
2024-10-24 11:45:38 INFO  Keywords:132 - InputText is called
2024-10-24 11:45:38 INFO  Keywords:304 - Waiting for webElement...financialdetails.otherincome
2024-10-24 11:45:49 INFO  Keywords:132 - InputText is called
2024-10-24 11:45:49 INFO  Keywords:304 - Waiting for webElement...financialdetails.bonds
2024-10-24 11:45:59 INFO  Keywords:132 - InputText is called
2024-10-24 11:45:59 INFO  Keywords:304 - Waiting for webElement...financialdetails.businessTrustRealstate
2024-10-24 11:46:09 INFO  Keywords:132 - InputText is called
2024-10-24 11:46:09 INFO  Keywords:304 - Waiting for webElement...financialdetails.retirementplan
2024-10-24 11:46:19 INFO  Keywords:132 - InputText is called
2024-10-24 11:46:19 INFO  Keywords:304 - Waiting for webElement...financialdetails.equities
2024-10-24 11:46:29 INFO  Keywords:132 - InputText is called
2024-10-24 11:46:29 INFO  Keywords:304 - Waiting for webElement...financialdetails.facevalueilfeinsurance
2024-10-24 11:46:39 INFO  Keywords:132 - InputText is called
2024-10-24 11:46:39 INFO  Keywords:304 - Waiting for webElement...financialdetails.fixedannuity
2024-10-24 11:46:49 INFO  Keywords:132 - InputText is called
2024-10-24 11:46:49 INFO  Keywords:304 - Waiting for webElement...financialdetails.indexannuity
2024-10-24 11:46:59 INFO  Keywords:132 - InputText is called
2024-10-24 11:46:59 INFO  Keywords:304 - Waiting for webElement...financialdetails.liquidnetworth
2024-10-24 11:47:09 INFO  Keywords:132 - InputText is called
2024-10-24 11:47:09 INFO  Keywords:304 - Waiting for webElement...financialdetails.mutualfund
2024-10-24 11:47:19 INFO  Keywords:132 - InputText is called
2024-10-24 11:47:19 INFO  Keywords:304 - Waiting for webElement...financialdetails.otherbrokerage
2024-10-24 11:47:29 INFO  Keywords:132 - InputText is called
2024-10-24 11:47:29 INFO  Keywords:304 - Waiting for webElement...financialdetails.policypremium
2024-10-24 11:47:39 INFO  Keywords:132 - InputText is called
2024-10-24 11:47:39 INFO  Keywords:304 - Waiting for webElement...financialdetails.variableannuity
2024-10-24 11:47:49 INFO  Keywords:132 - InputText is called
2024-10-24 11:47:49 INFO  Keywords:304 - Waiting for webElement...financialdetails.totalpremium
2024-10-24 11:47:59 INFO  Keywords:304 - Waiting for webElement...financialdetails.anticipatedchanges
2024-10-24 11:48:09 INFO  Keywords:304 - Waiting for webElement...financialdetails.nonguaranteedelement
2024-10-24 11:48:19 INFO  Keywords:304 - Waiting for webElement...financialdetails.reversemortgage
2024-10-24 11:48:29 INFO  Keywords:143 - ClickOnLink is called
2024-10-24 11:48:29 INFO  Keywords:304 - Waiting for webElement...next
2024-10-24 11:48:55 INFO  Keywords:304 - Waiting for webElement...payment.modal
2024-10-24 11:49:22 INFO  Keywords:304 - Waiting for webElement...payment.method
2024-10-24 11:49:32 INFO  Keywords:132 - InputText is called
2024-10-24 11:49:32 INFO  Keywords:304 - Waiting for webElement...payment.premium
2024-10-24 11:49:42 INFO  Keywords:143 - ClickOnLink is called
2024-10-24 11:49:42 INFO  Keywords:304 - Waiting for webElement...next
2024-10-24 11:50:08 INFO  Keywords:304 - Waiting for webElement...existinginsurance.borrowingfunds
2024-10-24 11:50:18 INFO  Keywords:304 - Waiting for webElement...existinginsurance.terminatingexistinglifepolicy
2024-10-24 11:50:28 INFO  Keywords:304 - Waiting for webElement...existinginsurance.longtermcoverage
2024-10-24 11:50:38 INFO  Keywords:304 - Waiting for webElement...existanceterminating.InsuranceCompanyName
2024-10-24 11:50:48 INFO  Keywords:132 - InputText is called
2024-10-24 11:50:48 INFO  Keywords:304 - Waiting for webElement...existanceterminating.ProductName
2024-10-24 11:50:58 INFO  Keywords:132 - InputText is called
2024-10-24 11:50:58 INFO  Keywords:304 - Waiting for webElement...existanceterminating.Insured
2024-10-24 11:51:08 INFO  Keywords:132 - InputText is called
2024-10-24 11:51:08 INFO  Keywords:304 - Waiting for webElement...existanceterminating.Owner
2024-10-24 11:51:18 INFO  Keywords:132 - InputText is called
2024-10-24 11:51:18 INFO  Keywords:304 - Waiting for webElement...existanceterminating.DateIssued
2024-10-24 11:51:28 INFO  Keywords:132 - InputText is called
2024-10-24 11:51:28 INFO  Keywords:304 - Waiting for webElement...existanceterminating.AmountOfInsurance
2024-10-24 11:51:38 INFO  Keywords:304 - Waiting for webElement...existanceterminating.ExistingInsuranceType
2024-10-24 11:51:48 INFO  Keywords:304 - Waiting for webElement...existanceterminating.ProductType
2024-10-24 11:51:58 INFO  Keywords:304 - Waiting for webElement...existanceterminating.LifeProductType
2024-10-24 11:52:08 INFO  Keywords:132 - InputText is called
2024-10-24 11:52:08 INFO  Keywords:304 - Waiting for webElement...existanceterminating.PolicyNo
2024-10-24 11:52:18 INFO  Keywords:304 - Waiting for webElement...existanceterminating.PurposeOfPolicy
2024-10-24 11:52:29 INFO  Keywords:304 - Waiting for webElement...existanceterminating.FundsNewPolicy
2024-10-24 11:52:39 INFO  Keywords:304 - Waiting for webElement...existanceterminating.ReplacingNewPolicy
2024-10-24 11:52:49 INFO  Keywords:304 - Waiting for webElement...existanceterminating.ReplacementThType
2024-10-24 11:52:59 INFO  Keywords:304 - Waiting for webElement...existance.suvivorship
2024-10-24 11:53:09 INFO  Keywords:304 - Waiting for webElement...existnace.soldSettled
2024-10-24 11:53:19 INFO  Keywords:304 - Waiting for webElement...existanceterminating.1035ThExchange
2024-10-24 11:53:29 INFO  Keywords:132 - InputText is called
2024-10-24 11:53:29 INFO  Keywords:304 - Waiting for webElement...existanceterminating.ReasonReplacement
2024-10-24 11:53:39 INFO  Keywords:132 - InputText is called
2024-10-24 11:53:39 INFO  Keywords:304 - Waiting for webElement...existanceterminating.NoOfPolicy
2024-10-24 11:53:49 INFO  Keywords:132 - InputText is called
2024-10-24 11:53:49 INFO  Keywords:304 - Waiting for webElement...existanceterminating.PremiumPayment
2024-10-24 11:53:59 INFO  Keywords:132 - InputText is called
2024-10-24 11:53:59 INFO  Keywords:304 - Waiting for webElement...existanceterminating.FrequencyPremium
2024-10-24 11:54:09 INFO  Keywords:132 - InputText is called
2024-10-24 11:54:09 INFO  Keywords:304 - Waiting for webElement...existanceterminating.AmountBeingExchanged
2024-10-24 11:54:19 INFO  Keywords:132 - InputText is called
2024-10-24 11:54:19 INFO  Keywords:304 - Waiting for webElement...existanceterminating.SurrenderCharge
2024-10-24 11:54:29 INFO  Keywords:132 - InputText is called
2024-10-24 11:54:29 INFO  Keywords:304 - Waiting for webElement...existanceterminating.DeathBenefit
2024-10-24 11:54:39 INFO  Keywords:132 - InputText is called
2024-10-24 11:54:39 INFO  Keywords:304 - Waiting for webElement...existanceterminating.SpecialFeatures
2024-10-24 11:54:49 INFO  Keywords:304 - Waiting for webElement...existinginsurance.longtermpolicyYes
2024-10-24 11:54:59 INFO  Keywords:132 - InputText is called
2024-10-24 11:54:59 INFO  Keywords:304 - Waiting for webElement...existinglongtermpolicy.InsuranceName
2024-10-24 11:55:09 INFO  Keywords:132 - InputText is called
2024-10-24 11:55:09 INFO  Keywords:304 - Waiting for webElement...existinglongtermpolicy.policyCertificateNumber
2024-10-24 11:55:20 INFO  Keywords:132 - InputText is called
2024-10-24 11:55:20 INFO  Keywords:304 - Waiting for webElement...existinglongtermpolicy.ProductName
2024-10-24 11:55:30 INFO  Keywords:304 - Waiting for webElement...existinglongtermpolicy.ProductType
2024-10-24 11:55:40 INFO  Keywords:132 - InputText is called
2024-10-24 11:55:40 INFO  Keywords:304 - Waiting for webElement...existinglongtermpolicy.Insured
2024-10-24 11:55:50 INFO  Keywords:132 - InputText is called
2024-10-24 11:55:50 INFO  Keywords:304 - Waiting for webElement...existinglongtermpolicy.Owner
2024-10-24 11:56:00 INFO  Keywords:132 - InputText is called
2024-10-24 11:56:00 INFO  Keywords:304 - Waiting for webElement...existinglongtermpolicy.DailyBenefit
2024-10-24 11:56:10 INFO  Keywords:132 - InputText is called
2024-10-24 11:56:10 INFO  Keywords:304 - Waiting for webElement...existinglongtermpolicy.AmountOfInsurance
2024-10-24 11:56:20 INFO  Keywords:132 - InputText is called
2024-10-24 11:56:20 INFO  Keywords:304 - Waiting for webElement...existinglongtermpolicy.benefitAmount
2024-10-24 11:56:30 INFO  Keywords:132 - InputText is called
2024-10-24 11:56:30 INFO  Keywords:304 - Waiting for webElement...existinglongtermpolicy.benefitPeriod
2024-10-24 11:56:40 INFO  Keywords:304 - Waiting for webElement...existinginsurance.longterminsuranceYes
2024-10-24 11:56:50 INFO  Keywords:132 - InputText is called
2024-10-24 11:56:50 INFO  Keywords:304 - Waiting for webElement...existinglongterminsurance.InsuranceCompany
2024-10-24 11:57:00 INFO  Keywords:132 - InputText is called
2024-10-24 11:57:00 INFO  Keywords:304 - Waiting for webElement...existinglongterminsurance.Certificate
2024-10-24 11:57:10 INFO  Keywords:132 - InputText is called
2024-10-24 11:57:10 INFO  Keywords:304 - Waiting for webElement...existinglongterminsurance.LTCBenefit
2024-10-24 11:57:20 INFO  Keywords:132 - InputText is called
2024-10-24 11:57:20 INFO  Keywords:304 - Waiting for webElement...existinglongterminsurance.IssueDate
2024-10-24 11:57:30 INFO  Keywords:304 - Waiting for webElement...existinglongterminsurance.LapseDate
2024-10-24 11:57:40 INFO  Keywords:304 - Waiting for webElement...existance.AgentReadNotice
