2024-07-04 11:06:36 INFO  Keywords:101 - Navigate is called
2024-07-04 11:06:38 INFO  Keywords:127 - InputText is called
2024-07-04 11:06:38 INFO  Keywords:285 - Waiting for webElement...gateway.username
2024-07-04 11:06:39 INFO  Keywords:288 - Element found...gateway.username
2024-07-04 11:06:39 INFO  Keywords:127 - InputText is called
2024-07-04 11:06:39 INFO  Keywords:285 - Waiting for webElement...gateway.password
2024-07-04 11:06:39 INFO  Keywords:288 - Element found...gateway.password
2024-07-04 11:06:39 INFO  Keywords:138 - ClickOnLink is called
2024-07-04 11:06:39 INFO  Keywords:285 - Waiting for webElement...gateway.login
2024-07-04 11:06:39 INFO  Keywords:288 - Element found...gateway.login
2024-07-04 11:07:16 INFO  Keywords:138 - ClickOnLink is called
2024-07-04 11:07:16 INFO  Keywords:285 - Waiting for webElement...postsamldata
2024-07-04 11:07:16 INFO  Keywords:288 - Element found...postsamldata
2024-07-04 11:07:32 INFO  Keywords:138 - ClickOnLink is called
2024-07-04 11:07:32 INFO  Keywords:285 - Waiting for webElement...next
2024-07-04 11:07:58 INFO  Keywords:127 - InputText is called
2024-07-04 11:07:58 INFO  Keywords:285 - Waiting for webElement...policyConfiguration.insuranceamount
2024-07-04 11:08:08 INFO  Keywords:285 - Waiting for webElement...policyConfiguration.LTC
2024-07-04 11:08:18 INFO  Keywords:285 - Waiting for webElement...policyConfiguration.Benefit
2024-07-04 11:08:29 INFO  Keywords:285 - Waiting for webElement...policyConfiguration.payors
2024-07-04 11:08:39 INFO  Keywords:285 - Waiting for webElement...policyConfiguration.purposeofpolicy
2024-07-04 11:08:49 INFO  Keywords:138 - ClickOnLink is called
2024-07-04 11:08:49 INFO  Keywords:285 - Waiting for webElement...next
2024-07-04 11:10:29 INFO  Keywords:285 - Waiting for webElement...primaryinsured.birthcountry
2024-07-04 11:10:39 INFO  Keywords:285 - Waiting for webElement...primaryinsured.birthstate
2024-07-04 11:10:49 INFO  Keywords:127 - InputText is called
2024-07-04 11:10:49 INFO  Keywords:285 - Waiting for webElement...primaryinsured.birthcity
2024-07-04 11:10:59 INFO  Keywords:138 - ClickOnLink is called
2024-07-04 11:10:59 INFO  Keywords:285 - Waiting for webElement...next
2024-07-04 11:11:25 INFO  Keywords:138 - ClickOnLink is called
2024-07-04 11:11:25 INFO  Keywords:285 - Waiting for webElement...next
2024-07-04 11:11:51 INFO  Keywords:285 - Waiting for webElement...naturalOwner.relationwithInsured
2024-07-04 11:12:01 INFO  Keywords:285 - Waiting for webElement...naturalOwner.relationwithJointInsured
2024-07-04 11:12:11 INFO  Keywords:285 - Waiting for webElement...naturalOwner.PermamentResidentCard
2024-07-04 11:12:21 INFO  Keywords:127 - InputText is called
2024-07-04 11:12:21 INFO  Keywords:285 - Waiting for webElement...naturalOwner.ResidentCardIssueDAte
2024-07-04 11:12:31 INFO  Keywords:127 - InputText is called
2024-07-04 11:12:31 INFO  Keywords:285 - Waiting for webElement...naturalOwner.ResidentCardExpireationDAte
